2026-04-24T17:44:12.284836,SDR_READ_ERROR,readStream failed,code=0
2026-04-24T17:44:12.314821,PLATEAU_CONFIRMED,Wideband signal detected,freq=107743589.74358974,bw=9.140625,hits=6
2026-04-24T17:44:12.334585,VIDEO_REJECTED,autocorr rejected video,freq=107743589.74358974,score=0.0
2026-04-24T17:44:12.349456,PLATEAU_REJECTED,Not enough hits,hits=1,required=3,freq=120000000
2026-04-24T17:44:12.386193,PLATEAU_CONFIRMED,Wideband signal detected,freq=145697191.6971917,bw=9.697265625,hits=7
2026-04-24T17:44:12.411812,VIDEO_REJECTED,autocorr rejected video,freq=145697191.6971917,score=0.0
2026-04-24T17:44:12.425450,PLATEAU_CONFIRMED,Wideband signal detected,freq=159252747.25274724,bw=9.6826171875,hits=4
2026-04-24T17:44:12.447425,VIDEO_REJECTED,autocorr rejected video,freq=159252747.25274724,score=0.0
2026-04-24T17:44:12.459913,PLATEAU_CONFIRMED,Wideband signal detected,freq=174493284.4932845,bw=6.1572265625,hits=3
2026-04-24T17:44:12.484895,VIDEO_REJECTED,autocorr rejected video,freq=174493284.4932845,score=0.0
2026-04-24T17:44:12.558443,PLATEAU_CONFIRMED,Wideband signal detected,freq=205980463.98046398,bw=5.9228515625,hits=6
2026-04-24T17:44:12.589909,VIDEO_REJECTED,autocorr rejected video,freq=205980463.98046398,score=0.0
2026-04-24T17:44:12.606386,PLATEAU_CONFIRMED,Wideband signal detected,freq=226525030.52503052,bw=5.1611328125,hits=10
2026-04-24T17:44:12.629294,VIDEO_REJECTED,autocorr rejected video,freq=226525030.52503052,score=0.0
2026-04-24T17:44:12.747596,PLATEAU_CONFIRMED,Wideband signal detected,freq=313763125.7631258,bw=4.248046875,hits=4
2026-04-24T17:44:12.768822,VIDEO_REJECTED,autocorr rejected video,freq=313763125.7631258,score=0.0
2026-04-24T17:44:12.780987,PLATEAU_REJECTED,Not enough hits,hits=2,required=3,freq=340000000
2026-04-24T17:44:12.866271,PLATEAU_REJECTED,Not enough hits,hits=2,required=3,freq=400000000
2026-04-24T17:44:13.581591,PLATEAU_CONFIRMED,Wideband signal detected,freq=481990231.990232,bw=7.83203125,hits=8
2026-04-24T17:44:13.781484,VIDEO_REJECTED,autocorr rejected video,freq=481990231.990232,score=0.0
2026-04-24T17:44:14.042000,PLATEAU_CONFIRMED,Wideband signal detected,freq=502000000.0,bw=7.8125,hits=10
2026-04-24T17:44:14.050722,VIDEO_REJECTED,autocorr rejected video,freq=502000000.0,score=0.0
2026-04-24T17:44:14.272011,PLATEAU_CONFIRMED,Wideband signal detected,freq=528053724.05372405,bw=3.896484375,hits=8
2026-04-24T17:44:14.428379,VIDEO_REJECTED,autocorr rejected video,freq=528053724.05372405,score=0.0
2026-04-24T17:44:14.653830,PLATEAU_CONFIRMED,Wideband signal detected,freq=540000000.0,bw=3.9013671875,hits=10
2026-04-24T17:44:14.848177,VIDEO_REJECTED,autocorr rejected video,freq=540000000.0,score=0.0
2026-04-24T17:44:14.902748,PLATEAU_CONFIRMED,Wideband signal detected,freq=563340659.3406594,bw=9.560546875,hits=10
2026-04-24T17:44:14.983067,VIDEO_REJECTED,autocorr rejected video,freq=563340659.3406594,score=0.0
2026-04-24T17:44:15.036207,PLATEAU_CONFIRMED,Wideband signal detected,freq=587863247.8632479,bw=4.8779296875,hits=10
2026-04-24T17:44:15.066842,VIDEO_REJECTED,autocorr rejected video,freq=587863247.8632479,score=0.0
2026-04-24T17:44:15.082592,PLATEAU_CONFIRMED,Wideband signal detected,freq=602739926.7399267,bw=5.7080078125,hits=4
2026-04-24T17:44:15.176367,VIDEO_REJECTED,autocorr rejected video,freq=602739926.7399267,score=0.0
2026-04-24T17:44:15.366041,PLATEAU_CONFIRMED,Wideband signal detected,freq=625663003.6630037,bw=7.8125,hits=8
2026-04-24T17:44:15.378325,VIDEO_REJECTED,autocorr rejected video,freq=625663003.6630037,score=0.0
2026-04-24T17:44:15.440656,PLATEAU_CONFIRMED,Wideband signal detected,freq=646395604.3956044,bw=6.9287109375,hits=10
2026-04-24T17:44:15.464595,VIDEO_REJECTED,autocorr rejected video,freq=646395604.3956044,score=0.0
2026-04-24T17:44:15.478213,PLATEAU_CONFIRMED,Wideband signal detected,freq=664959706.9597069,bw=7.8369140625,hits=5
2026-04-24T17:44:15.501572,VIDEO_REJECTED,autocorr rejected video,freq=664959706.9597069,score=0.0
2026-04-24T17:44:15.512156,PLATEAU_CONFIRMED,Wideband signal detected,freq=686073260.0732601,bw=4.6826171875,hits=5
2026-04-24T17:44:15.532343,VIDEO_REJECTED,autocorr rejected video,freq=686073260.0732601,score=0.0
2026-04-24T17:44:15.572372,PLATEAU_CONFIRMED,Wideband signal detected,freq=714395604.3956044,bw=3.9794921875,hits=5
2026-04-24T17:44:15.592232,VIDEO_REJECTED,autocorr rejected video,freq=714395604.3956044,score=0.0
2026-04-24T17:44:15.629946,PLATEAU_REJECTED,Not enough hits,hits=2,required=3,freq=760000000
2026-04-24T17:44:15.808856,PLATEAU_CONFIRMED,Wideband signal detected,freq=900964590.9645909,bw=4.501953125,hits=5
2026-04-24T17:44:15.829777,VIDEO_REJECTED,autocorr rejected video,freq=900964590.9645909,score=0.0
2026-04-24T17:44:16.009457,PLATEAU_REJECTED,Not enough hits,hits=1,required=3,freq=940000000
2026-04-24T17:44:16.120946,PLATEAU_CONFIRMED,Wideband signal detected,freq=973702075.7020757,bw=6.4794921875,hits=9
2026-04-24T17:44:16.140169,VIDEO_REJECTED,autocorr rejected video,freq=973702075.7020757,score=0.0
2026-04-24T17:44:16.150590,PLATEAU_REJECTED,Not enough hits,hits=1,required=3,freq=1000000000
2026-04-24T17:44:16.635204,PLATEAU_CONFIRMED,Wideband signal detected,freq=1239484737.4847374,bw=9.4140625,hits=9
2026-04-24T17:44:16.714531,VIDEO_CONFIRMED,autocorr confirmed video,freq=1239484737.4847374,score=0.9
2026-04-24T17:44:16.735695,PLATEAU_CONFIRMED,Wideband signal detected,freq=1259716727.7167277,bw=9.013671875,hits=10
2026-04-24T17:44:16.752364,VIDEO_REJECTED,autocorr rejected video,freq=1259716727.7167277,score=0.1
2026-04-24T17:44:17.011645,PLATEAU_REJECTED,Not enough hits,hits=1,required=3,freq=1460000000
2026-04-24T17:44:17.356494,PLATEAU_CONFIRMED,Wideband signal detected,freq=1718678876.6788766,bw=5.302734375,hits=7
2026-04-24T17:44:17.376540,VIDEO_REJECTED,autocorr rejected video,freq=1718678876.6788766,score=0.0
2026-04-24T17:44:17.418377,PLATEAU_REJECTED,Not enough hits,hits=1,required=3,freq=1760000000
2026-04-24T17:44:17.457006,PLATEAU_CONFIRMED,Wideband signal detected,freq=1786429792.4297924,bw=6.6259765625,hits=7
2026-04-24T17:44:17.543559,VIDEO_REJECTED,autocorr rejected video,freq=1786429792.4297924,score=0.0
2026-04-24T17:44:17.700544,PLATEAU_CONFIRMED,Wideband signal detected,freq=1806192918.1929183,bw=7.939453125,hits=10
2026-04-24T17:44:17.715420,VIDEO_REJECTED,autocorr rejected video,freq=1806192918.1929183,score=0.0
2026-04-24T17:44:18.034666,PLATEAU_CONFIRMED,Wideband signal detected,freq=1827860805.8608057,bw=4.3603515625,hits=10
2026-04-24T17:44:18.094087,VIDEO_REJECTED,autocorr rejected video,freq=1827860805.8608057,score=0.0
2026-04-24T17:44:18.110374,PLATEAU_CONFIRMED,Wideband signal detected,freq=1841062271.062271,bw=5.8935546875,hits=10
2026-04-24T17:44:18.131189,VIDEO_REJECTED,autocorr rejected video,freq=1841062271.062271,score=0.0
2026-04-24T17:44:18.146780,PLATEAU_CONFIRMED,Wideband signal detected,freq=1863831501.831502,bw=5.5810546875,hits=6
2026-04-24T17:44:18.185248,VIDEO_REJECTED,autocorr rejected video,freq=1863831501.831502,score=0.0
2026-04-24T17:44:18.218717,PLATEAU_CONFIRMED,Wideband signal detected,freq=1874888888.8888888,bw=9.70703125,hits=9
2026-04-24T17:44:18.261043,VIDEO_REJECTED,autocorr rejected video,freq=1874888888.8888888,score=0.0
2026-04-24T17:44:18.278244,PLATEAU_CONFIRMED,Wideband signal detected,freq=1894898656.8986568,bw=9.658203125,hits=10
2026-04-24T17:44:18.303693,VIDEO_REJECTED,autocorr rejected video,freq=1894898656.8986568,score=0.0
2026-04-24T17:44:18.313898,PLATEAU_REJECTED,Not enough hits,hits=2,required=3,freq=1920000000
2026-04-24T17:44:18.343785,PLATEAU_REJECTED,Not enough hits,hits=2,required=3,freq=1940000000
2026-04-24T17:44:18.375242,PLATEAU_CONFIRMED,Wideband signal detected,freq=1962000000.0,bw=6.875,hits=6
2026-04-24T17:44:18.399720,VIDEO_REJECTED,autocorr rejected video,freq=1962000000.0,score=0.0
2026-04-24T17:44:18.410135,PLATEAU_CONFIRMED,Wideband signal detected,freq=1981338217.3382173,bw=5.3125,hits=8
2026-04-24T17:44:18.429199,VIDEO_REJECTED,autocorr rejected video,freq=1981338217.3382173,score=0.0
2026-04-24T17:44:18.471138,PLATEAU_REJECTED,Not enough hits,hits=1,required=3,freq=2020000000
2026-04-24T17:44:18.502052,PLATEAU_REJECTED,Not enough hits,hits=2,required=3,freq=2040000000
2026-04-24T17:44:18.570702,PLATEAU_CONFIRMED,Wideband signal detected,freq=2055709401.7094016,bw=8.3984375,hits=8
2026-04-24T17:44:18.593371,VIDEO_REJECTED,autocorr rejected video,freq=2055709401.7094016,score=0.0
2026-04-24T17:44:18.627179,PLATEAU_CONFIRMED,Wideband signal detected,freq=2074512820.5128205,bw=5.4345703125,hits=9
2026-04-24T17:44:18.675974,VIDEO_REJECTED,autocorr rejected video,freq=2074512820.5128205,score=0.0
2026-04-24T17:44:18.736106,PLATEAU_CONFIRMED,Wideband signal detected,freq=2093006105.006105,bw=6.0107421875,hits=10
2026-04-24T17:44:18.759568,VIDEO_REJECTED,autocorr rejected video,freq=2093006105.006105,score=0.0
2026-04-24T17:44:18.776737,PLATEAU_CONFIRMED,Wideband signal detected,freq=2118586080.5860806,bw=5.6640625,hits=3
2026-04-24T17:44:18.889861,VIDEO_REJECTED,autocorr rejected video,freq=2118586080.5860806,score=0.0
2026-04-24T17:44:19.077627,PLATEAU_CONFIRMED,Wideband signal detected,freq=2144500610.5006106,bw=8.896484375,hits=10
2026-04-24T17:44:19.195494,VIDEO_REJECTED,autocorr rejected video,freq=2144500610.5006106,score=0.0
2026-04-24T17:44:19.212909,PLATEAU_CONFIRMED,Wideband signal detected,freq=2164503052.5030527,bw=8.2763671875,hits=10
2026-04-24T17:44:19.304215,VIDEO_REJECTED,autocorr rejected video,freq=2164503052.5030527,score=0.0
2026-04-24T17:44:19.470110,PLATEAU_CONFIRMED,Wideband signal detected,freq=2186332112.3321123,bw=5.9765625,hits=8
2026-04-24T17:44:19.591922,VIDEO_REJECTED,autocorr rejected video,freq=2186332112.3321123,score=0.0
2026-04-24T17:44:19.639827,PLATEAU_CONFIRMED,Wideband signal detected,freq=2206710622.710623,bw=5.72265625,hits=10
2026-04-24T17:44:19.659063,VIDEO_REJECTED,autocorr rejected video,freq=2206710622.710623,score=0.0
2026-04-24T17:44:19.844578,PLATEAU_CONFIRMED,Wideband signal detected,freq=2358014652.0146523,bw=5.2001953125,hits=3
2026-04-24T17:44:19.872688,VIDEO_REJECTED,autocorr rejected video,freq=2358014652.0146523,score=0.0
2026-04-24T17:44:19.879310,PLATEAU_CONFIRMED,Wideband signal detected,freq=2381931623.931624,bw=4.8291015625,hits=3
2026-04-24T17:44:19.923059,VIDEO_REJECTED,autocorr rejected video,freq=2381931623.931624,score=0.0
2026-04-24T17:44:20.046713,PLATEAU_CONFIRMED,Wideband signal detected,freq=2391958485.958486,bw=4.013671875,hits=8
2026-04-24T17:44:20.162713,VIDEO_REJECTED,autocorr rejected video,freq=2391958485.958486,score=0.0
2026-04-24T17:44:20.289530,PLATEAU_CONFIRMED,Wideband signal detected,freq=2411941391.941392,bw=4.208984375,hits=10
2026-04-24T17:44:20.323532,VIDEO_REJECTED,autocorr rejected video,freq=2411941391.941392,score=0.0
2026-04-24T17:44:20.361232,PLATEAU_CONFIRMED,Wideband signal detected,freq=2433196581.196581,bw=5.107421875,hits=10
2026-04-24T17:44:20.385699,VIDEO_REJECTED,autocorr rejected video,freq=2433196581.196581,score=0.0
2026-04-24T17:44:20.395336,PLATEAU_CONFIRMED,Wideband signal detected,freq=2457157509.157509,bw=6.083984375,hits=4
2026-04-24T17:44:20.412765,VIDEO_REJECTED,autocorr rejected video,freq=2457157509.157509,score=0.0
2026-04-24T17:44:20.493456,PLATEAU_CONFIRMED,Wideband signal detected,freq=2524170940.1709404,bw=7.0068359375,hits=4
2026-04-24T17:44:20.512705,VIDEO_REJECTED,autocorr rejected video,freq=2524170940.1709404,score=0.0
2026-04-24T17:44:20.597189,PLATEAU_REJECTED,Not enough hits,hits=1,required=3,freq=2600000000
2026-04-24T17:44:20.648913,PLATEAU_CONFIRMED,Wideband signal detected,freq=2612319902.3199024,bw=3.7255859375,hits=3
2026-04-24T17:44:20.675787,VIDEO_REJECTED,autocorr rejected video,freq=2612319902.3199024,score=0.0
2026-04-24T17:44:20.701951,PLATEAU_CONFIRMED,Wideband signal detected,freq=2643411477.4114776,bw=9.6240234375,hits=5
2026-04-24T17:44:20.732107,VIDEO_REJECTED,autocorr rejected video,freq=2643411477.4114776,score=0.0
2026-04-24T17:44:20.887568,PLATEAU_CONFIRMED,Wideband signal detected,freq=2652752136.7521367,bw=7.734375,hits=6
2026-04-24T17:44:21.029981,VIDEO_REJECTED,autocorr rejected video,freq=2652752136.7521367,score=0.0
2026-04-24T17:44:21.084324,PLATEAU_CONFIRMED,Wideband signal detected,freq=2672764346.7643466,bw=5.9228515625,hits=9
2026-04-24T17:44:21.101240,VIDEO_REJECTED,autocorr rejected video,freq=2672764346.7643466,score=0.0
2026-04-24T17:44:21.536734,PLATEAU_CONFIRMED,Wideband signal detected,freq=3022810744.810745,bw=7.216796875,hits=5
2026-04-24T17:44:21.558143,VIDEO_REJECTED,autocorr rejected video,freq=3022810744.810745,score=0.0
2026-04-24T17:44:21.595085,PLATEAU_REJECTED,Not enough hits,hits=1,required=3,freq=3060000000
2026-04-24T17:44:21.806658,PLATEAU_REJECTED,Not enough hits,hits=1,required=3,freq=3220000000
2026-04-24T17:44:22.110576,PLATEAU_CONFIRMED,Wideband signal detected,freq=3427025641.025641,bw=4.8388671875,hits=7
2026-04-24T17:44:22.140873,VIDEO_REJECTED,autocorr rejected video,freq=3427025641.025641,score=0.0
2026-04-24T17:44:22.177404,PLATEAU_CONFIRMED,Wideband signal detected,freq=3445152625.152625,bw=9.892578125,hits=10
2026-04-24T17:44:22.195961,VIDEO_REJECTED,autocorr rejected video,freq=3445152625.152625,score=0.0
2026-04-24T17:44:22.209822,PLATEAU_REJECTED,Not enough hits,hits=1,required=3,freq=3460000000
2026-04-24T17:44:22.251857,PLATEAU_CONFIRMED,Wideband signal detected,freq=3474791208.7912087,bw=6.0009765625,hits=8
2026-04-24T17:44:22.272690,VIDEO_REJECTED,autocorr rejected video,freq=3474791208.7912087,score=0.0
2026-04-24T17:44:22.300351,PLATEAU_CONFIRMED,Wideband signal detected,freq=3493560439.560439,bw=5.908203125,hits=6
2026-04-24T17:44:22.321004,VIDEO_REJECTED,autocorr rejected video,freq=3493560439.560439,score=0.0
2026-04-24T17:44:22.358479,PLATEAU_REJECTED,Not enough hits,hits=1,required=3,freq=3540000000
2026-04-24T17:44:22.386139,PLATEAU_CONFIRMED,Wideband signal detected,freq=3563516483.5164833,bw=5.478515625,hits=4
2026-04-24T17:44:22.409164,VIDEO_REJECTED,autocorr rejected video,freq=3563516483.5164833,score=0.0
2026-04-24T17:44:22.418495,PLATEAU_CONFIRMED,Wideband signal detected,freq=3579431013.4310136,bw=7.9052734375,hits=3
2026-04-24T17:44:22.434969,VIDEO_REJECTED,autocorr rejected video,freq=3579431013.4310136,score=0.0
2026-04-24T17:44:22.517354,PLATEAU_CONFIRMED,Wideband signal detected,freq=3607416361.4163613,bw=3.8623046875,hits=9
2026-04-24T17:44:22.567058,VIDEO_REJECTED,autocorr rejected video,freq=3607416361.4163613,score=0.0
2026-04-24T17:44:22.620751,PLATEAU_CONFIRMED,Wideband signal detected,freq=3626954822.954823,bw=7.119140625,hits=10
2026-04-24T17:44:22.656003,VIDEO_REJECTED,autocorr rejected video,freq=3626954822.954823,score=0.0
2026-04-24T17:44:22.678407,PLATEAU_CONFIRMED,Wideband signal detected,freq=3645616605.6166058,bw=7.236328125,hits=10
2026-04-24T17:44:22.705920,VIDEO_REJECTED,autocorr rejected video,freq=3645616605.6166058,score=0.0
2026-04-24T17:44:22.714185,PLATEAU_CONFIRMED,Wideband signal detected,freq=3660776556.776557,bw=6.9384765625,hits=4
2026-04-24T17:44:22.733421,VIDEO_REJECTED,autocorr rejected video,freq=3660776556.776557,score=0.0
2026-04-24T17:44:22.799357,PLATEAU_CONFIRMED,Wideband signal detected,freq=3717028083.028083,bw=9.580078125,hits=4
2026-04-24T17:44:22.820339,VIDEO_REJECTED,autocorr rejected video,freq=3717028083.028083,score=0.0
2026-04-24T17:44:22.835697,PLATEAU_CONFIRMED,Wideband signal detected,freq=3734126984.126984,bw=8.212890625,hits=5
2026-04-24T17:44:22.863421,VIDEO_REJECTED,autocorr rejected video,freq=3734126984.126984,score=0.0
2026-04-24T17:44:22.876022,PLATEAU_CONFIRMED,Wideband signal detected,freq=3756437118.4371185,bw=6.298828125,hits=3
2026-04-24T17:44:22.894494,VIDEO_REJECTED,autocorr rejected video,freq=3756437118.4371185,score=0.0
2026-04-24T17:44:22.933405,PLATEAU_REJECTED,Not enough hits,hits=1,required=3,freq=3800000000
2026-04-24T17:44:22.967355,PLATEAU_REJECTED,Not enough hits,hits=2,required=3,freq=3820000000
2026-04-24T17:44:23.002472,PLATEAU_CONFIRMED,Wideband signal detected,freq=3833621489.6214895,bw=3.447265625,hits=4
2026-04-24T17:44:23.028635,VIDEO_REJECTED,autocorr rejected video,freq=3833621489.6214895,score=0.0
2026-04-24T17:44:23.165628,PLATEAU_CONFIRMED,Wideband signal detected,freq=3933921855.921856,bw=5.0830078125,hits=7
2026-04-24T17:44:23.192317,VIDEO_REJECTED,autocorr rejected video,freq=3933921855.921856,score=0.0
2026-04-24T17:44:23.203300,PLATEAU_CONFIRMED,Wideband signal detected,freq=3953106227.106227,bw=4.0673828125,hits=5
2026-04-24T17:44:23.227329,VIDEO_REJECTED,autocorr rejected video,freq=3953106227.106227,score=0.0
2026-04-24T17:44:23.242167,PLATEAU_CONFIRMED,Wideband signal detected,freq=3987543345.5433455,bw=3.90625,hits=3
2026-04-24T17:44:23.260183,VIDEO_REJECTED,autocorr rejected video,freq=3987543345.5433455,score=0.0
2026-04-24T17:44:23.347640,PLATEAU_REJECTED,Not enough hits,hits=2,required=3,freq=4060000000
2026-04-24T17:44:23.513130,PLATEAU_CONFIRMED,Wideband signal detected,freq=4156478632.4786325,bw=8.896484375,hits=6
2026-04-24T17:44:23.537216,VIDEO_REJECTED,autocorr rejected video,freq=4156478632.4786325,score=0.0
2026-04-24T17:44:24.879602,PLATEAU_CONFIRMED,Wideband signal detected,freq=5246459096.459097,bw=2.75390625,hits=3
2026-04-24T17:44:24.898672,VIDEO_REJECTED,autocorr rejected video,freq=5246459096.459097,score=0.0
