2026-04-24T17:22:19.703394,SDR_READ_ERROR,readStream failed,code=0
2026-04-24T17:22:19.763364,ZERO_BUFFER,All samples are zero
2026-04-24T17:22:19.789014,ZERO_BUFFER,All samples are zero
2026-04-24T17:22:19.792792,PLATEAU_CONFIRMED,Wideband signal detected,freq=145833943.83394384,bw=4.9609375,hits=5
2026-04-24T17:22:19.817553,VIDEO_REJECTED,cyclo rejected video,freq=145833943.83394384,score=0
2026-04-24T17:22:19.853352,PLATEAU_REJECTED,Not enough hits,hits=1,required=3,freq=160000000
2026-04-24T17:22:19.889791,PLATEAU_CONFIRMED,Wideband signal detected,freq=176451770.45177045,bw=9.66796875,hits=8
2026-04-24T17:22:20.081297,PLATEAU_CONFIRMED,Wideband signal detected,freq=205492063.4920635,bw=6.69921875,hits=7
2026-04-24T17:22:20.082170,VIDEO_REJECTED,cyclo rejected video,freq=176451770.45177045,score=0
2026-04-24T17:22:20.125341,VIDEO_REJECTED,cyclo rejected video,freq=205492063.4920635,score=0
2026-04-24T17:22:20.129939,PLATEAU_CONFIRMED,Wideband signal detected,freq=223973137.97313797,bw=6.6943359375,hits=10
2026-04-24T17:22:20.185040,PLATEAU_CONFIRMED,Wideband signal detected,freq=246517704.51770452,bw=6.7138671875,hits=7
2026-04-24T17:22:20.185534,VIDEO_REJECTED,cyclo rejected video,freq=223973137.97313797,score=0
2026-04-24T17:22:20.220888,VIDEO_REJECTED,cyclo rejected video,freq=246517704.51770452,score=1
2026-04-24T17:22:20.225371,PLATEAU_CONFIRMED,Wideband signal detected,freq=265111111.1111111,bw=6.4892578125,hits=9
2026-04-24T17:22:20.267110,VIDEO_REJECTED,cyclo rejected video,freq=265111111.1111111,score=1
2026-04-24T17:22:20.270815,PLATEAU_CONFIRMED,Wideband signal detected,freq=283982905.982906,bw=5.6689453125,hits=6
2026-04-24T17:22:20.299618,VIDEO_REJECTED,cyclo rejected video,freq=283982905.982906,score=0
2026-04-24T17:22:20.308958,PLATEAU_CONFIRMED,Wideband signal detected,freq=293721611.72161174,bw=4.9365234375,hits=5
2026-04-24T17:22:20.336911,VIDEO_REJECTED,cyclo rejected video,freq=293721611.72161174,score=0
2026-04-24T17:22:20.344944,PLATEAU_CONFIRMED,Wideband signal detected,freq=313863247.8632479,bw=5.6103515625,hits=6
2026-04-24T17:22:20.369962,VIDEO_REJECTED,cyclo rejected video,freq=313863247.8632479,score=0
2026-04-24T17:22:20.469874,PLATEAU_CONFIRMED,Wideband signal detected,freq=393650793.6507937,bw=4.9609375,hits=6
2026-04-24T17:22:20.502424,VIDEO_REJECTED,cyclo rejected video,freq=393650793.6507937,score=0
2026-04-24T17:22:20.527282,PLATEAU_CONFIRMED,Wideband signal detected,freq=422170940.17094016,bw=4.6142578125,hits=5
2026-04-24T17:22:20.553696,VIDEO_REJECTED,cyclo rejected video,freq=422170940.17094016,score=0
2026-04-24T17:22:21.271156,PLATEAU_CONFIRMED,Wideband signal detected,freq=482004884.004884,bw=7.8955078125,hits=9
2026-04-24T17:22:21.807776,VIDEO_REJECTED,cyclo rejected video,freq=482004884.004884,score=0
2026-04-24T17:22:21.974096,PLATEAU_CONFIRMED,Wideband signal detected,freq=502004884.004884,bw=7.822265625,hits=10
2026-04-24T17:22:21.982555,VIDEO_REJECTED,cyclo rejected video,freq=502004884.004884,score=0
2026-04-24T17:22:22.212816,PLATEAU_CONFIRMED,Wideband signal detected,freq=528031746.03174603,bw=3.935546875,hits=9
2026-04-24T17:22:22.464079,VIDEO_REJECTED,cyclo rejected video,freq=528031746.03174603,score=0
2026-04-24T17:22:22.549922,PLATEAU_CONFIRMED,Wideband signal detected,freq=548026862.026862,bw=3.955078125,hits=10
2026-04-24T17:22:22.585454,VIDEO_REJECTED,cyclo rejected video,freq=548026862.026862,score=0
2026-04-24T17:22:22.819911,PLATEAU_CONFIRMED,Wideband signal detected,freq=568051282.051282,bw=3.935546875,hits=10
2026-04-24T17:22:22.841272,VIDEO_REJECTED,cyclo rejected video,freq=568051282.051282,score=0
2026-04-24T17:22:23.092333,PLATEAU_CONFIRMED,Wideband signal detected,freq=579863247.8632479,bw=4.2041015625,hits=10
2026-04-24T17:22:23.132357,VIDEO_REJECTED,cyclo rejected video,freq=579863247.8632479,score=0
2026-04-24T17:22:23.143431,PLATEAU_CONFIRMED,Wideband signal detected,freq=593765567.7655678,bw=5.8447265625,hits=3
2026-04-24T17:22:23.497148,VIDEO_REJECTED,cyclo rejected video,freq=593765567.7655678,score=1
2026-04-24T17:22:23.681068,PLATEAU_CONFIRMED,Wideband signal detected,freq=626007326.007326,bw=7.7978515625,hits=8
2026-04-24T17:22:23.962260,VIDEO_REJECTED,cyclo rejected video,freq=626007326.007326,score=0
2026-04-24T17:22:24.019964,PLATEAU_CONFIRMED,Wideband signal detected,freq=646009768.009768,bw=7.79296875,hits=10
2026-04-24T17:22:24.027569,VIDEO_REJECTED,cyclo rejected video,freq=646009768.009768,score=0
2026-04-24T17:22:24.071392,PLATEAU_CONFIRMED,Wideband signal detected,freq=664410256.4102564,bw=8.5791015625,hits=4
2026-04-24T17:22:24.102882,VIDEO_REJECTED,cyclo rejected video,freq=664410256.4102564,score=0
2026-04-24T17:22:24.107146,PLATEAU_CONFIRMED,Wideband signal detected,freq=685404151.4041514,bw=5.6103515625,hits=4
2026-04-24T17:22:24.133106,VIDEO_REJECTED,cyclo rejected video,freq=685404151.4041514,score=0
2026-04-24T17:22:24.136804,PLATEAU_REJECTED,Not enough hits,hits=1,required=3,freq=700000000
2026-04-24T17:22:24.190991,PLATEAU_CONFIRMED,Wideband signal detected,freq=738849816.8498168,bw=3.41796875,hits=3
2026-04-24T17:22:24.218096,VIDEO_REJECTED,cyclo rejected video,freq=738849816.8498168,score=0
2026-04-24T17:22:24.222089,PLATEAU_CONFIRMED,Wideband signal detected,freq=761340659.3406594,bw=5.1953125,hits=5
2026-04-24T17:22:24.242254,VIDEO_REJECTED,cyclo rejected video,freq=761340659.3406594,score=0
2026-04-24T17:22:24.327741,PLATEAU_REJECTED,Not enough hits,hits=1,required=3,freq=840000000
2026-04-24T17:22:24.474400,PLATEAU_REJECTED,Not enough hits,hits=2,required=3,freq=940000000
2026-04-24T17:22:24.520019,PLATEAU_CONFIRMED,Wideband signal detected,freq=953743589.7435898,bw=9.8193359375,hits=10
2026-04-24T17:22:24.556467,VIDEO_REJECTED,cyclo rejected video,freq=953743589.7435898,score=0
2026-04-24T17:22:24.559874,PLATEAU_CONFIRMED,Wideband signal detected,freq=972100122.1001221,bw=6.552734375,hits=9
2026-04-24T17:22:24.581511,VIDEO_REJECTED,cyclo rejected video,freq=972100122.1001221,score=0
2026-04-24T17:22:24.827233,PLATEAU_CONFIRMED,Wideband signal detected,freq=1181677655.6776557,bw=3.61328125,hits=3
2026-04-24T17:22:24.853626,VIDEO_REJECTED,cyclo rejected video,freq=1181677655.6776557,score=0
2026-04-24T17:22:24.911139,PLATEAU_CONFIRMED,Wideband signal detected,freq=1213208791.2087913,bw=6.5966796875,hits=6
2026-04-24T17:22:25.047196,VIDEO_REJECTED,cyclo rejected video,freq=1213208791.2087913,score=1
2026-04-24T17:22:25.212533,PLATEAU_CONFIRMED,Wideband signal detected,freq=1239726495.7264957,bw=9.2529296875,hits=8
2026-04-24T17:22:25.264470,VIDEO_CONFIRMED,cyclo confirmed video,freq=1239726495.7264957,score=6
2026-04-24T17:22:25.283320,PLATEAU_CONFIRMED,Wideband signal detected,freq=1262275946.2759461,bw=9.3505859375,hits=10
2026-04-24T17:22:25.316747,VIDEO_REJECTED,cyclo rejected video,freq=1262275946.2759461,score=2
2026-04-24T17:22:25.968056,PLATEAU_CONFIRMED,Wideband signal detected,freq=1675147741.147741,bw=5.8544921875,hits=8
2026-04-24T17:22:26.000773,VIDEO_REJECTED,cyclo rejected video,freq=1675147741.147741,score=0
2026-04-24T17:22:26.132269,PLATEAU_REJECTED,Not enough hits,hits=1,required=3,freq=1780000000
2026-04-24T17:22:26.230168,PLATEAU_CONFIRMED,Wideband signal detected,freq=1807211233.2112331,bw=9.580078125,hits=4
2026-04-24T17:22:26.473554,VIDEO_REJECTED,cyclo rejected video,freq=1807211233.2112331,score=0
2026-04-24T17:22:26.513220,PLATEAU_CONFIRMED,Wideband signal detected,freq=1827728937.7289376,bw=4.619140625,hits=10
2026-04-24T17:22:26.585003,PLATEAU_CONFIRMED,Wideband signal detected,freq=1834197802.197802,bw=7.34375,hits=10
2026-04-24T17:22:26.585294,VIDEO_REJECTED,cyclo rejected video,freq=1827728937.7289376,score=0
2026-04-24T17:22:26.650264,PLATEAU_CONFIRMED,Wideband signal detected,freq=1859956043.956044,bw=5.947265625,hits=4
2026-04-24T17:22:26.650681,VIDEO_REJECTED,cyclo rejected video,freq=1834197802.197802,score=0
2026-04-24T17:22:26.698319,VIDEO_REJECTED,cyclo rejected video,freq=1859956043.956044,score=2
2026-04-24T17:22:26.705605,PLATEAU_CONFIRMED,Wideband signal detected,freq=1875330891.3308911,bw=8.8818359375,hits=8
2026-04-24T17:22:26.742443,VIDEO_REJECTED,cyclo rejected video,freq=1875330891.3308911,score=0
2026-04-24T17:22:26.748760,PLATEAU_CONFIRMED,Wideband signal detected,freq=1896090354.0903542,bw=9.140625,hits=8
2026-04-24T17:22:26.772652,VIDEO_REJECTED,cyclo rejected video,freq=1896090354.0903542,score=0
2026-04-24T17:22:26.808484,PLATEAU_CONFIRMED,Wideband signal detected,freq=1935494505.4945054,bw=4.8291015625,hits=4
2026-04-24T17:22:26.846082,VIDEO_REJECTED,cyclo rejected video,freq=1935494505.4945054,score=0
2026-04-24T17:22:26.849881,PLATEAU_CONFIRMED,Wideband signal detected,freq=1956070818.0708182,bw=7.3193359375,hits=8
2026-04-24T17:22:26.878555,VIDEO_REJECTED,cyclo rejected video,freq=1956070818.0708182,score=0
2026-04-24T17:22:26.959946,PLATEAU_REJECTED,Not enough hits,hits=1,required=3,freq=2040000000
2026-04-24T17:22:27.019878,PLATEAU_REJECTED,Not enough hits,hits=2,required=3,freq=2080000000
2026-04-24T17:22:27.050730,PLATEAU_REJECTED,Not enough hits,hits=1,required=3,freq=2100000000
2026-04-24T17:22:27.363568,PLATEAU_CONFIRMED,Wideband signal detected,freq=2144854700.854701,bw=9.23828125,hits=8
2026-04-24T17:22:27.475572,PLATEAU_CONFIRMED,Wideband signal detected,freq=2164420024.4200244,bw=9.1259765625,hits=10
2026-04-24T17:22:27.475912,VIDEO_REJECTED,cyclo rejected video,freq=2144854700.854701,score=0
2026-04-24T17:22:27.596721,PLATEAU_CONFIRMED,Wideband signal detected,freq=2186913308.913309,bw=5.5712890625,hits=7
2026-04-24T17:22:27.597013,VIDEO_REJECTED,cyclo rejected video,freq=2164420024.4200244,score=0
2026-04-24T17:22:27.632282,VIDEO_REJECTED,cyclo rejected video,freq=2186913308.913309,score=0
2026-04-24T17:22:27.638123,PLATEAU_CONFIRMED,Wideband signal detected,freq=2207328449.3284492,bw=3.26171875,hits=4
2026-04-24T17:22:27.663227,VIDEO_REJECTED,cyclo rejected video,freq=2207328449.3284492,score=0
2026-04-24T17:22:27.890161,PLATEAU_CONFIRMED,Wideband signal detected,freq=2365658119.6581197,bw=7.1630859375,hits=3
2026-04-24T17:22:27.937423,PLATEAU_CONFIRMED,Wideband signal detected,freq=2378043956.043956,bw=5.2099609375,hits=6
2026-04-24T17:22:27.938034,VIDEO_REJECTED,cyclo rejected video,freq=2365658119.6581197,score=0
2026-04-24T17:22:28.153655,VIDEO_REJECTED,cyclo rejected video,freq=2378043956.043956,score=0
2026-04-24T17:22:28.200294,PLATEAU_CONFIRMED,Wideband signal detected,freq=2407255189.2551894,bw=5.986328125,hits=9
2026-04-24T17:22:28.390564,VIDEO_REJECTED,cyclo rejected video,freq=2407255189.2551894,score=1
2026-04-24T17:22:28.405746,PLATEAU_CONFIRMED,Wideband signal detected,freq=2412056166.056166,bw=4.1552734375,hits=10
2026-04-24T17:22:28.429038,VIDEO_REJECTED,cyclo rejected video,freq=2412056166.056166,score=0
2026-04-24T17:22:28.470901,PLATEAU_CONFIRMED,Wideband signal detected,freq=2451963369.96337,bw=3.212890625,hits=5
2026-04-24T17:22:28.669197,PLATEAU_CONFIRMED,Wideband signal detected,freq=2472036630.03663,bw=4.755859375,hits=7
2026-04-24T17:22:28.669135,VIDEO_REJECTED,cyclo rejected video,freq=2451963369.96337,score=0
2026-04-24T17:22:28.727452,VIDEO_REJECTED,cyclo rejected video,freq=2472036630.03663,score=3
2026-04-24T17:22:28.731238,PLATEAU_CONFIRMED,Wideband signal detected,freq=2499557997.5579977,bw=6.416015625,hits=10
2026-04-24T17:22:28.755842,VIDEO_REJECTED,cyclo rejected video,freq=2499557997.5579977,score=1
2026-04-24T17:22:28.841279,PLATEAU_REJECTED,Not enough hits,hits=1,required=3,freq=2580000000
2026-04-24T17:22:28.870568,PLATEAU_CONFIRMED,Wideband signal detected,freq=2598993894.993895,bw=7.890625,hits=4
2026-04-24T17:22:28.923620,VIDEO_REJECTED,cyclo rejected video,freq=2598993894.993895,score=0
2026-04-24T17:22:28.954096,PLATEAU_CONFIRMED,Wideband signal detected,freq=2612608058.6080585,bw=4.833984375,hits=7
2026-04-24T17:22:28.979773,VIDEO_REJECTED,cyclo rejected video,freq=2612608058.6080585,score=0
2026-04-24T17:22:28.987975,PLATEAU_CONFIRMED,Wideband signal detected,freq=2643455433.4554334,bw=4.306640625,hits=4
2026-04-24T17:22:29.095512,VIDEO_REJECTED,cyclo rejected video,freq=2643455433.4554334,score=0
2026-04-24T17:22:29.123746,PLATEAU_CONFIRMED,Wideband signal detected,freq=2652451770.4517703,bw=8.759765625,hits=7
2026-04-24T17:22:29.176394,PLATEAU_CONFIRMED,Wideband signal detected,freq=2672334554.334554,bw=2.939453125,hits=4
2026-04-24T17:22:29.176634,VIDEO_REJECTED,cyclo rejected video,freq=2652451770.4517703,score=0
2026-04-24T17:22:29.200421,VIDEO_REJECTED,cyclo rejected video,freq=2672334554.334554,score=0
2026-04-24T17:22:29.645891,PLATEAU_CONFIRMED,Wideband signal detected,freq=3040315018.315018,bw=6.6552734375,hits=3
2026-04-24T17:22:29.669702,VIDEO_REJECTED,cyclo rejected video,freq=3040315018.315018,score=0
2026-04-24T17:22:29.676393,PLATEAU_REJECTED,Not enough hits,hits=1,required=3,freq=3060000000
2026-04-24T17:22:30.157329,PLATEAU_CONFIRMED,Wideband signal detected,freq=3427025641.025641,bw=4.1748046875,hits=4
2026-04-24T17:22:30.211036,VIDEO_REJECTED,cyclo rejected video,freq=3427025641.025641,score=0
2026-04-24T17:22:30.221699,PLATEAU_CONFIRMED,Wideband signal detected,freq=3447152625.152625,bw=7.8759765625,hits=8
2026-04-24T17:22:30.259810,VIDEO_REJECTED,cyclo rejected video,freq=3447152625.152625,score=0
2026-04-24T17:22:30.265877,PLATEAU_CONFIRMED,Wideband signal detected,freq=3466927960.9279613,bw=6.7236328125,hits=10
2026-04-24T17:22:30.309811,PLATEAU_CONFIRMED,Wideband signal detected,freq=3479645909.64591,bw=9.4091796875,hits=7
2026-04-24T17:22:30.310007,VIDEO_REJECTED,cyclo rejected video,freq=3466927960.9279613,score=0
2026-04-24T17:22:30.342982,VIDEO_REJECTED,cyclo rejected video,freq=3479645909.64591,score=0
2026-04-24T17:22:30.358951,PLATEAU_CONFIRMED,Wideband signal detected,freq=3493343101.3431015,bw=6.25,hits=6
2026-04-24T17:22:30.389664,VIDEO_REJECTED,cyclo rejected video,freq=3493343101.3431015,score=0
2026-04-24T17:22:30.398277,PLATEAU_CONFIRMED,Wideband signal detected,freq=3523714285.714286,bw=7.841796875,hits=7
2026-04-24T17:22:30.420526,VIDEO_REJECTED,cyclo rejected video,freq=3523714285.714286,score=0
2026-04-24T17:22:30.539045,PLATEAU_REJECTED,Not enough hits,hits=1,required=3,freq=3620000000
2026-04-24T17:22:30.725791,PLATEAU_CONFIRMED,Wideband signal detected,freq=3757848595.8485956,bw=7.3876953125,hits=3
2026-04-24T17:22:30.747534,VIDEO_REJECTED,cyclo rejected video,freq=3757848595.8485956,score=0
2026-04-24T17:22:30.813371,PLATEAU_REJECTED,Not enough hits,hits=1,required=3,freq=3820000000
2026-04-24T17:22:30.868641,PLATEAU_REJECTED,Not enough hits,hits=1,required=3,freq=3860000000
2026-04-24T17:22:30.986267,PLATEAU_CONFIRMED,Wideband signal detected,freq=3943982905.982906,bw=7.01171875,hits=7
2026-04-24T17:22:31.011792,VIDEO_REJECTED,cyclo rejected video,freq=3943982905.982906,score=0
2026-04-24T17:22:31.117823,PLATEAU_REJECTED,Not enough hits,hits=1,required=3,freq=4040000000
2026-04-24T17:22:31.276002,PLATEAU_REJECTED,Not enough hits,hits=1,required=3,freq=4160000000
2026-04-24T17:22:32.462194,PLATEAU_REJECTED,Not enough hits,hits=1,required=3,freq=5080000000
