2026-04-24T17:46:14.699078,SDR_READ_ERROR,readStream failed,code=0
2026-04-24T17:46:14.742360,PLATEAU_CONFIRMED,Wideband signal detected,freq=105025641.02564102,bw=7.8369140625,hits=8
2026-04-24T17:46:14.785079,HARMONIC_RESULT,Harmonic classification result,freq=105025641.02564102,confirmed=False,confirmed_harmonics=0,required=3,hit_counts={1: 1, 2: 1, 3: 0, 4: 0},total_buffers=10
2026-04-24T17:46:14.785164,VIDEO_REJECTED,harmonic rejected video,freq=105025641.02564102,score=0
2026-04-24T17:46:14.793321,PLATEAU_CONFIRMED,Wideband signal detected,freq=126043956.04395604,bw=8.955078125,hits=10
2026-04-24T17:46:14.826062,HARMONIC_RESULT,Harmonic classification result,freq=126043956.04395604,confirmed=False,confirmed_harmonics=0,required=3,hit_counts={1: 0, 2: 0, 3: 1, 4: 0},total_buffers=10
2026-04-24T17:46:14.826216,VIDEO_REJECTED,harmonic rejected video,freq=126043956.04395604,score=0
2026-04-24T17:46:14.851961,PLATEAU_REJECTED,Not enough hits,hits=1,required=3,freq=160000000
2026-04-24T17:46:14.987668,PLATEAU_CONFIRMED,Wideband signal detected,freq=246290598.29059827,bw=7.16796875,hits=6
2026-04-24T17:46:15.020001,HARMONIC_RESULT,Harmonic classification result,freq=246290598.29059827,confirmed=False,confirmed_harmonics=0,required=3,hit_counts={1: 0, 2: 0, 3: 0, 4: 0},total_buffers=10
2026-04-24T17:46:15.020067,VIDEO_REJECTED,harmonic rejected video,freq=246290598.29059827,score=0
2026-04-24T17:46:15.025978,PLATEAU_CONFIRMED,Wideband signal detected,freq=266390720.3907204,bw=3.2763671875,hits=4
2026-04-24T17:46:15.058587,HARMONIC_RESULT,Harmonic classification result,freq=266390720.3907204,confirmed=False,confirmed_harmonics=0,required=3,hit_counts={1: 1, 2: 0, 3: 0, 4: 2},total_buffers=10
2026-04-24T17:46:15.058700,VIDEO_REJECTED,harmonic rejected video,freq=266390720.3907204,score=0
2026-04-24T17:46:15.090685,PLATEAU_CONFIRMED,Wideband signal detected,freq=294693528.6935287,bw=5.9228515625,hits=5
2026-04-24T17:46:15.123478,HARMONIC_RESULT,Harmonic classification result,freq=294693528.6935287,confirmed=False,confirmed_harmonics=0,required=3,hit_counts={1: 1, 2: 0, 3: 0, 4: 1},total_buffers=10
2026-04-24T17:46:15.123550,VIDEO_REJECTED,harmonic rejected video,freq=294693528.6935287,score=0
2026-04-24T17:46:15.132809,PLATEAU_CONFIRMED,Wideband signal detected,freq=313658119.6581197,bw=4.98046875,hits=5
2026-04-24T17:46:15.166546,HARMONIC_RESULT,Harmonic classification result,freq=313658119.6581197,confirmed=False,confirmed_harmonics=0,required=3,hit_counts={1: 0, 2: 0, 3: 0, 4: 0},total_buffers=10
2026-04-24T17:46:15.166603,VIDEO_REJECTED,harmonic rejected video,freq=313658119.6581197,score=0
2026-04-24T17:46:15.190600,PLATEAU_REJECTED,Not enough hits,hits=1,required=3,freq=360000000
2026-04-24T17:46:15.253511,PLATEAU_CONFIRMED,Wideband signal detected,freq=393877899.8778999,bw=5.9423828125,hits=4
2026-04-24T17:46:15.280168,HARMONIC_RESULT,Harmonic classification result,freq=393877899.8778999,confirmed=False,confirmed_harmonics=0,required=3,hit_counts={1: 0, 2: 0, 3: 0, 4: 0},total_buffers=10
2026-04-24T17:46:15.280266,VIDEO_REJECTED,harmonic rejected video,freq=393877899.8778999,score=0
2026-04-24T17:46:15.497229,PLATEAU_CONFIRMED,Wideband signal detected,freq=566507936.5079365,bw=5.3759765625,hits=3
2026-04-24T17:46:15.533087,PLATEAU_CONFIRMED,Wideband signal detected,freq=585106227.1062272,bw=5.166015625,hits=5
2026-04-24T17:46:15.533217,HARMONIC_RESULT,Harmonic classification result,freq=566507936.5079365,confirmed=False,confirmed_harmonics=0,required=3,hit_counts={1: 0, 2: 0, 3: 0, 4: 0},total_buffers=10
2026-04-24T17:46:15.533355,VIDEO_REJECTED,harmonic rejected video,freq=566507936.5079365,score=0
2026-04-24T17:46:15.566425,PLATEAU_REJECTED,Not enough hits,hits=1,required=3,freq=600000000
2026-04-24T17:46:15.567086,HARMONIC_RESULT,Harmonic classification result,freq=585106227.1062272,confirmed=False,confirmed_harmonics=0,required=3,hit_counts={1: 1, 2: 0, 3: 0, 4: 0},total_buffers=10
2026-04-24T17:46:15.567150,VIDEO_REJECTED,harmonic rejected video,freq=585106227.1062272,score=0
2026-04-24T17:46:15.600147,PLATEAU_CONFIRMED,Wideband signal detected,freq=616666666.6666666,bw=7.9248046875,hits=3
2026-04-24T17:46:15.636333,PLATEAU_CONFIRMED,Wideband signal detected,freq=639626373.6263736,bw=6.064453125,hits=4
2026-04-24T17:46:15.636733,HARMONIC_RESULT,Harmonic classification result,freq=616666666.6666666,confirmed=False,confirmed_harmonics=0,required=3,hit_counts={1: 0, 2: 1, 3: 0, 4: 0},total_buffers=10
2026-04-24T17:46:15.636781,VIDEO_REJECTED,harmonic rejected video,freq=616666666.6666666,score=0
2026-04-24T17:46:15.673101,PLATEAU_CONFIRMED,Wideband signal detected,freq=664476190.4761904,bw=7.568359375,hits=5
2026-04-24T17:46:15.673934,HARMONIC_RESULT,Harmonic classification result,freq=639626373.6263736,confirmed=False,confirmed_harmonics=0,required=3,hit_counts={1: 0, 2: 0, 3: 0, 4: 0},total_buffers=10
2026-04-24T17:46:15.673989,VIDEO_REJECTED,harmonic rejected video,freq=639626373.6263736,score=0
2026-04-24T17:46:15.711806,PLATEAU_CONFIRMED,Wideband signal detected,freq=684014652.014652,bw=7.9052734375,hits=8
2026-04-24T17:46:15.715261,HARMONIC_RESULT,Harmonic classification result,freq=664476190.4761904,confirmed=False,confirmed_harmonics=0,required=3,hit_counts={1: 0, 2: 0, 3: 0, 4: 0},total_buffers=10
2026-04-24T17:46:15.715332,VIDEO_REJECTED,harmonic rejected video,freq=664476190.4761904,score=0
2026-04-24T17:46:15.749985,HARMONIC_RESULT,Harmonic classification result,freq=684014652.014652,confirmed=False,confirmed_harmonics=0,required=3,hit_counts={1: 0, 2: 0, 3: 0, 4: 0},total_buffers=10
2026-04-24T17:46:15.750140,VIDEO_REJECTED,harmonic rejected video,freq=684014652.014652,score=0
2026-04-24T17:46:15.773403,PLATEAU_CONFIRMED,Wideband signal detected,freq=724354090.3540903,bw=6.1279296875,hits=3
2026-04-24T17:46:15.805426,HARMONIC_RESULT,Harmonic classification result,freq=724354090.3540903,confirmed=False,confirmed_harmonics=0,required=3,hit_counts={1: 0, 2: 0, 3: 0, 4: 0},total_buffers=10
2026-04-24T17:46:15.805499,VIDEO_REJECTED,harmonic rejected video,freq=724354090.3540903,score=0
2026-04-24T17:46:15.834825,PLATEAU_CONFIRMED,Wideband signal detected,freq=763318681.3186814,bw=2.9833984375,hits=7
2026-04-24T17:46:15.865821,PLATEAU_REJECTED,Not enough hits,hits=1,required=3,freq=780000000
2026-04-24T17:46:15.866529,HARMONIC_RESULT,Harmonic classification result,freq=763318681.3186814,confirmed=False,confirmed_harmonics=0,required=3,hit_counts={1: 0, 2: 0, 3: 0, 4: 0},total_buffers=10
2026-04-24T17:46:15.866605,VIDEO_REJECTED,harmonic rejected video,freq=763318681.3186814,score=0
2026-04-24T17:46:16.103370,PLATEAU_CONFIRMED,Wideband signal detected,freq=939684981.6849817,bw=8.896484375,hits=5
2026-04-24T17:46:16.144661,PLATEAU_REJECTED,Not enough hits,hits=2,required=3,freq=960000000
2026-04-24T17:46:16.144816,HARMONIC_RESULT,Harmonic classification result,freq=939684981.6849817,confirmed=False,confirmed_harmonics=0,required=3,hit_counts={1: 0, 2: 1, 3: 0, 4: 0},total_buffers=10
2026-04-24T17:46:16.144872,VIDEO_REJECTED,harmonic rejected video,freq=939684981.6849817,score=0
2026-04-24T17:46:16.412007,PLATEAU_REJECTED,Not enough hits,hits=1,required=3,freq=1160000000
2026-04-24T17:46:16.768237,PLATEAU_CONFIRMED,Wideband signal detected,freq=1392652014.6520147,bw=5.3125,hits=7
2026-04-24T17:46:16.801086,PLATEAU_REJECTED,Not enough hits,hits=2,required=3,freq=1420000000
2026-04-24T17:46:16.801979,HARMONIC_RESULT,Harmonic classification result,freq=1392652014.6520147,confirmed=False,confirmed_harmonics=0,required=3,hit_counts={1: 0, 2: 0, 3: 0, 4: 0},total_buffers=10
2026-04-24T17:46:16.802046,VIDEO_REJECTED,harmonic rejected video,freq=1392652014.6520147,score=0
2026-04-24T17:46:16.885724,PLATEAU_REJECTED,Not enough hits,hits=1,required=3,freq=1480000000
2026-04-24T17:46:17.150640,PLATEAU_CONFIRMED,Wideband signal detected,freq=1673990231.990232,bw=4.794921875,hits=3
2026-04-24T17:46:17.181940,HARMONIC_RESULT,Harmonic classification result,freq=1673990231.990232,confirmed=False,confirmed_harmonics=0,required=3,hit_counts={1: 0, 2: 0, 3: 0, 4: 0},total_buffers=10
2026-04-24T17:46:17.183455,VIDEO_REJECTED,harmonic rejected video,freq=1673990231.990232,score=0
2026-04-24T17:46:17.574511,PLATEAU_CONFIRMED,Wideband signal detected,freq=1807836385.8363857,bw=4.3701171875,hits=8
2026-04-24T17:46:17.842362,PLATEAU_CONFIRMED,Wideband signal detected,freq=1827924297.9242978,bw=4.326171875,hits=10
2026-04-24T17:46:17.842944,HARMONIC_RESULT,Harmonic classification result,freq=1807836385.8363857,confirmed=False,confirmed_harmonics=0,required=3,hit_counts={1: 2, 2: 2, 3: 1, 4: 1},total_buffers=10
2026-04-24T17:46:17.843047,VIDEO_REJECTED,harmonic rejected video,freq=1807836385.8363857,score=0
2026-04-24T17:46:17.898865,PLATEAU_CONFIRMED,Wideband signal detected,freq=1834087912.087912,bw=7.822265625,hits=9
2026-04-24T17:46:17.902247,HARMONIC_RESULT,Harmonic classification result,freq=1827924297.9242978,confirmed=False,confirmed_harmonics=0,required=3,hit_counts={1: 0, 2: 0, 3: 0, 4: 1},total_buffers=10
2026-04-24T17:46:17.902327,VIDEO_REJECTED,harmonic rejected video,freq=1827924297.9242978,score=0
2026-04-24T17:46:17.933594,PLATEAU_CONFIRMED,Wideband signal detected,freq=1860835164.835165,bw=4.1015625,hits=4
2026-04-24T17:46:17.948702,HARMONIC_RESULT,Harmonic classification result,freq=1834087912.087912,confirmed=False,confirmed_harmonics=0,required=3,hit_counts={1: 1, 2: 0, 3: 0, 4: 1},total_buffers=10
2026-04-24T17:46:17.948785,VIDEO_REJECTED,harmonic rejected video,freq=1834087912.087912,score=0
2026-04-24T17:46:17.986686,PLATEAU_CONFIRMED,Wideband signal detected,freq=1875191697.1916971,bw=7.51953125,hits=8
2026-04-24T17:46:18.003905,HARMONIC_RESULT,Harmonic classification result,freq=1860835164.835165,confirmed=False,confirmed_harmonics=0,required=3,hit_counts={1: 2, 2: 0, 3: 2, 4: 0},total_buffers=10
2026-04-24T17:46:18.003966,VIDEO_REJECTED,harmonic rejected video,freq=1860835164.835165,score=0
2026-04-24T17:46:18.025171,PLATEAU_CONFIRMED,Wideband signal detected,freq=1895396825.3968253,bw=6.6943359375,hits=7
2026-04-24T17:46:18.037239,HARMONIC_RESULT,Harmonic classification result,freq=1875191697.1916971,confirmed=False,confirmed_harmonics=0,required=3,hit_counts={1: 0, 2: 0, 3: 0, 4: 0},total_buffers=10
2026-04-24T17:46:18.039191,VIDEO_REJECTED,harmonic rejected video,freq=1875191697.1916971,score=0
2026-04-24T17:46:18.070170,HARMONIC_RESULT,Harmonic classification result,freq=1895396825.3968253,confirmed=False,confirmed_harmonics=0,required=3,hit_counts={1: 0, 2: 0, 3: 0, 4: 0},total_buffers=10
2026-04-24T17:46:18.070304,VIDEO_REJECTED,harmonic rejected video,freq=1895396825.3968253,score=0
2026-04-24T17:46:18.317502,PLATEAU_REJECTED,Not enough hits,hits=2,required=3,freq=2120000000
2026-04-24T17:46:18.420658,PLATEAU_CONFIRMED,Wideband signal detected,freq=2144649572.6495728,bw=8.583984375,hits=8
2026-04-24T17:46:18.452533,PLATEAU_REJECTED,Not enough hits,hits=1,required=3,freq=2160000000
2026-04-24T17:46:18.456442,HARMONIC_RESULT,Harmonic classification result,freq=2144649572.6495728,confirmed=False,confirmed_harmonics=0,required=3,hit_counts={1: 2, 2: 0, 3: 0, 4: 0},total_buffers=10
2026-04-24T17:46:18.456512,VIDEO_REJECTED,harmonic rejected video,freq=2144649572.6495728,score=0
2026-04-24T17:46:18.584043,PLATEAU_CONFIRMED,Wideband signal detected,freq=2186708180.708181,bw=4.8095703125,hits=6
2026-04-24T17:46:18.696216,PLATEAU_CONFIRMED,Wideband signal detected,freq=2206996336.996337,bw=4.51171875,hits=9
2026-04-24T17:46:18.702004,HARMONIC_RESULT,Harmonic classification result,freq=2186708180.708181,confirmed=False,confirmed_harmonics=0,required=3,hit_counts={1: 0, 2: 0, 3: 0, 4: 0},total_buffers=10
2026-04-24T17:46:18.702076,VIDEO_REJECTED,harmonic rejected video,freq=2186708180.708181,score=0
2026-04-24T17:46:18.732521,HARMONIC_RESULT,Harmonic classification result,freq=2206996336.996337,confirmed=False,confirmed_harmonics=0,required=3,hit_counts={1: 0, 2: 0, 3: 0, 4: 0},total_buffers=10
2026-04-24T17:46:18.732652,VIDEO_REJECTED,harmonic rejected video,freq=2206996336.996337,score=0
2026-04-24T17:46:18.800792,PLATEAU_REJECTED,Not enough hits,hits=1,required=3,freq=2280000000
2026-04-24T17:46:18.968485,PLATEAU_REJECTED,Not enough hits,hits=2,required=3,freq=2400000000
2026-04-24T17:46:19.069047,PLATEAU_CONFIRMED,Wideband signal detected,freq=2413448107.4481072,bw=6.77734375,hits=6
2026-04-24T17:46:19.102261,PLATEAU_CONFIRMED,Wideband signal detected,freq=2432246642.246642,bw=3.4716796875,hits=5
2026-04-24T17:46:19.102812,HARMONIC_RESULT,Harmonic classification result,freq=2413448107.4481072,confirmed=False,confirmed_harmonics=0,required=3,hit_counts={1: 1, 2: 0, 3: 0, 4: 0},total_buffers=10
2026-04-24T17:46:19.102878,VIDEO_REJECTED,harmonic rejected video,freq=2413448107.4481072,score=0
2026-04-24T17:46:19.135004,PLATEAU_REJECTED,Not enough hits,hits=2,required=3,freq=2460000000
2026-04-24T17:46:19.137887,HARMONIC_RESULT,Harmonic classification result,freq=2432246642.246642,confirmed=False,confirmed_harmonics=0,required=3,hit_counts={1: 0, 2: 0, 3: 0, 4: 0},total_buffers=10
2026-04-24T17:46:19.138022,VIDEO_REJECTED,harmonic rejected video,freq=2432246642.246642,score=0
2026-04-24T17:46:19.165717,PLATEAU_REJECTED,Not enough hits,hits=2,required=3,freq=2480000000
2026-04-24T17:46:19.244111,PLATEAU_REJECTED,Not enough hits,hits=1,required=3,freq=2540000000
2026-04-24T17:46:19.408017,PLATEAU_CONFIRMED,Wideband signal detected,freq=2612266178.266178,bw=4.39453125,hits=5
2026-04-24T17:46:19.537287,PLATEAU_CONFIRMED,Wideband signal detected,freq=2635015873.015873,bw=9.0380859375,hits=10
2026-04-24T17:46:19.543264,HARMONIC_RESULT,Harmonic classification result,freq=2612266178.266178,confirmed=False,confirmed_harmonics=0,required=3,hit_counts={1: 0, 2: 0, 3: 0, 4: 0},total_buffers=10
2026-04-24T17:46:19.543342,VIDEO_REJECTED,harmonic rejected video,freq=2612266178.266178,score=0
2026-04-24T17:46:19.600138,PLATEAU_CONFIRMED,Wideband signal detected,freq=2657912087.912088,bw=9.47265625,hits=5
2026-04-24T17:46:19.641499,HARMONIC_RESULT,Harmonic classification result,freq=2635015873.015873,confirmed=False,confirmed_harmonics=0,required=3,hit_counts={1: 1, 2: 0, 3: 1, 4: 1},total_buffers=10
2026-04-24T17:46:19.660035,VIDEO_REJECTED,harmonic rejected video,freq=2635015873.015873,score=0
2026-04-24T17:46:19.725097,PLATEAU_CONFIRMED,Wideband signal detected,freq=2672244200.2442,bw=4.3603515625,hits=8
2026-04-24T17:46:19.736901,HARMONIC_RESULT,Harmonic classification result,freq=2657912087.912088,confirmed=False,confirmed_harmonics=0,required=3,hit_counts={1: 2, 2: 1, 3: 2, 4: 0},total_buffers=10
2026-04-24T17:46:19.736939,VIDEO_REJECTED,harmonic rejected video,freq=2657912087.912088,score=0
2026-04-24T17:46:19.765207,HARMONIC_RESULT,Harmonic classification result,freq=2672244200.2442,confirmed=False,confirmed_harmonics=0,required=3,hit_counts={1: 0, 2: 0, 3: 0, 4: 0},total_buffers=10
2026-04-24T17:46:19.765268,VIDEO_REJECTED,harmonic rejected video,freq=2672244200.2442,score=0
2026-04-24T17:46:20.319647,PLATEAU_CONFIRMED,Wideband signal detected,freq=3136310134.3101344,bw=8.22265625,hits=7
2026-04-24T17:46:20.362522,HARMONIC_RESULT,Harmonic classification result,freq=3136310134.3101344,confirmed=False,confirmed_harmonics=0,required=3,hit_counts={1: 1, 2: 0, 3: 0, 4: 0},total_buffers=10
2026-04-24T17:46:20.362656,PLATEAU_CONFIRMED,Wideband signal detected,freq=3167050061.050061,bw=4.9951171875,hits=3
2026-04-24T17:46:20.362695,VIDEO_REJECTED,harmonic rejected video,freq=3136310134.3101344,score=0
2026-04-24T17:46:20.394687,PLATEAU_REJECTED,Not enough hits,hits=2,required=3,freq=3180000000
2026-04-24T17:46:20.395406,HARMONIC_RESULT,Harmonic classification result,freq=3167050061.050061,confirmed=False,confirmed_harmonics=0,required=3,hit_counts={1: 0, 2: 0, 3: 0, 4: 0},total_buffers=10
2026-04-24T17:46:20.395479,VIDEO_REJECTED,harmonic rejected video,freq=3167050061.050061,score=0
2026-04-24T17:46:20.645980,PLATEAU_CONFIRMED,Wideband signal detected,freq=3366661782.6617827,bw=4.4775390625,hits=6
2026-04-24T17:46:20.681335,PLATEAU_CONFIRMED,Wideband signal detected,freq=3382312576.3125763,bw=8.5546875,hits=4
2026-04-24T17:46:20.684417,HARMONIC_RESULT,Harmonic classification result,freq=3366661782.6617827,confirmed=False,confirmed_harmonics=0,required=3,hit_counts={1: 0, 2: 0, 3: 0, 4: 0},total_buffers=10
2026-04-24T17:46:20.684479,VIDEO_REJECTED,harmonic rejected video,freq=3366661782.6617827,score=0
2026-04-24T17:46:20.712845,PLATEAU_REJECTED,Not enough hits,hits=1,required=3,freq=3400000000
2026-04-24T17:46:20.722447,HARMONIC_RESULT,Harmonic classification result,freq=3382312576.3125763,confirmed=False,confirmed_harmonics=0,required=3,hit_counts={1: 0, 2: 0, 3: 0, 4: 0},total_buffers=10
2026-04-24T17:46:20.722517,VIDEO_REJECTED,harmonic rejected video,freq=3382312576.3125763,score=0
2026-04-24T17:46:20.747609,PLATEAU_CONFIRMED,Wideband signal detected,freq=3413958485.9584856,bw=5.966796875,hits=4
2026-04-24T17:46:20.782951,HARMONIC_RESULT,Harmonic classification result,freq=3413958485.9584856,confirmed=False,confirmed_harmonics=0,required=3,hit_counts={1: 0, 2: 0, 3: 0, 4: 0},total_buffers=10
2026-04-24T17:46:20.783040,VIDEO_REJECTED,harmonic rejected video,freq=3413958485.9584856,score=0
2026-04-24T17:46:20.808904,PLATEAU_REJECTED,Not enough hits,hits=1,required=3,freq=3460000000
2026-04-24T17:46:21.550678,PLATEAU_REJECTED,Not enough hits,hits=1,required=3,freq=4040000000
2026-04-24T17:46:21.889837,PLATEAU_CONFIRMED,Wideband signal detected,freq=4157467643.4676433,bw=8.9892578125,hits=7
2026-04-24T17:46:21.901019,HARMONIC_RESULT,Harmonic classification result,freq=4157467643.4676433,confirmed=False,confirmed_harmonics=0,required=3,hit_counts={1: 0, 2: 0, 3: 0, 4: 0},total_buffers=10
2026-04-24T17:46:21.901052,VIDEO_REJECTED,harmonic rejected video,freq=4157467643.4676433,score=0
2026-04-24T17:46:21.947688,PLATEAU_CONFIRMED,Wideband signal detected,freq=4176842490.8424907,bw=7.392578125,hits=7
2026-04-24T17:46:21.978582,HARMONIC_RESULT,Harmonic classification result,freq=4176842490.8424907,confirmed=False,confirmed_harmonics=0,required=3,hit_counts={1: 0, 2: 0, 3: 0, 4: 0},total_buffers=10
2026-04-24T17:46:21.978661,VIDEO_REJECTED,harmonic rejected video,freq=4176842490.8424907,score=0
2026-04-24T17:46:23.009618,PLATEAU_CONFIRMED,Wideband signal detected,freq=5021789987.789988,bw=7.3974609375,hits=4
2026-04-24T17:46:23.037796,HARMONIC_RESULT,Harmonic classification result,freq=5021789987.789988,confirmed=False,confirmed_harmonics=0,required=3,hit_counts={1: 0, 2: 0, 3: 0, 4: 0},total_buffers=10
2026-04-24T17:46:23.037842,VIDEO_REJECTED,harmonic rejected video,freq=5021789987.789988,score=0
2026-04-24T17:46:23.098602,PLATEAU_REJECTED,Not enough hits,hits=1,required=3,freq=5080000000
2026-04-24T17:46:24.093642,PLATEAU_CONFIRMED,Wideband signal detected,freq=5839177045.177046,bw=5.1025390625,hits=8
2026-04-24T17:46:24.132138,PLATEAU_CONFIRMED,Wideband signal detected,freq=5859347985.347986,bw=3.2568359375,hits=8
2026-04-24T17:46:24.132679,HARMONIC_RESULT,Harmonic classification result,freq=5839177045.177046,confirmed=True,confirmed_harmonics=4,required=3,hit_counts={1: 7, 2: 6, 3: 5, 4: 4},total_buffers=10
2026-04-24T17:46:24.132925,VIDEO_CONFIRMED,harmonic confirmed video,freq=5839177045.177046,score=4
2026-04-24T17:46:24.164445,HARMONIC_RESULT,Harmonic classification result,freq=5859347985.347986,confirmed=False,confirmed_harmonics=0,required=3,hit_counts={1: 0, 2: 1, 3: 1, 4: 0},total_buffers=10
