2026-04-24T17:42:31.580992,SDR_READ_ERROR,readStream failed,code=0
2026-04-24T17:42:31.615560,PLATEAU_CONFIRMED,Wideband signal detected,freq=103377289.37728938,bw=5.5615234375,hits=9
2026-04-24T17:42:31.635978,VIDEO_REJECTED,autocorr rejected video,freq=103377289.37728938,score=0.0
2026-04-24T17:42:31.649053,ZERO_BUFFER,All samples are zero
2026-04-24T17:42:31.676665,ZERO_BUFFER,All samples are zero
2026-04-24T17:42:31.680392,PLATEAU_CONFIRMED,Wideband signal detected,freq=144583638.58363858,bw=7.3193359375,hits=5
2026-04-24T17:42:31.704735,VIDEO_REJECTED,autocorr rejected video,freq=144583638.58363858,score=0.0
2026-04-24T17:42:31.762948,PLATEAU_CONFIRMED,Wideband signal detected,freq=155152625.15262514,bw=9.755859375,hits=4
2026-04-24T17:42:31.791873,VIDEO_REJECTED,autocorr rejected video,freq=155152625.15262514,score=0.0
2026-04-24T17:42:31.801547,PLATEAU_CONFIRMED,Wideband signal detected,freq=173706959.70695972,bw=7.2509765625,hits=8
2026-04-24T17:42:31.884891,VIDEO_REJECTED,autocorr rejected video,freq=173706959.70695972,score=0.0
2026-04-24T17:42:31.996121,PLATEAU_CONFIRMED,Wideband signal detected,freq=205460317.46031746,bw=6.6845703125,hits=8
2026-04-24T17:42:32.011374,VIDEO_REJECTED,autocorr rejected video,freq=205460317.46031746,score=0.0
2026-04-24T17:42:32.083344,PLATEAU_CONFIRMED,Wideband signal detected,freq=225487179.4871795,bw=6.5380859375,hits=10
2026-04-24T17:42:32.118955,VIDEO_REJECTED,autocorr rejected video,freq=225487179.4871795,score=0.0
2026-04-24T17:42:32.158790,PLATEAU_CONFIRMED,Wideband signal detected,freq=246019536.01953602,bw=7.880859375,hits=6
2026-04-24T17:42:32.192224,VIDEO_REJECTED,autocorr rejected video,freq=246019536.01953602,score=0.0
2026-04-24T17:42:32.206371,PLATEAU_CONFIRMED,Wideband signal detected,freq=265501831.5018315,bw=5.478515625,hits=9
2026-04-24T17:42:32.227094,VIDEO_REJECTED,autocorr rejected video,freq=265501831.5018315,score=0.0
2026-04-24T17:42:32.241131,PLATEAU_REJECTED,Not enough hits,hits=2,required=3,freq=280000000
2026-04-24T17:42:32.273524,PLATEAU_CONFIRMED,Wideband signal detected,freq=293269841.2698413,bw=4.9951171875,hits=4
2026-04-24T17:42:32.297370,VIDEO_REJECTED,autocorr rejected video,freq=293269841.2698413,score=0.0
2026-04-24T17:42:32.309896,PLATEAU_CONFIRMED,Wideband signal detected,freq=326869352.8693529,bw=3.544921875,hits=3
2026-04-24T17:42:32.335526,VIDEO_REJECTED,autocorr rejected video,freq=326869352.8693529,score=0.0
2026-04-24T17:42:32.433229,PLATEAU_REJECTED,Not enough hits,hits=1,required=3,freq=400000000
2026-04-24T17:42:33.168317,PLATEAU_CONFIRMED,Wideband signal detected,freq=481995115.995116,bw=7.83203125,hits=9
2026-04-24T17:42:33.433448,VIDEO_REJECTED,autocorr rejected video,freq=481995115.995116,score=0.0
2026-04-24T17:42:33.887055,PLATEAU_CONFIRMED,Wideband signal detected,freq=501995115.995116,bw=7.83203125,hits=10
2026-04-24T17:42:33.897403,VIDEO_REJECTED,autocorr rejected video,freq=501995115.995116,score=0.0
2026-04-24T17:42:34.124216,PLATEAU_CONFIRMED,Wideband signal detected,freq=528036630.03663003,bw=3.9501953125,hits=8
2026-04-24T17:42:34.226608,VIDEO_REJECTED,autocorr rejected video,freq=528036630.03663003,score=0.0
2026-04-24T17:42:34.379133,PLATEAU_CONFIRMED,Wideband signal detected,freq=540000000.0,bw=3.90625,hits=10
2026-04-24T17:42:34.394858,VIDEO_REJECTED,autocorr rejected video,freq=540000000.0,score=0.0
2026-04-24T17:42:34.647942,PLATEAU_CONFIRMED,Wideband signal detected,freq=551948717.948718,bw=3.916015625,hits=10
2026-04-24T17:42:34.708936,VIDEO_REJECTED,autocorr rejected video,freq=551948717.948718,score=0.0
2026-04-24T17:42:34.887936,PLATEAU_CONFIRMED,Wideband signal detected,freq=587936507.9365079,bw=5.5419921875,hits=10
2026-04-24T17:42:34.897298,VIDEO_REJECTED,autocorr rejected video,freq=587936507.9365079,score=0.0
2026-04-24T17:42:34.945632,PLATEAU_CONFIRMED,Wideband signal detected,freq=596471306.4713064,bw=8.7060546875,hits=4
2026-04-24T17:42:35.043010,VIDEO_REJECTED,autocorr rejected video,freq=596471306.4713064,score=0.0
2026-04-24T17:42:35.437148,PLATEAU_CONFIRMED,Wideband signal detected,freq=626004884.004884,bw=7.7978515625,hits=7
2026-04-24T17:42:35.578740,VIDEO_REJECTED,autocorr rejected video,freq=626004884.004884,score=0.0
2026-04-24T17:42:35.699001,PLATEAU_CONFIRMED,Wideband signal detected,freq=646004884.004884,bw=7.8173828125,hits=10
2026-04-24T17:42:35.707493,VIDEO_REJECTED,autocorr rejected video,freq=646004884.004884,score=0.0
2026-04-24T17:42:35.748818,PLATEAU_CONFIRMED,Wideband signal detected,freq=667719169.7191697,bw=9.697265625,hits=9
2026-04-24T17:42:35.776293,VIDEO_REJECTED,autocorr rejected video,freq=667719169.7191697,score=0.0
2026-04-24T17:42:35.783358,PLATEAU_CONFIRMED,Wideband signal detected,freq=681753357.7533578,bw=8.330078125,hits=4
2026-04-24T17:42:35.803015,VIDEO_REJECTED,autocorr rejected video,freq=681753357.7533578,score=0.0
2026-04-24T17:42:35.866657,PLATEAU_CONFIRMED,Wideband signal detected,freq=741306471.3064713,bw=8.0810546875,hits=3
2026-04-24T17:42:35.888679,VIDEO_REJECTED,autocorr rejected video,freq=741306471.3064713,score=0.0
2026-04-24T17:42:35.897608,PLATEAU_REJECTED,Not enough hits,hits=1,required=3,freq=760000000
2026-04-24T17:42:35.925695,PLATEAU_CONFIRMED,Wideband signal detected,freq=781208791.2087913,bw=2.9248046875,hits=3
2026-04-24T17:42:35.944608,VIDEO_REJECTED,autocorr rejected video,freq=781208791.2087913,score=0.0
2026-04-24T17:42:36.164276,PLATEAU_REJECTED,Not enough hits,hits=2,required=3,freq=940000000
2026-04-24T17:42:36.210803,PLATEAU_CONFIRMED,Wideband signal detected,freq=953704517.7045177,bw=6.5625,hits=6
2026-04-24T17:42:36.240133,VIDEO_REJECTED,autocorr rejected video,freq=953704517.7045177,score=0.0
2026-04-24T17:42:36.249126,PLATEAU_CONFIRMED,Wideband signal detected,freq=972124542.1245421,bw=6.083984375,hits=7
2026-04-24T17:42:36.268823,VIDEO_REJECTED,autocorr rejected video,freq=972124542.1245421,score=0.0
2026-04-24T17:42:36.583693,PLATEAU_CONFIRMED,Wideband signal detected,freq=1211528693.5286934,bw=3.115234375,hits=5
2026-04-24T17:42:36.620917,VIDEO_REJECTED,autocorr rejected video,freq=1211528693.5286934,score=0.2
2026-04-24T17:42:36.697796,PLATEAU_CONFIRMED,Wideband signal detected,freq=1238896214.896215,bw=7.5439453125,hits=10
2026-04-24T17:42:36.743122,VIDEO_CONFIRMED,autocorr confirmed video,freq=1238896214.896215,score=0.9
2026-04-24T17:42:36.770280,PLATEAU_CONFIRMED,Wideband signal detected,freq=1258493284.4932845,bw=6.669921875,hits=6
2026-04-24T17:42:36.795665,VIDEO_REJECTED,autocorr rejected video,freq=1258493284.4932845,score=0.2
2026-04-24T17:42:36.807424,PLATEAU_REJECTED,Not enough hits,hits=2,required=3,freq=1280000000
2026-04-24T17:42:37.271102,PLATEAU_CONFIRMED,Wideband signal detected,freq=1641367521.3675213,bw=8.0224609375,hits=8
2026-04-24T17:42:37.293698,VIDEO_REJECTED,autocorr rejected video,freq=1641367521.3675213,score=0.0
2026-04-24T17:42:37.437185,PLATEAU_CONFIRMED,Wideband signal detected,freq=1767362637.3626373,bw=3.349609375,hits=4
2026-04-24T17:42:37.471473,VIDEO_REJECTED,autocorr rejected video,freq=1767362637.3626373,score=0.0
2026-04-24T17:42:37.524013,PLATEAU_CONFIRMED,Wideband signal detected,freq=1786625152.6251526,bw=6.8310546875,hits=10
2026-04-24T17:42:37.567972,VIDEO_REJECTED,autocorr rejected video,freq=1786625152.6251526,score=0.0
2026-04-24T17:42:37.637513,PLATEAU_CONFIRMED,Wideband signal detected,freq=1805623931.6239316,bw=9.6728515625,hits=10
2026-04-24T17:42:37.758978,VIDEO_REJECTED,autocorr rejected video,freq=1805623931.6239316,score=0.0
2026-04-24T17:42:37.924188,PLATEAU_CONFIRMED,Wideband signal detected,freq=1827770451.7704515,bw=8.955078125,hits=10
2026-04-24T17:42:38.023071,VIDEO_REJECTED,autocorr rejected video,freq=1827770451.7704515,score=0.0
2026-04-24T17:42:38.051816,PLATEAU_CONFIRMED,Wideband signal detected,freq=1847919413.9194138,bw=9.931640625,hits=7
2026-04-24T17:42:38.080839,VIDEO_REJECTED,autocorr rejected video,freq=1847919413.9194138,score=0.0
2026-04-24T17:42:38.105097,PLATEAU_CONFIRMED,Wideband signal detected,freq=1855267399.2673993,bw=7.48046875,hits=8
2026-04-24T17:42:38.147289,VIDEO_REJECTED,autocorr rejected video,freq=1855267399.2673993,score=0.0
2026-04-24T17:42:38.181567,PLATEAU_CONFIRMED,Wideband signal detected,freq=1875943833.9438338,bw=9.0576171875,hits=8
2026-04-24T17:42:38.213219,VIDEO_REJECTED,autocorr rejected video,freq=1875943833.9438338,score=0.0
2026-04-24T17:42:38.229169,PLATEAU_CONFIRMED,Wideband signal detected,freq=1895445665.4456654,bw=8.154296875,hits=10
2026-04-24T17:42:38.250749,VIDEO_REJECTED,autocorr rejected video,freq=1895445665.4456654,score=0.0
2026-04-24T17:42:38.262618,PLATEAU_REJECTED,Not enough hits,hits=2,required=3,freq=1920000000
2026-04-24T17:42:38.298621,PLATEAU_CONFIRMED,Wideband signal detected,freq=1934620268.6202686,bw=5.458984375,hits=9
2026-04-24T17:42:38.332679,VIDEO_REJECTED,autocorr rejected video,freq=1934620268.6202686,score=0.0
2026-04-24T17:42:38.344983,PLATEAU_CONFIRMED,Wideband signal detected,freq=1956344322.3443224,bw=9.8291015625,hits=10
2026-04-24T17:42:38.367893,VIDEO_REJECTED,autocorr rejected video,freq=1956344322.3443224,score=0.0
2026-04-24T17:42:38.412181,PLATEAU_CONFIRMED,Wideband signal detected,freq=1995272283.272283,bw=6.4892578125,hits=4
2026-04-24T17:42:38.433548,VIDEO_REJECTED,autocorr rejected video,freq=1995272283.272283,score=0.0
2026-04-24T17:42:38.452229,PLATEAU_CONFIRMED,Wideband signal detected,freq=2016322344.3223443,bw=8.3984375,hits=6
2026-04-24T17:42:38.479860,VIDEO_REJECTED,autocorr rejected video,freq=2016322344.3223443,score=0.0
2026-04-24T17:42:38.493665,PLATEAU_CONFIRMED,Wideband signal detected,freq=2039792429.7924297,bw=5.1171875,hits=5
2026-04-24T17:42:38.518437,VIDEO_REJECTED,autocorr rejected video,freq=2039792429.7924297,score=0.0
2026-04-24T17:42:38.538743,PLATEAU_CONFIRMED,Wideband signal detected,freq=2055543345.5433455,bw=8.173828125,hits=9
2026-04-24T17:42:38.559810,VIDEO_REJECTED,autocorr rejected video,freq=2055543345.5433455,score=0.0
2026-04-24T17:42:38.578378,PLATEAU_CONFIRMED,Wideband signal detected,freq=2074937728.937729,bw=5.91796875,hits=5
2026-04-24T17:42:38.604004,VIDEO_REJECTED,autocorr rejected video,freq=2074937728.937729,score=0.0
2026-04-24T17:42:38.630261,PLATEAU_CONFIRMED,Wideband signal detected,freq=2093677655.6776557,bw=4.951171875,hits=10
2026-04-24T17:42:38.650773,VIDEO_REJECTED,autocorr rejected video,freq=2093677655.6776557,score=0.0
2026-04-24T17:42:38.986794,PLATEAU_CONFIRMED,Wideband signal detected,freq=2144913308.913309,bw=9.208984375,hits=8
2026-04-24T17:42:39.121053,VIDEO_REJECTED,autocorr rejected video,freq=2144913308.913309,score=0.0
2026-04-24T17:42:39.152758,PLATEAU_CONFIRMED,Wideband signal detected,freq=2164617826.6178265,bw=9.6435546875,hits=9
2026-04-24T17:42:39.231400,VIDEO_REJECTED,autocorr rejected video,freq=2164617826.6178265,score=0.0
2026-04-24T17:42:39.387241,PLATEAU_CONFIRMED,Wideband signal detected,freq=2186547008.5470085,bw=5.91796875,hits=9
2026-04-24T17:42:39.471691,VIDEO_REJECTED,autocorr rejected video,freq=2186547008.5470085,score=0.0
2026-04-24T17:42:39.493910,PLATEAU_CONFIRMED,Wideband signal detected,freq=2206976800.976801,bw=4.3994140625,hits=7
2026-04-24T17:42:39.511931,VIDEO_REJECTED,autocorr rejected video,freq=2206976800.976801,score=0.0
2026-04-24T17:42:39.734750,PLATEAU_REJECTED,Not enough hits,hits=1,required=3,freq=2360000000
2026-04-24T17:42:39.768708,PLATEAU_CONFIRMED,Wideband signal detected,freq=2381277167.2771673,bw=8.642578125,hits=4
2026-04-24T17:42:39.850845,VIDEO_REJECTED,autocorr rejected video,freq=2381277167.2771673,score=0.0
2026-04-24T17:42:39.987054,PLATEAU_CONFIRMED,Wideband signal detected,freq=2391943833.943834,bw=4.62890625,hits=7
2026-04-24T17:42:39.995933,VIDEO_REJECTED,autocorr rejected video,freq=2391943833.943834,score=0.0
2026-04-24T17:42:40.036004,PLATEAU_REJECTED,Not enough hits,hits=2,required=3,freq=2420000000
2026-04-24T17:42:40.090331,PLATEAU_REJECTED,Not enough hits,hits=2,required=3,freq=2460000000
2026-04-24T17:42:40.206791,PLATEAU_CONFIRMED,Wideband signal detected,freq=2479472527.4725275,bw=7.2021484375,hits=6
2026-04-24T17:42:40.257748,VIDEO_CONFIRMED,autocorr confirmed video,freq=2479472527.4725275,score=0.9
2026-04-24T17:42:40.604225,PLATEAU_CONFIRMED,Wideband signal detected,freq=2612998778.998779,bw=5.4931640625,hits=7
2026-04-24T17:42:40.671771,VIDEO_REJECTED,autocorr rejected video,freq=2612998778.998779,score=0.0
2026-04-24T17:42:40.691390,PLATEAU_CONFIRMED,Wideband signal detected,freq=2632754578.7545786,bw=9.5703125,hits=9
2026-04-24T17:42:40.757542,VIDEO_REJECTED,autocorr rejected video,freq=2632754578.7545786,score=0.0
2026-04-24T17:42:40.893829,PLATEAU_CONFIRMED,Wideband signal detected,freq=2652305250.30525,bw=8.759765625,hits=10
2026-04-24T17:42:40.916685,VIDEO_REJECTED,autocorr rejected video,freq=2652305250.30525,score=0.0
2026-04-24T17:42:40.924652,PLATEAU_CONFIRMED,Wideband signal detected,freq=2681208791.2087913,bw=3.1787109375,hits=4
2026-04-24T17:42:40.944096,VIDEO_REJECTED,autocorr rejected video,freq=2681208791.2087913,score=0.0
2026-04-24T17:42:41.356083,PLATEAU_REJECTED,Not enough hits,hits=1,required=3,freq=3020000000
2026-04-24T17:42:41.719309,PLATEAU_CONFIRMED,Wideband signal detected,freq=3272644688.6446886,bw=5.224609375,hits=6
2026-04-24T17:42:41.741476,VIDEO_REJECTED,autocorr rejected video,freq=3272644688.6446886,score=0.0
2026-04-24T17:42:41.757227,PLATEAU_CONFIRMED,Wideband signal detected,freq=3293189255.189255,bw=4.9462890625,hits=7
2026-04-24T17:42:41.775951,VIDEO_REJECTED,autocorr rejected video,freq=3293189255.189255,score=0.0
2026-04-24T17:42:41.952146,PLATEAU_CONFIRMED,Wideband signal detected,freq=3427372405.3724055,bw=5.2587890625,hits=5
2026-04-24T17:42:41.988242,VIDEO_REJECTED,autocorr rejected video,freq=3427372405.3724055,score=0.0
2026-04-24T17:42:42.014876,PLATEAU_CONFIRMED,Wideband signal detected,freq=3443965811.9658117,bw=9.7998046875,hits=6
2026-04-24T17:42:42.040700,VIDEO_REJECTED,autocorr rejected video,freq=3443965811.9658117,score=0.0
2026-04-24T17:42:42.057663,PLATEAU_CONFIRMED,Wideband signal detected,freq=3463076923.0769234,bw=9.326171875,hits=10
2026-04-24T17:42:42.076271,VIDEO_REJECTED,autocorr rejected video,freq=3463076923.0769234,score=0.0
2026-04-24T17:42:42.102466,PLATEAU_CONFIRMED,Wideband signal detected,freq=3476813186.8131866,bw=9.35546875,hits=3
2026-04-24T17:42:42.127793,VIDEO_REJECTED,autocorr rejected video,freq=3476813186.8131866,score=0.0
2026-04-24T17:42:42.147406,PLATEAU_CONFIRMED,Wideband signal detected,freq=3493741147.7411475,bw=5.400390625,hits=5
2026-04-24T17:42:42.172580,VIDEO_REJECTED,autocorr rejected video,freq=3493741147.7411475,score=0.0
2026-04-24T17:42:42.243238,PLATEAU_CONFIRMED,Wideband signal detected,freq=3561814407.814408,bw=6.865234375,hits=3
2026-04-24T17:42:42.267969,VIDEO_REJECTED,autocorr rejected video,freq=3561814407.814408,score=0.0
2026-04-24T17:42:42.281363,PLATEAU_CONFIRMED,Wideband signal detected,freq=3575553113.5531135,bw=6.865234375,hits=7
2026-04-24T17:42:42.302305,VIDEO_REJECTED,autocorr rejected video,freq=3575553113.5531135,score=0.0
2026-04-24T17:42:42.313893,PLATEAU_REJECTED,Not enough hits,hits=1,required=3,freq=3600000000
2026-04-24T17:42:42.347362,PLATEAU_CONFIRMED,Wideband signal detected,freq=3625531135.5311356,bw=4.94140625,hits=3
2026-04-24T17:42:42.365493,VIDEO_REJECTED,autocorr rejected video,freq=3625531135.5311356,score=0.0
2026-04-24T17:42:42.381890,PLATEAU_CONFIRMED,Wideband signal detected,freq=3643372405.372405,bw=7.7587890625,hits=4
2026-04-24T17:42:42.400269,VIDEO_REJECTED,autocorr rejected video,freq=3643372405.372405,score=0.0
2026-04-24T17:42:42.555947,PLATEAU_CONFIRMED,Wideband signal detected,freq=3761365079.3650794,bw=9.6240234375,hits=3
2026-04-24T17:42:42.582254,VIDEO_REJECTED,autocorr rejected video,freq=3761365079.3650794,score=0.0
2026-04-24T17:42:42.678485,PLATEAU_CONFIRMED,Wideband signal detected,freq=3815699633.6996336,bw=8.193359375,hits=10
2026-04-24T17:42:42.706718,VIDEO_REJECTED,autocorr rejected video,freq=3815699633.6996336,score=0.0
2026-04-24T17:42:42.851544,PLATEAU_CONFIRMED,Wideband signal detected,freq=3935611721.6117215,bw=6.4013671875,hits=5
2026-04-24T17:42:42.872694,VIDEO_REJECTED,autocorr rejected video,freq=3935611721.6117215,score=0.0
2026-04-24T17:42:42.883977,PLATEAU_REJECTED,Not enough hits,hits=1,required=3,freq=3960000000
2026-04-24T17:42:42.988321,PLATEAU_REJECTED,Not enough hits,hits=2,required=3,freq=4040000000
2026-04-24T17:42:43.283314,PLATEAU_REJECTED,Not enough hits,hits=1,required=3,freq=4260000000
2026-04-24T17:42:43.311112,PLATEAU_REJECTED,Not enough hits,hits=1,required=3,freq=4280000000
2026-04-24T17:42:44.382989,PLATEAU_REJECTED,Not enough hits,hits=1,required=3,freq=5120000000
