2026-04-24T17:22:48.802842,SDR_READ_ERROR,readStream failed,code=0
2026-04-24T17:22:48.840949,PLATEAU_CONFIRMED,Wideband signal detected,freq=103680097.68009768,bw=6.2841796875,hits=9
2026-04-24T17:22:48.866092,VIDEO_REJECTED,cyclo rejected video,freq=103680097.68009768,score=0
2026-04-24T17:22:48.876377,PLATEAU_CONFIRMED,Wideband signal detected,freq=124041514.04151404,bw=6.162109375,hits=6
2026-04-24T17:22:48.879675,ZERO_BUFFER,All samples are zero
2026-04-24T17:22:48.897665,VIDEO_REJECTED,cyclo rejected video,freq=124041514.04151404,score=0
2026-04-24T17:22:48.907567,ZERO_BUFFER,All samples are zero
2026-04-24T17:22:48.911584,PLATEAU_REJECTED,Not enough hits,hits=2,required=3,freq=140000000
2026-04-24T17:22:48.974131,PLATEAU_REJECTED,Not enough hits,hits=1,required=3,freq=160000000
2026-04-24T17:22:49.008582,PLATEAU_CONFIRMED,Wideband signal detected,freq=175396825.3968254,bw=9.609375,hits=9
2026-04-24T17:22:49.101117,VIDEO_REJECTED,cyclo rejected video,freq=175396825.3968254,score=0
2026-04-24T17:22:49.200641,PLATEAU_CONFIRMED,Wideband signal detected,freq=205421245.42124543,bw=6.708984375,hits=8
2026-04-24T17:22:49.264637,PLATEAU_CONFIRMED,Wideband signal detected,freq=224717948.71794873,bw=7.0166015625,hits=10
2026-04-24T17:22:49.264719,VIDEO_REJECTED,cyclo rejected video,freq=205421245.42124543,score=0
2026-04-24T17:22:49.302899,VIDEO_REJECTED,cyclo rejected video,freq=224717948.71794873,score=0
2026-04-24T17:22:49.316789,PLATEAU_CONFIRMED,Wideband signal detected,freq=241975579.97557998,bw=9.8095703125,hits=5
2026-04-24T17:22:49.343360,VIDEO_REJECTED,cyclo rejected video,freq=241975579.97557998,score=1
2026-04-24T17:22:49.361508,PLATEAU_CONFIRMED,Wideband signal detected,freq=265115995.1159951,bw=6.66015625,hits=9
2026-04-24T17:22:49.386818,VIDEO_REJECTED,cyclo rejected video,freq=265115995.1159951,score=0
2026-04-24T17:22:49.393523,PLATEAU_REJECTED,Not enough hits,hits=1,required=3,freq=280000000
2026-04-24T17:22:49.425405,PLATEAU_REJECTED,Not enough hits,hits=2,required=3,freq=300000000
2026-04-24T17:22:49.460133,PLATEAU_CONFIRMED,Wideband signal detected,freq=314329670.3296703,bw=6.201171875,hits=4
2026-04-24T17:22:49.484132,VIDEO_REJECTED,cyclo rejected video,freq=314329670.3296703,score=0
2026-04-24T17:22:49.490232,PLATEAU_REJECTED,Not enough hits,hits=1,required=3,freq=340000000
2026-04-24T17:22:49.625970,PLATEAU_REJECTED,Not enough hits,hits=1,required=3,freq=420000000
2026-04-24T17:22:49.651463,PLATEAU_REJECTED,Not enough hits,hits=1,required=3,freq=440000000
2026-04-24T17:22:50.298645,PLATEAU_CONFIRMED,Wideband signal detected,freq=482000000.0,bw=7.8662109375,hits=8
2026-04-24T17:22:50.785170,VIDEO_REJECTED,cyclo rejected video,freq=482000000.0,score=0
2026-04-24T17:22:50.985822,PLATEAU_CONFIRMED,Wideband signal detected,freq=502000000.0,bw=7.8076171875,hits=10
2026-04-24T17:22:50.996839,VIDEO_REJECTED,cyclo rejected video,freq=502000000.0,score=0
2026-04-24T17:22:51.232651,PLATEAU_CONFIRMED,Wideband signal detected,freq=528051282.05128205,bw=3.896484375,hits=8
2026-04-24T17:22:51.500064,PLATEAU_CONFIRMED,Wideband signal detected,freq=548056166.056166,bw=3.9013671875,hits=10
2026-04-24T17:22:51.500309,VIDEO_REJECTED,cyclo rejected video,freq=528051282.05128205,score=0
2026-04-24T17:22:51.793561,VIDEO_REJECTED,cyclo rejected video,freq=548056166.056166,score=0
2026-04-24T17:22:51.820901,PLATEAU_CONFIRMED,Wideband signal detected,freq=563748473.7484738,bw=7.94921875,hits=8
2026-04-24T17:22:51.840030,VIDEO_REJECTED,cyclo rejected video,freq=563748473.7484738,score=0
2026-04-24T17:22:52.012071,PLATEAU_CONFIRMED,Wideband signal detected,freq=587980463.980464,bw=5.673828125,hits=10
2026-04-24T17:22:52.044874,VIDEO_REJECTED,cyclo rejected video,freq=587980463.980464,score=0
2026-04-24T17:22:52.061742,PLATEAU_CONFIRMED,Wideband signal detected,freq=600539682.5396826,bw=6.1328125,hits=4
2026-04-24T17:22:52.375541,VIDEO_REJECTED,cyclo rejected video,freq=600539682.5396826,score=0
2026-04-24T17:22:52.589144,PLATEAU_CONFIRMED,Wideband signal detected,freq=626002442.002442,bw=7.79296875,hits=8
2026-04-24T17:22:52.833476,VIDEO_REJECTED,cyclo rejected video,freq=626002442.002442,score=0
2026-04-24T17:22:52.910440,PLATEAU_CONFIRMED,Wideband signal detected,freq=646012210.01221,bw=7.783203125,hits=10
2026-04-24T17:22:52.918361,VIDEO_REJECTED,cyclo rejected video,freq=646012210.01221,score=0
2026-04-24T17:22:52.965017,PLATEAU_CONFIRMED,Wideband signal detected,freq=664852258.8522588,bw=8.427734375,hits=4
2026-04-24T17:22:52.991763,VIDEO_REJECTED,cyclo rejected video,freq=664852258.8522588,score=0
2026-04-24T17:22:53.001775,PLATEAU_CONFIRMED,Wideband signal detected,freq=682691086.6910866,bw=6.7041015625,hits=4
2026-04-24T17:22:53.022402,VIDEO_REJECTED,cyclo rejected video,freq=682691086.6910866,score=0
2026-04-24T17:22:53.085728,PLATEAU_CONFIRMED,Wideband signal detected,freq=741252747.2527473,bw=7.3291015625,hits=4
2026-04-24T17:22:53.109467,VIDEO_REJECTED,cyclo rejected video,freq=741252747.2527473,score=0
2026-04-24T17:22:53.218868,PLATEAU_REJECTED,Not enough hits,hits=2,required=3,freq=840000000
2026-04-24T17:22:53.366129,PLATEAU_CONFIRMED,Wideband signal detected,freq=942307692.3076923,bw=8.4375,hits=4
2026-04-24T17:22:53.411973,VIDEO_REJECTED,cyclo rejected video,freq=942307692.3076923,score=0
2026-04-24T17:22:53.419852,PLATEAU_CONFIRMED,Wideband signal detected,freq=953684981.6849817,bw=9.7021484375,hits=8
2026-04-24T17:22:53.455105,VIDEO_REJECTED,cyclo rejected video,freq=953684981.6849817,score=0
2026-04-24T17:22:53.458545,PLATEAU_CONFIRMED,Wideband signal detected,freq=973687423.6874237,bw=6.42578125,hits=7
2026-04-24T17:22:53.483254,VIDEO_REJECTED,cyclo rejected video,freq=973687423.6874237,score=0
2026-04-24T17:22:53.792046,PLATEAU_REJECTED,Not enough hits,hits=1,required=3,freq=1220000000
2026-04-24T17:22:53.995713,PLATEAU_CONFIRMED,Wideband signal detected,freq=1238700854.7008548,bw=5.7861328125,hits=8
2026-04-24T17:22:54.007574,VIDEO_CONFIRMED,cyclo confirmed video,freq=1238700854.7008548,score=8
2026-04-24T17:22:54.069252,PLATEAU_CONFIRMED,Wideband signal detected,freq=1258849816.8498168,bw=5.37109375,hits=9
2026-04-24T17:22:54.095197,VIDEO_REJECTED,cyclo rejected video,freq=1258849816.8498168,score=3
2026-04-24T17:22:54.126800,PLATEAU_REJECTED,Not enough hits,hits=2,required=3,freq=1300000000
2026-04-24T17:22:54.541339,PLATEAU_REJECTED,Not enough hits,hits=1,required=3,freq=1620000000
2026-04-24T17:22:54.757517,PLATEAU_CONFIRMED,Wideband signal detected,freq=1786442002.4420023,bw=5.1611328125,hits=4
2026-04-24T17:22:54.860698,VIDEO_REJECTED,cyclo rejected video,freq=1786442002.4420023,score=0
2026-04-24T17:22:54.892206,PLATEAU_CONFIRMED,Wideband signal detected,freq=1807733821.7338216,bw=4.3017578125,hits=6
2026-04-24T17:22:55.082544,VIDEO_REJECTED,cyclo rejected video,freq=1807733821.7338216,score=0
2026-04-24T17:22:55.116533,PLATEAU_CONFIRMED,Wideband signal detected,freq=1827880341.8803418,bw=4.2578125,hits=9
2026-04-24T17:22:55.207458,VIDEO_REJECTED,cyclo rejected video,freq=1827880341.8803418,score=0
2026-04-24T17:22:55.212761,PLATEAU_CONFIRMED,Wideband signal detected,freq=1848000000.0,bw=6.11328125,hits=8
2026-04-24T17:22:55.258789,VIDEO_REJECTED,cyclo rejected video,freq=1848000000.0,score=0
2026-04-24T17:22:55.263626,PLATEAU_CONFIRMED,Wideband signal detected,freq=1858048840.04884,bw=9.5751953125,hits=7
2026-04-24T17:22:55.317022,VIDEO_REJECTED,cyclo rejected video,freq=1858048840.04884,score=2
2026-04-24T17:22:55.326502,PLATEAU_CONFIRMED,Wideband signal detected,freq=1875328449.3284492,bw=8.8525390625,hits=9
2026-04-24T17:22:55.371405,VIDEO_REJECTED,cyclo rejected video,freq=1875328449.3284492,score=0
2026-04-24T17:22:55.375910,PLATEAU_CONFIRMED,Wideband signal detected,freq=1895907203.9072037,bw=8.9111328125,hits=10
2026-04-24T17:22:55.404836,VIDEO_REJECTED,cyclo rejected video,freq=1895907203.9072037,score=0
2026-04-24T17:22:55.411078,PLATEAU_REJECTED,Not enough hits,hits=2,required=3,freq=1920000000
2026-04-24T17:22:55.446195,PLATEAU_CONFIRMED,Wideband signal detected,freq=1947269841.2698412,bw=3.96484375,hits=3
2026-04-24T17:22:55.472147,VIDEO_REJECTED,cyclo rejected video,freq=1947269841.2698412,score=0
2026-04-24T17:22:55.476398,PLATEAU_REJECTED,Not enough hits,hits=1,required=3,freq=1960000000
2026-04-24T17:22:55.507408,PLATEAU_CONFIRMED,Wideband signal detected,freq=1980698412.698413,bw=6.455078125,hits=4
2026-04-24T17:22:55.536561,VIDEO_REJECTED,cyclo rejected video,freq=1980698412.698413,score=0
2026-04-24T17:22:55.544109,PLATEAU_CONFIRMED,Wideband signal detected,freq=1999655677.6556776,bw=5.3076171875,hits=4
2026-04-24T17:22:55.572794,VIDEO_REJECTED,cyclo rejected video,freq=1999655677.6556776,score=0
2026-04-24T17:22:55.669836,PLATEAU_CONFIRMED,Wideband signal detected,freq=2076954822.954823,bw=4.94140625,hits=5
2026-04-24T17:22:55.698985,VIDEO_REJECTED,cyclo rejected video,freq=2076954822.954823,score=0
2026-04-24T17:22:55.704947,PLATEAU_REJECTED,Not enough hits,hits=1,required=3,freq=2100000000
2026-04-24T17:22:55.733614,PLATEAU_REJECTED,Not enough hits,hits=1,required=3,freq=2120000000
2026-04-24T17:22:56.016322,PLATEAU_CONFIRMED,Wideband signal detected,freq=2144881562.881563,bw=9.130859375,hits=7
2026-04-24T17:22:56.113356,VIDEO_REJECTED,cyclo rejected video,freq=2144881562.881563,score=0
2026-04-24T17:22:56.167016,PLATEAU_CONFIRMED,Wideband signal detected,freq=2164700854.700855,bw=9.0380859375,hits=10
2026-04-24T17:22:56.310297,VIDEO_REJECTED,cyclo rejected video,freq=2164700854.700855,score=0
2026-04-24T17:22:56.345034,PLATEAU_CONFIRMED,Wideband signal detected,freq=2186229548.2295485,bw=6.8212890625,hits=7
2026-04-24T17:22:56.420635,VIDEO_REJECTED,cyclo rejected video,freq=2186229548.2295485,score=0
2026-04-24T17:22:56.424494,PLATEAU_CONFIRMED,Wideband signal detected,freq=2206820512.820513,bw=4.521484375,hits=7
2026-04-24T17:22:56.447218,VIDEO_REJECTED,cyclo rejected video,freq=2206820512.820513,score=0
2026-04-24T17:22:56.531349,PLATEAU_REJECTED,Not enough hits,hits=1,required=3,freq=2280000000
2026-04-24T17:22:56.642612,PLATEAU_CONFIRMED,Wideband signal detected,freq=2358810744.810745,bw=9.1845703125,hits=4
2026-04-24T17:22:56.687628,PLATEAU_CONFIRMED,Wideband signal detected,freq=2378625152.6251526,bw=6.11328125,hits=8
2026-04-24T17:22:56.687936,VIDEO_REJECTED,cyclo rejected video,freq=2358810744.810745,score=0
2026-04-24T17:22:56.900451,VIDEO_REJECTED,cyclo rejected video,freq=2378625152.6251526,score=0
2026-04-24T17:22:56.942601,PLATEAU_CONFIRMED,Wideband signal detected,freq=2391995115.995116,bw=4.7900390625,hits=10
2026-04-24T17:22:57.157729,VIDEO_REJECTED,cyclo rejected video,freq=2391995115.995116,score=0
2026-04-24T17:22:57.165243,PLATEAU_CONFIRMED,Wideband signal detected,freq=2411924297.924298,bw=3.9111328125,hits=8
2026-04-24T17:22:57.202549,VIDEO_REJECTED,cyclo rejected video,freq=2411924297.924298,score=0
2026-04-24T17:22:57.207008,PLATEAU_CONFIRMED,Wideband signal detected,freq=2442940170.9401712,bw=7.236328125,hits=6
2026-04-24T17:22:57.234374,VIDEO_REJECTED,cyclo rejected video,freq=2442940170.9401712,score=0
2026-04-24T17:22:57.270805,PLATEAU_REJECTED,Not enough hits,hits=1,required=3,freq=2480000000
2026-04-24T17:22:57.298326,PLATEAU_REJECTED,Not enough hits,hits=1,required=3,freq=2500000000
2026-04-24T17:22:57.437116,PLATEAU_CONFIRMED,Wideband signal detected,freq=2602034188.0341883,bw=7.021484375,hits=4
2026-04-24T17:22:57.488868,PLATEAU_REJECTED,Not enough hits,hits=2,required=3,freq=2620000000
2026-04-24T17:22:57.489164,VIDEO_REJECTED,cyclo rejected video,freq=2602034188.0341883,score=0
2026-04-24T17:22:57.520500,PLATEAU_CONFIRMED,Wideband signal detected,freq=2643299145.299145,bw=5.3466796875,hits=5
2026-04-24T17:22:57.664085,VIDEO_REJECTED,cyclo rejected video,freq=2643299145.299145,score=1
2026-04-24T17:22:57.702334,PLATEAU_CONFIRMED,Wideband signal detected,freq=2652246642.246642,bw=4.326171875,hits=7
2026-04-24T17:22:57.906531,PLATEAU_CONFIRMED,Wideband signal detected,freq=2672212454.2124543,bw=4.3115234375,hits=10
2026-04-24T17:22:57.907090,VIDEO_REJECTED,cyclo rejected video,freq=2652246642.246642,score=1
2026-04-24T17:22:57.927176,VIDEO_REJECTED,cyclo rejected video,freq=2672212454.2124543,score=0
2026-04-24T17:22:57.987498,PLATEAU_REJECTED,Not enough hits,hits=1,required=3,freq=2740000000
2026-04-24T17:22:58.358303,PLATEAU_CONFIRMED,Wideband signal detected,freq=3024534798.5347986,bw=8.3251953125,hits=7
2026-04-24T17:22:58.385827,VIDEO_REJECTED,cyclo rejected video,freq=3024534798.5347986,score=0
2026-04-24T17:22:58.396273,PLATEAU_CONFIRMED,Wideband signal detected,freq=3042361416.361417,bw=4.2138671875,hits=4
2026-04-24T17:22:58.431656,PLATEAU_CONFIRMED,Wideband signal detected,freq=3057330891.3308916,bw=6.6357421875,hits=4
2026-04-24T17:22:58.431877,VIDEO_REJECTED,cyclo rejected video,freq=3042361416.361417,score=0
2026-04-24T17:22:58.463657,VIDEO_REJECTED,cyclo rejected video,freq=3057330891.3308916,score=0
2026-04-24T17:22:58.468242,PLATEAU_REJECTED,Not enough hits,hits=1,required=3,freq=3080000000
2026-04-24T17:22:58.934901,PLATEAU_REJECTED,Not enough hits,hits=1,required=3,freq=3440000000
2026-04-24T17:22:58.992103,PLATEAU_CONFIRMED,Wideband signal detected,freq=3474766788.766789,bw=2.83203125,hits=3
2026-04-24T17:22:59.017838,VIDEO_REJECTED,cyclo rejected video,freq=3474766788.766789,score=0
2026-04-24T17:22:59.135523,PLATEAU_REJECTED,Not enough hits,hits=1,required=3,freq=3580000000
2026-04-24T17:22:59.192457,PLATEAU_CONFIRMED,Wideband signal detected,freq=3624798534.798535,bw=4.1552734375,hits=5
2026-04-24T17:22:59.221466,VIDEO_REJECTED,cyclo rejected video,freq=3624798534.798535,score=0
2026-04-24T17:22:59.258190,PLATEAU_REJECTED,Not enough hits,hits=2,required=3,freq=3660000000
2026-04-24T17:22:59.314154,PLATEAU_REJECTED,Not enough hits,hits=1,required=3,freq=3700000000
2026-04-24T17:22:59.344178,PLATEAU_REJECTED,Not enough hits,hits=1,required=3,freq=3720000000
2026-04-24T17:22:59.452705,PLATEAU_REJECTED,Not enough hits,hits=2,required=3,freq=3800000000
2026-04-24T17:22:59.524710,PLATEAU_CONFIRMED,Wideband signal detected,freq=3833579975.5799756,bw=4.3896484375,hits=9
2026-04-24T17:22:59.549228,VIDEO_REJECTED,cyclo rejected video,freq=3833579975.5799756,score=0
2026-04-24T17:22:59.681816,PLATEAU_CONFIRMED,Wideband signal detected,freq=3944427350.42735,bw=5.361328125,hits=6
2026-04-24T17:22:59.708211,VIDEO_REJECTED,cyclo rejected video,freq=3944427350.42735,score=0
2026-04-24T17:22:59.816692,PLATEAU_CONFIRMED,Wideband signal detected,freq=4038693528.6935287,bw=7.0263671875,hits=3
2026-04-24T17:22:59.839658,VIDEO_REJECTED,cyclo rejected video,freq=4038693528.6935287,score=0
2026-04-24T17:22:59.986703,PLATEAU_CONFIRMED,Wideband signal detected,freq=4158717948.717949,bw=8.0078125,hits=3
2026-04-24T17:23:00.014197,VIDEO_REJECTED,cyclo rejected video,freq=4158717948.717949,score=0
2026-04-24T17:23:00.300018,PLATEAU_REJECTED,Not enough hits,hits=1,required=3,freq=4400000000
2026-04-24T17:23:01.220637,PLATEAU_REJECTED,Not enough hits,hits=1,required=3,freq=5120000000
2026-04-24T17:23:01.247363,PLATEAU_REJECTED,Not enough hits,hits=1,required=3,freq=5140000000
