2026-04-24T17:26:10.606175,AUTOCORR_SAMPLE,Per-buffer autocorr result,freq=104998778.998779,peak=0.1289390055462718,peak2=0.07409905176609755,lag_off=-1.0,confirmed=False
2026-04-24T17:26:10.609807,AUTOCORR_SAMPLE,Per-buffer autocorr result,freq=104998778.998779,peak=0.004568934440612793,peak2=0.09130939282476902,lag_off=-3.0,confirmed=False
2026-04-24T17:26:10.612735,AUTOCORR_SAMPLE,Per-buffer autocorr result,freq=104998778.998779,peak=0.06847116723656654,peak2=0.11447302624583244,lag_off=1.0,confirmed=False
2026-04-24T17:26:10.615688,AUTOCORR_SAMPLE,Per-buffer autocorr result,freq=104998778.998779,peak=0.06461586430668831,peak2=0.033113304525613785,lag_off=1.0,confirmed=False
2026-04-24T17:26:10.616538,AUTOCORR_SAMPLE,Per-buffer autocorr result,freq=104998778.998779,peak=0.023313451558351517,peak2=-0.025967281311750412,lag_off=-5.0,confirmed=False
2026-04-24T17:26:10.617310,AUTOCORR_SAMPLE,Per-buffer autocorr result,freq=104998778.998779,peak=-0.0053374432027339935,peak2=-0.025929054245352745,lag_off=6.0,confirmed=False
2026-04-24T17:26:10.620658,AUTOCORR_SAMPLE,Per-buffer autocorr result,freq=104998778.998779,peak=-0.006582221016287804,peak2=0.07041550986468792,lag_off=0.0,confirmed=False
2026-04-24T17:26:10.621368,AUTOCORR_SAMPLE,Per-buffer autocorr result,freq=104998778.998779,peak=0.10730123240500689,peak2=0.08603798318654299,lag_off=3.0,confirmed=False
2026-04-24T17:26:10.625472,AUTOCORR_SAMPLE,Per-buffer autocorr result,freq=104998778.998779,peak=0.08390765078365803,peak2=0.1252447310835123,lag_off=-6.0,confirmed=False
2026-04-24T17:26:10.629537,AUTOCORR_SAMPLE,Per-buffer autocorr result,freq=104998778.998779,peak=0.04499468579888344,peak2=0.07325876131653786,lag_off=5.0,confirmed=False
2026-04-24T17:26:10.629689,AUTOCORR_RESULT,autocorr classification,freq=104998778.998779,votes=0,total=10,score=0.0,confirmed=False
2026-04-24T17:26:10.658542,AUTOCORR_SAMPLE,Per-buffer autocorr result,freq=125672771.67277168,peak=0.004568934440612793,peak2=0.09130939282476902,lag_off=-3.0,confirmed=False
2026-04-24T17:26:10.661895,AUTOCORR_SAMPLE,Per-buffer autocorr result,freq=125672771.67277168,peak=0.05672051012516022,peak2=0.001496635377407074,lag_off=6.0,confirmed=False
2026-04-24T17:26:10.662620,AUTOCORR_SAMPLE,Per-buffer autocorr result,freq=125672771.67277168,peak=0.036638371646404266,peak2=-0.023549381643533707,lag_off=0.0,confirmed=False
2026-04-24T17:26:10.665322,AUTOCORR_SAMPLE,Per-buffer autocorr result,freq=125672771.67277168,peak=0.10723566357046366,peak2=0.09199597034603357,lag_off=2.0,confirmed=False
2026-04-24T17:26:10.666077,AUTOCORR_SAMPLE,Per-buffer autocorr result,freq=125672771.67277168,peak=0.12239987961947918,peak2=0.057257091626524925,lag_off=-4.0,confirmed=False
2026-04-24T17:26:10.669122,AUTOCORR_SAMPLE,Per-buffer autocorr result,freq=125672771.67277168,peak=0.17345145693980157,peak2=0.08517727605067194,lag_off=4.0,confirmed=False
2026-04-24T17:26:10.670015,AUTOCORR_SAMPLE,Per-buffer autocorr result,freq=125672771.67277168,peak=0.05858883261680603,peak2=0.08966761082410812,lag_off=0.0,confirmed=False
2026-04-24T17:26:10.672822,AUTOCORR_SAMPLE,Per-buffer autocorr result,freq=125672771.67277168,peak=0.12329006940126419,peak2=-0.005386132746934891,lag_off=6.0,confirmed=False
2026-04-24T17:26:10.675545,AUTOCORR_SAMPLE,Per-buffer autocorr result,freq=125672771.67277168,peak=0.07016863068565726,peak2=0.013204654213041067,lag_off=4.0,confirmed=False
2026-04-24T17:26:10.676353,AUTOCORR_SAMPLE,Per-buffer autocorr result,freq=125672771.67277168,peak=0.06494206376373768,peak2=0.031553296372294426,lag_off=-2.0,confirmed=False
2026-04-24T17:26:10.676457,AUTOCORR_RESULT,autocorr classification,freq=125672771.67277168,votes=0,total=10,score=0.0,confirmed=False
2026-04-24T17:26:10.856761,AUTOCORR_SAMPLE,Per-buffer autocorr result,freq=246661782.66178268,peak=0.07720495294779539,peak2=0.08494595717638731,lag_off=-5.0,confirmed=False
2026-04-24T17:26:10.857965,AUTOCORR_SAMPLE,Per-buffer autocorr result,freq=246661782.66178268,peak=-0.021900683641433716,peak2=0.1288479082286358,lag_off=1.0,confirmed=False
2026-04-24T17:26:10.861605,AUTOCORR_SAMPLE,Per-buffer autocorr result,freq=246661782.66178268,peak=-0.02305625006556511,peak2=-0.04648853652179241,lag_off=6.0,confirmed=False
2026-04-24T17:26:10.864753,AUTOCORR_SAMPLE,Per-buffer autocorr result,freq=246661782.66178268,peak=-0.019166886806488037,peak2=0.1019214428961277,lag_off=-1.0,confirmed=False
2026-04-24T17:26:10.865420,AUTOCORR_SAMPLE,Per-buffer autocorr result,freq=246661782.66178268,peak=-0.04384784633293748,peak2=0.044200386852025986,lag_off=-3.0,confirmed=False
2026-04-24T17:26:10.866126,AUTOCORR_SAMPLE,Per-buffer autocorr result,freq=246661782.66178268,peak=0.009946037083864212,peak2=0.07063204608857632,lag_off=6.0,confirmed=False
2026-04-24T17:26:10.870311,AUTOCORR_SAMPLE,Per-buffer autocorr result,freq=246661782.66178268,peak=-0.004711370915174484,peak2=0.11371812038123608,lag_off=1.0,confirmed=False
2026-04-24T17:26:10.874377,AUTOCORR_SAMPLE,Per-buffer autocorr result,freq=246661782.66178268,peak=0.011265508830547333,peak2=-0.12310255318880081,lag_off=-3.0,confirmed=False
2026-04-24T17:26:10.875107,AUTOCORR_SAMPLE,Per-buffer autocorr result,freq=246661782.66178268,peak=-0.07267621345818043,peak2=0.0025045424699783325,lag_off=1.0,confirmed=False
2026-04-24T17:26:10.878098,AUTOCORR_SAMPLE,Per-buffer autocorr result,freq=246661782.66178268,peak=0.05715564638376236,peak2=-0.012775450944900513,lag_off=-4.0,confirmed=False
2026-04-24T17:26:10.878176,AUTOCORR_RESULT,autocorr classification,freq=246661782.66178268,votes=0,total=10,score=0.0,confirmed=False
2026-04-24T17:26:10.971965,AUTOCORR_SAMPLE,Per-buffer autocorr result,freq=294297924.2979243,peak=0.14058848284184933,peak2=0.09893064014613628,lag_off=-6.0,confirmed=False
2026-04-24T17:26:10.973315,AUTOCORR_SAMPLE,Per-buffer autocorr result,freq=294297924.2979243,peak=0.06603739410638809,peak2=0.02748534269630909,lag_off=1.0,confirmed=False
2026-04-24T17:26:10.981131,AUTOCORR_SAMPLE,Per-buffer autocorr result,freq=294297924.2979243,peak=0.06923490203917027,peak2=0.049736762419342995,lag_off=-3.0,confirmed=False
2026-04-24T17:26:10.988644,AUTOCORR_SAMPLE,Per-buffer autocorr result,freq=294297924.2979243,peak=-0.04477530810981989,peak2=-0.05437775363679975,lag_off=6.0,confirmed=False
2026-04-24T17:26:10.990586,AUTOCORR_SAMPLE,Per-buffer autocorr result,freq=294297924.2979243,peak=-0.11063585229567252,peak2=-0.05685992166399956,lag_off=6.0,confirmed=False
2026-04-24T17:26:10.995224,AUTOCORR_SAMPLE,Per-buffer autocorr result,freq=294297924.2979243,peak=0.0816100463271141,peak2=-0.024748317897319794,lag_off=1.0,confirmed=False
2026-04-24T17:26:10.996058,AUTOCORR_SAMPLE,Per-buffer autocorr result,freq=294297924.2979243,peak=0.0780088733881712,peak2=0.021612176671624184,lag_off=2.0,confirmed=False
2026-04-24T17:26:11.001303,AUTOCORR_SAMPLE,Per-buffer autocorr result,freq=294297924.2979243,peak=0.04181111045181751,peak2=0.0415091086179018,lag_off=5.0,confirmed=False
2026-04-24T17:26:11.002123,AUTOCORR_SAMPLE,Per-buffer autocorr result,freq=294297924.2979243,peak=0.039372035302221775,peak2=0.06028099823743105,lag_off=-3.0,confirmed=False
2026-04-24T17:26:11.009665,AUTOCORR_SAMPLE,Per-buffer autocorr result,freq=294297924.2979243,peak=0.0015796817024238408,peak2=0.09578495007008314,lag_off=-2.0,confirmed=False
2026-04-24T17:26:11.009805,AUTOCORR_RESULT,autocorr classification,freq=294297924.2979243,votes=0,total=10,score=0.0,confirmed=False
2026-04-24T17:26:11.039296,AUTOCORR_SAMPLE,Per-buffer autocorr result,freq=313448107.4481075,peak=0.06603739410638809,peak2=0.02748534269630909,lag_off=1.0,confirmed=False
2026-04-24T17:26:11.041949,AUTOCORR_SAMPLE,Per-buffer autocorr result,freq=313448107.4481075,peak=0.09024974424391985,peak2=0.08499879855662584,lag_off=5.0,confirmed=False
2026-04-24T17:26:11.042594,AUTOCORR_SAMPLE,Per-buffer autocorr result,freq=313448107.4481075,peak=0.1330895610153675,peak2=0.05405779555439949,lag_off=3.0,confirmed=False
2026-04-24T17:26:11.043228,AUTOCORR_SAMPLE,Per-buffer autocorr result,freq=313448107.4481075,peak=-0.011090170461102389,peak2=0.055132283829152584,lag_off=-4.0,confirmed=False
2026-04-24T17:26:11.046163,AUTOCORR_SAMPLE,Per-buffer autocorr result,freq=313448107.4481075,peak=0.04170825076289475,peak2=0.0434723359066993,lag_off=2.0,confirmed=False
2026-04-24T17:26:11.048952,AUTOCORR_SAMPLE,Per-buffer autocorr result,freq=313448107.4481075,peak=0.1116524925455451,peak2=0.04512008558958769,lag_off=-5.0,confirmed=False
2026-04-24T17:26:11.049895,AUTOCORR_SAMPLE,Per-buffer autocorr result,freq=313448107.4481075,peak=0.09223929420113564,peak2=-0.03414159081876278,lag_off=3.0,confirmed=False
2026-04-24T17:26:11.050822,AUTOCORR_SAMPLE,Per-buffer autocorr result,freq=313448107.4481075,peak=0.14352267794311047,peak2=0.02810305543243885,lag_off=-4.0,confirmed=False
2026-04-24T17:26:11.053646,AUTOCORR_SAMPLE,Per-buffer autocorr result,freq=313448107.4481075,peak=0.0949444635771215,peak2=0.011958211194723845,lag_off=-4.0,confirmed=False
2026-04-24T17:26:11.054562,AUTOCORR_SAMPLE,Per-buffer autocorr result,freq=313448107.4481075,peak=0.011884030885994434,peak2=0.07625975552946329,lag_off=4.0,confirmed=False
2026-04-24T17:26:11.054629,AUTOCORR_RESULT,autocorr classification,freq=313448107.4481075,votes=0,total=10,score=0.0,confirmed=False
2026-04-24T17:26:11.186782,AUTOCORR_SAMPLE,Per-buffer autocorr result,freq=393853479.85347986,peak=0.13351294957101345,peak2=0.11241242103278637,lag_off=5.0,confirmed=False
2026-04-24T17:26:11.190748,AUTOCORR_SAMPLE,Per-buffer autocorr result,freq=393853479.85347986,peak=0.07291368767619133,peak2=0.07990459725260735,lag_off=1.0,confirmed=False
2026-04-24T17:26:11.192047,AUTOCORR_SAMPLE,Per-buffer autocorr result,freq=393853479.85347986,peak=0.047773152589797974,peak2=-0.015951529145240784,lag_off=-6.0,confirmed=False
2026-04-24T17:26:11.195932,AUTOCORR_SAMPLE,Per-buffer autocorr result,freq=393853479.85347986,peak=0.019131707027554512,peak2=0.047760432586073875,lag_off=-2.0,confirmed=False
2026-04-24T17:26:11.196840,AUTOCORR_SAMPLE,Per-buffer autocorr result,freq=393853479.85347986,peak=0.023147469386458397,peak2=0.07043022476136684,lag_off=-2.0,confirmed=False
2026-04-24T17:26:11.200928,AUTOCORR_SAMPLE,Per-buffer autocorr result,freq=393853479.85347986,peak=0.07649481203407049,peak2=0.016409696079790592,lag_off=4.0,confirmed=False
2026-04-24T17:26:11.205068,AUTOCORR_SAMPLE,Per-buffer autocorr result,freq=393853479.85347986,peak=0.09864696301519871,peak2=0.05407215096056461,lag_off=-5.0,confirmed=False
2026-04-24T17:26:11.209660,AUTOCORR_SAMPLE,Per-buffer autocorr result,freq=393853479.85347986,peak=0.1236967733129859,peak2=0.0808314299210906,lag_off=-6.0,confirmed=False
2026-04-24T17:26:11.210921,AUTOCORR_SAMPLE,Per-buffer autocorr result,freq=393853479.85347986,peak=0.07786213792860508,peak2=0.06770806945860386,lag_off=-3.0,confirmed=False
2026-04-24T17:26:11.216399,AUTOCORR_SAMPLE,Per-buffer autocorr result,freq=393853479.85347986,peak=0.10618284880183637,peak2=0.0822223552968353,lag_off=-2.0,confirmed=False
2026-04-24T17:26:11.216627,AUTOCORR_RESULT,autocorr classification,freq=393853479.85347986,votes=0,total=10,score=0.0,confirmed=False
2026-04-24T17:26:11.482091,AUTOCORR_SAMPLE,Per-buffer autocorr result,freq=565321123.3211234,peak=0.07789446320384741,peak2=0.07949510868638754,lag_off=-5.0,confirmed=False
2026-04-24T17:26:11.485269,AUTOCORR_SAMPLE,Per-buffer autocorr result,freq=565321123.3211234,peak=0.042450230568647385,peak2=-0.05585970915853977,lag_off=-2.0,confirmed=False
2026-04-24T17:26:11.486262,AUTOCORR_SAMPLE,Per-buffer autocorr result,freq=565321123.3211234,peak=0.10957816243171692,peak2=-0.019262077286839485,lag_off=-3.0,confirmed=False
2026-04-24T17:26:11.489277,AUTOCORR_SAMPLE,Per-buffer autocorr result,freq=565321123.3211234,peak=0.02352333813905716,peak2=-0.057032166980206966,lag_off=-5.0,confirmed=False
2026-04-24T17:26:11.490184,AUTOCORR_SAMPLE,Per-buffer autocorr result,freq=565321123.3211234,peak=0.0823538787662983,peak2=-0.05599602032452822,lag_off=-4.0,confirmed=False
2026-04-24T17:26:11.493618,AUTOCORR_SAMPLE,Per-buffer autocorr result,freq=565321123.3211234,peak=0.07300330698490143,peak2=0.003200467675924301,lag_off=6.0,confirmed=False
2026-04-24T17:26:11.494478,AUTOCORR_SAMPLE,Per-buffer autocorr result,freq=565321123.3211234,peak=0.019374996423721313,peak2=-0.07755943574011326,lag_off=3.0,confirmed=False
2026-04-24T17:26:11.497854,AUTOCORR_SAMPLE,Per-buffer autocorr result,freq=565321123.3211234,peak=0.03732370771467686,peak2=-0.0016520163044333458,lag_off=-2.0,confirmed=False
2026-04-24T17:26:11.498930,AUTOCORR_SAMPLE,Per-buffer autocorr result,freq=565321123.3211234,peak=0.07949736644513905,peak2=0.047475188272073865,lag_off=2.0,confirmed=False
2026-04-24T17:26:11.502460,AUTOCORR_SAMPLE,Per-buffer autocorr result,freq=565321123.3211234,peak=0.13158293720334768,peak2=0.03867716249078512,lag_off=0.0,confirmed=False
2026-04-24T17:26:11.502611,AUTOCORR_RESULT,autocorr classification,freq=565321123.3211234,votes=0,total=10,score=0.0,confirmed=False
2026-04-24T17:26:11.521875,AUTOCORR_SAMPLE,Per-buffer autocorr result,freq=585201465.2014652,peak=0.042450230568647385,peak2=-0.05585970915853977,lag_off=-2.0,confirmed=False
2026-04-24T17:26:11.522759,AUTOCORR_SAMPLE,Per-buffer autocorr result,freq=585201465.2014652,peak=0.06751929596066475,peak2=-0.0200622770935297,lag_off=-2.0,confirmed=False
2026-04-24T17:26:11.526026,AUTOCORR_SAMPLE,Per-buffer autocorr result,freq=585201465.2014652,peak=0.07536947540938854,peak2=0.04204169102013111,lag_off=-1.0,confirmed=False
2026-04-24T17:26:11.529278,AUTOCORR_SAMPLE,Per-buffer autocorr result,freq=585201465.2014652,peak=0.041905167512595654,peak2=0.09126803930848837,lag_off=-2.0,confirmed=False
2026-04-24T17:26:11.530141,AUTOCORR_SAMPLE,Per-buffer autocorr result,freq=585201465.2014652,peak=0.05933146923780441,peak2=-0.09165145829319954,lag_off=3.0,confirmed=False
2026-04-24T17:26:11.533602,AUTOCORR_SAMPLE,Per-buffer autocorr result,freq=585201465.2014652,peak=0.03265120601281524,peak2=0.03750942787155509,lag_off=2.0,confirmed=False
2026-04-24T17:26:11.537308,AUTOCORR_SAMPLE,Per-buffer autocorr result,freq=585201465.2014652,peak=0.14938505366444588,peak2=0.011768735945224762,lag_off=0.0,confirmed=False
2026-04-24T17:26:11.538179,AUTOCORR_SAMPLE,Per-buffer autocorr result,freq=585201465.2014652,peak=0.07004638016223907,peak2=0.03939347714185715,lag_off=-3.0,confirmed=False
2026-04-24T17:26:11.541724,AUTOCORR_SAMPLE,Per-buffer autocorr result,freq=585201465.2014652,peak=0.12322324863635004,peak2=0.07061891607008874,lag_off=1.0,confirmed=False
2026-04-24T17:26:11.545087,AUTOCORR_SAMPLE,Per-buffer autocorr result,freq=585201465.2014652,peak=0.09184075985103846,peak2=0.10080323461443186,lag_off=-2.0,confirmed=False
2026-04-24T17:26:11.545203,AUTOCORR_RESULT,autocorr classification,freq=585201465.2014652,votes=0,total=10,score=0.0,confirmed=False
2026-04-24T17:26:11.558560,AUTOCORR_SAMPLE,Per-buffer autocorr result,freq=602463980.4639804,peak=0.06751929596066475,peak2=-0.0200622770935297,lag_off=-2.0,confirmed=False
2026-04-24T17:26:11.561315,AUTOCORR_SAMPLE,Per-buffer autocorr result,freq=602463980.4639804,peak=0.14471841661725193,peak2=0.07124882994685322,lag_off=6.0,confirmed=False
2026-04-24T17:26:11.561946,AUTOCORR_SAMPLE,Per-buffer autocorr result,freq=602463980.4639804,peak=0.054184332489967346,peak2=0.10936181992292404,lag_off=4.0,confirmed=False
2026-04-24T17:26:11.564431,AUTOCORR_SAMPLE,Per-buffer autocorr result,freq=602463980.4639804,peak=0.08650322048924863,peak2=0.05641693784855306,lag_off=1.0,confirmed=False
2026-04-24T17:26:11.565444,AUTOCORR_SAMPLE,Per-buffer autocorr result,freq=602463980.4639804,peak=0.07608582731336355,peak2=0.06348057743161917,lag_off=3.0,confirmed=False
2026-04-24T17:26:11.568251,AUTOCORR_SAMPLE,Per-buffer autocorr result,freq=602463980.4639804,peak=0.19032113160938025,peak2=0.10859982576221228,lag_off=-4.0,confirmed=False
2026-04-24T17:26:11.568986,AUTOCORR_SAMPLE,Per-buffer autocorr result,freq=602463980.4639804,peak=0.1320460697170347,peak2=0.060814775293692946,lag_off=-1.0,confirmed=False
2026-04-24T17:26:11.571623,AUTOCORR_SAMPLE,Per-buffer autocorr result,freq=602463980.4639804,peak=0.1450957227498293,peak2=0.08002788759768009,lag_off=-5.0,confirmed=False
2026-04-24T17:26:11.572596,AUTOCORR_SAMPLE,Per-buffer autocorr result,freq=602463980.4639804,peak=0.02907340880483389,peak2=0.03654806222766638,lag_off=3.0,confirmed=False
2026-04-24T17:26:11.575539,AUTOCORR_SAMPLE,Per-buffer autocorr result,freq=602463980.4639804,peak=0.025133072398602962,peak2=0.02191738784313202,lag_off=2.0,confirmed=False
2026-04-24T17:26:11.575643,AUTOCORR_RESULT,autocorr classification,freq=602463980.4639804,votes=0,total=10,score=0.0,confirmed=False
2026-04-24T17:26:11.593691,AUTOCORR_SAMPLE,Per-buffer autocorr result,freq=618561660.5616605,peak=0.054184332489967346,peak2=0.10936181992292404,lag_off=4.0,confirmed=False
2026-04-24T17:26:11.596826,AUTOCORR_SAMPLE,Per-buffer autocorr result,freq=618561660.5616605,peak=0.06884960550814867,peak2=0.06766626704484224,lag_off=-3.0,confirmed=False
2026-04-24T17:26:11.600014,AUTOCORR_SAMPLE,Per-buffer autocorr result,freq=618561660.5616605,peak=0.07904683228116482,peak2=0.054785841959528625,lag_off=3.0,confirmed=False
2026-04-24T17:26:11.600784,AUTOCORR_SAMPLE,Per-buffer autocorr result,freq=618561660.5616605,peak=-0.005126461386680603,peak2=-0.07248066447209567,lag_off=-1.0,confirmed=False
2026-04-24T17:26:11.603644,AUTOCORR_SAMPLE,Per-buffer autocorr result,freq=618561660.5616605,peak=0.06377395428717136,peak2=0.0794168058782816,lag_off=-6.0,confirmed=False
2026-04-24T17:26:11.604516,AUTOCORR_SAMPLE,Per-buffer autocorr result,freq=618561660.5616605,peak=0.093014445155859,peak2=0.04993938282132149,lag_off=2.0,confirmed=False
2026-04-24T17:26:11.605172,AUTOCORR_SAMPLE,Per-buffer autocorr result,freq=618561660.5616605,peak=0.07023261860013008,peak2=-0.022174911573529243,lag_off=-3.0,confirmed=False
2026-04-24T17:26:11.608137,AUTOCORR_SAMPLE,Per-buffer autocorr result,freq=618561660.5616605,peak=0.03099219873547554,peak2=0.06718405336141586,lag_off=4.0,confirmed=False
2026-04-24T17:26:11.610961,AUTOCORR_SAMPLE,Per-buffer autocorr result,freq=618561660.5616605,peak=0.0792444720864296,peak2=0.0249100923538208,lag_off=3.0,confirmed=False
2026-04-24T17:26:11.611960,AUTOCORR_SAMPLE,Per-buffer autocorr result,freq=618561660.5616605,peak=0.07105426955968142,peak2=0.0408067824319005,lag_off=-6.0,confirmed=False
2026-04-24T17:26:11.614206,AUTOCORR_RESULT,autocorr classification,freq=618561660.5616605,votes=0,total=10,score=0.0,confirmed=False
2026-04-24T17:26:11.688013,AUTOCORR_SAMPLE,Per-buffer autocorr result,freq=685887667.8876679,peak=0.0916058550355956,peak2=0.03252718399744481,lag_off=1.0,confirmed=False
2026-04-24T17:26:11.690799,AUTOCORR_SAMPLE,Per-buffer autocorr result,freq=685887667.8876679,peak=0.06403319910168648,peak2=0.004634436219930649,lag_off=2.0,confirmed=False
2026-04-24T17:26:11.691591,AUTOCORR_SAMPLE,Per-buffer autocorr result,freq=685887667.8876679,peak=0.07100368849933147,peak2=0.09433977119624615,lag_off=-2.0,confirmed=False
2026-04-24T17:26:11.694241,AUTOCORR_SAMPLE,Per-buffer autocorr result,freq=685887667.8876679,peak=0.1408448894508183,peak2=0.04429395170882344,lag_off=-3.0,confirmed=False
2026-04-24T17:26:11.695028,AUTOCORR_SAMPLE,Per-buffer autocorr result,freq=685887667.8876679,peak=0.1313289124518633,peak2=0.03194320574402809,lag_off=6.0,confirmed=False
2026-04-24T17:26:11.697906,AUTOCORR_SAMPLE,Per-buffer autocorr result,freq=685887667.8876679,peak=0.055678179021924734,peak2=0.07435280224308372,lag_off=-2.0,confirmed=False
2026-04-24T17:26:11.700773,AUTOCORR_SAMPLE,Per-buffer autocorr result,freq=685887667.8876679,peak=0.06529615656472743,peak2=0.08423355803824961,lag_off=6.0,confirmed=False
2026-04-24T17:26:11.701674,AUTOCORR_SAMPLE,Per-buffer autocorr result,freq=685887667.8876679,peak=0.12207630090415478,peak2=0.0655370969325304,lag_off=6.0,confirmed=False
2026-04-24T17:26:11.704433,AUTOCORR_SAMPLE,Per-buffer autocorr result,freq=685887667.8876679,peak=0.07157277129590511,peak2=0.06474668346345425,lag_off=5.0,confirmed=False
2026-04-24T17:26:11.705209,AUTOCORR_SAMPLE,Per-buffer autocorr result,freq=685887667.8876679,peak=0.15656131878495216,peak2=0.09010665491223335,lag_off=6.0,confirmed=False
2026-04-24T17:26:11.705294,AUTOCORR_RESULT,autocorr classification,freq=685887667.8876679,votes=0,total=10,score=0.0,confirmed=False
2026-04-24T17:26:11.808183,AUTOCORR_SAMPLE,Per-buffer autocorr result,freq=762244200.2442002,peak=0.044935308396816254,peak2=0.0846283882856369,lag_off=-4.0,confirmed=False
2026-04-24T17:26:11.809008,AUTOCORR_SAMPLE,Per-buffer autocorr result,freq=762244200.2442002,peak=0.05991667881608009,peak2=0.11477882042527199,lag_off=-6.0,confirmed=False
2026-04-24T17:26:11.811716,AUTOCORR_SAMPLE,Per-buffer autocorr result,freq=762244200.2442002,peak=0.1285526603460312,peak2=0.07976914942264557,lag_off=-6.0,confirmed=False
2026-04-24T17:26:11.814311,AUTOCORR_SAMPLE,Per-buffer autocorr result,freq=762244200.2442002,peak=-0.05306938290596008,peak2=-0.23560446500778198,lag_off=5.0,confirmed=False
2026-04-24T17:26:11.815147,AUTOCORR_SAMPLE,Per-buffer autocorr result,freq=762244200.2442002,peak=0.05648806877434254,peak2=0.1490038875490427,lag_off=-1.0,confirmed=False
2026-04-24T17:26:11.817923,AUTOCORR_SAMPLE,Per-buffer autocorr result,freq=762244200.2442002,peak=0.08052656799554825,peak2=-0.04241830063983798,lag_off=6.0,confirmed=False
2026-04-24T17:26:11.818930,AUTOCORR_SAMPLE,Per-buffer autocorr result,freq=762244200.2442002,peak=0.1020198306068778,peak2=0.07825840171426535,lag_off=-1.0,confirmed=False
2026-04-24T17:26:11.821738,AUTOCORR_SAMPLE,Per-buffer autocorr result,freq=762244200.2442002,peak=0.10669886600226164,peak2=0.1127719534561038,lag_off=2.0,confirmed=False
2026-04-24T17:26:11.822553,AUTOCORR_SAMPLE,Per-buffer autocorr result,freq=762244200.2442002,peak=0.1291537113720551,peak2=0.03644289972726256,lag_off=2.0,confirmed=False
2026-04-24T17:26:11.825283,AUTOCORR_SAMPLE,Per-buffer autocorr result,freq=762244200.2442002,peak=0.08350371569395065,peak2=-0.03892009693663567,lag_off=1.0,confirmed=False
2026-04-24T17:26:11.825350,AUTOCORR_RESULT,autocorr classification,freq=762244200.2442002,votes=0,total=10,score=0.0,confirmed=False
2026-04-24T17:26:12.079635,AUTOCORR_SAMPLE,Per-buffer autocorr result,freq=939973137.973138,peak=0.027784043923020363,peak2=0.009707310236990452,lag_off=-4.0,confirmed=False
2026-04-24T17:26:12.083766,AUTOCORR_SAMPLE,Per-buffer autocorr result,freq=939973137.973138,peak=0.05968996696174145,peak2=0.09619867615401745,lag_off=0.0,confirmed=False
2026-04-24T17:26:12.084823,AUTOCORR_SAMPLE,Per-buffer autocorr result,freq=939973137.973138,peak=0.06529610510915518,peak2=0.08827160205692053,lag_off=4.0,confirmed=False
2026-04-24T17:26:12.089071,AUTOCORR_SAMPLE,Per-buffer autocorr result,freq=939973137.973138,peak=0.11503141629509628,peak2=0.08184512960724533,lag_off=-4.0,confirmed=False
2026-04-24T17:26:12.089943,AUTOCORR_SAMPLE,Per-buffer autocorr result,freq=939973137.973138,peak=0.08708523958921432,peak2=-0.03377046901732683,lag_off=0.0,confirmed=False
2026-04-24T17:26:12.093864,AUTOCORR_SAMPLE,Per-buffer autocorr result,freq=939973137.973138,peak=0.06632414367049932,peak2=0.06936525460332632,lag_off=-4.0,confirmed=False
2026-04-24T17:26:12.097613,AUTOCORR_SAMPLE,Per-buffer autocorr result,freq=939973137.973138,peak=0.14860877208411694,peak2=0.11606484465301037,lag_off=3.0,confirmed=False
2026-04-24T17:26:12.101268,AUTOCORR_SAMPLE,Per-buffer autocorr result,freq=939973137.973138,peak=0.08885951992124319,peak2=0.07034152280539274,lag_off=0.0,confirmed=False
2026-04-24T17:26:12.102312,AUTOCORR_SAMPLE,Per-buffer autocorr result,freq=939973137.973138,peak=-0.43345957249403,peak2=-0.8348206579685211,lag_off=-6.0,confirmed=False
2026-04-24T17:26:12.105749,AUTOCORR_SAMPLE,Per-buffer autocorr result,freq=939973137.973138,peak=0.12214725837111473,peak2=0.08104338124394417,lag_off=-6.0,confirmed=False
2026-04-24T17:26:12.105921,AUTOCORR_RESULT,autocorr classification,freq=939973137.973138,votes=0,total=10,score=0.0,confirmed=False
2026-04-24T17:26:12.119919,AUTOCORR_SAMPLE,Per-buffer autocorr result,freq=961792429.7924298,peak=0.05968996696174145,peak2=0.09619867615401745,lag_off=0.0,confirmed=False
2026-04-24T17:26:12.120743,AUTOCORR_SAMPLE,Per-buffer autocorr result,freq=961792429.7924298,peak=0.07204701006412506,peak2=-0.019940266385674477,lag_off=-3.0,confirmed=False
2026-04-24T17:26:12.123993,AUTOCORR_SAMPLE,Per-buffer autocorr result,freq=961792429.7924298,peak=0.005584166385233402,peak2=0.02303361799567938,lag_off=0.0,confirmed=False
2026-04-24T17:26:12.124810,AUTOCORR_SAMPLE,Per-buffer autocorr result,freq=961792429.7924298,peak=0.09815201908349991,peak2=0.015137933194637299,lag_off=6.0,confirmed=False
2026-04-24T17:26:12.127732,AUTOCORR_SAMPLE,Per-buffer autocorr result,freq=961792429.7924298,peak=0.093702448066324,peak2=0.04992186417803168,lag_off=1.0,confirmed=False
2026-04-24T17:26:12.128493,AUTOCORR_SAMPLE,Per-buffer autocorr result,freq=961792429.7924298,peak=0.06177128944545984,peak2=0.028903267346322536,lag_off=4.0,confirmed=False
2026-04-24T17:26:12.131532,AUTOCORR_SAMPLE,Per-buffer autocorr result,freq=961792429.7924298,peak=-0.04197091422975063,peak2=-0.007134465500712395,lag_off=-4.0,confirmed=False
2026-04-24T17:26:12.132333,AUTOCORR_SAMPLE,Per-buffer autocorr result,freq=961792429.7924298,peak=0.07945350650697947,peak2=0.048041933216154575,lag_off=4.0,confirmed=False
2026-04-24T17:26:12.133190,AUTOCORR_SAMPLE,Per-buffer autocorr result,freq=961792429.7924298,peak=0.08283232524991035,peak2=0.029269710183143616,lag_off=0.0,confirmed=False
2026-04-24T17:26:12.136463,AUTOCORR_SAMPLE,Per-buffer autocorr result,freq=961792429.7924298,peak=-0.14038223773241043,peak2=-0.021929826587438583,lag_off=-1.0,confirmed=False
2026-04-24T17:26:12.136558,AUTOCORR_RESULT,autocorr classification,freq=961792429.7924298,votes=0,total=10,score=0.0,confirmed=False
2026-04-24T17:26:12.431798,AUTOCORR_SAMPLE,Per-buffer autocorr result,freq=1182385836.3858364,peak=0.1842721407301724,peak2=0.09567093895748258,lag_off=0.0,confirmed=False
2026-04-24T17:26:12.434727,AUTOCORR_SAMPLE,Per-buffer autocorr result,freq=1182385836.3858364,peak=0.06937712687067688,peak2=0.06892811763100326,lag_off=-1.0,confirmed=False
2026-04-24T17:26:12.435372,AUTOCORR_SAMPLE,Per-buffer autocorr result,freq=1182385836.3858364,peak=-0.3662671074271202,peak2=-0.47609326243400574,lag_off=-6.0,confirmed=False
2026-04-24T17:26:12.436037,AUTOCORR_SAMPLE,Per-buffer autocorr result,freq=1182385836.3858364,peak=0.09213279187679291,peak2=0.014501906931400299,lag_off=-6.0,confirmed=False
2026-04-24T17:26:12.438726,AUTOCORR_SAMPLE,Per-buffer autocorr result,freq=1182385836.3858364,peak=0.06602304801344872,peak2=0.03368646278977394,lag_off=-6.0,confirmed=False
2026-04-24T17:26:12.439451,AUTOCORR_SAMPLE,Per-buffer autocorr result,freq=1182385836.3858364,peak=0.05559092015028,peak2=0.0625649243593216,lag_off=-3.0,confirmed=False
2026-04-24T17:26:12.442099,AUTOCORR_SAMPLE,Per-buffer autocorr result,freq=1182385836.3858364,peak=0.11031579039990902,peak2=0.012279186397790909,lag_off=-4.0,confirmed=False
2026-04-24T17:26:12.444599,AUTOCORR_SAMPLE,Per-buffer autocorr result,freq=1182385836.3858364,peak=0.10585307329893112,peak2=0.049760788679122925,lag_off=2.0,confirmed=False
2026-04-24T17:26:12.445368,AUTOCORR_SAMPLE,Per-buffer autocorr result,freq=1182385836.3858364,peak=0.16366127133369446,peak2=0.10105200111865997,lag_off=6.0,confirmed=False
2026-04-24T17:26:12.447950,AUTOCORR_SAMPLE,Per-buffer autocorr result,freq=1182385836.3858364,peak=0.16882534185424447,peak2=0.06845305720344186,lag_off=-4.0,confirmed=False
2026-04-24T17:26:12.448015,AUTOCORR_RESULT,autocorr classification,freq=1182385836.3858364,votes=0,total=10,score=0.0,confirmed=False
2026-04-24T17:26:12.557371,AUTOCORR_SAMPLE,Per-buffer autocorr result,freq=1266547008.5470085,peak=-0.13262876123189926,peak2=-0.34550395607948303,lag_off=-5.0,confirmed=False
2026-04-24T17:26:12.560365,AUTOCORR_SAMPLE,Per-buffer autocorr result,freq=1266547008.5470085,peak=0.037683576345443726,peak2=-0.0844599287956953,lag_off=-3.0,confirmed=False
2026-04-24T17:26:12.561029,AUTOCORR_SAMPLE,Per-buffer autocorr result,freq=1266547008.5470085,peak=-0.00787416659295559,peak2=-0.03947380371391773,lag_off=-5.0,confirmed=False
2026-04-24T17:26:12.564418,AUTOCORR_SAMPLE,Per-buffer autocorr result,freq=1266547008.5470085,peak=0.06847570091485977,peak2=0.08390402793884277,lag_off=-5.0,confirmed=False
2026-04-24T17:26:12.565141,AUTOCORR_SAMPLE,Per-buffer autocorr result,freq=1266547008.5470085,peak=0.11222817189991474,peak2=0.1183983776718378,lag_off=4.0,confirmed=False
2026-04-24T17:26:12.568596,AUTOCORR_SAMPLE,Per-buffer autocorr result,freq=1266547008.5470085,peak=0.029881500639021397,peak2=0.012354349717497826,lag_off=-1.0,confirmed=False
2026-04-24T17:26:12.571690,AUTOCORR_SAMPLE,Per-buffer autocorr result,freq=1266547008.5470085,peak=0.07418623846024275,peak2=0.04621386807411909,lag_off=-4.0,confirmed=False
2026-04-24T17:26:12.572455,AUTOCORR_SAMPLE,Per-buffer autocorr result,freq=1266547008.5470085,peak=0.11294927168637514,peak2=-0.008182465564459562,lag_off=-5.0,confirmed=False
2026-04-24T17:26:12.575653,AUTOCORR_SAMPLE,Per-buffer autocorr result,freq=1266547008.5470085,peak=0.08529603574424982,peak2=0.044386778958141804,lag_off=4.0,confirmed=False
2026-04-24T17:26:12.576442,AUTOCORR_SAMPLE,Per-buffer autocorr result,freq=1266547008.5470085,peak=0.035722196800634265,peak2=0.029355407459661365,lag_off=-6.0,confirmed=False
2026-04-24T17:26:12.578851,AUTOCORR_RESULT,autocorr classification,freq=1266547008.5470085,votes=0,total=10,score=0.0,confirmed=False
2026-04-24T17:26:12.603540,AUTOCORR_SAMPLE,Per-buffer autocorr result,freq=1285360195.3601954,peak=0.037683576345443726,peak2=-0.0844599287956953,lag_off=-3.0,confirmed=False
2026-04-24T17:26:12.606966,AUTOCORR_SAMPLE,Per-buffer autocorr result,freq=1285360195.3601954,peak=0.10321790003217757,peak2=0.09421207779087126,lag_off=-6.0,confirmed=False
2026-04-24T17:26:12.607934,AUTOCORR_SAMPLE,Per-buffer autocorr result,freq=1285360195.3601954,peak=0.1208003805950284,peak2=0.07267860043793917,lag_off=-2.0,confirmed=False
2026-04-24T17:26:12.610591,AUTOCORR_SAMPLE,Per-buffer autocorr result,freq=1285360195.3601954,peak=0.06760547403246164,peak2=0.11273215431720018,lag_off=-5.0,confirmed=False
2026-04-24T17:26:12.611402,AUTOCORR_SAMPLE,Per-buffer autocorr result,freq=1285360195.3601954,peak=0.13561407383531332,peak2=0.10167068149894476,lag_off=4.0,confirmed=False
2026-04-24T17:26:12.612030,AUTOCORR_SAMPLE,Per-buffer autocorr result,freq=1285360195.3601954,peak=-0.12739112973213196,peak2=-0.20360606163740158,lag_off=-5.0,confirmed=False
2026-04-24T17:26:12.614455,AUTOCORR_SAMPLE,Per-buffer autocorr result,freq=1285360195.3601954,peak=0.09628491848707199,peak2=-0.07433838862925768,lag_off=-6.0,confirmed=False
2026-04-24T17:26:12.615279,AUTOCORR_SAMPLE,Per-buffer autocorr result,freq=1285360195.3601954,peak=-0.09348096698522568,peak2=-0.3128429874777794,lag_off=-3.0,confirmed=False
2026-04-24T17:26:12.617767,AUTOCORR_SAMPLE,Per-buffer autocorr result,freq=1285360195.3601954,peak=-0.009335316717624664,peak2=-0.1461464799940586,lag_off=3.0,confirmed=False
2026-04-24T17:26:12.618651,AUTOCORR_SAMPLE,Per-buffer autocorr result,freq=1285360195.3601954,peak=-0.013958312571048737,peak2=-0.17009074985980988,lag_off=-1.0,confirmed=False
2026-04-24T17:26:12.618766,AUTOCORR_RESULT,autocorr classification,freq=1285360195.3601954,votes=0,total=10,score=0.0,confirmed=False
2026-04-24T17:26:12.733731,AUTOCORR_SAMPLE,Per-buffer autocorr result,freq=1356378510.3785105,peak=0.12523245974443853,peak2=0.06324465735815465,lag_off=6.0,confirmed=False
2026-04-24T17:26:12.737219,AUTOCORR_SAMPLE,Per-buffer autocorr result,freq=1356378510.3785105,peak=0.058018873911350965,peak2=0.023757684510201216,lag_off=5.0,confirmed=False
2026-04-24T17:26:12.738267,AUTOCORR_SAMPLE,Per-buffer autocorr result,freq=1356378510.3785105,peak=0.01406484842300415,peak2=-0.05530574917793274,lag_off=5.0,confirmed=False
2026-04-24T17:26:12.740930,AUTOCORR_SAMPLE,Per-buffer autocorr result,freq=1356378510.3785105,peak=0.07183761894702911,peak2=0.03712467476725578,lag_off=-6.0,confirmed=False
2026-04-24T17:26:12.741624,AUTOCORR_SAMPLE,Per-buffer autocorr result,freq=1356378510.3785105,peak=0.018405405338853598,peak2=0.00229082815349102,lag_off=-2.0,confirmed=False
2026-04-24T17:26:12.744232,AUTOCORR_SAMPLE,Per-buffer autocorr result,freq=1356378510.3785105,peak=0.03447774797677994,peak2=-0.05730667803436518,lag_off=1.0,confirmed=False
2026-04-24T17:26:12.744961,AUTOCORR_SAMPLE,Per-buffer autocorr result,freq=1356378510.3785105,peak=0.06420472171157598,peak2=0.022901582531630993,lag_off=3.0,confirmed=False
2026-04-24T17:26:12.747337,AUTOCORR_SAMPLE,Per-buffer autocorr result,freq=1356378510.3785105,peak=0.14919068850576878,peak2=0.012124916538596153,lag_off=-2.0,confirmed=False
2026-04-24T17:26:12.748020,AUTOCORR_SAMPLE,Per-buffer autocorr result,freq=1356378510.3785105,peak=0.05804668739438057,peak2=0.0040885284543037415,lag_off=-4.0,confirmed=False
2026-04-24T17:26:12.750809,AUTOCORR_SAMPLE,Per-buffer autocorr result,freq=1356378510.3785105,peak=0.10300201864447445,peak2=0.09883329959120601,lag_off=-6.0,confirmed=False
2026-04-24T17:26:12.750911,AUTOCORR_RESULT,autocorr classification,freq=1356378510.3785105,votes=0,total=10,score=0.0,confirmed=False
2026-04-24T17:26:12.775711,AUTOCORR_SAMPLE,Per-buffer autocorr result,freq=1375308913.3089132,peak=0.058018873911350965,peak2=0.023757684510201216,lag_off=5.0,confirmed=False
2026-04-24T17:26:12.779442,AUTOCORR_SAMPLE,Per-buffer autocorr result,freq=1375308913.3089132,peak=0.07778592314571142,peak2=0.031291536055505276,lag_off=-5.0,confirmed=False
2026-04-24T17:26:12.782521,AUTOCORR_SAMPLE,Per-buffer autocorr result,freq=1375308913.3089132,peak=0.05122822476550937,peak2=0.030854574870318174,lag_off=0.0,confirmed=False
2026-04-24T17:26:12.783258,AUTOCORR_SAMPLE,Per-buffer autocorr result,freq=1375308913.3089132,peak=0.06177907669916749,peak2=0.035644898656755686,lag_off=6.0,confirmed=False
2026-04-24T17:26:12.786513,AUTOCORR_SAMPLE,Per-buffer autocorr result,freq=1375308913.3089132,peak=0.021796008571982384,peak2=0.10480482690036297,lag_off=2.0,confirmed=False
2026-04-24T17:26:12.787238,AUTOCORR_SAMPLE,Per-buffer autocorr result,freq=1375308913.3089132,peak=0.09858066611923277,peak2=0.0703746082726866,lag_off=-2.0,confirmed=False
2026-04-24T17:26:12.790203,AUTOCORR_SAMPLE,Per-buffer autocorr result,freq=1375308913.3089132,peak=0.051657971198437735,peak2=0.08786448111641221,lag_off=5.0,confirmed=False
2026-04-24T17:26:12.793415,AUTOCORR_SAMPLE,Per-buffer autocorr result,freq=1375308913.3089132,peak=0.030251921387389302,peak2=0.0179838587064296,lag_off=1.0,confirmed=False
2026-04-24T17:26:12.794225,AUTOCORR_SAMPLE,Per-buffer autocorr result,freq=1375308913.3089132,peak=0.08363545313477516,peak2=0.06375174596905708,lag_off=2.0,confirmed=False
2026-04-24T17:26:12.797248,AUTOCORR_SAMPLE,Per-buffer autocorr result,freq=1375308913.3089132,peak=0.031121257226914167,peak2=0.052299059461802244,lag_off=-1.0,confirmed=False
2026-04-24T17:26:12.797338,AUTOCORR_RESULT,autocorr classification,freq=1375308913.3089132,votes=0,total=10,score=0.0,confirmed=False
2026-04-24T17:26:12.820940,AUTOCORR_SAMPLE,Per-buffer autocorr result,freq=1393562881.5628815,peak=-0.006781548261642456,peak2=-0.0031673572957515717,lag_off=1.0,confirmed=False
2026-04-24T17:26:12.821613,AUTOCORR_SAMPLE,Per-buffer autocorr result,freq=1393562881.5628815,peak=0.00033992156386375427,peak2=-0.042952454095939174,lag_off=-4.0,confirmed=False
2026-04-24T17:26:12.828939,AUTOCORR_SAMPLE,Per-buffer autocorr result,freq=1393562881.5628815,peak=0.024541745893657207,peak2=0.01452991645783186,lag_off=-4.0,confirmed=False
2026-04-24T17:26:12.829798,AUTOCORR_SAMPLE,Per-buffer autocorr result,freq=1393562881.5628815,peak=0.04490389581769705,peak2=0.04907894413918257,lag_off=-6.0,confirmed=False
2026-04-24T17:26:12.834715,AUTOCORR_SAMPLE,Per-buffer autocorr result,freq=1393562881.5628815,peak=0.04571404820308089,peak2=0.015466267708688974,lag_off=6.0,confirmed=False
2026-04-24T17:26:12.835615,AUTOCORR_SAMPLE,Per-buffer autocorr result,freq=1393562881.5628815,peak=0.1255843685939908,peak2=0.11090159136801958,lag_off=3.0,confirmed=False
2026-04-24T17:26:12.840300,AUTOCORR_SAMPLE,Per-buffer autocorr result,freq=1393562881.5628815,peak=0.03723746398463845,peak2=0.042419655714184046,lag_off=-2.0,confirmed=False
2026-04-24T17:26:12.843875,AUTOCORR_SAMPLE,Per-buffer autocorr result,freq=1393562881.5628815,peak=0.01658340124413371,peak2=0.03393507935106754,lag_off=-6.0,confirmed=False
2026-04-24T17:26:12.844640,AUTOCORR_SAMPLE,Per-buffer autocorr result,freq=1393562881.5628815,peak=0.07575103873386979,peak2=0.11811137432232499,lag_off=-4.0,confirmed=False
2026-04-24T17:26:12.847808,AUTOCORR_SAMPLE,Per-buffer autocorr result,freq=1393562881.5628815,peak=0.13295395288150758,peak2=0.12912457797210664,lag_off=-1.0,confirmed=False
2026-04-24T17:26:12.847889,AUTOCORR_RESULT,autocorr classification,freq=1393562881.5628815,votes=0,total=10,score=0.0,confirmed=False
2026-04-24T17:26:12.872749,AUTOCORR_SAMPLE,Per-buffer autocorr result,freq=1413374847.3748474,peak=0.00033992156386375427,peak2=-0.042952454095939174,lag_off=-4.0,confirmed=False
2026-04-24T17:26:12.876338,AUTOCORR_SAMPLE,Per-buffer autocorr result,freq=1413374847.3748474,peak=0.1679421402513981,peak2=0.07643678411841393,lag_off=-4.0,confirmed=False
2026-04-24T17:26:12.877071,AUTOCORR_SAMPLE,Per-buffer autocorr result,freq=1413374847.3748474,peak=0.08809665427543223,peak2=0.09525096253491938,lag_off=-5.0,confirmed=False
2026-04-24T17:26:12.880446,AUTOCORR_SAMPLE,Per-buffer autocorr result,freq=1413374847.3748474,peak=0.08035747334361076,peak2=-0.05787887121550739,lag_off=-3.0,confirmed=False
2026-04-24T17:26:12.883882,AUTOCORR_SAMPLE,Per-buffer autocorr result,freq=1413374847.3748474,peak=0.12552770739421248,peak2=0.05943771591410041,lag_off=6.0,confirmed=False
2026-04-24T17:26:12.885212,AUTOCORR_SAMPLE,Per-buffer autocorr result,freq=1413374847.3748474,peak=0.11211988655850291,peak2=0.08346079615876079,lag_off=-3.0,confirmed=False
2026-04-24T17:26:12.889562,AUTOCORR_SAMPLE,Per-buffer autocorr result,freq=1413374847.3748474,peak=0.12392865493893623,peak2=0.10562235489487648,lag_off=1.0,confirmed=False
2026-04-24T17:26:12.890376,AUTOCORR_SAMPLE,Per-buffer autocorr result,freq=1413374847.3748474,peak=0.1480059603927657,peak2=0.09128263394813985,lag_off=5.0,confirmed=False
2026-04-24T17:26:12.893253,AUTOCORR_SAMPLE,Per-buffer autocorr result,freq=1413374847.3748474,peak=0.17838920839130878,peak2=0.09171388484537601,lag_off=-4.0,confirmed=False
2026-04-24T17:26:12.894028,AUTOCORR_SAMPLE,Per-buffer autocorr result,freq=1413374847.3748474,peak=0.04469342343509197,peak2=0.08259523846209049,lag_off=3.0,confirmed=False
2026-04-24T17:26:12.896315,AUTOCORR_RESULT,autocorr classification,freq=1413374847.3748474,votes=0,total=10,score=0.0,confirmed=False
2026-04-24T17:26:13.752362,AUTOCORR_SAMPLE,Per-buffer autocorr result,freq=1807782661.7826617,peak=0.14853589609265327,peak2=0.09466787800192833,lag_off=-4.0,confirmed=False
2026-04-24T17:26:13.779316,AUTOCORR_SAMPLE,Per-buffer autocorr result,freq=1807782661.7826617,peak=0.05461218720301986,peak2=0.0681325695477426,lag_off=3.0,confirmed=False
2026-04-24T17:26:13.788320,AUTOCORR_SAMPLE,Per-buffer autocorr result,freq=1807782661.7826617,peak=0.04368058405816555,peak2=0.03413604758679867,lag_off=2.0,confirmed=False
2026-04-24T17:26:13.822515,AUTOCORR_SAMPLE,Per-buffer autocorr result,freq=1807782661.7826617,peak=0.13241635635495186,peak2=0.07044967263936996,lag_off=-4.0,confirmed=False
2026-04-24T17:26:13.834168,AUTOCORR_SAMPLE,Per-buffer autocorr result,freq=1807782661.7826617,peak=0.0609858613461256,peak2=0.02005278877913952,lag_off=-5.0,confirmed=False
2026-04-24T17:26:13.858592,AUTOCORR_SAMPLE,Per-buffer autocorr result,freq=1807782661.7826617,peak=0.051420360803604126,peak2=0.014788482338190079,lag_off=5.0,confirmed=False
2026-04-24T17:26:13.859756,AUTOCORR_SAMPLE,Per-buffer autocorr result,freq=1807782661.7826617,peak=0.17358630523085594,peak2=0.07321775332093239,lag_off=-6.0,confirmed=False
2026-04-24T17:26:13.894709,AUTOCORR_SAMPLE,Per-buffer autocorr result,freq=1807782661.7826617,peak=0.08154849894344807,peak2=0.08733087964355946,lag_off=-2.0,confirmed=False
2026-04-24T17:26:13.895696,AUTOCORR_SAMPLE,Per-buffer autocorr result,freq=1807782661.7826617,peak=0.10972962435334921,peak2=0.08706278260797262,lag_off=1.0,confirmed=False
2026-04-24T17:26:13.920477,AUTOCORR_SAMPLE,Per-buffer autocorr result,freq=1807782661.7826617,peak=0.06212722137570381,peak2=0.003422871232032776,lag_off=2.0,confirmed=False
2026-04-24T17:26:13.925411,AUTOCORR_RESULT,autocorr classification,freq=1807782661.7826617,votes=0,total=10,score=0.0,confirmed=False
2026-04-24T17:26:13.976895,AUTOCORR_SAMPLE,Per-buffer autocorr result,freq=1827846153.8461537,peak=0.04368058405816555,peak2=0.03413604758679867,lag_off=2.0,confirmed=False
2026-04-24T17:26:13.981069,AUTOCORR_SAMPLE,Per-buffer autocorr result,freq=1827846153.8461537,peak=0.1407651463523507,peak2=0.06290542427450418,lag_off=-5.0,confirmed=False
2026-04-24T17:26:13.981692,AUTOCORR_SAMPLE,Per-buffer autocorr result,freq=1827846153.8461537,peak=0.05413593351840973,peak2=-0.06668588845059276,lag_off=-3.0,confirmed=False
2026-04-24T17:26:13.987064,AUTOCORR_SAMPLE,Per-buffer autocorr result,freq=1827846153.8461537,peak=0.058301580836996436,peak2=0.10542123927734792,lag_off=-6.0,confirmed=False
2026-04-24T17:26:13.994083,AUTOCORR_SAMPLE,Per-buffer autocorr result,freq=1827846153.8461537,peak=0.07459720689803362,peak2=0.10116190183907747,lag_off=0.0,confirmed=False
2026-04-24T17:26:13.995262,AUTOCORR_SAMPLE,Per-buffer autocorr result,freq=1827846153.8461537,peak=0.06797148857731372,peak2=0.0343687740387395,lag_off=2.0,confirmed=False
2026-04-24T17:26:14.016142,AUTOCORR_SAMPLE,Per-buffer autocorr result,freq=1827846153.8461537,peak=0.14594440581277013,peak2=0.06790542276576161,lag_off=2.0,confirmed=False
2026-04-24T17:26:14.017148,AUTOCORR_SAMPLE,Per-buffer autocorr result,freq=1827846153.8461537,peak=-0.015358053147792816,peak2=-0.05331600457429886,lag_off=-5.0,confirmed=False
2026-04-24T17:26:14.047667,AUTOCORR_SAMPLE,Per-buffer autocorr result,freq=1827846153.8461537,peak=0.14297915250062943,peak2=0.13110318779945374,lag_off=-1.0,confirmed=False
2026-04-24T17:26:14.076891,AUTOCORR_SAMPLE,Per-buffer autocorr result,freq=1827846153.8461537,peak=0.136511723510921,peak2=0.05135748814791441,lag_off=3.0,confirmed=False
2026-04-24T17:26:14.077017,AUTOCORR_RESULT,autocorr classification,freq=1827846153.8461537,votes=0,total=10,score=0.0,confirmed=False
2026-04-24T17:26:14.226987,AUTOCORR_SAMPLE,Per-buffer autocorr result,freq=1847821733.8217337,peak=0.1407651463523507,peak2=0.06290542427450418,lag_off=-5.0,confirmed=False
2026-04-24T17:26:14.227614,AUTOCORR_SAMPLE,Per-buffer autocorr result,freq=1847821733.8217337,peak=0.008091330528259277,peak2=-0.09154260717332363,lag_off=-4.0,confirmed=False
2026-04-24T17:26:14.258532,AUTOCORR_SAMPLE,Per-buffer autocorr result,freq=1847821733.8217337,peak=0.024754542857408524,peak2=0.16300835832953453,lag_off=5.0,confirmed=False
2026-04-24T17:26:14.259554,AUTOCORR_SAMPLE,Per-buffer autocorr result,freq=1847821733.8217337,peak=0.046841446310281754,peak2=0.037980105727910995,lag_off=-5.0,confirmed=False
2026-04-24T17:26:14.276058,AUTOCORR_SAMPLE,Per-buffer autocorr result,freq=1847821733.8217337,peak=-0.0829019583761692,peak2=0.012658551335334778,lag_off=-3.0,confirmed=False
2026-04-24T17:26:14.281054,AUTOCORR_SAMPLE,Per-buffer autocorr result,freq=1847821733.8217337,peak=-0.036912159994244576,peak2=-0.10973183810710907,lag_off=4.0,confirmed=False
2026-04-24T17:26:14.288428,AUTOCORR_SAMPLE,Per-buffer autocorr result,freq=1847821733.8217337,peak=0.023091798648238182,peak2=-0.00305742584168911,lag_off=5.0,confirmed=False
2026-04-24T17:26:14.289300,AUTOCORR_SAMPLE,Per-buffer autocorr result,freq=1847821733.8217337,peak=-0.05176924914121628,peak2=-0.18869224190711975,lag_off=2.0,confirmed=False
2026-04-24T17:26:14.293797,AUTOCORR_SAMPLE,Per-buffer autocorr result,freq=1847821733.8217337,peak=0.05151934968307614,peak2=-0.0015540898311883211,lag_off=-5.0,confirmed=False
2026-04-24T17:26:14.297389,AUTOCORR_SAMPLE,Per-buffer autocorr result,freq=1847821733.8217337,peak=-0.10229398310184479,peak2=-0.40839459002017975,lag_off=4.0,confirmed=False
2026-04-24T17:26:14.297500,AUTOCORR_RESULT,autocorr classification,freq=1847821733.8217337,votes=0,total=10,score=0.0,confirmed=False
2026-04-24T17:26:14.319446,AUTOCORR_SAMPLE,Per-buffer autocorr result,freq=1861660561.6605616,peak=-0.036912159994244576,peak2=-0.10973183810710907,lag_off=4.0,confirmed=False
2026-04-24T17:26:14.322345,AUTOCORR_SAMPLE,Per-buffer autocorr result,freq=1861660561.6605616,peak=0.013993851840496063,peak2=-0.03784999065101147,lag_off=3.0,confirmed=False
2026-04-24T17:26:14.323110,AUTOCORR_SAMPLE,Per-buffer autocorr result,freq=1861660561.6605616,peak=0.06862175092101097,peak2=0.09815384075045586,lag_off=-1.0,confirmed=False
2026-04-24T17:26:14.326514,AUTOCORR_SAMPLE,Per-buffer autocorr result,freq=1861660561.6605616,peak=-0.2187268976122141,peak2=-0.2018824378028512,lag_off=-3.0,confirmed=False
2026-04-24T17:26:14.329933,AUTOCORR_SAMPLE,Per-buffer autocorr result,freq=1861660561.6605616,peak=-0.2564708776772022,peak2=-0.4964407980442047,lag_off=3.0,confirmed=False
2026-04-24T17:26:14.330658,AUTOCORR_SAMPLE,Per-buffer autocorr result,freq=1861660561.6605616,peak=-0.18976061046123505,peak2=-0.5018082559108734,lag_off=-5.0,confirmed=False
2026-04-24T17:26:14.331246,AUTOCORR_SAMPLE,Per-buffer autocorr result,freq=1861660561.6605616,peak=0.08873193198814988,peak2=0.10581693286076188,lag_off=6.0,confirmed=False
2026-04-24T17:26:14.334841,AUTOCORR_SAMPLE,Per-buffer autocorr result,freq=1861660561.6605616,peak=0.0946135288104415,peak2=0.09252340998500586,lag_off=-1.0,confirmed=False
2026-04-24T17:26:14.335418,AUTOCORR_SAMPLE,Per-buffer autocorr result,freq=1861660561.6605616,peak=0.005658596754074097,peak2=-0.12321368977427483,lag_off=1.0,confirmed=False
2026-04-24T17:26:14.336213,AUTOCORR_SAMPLE,Per-buffer autocorr result,freq=1861660561.6605616,peak=0.07917031506076455,peak2=0.060959233436733484,lag_off=1.0,confirmed=False
2026-04-24T17:26:14.336312,AUTOCORR_RESULT,autocorr classification,freq=1861660561.6605616,votes=0,total=10,score=0.0,confirmed=False
2026-04-24T17:26:14.361922,AUTOCORR_SAMPLE,Per-buffer autocorr result,freq=1875426129.4261293,peak=-0.011439952999353409,peak2=0.14784416928887367,lag_off=3.0,confirmed=False
2026-04-24T17:26:14.365435,AUTOCORR_SAMPLE,Per-buffer autocorr result,freq=1875426129.4261293,peak=0.0784336538054049,peak2=0.089179000351578,lag_off=-4.0,confirmed=False
2026-04-24T17:26:14.366123,AUTOCORR_SAMPLE,Per-buffer autocorr result,freq=1875426129.4261293,peak=0.14566303044557571,peak2=0.021892644464969635,lag_off=6.0,confirmed=False
2026-04-24T17:26:14.370140,AUTOCORR_SAMPLE,Per-buffer autocorr result,freq=1875426129.4261293,peak=-0.06132998503744602,peak2=-0.05975339259020984,lag_off=6.0,confirmed=False
2026-04-24T17:26:14.373780,AUTOCORR_SAMPLE,Per-buffer autocorr result,freq=1875426129.4261293,peak=0.15102067217230797,peak2=0.0879707969725132,lag_off=-4.0,confirmed=False
2026-04-24T17:26:14.374359,AUTOCORR_SAMPLE,Per-buffer autocorr result,freq=1875426129.4261293,peak=0.016527004539966583,peak2=-0.009686481207609177,lag_off=-4.0,confirmed=False
2026-04-24T17:26:14.374939,AUTOCORR_SAMPLE,Per-buffer autocorr result,freq=1875426129.4261293,peak=0.014108562842011452,peak2=-0.04343857057392597,lag_off=2.0,confirmed=False
2026-04-24T17:26:14.378415,AUTOCORR_SAMPLE,Per-buffer autocorr result,freq=1875426129.4261293,peak=0.032605765387415886,peak2=0.021708505228161812,lag_off=-4.0,confirmed=False
2026-04-24T17:26:14.379093,AUTOCORR_SAMPLE,Per-buffer autocorr result,freq=1875426129.4261293,peak=0.07390890549868345,peak2=0.12332848738878965,lag_off=2.0,confirmed=False
2026-04-24T17:26:14.382636,AUTOCORR_SAMPLE,Per-buffer autocorr result,freq=1875426129.4261293,peak=0.1675691632553935,peak2=0.07334231864660978,lag_off=-5.0,confirmed=False
2026-04-24T17:26:14.386345,AUTOCORR_RESULT,autocorr classification,freq=1875426129.4261293,votes=0,total=10,score=0.0,confirmed=False
2026-04-24T17:26:14.401401,AUTOCORR_SAMPLE,Per-buffer autocorr result,freq=1895333333.3333333,peak=0.14566303044557571,peak2=0.021892644464969635,lag_off=6.0,confirmed=False
2026-04-24T17:26:14.405007,AUTOCORR_SAMPLE,Per-buffer autocorr result,freq=1895333333.3333333,peak=0.029046913143247366,peak2=0.01970616402104497,lag_off=-1.0,confirmed=False
2026-04-24T17:26:14.407823,AUTOCORR_SAMPLE,Per-buffer autocorr result,freq=1895333333.3333333,peak=0.012888201119494624,peak2=0.008508241342497058,lag_off=5.0,confirmed=False
2026-04-24T17:26:14.408482,AUTOCORR_SAMPLE,Per-buffer autocorr result,freq=1895333333.3333333,peak=0.11178783979266882,peak2=0.03838608134537935,lag_off=-6.0,confirmed=False
2026-04-24T17:26:14.410919,AUTOCORR_SAMPLE,Per-buffer autocorr result,freq=1895333333.3333333,peak=0.030585214495658875,peak2=0.051100654527544975,lag_off=-2.0,confirmed=False
2026-04-24T17:26:14.413190,AUTOCORR_SAMPLE,Per-buffer autocorr result,freq=1895333333.3333333,peak=0.0285455520497635,peak2=0.033839327399618924,lag_off=-1.0,confirmed=False
2026-04-24T17:26:14.413869,AUTOCORR_SAMPLE,Per-buffer autocorr result,freq=1895333333.3333333,peak=0.03563493303954601,peak2=0.04247235879302025,lag_off=0.0,confirmed=False
2026-04-24T17:26:14.414397,AUTOCORR_SAMPLE,Per-buffer autocorr result,freq=1895333333.3333333,peak=0.1272039064206183,peak2=0.07336583966389298,lag_off=2.0,confirmed=False
2026-04-24T17:26:14.416736,AUTOCORR_SAMPLE,Per-buffer autocorr result,freq=1895333333.3333333,peak=0.08546047983691096,peak2=0.08464964805170894,lag_off=-6.0,confirmed=False
2026-04-24T17:26:14.417310,AUTOCORR_SAMPLE,Per-buffer autocorr result,freq=1895333333.3333333,peak=0.025264381896704435,peak2=0.04103514505550265,lag_off=2.0,confirmed=False
2026-04-24T17:26:14.417398,AUTOCORR_RESULT,autocorr classification,freq=1895333333.3333333,votes=0,total=10,score=0.0,confirmed=False
2026-04-24T17:26:14.705334,AUTOCORR_SAMPLE,Per-buffer autocorr result,freq=2113916971.916972,peak=0.06201892998069525,peak2=0.036581299267709255,lag_off=-5.0,confirmed=False
2026-04-24T17:26:14.708587,AUTOCORR_SAMPLE,Per-buffer autocorr result,freq=2113916971.916972,peak=0.04395255912095308,peak2=0.03204583469778299,lag_off=3.0,confirmed=False
2026-04-24T17:26:14.709184,AUTOCORR_SAMPLE,Per-buffer autocorr result,freq=2113916971.916972,peak=0.13111718371510506,peak2=0.15671144053339958,lag_off=-5.0,confirmed=False
2026-04-24T17:26:14.711993,AUTOCORR_SAMPLE,Per-buffer autocorr result,freq=2113916971.916972,peak=0.12923213839530945,peak2=0.15593428164720535,lag_off=-5.0,confirmed=False
2026-04-24T17:26:14.712715,AUTOCORR_SAMPLE,Per-buffer autocorr result,freq=2113916971.916972,peak=0.09712247736752033,peak2=0.06797142140567303,lag_off=0.0,confirmed=False
2026-04-24T17:26:14.715153,AUTOCORR_SAMPLE,Per-buffer autocorr result,freq=2113916971.916972,peak=0.06433947186451405,peak2=0.06205770175438374,lag_off=4.0,confirmed=False
2026-04-24T17:26:14.715905,AUTOCORR_SAMPLE,Per-buffer autocorr result,freq=2113916971.916972,peak=0.12003283575177193,peak2=0.04971259832382202,lag_off=-5.0,confirmed=False
2026-04-24T17:26:14.719279,AUTOCORR_SAMPLE,Per-buffer autocorr result,freq=2113916971.916972,peak=0.08978034718893468,peak2=0.03303393512032926,lag_off=3.0,confirmed=False
2026-04-24T17:26:14.723302,AUTOCORR_SAMPLE,Per-buffer autocorr result,freq=2113916971.916972,peak=0.06809383351355791,peak2=0.08632765430957079,lag_off=-3.0,confirmed=False
2026-04-24T17:26:14.723959,AUTOCORR_SAMPLE,Per-buffer autocorr result,freq=2113916971.916972,peak=0.08959767781198025,peak2=0.08244813047349453,lag_off=-1.0,confirmed=False
2026-04-24T17:26:14.724052,AUTOCORR_RESULT,autocorr classification,freq=2113916971.916972,votes=0,total=10,score=0.0,confirmed=False
2026-04-24T17:26:14.786671,AUTOCORR_SAMPLE,Per-buffer autocorr result,freq=2144300366.3003664,peak=0.04395255912095308,peak2=0.03204583469778299,lag_off=3.0,confirmed=False
2026-04-24T17:26:14.787385,AUTOCORR_SAMPLE,Per-buffer autocorr result,freq=2144300366.3003664,peak=0.1329382210969925,peak2=-0.1596858873963356,lag_off=1.0,confirmed=False
2026-04-24T17:26:14.791236,AUTOCORR_SAMPLE,Per-buffer autocorr result,freq=2144300366.3003664,peak=0.10462107509374619,peak2=-0.02547866851091385,lag_off=4.0,confirmed=False
2026-04-24T17:26:14.792079,AUTOCORR_SAMPLE,Per-buffer autocorr result,freq=2144300366.3003664,peak=0.09317994676530361,peak2=0.18145712465047836,lag_off=3.0,confirmed=False
2026-04-24T17:26:14.795500,AUTOCORR_SAMPLE,Per-buffer autocorr result,freq=2144300366.3003664,peak=0.014147210866212845,peak2=0.06601658836007118,lag_off=-1.0,confirmed=False
2026-04-24T17:26:14.798330,AUTOCORR_SAMPLE,Per-buffer autocorr result,freq=2144300366.3003664,peak=-0.14279763028025627,peak2=-0.072736956179142,lag_off=-5.0,confirmed=False
2026-04-24T17:26:14.800856,AUTOCORR_SAMPLE,Per-buffer autocorr result,freq=2144300366.3003664,peak=-0.050230974331498146,peak2=0.12309840507805347,lag_off=-3.0,confirmed=False
2026-04-24T17:26:14.801730,AUTOCORR_SAMPLE,Per-buffer autocorr result,freq=2144300366.3003664,peak=0.23451457172632217,peak2=0.14320377260446548,lag_off=4.0,confirmed=False
2026-04-24T17:26:14.805018,AUTOCORR_SAMPLE,Per-buffer autocorr result,freq=2144300366.3003664,peak=-0.18737993761897087,peak2=-0.2533797323703766,lag_off=0.0,confirmed=False
2026-04-24T17:26:14.805840,AUTOCORR_SAMPLE,Per-buffer autocorr result,freq=2144300366.3003664,peak=0.2164829457178712,peak2=0.028071562759578228,lag_off=0.0,confirmed=False
2026-04-24T17:26:14.805920,AUTOCORR_RESULT,autocorr classification,freq=2144300366.3003664,votes=0,total=10,score=0.0,confirmed=False
2026-04-24T17:26:14.824762,AUTOCORR_SAMPLE,Per-buffer autocorr result,freq=2162195360.19536,peak=0.10462107509374619,peak2=-0.02547866851091385,lag_off=4.0,confirmed=False
2026-04-24T17:26:14.825781,AUTOCORR_SAMPLE,Per-buffer autocorr result,freq=2162195360.19536,peak=0.07151121133938432,peak2=0.05342832440510392,lag_off=-4.0,confirmed=False
2026-04-24T17:26:14.828435,AUTOCORR_SAMPLE,Per-buffer autocorr result,freq=2162195360.19536,peak=0.10185454413294792,peak2=0.08044039458036423,lag_off=-6.0,confirmed=False
2026-04-24T17:26:14.829160,AUTOCORR_SAMPLE,Per-buffer autocorr result,freq=2162195360.19536,peak=0.09456583857536316,peak2=0.05446415767073631,lag_off=-6.0,confirmed=False
2026-04-24T17:26:14.831681,AUTOCORR_SAMPLE,Per-buffer autocorr result,freq=2162195360.19536,peak=0.11615192331373692,peak2=0.0714383963495493,lag_off=5.0,confirmed=False
2026-04-24T17:26:14.832415,AUTOCORR_SAMPLE,Per-buffer autocorr result,freq=2162195360.19536,peak=0.07880738377571106,peak2=0.06170988827943802,lag_off=0.0,confirmed=False
2026-04-24T17:26:14.835853,AUTOCORR_SAMPLE,Per-buffer autocorr result,freq=2162195360.19536,peak=0.08384133176878095,peak2=0.05951963039115071,lag_off=1.0,confirmed=False
2026-04-24T17:26:14.841736,AUTOCORR_SAMPLE,Per-buffer autocorr result,freq=2162195360.19536,peak=0.18218555767089128,peak2=0.04651365149766207,lag_off=-1.0,confirmed=False
2026-04-24T17:26:14.847888,AUTOCORR_SAMPLE,Per-buffer autocorr result,freq=2162195360.19536,peak=0.12089828215539455,peak2=0.04230407439172268,lag_off=2.0,confirmed=False
2026-04-24T17:26:14.869375,AUTOCORR_SAMPLE,Per-buffer autocorr result,freq=2162195360.19536,peak=0.16868954058736563,peak2=0.09843477513641119,lag_off=-4.0,confirmed=False
2026-04-24T17:26:14.876826,AUTOCORR_RESULT,autocorr classification,freq=2162195360.19536,votes=0,total=10,score=0.0,confirmed=False
2026-04-24T17:26:14.996240,AUTOCORR_SAMPLE,Per-buffer autocorr result,freq=2186732600.7326007,peak=0.07151121133938432,peak2=0.05342832440510392,lag_off=-4.0,confirmed=False
2026-04-24T17:26:15.004640,AUTOCORR_SAMPLE,Per-buffer autocorr result,freq=2186732600.7326007,peak=0.06199369113892317,peak2=0.0252322880551219,lag_off=3.0,confirmed=False
2026-04-24T17:26:15.005536,AUTOCORR_SAMPLE,Per-buffer autocorr result,freq=2186732600.7326007,peak=0.0672564897686243,peak2=0.05443679355084896,lag_off=6.0,confirmed=False
2026-04-24T17:26:15.011913,AUTOCORR_SAMPLE,Per-buffer autocorr result,freq=2186732600.7326007,peak=0.08228857489302754,peak2=0.024747170973569155,lag_off=1.0,confirmed=False
2026-04-24T17:26:15.012741,AUTOCORR_SAMPLE,Per-buffer autocorr result,freq=2186732600.7326007,peak=0.07185958791524172,peak2=0.07493205089122057,lag_off=3.0,confirmed=False
2026-04-24T17:26:15.018760,AUTOCORR_SAMPLE,Per-buffer autocorr result,freq=2186732600.7326007,peak=0.04897843627259135,peak2=0.07580325333401561,lag_off=2.0,confirmed=False
2026-04-24T17:26:15.019465,AUTOCORR_SAMPLE,Per-buffer autocorr result,freq=2186732600.7326007,peak=0.19344023258599918,peak2=0.04602494106802624,lag_off=-3.0,confirmed=False
2026-04-24T17:26:15.020168,AUTOCORR_SAMPLE,Per-buffer autocorr result,freq=2186732600.7326007,peak=0.10011021548416466,peak2=0.10016481333877891,lag_off=-6.0,confirmed=False
2026-04-24T17:26:15.024975,AUTOCORR_SAMPLE,Per-buffer autocorr result,freq=2186732600.7326007,peak=0.028325851657427847,peak2=0.023459246032871306,lag_off=3.0,confirmed=False
2026-04-24T17:26:15.029244,AUTOCORR_SAMPLE,Per-buffer autocorr result,freq=2186732600.7326007,peak=0.07153668673709035,peak2=0.08038822980597615,lag_off=2.0,confirmed=False
2026-04-24T17:26:15.029348,AUTOCORR_RESULT,autocorr classification,freq=2186732600.7326007,votes=0,total=10,score=0.0,confirmed=False
2026-04-24T17:26:15.045990,AUTOCORR_SAMPLE,Per-buffer autocorr result,freq=2207411477.4114776,peak=0.028325851657427847,peak2=0.023459246032871306,lag_off=3.0,confirmed=False
2026-04-24T17:26:15.046758,AUTOCORR_SAMPLE,Per-buffer autocorr result,freq=2207411477.4114776,peak=0.1089521141257137,peak2=0.055461926152929664,lag_off=-1.0,confirmed=False
2026-04-24T17:26:15.049485,AUTOCORR_SAMPLE,Per-buffer autocorr result,freq=2207411477.4114776,peak=0.03376045107143,peak2=0.0557858984102495,lag_off=-5.0,confirmed=False
2026-04-24T17:26:15.052217,AUTOCORR_SAMPLE,Per-buffer autocorr result,freq=2207411477.4114776,peak=0.17688184790313244,peak2=0.09106296114623547,lag_off=-2.0,confirmed=False
2026-04-24T17:26:15.052942,AUTOCORR_SAMPLE,Per-buffer autocorr result,freq=2207411477.4114776,peak=0.13312493404373527,peak2=0.13948591193184257,lag_off=-4.0,confirmed=False
2026-04-24T17:26:15.056067,AUTOCORR_SAMPLE,Per-buffer autocorr result,freq=2207411477.4114776,peak=0.0371915427967906,peak2=0.022730653174221516,lag_off=-1.0,confirmed=False
2026-04-24T17:26:15.056710,AUTOCORR_SAMPLE,Per-buffer autocorr result,freq=2207411477.4114776,peak=0.12552140094339848,peak2=0.05594668723642826,lag_off=0.0,confirmed=False
2026-04-24T17:26:15.059278,AUTOCORR_SAMPLE,Per-buffer autocorr result,freq=2207411477.4114776,peak=0.15807379269972444,peak2=0.05595543468371034,lag_off=2.0,confirmed=False
2026-04-24T17:26:15.062017,AUTOCORR_SAMPLE,Per-buffer autocorr result,freq=2207411477.4114776,peak=0.12461008038371801,peak2=0.030275537632405758,lag_off=0.0,confirmed=False
2026-04-24T17:26:15.062657,AUTOCORR_SAMPLE,Per-buffer autocorr result,freq=2207411477.4114776,peak=0.0710809868760407,peak2=0.091451954562217,lag_off=1.0,confirmed=False
2026-04-24T17:26:15.064410,AUTOCORR_RESULT,autocorr classification,freq=2207411477.4114776,votes=0,total=10,score=0.0,confirmed=False
2026-04-24T17:26:15.330829,AUTOCORR_SAMPLE,Per-buffer autocorr result,freq=2408300366.3003664,peak=0.17233158461749554,peak2=0.11131875030696392,lag_off=4.0,confirmed=False
2026-04-24T17:26:15.333402,AUTOCORR_SAMPLE,Per-buffer autocorr result,freq=2408300366.3003664,peak=0.10090666497126222,peak2=0.16516296053305268,lag_off=0.0,confirmed=False
2026-04-24T17:26:15.334168,AUTOCORR_SAMPLE,Per-buffer autocorr result,freq=2408300366.3003664,peak=0.055423028650693595,peak2=0.043253660085611045,lag_off=-1.0,confirmed=False
2026-04-24T17:26:15.334910,AUTOCORR_SAMPLE,Per-buffer autocorr result,freq=2408300366.3003664,peak=0.16913658753037453,peak2=0.06257711350917816,lag_off=-5.0,confirmed=False
2026-04-24T17:26:15.337698,AUTOCORR_SAMPLE,Per-buffer autocorr result,freq=2408300366.3003664,peak=0.07503607706166804,peak2=0.05195098207332194,lag_off=-1.0,confirmed=False
2026-04-24T17:26:15.340286,AUTOCORR_SAMPLE,Per-buffer autocorr result,freq=2408300366.3003664,peak=0.026486563496291637,peak2=0.04148449096828699,lag_off=5.0,confirmed=False
2026-04-24T17:26:15.340952,AUTOCORR_SAMPLE,Per-buffer autocorr result,freq=2408300366.3003664,peak=0.04243026813492179,peak2=0.07990105589851737,lag_off=-3.0,confirmed=False
2026-04-24T17:26:15.343487,AUTOCORR_SAMPLE,Per-buffer autocorr result,freq=2408300366.3003664,peak=0.10138868202921003,peak2=0.13482480158563703,lag_off=-2.0,confirmed=False
2026-04-24T17:26:15.344082,AUTOCORR_SAMPLE,Per-buffer autocorr result,freq=2408300366.3003664,peak=-0.12511956447269768,peak2=-0.16096700355410576,lag_off=0.0,confirmed=False
2026-04-24T17:26:15.346571,AUTOCORR_SAMPLE,Per-buffer autocorr result,freq=2408300366.3003664,peak=0.06066486123017967,peak2=0.08209048840217292,lag_off=2.0,confirmed=False
2026-04-24T17:26:15.346678,AUTOCORR_RESULT,autocorr classification,freq=2408300366.3003664,votes=0,total=10,score=0.0,confirmed=False
2026-04-24T17:26:15.715562,AUTOCORR_SAMPLE,Per-buffer autocorr result,freq=2645106227.106227,peak=0.06154629634693265,peak2=0.02649629721418023,lag_off=2.0,confirmed=False
2026-04-24T17:26:15.721169,AUTOCORR_SAMPLE,Per-buffer autocorr result,freq=2645106227.106227,peak=-0.305205799639225,peak2=-0.04984061419963837,lag_off=-2.0,confirmed=False
2026-04-24T17:26:15.722048,AUTOCORR_SAMPLE,Per-buffer autocorr result,freq=2645106227.106227,peak=0.06029246374964714,peak2=-0.0668980572372675,lag_off=-2.0,confirmed=False
2026-04-24T17:26:15.726168,AUTOCORR_SAMPLE,Per-buffer autocorr result,freq=2645106227.106227,peak=0.14798054099082947,peak2=0.14024323225021362,lag_off=6.0,confirmed=False
2026-04-24T17:26:15.729811,AUTOCORR_SAMPLE,Per-buffer autocorr result,freq=2645106227.106227,peak=0.09015171881765127,peak2=0.04677442368119955,lag_off=-2.0,confirmed=False
2026-04-24T17:26:15.730531,AUTOCORR_SAMPLE,Per-buffer autocorr result,freq=2645106227.106227,peak=-0.021706413477659225,peak2=-0.041555801406502724,lag_off=0.0,confirmed=False
2026-04-24T17:26:15.734038,AUTOCORR_SAMPLE,Per-buffer autocorr result,freq=2645106227.106227,peak=0.10601306241005659,peak2=0.055123369209468365,lag_off=-4.0,confirmed=False
2026-04-24T17:26:15.734951,AUTOCORR_SAMPLE,Per-buffer autocorr result,freq=2645106227.106227,peak=0.16440715081989765,peak2=0.041980307549238205,lag_off=2.0,confirmed=False
2026-04-24T17:26:15.738472,AUTOCORR_SAMPLE,Per-buffer autocorr result,freq=2645106227.106227,peak=-0.08525197394192219,peak2=-0.11332099884748459,lag_off=-4.0,confirmed=False
2026-04-24T17:26:15.739283,AUTOCORR_SAMPLE,Per-buffer autocorr result,freq=2645106227.106227,peak=-0.06227097474038601,peak2=0.04558360017836094,lag_off=-1.0,confirmed=False
2026-04-24T17:26:15.742580,AUTOCORR_RESULT,autocorr classification,freq=2645106227.106227,votes=0,total=10,score=0.0,confirmed=False
2026-04-24T17:26:15.768196,AUTOCORR_SAMPLE,Per-buffer autocorr result,freq=2662312576.3125763,peak=0.06029246374964714,peak2=-0.0668980572372675,lag_off=-2.0,confirmed=False
2026-04-24T17:26:15.774219,AUTOCORR_SAMPLE,Per-buffer autocorr result,freq=2662312576.3125763,peak=0.11058378592133522,peak2=0.04403558745980263,lag_off=2.0,confirmed=False
2026-04-24T17:26:15.775705,AUTOCORR_SAMPLE,Per-buffer autocorr result,freq=2662312576.3125763,peak=0.04827394522726536,peak2=0.01711013726890087,lag_off=2.0,confirmed=False
2026-04-24T17:26:15.776569,AUTOCORR_SAMPLE,Per-buffer autocorr result,freq=2662312576.3125763,peak=-0.09936470445245504,peak2=-0.13866116106510162,lag_off=-6.0,confirmed=False
2026-04-24T17:26:15.782917,AUTOCORR_SAMPLE,Per-buffer autocorr result,freq=2662312576.3125763,peak=-0.15961026400327682,peak2=-0.09318110859021544,lag_off=-6.0,confirmed=False
2026-04-24T17:26:15.789753,AUTOCORR_SAMPLE,Per-buffer autocorr result,freq=2662312576.3125763,peak=0.059941720217466354,peak2=-0.026183344423770905,lag_off=-3.0,confirmed=False
2026-04-24T17:26:15.790560,AUTOCORR_SAMPLE,Per-buffer autocorr result,freq=2662312576.3125763,peak=0.05488671362400055,peak2=0.01197541132569313,lag_off=-5.0,confirmed=False
2026-04-24T17:26:15.795886,AUTOCORR_SAMPLE,Per-buffer autocorr result,freq=2662312576.3125763,peak=0.1346249058842659,peak2=0.018134014680981636,lag_off=3.0,confirmed=False
2026-04-24T17:26:15.796698,AUTOCORR_SAMPLE,Per-buffer autocorr result,freq=2662312576.3125763,peak=0.06397191528230906,peak2=0.03029302228242159,lag_off=-6.0,confirmed=False
2026-04-24T17:26:15.802394,AUTOCORR_SAMPLE,Per-buffer autocorr result,freq=2662312576.3125763,peak=0.04621686041355133,peak2=-0.09728866862133145,lag_off=2.0,confirmed=False
2026-04-24T17:26:15.802532,AUTOCORR_RESULT,autocorr classification,freq=2662312576.3125763,votes=0,total=10,score=0.0,confirmed=False
2026-04-24T17:26:15.822540,AUTOCORR_SAMPLE,Per-buffer autocorr result,freq=2672358974.3589745,peak=0.11058378592133522,peak2=0.04403558745980263,lag_off=2.0,confirmed=False
2026-04-24T17:26:15.825213,AUTOCORR_SAMPLE,Per-buffer autocorr result,freq=2672358974.3589745,peak=0.07210830692201853,peak2=0.05523225385695696,lag_off=2.0,confirmed=False
2026-04-24T17:26:15.825993,AUTOCORR_SAMPLE,Per-buffer autocorr result,freq=2672358974.3589745,peak=0.1162771227536723,peak2=0.07411498005967587,lag_off=0.0,confirmed=False
2026-04-24T17:26:15.828526,AUTOCORR_SAMPLE,Per-buffer autocorr result,freq=2672358974.3589745,peak=0.026163617440033704,peak2=0.0356782118906267,lag_off=-4.0,confirmed=False
2026-04-24T17:26:15.829384,AUTOCORR_SAMPLE,Per-buffer autocorr result,freq=2672358974.3589745,peak=0.03358911070972681,peak2=0.05527277383953333,lag_off=-5.0,confirmed=False
2026-04-24T17:26:15.831725,AUTOCORR_SAMPLE,Per-buffer autocorr result,freq=2672358974.3589745,peak=0.12731533055193722,peak2=0.10048295115120709,lag_off=-1.0,confirmed=False
2026-04-24T17:26:15.832558,AUTOCORR_SAMPLE,Per-buffer autocorr result,freq=2672358974.3589745,peak=0.16210277006030083,peak2=0.14401189610362053,lag_off=-2.0,confirmed=False
2026-04-24T17:26:15.835088,AUTOCORR_SAMPLE,Per-buffer autocorr result,freq=2672358974.3589745,peak=0.15103655634447932,peak2=0.08285024343058467,lag_off=-1.0,confirmed=False
2026-04-24T17:26:15.835885,AUTOCORR_SAMPLE,Per-buffer autocorr result,freq=2672358974.3589745,peak=0.14246655674651265,peak2=0.0992424008436501,lag_off=-5.0,confirmed=False
2026-04-24T17:26:15.836673,AUTOCORR_SAMPLE,Per-buffer autocorr result,freq=2672358974.3589745,peak=0.05392310209572315,peak2=0.08637543953955173,lag_off=-6.0,confirmed=False
2026-04-24T17:26:15.838497,AUTOCORR_RESULT,autocorr classification,freq=2672358974.3589745,votes=0,total=10,score=0.0,confirmed=False
2026-04-24T17:26:16.800000,AUTOCORR_SAMPLE,Per-buffer autocorr result,freq=3439035409.035409,peak=0.02272091805934906,peak2=0.04379587061703205,lag_off=-5.0,confirmed=False
2026-04-24T17:26:16.802973,AUTOCORR_SAMPLE,Per-buffer autocorr result,freq=3439035409.035409,peak=0.08581275772303343,peak2=0.10473984014242887,lag_off=-6.0,confirmed=False
2026-04-24T17:26:16.803793,AUTOCORR_SAMPLE,Per-buffer autocorr result,freq=3439035409.035409,peak=0.029552041552960873,peak2=0.05221171583980322,lag_off=-6.0,confirmed=False
2026-04-24T17:26:16.806451,AUTOCORR_SAMPLE,Per-buffer autocorr result,freq=3439035409.035409,peak=0.0283529213629663,peak2=0.23806233471259475,lag_off=0.0,confirmed=False
2026-04-24T17:26:16.807417,AUTOCORR_SAMPLE,Per-buffer autocorr result,freq=3439035409.035409,peak=0.0344991497695446,peak2=0.03877406008541584,lag_off=-1.0,confirmed=False
2026-04-24T17:26:16.810372,AUTOCORR_SAMPLE,Per-buffer autocorr result,freq=3439035409.035409,peak=0.02400745591148734,peak2=0.04652424855157733,lag_off=-4.0,confirmed=False
2026-04-24T17:26:16.811012,AUTOCORR_SAMPLE,Per-buffer autocorr result,freq=3439035409.035409,peak=0.13515913719311357,peak2=0.10265203798189759,lag_off=-6.0,confirmed=False
2026-04-24T17:26:16.813789,AUTOCORR_SAMPLE,Per-buffer autocorr result,freq=3439035409.035409,peak=0.04321077710483223,peak2=0.031588612706400454,lag_off=-3.0,confirmed=False
2026-04-24T17:26:16.814486,AUTOCORR_SAMPLE,Per-buffer autocorr result,freq=3439035409.035409,peak=0.07587758684530854,peak2=-0.010304262861609459,lag_off=1.0,confirmed=False
2026-04-24T17:26:16.817128,AUTOCORR_SAMPLE,Per-buffer autocorr result,freq=3439035409.035409,peak=0.07205482246354222,peak2=0.03388750972226262,lag_off=6.0,confirmed=False
2026-04-24T17:26:16.817280,AUTOCORR_RESULT,autocorr classification,freq=3439035409.035409,votes=0,total=10,score=0.0,confirmed=False
2026-04-24T17:26:16.872775,AUTOCORR_SAMPLE,Per-buffer autocorr result,freq=3472246642.246642,peak=0.0837295725941658,peak2=0.0921197459101677,lag_off=1.0,confirmed=False
2026-04-24T17:26:16.875951,AUTOCORR_SAMPLE,Per-buffer autocorr result,freq=3472246642.246642,peak=0.039458987303078175,peak2=0.022655061446130276,lag_off=-5.0,confirmed=False
2026-04-24T17:26:16.879259,AUTOCORR_SAMPLE,Per-buffer autocorr result,freq=3472246642.246642,peak=0.04946924070827663,peak2=0.02846566285006702,lag_off=1.0,confirmed=False
2026-04-24T17:26:16.879966,AUTOCORR_SAMPLE,Per-buffer autocorr result,freq=3472246642.246642,peak=0.06500401394441724,peak2=0.03113160328939557,lag_off=-6.0,confirmed=False
2026-04-24T17:26:16.882649,AUTOCORR_SAMPLE,Per-buffer autocorr result,freq=3472246642.246642,peak=0.016819905024021864,peak2=0.010274481493979692,lag_off=-4.0,confirmed=False
2026-04-24T17:26:16.885383,AUTOCORR_SAMPLE,Per-buffer autocorr result,freq=3472246642.246642,peak=0.03403926268219948,peak2=0.14195219054818153,lag_off=1.0,confirmed=False
2026-04-24T17:26:16.886112,AUTOCORR_SAMPLE,Per-buffer autocorr result,freq=3472246642.246642,peak=0.07288257131585851,peak2=0.060149082040879875,lag_off=6.0,confirmed=False
2026-04-24T17:26:16.888952,AUTOCORR_SAMPLE,Per-buffer autocorr result,freq=3472246642.246642,peak=0.09375332295894623,peak2=0.0585748627781868,lag_off=4.0,confirmed=False
2026-04-24T17:26:16.889743,AUTOCORR_SAMPLE,Per-buffer autocorr result,freq=3472246642.246642,peak=0.12221329438034445,peak2=0.06034025701228529,lag_off=-5.0,confirmed=False
2026-04-24T17:26:16.892478,AUTOCORR_SAMPLE,Per-buffer autocorr result,freq=3472246642.246642,peak=0.09879700909368694,peak2=0.08476134459488094,lag_off=3.0,confirmed=False
2026-04-24T17:26:16.892567,AUTOCORR_RESULT,autocorr classification,freq=3472246642.246642,votes=0,total=10,score=0.0,confirmed=False
2026-04-24T17:26:17.601756,AUTOCORR_SAMPLE,Per-buffer autocorr result,freq=3933614163.6141634,peak=0.022466994589194655,peak2=0.029282366624101996,lag_off=3.0,confirmed=False
2026-04-24T17:26:17.607462,AUTOCORR_SAMPLE,Per-buffer autocorr result,freq=3933614163.6141634,peak=0.11312082126096357,peak2=0.04360082834318746,lag_off=-6.0,confirmed=False
2026-04-24T17:26:17.608586,AUTOCORR_SAMPLE,Per-buffer autocorr result,freq=3933614163.6141634,peak=0.09968305751681328,peak2=0.0383707731962204,lag_off=2.0,confirmed=False
2026-04-24T17:26:17.615081,AUTOCORR_SAMPLE,Per-buffer autocorr result,freq=3933614163.6141634,peak=0.10658712545409799,peak2=0.10157982120290399,lag_off=1.0,confirmed=False
2026-04-24T17:26:17.620515,AUTOCORR_SAMPLE,Per-buffer autocorr result,freq=3933614163.6141634,peak=0.06844568531960249,peak2=0.1117503372952342,lag_off=2.0,confirmed=False
2026-04-24T17:26:17.621505,AUTOCORR_SAMPLE,Per-buffer autocorr result,freq=3933614163.6141634,peak=0.05966826475923881,peak2=0.05567577056353912,lag_off=-6.0,confirmed=False
2026-04-24T17:26:17.627084,AUTOCORR_SAMPLE,Per-buffer autocorr result,freq=3933614163.6141634,peak=0.1050402062246576,peak2=0.0645046146819368,lag_off=-2.0,confirmed=False
2026-04-24T17:26:17.627985,AUTOCORR_SAMPLE,Per-buffer autocorr result,freq=3933614163.6141634,peak=-0.038354236632585526,peak2=0.04789632372558117,lag_off=6.0,confirmed=False
2026-04-24T17:26:17.632148,AUTOCORR_SAMPLE,Per-buffer autocorr result,freq=3933614163.6141634,peak=0.05361353326588869,peak2=0.07745679933577776,lag_off=5.0,confirmed=False
2026-04-24T17:26:17.632818,AUTOCORR_SAMPLE,Per-buffer autocorr result,freq=3933614163.6141634,peak=0.06985660013742745,peak2=0.049218447180464864,lag_off=-2.0,confirmed=False
2026-04-24T17:26:17.636011,AUTOCORR_RESULT,autocorr classification,freq=3933614163.6141634,votes=0,total=10,score=0.0,confirmed=False
2026-04-24T17:26:17.650476,AUTOCORR_SAMPLE,Per-buffer autocorr result,freq=3953963369.96337,peak=0.05361353326588869,peak2=0.07745679933577776,lag_off=5.0,confirmed=False
2026-04-24T17:26:17.653979,AUTOCORR_SAMPLE,Per-buffer autocorr result,freq=3953963369.96337,peak=0.11803045601118356,peak2=0.10240530699957162,lag_off=-5.0,confirmed=False
2026-04-24T17:26:17.656901,AUTOCORR_SAMPLE,Per-buffer autocorr result,freq=3953963369.96337,peak=0.04257722478359938,peak2=0.038088819943368435,lag_off=-5.0,confirmed=False
2026-04-24T17:26:17.657647,AUTOCORR_SAMPLE,Per-buffer autocorr result,freq=3953963369.96337,peak=0.06190413504373282,peak2=0.07543960108887404,lag_off=-4.0,confirmed=False
2026-04-24T17:26:17.660311,AUTOCORR_SAMPLE,Per-buffer autocorr result,freq=3953963369.96337,peak=0.06642244849354029,peak2=0.05329546798020601,lag_off=0.0,confirmed=False
2026-04-24T17:26:17.662942,AUTOCORR_SAMPLE,Per-buffer autocorr result,freq=3953963369.96337,peak=0.09008492552675307,peak2=0.030945422360673547,lag_off=2.0,confirmed=False
2026-04-24T17:26:17.665714,AUTOCORR_SAMPLE,Per-buffer autocorr result,freq=3953963369.96337,peak=0.04445266490802169,peak2=0.05392994871363044,lag_off=6.0,confirmed=False
2026-04-24T17:26:17.666373,AUTOCORR_SAMPLE,Per-buffer autocorr result,freq=3953963369.96337,peak=0.05941395042464137,peak2=0.054079833906143904,lag_off=5.0,confirmed=False
2026-04-24T17:26:17.669165,AUTOCORR_SAMPLE,Per-buffer autocorr result,freq=3953963369.96337,peak=0.04027098789811134,peak2=0.02725411206483841,lag_off=0.0,confirmed=False
2026-04-24T17:26:17.670172,AUTOCORR_SAMPLE,Per-buffer autocorr result,freq=3953963369.96337,peak=0.10581505298614502,peak2=0.07594810798764229,lag_off=5.0,confirmed=False
2026-04-24T17:26:17.670353,AUTOCORR_RESULT,autocorr classification,freq=3953963369.96337,votes=0,total=10,score=0.0,confirmed=False
2026-04-24T17:26:17.929910,AUTOCORR_SAMPLE,Per-buffer autocorr result,freq=4157496947.4969473,peak=0.061162357684224844,peak2=0.08896776428446174,lag_off=-1.0,confirmed=False
2026-04-24T17:26:17.930690,AUTOCORR_SAMPLE,Per-buffer autocorr result,freq=4157496947.4969473,peak=0.08227731566876173,peak2=0.08155622612684965,lag_off=5.0,confirmed=False
2026-04-24T17:26:17.931279,AUTOCORR_SAMPLE,Per-buffer autocorr result,freq=4157496947.4969473,peak=0.10158990789204836,peak2=0.10957174468785524,lag_off=-2.0,confirmed=False
2026-04-24T17:26:17.934256,AUTOCORR_SAMPLE,Per-buffer autocorr result,freq=4157496947.4969473,peak=0.08994954405352473,peak2=0.060748744290322065,lag_off=-6.0,confirmed=False
2026-04-24T17:26:17.937761,AUTOCORR_SAMPLE,Per-buffer autocorr result,freq=4157496947.4969473,peak=0.11023046530317515,peak2=0.054913663188926876,lag_off=-2.0,confirmed=False
2026-04-24T17:26:17.938419,AUTOCORR_SAMPLE,Per-buffer autocorr result,freq=4157496947.4969473,peak=0.12456678785383701,peak2=0.10363675840198994,lag_off=-3.0,confirmed=False
2026-04-24T17:26:17.941109,AUTOCORR_SAMPLE,Per-buffer autocorr result,freq=4157496947.4969473,peak=0.11558957677334547,peak2=0.11459496896713972,lag_off=4.0,confirmed=False
2026-04-24T17:26:17.941827,AUTOCORR_SAMPLE,Per-buffer autocorr result,freq=4157496947.4969473,peak=0.0627203295007348,peak2=0.11322909314185381,lag_off=-3.0,confirmed=False
2026-04-24T17:26:17.942465,AUTOCORR_SAMPLE,Per-buffer autocorr result,freq=4157496947.4969473,peak=0.08043741231085733,peak2=0.05389924516202882,lag_off=5.0,confirmed=False
2026-04-24T17:26:17.945300,AUTOCORR_SAMPLE,Per-buffer autocorr result,freq=4157496947.4969473,peak=0.06358074489980936,peak2=0.05448427144438028,lag_off=6.0,confirmed=False
2026-04-24T17:26:17.945380,AUTOCORR_RESULT,autocorr classification,freq=4157496947.4969473,votes=0,total=10,score=0.0,confirmed=False
2026-04-24T17:26:18.987202,AUTOCORR_SAMPLE,Per-buffer autocorr result,freq=4985863247.863248,peak=0.12410211795940995,peak2=0.14580358052626252,lag_off=-5.0,confirmed=False
2026-04-24T17:26:18.990025,AUTOCORR_SAMPLE,Per-buffer autocorr result,freq=4985863247.863248,peak=0.23208482842892408,peak2=0.023321800865232944,lag_off=-3.0,confirmed=False
2026-04-24T17:26:18.990807,AUTOCORR_SAMPLE,Per-buffer autocorr result,freq=4985863247.863248,peak=0.13568479474633932,peak2=0.025871491990983486,lag_off=0.0,confirmed=False
2026-04-24T17:26:18.993683,AUTOCORR_SAMPLE,Per-buffer autocorr result,freq=4985863247.863248,peak=0.020755061879754066,peak2=0.030835668556392193,lag_off=-6.0,confirmed=False
2026-04-24T17:26:18.996755,AUTOCORR_SAMPLE,Per-buffer autocorr result,freq=4985863247.863248,peak=0.09508852119324729,peak2=0.041182449262123555,lag_off=1.0,confirmed=False
2026-04-24T17:26:18.997653,AUTOCORR_SAMPLE,Per-buffer autocorr result,freq=4985863247.863248,peak=0.18567692674696445,peak2=0.0813318807631731,lag_off=-2.0,confirmed=False
2026-04-24T17:26:19.000135,AUTOCORR_SAMPLE,Per-buffer autocorr result,freq=4985863247.863248,peak=0.1310379970818758,peak2=0.06493603624403477,lag_off=5.0,confirmed=False
2026-04-24T17:26:19.000948,AUTOCORR_SAMPLE,Per-buffer autocorr result,freq=4985863247.863248,peak=0.010919580236077309,peak2=0.07769872434437275,lag_off=-5.0,confirmed=False
2026-04-24T17:26:19.003650,AUTOCORR_SAMPLE,Per-buffer autocorr result,freq=4985863247.863248,peak=0.09897414781153202,peak2=0.05320130102336407,lag_off=-2.0,confirmed=False
2026-04-24T17:26:19.004398,AUTOCORR_SAMPLE,Per-buffer autocorr result,freq=4985863247.863248,peak=0.09810037165880203,peak2=0.12375910580158234,lag_off=5.0,confirmed=False
2026-04-24T17:26:19.004481,AUTOCORR_RESULT,autocorr classification,freq=4985863247.863248,votes=0,total=10,score=0.0,confirmed=False
2026-04-24T17:26:19.029408,AUTOCORR_SAMPLE,Per-buffer autocorr result,freq=5003067155.067156,peak=0.23208482842892408,peak2=0.023321800865232944,lag_off=-3.0,confirmed=False
2026-04-24T17:26:19.032436,AUTOCORR_SAMPLE,Per-buffer autocorr result,freq=5003067155.067156,peak=0.07540135690942407,peak2=0.05781141156330705,lag_off=-4.0,confirmed=False
2026-04-24T17:26:19.033268,AUTOCORR_SAMPLE,Per-buffer autocorr result,freq=5003067155.067156,peak=0.06078755239286693,peak2=0.05104559043684276,lag_off=4.0,confirmed=False
2026-04-24T17:26:19.036342,AUTOCORR_SAMPLE,Per-buffer autocorr result,freq=5003067155.067156,peak=0.18207739107310772,peak2=0.07314846478402615,lag_off=5.0,confirmed=False
2026-04-24T17:26:19.037141,AUTOCORR_SAMPLE,Per-buffer autocorr result,freq=5003067155.067156,peak=0.08230467233806849,peak2=0.10208842996507883,lag_off=1.0,confirmed=False
2026-04-24T17:26:19.040268,AUTOCORR_SAMPLE,Per-buffer autocorr result,freq=5003067155.067156,peak=0.041372617706656456,peak2=0.029301146045327187,lag_off=3.0,confirmed=False
2026-04-24T17:26:19.041024,AUTOCORR_SAMPLE,Per-buffer autocorr result,freq=5003067155.067156,peak=0.045068481005728245,peak2=0.05440716538578272,lag_off=-5.0,confirmed=False
2026-04-24T17:26:19.041854,AUTOCORR_SAMPLE,Per-buffer autocorr result,freq=5003067155.067156,peak=0.05444242665544152,peak2=0.03212199220433831,lag_off=3.0,confirmed=False
2026-04-24T17:26:19.045335,AUTOCORR_SAMPLE,Per-buffer autocorr result,freq=5003067155.067156,peak=0.11525261029601097,peak2=0.13050197437405586,lag_off=1.0,confirmed=False
2026-04-24T17:26:19.046161,AUTOCORR_SAMPLE,Per-buffer autocorr result,freq=5003067155.067156,peak=0.1143105672672391,peak2=0.08271605987101793,lag_off=3.0,confirmed=False
2026-04-24T17:26:19.050659,AUTOCORR_RESULT,autocorr classification,freq=5003067155.067156,votes=0,total=10,score=0.0,confirmed=False
2026-04-24T17:26:19.128526,AUTOCORR_SAMPLE,Per-buffer autocorr result,freq=5021316239.316239,peak=0.07540135690942407,peak2=0.05781141156330705,lag_off=-4.0,confirmed=False
2026-04-24T17:26:19.132632,AUTOCORR_SAMPLE,Per-buffer autocorr result,freq=5021316239.316239,peak=0.055986387364100665,peak2=0.09156741359038278,lag_off=-4.0,confirmed=False
2026-04-24T17:26:19.133435,AUTOCORR_SAMPLE,Per-buffer autocorr result,freq=5021316239.316239,peak=0.10652687959372997,peak2=0.11777579598128796,lag_off=-2.0,confirmed=False
2026-04-24T17:26:19.138170,AUTOCORR_SAMPLE,Per-buffer autocorr result,freq=5021316239.316239,peak=0.09369080606848001,peak2=0.05586917418986559,lag_off=5.0,confirmed=False
2026-04-24T17:26:19.139417,AUTOCORR_SAMPLE,Per-buffer autocorr result,freq=5021316239.316239,peak=0.06893601221963763,peak2=0.05115000484511256,lag_off=-6.0,confirmed=False
2026-04-24T17:26:19.145253,AUTOCORR_SAMPLE,Per-buffer autocorr result,freq=5021316239.316239,peak=0.11769057344645262,peak2=0.06410419847816229,lag_off=1.0,confirmed=False
2026-04-24T17:26:19.153951,AUTOCORR_SAMPLE,Per-buffer autocorr result,freq=5021316239.316239,peak=0.09377020923420787,peak2=0.05338275758549571,lag_off=3.0,confirmed=False
2026-04-24T17:26:19.154761,AUTOCORR_SAMPLE,Per-buffer autocorr result,freq=5021316239.316239,peak=0.15288479067385197,peak2=0.10312357731163502,lag_off=1.0,confirmed=False
2026-04-24T17:26:19.166695,AUTOCORR_SAMPLE,Per-buffer autocorr result,freq=5021316239.316239,peak=0.06140737049281597,peak2=0.03808256424963474,lag_off=5.0,confirmed=False
2026-04-24T17:26:19.167647,AUTOCORR_SAMPLE,Per-buffer autocorr result,freq=5021316239.316239,peak=0.06983050052076578,peak2=0.1173964748159051,lag_off=-4.0,confirmed=False
2026-04-24T17:26:19.182180,AUTOCORR_RESULT,autocorr classification,freq=5021316239.316239,votes=0,total=10,score=0.0,confirmed=False
2026-04-24T17:26:19.292780,AUTOCORR_SAMPLE,Per-buffer autocorr result,freq=5037360195.360195,peak=0.09369080606848001,peak2=0.05586917418986559,lag_off=5.0,confirmed=False
2026-04-24T17:26:19.295933,AUTOCORR_SAMPLE,Per-buffer autocorr result,freq=5037360195.360195,peak=0.047913720132783055,peak2=0.05329601955600083,lag_off=-3.0,confirmed=False
2026-04-24T17:26:19.296843,AUTOCORR_SAMPLE,Per-buffer autocorr result,freq=5037360195.360195,peak=0.07143814861774445,peak2=0.04452276602387428,lag_off=-6.0,confirmed=False
2026-04-24T17:26:19.299898,AUTOCORR_SAMPLE,Per-buffer autocorr result,freq=5037360195.360195,peak=0.13761915639042854,peak2=0.06897040829062462,lag_off=4.0,confirmed=False
2026-04-24T17:26:19.300658,AUTOCORR_SAMPLE,Per-buffer autocorr result,freq=5037360195.360195,peak=-0.041785985231399536,peak2=-0.18268807977437973,lag_off=1.0,confirmed=False
2026-04-24T17:26:19.303725,AUTOCORR_SAMPLE,Per-buffer autocorr result,freq=5037360195.360195,peak=0.07097319886088371,peak2=0.03362525627017021,lag_off=2.0,confirmed=False
2026-04-24T17:26:19.306552,AUTOCORR_SAMPLE,Per-buffer autocorr result,freq=5037360195.360195,peak=0.08148679020814598,peak2=0.018945029703900218,lag_off=0.0,confirmed=False
2026-04-24T17:26:19.307336,AUTOCORR_SAMPLE,Per-buffer autocorr result,freq=5037360195.360195,peak=0.048907210351899266,peak2=0.06599718076176941,lag_off=-1.0,confirmed=False
2026-04-24T17:26:19.310227,AUTOCORR_SAMPLE,Per-buffer autocorr result,freq=5037360195.360195,peak=0.07918701181188226,peak2=0.05109762633219361,lag_off=3.0,confirmed=False
2026-04-24T17:26:19.311163,AUTOCORR_SAMPLE,Per-buffer autocorr result,freq=5037360195.360195,peak=0.12617396237328649,peak2=0.013470456469804049,lag_off=4.0,confirmed=False
2026-04-24T17:26:19.311278,AUTOCORR_RESULT,autocorr classification,freq=5037360195.360195,votes=0,total=10,score=0.0,confirmed=False
2026-04-24T17:26:19.327701,AUTOCORR_SAMPLE,Per-buffer autocorr result,freq=5054673992.673993,peak=0.08148679020814598,peak2=0.018945029703900218,lag_off=0.0,confirmed=False
2026-04-24T17:26:19.330499,AUTOCORR_SAMPLE,Per-buffer autocorr result,freq=5054673992.673993,peak=0.09555874019861221,peak2=0.06840954720973969,lag_off=0.0,confirmed=False
2026-04-24T17:26:19.331356,AUTOCORR_SAMPLE,Per-buffer autocorr result,freq=5054673992.673993,peak=0.08509774599224329,peak2=0.05204515624791384,lag_off=-1.0,confirmed=False
2026-04-24T17:26:19.334062,AUTOCORR_SAMPLE,Per-buffer autocorr result,freq=5054673992.673993,peak=0.10226002708077431,peak2=0.09176918491721153,lag_off=-1.0,confirmed=False
2026-04-24T17:26:19.336631,AUTOCORR_SAMPLE,Per-buffer autocorr result,freq=5054673992.673993,peak=0.09389607748016715,peak2=0.04735032608732581,lag_off=-4.0,confirmed=False
2026-04-24T17:26:19.337708,AUTOCORR_SAMPLE,Per-buffer autocorr result,freq=5054673992.673993,peak=0.1138768014498055,peak2=0.08099399181082845,lag_off=-1.0,confirmed=False
2026-04-24T17:26:19.340344,AUTOCORR_SAMPLE,Per-buffer autocorr result,freq=5054673992.673993,peak=0.11282527900766581,peak2=0.04007054946850985,lag_off=4.0,confirmed=False
2026-04-24T17:26:19.340985,AUTOCORR_SAMPLE,Per-buffer autocorr result,freq=5054673992.673993,peak=0.05191777087748051,peak2=0.06305624730885029,lag_off=-4.0,confirmed=False
2026-04-24T17:26:19.343561,AUTOCORR_SAMPLE,Per-buffer autocorr result,freq=5054673992.673993,peak=0.09370478615164757,peak2=-0.031311055179685354,lag_off=-3.0,confirmed=False
2026-04-24T17:26:19.346166,AUTOCORR_SAMPLE,Per-buffer autocorr result,freq=5054673992.673993,peak=0.10558146750554442,peak2=0.084025954362005,lag_off=-6.0,confirmed=False
2026-04-24T17:26:19.346251,AUTOCORR_RESULT,autocorr classification,freq=5054673992.673993,votes=0,total=10,score=0.0,confirmed=False
2026-04-24T17:26:20.368283,AUTOCORR_SAMPLE,Per-buffer autocorr result,freq=5839328449.328449,peak=0.10502174787689,peak2=0.02522538707125932,lag_off=-2.0,confirmed=False
2026-04-24T17:26:20.371560,AUTOCORR_SAMPLE,Per-buffer autocorr result,freq=5839328449.328449,peak=0.2541568595916033,peak2=0.1091224867850542,lag_off=-2.0,confirmed=False
2026-04-24T17:26:20.372303,AUTOCORR_SAMPLE,Per-buffer autocorr result,freq=5839328449.328449,peak=0.27129678428173065,peak2=0.13520995527505875,lag_off=0.0,confirmed=False
2026-04-24T17:26:20.375995,AUTOCORR_SAMPLE,Per-buffer autocorr result,freq=5839328449.328449,peak=0.42824365198612213,peak2=0.2324194610118866,lag_off=0.0,confirmed=True
2026-04-24T17:26:20.376682,AUTOCORR_SAMPLE,Per-buffer autocorr result,freq=5839328449.328449,peak=0.3277313709259033,peak2=0.26480379700660706,lag_off=-1.0,confirmed=True
2026-04-24T17:26:20.380320,AUTOCORR_SAMPLE,Per-buffer autocorr result,freq=5839328449.328449,peak=0.4442201182246208,peak2=0.32263676077127457,lag_off=0.0,confirmed=True
2026-04-24T17:26:20.384632,AUTOCORR_SAMPLE,Per-buffer autocorr result,freq=5839328449.328449,peak=0.26268147863447666,peak2=0.14147582091391087,lag_off=-1.0,confirmed=False
2026-04-24T17:26:20.385508,AUTOCORR_SAMPLE,Per-buffer autocorr result,freq=5839328449.328449,peak=0.3372230790555477,peak2=0.1940518133342266,lag_off=-1.0,confirmed=True
2026-04-24T17:26:20.390298,AUTOCORR_SAMPLE,Per-buffer autocorr result,freq=5839328449.328449,peak=0.30894359201192856,peak2=0.2353881075978279,lag_off=-1.0,confirmed=False
2026-04-24T17:26:20.391181,AUTOCORR_SAMPLE,Per-buffer autocorr result,freq=5839328449.328449,peak=0.31320512294769287,peak2=0.16839423775672913,lag_off=-1.0,confirmed=True
2026-04-24T17:26:20.394599,AUTOCORR_RESULT,autocorr classification,freq=5839328449.328449,votes=5,total=10,score=0.5,confirmed=True
2026-04-24T17:26:20.410017,AUTOCORR_SAMPLE,Per-buffer autocorr result,freq=5859230769.230769,peak=0.2541568595916033,peak2=0.1091224867850542,lag_off=-2.0,confirmed=False
2026-04-24T17:26:20.413105,AUTOCORR_SAMPLE,Per-buffer autocorr result,freq=5859230769.230769,peak=0.052682782523334026,peak2=0.03782094921916723,lag_off=1.0,confirmed=False
2026-04-24T17:26:20.413849,AUTOCORR_SAMPLE,Per-buffer autocorr result,freq=5859230769.230769,peak=0.06966287666000426,peak2=0.24330436461605132,lag_off=5.0,confirmed=False
2026-04-24T17:26:20.416444,AUTOCORR_SAMPLE,Per-buffer autocorr result,freq=5859230769.230769,peak=0.08271236415021122,peak2=0.019935377640649676,lag_off=1.0,confirmed=False
2026-04-24T17:26:20.419147,AUTOCORR_SAMPLE,Per-buffer autocorr result,freq=5859230769.230769,peak=0.03812858182936907,peak2=0.023701651953160763,lag_off=2.0,confirmed=False
2026-04-24T17:26:20.419939,AUTOCORR_SAMPLE,Per-buffer autocorr result,freq=5859230769.230769,peak=0.03503906144760549,peak2=0.03534288867376745,lag_off=-5.0,confirmed=False
2026-04-24T17:26:20.424806,AUTOCORR_SAMPLE,Per-buffer autocorr result,freq=5859230769.230769,peak=0.09751787362620234,peak2=0.12798261223360896,lag_off=1.0,confirmed=False
2026-04-24T17:26:20.425628,AUTOCORR_SAMPLE,Per-buffer autocorr result,freq=5859230769.230769,peak=0.0464084642007947,peak2=0.04612497705966234,lag_off=4.0,confirmed=False
2026-04-24T17:26:20.428050,AUTOCORR_SAMPLE,Per-buffer autocorr result,freq=5859230769.230769,peak=0.044359385734423995,peak2=0.02044650143943727,lag_off=-5.0,confirmed=False
2026-04-24T17:26:20.428703,AUTOCORR_SAMPLE,Per-buffer autocorr result,freq=5859230769.230769,peak=0.016404563561081886,peak2=0.025411268696188927,lag_off=4.0,confirmed=False
2026-04-24T17:26:20.428835,AUTOCORR_RESULT,autocorr classification,freq=5859230769.230769,votes=0,total=10,score=0.0,confirmed=False
