2026-04-24T17:20:14.431895,SDR_READ_ERROR,readStream failed,code=0
2026-04-24T17:20:14.479692,PLATEAU_CONFIRMED,Wideband signal detected,freq=104935286.93528694,bw=9.189453125,hits=10
2026-04-24T17:20:14.500142,VIDEO_REJECTED,cyclo rejected video,freq=104935286.93528694,score=0
2026-04-24T17:20:14.516966,PLATEAU_CONFIRMED,Wideband signal detected,freq=124393162.3931624,bw=5.78125,hits=6
2026-04-24T17:20:14.545018,VIDEO_REJECTED,cyclo rejected video,freq=124393162.3931624,score=0
2026-04-24T17:20:14.552985,PLATEAU_CONFIRMED,Wideband signal detected,freq=145301587.3015873,bw=9.62890625,hits=5
2026-04-24T17:20:14.586334,VIDEO_REJECTED,cyclo rejected video,freq=145301587.3015873,score=0
2026-04-24T17:20:14.590793,PLATEAU_CONFIRMED,Wideband signal detected,freq=165409035.4090354,bw=9.7314453125,hits=3
2026-04-24T17:20:14.611462,VIDEO_REJECTED,cyclo rejected video,freq=165409035.4090354,score=0
2026-04-24T17:20:14.622844,PLATEAU_CONFIRMED,Wideband signal detected,freq=179426129.42612943,bw=7.28515625,hits=3
2026-04-24T17:20:14.650737,VIDEO_REJECTED,cyclo rejected video,freq=179426129.42612943,score=0
2026-04-24T17:20:14.714869,PLATEAU_CONFIRMED,Wideband signal detected,freq=205731379.73137972,bw=6.6650390625,hits=7
2026-04-24T17:20:14.765212,VIDEO_REJECTED,cyclo rejected video,freq=205731379.73137972,score=0
2026-04-24T17:20:14.775658,PLATEAU_CONFIRMED,Wideband signal detected,freq=226126984.12698412,bw=5.625,hits=10
2026-04-24T17:20:14.805651,VIDEO_REJECTED,cyclo rejected video,freq=226126984.12698412,score=0
2026-04-24T17:20:14.812907,PLATEAU_CONFIRMED,Wideband signal detected,freq=246630036.63003662,bw=4.0576171875,hits=5
2026-04-24T17:20:14.844997,VIDEO_REJECTED,cyclo rejected video,freq=246630036.63003662,score=0
2026-04-24T17:20:14.857960,PLATEAU_CONFIRMED,Wideband signal detected,freq=265875457.87545788,bw=6.2060546875,hits=6
2026-04-24T17:20:14.887242,VIDEO_REJECTED,cyclo rejected video,freq=265875457.87545788,score=0
2026-04-24T17:20:14.895671,PLATEAU_CONFIRMED,Wideband signal detected,freq=285394383.3943834,bw=6.904296875,hits=7
2026-04-24T17:20:14.923206,VIDEO_REJECTED,cyclo rejected video,freq=285394383.3943834,score=1
2026-04-24T17:20:14.938004,PLATEAU_CONFIRMED,Wideband signal detected,freq=294622710.6227106,bw=6.806640625,hits=4
2026-04-24T17:20:14.989541,VIDEO_REJECTED,cyclo rejected video,freq=294622710.6227106,score=0
2026-04-24T17:20:14.997440,PLATEAU_CONFIRMED,Wideband signal detected,freq=313296703.2967033,bw=5.1611328125,hits=6
2026-04-24T17:20:15.043687,PLATEAU_CONFIRMED,Wideband signal detected,freq=332402930.4029304,bw=7.861328125,hits=5
2026-04-24T17:20:15.044295,VIDEO_REJECTED,cyclo rejected video,freq=313296703.2967033,score=0
2026-04-24T17:20:15.071481,VIDEO_REJECTED,cyclo rejected video,freq=332402930.4029304,score=0
2026-04-24T17:20:15.082775,PLATEAU_CONFIRMED,Wideband signal detected,freq=361987789.98779,bw=4.0478515625,hits=4
2026-04-24T17:20:15.102228,VIDEO_REJECTED,cyclo rejected video,freq=361987789.98779,score=0
2026-04-24T17:20:15.117763,PLATEAU_REJECTED,Not enough hits,hits=2,required=3,freq=380000000
2026-04-24T17:20:15.401190,PLATEAU_CONFIRMED,Wideband signal detected,freq=422659340.6593407,bw=5.1513671875,hits=8
2026-04-24T17:20:15.418868,VIDEO_REJECTED,cyclo rejected video,freq=422659340.6593407,score=0
2026-04-24T17:20:15.493105,PLATEAU_CONFIRMED,Wideband signal detected,freq=442307692.3076923,bw=5.1025390625,hits=7
2026-04-24T17:20:15.520984,VIDEO_REJECTED,cyclo rejected video,freq=442307692.3076923,score=0
2026-04-24T17:20:16.170226,PLATEAU_CONFIRMED,Wideband signal detected,freq=481951159.95115995,bw=7.822265625,hits=8
2026-04-24T17:20:16.581461,VIDEO_REJECTED,cyclo rejected video,freq=481951159.95115995,score=0
2026-04-24T17:20:16.632015,PLATEAU_CONFIRMED,Wideband signal detected,freq=501938949.93894994,bw=7.7294921875,hits=10
2026-04-24T17:20:16.640185,VIDEO_REJECTED,cyclo rejected video,freq=501938949.93894994,score=0
2026-04-24T17:20:16.907111,PLATEAU_CONFIRMED,Wideband signal detected,freq=528048840.04884005,bw=3.9111328125,hits=8
2026-04-24T17:20:17.227944,VIDEO_REJECTED,cyclo rejected video,freq=528048840.04884005,score=0
2026-04-24T17:20:17.267258,PLATEAU_CONFIRMED,Wideband signal detected,freq=531948717.94871795,bw=3.90625,hits=10
2026-04-24T17:20:17.512919,VIDEO_REJECTED,cyclo rejected video,freq=531948717.94871795,score=0
2026-04-24T17:20:17.593115,PLATEAU_CONFIRMED,Wideband signal detected,freq=568036630.03663,bw=3.9599609375,hits=10
2026-04-24T17:20:17.614231,VIDEO_REJECTED,cyclo rejected video,freq=568036630.03663,score=0
2026-04-24T17:20:17.814426,PLATEAU_CONFIRMED,Wideband signal detected,freq=571948717.948718,bw=3.90625,hits=10
2026-04-24T17:20:17.929390,VIDEO_REJECTED,cyclo rejected video,freq=571948717.948718,score=0
2026-04-24T17:20:18.065423,PLATEAU_CONFIRMED,Wideband signal detected,freq=602185592.1855922,bw=8.857421875,hits=7
2026-04-24T17:20:18.210457,PLATEAU_CONFIRMED,Wideband signal detected,freq=623521367.5213675,bw=9.9755859375,hits=10
2026-04-24T17:20:18.214722,VIDEO_REJECTED,cyclo rejected video,freq=602185592.1855922,score=0
2026-04-24T17:20:18.252052,PLATEAU_CONFIRMED,Wideband signal detected,freq=645697191.6971917,bw=7.802734375,hits=10
2026-04-24T17:20:18.253080,VIDEO_REJECTED,cyclo rejected video,freq=623521367.5213675,score=0
2026-04-24T17:20:18.295533,PLATEAU_CONFIRMED,Wideband signal detected,freq=663465201.4652015,bw=9.9658203125,hits=7
2026-04-24T17:20:18.295688,VIDEO_REJECTED,cyclo rejected video,freq=645697191.6971917,score=0
2026-04-24T17:20:18.326662,VIDEO_REJECTED,cyclo rejected video,freq=663465201.4652015,score=0
2026-04-24T17:20:18.330367,PLATEAU_CONFIRMED,Wideband signal detected,freq=684859584.8595848,bw=3.4326171875,hits=6
2026-04-24T17:20:18.357292,VIDEO_REJECTED,cyclo rejected video,freq=684859584.8595848,score=0
2026-04-24T17:20:18.361097,PLATEAU_CONFIRMED,Wideband signal detected,freq=700124542.1245421,bw=5.244140625,hits=3
2026-04-24T17:20:18.393469,VIDEO_REJECTED,cyclo rejected video,freq=700124542.1245421,score=0
2026-04-24T17:20:18.393652,PLATEAU_CONFIRMED,Wideband signal detected,freq=724139194.1391941,bw=7.63671875,hits=5
2026-04-24T17:20:18.419281,VIDEO_REJECTED,cyclo rejected video,freq=724139194.1391941,score=0
2026-04-24T17:20:18.480632,PLATEAU_CONFIRMED,Wideband signal detected,freq=776566544.5665445,bw=8.359375,hits=4
2026-04-24T17:20:18.506570,VIDEO_REJECTED,cyclo rejected video,freq=776566544.5665445,score=0
2026-04-24T17:20:18.512220,PLATEAU_REJECTED,Not enough hits,hits=1,required=3,freq=800000000
2026-04-24T17:20:18.646136,PLATEAU_REJECTED,Not enough hits,hits=1,required=3,freq=900000000
2026-04-24T17:20:18.946983,PLATEAU_REJECTED,Not enough hits,hits=2,required=3,freq=940000000
2026-04-24T17:20:19.117290,PLATEAU_CONFIRMED,Wideband signal detected,freq=954942612.9426129,bw=9.365234375,hits=6
2026-04-24T17:20:19.159853,VIDEO_REJECTED,cyclo rejected video,freq=954942612.9426129,score=0
2026-04-24T17:20:19.171608,PLATEAU_CONFIRMED,Wideband signal detected,freq=973750915.7509158,bw=6.5576171875,hits=10
2026-04-24T17:20:19.193903,VIDEO_REJECTED,cyclo rejected video,freq=973750915.7509158,score=0
2026-04-24T17:20:19.469255,PLATEAU_CONFIRMED,Wideband signal detected,freq=1196295482.2954824,bw=4.9462890625,hits=3
2026-04-24T17:20:19.494040,VIDEO_REJECTED,cyclo rejected video,freq=1196295482.2954824,score=0
2026-04-24T17:20:19.500450,PLATEAU_REJECTED,Not enough hits,hits=2,required=3,freq=1220000000
2026-04-24T17:20:19.597752,PLATEAU_CONFIRMED,Wideband signal detected,freq=1239208791.2087913,bw=7.7294921875,hits=6
2026-04-24T17:20:19.629300,VIDEO_CONFIRMED,cyclo confirmed video,freq=1239208791.2087913,score=7
2026-04-24T17:20:19.633009,PLATEAU_CONFIRMED,Wideband signal detected,freq=1258468864.4688644,bw=5.2490234375,hits=4
2026-04-24T17:20:19.659090,VIDEO_REJECTED,cyclo rejected video,freq=1258468864.4688644,score=1
2026-04-24T17:20:19.862622,PLATEAU_REJECTED,Not enough hits,hits=1,required=3,freq=1400000000
2026-04-24T17:20:19.903621,PLATEAU_REJECTED,Not enough hits,hits=1,required=3,freq=1420000000
2026-04-24T17:20:20.508847,PLATEAU_CONFIRMED,Wideband signal detected,freq=1766695970.6959705,bw=3.9404296875,hits=4
2026-04-24T17:20:20.544351,VIDEO_REJECTED,cyclo rejected video,freq=1766695970.6959705,score=0
2026-04-24T17:20:20.549028,PLATEAU_CONFIRMED,Wideband signal detected,freq=1786688644.6886446,bw=5.7177734375,hits=10
2026-04-24T17:20:20.796479,VIDEO_REJECTED,cyclo rejected video,freq=1786688644.6886446,score=0
2026-04-24T17:20:20.801189,PLATEAU_CONFIRMED,Wideband signal detected,freq=1807738705.7387056,bw=7.197265625,hits=9
2026-04-24T17:20:21.031103,VIDEO_REJECTED,cyclo rejected video,freq=1807738705.7387056,score=0
2026-04-24T17:20:21.077156,PLATEAU_CONFIRMED,Wideband signal detected,freq=1827675213.6752136,bw=6.279296875,hits=10
2026-04-24T17:20:21.087092,VIDEO_REJECTED,cyclo rejected video,freq=1827675213.6752136,score=0
2026-04-24T17:20:21.140368,PLATEAU_CONFIRMED,Wideband signal detected,freq=1834986568.986569,bw=4.814453125,hits=10
2026-04-24T17:20:21.176547,VIDEO_REJECTED,cyclo rejected video,freq=1834986568.986569,score=0
2026-04-24T17:20:21.181045,PLATEAU_CONFIRMED,Wideband signal detected,freq=1855909645.909646,bw=8.7255859375,hits=6
2026-04-24T17:20:21.236441,VIDEO_REJECTED,cyclo rejected video,freq=1855909645.909646,score=0
2026-04-24T17:20:21.253710,PLATEAU_CONFIRMED,Wideband signal detected,freq=1875514041.5140414,bw=9.74609375,hits=10
2026-04-24T17:20:21.301616,VIDEO_REJECTED,cyclo rejected video,freq=1875514041.5140414,score=0
2026-04-24T17:20:21.306990,PLATEAU_CONFIRMED,Wideband signal detected,freq=1895741147.7411475,bw=9.658203125,hits=10
2026-04-24T17:20:21.337924,VIDEO_REJECTED,cyclo rejected video,freq=1895741147.7411475,score=0
2026-04-24T17:20:21.342812,PLATEAU_CONFIRMED,Wideband signal detected,freq=1926796092.7960927,bw=4.4677734375,hits=3
2026-04-24T17:20:21.371074,VIDEO_REJECTED,cyclo rejected video,freq=1926796092.7960927,score=0
2026-04-24T17:20:21.375134,PLATEAU_CONFIRMED,Wideband signal detected,freq=1934156288.1562881,bw=4.5556640625,hits=3
2026-04-24T17:20:21.402936,VIDEO_REJECTED,cyclo rejected video,freq=1934156288.1562881,score=0
2026-04-24T17:20:21.410547,PLATEAU_REJECTED,Not enough hits,hits=1,required=3,freq=1960000000
2026-04-24T17:20:21.440822,PLATEAU_CONFIRMED,Wideband signal detected,freq=1985926739.92674,bw=4.111328125,hits=5
2026-04-24T17:20:21.466106,VIDEO_REJECTED,cyclo rejected video,freq=1985926739.92674,score=0
2026-04-24T17:20:21.476354,PLATEAU_CONFIRMED,Wideband signal detected,freq=1998578754.5787544,bw=3.65234375,hits=6
2026-04-24T17:20:21.502244,VIDEO_REJECTED,cyclo rejected video,freq=1998578754.5787544,score=0
2026-04-24T17:20:21.509357,PLATEAU_REJECTED,Not enough hits,hits=1,required=3,freq=2020000000
2026-04-24T17:20:21.544411,PLATEAU_CONFIRMED,Wideband signal detected,freq=2034634920.6349206,bw=9.2236328125,hits=5
2026-04-24T17:20:21.581474,PLATEAU_CONFIRMED,Wideband signal detected,freq=2055831501.8315017,bw=7.822265625,hits=3
2026-04-24T17:20:21.582007,VIDEO_REJECTED,cyclo rejected video,freq=2034634920.6349206,score=0
2026-04-24T17:20:21.612453,VIDEO_REJECTED,cyclo rejected video,freq=2055831501.8315017,score=0
2026-04-24T17:20:21.627046,PLATEAU_CONFIRMED,Wideband signal detected,freq=2074361416.3614163,bw=5.7080078125,hits=6
2026-04-24T17:20:21.654921,VIDEO_REJECTED,cyclo rejected video,freq=2074361416.3614163,score=0
2026-04-24T17:20:21.669166,PLATEAU_CONFIRMED,Wideband signal detected,freq=2092456654.4566545,bw=3.1689453125,hits=5
2026-04-24T17:20:21.704380,VIDEO_REJECTED,cyclo rejected video,freq=2092456654.4566545,score=0
2026-04-24T17:20:21.717794,PLATEAU_CONFIRMED,Wideband signal detected,freq=2125023199.023199,bw=7.216796875,hits=7
2026-04-24T17:20:21.975066,VIDEO_REJECTED,cyclo rejected video,freq=2125023199.023199,score=0
2026-04-24T17:20:22.032302,PLATEAU_CONFIRMED,Wideband signal detected,freq=2144849816.8498168,bw=8.984375,hits=10
2026-04-24T17:20:22.127433,VIDEO_REJECTED,cyclo rejected video,freq=2144849816.8498168,score=0
2026-04-24T17:20:22.145249,PLATEAU_CONFIRMED,Wideband signal detected,freq=2164507936.5079365,bw=8.8330078125,hits=10
2026-04-24T17:20:22.298062,VIDEO_REJECTED,cyclo rejected video,freq=2164507936.5079365,score=0
2026-04-24T17:20:22.381834,PLATEAU_CONFIRMED,Wideband signal detected,freq=2186236874.2368746,bw=6.07421875,hits=8
2026-04-24T17:20:22.469142,VIDEO_REJECTED,cyclo rejected video,freq=2186236874.2368746,score=0
2026-04-24T17:20:22.473189,PLATEAU_CONFIRMED,Wideband signal detected,freq=2206673992.6739926,bw=7.3388671875,hits=8
2026-04-24T17:20:22.502567,VIDEO_REJECTED,cyclo rejected video,freq=2206673992.6739926,score=0
2026-04-24T17:20:22.536651,PLATEAU_REJECTED,Not enough hits,hits=1,required=3,freq=2240000000
2026-04-24T17:20:22.589801,PLATEAU_REJECTED,Not enough hits,hits=1,required=3,freq=2280000000
2026-04-24T17:20:22.707780,PLATEAU_CONFIRMED,Wideband signal detected,freq=2361076923.076923,bw=9.82421875,hits=5
2026-04-24T17:20:22.747143,VIDEO_REJECTED,cyclo rejected video,freq=2361076923.076923,score=0
2026-04-24T17:20:22.751445,PLATEAU_CONFIRMED,Wideband signal detected,freq=2378991452.991453,bw=6.9140625,hits=6
2026-04-24T17:20:22.892930,VIDEO_REJECTED,cyclo rejected video,freq=2378991452.991453,score=0
2026-04-24T17:20:22.951108,PLATEAU_CONFIRMED,Wideband signal detected,freq=2407233211.2332115,bw=5.576171875,hits=10
2026-04-24T17:20:23.112094,PLATEAU_CONFIRMED,Wideband signal detected,freq=2411924297.924298,bw=7.255859375,hits=9
2026-04-24T17:20:23.112700,VIDEO_REJECTED,cyclo rejected video,freq=2407233211.2332115,score=0
2026-04-24T17:20:23.143663,VIDEO_REJECTED,cyclo rejected video,freq=2411924297.924298,score=0
2026-04-24T17:20:23.189586,PLATEAU_CONFIRMED,Wideband signal detected,freq=2462498168.4981685,bw=4.8876953125,hits=7
2026-04-24T17:20:23.212208,VIDEO_REJECTED,cyclo rejected video,freq=2462498168.4981685,score=0
2026-04-24T17:20:23.345398,PLATEAU_REJECTED,Not enough hits,hits=2,required=3,freq=2580000000
2026-04-24T17:20:23.374255,PLATEAU_REJECTED,Not enough hits,hits=2,required=3,freq=2600000000
2026-04-24T17:20:23.499710,PLATEAU_CONFIRMED,Wideband signal detected,freq=2612573870.5738707,bw=5.1953125,hits=7
2026-04-24T17:20:23.564652,PLATEAU_CONFIRMED,Wideband signal detected,freq=2632275946.275946,bw=7.255859375,hits=9
2026-04-24T17:20:23.564623,VIDEO_REJECTED,cyclo rejected video,freq=2612573870.5738707,score=0
2026-04-24T17:20:23.675482,VIDEO_REJECTED,cyclo rejected video,freq=2632275946.275946,score=1
2026-04-24T17:20:23.675682,PLATEAU_CONFIRMED,Wideband signal detected,freq=2655074481.074481,bw=8.544921875,hits=4
2026-04-24T17:20:23.730202,VIDEO_REJECTED,cyclo rejected video,freq=2655074481.074481,score=0
2026-04-24T17:20:23.737219,PLATEAU_CONFIRMED,Wideband signal detected,freq=2672573870.5738707,bw=3.662109375,hits=6
2026-04-24T17:20:23.759957,VIDEO_REJECTED,cyclo rejected video,freq=2672573870.5738707,score=0
2026-04-24T17:20:24.201591,PLATEAU_CONFIRMED,Wideband signal detected,freq=3024564102.5641026,bw=7.6318359375,hits=5
2026-04-24T17:20:24.227850,VIDEO_REJECTED,cyclo rejected video,freq=3024564102.5641026,score=0
2026-04-24T17:20:24.237622,PLATEAU_CONFIRMED,Wideband signal detected,freq=3038029304.029304,bw=8.80859375,hits=5
2026-04-24T17:20:24.282834,PLATEAU_CONFIRMED,Wideband signal detected,freq=3057890109.89011,bw=7.978515625,hits=4
2026-04-24T17:20:24.282955,VIDEO_REJECTED,cyclo rejected video,freq=3038029304.029304,score=0
2026-04-24T17:20:24.313718,VIDEO_REJECTED,cyclo rejected video,freq=3057890109.89011,score=0
2026-04-24T17:20:24.320494,PLATEAU_CONFIRMED,Wideband signal detected,freq=3074539682.5396824,bw=7.3095703125,hits=4
2026-04-24T17:20:24.343181,VIDEO_REJECTED,cyclo rejected video,freq=3074539682.5396824,score=0
2026-04-24T17:20:24.514789,PLATEAU_CONFIRMED,Wideband signal detected,freq=3219997557.997558,bw=8.2080078125,hits=5
2026-04-24T17:20:24.541427,VIDEO_REJECTED,cyclo rejected video,freq=3219997557.997558,score=0
2026-04-24T17:20:24.544974,PLATEAU_REJECTED,Not enough hits,hits=1,required=3,freq=3240000000
2026-04-24T17:20:24.786296,PLATEAU_REJECTED,Not enough hits,hits=2,required=3,freq=3420000000
2026-04-24T17:20:24.823328,PLATEAU_CONFIRMED,Wideband signal detected,freq=3444849816.8498173,bw=9.66796875,hits=6
2026-04-24T17:20:24.850934,VIDEO_REJECTED,cyclo rejected video,freq=3444849816.8498173,score=0
2026-04-24T17:20:24.858202,PLATEAU_CONFIRMED,Wideband signal detected,freq=3464197802.197802,bw=4.4921875,hits=3
2026-04-24T17:20:24.883887,VIDEO_REJECTED,cyclo rejected video,freq=3464197802.197802,score=0
2026-04-24T17:20:24.925184,PLATEAU_REJECTED,Not enough hits,hits=2,required=3,freq=3500000000
2026-04-24T17:20:24.958092,PLATEAU_CONFIRMED,Wideband signal detected,freq=3520993894.9938946,bw=4.04296875,hits=4
2026-04-24T17:20:24.999788,PLATEAU_CONFIRMED,Wideband signal detected,freq=3534864468.864469,bw=4.4482421875,hits=5
2026-04-24T17:20:25.000236,VIDEO_REJECTED,cyclo rejected video,freq=3520993894.9938946,score=0
2026-04-24T17:20:25.034770,VIDEO_REJECTED,cyclo rejected video,freq=3534864468.864469,score=0
2026-04-24T17:20:25.046994,PLATEAU_CONFIRMED,Wideband signal detected,freq=3554278388.2783885,bw=4.5849609375,hits=7
2026-04-24T17:20:25.073209,VIDEO_REJECTED,cyclo rejected video,freq=3554278388.2783885,score=0
2026-04-24T17:20:25.082650,PLATEAU_CONFIRMED,Wideband signal detected,freq=3573257631.2576313,bw=5.09765625,hits=3
2026-04-24T17:20:25.107162,VIDEO_REJECTED,cyclo rejected video,freq=3573257631.2576313,score=0
2026-04-24T17:20:25.126378,PLATEAU_CONFIRMED,Wideband signal detected,freq=3607621489.6214895,bw=3.26171875,hits=5
2026-04-24T17:20:25.154959,VIDEO_REJECTED,cyclo rejected video,freq=3607621489.6214895,score=0
2026-04-24T17:20:25.172327,PLATEAU_CONFIRMED,Wideband signal detected,freq=3625787545.7875457,bw=7.3974609375,hits=6
2026-04-24T17:20:25.208301,VIDEO_REJECTED,cyclo rejected video,freq=3625787545.7875457,score=0
2026-04-24T17:20:25.216836,PLATEAU_CONFIRMED,Wideband signal detected,freq=3643665445.665446,bw=9.51171875,hits=5
2026-04-24T17:20:25.247704,VIDEO_REJECTED,cyclo rejected video,freq=3643665445.665446,score=0
2026-04-24T17:20:25.251754,PLATEAU_REJECTED,Not enough hits,hits=1,required=3,freq=3660000000
2026-04-24T17:20:25.290819,PLATEAU_REJECTED,Not enough hits,hits=2,required=3,freq=3680000000
2026-04-24T17:20:25.328272,PLATEAU_CONFIRMED,Wideband signal detected,freq=3697189255.189255,bw=8.1884765625,hits=5
2026-04-24T17:20:25.363481,VIDEO_REJECTED,cyclo rejected video,freq=3697189255.189255,score=0
2026-04-24T17:20:25.379770,PLATEAU_CONFIRMED,Wideband signal detected,freq=3716212454.2124543,bw=9.365234375,hits=7
2026-04-24T17:20:25.412001,VIDEO_REJECTED,cyclo rejected video,freq=3716212454.2124543,score=0
2026-04-24T17:20:25.416775,PLATEAU_CONFIRMED,Wideband signal detected,freq=3741350427.350427,bw=6.3427734375,hits=9
2026-04-24T17:20:25.438375,VIDEO_REJECTED,cyclo rejected video,freq=3741350427.350427,score=0
2026-04-24T17:20:25.448743,PLATEAU_REJECTED,Not enough hits,hits=2,required=3,freq=3760000000
2026-04-24T17:20:25.488165,PLATEAU_CONFIRMED,Wideband signal detected,freq=3781384615.3846154,bw=6.7333984375,hits=5
2026-04-24T17:20:25.520094,VIDEO_REJECTED,cyclo rejected video,freq=3781384615.3846154,score=0
2026-04-24T17:20:25.533912,PLATEAU_CONFIRMED,Wideband signal detected,freq=3796722832.7228327,bw=9.052734375,hits=10
2026-04-24T17:20:25.579280,VIDEO_REJECTED,cyclo rejected video,freq=3796722832.7228327,score=0
2026-04-24T17:20:25.600844,PLATEAU_CONFIRMED,Wideband signal detected,freq=3814979242.9792433,bw=9.033203125,hits=10
2026-04-24T17:20:25.663618,VIDEO_REJECTED,cyclo rejected video,freq=3814979242.9792433,score=0
2026-04-24T17:20:25.668251,PLATEAU_CONFIRMED,Wideband signal detected,freq=3833631257.6312575,bw=8.4521484375,hits=10
2026-04-24T17:20:25.699344,VIDEO_REJECTED,cyclo rejected video,freq=3833631257.6312575,score=0
2026-04-24T17:20:25.702898,PLATEAU_REJECTED,Not enough hits,hits=1,required=3,freq=3860000000
2026-04-24T17:20:25.878851,PLATEAU_CONFIRMED,Wideband signal detected,freq=3933892551.892552,bw=5.56640625,hits=5
2026-04-24T17:20:25.923306,PLATEAU_CONFIRMED,Wideband signal detected,freq=3953653235.6532354,bw=5.546875,hits=5
2026-04-24T17:20:25.923355,VIDEO_REJECTED,cyclo rejected video,freq=3933892551.892552,score=0
2026-04-24T17:20:25.948395,VIDEO_REJECTED,cyclo rejected video,freq=3953653235.6532354,score=0
2026-04-24T17:20:26.039732,PLATEAU_CONFIRMED,Wideband signal detected,freq=4039142857.142857,bw=9.1650390625,hits=5
2026-04-24T17:20:26.063716,VIDEO_REJECTED,cyclo rejected video,freq=4039142857.142857,score=0
2026-04-24T17:20:26.215878,PLATEAU_CONFIRMED,Wideband signal detected,freq=4156358974.3589745,bw=9.9560546875,hits=5
2026-04-24T17:20:26.239501,VIDEO_REJECTED,cyclo rejected video,freq=4156358974.3589745,score=0
2026-04-24T17:20:26.530850,PLATEAU_REJECTED,Not enough hits,hits=2,required=3,freq=4400000000
2026-04-24T17:20:26.636271,PLATEAU_REJECTED,Not enough hits,hits=2,required=3,freq=4480000000
2026-04-24T17:20:27.336769,PLATEAU_REJECTED,Not enough hits,hits=1,required=3,freq=5020000000
2026-04-24T17:20:28.226097,PLATEAU_CONFIRMED,Wideband signal detected,freq=5697609279.60928,bw=5.205078125,hits=5
2026-04-24T17:20:28.250134,VIDEO_REJECTED,cyclo rejected video,freq=5697609279.60928,score=0
2026-04-24T17:20:28.335366,PLATEAU_REJECTED,Not enough hits,hits=1,required=3,freq=5780000000
