2026-04-24T17:26:00.441628,AUTOCORR_SAMPLE,Per-buffer autocorr result,freq=94459096.45909646,peak=-0.013347677886486053,peak2=-0.024760756641626358,lag_off=6.0,confirmed=False
2026-04-24T17:26:00.442429,AUTOCORR_SAMPLE,Per-buffer autocorr result,freq=94459096.45909646,peak=0.054563846439123154,peak2=0.011955361813306808,lag_off=0.0,confirmed=False
2026-04-24T17:26:00.445207,AUTOCORR_SAMPLE,Per-buffer autocorr result,freq=94459096.45909646,peak=0.07297306973487139,peak2=0.04775514546781778,lag_off=-4.0,confirmed=False
2026-04-24T17:26:00.445834,AUTOCORR_SAMPLE,Per-buffer autocorr result,freq=94459096.45909646,peak=0.11226195655763149,peak2=0.039111560210585594,lag_off=-3.0,confirmed=False
2026-04-24T17:26:00.446474,AUTOCORR_SAMPLE,Per-buffer autocorr result,freq=94459096.45909646,peak=0.10552711988566443,peak2=0.07119452412007377,lag_off=0.0,confirmed=False
2026-04-24T17:26:00.449308,AUTOCORR_SAMPLE,Per-buffer autocorr result,freq=94459096.45909646,peak=0.030979525297880173,peak2=0.010402210056781769,lag_off=5.0,confirmed=False
2026-04-24T17:26:00.452134,AUTOCORR_SAMPLE,Per-buffer autocorr result,freq=94459096.45909646,peak=0.0459504509344697,peak2=0.08721184078603983,lag_off=0.0,confirmed=False
2026-04-24T17:26:00.452968,AUTOCORR_SAMPLE,Per-buffer autocorr result,freq=94459096.45909646,peak=0.01559373363852501,peak2=0.03887978754937649,lag_off=1.0,confirmed=False
2026-04-24T17:26:00.456375,AUTOCORR_SAMPLE,Per-buffer autocorr result,freq=94459096.45909646,peak=0.04468861594796181,peak2=0.008371468633413315,lag_off=-2.0,confirmed=False
2026-04-24T17:26:00.457045,AUTOCORR_SAMPLE,Per-buffer autocorr result,freq=94459096.45909646,peak=0.02728645270690322,peak2=0.07020448474213481,lag_off=-4.0,confirmed=False
2026-04-24T17:26:00.457133,AUTOCORR_RESULT,autocorr classification,freq=94459096.45909646,votes=0,total=10,score=0.0,confirmed=False
2026-04-24T17:26:00.518297,AUTOCORR_SAMPLE,Per-buffer autocorr result,freq=144769230.76923078,peak=0.09790883399546146,peak2=0.03846803493797779,lag_off=-6.0,confirmed=False
2026-04-24T17:26:00.519442,AUTOCORR_SAMPLE,Per-buffer autocorr result,freq=144769230.76923078,peak=0.08021372184157372,peak2=-0.014328118413686752,lag_off=0.0,confirmed=False
2026-04-24T17:26:00.522732,AUTOCORR_SAMPLE,Per-buffer autocorr result,freq=144769230.76923078,peak=0.0988183980807662,peak2=0.0698732053861022,lag_off=-3.0,confirmed=False
2026-04-24T17:26:00.525420,AUTOCORR_SAMPLE,Per-buffer autocorr result,freq=144769230.76923078,peak=0.05632949620485306,peak2=0.09729033336043358,lag_off=0.0,confirmed=False
2026-04-24T17:26:00.526436,AUTOCORR_SAMPLE,Per-buffer autocorr result,freq=144769230.76923078,peak=0.06581576820462942,peak2=0.0345052657648921,lag_off=1.0,confirmed=False
2026-04-24T17:26:00.532478,AUTOCORR_SAMPLE,Per-buffer autocorr result,freq=144769230.76923078,peak=0.06917037023231387,peak2=0.07092064572498202,lag_off=5.0,confirmed=False
2026-04-24T17:26:00.535820,AUTOCORR_SAMPLE,Per-buffer autocorr result,freq=144769230.76923078,peak=0.0884430781006813,peak2=0.04627511277794838,lag_off=3.0,confirmed=False
2026-04-24T17:26:00.536646,AUTOCORR_SAMPLE,Per-buffer autocorr result,freq=144769230.76923078,peak=0.06856238283216953,peak2=0.049139777198433876,lag_off=3.0,confirmed=False
2026-04-24T17:26:00.537204,AUTOCORR_SAMPLE,Per-buffer autocorr result,freq=144769230.76923078,peak=0.010346471099182963,peak2=0.08627129229716957,lag_off=-3.0,confirmed=False
2026-04-24T17:26:00.541116,AUTOCORR_SAMPLE,Per-buffer autocorr result,freq=144769230.76923078,peak=0.07703305338509381,peak2=0.08776955609209836,lag_off=-5.0,confirmed=False
2026-04-24T17:26:00.541184,AUTOCORR_RESULT,autocorr classification,freq=144769230.76923078,votes=0,total=10,score=0.0,confirmed=False
2026-04-24T17:26:00.610839,AUTOCORR_SAMPLE,Per-buffer autocorr result,freq=196605616.6056166,peak=0.06669469550251961,peak2=0.04430023208260536,lag_off=-4.0,confirmed=False
2026-04-24T17:26:00.613398,AUTOCORR_SAMPLE,Per-buffer autocorr result,freq=196605616.6056166,peak=-0.04810337256640196,peak2=0.027503225952386856,lag_off=-3.0,confirmed=False
2026-04-24T17:26:00.614188,AUTOCORR_SAMPLE,Per-buffer autocorr result,freq=196605616.6056166,peak=0.11800335068255663,peak2=0.1031725900247693,lag_off=3.0,confirmed=False
2026-04-24T17:26:00.617308,AUTOCORR_SAMPLE,Per-buffer autocorr result,freq=196605616.6056166,peak=-0.003808046691119671,peak2=0.10627734288573265,lag_off=1.0,confirmed=False
2026-04-24T17:26:00.618202,AUTOCORR_SAMPLE,Per-buffer autocorr result,freq=196605616.6056166,peak=0.10552432108670473,peak2=0.09316433686763048,lag_off=-4.0,confirmed=False
2026-04-24T17:26:00.621879,AUTOCORR_SAMPLE,Per-buffer autocorr result,freq=196605616.6056166,peak=0.048238315619528294,peak2=0.11998963076621294,lag_off=-2.0,confirmed=False
2026-04-24T17:26:00.624819,AUTOCORR_SAMPLE,Per-buffer autocorr result,freq=196605616.6056166,peak=0.10540513088926673,peak2=0.059311897959560156,lag_off=-3.0,confirmed=False
2026-04-24T17:26:00.627939,AUTOCORR_SAMPLE,Per-buffer autocorr result,freq=196605616.6056166,peak=0.02146521396934986,peak2=0.04712413437664509,lag_off=6.0,confirmed=False
2026-04-24T17:26:00.628767,AUTOCORR_SAMPLE,Per-buffer autocorr result,freq=196605616.6056166,peak=0.028911210596561432,peak2=-0.015723463147878647,lag_off=-3.0,confirmed=False
2026-04-24T17:26:00.631912,AUTOCORR_SAMPLE,Per-buffer autocorr result,freq=196605616.6056166,peak=-0.03483739495277405,peak2=-0.011692328378558159,lag_off=-4.0,confirmed=False
2026-04-24T17:26:00.631977,AUTOCORR_RESULT,autocorr classification,freq=196605616.6056166,votes=0,total=10,score=0.0,confirmed=False
2026-04-24T17:26:00.658835,AUTOCORR_SAMPLE,Per-buffer autocorr result,freq=226854700.85470086,peak=-0.04810337256640196,peak2=0.027503225952386856,lag_off=-3.0,confirmed=False
2026-04-24T17:26:00.660026,AUTOCORR_SAMPLE,Per-buffer autocorr result,freq=226854700.85470086,peak=0.14014289062470198,peak2=0.06749988626688719,lag_off=0.0,confirmed=False
2026-04-24T17:26:00.663340,AUTOCORR_SAMPLE,Per-buffer autocorr result,freq=226854700.85470086,peak=0.1615281756967306,peak2=0.09296346269547939,lag_off=-4.0,confirmed=False
2026-04-24T17:26:00.666664,AUTOCORR_SAMPLE,Per-buffer autocorr result,freq=226854700.85470086,peak=0.05607159063220024,peak2=0.11062749847769737,lag_off=5.0,confirmed=False
2026-04-24T17:26:00.667660,AUTOCORR_SAMPLE,Per-buffer autocorr result,freq=226854700.85470086,peak=0.03285939525812864,peak2=0.04733880329877138,lag_off=6.0,confirmed=False
2026-04-24T17:26:00.672472,AUTOCORR_SAMPLE,Per-buffer autocorr result,freq=226854700.85470086,peak=0.09329033177345991,peak2=0.07878001313656569,lag_off=-4.0,confirmed=False
2026-04-24T17:26:00.673397,AUTOCORR_SAMPLE,Per-buffer autocorr result,freq=226854700.85470086,peak=-0.04496313817799091,peak2=0.07476004958152771,lag_off=-5.0,confirmed=False
2026-04-24T17:26:00.678062,AUTOCORR_SAMPLE,Per-buffer autocorr result,freq=226854700.85470086,peak=0.07431653887033463,peak2=-0.05415484681725502,lag_off=-3.0,confirmed=False
2026-04-24T17:26:00.684624,AUTOCORR_SAMPLE,Per-buffer autocorr result,freq=226854700.85470086,peak=0.08843158930540085,peak2=0.06205093860626221,lag_off=0.0,confirmed=False
2026-04-24T17:26:00.685689,AUTOCORR_SAMPLE,Per-buffer autocorr result,freq=226854700.85470086,peak=0.0534559041261673,peak2=0.07308736443519592,lag_off=1.0,confirmed=False
2026-04-24T17:26:00.685842,AUTOCORR_RESULT,autocorr classification,freq=226854700.85470086,votes=0,total=10,score=0.0,confirmed=False
2026-04-24T17:26:00.732300,AUTOCORR_SAMPLE,Per-buffer autocorr result,freq=246703296.7032967,peak=0.09305754117667675,peak2=0.049031345173716545,lag_off=4.0,confirmed=False
2026-04-24T17:26:00.736143,AUTOCORR_SAMPLE,Per-buffer autocorr result,freq=246703296.7032967,peak=-0.019136011600494385,peak2=0.009775064885616302,lag_off=4.0,confirmed=False
2026-04-24T17:26:00.737000,AUTOCORR_SAMPLE,Per-buffer autocorr result,freq=246703296.7032967,peak=0.100569112226367,peak2=0.08948339335620403,lag_off=1.0,confirmed=False
2026-04-24T17:26:00.740060,AUTOCORR_SAMPLE,Per-buffer autocorr result,freq=246703296.7032967,peak=0.045521609485149384,peak2=0.009188905358314514,lag_off=-4.0,confirmed=False
2026-04-24T17:26:00.740892,AUTOCORR_SAMPLE,Per-buffer autocorr result,freq=246703296.7032967,peak=-0.033153703436255455,peak2=-0.13280222564935684,lag_off=0.0,confirmed=False
2026-04-24T17:26:00.744343,AUTOCORR_SAMPLE,Per-buffer autocorr result,freq=246703296.7032967,peak=-0.10310283023864031,peak2=-0.034445423632860184,lag_off=-4.0,confirmed=False
2026-04-24T17:26:00.747547,AUTOCORR_SAMPLE,Per-buffer autocorr result,freq=246703296.7032967,peak=0.15540362522006035,peak2=-0.035861508920788765,lag_off=1.0,confirmed=False
2026-04-24T17:26:00.748240,AUTOCORR_SAMPLE,Per-buffer autocorr result,freq=246703296.7032967,peak=0.05100774113088846,peak2=0.10913235042244196,lag_off=1.0,confirmed=False
2026-04-24T17:26:00.751347,AUTOCORR_SAMPLE,Per-buffer autocorr result,freq=246703296.7032967,peak=0.07694976776838303,peak2=-0.06016116216778755,lag_off=-4.0,confirmed=False
2026-04-24T17:26:00.754701,AUTOCORR_SAMPLE,Per-buffer autocorr result,freq=246703296.7032967,peak=0.04936153907328844,peak2=0.1173814544454217,lag_off=1.0,confirmed=False
2026-04-24T17:26:00.754834,AUTOCORR_RESULT,autocorr classification,freq=246703296.7032967,votes=0,total=10,score=0.0,confirmed=False
2026-04-24T17:26:00.827480,AUTOCORR_SAMPLE,Per-buffer autocorr result,freq=294036630.03663003,peak=0.08600898116128519,peak2=0.025166901119519025,lag_off=-5.0,confirmed=False
2026-04-24T17:26:00.830119,AUTOCORR_SAMPLE,Per-buffer autocorr result,freq=294036630.03663003,peak=-0.0817444697022438,peak2=0.025075580924749374,lag_off=-1.0,confirmed=False
2026-04-24T17:26:00.831034,AUTOCORR_SAMPLE,Per-buffer autocorr result,freq=294036630.03663003,peak=0.10182109288871288,peak2=0.02507416345179081,lag_off=4.0,confirmed=False
2026-04-24T17:26:00.834178,AUTOCORR_SAMPLE,Per-buffer autocorr result,freq=294036630.03663003,peak=-0.02345465123653412,peak2=0.12220008298754692,lag_off=3.0,confirmed=False
2026-04-24T17:26:00.837795,AUTOCORR_SAMPLE,Per-buffer autocorr result,freq=294036630.03663003,peak=0.1575537122262176,peak2=0.11334749529487453,lag_off=6.0,confirmed=False
2026-04-24T17:26:00.840805,AUTOCORR_SAMPLE,Per-buffer autocorr result,freq=294036630.03663003,peak=-0.05896691419184208,peak2=0.024996690452098846,lag_off=-2.0,confirmed=False
2026-04-24T17:26:00.841553,AUTOCORR_SAMPLE,Per-buffer autocorr result,freq=294036630.03663003,peak=-0.10744775272905827,peak2=-0.10778931621462107,lag_off=-4.0,confirmed=False
2026-04-24T17:26:00.844697,AUTOCORR_SAMPLE,Per-buffer autocorr result,freq=294036630.03663003,peak=0.08094146847724915,peak2=0.06553123518824577,lag_off=6.0,confirmed=False
2026-04-24T17:26:00.845329,AUTOCORR_SAMPLE,Per-buffer autocorr result,freq=294036630.03663003,peak=0.039188239723443985,peak2=-0.04629450524225831,lag_off=1.0,confirmed=False
2026-04-24T17:26:00.849123,AUTOCORR_SAMPLE,Per-buffer autocorr result,freq=294036630.03663003,peak=0.1548236832022667,peak2=0.017434418201446533,lag_off=2.0,confirmed=False
2026-04-24T17:26:00.849253,AUTOCORR_RESULT,autocorr classification,freq=294036630.03663003,votes=0,total=10,score=0.0,confirmed=False
2026-04-24T17:26:00.873399,AUTOCORR_SAMPLE,Per-buffer autocorr result,freq=313746031.74603176,peak=-0.0817444697022438,peak2=0.025075580924749374,lag_off=-1.0,confirmed=False
2026-04-24T17:26:00.876920,AUTOCORR_SAMPLE,Per-buffer autocorr result,freq=313746031.74603176,peak=0.11429071717429906,peak2=0.0306397593813017,lag_off=6.0,confirmed=False
2026-04-24T17:26:00.877645,AUTOCORR_SAMPLE,Per-buffer autocorr result,freq=313746031.74603176,peak=0.014353934675455093,peak2=0.02432163432240486,lag_off=3.0,confirmed=False
2026-04-24T17:26:00.880772,AUTOCORR_SAMPLE,Per-buffer autocorr result,freq=313746031.74603176,peak=0.03734654560685158,peak2=-0.03213810175657272,lag_off=-6.0,confirmed=False
2026-04-24T17:26:00.881404,AUTOCORR_SAMPLE,Per-buffer autocorr result,freq=313746031.74603176,peak=0.053568399511277676,peak2=0.08348312135785818,lag_off=-6.0,confirmed=False
2026-04-24T17:26:00.884635,AUTOCORR_SAMPLE,Per-buffer autocorr result,freq=313746031.74603176,peak=0.16728176013566554,peak2=0.09511944488622248,lag_off=-5.0,confirmed=False
2026-04-24T17:26:00.885401,AUTOCORR_SAMPLE,Per-buffer autocorr result,freq=313746031.74603176,peak=-0.0037577077746391296,peak2=0.05928451754152775,lag_off=6.0,confirmed=False
2026-04-24T17:26:00.888904,AUTOCORR_SAMPLE,Per-buffer autocorr result,freq=313746031.74603176,peak=-0.01868515694513917,peak2=0.017813559621572495,lag_off=-4.0,confirmed=False
2026-04-24T17:26:00.891984,AUTOCORR_SAMPLE,Per-buffer autocorr result,freq=313746031.74603176,peak=0.06702427286654711,peak2=0.07332586590200663,lag_off=-1.0,confirmed=False
2026-04-24T17:26:00.892780,AUTOCORR_SAMPLE,Per-buffer autocorr result,freq=313746031.74603176,peak=0.02200854104012251,peak2=0.06083835568279028,lag_off=2.0,confirmed=False
2026-04-24T17:26:00.892890,AUTOCORR_RESULT,autocorr classification,freq=313746031.74603176,votes=0,total=10,score=0.0,confirmed=False
2026-04-24T17:26:01.262841,AUTOCORR_SAMPLE,Per-buffer autocorr result,freq=585272283.2722833,peak=0.14376505743712187,peak2=0.008953739888966084,lag_off=-3.0,confirmed=False
2026-04-24T17:26:01.265967,AUTOCORR_SAMPLE,Per-buffer autocorr result,freq=585272283.2722833,peak=-0.03165448410436511,peak2=0.025955116376280785,lag_off=0.0,confirmed=False
2026-04-24T17:26:01.266742,AUTOCORR_SAMPLE,Per-buffer autocorr result,freq=585272283.2722833,peak=0.031895289197564125,peak2=0.025495687499642372,lag_off=6.0,confirmed=False
2026-04-24T17:26:01.267538,AUTOCORR_SAMPLE,Per-buffer autocorr result,freq=585272283.2722833,peak=0.04384820535778999,peak2=-0.06772670149803162,lag_off=5.0,confirmed=False
2026-04-24T17:26:01.273727,AUTOCORR_SAMPLE,Per-buffer autocorr result,freq=585272283.2722833,peak=0.017994049936532974,peak2=-0.05948372557759285,lag_off=5.0,confirmed=False
2026-04-24T17:26:01.274959,AUTOCORR_SAMPLE,Per-buffer autocorr result,freq=585272283.2722833,peak=0.048060543835163116,peak2=-0.0033679306507110596,lag_off=0.0,confirmed=False
2026-04-24T17:26:01.277633,AUTOCORR_SAMPLE,Per-buffer autocorr result,freq=585272283.2722833,peak=0.024286371655762196,peak2=0.077606619335711,lag_off=4.0,confirmed=False
2026-04-24T17:26:01.278495,AUTOCORR_SAMPLE,Per-buffer autocorr result,freq=585272283.2722833,peak=0.03513456112705171,peak2=0.04579761973582208,lag_off=3.0,confirmed=False
2026-04-24T17:26:01.281448,AUTOCORR_SAMPLE,Per-buffer autocorr result,freq=585272283.2722833,peak=0.09060793928802013,peak2=0.021105900406837463,lag_off=0.0,confirmed=False
2026-04-24T17:26:01.282178,AUTOCORR_SAMPLE,Per-buffer autocorr result,freq=585272283.2722833,peak=0.08090029284358025,peak2=-0.03135681990534067,lag_off=0.0,confirmed=False
2026-04-24T17:26:01.284781,AUTOCORR_RESULT,autocorr classification,freq=585272283.2722833,votes=0,total=10,score=0.0,confirmed=False
2026-04-24T17:26:01.299035,AUTOCORR_SAMPLE,Per-buffer autocorr result,freq=603474969.4749695,peak=-0.03165448410436511,peak2=0.025955116376280785,lag_off=0.0,confirmed=False
2026-04-24T17:26:01.302033,AUTOCORR_SAMPLE,Per-buffer autocorr result,freq=603474969.4749695,peak=0.13128969306126237,peak2=0.09404665464535356,lag_off=-1.0,confirmed=False
2026-04-24T17:26:01.305165,AUTOCORR_SAMPLE,Per-buffer autocorr result,freq=603474969.4749695,peak=0.06656845728866756,peak2=0.0968052304815501,lag_off=-3.0,confirmed=False
2026-04-24T17:26:01.307843,AUTOCORR_SAMPLE,Per-buffer autocorr result,freq=603474969.4749695,peak=0.09831710532307625,peak2=0.08545714989304543,lag_off=-6.0,confirmed=False
2026-04-24T17:26:01.308585,AUTOCORR_SAMPLE,Per-buffer autocorr result,freq=603474969.4749695,peak=0.057131954468786716,peak2=0.12785218749195337,lag_off=-2.0,confirmed=False
2026-04-24T17:26:01.309243,AUTOCORR_SAMPLE,Per-buffer autocorr result,freq=603474969.4749695,peak=0.16678306087851524,peak2=0.08439454063773155,lag_off=-5.0,confirmed=False
2026-04-24T17:26:01.311874,AUTOCORR_SAMPLE,Per-buffer autocorr result,freq=603474969.4749695,peak=0.08700077919638716,peak2=0.12353078214800917,lag_off=0.0,confirmed=False
2026-04-24T17:26:01.312771,AUTOCORR_SAMPLE,Per-buffer autocorr result,freq=603474969.4749695,peak=0.06375229172408581,peak2=0.04899018816649914,lag_off=-2.0,confirmed=False
2026-04-24T17:26:01.316341,AUTOCORR_SAMPLE,Per-buffer autocorr result,freq=603474969.4749695,peak=0.14005539595382288,peak2=0.10666612564818934,lag_off=4.0,confirmed=False
2026-04-24T17:26:01.317119,AUTOCORR_SAMPLE,Per-buffer autocorr result,freq=603474969.4749695,peak=0.09789602365344763,peak2=0.03369640465825796,lag_off=5.0,confirmed=False
2026-04-24T17:26:01.317242,AUTOCORR_RESULT,autocorr classification,freq=603474969.4749695,votes=0,total=10,score=0.0,confirmed=False
2026-04-24T17:26:01.335874,AUTOCORR_SAMPLE,Per-buffer autocorr result,freq=620043956.043956,peak=0.13128969306126237,peak2=0.09404665464535356,lag_off=-1.0,confirmed=False
2026-04-24T17:26:01.336998,AUTOCORR_SAMPLE,Per-buffer autocorr result,freq=620043956.043956,peak=0.07512146956287324,peak2=0.035229302709922194,lag_off=-4.0,confirmed=False
2026-04-24T17:26:01.339590,AUTOCORR_SAMPLE,Per-buffer autocorr result,freq=620043956.043956,peak=0.14926907792687416,peak2=-0.00892704352736473,lag_off=-4.0,confirmed=False
2026-04-24T17:26:01.340418,AUTOCORR_SAMPLE,Per-buffer autocorr result,freq=620043956.043956,peak=0.018757035955786705,peak2=0.010624190792441368,lag_off=1.0,confirmed=False
2026-04-24T17:26:01.343214,AUTOCORR_SAMPLE,Per-buffer autocorr result,freq=620043956.043956,peak=-0.007016856223344803,peak2=-0.01636362448334694,lag_off=-4.0,confirmed=False
2026-04-24T17:26:01.345890,AUTOCORR_SAMPLE,Per-buffer autocorr result,freq=620043956.043956,peak=0.086504221719224,peak2=0.03832489700289443,lag_off=-3.0,confirmed=False
2026-04-24T17:26:01.346876,AUTOCORR_SAMPLE,Per-buffer autocorr result,freq=620043956.043956,peak=0.08065059129148722,peak2=0.04594278056174517,lag_off=-6.0,confirmed=False
2026-04-24T17:26:01.349500,AUTOCORR_SAMPLE,Per-buffer autocorr result,freq=620043956.043956,peak=0.05171878635883331,peak2=0.013341188430786133,lag_off=0.0,confirmed=False
2026-04-24T17:26:01.350504,AUTOCORR_SAMPLE,Per-buffer autocorr result,freq=620043956.043956,peak=0.08975485246628523,peak2=0.04705377575010061,lag_off=-2.0,confirmed=False
2026-04-24T17:26:01.353429,AUTOCORR_SAMPLE,Per-buffer autocorr result,freq=620043956.043956,peak=0.16003596922382712,peak2=0.10252925893291831,lag_off=-5.0,confirmed=False
2026-04-24T17:26:01.353508,AUTOCORR_RESULT,autocorr classification,freq=620043956.043956,votes=0,total=10,score=0.0,confirmed=False
2026-04-24T17:26:01.399073,AUTOCORR_SAMPLE,Per-buffer autocorr result,freq=665619047.6190476,peak=0.08949142275378108,peak2=0.01476970361545682,lag_off=4.0,confirmed=False
2026-04-24T17:26:01.399903,AUTOCORR_SAMPLE,Per-buffer autocorr result,freq=665619047.6190476,peak=0.028132814913988113,peak2=0.026944614946842194,lag_off=2.0,confirmed=False
2026-04-24T17:26:01.402995,AUTOCORR_SAMPLE,Per-buffer autocorr result,freq=665619047.6190476,peak=0.12659910786896944,peak2=0.01755491364747286,lag_off=-3.0,confirmed=False
2026-04-24T17:26:01.405863,AUTOCORR_SAMPLE,Per-buffer autocorr result,freq=665619047.6190476,peak=0.10689655877649784,peak2=0.08540521003305912,lag_off=-2.0,confirmed=False
2026-04-24T17:26:01.408862,AUTOCORR_SAMPLE,Per-buffer autocorr result,freq=665619047.6190476,peak=0.04371089115738869,peak2=0.05561613291501999,lag_off=2.0,confirmed=False
2026-04-24T17:26:01.409785,AUTOCORR_SAMPLE,Per-buffer autocorr result,freq=665619047.6190476,peak=0.08607746288180351,peak2=0.05121539905667305,lag_off=0.0,confirmed=False
2026-04-24T17:26:01.412368,AUTOCORR_SAMPLE,Per-buffer autocorr result,freq=665619047.6190476,peak=0.15727393701672554,peak2=0.1088140569627285,lag_off=-5.0,confirmed=False
2026-04-24T17:26:01.413051,AUTOCORR_SAMPLE,Per-buffer autocorr result,freq=665619047.6190476,peak=0.08795492188073695,peak2=0.04810573370195925,lag_off=-6.0,confirmed=False
2026-04-24T17:26:01.416005,AUTOCORR_SAMPLE,Per-buffer autocorr result,freq=665619047.6190476,peak=0.1227015859913081,peak2=0.030044176382943988,lag_off=4.0,confirmed=False
2026-04-24T17:26:01.419181,AUTOCORR_SAMPLE,Per-buffer autocorr result,freq=665619047.6190476,peak=0.039619315415620804,peak2=-0.012563560158014297,lag_off=2.0,confirmed=False
2026-04-24T17:26:01.419345,AUTOCORR_RESULT,autocorr classification,freq=665619047.6190476,votes=0,total=10,score=0.0,confirmed=False
2026-04-24T17:26:01.575500,AUTOCORR_SAMPLE,Per-buffer autocorr result,freq=763289377.2893773,peak=0.15043622453231364,peak2=0.08556162763852626,lag_off=3.0,confirmed=False
2026-04-24T17:26:01.576593,AUTOCORR_SAMPLE,Per-buffer autocorr result,freq=763289377.2893773,peak=0.7771311402320862,peak2=0.4626590609550476,lag_off=0.0,confirmed=True
2026-04-24T17:26:01.580286,AUTOCORR_SAMPLE,Per-buffer autocorr result,freq=763289377.2893773,peak=0.8240443617105484,peak2=0.5842394381761551,lag_off=0.0,confirmed=True
2026-04-24T17:26:01.581093,AUTOCORR_SAMPLE,Per-buffer autocorr result,freq=763289377.2893773,peak=0.8241530954837799,peak2=0.5902052521705627,lag_off=0.0,confirmed=True
2026-04-24T17:26:01.584936,AUTOCORR_SAMPLE,Per-buffer autocorr result,freq=763289377.2893773,peak=0.7474628537893295,peak2=0.4525618702173233,lag_off=0.0,confirmed=True
2026-04-24T17:26:01.585756,AUTOCORR_SAMPLE,Per-buffer autocorr result,freq=763289377.2893773,peak=0.6310128942131996,peak2=0.31951772421598434,lag_off=0.0,confirmed=True
2026-04-24T17:26:01.589078,AUTOCORR_SAMPLE,Per-buffer autocorr result,freq=763289377.2893773,peak=0.7806171551346779,peak2=0.4621671214699745,lag_off=0.0,confirmed=True
2026-04-24T17:26:01.592407,AUTOCORR_SAMPLE,Per-buffer autocorr result,freq=763289377.2893773,peak=0.7843635529279709,peak2=0.46791525185108185,lag_off=0.0,confirmed=True
2026-04-24T17:26:01.593515,AUTOCORR_SAMPLE,Per-buffer autocorr result,freq=763289377.2893773,peak=0.7795883268117905,peak2=0.4624698609113693,lag_off=0.0,confirmed=True
2026-04-24T17:26:01.596897,AUTOCORR_SAMPLE,Per-buffer autocorr result,freq=763289377.2893773,peak=0.7611778229475021,peak2=0.42226697504520416,lag_off=0.0,confirmed=True
2026-04-24T17:26:01.597050,AUTOCORR_RESULT,autocorr classification,freq=763289377.2893773,votes=9,total=10,score=0.9,confirmed=True
2026-04-24T17:26:01.610879,AUTOCORR_SAMPLE,Per-buffer autocorr result,freq=783333333.3333334,peak=0.7771311402320862,peak2=0.4626590609550476,lag_off=0.0,confirmed=True
2026-04-24T17:26:01.613760,AUTOCORR_SAMPLE,Per-buffer autocorr result,freq=783333333.3333334,peak=0.10728479828685522,peak2=0.026794212870299816,lag_off=-1.0,confirmed=False
2026-04-24T17:26:01.614691,AUTOCORR_SAMPLE,Per-buffer autocorr result,freq=783333333.3333334,peak=0.15558477118611336,peak2=0.05464600399136543,lag_off=1.0,confirmed=False
2026-04-24T17:26:01.617078,AUTOCORR_SAMPLE,Per-buffer autocorr result,freq=783333333.3333334,peak=0.0862898773048073,peak2=0.057656275341287255,lag_off=-6.0,confirmed=False
2026-04-24T17:26:01.618172,AUTOCORR_SAMPLE,Per-buffer autocorr result,freq=783333333.3333334,peak=0.09358764067292213,peak2=0.022268954664468765,lag_off=-5.0,confirmed=False
2026-04-24T17:26:01.621004,AUTOCORR_SAMPLE,Per-buffer autocorr result,freq=783333333.3333334,peak=0.07868640497326851,peak2=0.020168133080005646,lag_off=1.0,confirmed=False
2026-04-24T17:26:01.623393,AUTOCORR_SAMPLE,Per-buffer autocorr result,freq=783333333.3333334,peak=0.0033451318740844727,peak2=0.01883024536073208,lag_off=1.0,confirmed=False
2026-04-24T17:26:01.624344,AUTOCORR_SAMPLE,Per-buffer autocorr result,freq=783333333.3333334,peak=0.05644003860652447,peak2=0.04083866439759731,lag_off=-5.0,confirmed=False
2026-04-24T17:26:01.627110,AUTOCORR_SAMPLE,Per-buffer autocorr result,freq=783333333.3333334,peak=0.06858759745955467,peak2=-0.0033087730407714844,lag_off=-5.0,confirmed=False
2026-04-24T17:26:01.629841,AUTOCORR_SAMPLE,Per-buffer autocorr result,freq=783333333.3333334,peak=0.1429159827530384,peak2=0.1439586766064167,lag_off=-4.0,confirmed=False
2026-04-24T17:26:01.629922,AUTOCORR_RESULT,autocorr classification,freq=783333333.3333334,votes=1,total=10,score=0.1,confirmed=False
2026-04-24T17:26:01.985685,AUTOCORR_SAMPLE,Per-buffer autocorr result,freq=939655677.6556777,peak=0.06135799875482917,peak2=0.08697826554998755,lag_off=-2.0,confirmed=False
2026-04-24T17:26:01.992461,AUTOCORR_SAMPLE,Per-buffer autocorr result,freq=939655677.6556777,peak=0.12209671409800649,peak2=0.04444923670962453,lag_off=-2.0,confirmed=False
2026-04-24T17:26:01.993531,AUTOCORR_SAMPLE,Per-buffer autocorr result,freq=939655677.6556777,peak=0.07835576124489307,peak2=0.17533610574901104,lag_off=3.0,confirmed=False
2026-04-24T17:26:02.007699,AUTOCORR_SAMPLE,Per-buffer autocorr result,freq=939655677.6556777,peak=-0.024334222078323364,peak2=0.09389999136328697,lag_off=-6.0,confirmed=False
2026-04-24T17:26:02.008680,AUTOCORR_SAMPLE,Per-buffer autocorr result,freq=939655677.6556777,peak=0.07374852057546377,peak2=0.0481383940204978,lag_off=1.0,confirmed=False
2026-04-24T17:26:02.009412,AUTOCORR_SAMPLE,Per-buffer autocorr result,freq=939655677.6556777,peak=0.06001380458474159,peak2=0.044695429503917694,lag_off=4.0,confirmed=False
2026-04-24T17:26:02.014205,AUTOCORR_SAMPLE,Per-buffer autocorr result,freq=939655677.6556777,peak=-0.324820339679718,peak2=-0.6468720436096191,lag_off=-5.0,confirmed=False
2026-04-24T17:26:02.018706,AUTOCORR_SAMPLE,Per-buffer autocorr result,freq=939655677.6556777,peak=0.16406207717955112,peak2=0.1173043791204691,lag_off=4.0,confirmed=False
2026-04-24T17:26:02.019606,AUTOCORR_SAMPLE,Per-buffer autocorr result,freq=939655677.6556777,peak=0.09850713703781366,peak2=0.06539201829582453,lag_off=6.0,confirmed=False
2026-04-24T17:26:02.023741,AUTOCORR_SAMPLE,Per-buffer autocorr result,freq=939655677.6556777,peak=0.03927367925643921,peak2=-0.0001295367255806923,lag_off=-5.0,confirmed=False
2026-04-24T17:26:02.023851,AUTOCORR_RESULT,autocorr classification,freq=939655677.6556777,votes=0,total=10,score=0.0,confirmed=False
2026-04-24T17:26:02.041084,AUTOCORR_SAMPLE,Per-buffer autocorr result,freq=958185592.1855922,peak=0.16406207717955112,peak2=0.1173043791204691,lag_off=4.0,confirmed=False
2026-04-24T17:26:02.044255,AUTOCORR_SAMPLE,Per-buffer autocorr result,freq=958185592.1855922,peak=0.11854702793061733,peak2=0.005732201039791107,lag_off=-2.0,confirmed=False
2026-04-24T17:26:02.044961,AUTOCORR_SAMPLE,Per-buffer autocorr result,freq=958185592.1855922,peak=-0.07905806601047516,peak2=-0.26190871745347977,lag_off=-2.0,confirmed=False
2026-04-24T17:26:02.047789,AUTOCORR_SAMPLE,Per-buffer autocorr result,freq=958185592.1855922,peak=0.0808165306225419,peak2=0.011076946160756052,lag_off=-4.0,confirmed=False
2026-04-24T17:26:02.048674,AUTOCORR_SAMPLE,Per-buffer autocorr result,freq=958185592.1855922,peak=0.08532557543367147,peak2=0.0012944266200065613,lag_off=5.0,confirmed=False
2026-04-24T17:26:02.051979,AUTOCORR_SAMPLE,Per-buffer autocorr result,freq=958185592.1855922,peak=-0.18664449313655496,peak2=-0.30675433576107025,lag_off=1.0,confirmed=False
2026-04-24T17:26:02.055121,AUTOCORR_SAMPLE,Per-buffer autocorr result,freq=958185592.1855922,peak=-0.024605154991149902,peak2=-0.18263888359069824,lag_off=0.0,confirmed=False
2026-04-24T17:26:02.055966,AUTOCORR_SAMPLE,Per-buffer autocorr result,freq=958185592.1855922,peak=-0.001519676297903061,peak2=-0.006428632885217667,lag_off=4.0,confirmed=False
2026-04-24T17:26:02.058701,AUTOCORR_SAMPLE,Per-buffer autocorr result,freq=958185592.1855922,peak=-0.029600379057228565,peak2=0.07339939381927252,lag_off=-3.0,confirmed=False
2026-04-24T17:26:02.059429,AUTOCORR_SAMPLE,Per-buffer autocorr result,freq=958185592.1855922,peak=0.06681125424802303,peak2=0.014428905094973743,lag_off=5.0,confirmed=False
2026-04-24T17:26:02.061560,AUTOCORR_RESULT,autocorr classification,freq=958185592.1855922,votes=0,total=10,score=0.0,confirmed=False
2026-04-24T17:26:02.567535,AUTOCORR_SAMPLE,Per-buffer autocorr result,freq=1337567765.5677657,peak=0.028592668590135872,peak2=0.024766551447100937,lag_off=0.0,confirmed=False
2026-04-24T17:26:02.568509,AUTOCORR_SAMPLE,Per-buffer autocorr result,freq=1337567765.5677657,peak=0.052766791894100606,peak2=0.018365661962889135,lag_off=-1.0,confirmed=False
2026-04-24T17:26:02.571423,AUTOCORR_SAMPLE,Per-buffer autocorr result,freq=1337567765.5677657,peak=0.09644573088735342,peak2=0.11726300325244665,lag_off=5.0,confirmed=False
2026-04-24T17:26:02.573962,AUTOCORR_SAMPLE,Per-buffer autocorr result,freq=1337567765.5677657,peak=0.09569505881518126,peak2=0.10206932853907347,lag_off=-6.0,confirmed=False
2026-04-24T17:26:02.574856,AUTOCORR_SAMPLE,Per-buffer autocorr result,freq=1337567765.5677657,peak=0.0343134980648756,peak2=0.025707360357046127,lag_off=1.0,confirmed=False
2026-04-24T17:26:02.577472,AUTOCORR_SAMPLE,Per-buffer autocorr result,freq=1337567765.5677657,peak=0.012789078646164853,peak2=0.03734331636951538,lag_off=-4.0,confirmed=False
2026-04-24T17:26:02.578304,AUTOCORR_SAMPLE,Per-buffer autocorr result,freq=1337567765.5677657,peak=0.09819961979519576,peak2=0.09855402901303023,lag_off=-2.0,confirmed=False
2026-04-24T17:26:02.580855,AUTOCORR_SAMPLE,Per-buffer autocorr result,freq=1337567765.5677657,peak=0.051904257386922836,peak2=-0.03448819741606712,lag_off=3.0,confirmed=False
2026-04-24T17:26:02.581660,AUTOCORR_SAMPLE,Per-buffer autocorr result,freq=1337567765.5677657,peak=0.0375486770644784,peak2=0.24663319531828165,lag_off=4.0,confirmed=False
2026-04-24T17:26:02.584505,AUTOCORR_SAMPLE,Per-buffer autocorr result,freq=1337567765.5677657,peak=0.05372653156518936,peak2=0.06665211915969849,lag_off=6.0,confirmed=False
2026-04-24T17:26:02.584674,AUTOCORR_RESULT,autocorr classification,freq=1337567765.5677657,votes=0,total=10,score=0.0,confirmed=False
2026-04-24T17:26:03.329364,AUTOCORR_SAMPLE,Per-buffer autocorr result,freq=1807743589.7435896,peak=0.06634655361995101,peak2=0.06073323031887412,lag_off=4.0,confirmed=False
2026-04-24T17:26:03.334512,AUTOCORR_SAMPLE,Per-buffer autocorr result,freq=1807743589.7435896,peak=0.03478042408823967,peak2=-0.03829660196788609,lag_off=-6.0,confirmed=False
2026-04-24T17:26:03.341171,AUTOCORR_SAMPLE,Per-buffer autocorr result,freq=1807743589.7435896,peak=-0.13529627231764607,peak2=-0.2176073044538498,lag_off=-3.0,confirmed=False
2026-04-24T17:26:03.345253,AUTOCORR_SAMPLE,Per-buffer autocorr result,freq=1807743589.7435896,peak=-0.4116864800453186,peak2=-0.35428134351968765,lag_off=-6.0,confirmed=False
2026-04-24T17:26:03.351881,AUTOCORR_SAMPLE,Per-buffer autocorr result,freq=1807743589.7435896,peak=0.10389992780983448,peak2=0.04130932129919529,lag_off=3.0,confirmed=False
2026-04-24T17:26:03.362869,AUTOCORR_SAMPLE,Per-buffer autocorr result,freq=1807743589.7435896,peak=0.16394377022515982,peak2=0.02202539227437228,lag_off=-3.0,confirmed=False
2026-04-24T17:26:03.363725,AUTOCORR_SAMPLE,Per-buffer autocorr result,freq=1807743589.7435896,peak=-0.15645897015929222,peak2=-0.20430457592010498,lag_off=-5.0,confirmed=False
2026-04-24T17:26:03.380414,AUTOCORR_SAMPLE,Per-buffer autocorr result,freq=1807743589.7435896,peak=0.0860332166776061,peak2=0.1117973243817687,lag_off=6.0,confirmed=False
2026-04-24T17:26:03.391283,AUTOCORR_SAMPLE,Per-buffer autocorr result,freq=1807743589.7435896,peak=-0.07581130508333445,peak2=-0.01591590029420331,lag_off=-4.0,confirmed=False
2026-04-24T17:26:03.412320,AUTOCORR_SAMPLE,Per-buffer autocorr result,freq=1807743589.7435896,peak=-0.06550905667245388,peak2=-0.007288545370101929,lag_off=6.0,confirmed=False
2026-04-24T17:26:03.433461,AUTOCORR_RESULT,autocorr classification,freq=1807743589.7435896,votes=0,total=10,score=0.0,confirmed=False
2026-04-24T17:26:03.563569,AUTOCORR_SAMPLE,Per-buffer autocorr result,freq=1827543345.5433455,peak=-0.15645897015929222,peak2=-0.20430457592010498,lag_off=-5.0,confirmed=False
2026-04-24T17:26:03.566921,AUTOCORR_SAMPLE,Per-buffer autocorr result,freq=1827543345.5433455,peak=-0.15352127701044083,peak2=-0.3545597195625305,lag_off=2.0,confirmed=False
2026-04-24T17:26:03.567597,AUTOCORR_SAMPLE,Per-buffer autocorr result,freq=1827543345.5433455,peak=-0.29626843333244324,peak2=-0.3258204832673073,lag_off=3.0,confirmed=False
2026-04-24T17:26:03.568583,AUTOCORR_SAMPLE,Per-buffer autocorr result,freq=1827543345.5433455,peak=-0.02536958083510399,peak2=-0.03662119247019291,lag_off=-6.0,confirmed=False
2026-04-24T17:26:03.569272,AUTOCORR_SAMPLE,Per-buffer autocorr result,freq=1827543345.5433455,peak=0.08641421422362328,peak2=0.11632103100419044,lag_off=3.0,confirmed=False
2026-04-24T17:26:03.569790,AUTOCORR_SAMPLE,Per-buffer autocorr result,freq=1827543345.5433455,peak=-0.09010224416851997,peak2=-0.18999875709414482,lag_off=1.0,confirmed=False
2026-04-24T17:26:03.570271,AUTOCORR_SAMPLE,Per-buffer autocorr result,freq=1827543345.5433455,peak=0.09808382950723171,peak2=0.04368775151669979,lag_off=3.0,confirmed=False
2026-04-24T17:26:03.570785,AUTOCORR_SAMPLE,Per-buffer autocorr result,freq=1827543345.5433455,peak=0.003454003483057022,peak2=-0.03490966372191906,lag_off=-6.0,confirmed=False
2026-04-24T17:26:03.571255,AUTOCORR_SAMPLE,Per-buffer autocorr result,freq=1827543345.5433455,peak=-0.24377228319644928,peak2=-0.48760779201984406,lag_off=-2.0,confirmed=False
2026-04-24T17:26:03.571769,AUTOCORR_SAMPLE,Per-buffer autocorr result,freq=1827543345.5433455,peak=-0.07481248676776886,peak2=-0.2575429901480675,lag_off=6.0,confirmed=False
2026-04-24T17:26:03.571812,AUTOCORR_RESULT,autocorr classification,freq=1827543345.5433455,votes=0,total=10,score=0.0,confirmed=False
2026-04-24T17:26:03.645246,AUTOCORR_SAMPLE,Per-buffer autocorr result,freq=1835416361.4163613,peak=-0.38494952768087387,peak2=-0.4949965476989746,lag_off=4.0,confirmed=False
2026-04-24T17:26:03.648379,AUTOCORR_SAMPLE,Per-buffer autocorr result,freq=1835416361.4163613,peak=0.13302762620151043,peak2=-0.006286591291427612,lag_off=6.0,confirmed=False
2026-04-24T17:26:03.649127,AUTOCORR_SAMPLE,Per-buffer autocorr result,freq=1835416361.4163613,peak=0.07775754190515727,peak2=0.0412812017602846,lag_off=-6.0,confirmed=False
2026-04-24T17:26:03.649948,AUTOCORR_SAMPLE,Per-buffer autocorr result,freq=1835416361.4163613,peak=-0.35622142627835274,peak2=-0.44504812359809875,lag_off=-6.0,confirmed=False
2026-04-24T17:26:03.653073,AUTOCORR_SAMPLE,Per-buffer autocorr result,freq=1835416361.4163613,peak=0.09748008288443089,peak2=-0.01274244673550129,lag_off=1.0,confirmed=False
2026-04-24T17:26:03.653940,AUTOCORR_SAMPLE,Per-buffer autocorr result,freq=1835416361.4163613,peak=0.04498453252017498,peak2=0.013869719579815865,lag_off=5.0,confirmed=False
2026-04-24T17:26:03.657279,AUTOCORR_SAMPLE,Per-buffer autocorr result,freq=1835416361.4163613,peak=0.18497291672974825,peak2=0.05682102683931589,lag_off=-5.0,confirmed=False
2026-04-24T17:26:03.660716,AUTOCORR_SAMPLE,Per-buffer autocorr result,freq=1835416361.4163613,peak=0.044054243713617325,peak2=0.036703841760754585,lag_off=6.0,confirmed=False
2026-04-24T17:26:03.661508,AUTOCORR_SAMPLE,Per-buffer autocorr result,freq=1835416361.4163613,peak=-0.43747497349977493,peak2=-0.5503202676773071,lag_off=-5.0,confirmed=False
2026-04-24T17:26:03.664913,AUTOCORR_SAMPLE,Per-buffer autocorr result,freq=1835416361.4163613,peak=0.050914160907268524,peak2=0.12395904958248138,lag_off=0.0,confirmed=False
2026-04-24T17:26:03.665032,AUTOCORR_RESULT,autocorr classification,freq=1835416361.4163613,votes=0,total=10,score=0.0,confirmed=False
2026-04-24T17:26:03.746745,AUTOCORR_SAMPLE,Per-buffer autocorr result,freq=1875448107.4481072,peak=0.07606470957398415,peak2=0.06243399530649185,lag_off=2.0,confirmed=False
2026-04-24T17:26:03.750915,AUTOCORR_SAMPLE,Per-buffer autocorr result,freq=1875448107.4481072,peak=0.02603933960199356,peak2=-0.06745885126292706,lag_off=1.0,confirmed=False
2026-04-24T17:26:03.751739,AUTOCORR_SAMPLE,Per-buffer autocorr result,freq=1875448107.4481072,peak=0.10224492102861404,peak2=-0.07645732536911964,lag_off=6.0,confirmed=False
2026-04-24T17:26:03.752597,AUTOCORR_SAMPLE,Per-buffer autocorr result,freq=1875448107.4481072,peak=0.207973450422287,peak2=0.039767973124980927,lag_off=-4.0,confirmed=False
2026-04-24T17:26:03.757013,AUTOCORR_SAMPLE,Per-buffer autocorr result,freq=1875448107.4481072,peak=0.10825964622199535,peak2=0.06034394912421703,lag_off=-1.0,confirmed=False
2026-04-24T17:26:03.761162,AUTOCORR_SAMPLE,Per-buffer autocorr result,freq=1875448107.4481072,peak=0.1016445942223072,peak2=0.05723663046956062,lag_off=6.0,confirmed=False
2026-04-24T17:26:03.762094,AUTOCORR_SAMPLE,Per-buffer autocorr result,freq=1875448107.4481072,peak=0.15331342443823814,peak2=-0.05970162572339177,lag_off=6.0,confirmed=False
2026-04-24T17:26:03.766099,AUTOCORR_SAMPLE,Per-buffer autocorr result,freq=1875448107.4481072,peak=-0.044932425022125244,peak2=-0.15029646828770638,lag_off=-6.0,confirmed=False
2026-04-24T17:26:03.767015,AUTOCORR_SAMPLE,Per-buffer autocorr result,freq=1875448107.4481072,peak=0.0882372260093689,peak2=-0.018117820844054222,lag_off=-4.0,confirmed=False
2026-04-24T17:26:03.770853,AUTOCORR_SAMPLE,Per-buffer autocorr result,freq=1875448107.4481072,peak=0.140285886824131,peak2=0.047784410417079926,lag_off=-4.0,confirmed=False
2026-04-24T17:26:03.770946,AUTOCORR_RESULT,autocorr classification,freq=1875448107.4481072,votes=0,total=10,score=0.0,confirmed=False
2026-04-24T17:26:03.788630,AUTOCORR_SAMPLE,Per-buffer autocorr result,freq=1895233211.233211,peak=0.14222532510757446,peak2=0.005845986306667328,lag_off=-6.0,confirmed=False
2026-04-24T17:26:03.789421,AUTOCORR_SAMPLE,Per-buffer autocorr result,freq=1895233211.233211,peak=0.027032509678974748,peak2=0.016691520111635327,lag_off=-5.0,confirmed=False
2026-04-24T17:26:03.792113,AUTOCORR_SAMPLE,Per-buffer autocorr result,freq=1895233211.233211,peak=0.06156311230733991,peak2=0.03948402823880315,lag_off=5.0,confirmed=False
2026-04-24T17:26:03.794853,AUTOCORR_SAMPLE,Per-buffer autocorr result,freq=1895233211.233211,peak=0.24151019100099802,peak2=0.08849169407039881,lag_off=4.0,confirmed=False
2026-04-24T17:26:03.795576,AUTOCORR_SAMPLE,Per-buffer autocorr result,freq=1895233211.233211,peak=0.14346873480826616,peak2=0.06048137415200472,lag_off=3.0,confirmed=False
2026-04-24T17:26:03.796465,AUTOCORR_SAMPLE,Per-buffer autocorr result,freq=1895233211.233211,peak=0.10717641841620207,peak2=0.05474227946251631,lag_off=4.0,confirmed=False
2026-04-24T17:26:03.799117,AUTOCORR_SAMPLE,Per-buffer autocorr result,freq=1895233211.233211,peak=0.08641837863251567,peak2=0.08989667473360896,lag_off=4.0,confirmed=False
2026-04-24T17:26:03.802275,AUTOCORR_SAMPLE,Per-buffer autocorr result,freq=1895233211.233211,peak=0.14657037262804806,peak2=0.10381164704449475,lag_off=-2.0,confirmed=False
2026-04-24T17:26:03.803330,AUTOCORR_SAMPLE,Per-buffer autocorr result,freq=1895233211.233211,peak=0.14093277556821704,peak2=0.04282118333503604,lag_off=-2.0,confirmed=False
2026-04-24T17:26:03.805856,AUTOCORR_SAMPLE,Per-buffer autocorr result,freq=1895233211.233211,peak=0.0466640149243176,peak2=0.13458915473893285,lag_off=0.0,confirmed=False
2026-04-24T17:26:03.805955,AUTOCORR_RESULT,autocorr classification,freq=1895233211.233211,votes=0,total=10,score=0.0,confirmed=False
2026-04-24T17:26:04.126179,AUTOCORR_SAMPLE,Per-buffer autocorr result,freq=2114175824.1758242,peak=0.05574012658325955,peak2=0.035277941438835114,lag_off=6.0,confirmed=False
2026-04-24T17:26:04.129948,AUTOCORR_SAMPLE,Per-buffer autocorr result,freq=2114175824.1758242,peak=0.16757471254095435,peak2=0.047228177543729544,lag_off=-6.0,confirmed=False
2026-04-24T17:26:04.130888,AUTOCORR_SAMPLE,Per-buffer autocorr result,freq=2114175824.1758242,peak=0.1434848364442587,peak2=0.1018777396529913,lag_off=5.0,confirmed=False
2026-04-24T17:26:04.134967,AUTOCORR_SAMPLE,Per-buffer autocorr result,freq=2114175824.1758242,peak=0.14942972548305988,peak2=0.07999859936535358,lag_off=0.0,confirmed=False
2026-04-24T17:26:04.139307,AUTOCORR_SAMPLE,Per-buffer autocorr result,freq=2114175824.1758242,peak=0.10841229930520058,peak2=0.020805366337299347,lag_off=5.0,confirmed=False
2026-04-24T17:26:04.140072,AUTOCORR_SAMPLE,Per-buffer autocorr result,freq=2114175824.1758242,peak=0.08183612723951228,peak2=0.08001338739995845,lag_off=4.0,confirmed=False
2026-04-24T17:26:04.143629,AUTOCORR_SAMPLE,Per-buffer autocorr result,freq=2114175824.1758242,peak=0.05632572271861136,peak2=0.053873982513323426,lag_off=-5.0,confirmed=False
2026-04-24T17:26:04.147136,AUTOCORR_SAMPLE,Per-buffer autocorr result,freq=2114175824.1758242,peak=0.13823404302820563,peak2=0.05232255673035979,lag_off=-2.0,confirmed=False
2026-04-24T17:26:04.148211,AUTOCORR_SAMPLE,Per-buffer autocorr result,freq=2114175824.1758242,peak=0.06954085637698881,peak2=0.07044882138143294,lag_off=-6.0,confirmed=False
2026-04-24T17:26:04.152204,AUTOCORR_SAMPLE,Per-buffer autocorr result,freq=2114175824.1758242,peak=0.14454939868301153,peak2=0.08451434131711721,lag_off=-6.0,confirmed=False
2026-04-24T17:26:04.152331,AUTOCORR_RESULT,autocorr classification,freq=2114175824.1758242,votes=0,total=10,score=0.0,confirmed=False
2026-04-24T17:26:04.170846,AUTOCORR_SAMPLE,Per-buffer autocorr result,freq=2135216117.2161171,peak=0.16757471254095435,peak2=0.047228177543729544,lag_off=-6.0,confirmed=False
2026-04-24T17:26:04.174802,AUTOCORR_SAMPLE,Per-buffer autocorr result,freq=2135216117.2161171,peak=0.12460321560502052,peak2=-0.014535000547766685,lag_off=-5.0,confirmed=False
2026-04-24T17:26:04.175651,AUTOCORR_SAMPLE,Per-buffer autocorr result,freq=2135216117.2161171,peak=0.2025141790509224,peak2=-0.06668870151042938,lag_off=4.0,confirmed=False
2026-04-24T17:26:04.179728,AUTOCORR_SAMPLE,Per-buffer autocorr result,freq=2135216117.2161171,peak=-0.010414879769086838,peak2=-0.09121403843164444,lag_off=-6.0,confirmed=False
2026-04-24T17:26:04.185388,AUTOCORR_SAMPLE,Per-buffer autocorr result,freq=2135216117.2161171,peak=0.20332134515047073,peak2=0.04060698114335537,lag_off=-1.0,confirmed=False
2026-04-24T17:26:04.190752,AUTOCORR_SAMPLE,Per-buffer autocorr result,freq=2135216117.2161171,peak=0.17445922270417213,peak2=-0.022713828831911087,lag_off=3.0,confirmed=False
2026-04-24T17:26:04.191622,AUTOCORR_SAMPLE,Per-buffer autocorr result,freq=2135216117.2161171,peak=-0.16829156503081322,peak2=-0.23567095771431923,lag_off=-5.0,confirmed=False
2026-04-24T17:26:04.196890,AUTOCORR_SAMPLE,Per-buffer autocorr result,freq=2135216117.2161171,peak=-0.13314276933670044,peak2=0.034439802169799805,lag_off=-1.0,confirmed=False
2026-04-24T17:26:04.197807,AUTOCORR_SAMPLE,Per-buffer autocorr result,freq=2135216117.2161171,peak=0.22989462316036224,peak2=0.052643537521362305,lag_off=3.0,confirmed=False
2026-04-24T17:26:04.202334,AUTOCORR_SAMPLE,Per-buffer autocorr result,freq=2135216117.2161171,peak=0.2554663475602865,peak2=0.15722126327455044,lag_off=4.0,confirmed=False
2026-04-24T17:26:04.202402,AUTOCORR_RESULT,autocorr classification,freq=2135216117.2161171,votes=0,total=10,score=0.0,confirmed=False
2026-04-24T17:26:04.221112,AUTOCORR_SAMPLE,Per-buffer autocorr result,freq=2156598290.5982904,peak=0.12460321560502052,peak2=-0.014535000547766685,lag_off=-5.0,confirmed=False
2026-04-24T17:26:04.224409,AUTOCORR_SAMPLE,Per-buffer autocorr result,freq=2156598290.5982904,peak=0.045729510486125946,peak2=0.03464397042989731,lag_off=3.0,confirmed=False
2026-04-24T17:26:04.227819,AUTOCORR_SAMPLE,Per-buffer autocorr result,freq=2156598290.5982904,peak=0.11438820185139775,peak2=0.07823422970250249,lag_off=-3.0,confirmed=False
2026-04-24T17:26:04.228639,AUTOCORR_SAMPLE,Per-buffer autocorr result,freq=2156598290.5982904,peak=0.09092654683627188,peak2=0.08204726525582373,lag_off=2.0,confirmed=False
2026-04-24T17:26:04.229314,AUTOCORR_SAMPLE,Per-buffer autocorr result,freq=2156598290.5982904,peak=0.11404211260378361,peak2=0.07761118747293949,lag_off=1.0,confirmed=False
2026-04-24T17:26:04.232760,AUTOCORR_SAMPLE,Per-buffer autocorr result,freq=2156598290.5982904,peak=0.08192413626238704,peak2=0.14364176569506526,lag_off=-5.0,confirmed=False
2026-04-24T17:26:04.243873,AUTOCORR_SAMPLE,Per-buffer autocorr result,freq=2156598290.5982904,peak=0.1289191236719489,peak2=0.06624895613640547,lag_off=3.0,confirmed=False
2026-04-24T17:26:04.244731,AUTOCORR_SAMPLE,Per-buffer autocorr result,freq=2156598290.5982904,peak=0.09731947537511587,peak2=0.026481798849999905,lag_off=4.0,confirmed=False
2026-04-24T17:26:04.261932,AUTOCORR_SAMPLE,Per-buffer autocorr result,freq=2156598290.5982904,peak=0.16933466622140259,peak2=0.036499449401162565,lag_off=-3.0,confirmed=False
2026-04-24T17:26:04.262779,AUTOCORR_SAMPLE,Per-buffer autocorr result,freq=2156598290.5982904,peak=0.09443043358623981,peak2=0.1072788406163454,lag_off=-6.0,confirmed=False
2026-04-24T17:26:04.267951,AUTOCORR_RESULT,autocorr classification,freq=2156598290.5982904,votes=0,total=10,score=0.0,confirmed=False
2026-04-24T17:26:04.390081,AUTOCORR_SAMPLE,Per-buffer autocorr result,freq=2186879120.879121,peak=0.045729510486125946,peak2=0.03464397042989731,lag_off=3.0,confirmed=False
2026-04-24T17:26:04.401513,AUTOCORR_SAMPLE,Per-buffer autocorr result,freq=2186879120.879121,peak=0.0928905843757093,peak2=0.062389770057052374,lag_off=-2.0,confirmed=False
2026-04-24T17:26:04.409345,AUTOCORR_SAMPLE,Per-buffer autocorr result,freq=2186879120.879121,peak=0.1377747126389295,peak2=0.07476287265308201,lag_off=0.0,confirmed=False
2026-04-24T17:26:04.425684,AUTOCORR_SAMPLE,Per-buffer autocorr result,freq=2186879120.879121,peak=0.1426735442946665,peak2=0.05356229067547247,lag_off=0.0,confirmed=False
2026-04-24T17:26:04.428347,AUTOCORR_SAMPLE,Per-buffer autocorr result,freq=2186879120.879121,peak=-0.0032872147858142853,peak2=0.02473834902048111,lag_off=3.0,confirmed=False
2026-04-24T17:26:04.445162,AUTOCORR_SAMPLE,Per-buffer autocorr result,freq=2186879120.879121,peak=0.13269192026928067,peak2=0.053331263829022646,lag_off=0.0,confirmed=False
2026-04-24T17:26:04.446070,AUTOCORR_SAMPLE,Per-buffer autocorr result,freq=2186879120.879121,peak=0.10370762180536985,peak2=0.06195211689919233,lag_off=-6.0,confirmed=False
2026-04-24T17:26:04.462789,AUTOCORR_SAMPLE,Per-buffer autocorr result,freq=2186879120.879121,peak=0.09045036544557661,peak2=0.0430871065473184,lag_off=-6.0,confirmed=False
2026-04-24T17:26:04.463633,AUTOCORR_SAMPLE,Per-buffer autocorr result,freq=2186879120.879121,peak=0.2761466819792986,peak2=0.08182965405285358,lag_off=-5.0,confirmed=False
2026-04-24T17:26:04.479863,AUTOCORR_SAMPLE,Per-buffer autocorr result,freq=2186879120.879121,peak=0.009522552834823728,peak2=0.026053995126858354,lag_off=-4.0,confirmed=False
2026-04-24T17:26:04.479974,AUTOCORR_RESULT,autocorr classification,freq=2186879120.879121,votes=0,total=10,score=0.0,confirmed=False
2026-04-24T17:26:04.509960,AUTOCORR_SAMPLE,Per-buffer autocorr result,freq=2207291819.2918196,peak=0.09045036544557661,peak2=0.0430871065473184,lag_off=-6.0,confirmed=False
2026-04-24T17:26:04.512684,AUTOCORR_SAMPLE,Per-buffer autocorr result,freq=2207291819.2918196,peak=0.05068655498325825,peak2=0.05363972671329975,lag_off=-4.0,confirmed=False
2026-04-24T17:26:04.513355,AUTOCORR_SAMPLE,Per-buffer autocorr result,freq=2207291819.2918196,peak=0.10907842847518623,peak2=0.059364142594859004,lag_off=4.0,confirmed=False
2026-04-24T17:26:04.516060,AUTOCORR_SAMPLE,Per-buffer autocorr result,freq=2207291819.2918196,peak=0.12112057115882635,peak2=0.0638849763199687,lag_off=-6.0,confirmed=False
2026-04-24T17:26:04.518626,AUTOCORR_SAMPLE,Per-buffer autocorr result,freq=2207291819.2918196,peak=0.11290295049548149,peak2=0.06405043229460716,lag_off=-4.0,confirmed=False
2026-04-24T17:26:04.519501,AUTOCORR_SAMPLE,Per-buffer autocorr result,freq=2207291819.2918196,peak=0.15504048019647598,peak2=0.08884841203689575,lag_off=-5.0,confirmed=False
2026-04-24T17:26:04.522324,AUTOCORR_SAMPLE,Per-buffer autocorr result,freq=2207291819.2918196,peak=0.1171879991889,peak2=0.055640414357185364,lag_off=2.0,confirmed=False
2026-04-24T17:26:04.524812,AUTOCORR_SAMPLE,Per-buffer autocorr result,freq=2207291819.2918196,peak=0.16854741610586643,peak2=0.14122368581593037,lag_off=-1.0,confirmed=False
2026-04-24T17:26:04.525453,AUTOCORR_SAMPLE,Per-buffer autocorr result,freq=2207291819.2918196,peak=0.12481299415230751,peak2=0.03678552061319351,lag_off=-1.0,confirmed=False
2026-04-24T17:26:04.526083,AUTOCORR_SAMPLE,Per-buffer autocorr result,freq=2207291819.2918196,peak=0.0993781560100615,peak2=0.0705911391414702,lag_off=3.0,confirmed=False
2026-04-24T17:26:04.528029,AUTOCORR_RESULT,autocorr classification,freq=2207291819.2918196,votes=0,total=10,score=0.0,confirmed=False
2026-04-24T17:26:04.626314,AUTOCORR_SAMPLE,Per-buffer autocorr result,freq=2280075702.075702,peak=0.0802106224000454,peak2=0.09507729485630989,lag_off=5.0,confirmed=False
2026-04-24T17:26:04.629150,AUTOCORR_SAMPLE,Per-buffer autocorr result,freq=2280075702.075702,peak=0.08265721099451184,peak2=0.11954673426225781,lag_off=3.0,confirmed=False
2026-04-24T17:26:04.629844,AUTOCORR_SAMPLE,Per-buffer autocorr result,freq=2280075702.075702,peak=0.12657400406897068,peak2=0.06866045854985714,lag_off=5.0,confirmed=False
2026-04-24T17:26:04.632517,AUTOCORR_SAMPLE,Per-buffer autocorr result,freq=2280075702.075702,peak=0.08854431007057428,peak2=0.10738471243530512,lag_off=-2.0,confirmed=False
2026-04-24T17:26:04.633371,AUTOCORR_SAMPLE,Per-buffer autocorr result,freq=2280075702.075702,peak=0.1258065551519394,peak2=0.12369449436664581,lag_off=6.0,confirmed=False
2026-04-24T17:26:04.636243,AUTOCORR_SAMPLE,Per-buffer autocorr result,freq=2280075702.075702,peak=0.08313408511457965,peak2=0.05586686747847125,lag_off=-2.0,confirmed=False
2026-04-24T17:26:04.637096,AUTOCORR_SAMPLE,Per-buffer autocorr result,freq=2280075702.075702,peak=0.12257566070184112,peak2=0.08521088724955916,lag_off=-6.0,confirmed=False
2026-04-24T17:26:04.637833,AUTOCORR_SAMPLE,Per-buffer autocorr result,freq=2280075702.075702,peak=0.14791700709611177,peak2=0.0801260070875287,lag_off=-4.0,confirmed=False
2026-04-24T17:26:04.640907,AUTOCORR_SAMPLE,Per-buffer autocorr result,freq=2280075702.075702,peak=0.07756663020700216,peak2=0.044146220199763775,lag_off=1.0,confirmed=False
2026-04-24T17:26:04.643446,AUTOCORR_SAMPLE,Per-buffer autocorr result,freq=2280075702.075702,peak=0.11630296660587192,peak2=0.08299636794254184,lag_off=-1.0,confirmed=False
2026-04-24T17:26:04.643547,AUTOCORR_RESULT,autocorr classification,freq=2280075702.075702,votes=0,total=10,score=0.0,confirmed=False
2026-04-24T17:26:04.919708,AUTOCORR_SAMPLE,Per-buffer autocorr result,freq=2434586080.5860806,peak=0.10212362394668162,peak2=-0.005437644897028804,lag_off=-1.0,confirmed=False
2026-04-24T17:26:04.920474,AUTOCORR_SAMPLE,Per-buffer autocorr result,freq=2434586080.5860806,peak=-0.13053306937217712,peak2=-0.3097475916147232,lag_off=-5.0,confirmed=False
2026-04-24T17:26:04.923155,AUTOCORR_SAMPLE,Per-buffer autocorr result,freq=2434586080.5860806,peak=0.09322209938545711,peak2=0.11978805347462185,lag_off=3.0,confirmed=False
2026-04-24T17:26:04.925907,AUTOCORR_SAMPLE,Per-buffer autocorr result,freq=2434586080.5860806,peak=-0.5181016903370619,peak2=-0.7706868648529053,lag_off=-6.0,confirmed=False
2026-04-24T17:26:04.928755,AUTOCORR_SAMPLE,Per-buffer autocorr result,freq=2434586080.5860806,peak=0.04591702623292804,peak2=0.03679071879014373,lag_off=5.0,confirmed=False
2026-04-24T17:26:04.932326,AUTOCORR_SAMPLE,Per-buffer autocorr result,freq=2434586080.5860806,peak=0.16240100865252316,peak2=0.08754472737200558,lag_off=4.0,confirmed=False
2026-04-24T17:26:04.936316,AUTOCORR_SAMPLE,Per-buffer autocorr result,freq=2434586080.5860806,peak=0.16717369901016355,peak2=0.11018910305574536,lag_off=2.0,confirmed=False
2026-04-24T17:26:04.937011,AUTOCORR_SAMPLE,Per-buffer autocorr result,freq=2434586080.5860806,peak=0.025366789661347866,peak2=0.05950795207172632,lag_off=-4.0,confirmed=False
2026-04-24T17:26:04.940697,AUTOCORR_SAMPLE,Per-buffer autocorr result,freq=2434586080.5860806,peak=0.07631603302434087,peak2=0.06506412895396352,lag_off=-1.0,confirmed=False
2026-04-24T17:26:04.941619,AUTOCORR_SAMPLE,Per-buffer autocorr result,freq=2434586080.5860806,peak=0.026138462126255035,peak2=-0.08892650529742241,lag_off=0.0,confirmed=False
2026-04-24T17:26:04.944255,AUTOCORR_RESULT,autocorr classification,freq=2434586080.5860806,votes=0,total=10,score=0.0,confirmed=False
2026-04-24T17:26:04.954981,AUTOCORR_SAMPLE,Per-buffer autocorr result,freq=2461474969.4749694,peak=0.09322209938545711,peak2=0.11978805347462185,lag_off=3.0,confirmed=False
2026-04-24T17:26:04.957645,AUTOCORR_SAMPLE,Per-buffer autocorr result,freq=2461474969.4749694,peak=-0.11315173283219337,peak2=-0.30719493329524994,lag_off=-6.0,confirmed=False
2026-04-24T17:26:04.960400,AUTOCORR_SAMPLE,Per-buffer autocorr result,freq=2461474969.4749694,peak=0.08375228988006711,peak2=0.02320996718481183,lag_off=2.0,confirmed=False
2026-04-24T17:26:04.963825,AUTOCORR_SAMPLE,Per-buffer autocorr result,freq=2461474969.4749694,peak=0.050185590982437134,peak2=0.0035345982760190964,lag_off=2.0,confirmed=False
2026-04-24T17:26:04.964582,AUTOCORR_SAMPLE,Per-buffer autocorr result,freq=2461474969.4749694,peak=0.08709904085844755,peak2=0.07131951581686735,lag_off=4.0,confirmed=False
2026-04-24T17:26:04.966855,AUTOCORR_SAMPLE,Per-buffer autocorr result,freq=2461474969.4749694,peak=0.1602690163999796,peak2=0.08969444967806339,lag_off=3.0,confirmed=False
2026-04-24T17:26:04.967672,AUTOCORR_SAMPLE,Per-buffer autocorr result,freq=2461474969.4749694,peak=0.06793485186062753,peak2=0.0281292290892452,lag_off=3.0,confirmed=False
2026-04-24T17:26:04.970506,AUTOCORR_SAMPLE,Per-buffer autocorr result,freq=2461474969.4749694,peak=0.10218778578564525,peak2=0.07419444946572185,lag_off=-2.0,confirmed=False
2026-04-24T17:26:04.973247,AUTOCORR_SAMPLE,Per-buffer autocorr result,freq=2461474969.4749694,peak=0.15568833239376545,peak2=0.10016843117773533,lag_off=4.0,confirmed=False
2026-04-24T17:26:04.973951,AUTOCORR_SAMPLE,Per-buffer autocorr result,freq=2461474969.4749694,peak=0.15742487786337733,peak2=0.08174471883103251,lag_off=-1.0,confirmed=False
2026-04-24T17:26:04.974040,AUTOCORR_RESULT,autocorr classification,freq=2461474969.4749694,votes=0,total=10,score=0.0,confirmed=False
2026-04-24T17:26:05.203177,AUTOCORR_SAMPLE,Per-buffer autocorr result,freq=2644031746.031746,peak=0.12067945301532745,peak2=0.09263118356466293,lag_off=1.0,confirmed=False
2026-04-24T17:26:05.207365,AUTOCORR_SAMPLE,Per-buffer autocorr result,freq=2644031746.031746,peak=0.06984732369892299,peak2=0.09212412755005062,lag_off=-2.0,confirmed=False
2026-04-24T17:26:05.208209,AUTOCORR_SAMPLE,Per-buffer autocorr result,freq=2644031746.031746,peak=-0.010337799787521362,peak2=-0.235164076089859,lag_off=-6.0,confirmed=False
2026-04-24T17:26:05.212306,AUTOCORR_SAMPLE,Per-buffer autocorr result,freq=2644031746.031746,peak=-0.06817230582237244,peak2=-0.2872375473380089,lag_off=-4.0,confirmed=False
2026-04-24T17:26:05.212983,AUTOCORR_SAMPLE,Per-buffer autocorr result,freq=2644031746.031746,peak=0.09372568503022194,peak2=-0.02818126417696476,lag_off=-4.0,confirmed=False
2026-04-24T17:26:05.218010,AUTOCORR_SAMPLE,Per-buffer autocorr result,freq=2644031746.031746,peak=-0.04532918334007263,peak2=-0.08601445704698563,lag_off=0.0,confirmed=False
2026-04-24T17:26:05.224116,AUTOCORR_SAMPLE,Per-buffer autocorr result,freq=2644031746.031746,peak=-0.07851852476596832,peak2=-0.16589744947850704,lag_off=-6.0,confirmed=False
2026-04-24T17:26:05.225070,AUTOCORR_SAMPLE,Per-buffer autocorr result,freq=2644031746.031746,peak=-0.28658192604780197,peak2=-0.19170624017715454,lag_off=-6.0,confirmed=False
2026-04-24T17:26:05.235427,AUTOCORR_SAMPLE,Per-buffer autocorr result,freq=2644031746.031746,peak=-0.03150863200426102,peak2=-0.06283880118280649,lag_off=3.0,confirmed=False
2026-04-24T17:26:05.236346,AUTOCORR_SAMPLE,Per-buffer autocorr result,freq=2644031746.031746,peak=-0.13711141794919968,peak2=-0.3561970666050911,lag_off=-6.0,confirmed=False
2026-04-24T17:26:05.245386,AUTOCORR_RESULT,autocorr classification,freq=2644031746.031746,votes=0,total=10,score=0.0,confirmed=False
2026-04-24T17:26:05.289987,AUTOCORR_SAMPLE,Per-buffer autocorr result,freq=2656315018.315018,peak=0.06984732369892299,peak2=0.09212412755005062,lag_off=-2.0,confirmed=False
2026-04-24T17:26:05.293995,AUTOCORR_SAMPLE,Per-buffer autocorr result,freq=2656315018.315018,peak=-0.003634963184595108,peak2=-0.027681035920977592,lag_off=3.0,confirmed=False
2026-04-24T17:26:05.294709,AUTOCORR_SAMPLE,Per-buffer autocorr result,freq=2656315018.315018,peak=0.022210795432329178,peak2=0.021712586283683777,lag_off=5.0,confirmed=False
2026-04-24T17:26:05.297949,AUTOCORR_SAMPLE,Per-buffer autocorr result,freq=2656315018.315018,peak=0.031463123857975006,peak2=-0.06300262548029423,lag_off=2.0,confirmed=False
2026-04-24T17:26:05.301130,AUTOCORR_SAMPLE,Per-buffer autocorr result,freq=2656315018.315018,peak=0.025844942778348923,peak2=0.014316949993371964,lag_off=-6.0,confirmed=False
2026-04-24T17:26:05.301754,AUTOCORR_SAMPLE,Per-buffer autocorr result,freq=2656315018.315018,peak=-0.02103315107524395,peak2=-0.03422360587865114,lag_off=5.0,confirmed=False
2026-04-24T17:26:05.304680,AUTOCORR_SAMPLE,Per-buffer autocorr result,freq=2656315018.315018,peak=-0.09197689965367317,peak2=0.05705791711807251,lag_off=4.0,confirmed=False
2026-04-24T17:26:05.307682,AUTOCORR_SAMPLE,Per-buffer autocorr result,freq=2656315018.315018,peak=0.10229988768696785,peak2=0.0019912011921405792,lag_off=2.0,confirmed=False
2026-04-24T17:26:05.311175,AUTOCORR_SAMPLE,Per-buffer autocorr result,freq=2656315018.315018,peak=0.1565245110541582,peak2=0.04073492996394634,lag_off=-3.0,confirmed=False
2026-04-24T17:26:05.312005,AUTOCORR_SAMPLE,Per-buffer autocorr result,freq=2656315018.315018,peak=0.1232222446706146,peak2=0.03385216905735433,lag_off=-6.0,confirmed=False
2026-04-24T17:26:05.312074,AUTOCORR_RESULT,autocorr classification,freq=2656315018.315018,votes=0,total=10,score=0.0,confirmed=False
2026-04-24T17:26:05.325162,AUTOCORR_SAMPLE,Per-buffer autocorr result,freq=2680134310.1343102,peak=-0.003634963184595108,peak2=-0.027681035920977592,lag_off=3.0,confirmed=False
2026-04-24T17:26:05.327760,AUTOCORR_SAMPLE,Per-buffer autocorr result,freq=2680134310.1343102,peak=0.11349608283489943,peak2=0.050611342303454876,lag_off=3.0,confirmed=False
2026-04-24T17:26:05.328593,AUTOCORR_SAMPLE,Per-buffer autocorr result,freq=2680134310.1343102,peak=0.0952307489933446,peak2=0.11446939234156162,lag_off=0.0,confirmed=False
2026-04-24T17:26:05.330973,AUTOCORR_SAMPLE,Per-buffer autocorr result,freq=2680134310.1343102,peak=0.11379980482161045,peak2=0.10890700854361057,lag_off=-6.0,confirmed=False
2026-04-24T17:26:05.331905,AUTOCORR_SAMPLE,Per-buffer autocorr result,freq=2680134310.1343102,peak=0.13113767403410748,peak2=0.06737993407296017,lag_off=5.0,confirmed=False
2026-04-24T17:26:05.334335,AUTOCORR_SAMPLE,Per-buffer autocorr result,freq=2680134310.1343102,peak=0.06937447027303278,peak2=0.06831162259913981,lag_off=6.0,confirmed=False
2026-04-24T17:26:05.334994,AUTOCORR_SAMPLE,Per-buffer autocorr result,freq=2680134310.1343102,peak=0.1355744218453765,peak2=0.09802237804979086,lag_off=-1.0,confirmed=False
2026-04-24T17:26:05.337359,AUTOCORR_SAMPLE,Per-buffer autocorr result,freq=2680134310.1343102,peak=0.08995606983080506,peak2=0.11527397716417909,lag_off=1.0,confirmed=False
2026-04-24T17:26:05.338227,AUTOCORR_SAMPLE,Per-buffer autocorr result,freq=2680134310.1343102,peak=0.16325532738119364,peak2=0.07377103809267282,lag_off=-1.0,confirmed=False
2026-04-24T17:26:05.340600,AUTOCORR_SAMPLE,Per-buffer autocorr result,freq=2680134310.1343102,peak=0.13043464487418532,peak2=0.0957703641615808,lag_off=-2.0,confirmed=False
2026-04-24T17:26:05.340690,AUTOCORR_RESULT,autocorr classification,freq=2680134310.1343102,votes=0,total=10,score=0.0,confirmed=False
2026-04-24T17:26:05.941127,AUTOCORR_SAMPLE,Per-buffer autocorr result,freq=3136412698.4126983,peak=0.08982641270267777,peak2=0.0517350847076159,lag_off=6.0,confirmed=False
2026-04-24T17:26:05.943946,AUTOCORR_SAMPLE,Per-buffer autocorr result,freq=3136412698.4126983,peak=0.05652587814256549,peak2=0.06238818122074008,lag_off=-6.0,confirmed=False
2026-04-24T17:26:05.944710,AUTOCORR_SAMPLE,Per-buffer autocorr result,freq=3136412698.4126983,peak=0.07434909231960773,peak2=0.08880137838423252,lag_off=6.0,confirmed=False
2026-04-24T17:26:05.947674,AUTOCORR_SAMPLE,Per-buffer autocorr result,freq=3136412698.4126983,peak=0.10051153367385268,peak2=0.08258545165881515,lag_off=2.0,confirmed=False
2026-04-24T17:26:05.950463,AUTOCORR_SAMPLE,Per-buffer autocorr result,freq=3136412698.4126983,peak=0.10609628004021943,peak2=0.07177337002940476,lag_off=-1.0,confirmed=False
2026-04-24T17:26:05.951293,AUTOCORR_SAMPLE,Per-buffer autocorr result,freq=3136412698.4126983,peak=0.10527126677334309,peak2=0.07510333694517612,lag_off=-6.0,confirmed=False
2026-04-24T17:26:05.954001,AUTOCORR_SAMPLE,Per-buffer autocorr result,freq=3136412698.4126983,peak=0.18964352179318666,peak2=0.06700060982257128,lag_off=2.0,confirmed=False
2026-04-24T17:26:05.956583,AUTOCORR_SAMPLE,Per-buffer autocorr result,freq=3136412698.4126983,peak=0.06768534332513809,peak2=0.00915817217901349,lag_off=5.0,confirmed=False
2026-04-24T17:26:05.957315,AUTOCORR_SAMPLE,Per-buffer autocorr result,freq=3136412698.4126983,peak=0.08689040318131447,peak2=0.16212374344468117,lag_off=4.0,confirmed=False
2026-04-24T17:26:05.959832,AUTOCORR_SAMPLE,Per-buffer autocorr result,freq=3136412698.4126983,peak=0.1452550021931529,peak2=0.056045099161565304,lag_off=-5.0,confirmed=False
2026-04-24T17:26:05.959898,AUTOCORR_RESULT,autocorr classification,freq=3136412698.4126983,votes=0,total=10,score=0.0,confirmed=False
2026-04-24T17:26:06.373241,AUTOCORR_SAMPLE,Per-buffer autocorr result,freq=3465086691.086691,peak=0.062090326100587845,peak2=0.03993704542517662,lag_off=1.0,confirmed=False
2026-04-24T17:26:06.376536,AUTOCORR_SAMPLE,Per-buffer autocorr result,freq=3465086691.086691,peak=0.07593028014525771,peak2=0.010081115644425154,lag_off=2.0,confirmed=False
2026-04-24T17:26:06.377279,AUTOCORR_SAMPLE,Per-buffer autocorr result,freq=3465086691.086691,peak=0.0656273839995265,peak2=0.04869258310645819,lag_off=-1.0,confirmed=False
2026-04-24T17:26:06.380618,AUTOCORR_SAMPLE,Per-buffer autocorr result,freq=3465086691.086691,peak=0.026762363617308438,peak2=0.03214395709801465,lag_off=-6.0,confirmed=False
2026-04-24T17:26:06.383289,AUTOCORR_SAMPLE,Per-buffer autocorr result,freq=3465086691.086691,peak=0.12632406316697598,peak2=0.059809448197484016,lag_off=-1.0,confirmed=False
2026-04-24T17:26:06.386311,AUTOCORR_SAMPLE,Per-buffer autocorr result,freq=3465086691.086691,peak=0.07862614281475544,peak2=0.03748355247080326,lag_off=6.0,confirmed=False
2026-04-24T17:26:06.387026,AUTOCORR_SAMPLE,Per-buffer autocorr result,freq=3465086691.086691,peak=0.06588213983923197,peak2=0.08420392591506243,lag_off=1.0,confirmed=False
2026-04-24T17:26:06.389494,AUTOCORR_SAMPLE,Per-buffer autocorr result,freq=3465086691.086691,peak=0.13548544837976806,peak2=0.05657548501039855,lag_off=3.0,confirmed=False
2026-04-24T17:26:06.390211,AUTOCORR_SAMPLE,Per-buffer autocorr result,freq=3465086691.086691,peak=0.051436084788292646,peak2=0.0676756496541202,lag_off=6.0,confirmed=False
2026-04-24T17:26:06.392718,AUTOCORR_SAMPLE,Per-buffer autocorr result,freq=3465086691.086691,peak=0.12017603870481253,peak2=0.08216416742652655,lag_off=0.0,confirmed=False
2026-04-24T17:26:06.392780,AUTOCORR_RESULT,autocorr classification,freq=3465086691.086691,votes=0,total=10,score=0.0,confirmed=False
2026-04-24T17:26:06.444882,AUTOCORR_SAMPLE,Per-buffer autocorr result,freq=3494893772.893773,peak=0.14356955839321017,peak2=0.05096569610759616,lag_off=2.0,confirmed=False
2026-04-24T17:26:06.448072,AUTOCORR_SAMPLE,Per-buffer autocorr result,freq=3494893772.893773,peak=0.06065318640321493,peak2=0.06601930316537619,lag_off=-5.0,confirmed=False
2026-04-24T17:26:06.448907,AUTOCORR_SAMPLE,Per-buffer autocorr result,freq=3494893772.893773,peak=0.0798663324676454,peak2=0.06854193424805999,lag_off=-2.0,confirmed=False
2026-04-24T17:26:06.452258,AUTOCORR_SAMPLE,Per-buffer autocorr result,freq=3494893772.893773,peak=0.11440570757258683,peak2=0.07232442602980882,lag_off=0.0,confirmed=False
2026-04-24T17:26:06.453234,AUTOCORR_SAMPLE,Per-buffer autocorr result,freq=3494893772.893773,peak=0.020385349169373512,peak2=0.07436138205230236,lag_off=3.0,confirmed=False
2026-04-24T17:26:06.456775,AUTOCORR_SAMPLE,Per-buffer autocorr result,freq=3494893772.893773,peak=0.05135506298393011,peak2=0.09162146504968405,lag_off=-5.0,confirmed=False
2026-04-24T17:26:06.459401,AUTOCORR_SAMPLE,Per-buffer autocorr result,freq=3494893772.893773,peak=0.0518868388608098,peak2=0.030328270979225636,lag_off=3.0,confirmed=False
2026-04-24T17:26:06.460222,AUTOCORR_SAMPLE,Per-buffer autocorr result,freq=3494893772.893773,peak=0.14309511799365282,peak2=0.1232245983555913,lag_off=5.0,confirmed=False
2026-04-24T17:26:06.463018,AUTOCORR_SAMPLE,Per-buffer autocorr result,freq=3494893772.893773,peak=0.0761404037475586,peak2=0.06698529049754143,lag_off=5.0,confirmed=False
2026-04-24T17:26:06.463698,AUTOCORR_SAMPLE,Per-buffer autocorr result,freq=3494893772.893773,peak=0.17060986650176346,peak2=0.011544551933184266,lag_off=5.0,confirmed=False
2026-04-24T17:26:06.463749,AUTOCORR_RESULT,autocorr classification,freq=3494893772.893773,votes=0,total=10,score=0.0,confirmed=False
2026-04-24T17:26:07.207900,AUTOCORR_SAMPLE,Per-buffer autocorr result,freq=4074361416.3614163,peak=0.08480425001471303,peak2=0.062343796802451834,lag_off=5.0,confirmed=False
2026-04-24T17:26:07.211617,AUTOCORR_SAMPLE,Per-buffer autocorr result,freq=4074361416.3614163,peak=0.1951431054621935,peak2=0.0678184311836958,lag_off=-4.0,confirmed=False
2026-04-24T17:26:07.212363,AUTOCORR_SAMPLE,Per-buffer autocorr result,freq=4074361416.3614163,peak=-0.01760728284716606,peak2=0.1680697686970234,lag_off=-2.0,confirmed=False
2026-04-24T17:26:07.215081,AUTOCORR_SAMPLE,Per-buffer autocorr result,freq=4074361416.3614163,peak=0.17776168882846832,peak2=0.07396963238716125,lag_off=2.0,confirmed=False
2026-04-24T17:26:07.217757,AUTOCORR_SAMPLE,Per-buffer autocorr result,freq=4074361416.3614163,peak=0.06884758872911334,peak2=0.07142920000478625,lag_off=1.0,confirmed=False
2026-04-24T17:26:07.218496,AUTOCORR_SAMPLE,Per-buffer autocorr result,freq=4074361416.3614163,peak=0.12963783837039955,peak2=0.06985969192464836,lag_off=0.0,confirmed=False
2026-04-24T17:26:07.221612,AUTOCORR_SAMPLE,Per-buffer autocorr result,freq=4074361416.3614163,peak=0.1280569910813938,peak2=0.16306080220238073,lag_off=6.0,confirmed=False
2026-04-24T17:26:07.222323,AUTOCORR_SAMPLE,Per-buffer autocorr result,freq=4074361416.3614163,peak=0.071197341196239,peak2=0.08923489507287741,lag_off=6.0,confirmed=False
2026-04-24T17:26:07.225292,AUTOCORR_SAMPLE,Per-buffer autocorr result,freq=4074361416.3614163,peak=0.05521279852837324,peak2=0.04511732887476683,lag_off=1.0,confirmed=False
2026-04-24T17:26:07.228592,AUTOCORR_SAMPLE,Per-buffer autocorr result,freq=4074361416.3614163,peak=0.06856080424040556,peak2=0.07848203461617231,lag_off=-6.0,confirmed=False
2026-04-24T17:26:07.228719,AUTOCORR_RESULT,autocorr classification,freq=4074361416.3614163,votes=0,total=10,score=0.0,confirmed=False
2026-04-24T17:26:07.244189,AUTOCORR_SAMPLE,Per-buffer autocorr result,freq=4106009768.009768,peak=0.1951431054621935,peak2=0.0678184311836958,lag_off=-4.0,confirmed=False
2026-04-24T17:26:07.247792,AUTOCORR_SAMPLE,Per-buffer autocorr result,freq=4106009768.009768,peak=0.14960980042815208,peak2=0.0842166505753994,lag_off=0.0,confirmed=False
2026-04-24T17:26:07.248508,AUTOCORR_SAMPLE,Per-buffer autocorr result,freq=4106009768.009768,peak=0.0689369619358331,peak2=0.09974810038693249,lag_off=-2.0,confirmed=False
2026-04-24T17:26:07.251997,AUTOCORR_SAMPLE,Per-buffer autocorr result,freq=4106009768.009768,peak=0.0669243074953556,peak2=0.1394086331129074,lag_off=4.0,confirmed=False
2026-04-24T17:26:07.252661,AUTOCORR_SAMPLE,Per-buffer autocorr result,freq=4106009768.009768,peak=0.10205486696213484,peak2=0.08827074151486158,lag_off=-5.0,confirmed=False
2026-04-24T17:26:07.256392,AUTOCORR_SAMPLE,Per-buffer autocorr result,freq=4106009768.009768,peak=0.1467986423522234,peak2=0.06717266328632832,lag_off=6.0,confirmed=False
2026-04-24T17:26:07.257212,AUTOCORR_SAMPLE,Per-buffer autocorr result,freq=4106009768.009768,peak=0.07388726668432355,peak2=0.018014321569353342,lag_off=3.0,confirmed=False
2026-04-24T17:26:07.261301,AUTOCORR_SAMPLE,Per-buffer autocorr result,freq=4106009768.009768,peak=0.06324818870052695,peak2=0.02437894931063056,lag_off=0.0,confirmed=False
2026-04-24T17:26:07.262086,AUTOCORR_SAMPLE,Per-buffer autocorr result,freq=4106009768.009768,peak=0.060541810700669885,peak2=0.02401910745538771,lag_off=-3.0,confirmed=False
2026-04-24T17:26:07.267707,AUTOCORR_SAMPLE,Per-buffer autocorr result,freq=4106009768.009768,peak=0.08087370870634913,peak2=0.06469960464164615,lag_off=3.0,confirmed=False
2026-04-24T17:26:07.267798,AUTOCORR_RESULT,autocorr classification,freq=4106009768.009768,votes=0,total=10,score=0.0,confirmed=False
2026-04-24T17:26:07.296363,AUTOCORR_SAMPLE,Per-buffer autocorr result,freq=4125838827.838828,peak=0.14960980042815208,peak2=0.0842166505753994,lag_off=0.0,confirmed=False
2026-04-24T17:26:07.299029,AUTOCORR_SAMPLE,Per-buffer autocorr result,freq=4125838827.838828,peak=0.035950841498561203,peak2=0.20358161826152354,lag_off=-6.0,confirmed=False
2026-04-24T17:26:07.299820,AUTOCORR_SAMPLE,Per-buffer autocorr result,freq=4125838827.838828,peak=0.052340304013341665,peak2=0.05823226412758231,lag_off=1.0,confirmed=False
2026-04-24T17:26:07.300521,AUTOCORR_SAMPLE,Per-buffer autocorr result,freq=4125838827.838828,peak=0.08140838705003262,peak2=0.05555146001279354,lag_off=-5.0,confirmed=False
2026-04-24T17:26:07.303530,AUTOCORR_SAMPLE,Per-buffer autocorr result,freq=4125838827.838828,peak=0.08423838461749256,peak2=0.02620384725742042,lag_off=-1.0,confirmed=False
2026-04-24T17:26:07.306301,AUTOCORR_SAMPLE,Per-buffer autocorr result,freq=4125838827.838828,peak=0.08400653419084847,peak2=0.024651629151776433,lag_off=-1.0,confirmed=False
2026-04-24T17:26:07.306857,AUTOCORR_SAMPLE,Per-buffer autocorr result,freq=4125838827.838828,peak=0.07409350387752056,peak2=0.12029979191720486,lag_off=-5.0,confirmed=False
2026-04-24T17:26:07.309130,AUTOCORR_SAMPLE,Per-buffer autocorr result,freq=4125838827.838828,peak=0.07266610115766525,peak2=0.04519399255514145,lag_off=0.0,confirmed=False
2026-04-24T17:26:07.310047,AUTOCORR_SAMPLE,Per-buffer autocorr result,freq=4125838827.838828,peak=0.011629372369498014,peak2=0.1270326185040176,lag_off=6.0,confirmed=False
2026-04-24T17:26:07.312721,AUTOCORR_SAMPLE,Per-buffer autocorr result,freq=4125838827.838828,peak=0.05448312498629093,peak2=0.09924088604748249,lag_off=2.0,confirmed=False
2026-04-24T17:26:07.312868,AUTOCORR_RESULT,autocorr classification,freq=4125838827.838828,votes=0,total=10,score=0.0,confirmed=False
2026-04-24T17:26:07.333013,AUTOCORR_SAMPLE,Per-buffer autocorr result,freq=4137941391.941392,peak=0.06948059145361185,peak2=0.015062219463288784,lag_off=-1.0,confirmed=False
2026-04-24T17:26:07.335698,AUTOCORR_SAMPLE,Per-buffer autocorr result,freq=4137941391.941392,peak=0.11895753629505634,peak2=0.11779971607029438,lag_off=6.0,confirmed=False
2026-04-24T17:26:07.336469,AUTOCORR_SAMPLE,Per-buffer autocorr result,freq=4137941391.941392,peak=0.13744667451828718,peak2=0.09170960169285536,lag_off=-5.0,confirmed=False
2026-04-24T17:26:07.339288,AUTOCORR_SAMPLE,Per-buffer autocorr result,freq=4137941391.941392,peak=0.06027490319684148,peak2=0.05791422398760915,lag_off=2.0,confirmed=False
2026-04-24T17:26:07.341746,AUTOCORR_SAMPLE,Per-buffer autocorr result,freq=4137941391.941392,peak=0.11525746062397957,peak2=0.06434334442019463,lag_off=6.0,confirmed=False
2026-04-24T17:26:07.342580,AUTOCORR_SAMPLE,Per-buffer autocorr result,freq=4137941391.941392,peak=0.07005474343895912,peak2=0.12135176733136177,lag_off=3.0,confirmed=False
2026-04-24T17:26:07.345192,AUTOCORR_SAMPLE,Per-buffer autocorr result,freq=4137941391.941392,peak=0.04551458917558193,peak2=0.1251129675656557,lag_off=5.0,confirmed=False
2026-04-24T17:26:07.345859,AUTOCORR_SAMPLE,Per-buffer autocorr result,freq=4137941391.941392,peak=0.1135279550217092,peak2=0.052753550466150045,lag_off=-3.0,confirmed=False
2026-04-24T17:26:07.348739,AUTOCORR_SAMPLE,Per-buffer autocorr result,freq=4137941391.941392,peak=0.07002154923975468,peak2=0.06717921979725361,lag_off=3.0,confirmed=False
2026-04-24T17:26:07.351632,AUTOCORR_SAMPLE,Per-buffer autocorr result,freq=4137941391.941392,peak=0.060742021072655916,peak2=0.11866188468411565,lag_off=2.0,confirmed=False
2026-04-24T17:26:07.351727,AUTOCORR_RESULT,autocorr classification,freq=4137941391.941392,votes=0,total=10,score=0.0,confirmed=False
2026-04-24T17:26:07.400117,AUTOCORR_SAMPLE,Per-buffer autocorr result,freq=4176500610.5006104,peak=0.09637444838881493,peak2=0.1388367973268032,lag_off=-5.0,confirmed=False
2026-04-24T17:26:07.401040,AUTOCORR_SAMPLE,Per-buffer autocorr result,freq=4176500610.5006104,peak=0.05970551446080208,peak2=0.0757329948246479,lag_off=-5.0,confirmed=False
2026-04-24T17:26:07.404274,AUTOCORR_SAMPLE,Per-buffer autocorr result,freq=4176500610.5006104,peak=0.040306108770892024,peak2=0.17476621898822486,lag_off=5.0,confirmed=False
2026-04-24T17:26:07.407341,AUTOCORR_SAMPLE,Per-buffer autocorr result,freq=4176500610.5006104,peak=0.05441719223745167,peak2=0.10998340626247227,lag_off=3.0,confirmed=False
2026-04-24T17:26:07.408204,AUTOCORR_SAMPLE,Per-buffer autocorr result,freq=4176500610.5006104,peak=0.09937471459852532,peak2=0.030752520367968827,lag_off=1.0,confirmed=False
2026-04-24T17:26:07.410994,AUTOCORR_SAMPLE,Per-buffer autocorr result,freq=4176500610.5006104,peak=0.05527129955589771,peak2=0.037178901955485344,lag_off=-3.0,confirmed=False
2026-04-24T17:26:07.411906,AUTOCORR_SAMPLE,Per-buffer autocorr result,freq=4176500610.5006104,peak=0.10200467519462109,peak2=0.0912522803992033,lag_off=-2.0,confirmed=False
2026-04-24T17:26:07.414735,AUTOCORR_SAMPLE,Per-buffer autocorr result,freq=4176500610.5006104,peak=0.04363976087188348,peak2=0.05638800229644403,lag_off=5.0,confirmed=False
2026-04-24T17:26:07.415508,AUTOCORR_SAMPLE,Per-buffer autocorr result,freq=4176500610.5006104,peak=0.026816389057785273,peak2=0.004042352084070444,lag_off=4.0,confirmed=False
2026-04-24T17:26:07.418967,AUTOCORR_SAMPLE,Per-buffer autocorr result,freq=4176500610.5006104,peak=0.017375966475810856,peak2=0.1120680365129374,lag_off=2.0,confirmed=False
2026-04-24T17:26:07.419116,AUTOCORR_RESULT,autocorr classification,freq=4176500610.5006104,votes=0,total=10,score=0.0,confirmed=False
2026-04-24T17:26:08.572074,AUTOCORR_SAMPLE,Per-buffer autocorr result,freq=5037013431.013431,peak=0.08711848221719265,peak2=0.07547772489488125,lag_off=-4.0,confirmed=False
2026-04-24T17:26:08.572926,AUTOCORR_SAMPLE,Per-buffer autocorr result,freq=5037013431.013431,peak=0.16955759667325765,peak2=0.0612743302481249,lag_off=-4.0,confirmed=False
2026-04-24T17:26:08.577055,AUTOCORR_SAMPLE,Per-buffer autocorr result,freq=5037013431.013431,peak=0.01835218071937561,peak2=-0.07601521583274007,lag_off=2.0,confirmed=False
2026-04-24T17:26:08.584744,AUTOCORR_SAMPLE,Per-buffer autocorr result,freq=5037013431.013431,peak=0.09418753627687693,peak2=0.04696494061499834,lag_off=6.0,confirmed=False
2026-04-24T17:26:08.593865,AUTOCORR_SAMPLE,Per-buffer autocorr result,freq=5037013431.013431,peak=0.051603570114821196,peak2=0.03904858184978366,lag_off=3.0,confirmed=False
2026-04-24T17:26:08.594941,AUTOCORR_SAMPLE,Per-buffer autocorr result,freq=5037013431.013431,peak=0.104771938174963,peak2=0.09632239863276482,lag_off=1.0,confirmed=False
2026-04-24T17:26:08.616017,AUTOCORR_SAMPLE,Per-buffer autocorr result,freq=5037013431.013431,peak=0.04421878419816494,peak2=0.052238939329981804,lag_off=6.0,confirmed=False
2026-04-24T17:26:08.617311,AUTOCORR_SAMPLE,Per-buffer autocorr result,freq=5037013431.013431,peak=0.025921788066625595,peak2=-0.053565872949548066,lag_off=-4.0,confirmed=False
2026-04-24T17:26:08.648400,AUTOCORR_SAMPLE,Per-buffer autocorr result,freq=5037013431.013431,peak=0.09229915402829647,peak2=0.05252005346119404,lag_off=5.0,confirmed=False
2026-04-24T17:26:08.649374,AUTOCORR_SAMPLE,Per-buffer autocorr result,freq=5037013431.013431,peak=0.029057846404612064,peak2=0.03220424894243479,lag_off=-3.0,confirmed=False
2026-04-24T17:26:08.654631,AUTOCORR_RESULT,autocorr classification,freq=5037013431.013431,votes=0,total=10,score=0.0,confirmed=False
2026-04-24T17:26:08.781465,AUTOCORR_SAMPLE,Per-buffer autocorr result,freq=5054808302.808303,peak=0.16955759667325765,peak2=0.0612743302481249,lag_off=-4.0,confirmed=False
2026-04-24T17:26:08.785902,AUTOCORR_SAMPLE,Per-buffer autocorr result,freq=5054808302.808303,peak=0.033578287810087204,peak2=0.06578993052244186,lag_off=4.0,confirmed=False
2026-04-24T17:26:08.786406,AUTOCORR_SAMPLE,Per-buffer autocorr result,freq=5054808302.808303,peak=0.030550464987754822,peak2=0.0023683197796344757,lag_off=-6.0,confirmed=False
2026-04-24T17:26:08.786926,AUTOCORR_SAMPLE,Per-buffer autocorr result,freq=5054808302.808303,peak=0.13699087430723011,peak2=0.024410295533016324,lag_off=-5.0,confirmed=False
2026-04-24T17:26:08.787426,AUTOCORR_SAMPLE,Per-buffer autocorr result,freq=5054808302.808303,peak=0.07403529481962323,peak2=0.07827565120533109,lag_off=-2.0,confirmed=False
2026-04-24T17:26:08.787997,AUTOCORR_SAMPLE,Per-buffer autocorr result,freq=5054808302.808303,peak=0.05752080585807562,peak2=0.0441481014713645,lag_off=3.0,confirmed=False
2026-04-24T17:26:08.788477,AUTOCORR_SAMPLE,Per-buffer autocorr result,freq=5054808302.808303,peak=0.07978091761469841,peak2=0.11962753906846046,lag_off=0.0,confirmed=False
2026-04-24T17:26:08.788965,AUTOCORR_SAMPLE,Per-buffer autocorr result,freq=5054808302.808303,peak=-0.026229243725538254,peak2=-0.08440965227782726,lag_off=0.0,confirmed=False
2026-04-24T17:26:08.789464,AUTOCORR_SAMPLE,Per-buffer autocorr result,freq=5054808302.808303,peak=0.033751290291547775,peak2=0.03905670717358589,lag_off=1.0,confirmed=False
2026-04-24T17:26:08.789968,AUTOCORR_SAMPLE,Per-buffer autocorr result,freq=5054808302.808303,peak=0.07588674128055573,peak2=0.08179781958460808,lag_off=1.0,confirmed=False
2026-04-24T17:26:08.790012,AUTOCORR_RESULT,autocorr classification,freq=5054808302.808303,votes=0,total=10,score=0.0,confirmed=False
2026-04-24T17:26:08.846487,AUTOCORR_SAMPLE,Per-buffer autocorr result,freq=5073970695.9706955,peak=0.033751290291547775,peak2=0.03905670717358589,lag_off=1.0,confirmed=False
2026-04-24T17:26:08.847215,AUTOCORR_SAMPLE,Per-buffer autocorr result,freq=5073970695.9706955,peak=0.16913403384387493,peak2=0.11247260682284832,lag_off=2.0,confirmed=False
2026-04-24T17:26:08.851981,AUTOCORR_SAMPLE,Per-buffer autocorr result,freq=5073970695.9706955,peak=0.025645241141319275,peak2=0.01332184299826622,lag_off=-2.0,confirmed=False
2026-04-24T17:26:08.852876,AUTOCORR_SAMPLE,Per-buffer autocorr result,freq=5073970695.9706955,peak=0.11523274751380086,peak2=0.04579687910154462,lag_off=-3.0,confirmed=False
2026-04-24T17:26:08.853449,AUTOCORR_SAMPLE,Per-buffer autocorr result,freq=5073970695.9706955,peak=0.03170246467925608,peak2=0.04598637321032584,lag_off=5.0,confirmed=False
2026-04-24T17:26:08.856346,AUTOCORR_SAMPLE,Per-buffer autocorr result,freq=5073970695.9706955,peak=0.10974763659760356,peak2=0.05180583102628589,lag_off=-1.0,confirmed=False
2026-04-24T17:26:08.856933,AUTOCORR_SAMPLE,Per-buffer autocorr result,freq=5073970695.9706955,peak=0.06555417540948838,peak2=0.01736733119469136,lag_off=4.0,confirmed=False
2026-04-24T17:26:08.859215,AUTOCORR_SAMPLE,Per-buffer autocorr result,freq=5073970695.9706955,peak=0.03708978486247361,peak2=0.030730846570804715,lag_off=2.0,confirmed=False
2026-04-24T17:26:08.859793,AUTOCORR_SAMPLE,Per-buffer autocorr result,freq=5073970695.9706955,peak=0.05379603570327163,peak2=0.03839291026815772,lag_off=-1.0,confirmed=False
2026-04-24T17:26:08.862187,AUTOCORR_SAMPLE,Per-buffer autocorr result,freq=5073970695.9706955,peak=0.10925900974689284,peak2=0.12079449036536971,lag_off=5.0,confirmed=False
2026-04-24T17:26:08.862289,AUTOCORR_RESULT,autocorr classification,freq=5073970695.9706955,votes=0,total=10,score=0.0,confirmed=False
2026-04-24T17:26:08.929165,AUTOCORR_SAMPLE,Per-buffer autocorr result,freq=5133960927.960928,peak=0.06380030838772655,peak2=0.056222870480269194,lag_off=3.0,confirmed=False
2026-04-24T17:26:08.932079,AUTOCORR_SAMPLE,Per-buffer autocorr result,freq=5133960927.960928,peak=0.11988416127860546,peak2=0.08164881728589535,lag_off=3.0,confirmed=False
2026-04-24T17:26:08.932711,AUTOCORR_SAMPLE,Per-buffer autocorr result,freq=5133960927.960928,peak=0.07920292532071471,peak2=0.08157878881320357,lag_off=-2.0,confirmed=False
2026-04-24T17:26:08.935230,AUTOCORR_SAMPLE,Per-buffer autocorr result,freq=5133960927.960928,peak=0.05250679352320731,peak2=0.0561299289111048,lag_off=0.0,confirmed=False
2026-04-24T17:26:08.937859,AUTOCORR_SAMPLE,Per-buffer autocorr result,freq=5133960927.960928,peak=0.11134338029660285,peak2=0.08982469537295401,lag_off=-6.0,confirmed=False
2026-04-24T17:26:08.938895,AUTOCORR_SAMPLE,Per-buffer autocorr result,freq=5133960927.960928,peak=0.10209879791364074,peak2=0.04626451572403312,lag_off=-1.0,confirmed=False
2026-04-24T17:26:08.941275,AUTOCORR_SAMPLE,Per-buffer autocorr result,freq=5133960927.960928,peak=0.08384494134224951,peak2=0.06425102450884879,lag_off=3.0,confirmed=False
2026-04-24T17:26:08.942039,AUTOCORR_SAMPLE,Per-buffer autocorr result,freq=5133960927.960928,peak=0.12725192867219448,peak2=0.04106731154024601,lag_off=0.0,confirmed=False
2026-04-24T17:26:08.944424,AUTOCORR_SAMPLE,Per-buffer autocorr result,freq=5133960927.960928,peak=0.12965141236782074,peak2=0.1264771893620491,lag_off=-2.0,confirmed=False
2026-04-24T17:26:08.945025,AUTOCORR_SAMPLE,Per-buffer autocorr result,freq=5133960927.960928,peak=0.06537861796095967,peak2=0.07817157777026296,lag_off=0.0,confirmed=False
2026-04-24T17:26:08.946690,AUTOCORR_RESULT,autocorr classification,freq=5133960927.960928,votes=0,total=10,score=0.0,confirmed=False
2026-04-24T17:26:09.913358,AUTOCORR_SAMPLE,Per-buffer autocorr result,freq=5839951159.95116,peak=0.08713098871521652,peak2=0.07604424911551178,lag_off=-4.0,confirmed=False
2026-04-24T17:26:09.920846,AUTOCORR_SAMPLE,Per-buffer autocorr result,freq=5839951159.95116,peak=0.6562253162264824,peak2=0.33109503239393234,lag_off=0.0,confirmed=True
2026-04-24T17:26:09.926851,AUTOCORR_SAMPLE,Per-buffer autocorr result,freq=5839951159.95116,peak=0.7771455347537994,peak2=0.4639344811439514,lag_off=-1.0,confirmed=True
2026-04-24T17:26:09.928199,AUTOCORR_SAMPLE,Per-buffer autocorr result,freq=5839951159.95116,peak=0.846214696764946,peak2=0.5973135977983475,lag_off=0.0,confirmed=True
2026-04-24T17:26:09.928925,AUTOCORR_SAMPLE,Per-buffer autocorr result,freq=5839951159.95116,peak=0.8506174087524414,peak2=0.5870232284069061,lag_off=-1.0,confirmed=True
2026-04-24T17:26:09.935383,AUTOCORR_SAMPLE,Per-buffer autocorr result,freq=5839951159.95116,peak=0.7735355198383331,peak2=0.46007075905799866,lag_off=0.0,confirmed=True
2026-04-24T17:26:09.936146,AUTOCORR_SAMPLE,Per-buffer autocorr result,freq=5839951159.95116,peak=0.666767805814743,peak2=0.341018408536911,lag_off=0.0,confirmed=True
2026-04-24T17:26:09.942141,AUTOCORR_SAMPLE,Per-buffer autocorr result,freq=5839951159.95116,peak=0.7767224907875061,peak2=0.4596739411354065,lag_off=-1.0,confirmed=True
2026-04-24T17:26:09.948334,AUTOCORR_SAMPLE,Per-buffer autocorr result,freq=5839951159.95116,peak=0.7854852676391602,peak2=0.4657326936721802,lag_off=0.0,confirmed=True
2026-04-24T17:26:09.949215,AUTOCORR_SAMPLE,Per-buffer autocorr result,freq=5839951159.95116,peak=0.77895687520504,peak2=0.46098579466342926,lag_off=0.0,confirmed=True
2026-04-24T17:26:09.949340,AUTOCORR_RESULT,autocorr classification,freq=5839951159.95116,votes=9,total=10,score=0.9,confirmed=True
2026-04-24T17:26:09.972949,AUTOCORR_SAMPLE,Per-buffer autocorr result,freq=5859015873.015873,peak=0.846214696764946,peak2=0.5973135977983475,lag_off=0.0,confirmed=True
2026-04-24T17:26:09.976164,AUTOCORR_SAMPLE,Per-buffer autocorr result,freq=5859015873.015873,peak=0.10690972954034805,peak2=0.04462985694408417,lag_off=1.0,confirmed=False
2026-04-24T17:26:09.976954,AUTOCORR_SAMPLE,Per-buffer autocorr result,freq=5859015873.015873,peak=0.0472925592912361,peak2=0.04761367186438292,lag_off=3.0,confirmed=False
2026-04-24T17:26:09.979725,AUTOCORR_SAMPLE,Per-buffer autocorr result,freq=5859015873.015873,peak=0.05976411100709811,peak2=0.0306742149987258,lag_off=1.0,confirmed=False
2026-04-24T17:26:09.982428,AUTOCORR_SAMPLE,Per-buffer autocorr result,freq=5859015873.015873,peak=0.08631716249510646,peak2=0.0950368451885879,lag_off=-3.0,confirmed=False
2026-04-24T17:26:09.983216,AUTOCORR_SAMPLE,Per-buffer autocorr result,freq=5859015873.015873,peak=0.05320463562384248,peak2=0.06851904327049851,lag_off=3.0,confirmed=False
2026-04-24T17:26:09.986468,AUTOCORR_SAMPLE,Per-buffer autocorr result,freq=5859015873.015873,peak=0.04889061627909541,peak2=0.01982330298051238,lag_off=4.0,confirmed=False
2026-04-24T17:26:09.989439,AUTOCORR_SAMPLE,Per-buffer autocorr result,freq=5859015873.015873,peak=0.02677803923143074,peak2=0.019227468117605895,lag_off=4.0,confirmed=False
2026-04-24T17:26:09.990116,AUTOCORR_SAMPLE,Per-buffer autocorr result,freq=5859015873.015873,peak=0.05527778808027506,peak2=0.3442868934944272,lag_off=-6.0,confirmed=False
2026-04-24T17:26:09.992595,AUTOCORR_SAMPLE,Per-buffer autocorr result,freq=5859015873.015873,peak=0.08260312350466847,peak2=0.021633681375533342,lag_off=-3.0,confirmed=False
2026-04-24T17:26:09.992737,AUTOCORR_RESULT,autocorr classification,freq=5859015873.015873,votes=1,total=10,score=0.1,confirmed=False
