2026-04-24T17:25:18.602449,AUTOCORR_SAMPLE,Per-buffer autocorr result,freq=102019536.01953602,peak=0.05846709478646517,peak2=-0.020987071096897125,lag_off=-5.0,confirmed=False
2026-04-24T17:25:18.605357,AUTOCORR_SAMPLE,Per-buffer autocorr result,freq=102019536.01953602,peak=0.025268830358982086,peak2=0.07106258347630501,lag_off=-2.0,confirmed=False
2026-04-24T17:25:18.606081,AUTOCORR_SAMPLE,Per-buffer autocorr result,freq=102019536.01953602,peak=-0.014944985508918762,peak2=-0.029349353164434433,lag_off=2.0,confirmed=False
2026-04-24T17:25:18.608744,AUTOCORR_SAMPLE,Per-buffer autocorr result,freq=102019536.01953602,peak=-0.010115176439285278,peak2=0.06953165680170059,lag_off=6.0,confirmed=False
2026-04-24T17:25:18.609379,AUTOCORR_SAMPLE,Per-buffer autocorr result,freq=102019536.01953602,peak=0.12559515214525163,peak2=0.06932070828042924,lag_off=-4.0,confirmed=False
2026-04-24T17:25:18.614031,AUTOCORR_SAMPLE,Per-buffer autocorr result,freq=102019536.01953602,peak=0.16526891198009253,peak2=0.0713191432878375,lag_off=-2.0,confirmed=False
2026-04-24T17:25:18.617105,AUTOCORR_SAMPLE,Per-buffer autocorr result,freq=102019536.01953602,peak=0.1399922778364271,peak2=0.045736647909507155,lag_off=-5.0,confirmed=False
2026-04-24T17:25:18.617924,AUTOCORR_SAMPLE,Per-buffer autocorr result,freq=102019536.01953602,peak=0.03844674304127693,peak2=0.009810768067836761,lag_off=-1.0,confirmed=False
2026-04-24T17:25:18.620811,AUTOCORR_SAMPLE,Per-buffer autocorr result,freq=102019536.01953602,peak=0.06355217099189758,peak2=0.014730241149663925,lag_off=-3.0,confirmed=False
2026-04-24T17:25:18.621621,AUTOCORR_SAMPLE,Per-buffer autocorr result,freq=102019536.01953602,peak=0.011717725545167923,peak2=0.001738760620355606,lag_off=4.0,confirmed=False
2026-04-24T17:25:18.621714,AUTOCORR_RESULT,autocorr classification,freq=102019536.01953602,votes=0,total=10,score=0.0,confirmed=False
2026-04-24T17:25:18.672509,AUTOCORR_SAMPLE,Per-buffer autocorr result,freq=144935286.93528694,peak=0.09675969602540135,peak2=0.042985372710973024,lag_off=2.0,confirmed=False
2026-04-24T17:25:18.676052,AUTOCORR_SAMPLE,Per-buffer autocorr result,freq=144935286.93528694,peak=0.1024759216234088,peak2=0.04503787588328123,lag_off=1.0,confirmed=False
2026-04-24T17:25:18.676754,AUTOCORR_SAMPLE,Per-buffer autocorr result,freq=144935286.93528694,peak=0.03159544337540865,peak2=0.04047058243304491,lag_off=-3.0,confirmed=False
2026-04-24T17:25:18.679516,AUTOCORR_SAMPLE,Per-buffer autocorr result,freq=144935286.93528694,peak=0.07532090041786432,peak2=0.045197960920631886,lag_off=6.0,confirmed=False
2026-04-24T17:25:18.682631,AUTOCORR_SAMPLE,Per-buffer autocorr result,freq=144935286.93528694,peak=0.0711306668817997,peak2=0.05198304355144501,lag_off=-1.0,confirmed=False
2026-04-24T17:25:18.686473,AUTOCORR_SAMPLE,Per-buffer autocorr result,freq=144935286.93528694,peak=0.026858838042244315,peak2=0.08482382236979902,lag_off=-4.0,confirmed=False
2026-04-24T17:25:18.690037,AUTOCORR_SAMPLE,Per-buffer autocorr result,freq=144935286.93528694,peak=0.07224564533680677,peak2=0.10413225274533033,lag_off=1.0,confirmed=False
2026-04-24T17:25:18.690854,AUTOCORR_SAMPLE,Per-buffer autocorr result,freq=144935286.93528694,peak=0.0977393090724945,peak2=0.1292225569486618,lag_off=3.0,confirmed=False
2026-04-24T17:25:18.693583,AUTOCORR_SAMPLE,Per-buffer autocorr result,freq=144935286.93528694,peak=0.09274392121005803,peak2=0.07967675768304616,lag_off=4.0,confirmed=False
2026-04-24T17:25:18.694398,AUTOCORR_SAMPLE,Per-buffer autocorr result,freq=144935286.93528694,peak=0.0987717448733747,peak2=0.06123471772298217,lag_off=-2.0,confirmed=False
2026-04-24T17:25:18.694476,AUTOCORR_RESULT,autocorr classification,freq=144935286.93528694,votes=0,total=10,score=0.0,confirmed=False
2026-04-24T17:25:18.708928,AUTOCORR_SAMPLE,Per-buffer autocorr result,freq=162578754.57875457,peak=0.1024759216234088,peak2=0.04503787588328123,lag_off=1.0,confirmed=False
2026-04-24T17:25:18.712204,AUTOCORR_SAMPLE,Per-buffer autocorr result,freq=162578754.57875457,peak=0.04382628947496414,peak2=0.09840237349271774,lag_off=-3.0,confirmed=False
2026-04-24T17:25:18.715045,AUTOCORR_SAMPLE,Per-buffer autocorr result,freq=162578754.57875457,peak=0.11061441898345947,peak2=0.08006095513701439,lag_off=3.0,confirmed=False
2026-04-24T17:25:18.716105,AUTOCORR_SAMPLE,Per-buffer autocorr result,freq=162578754.57875457,peak=0.08067020121961832,peak2=0.06576643232256174,lag_off=-3.0,confirmed=False
2026-04-24T17:25:18.719615,AUTOCORR_SAMPLE,Per-buffer autocorr result,freq=162578754.57875457,peak=0.07837284449487925,peak2=0.11963668558746576,lag_off=2.0,confirmed=False
2026-04-24T17:25:18.722557,AUTOCORR_SAMPLE,Per-buffer autocorr result,freq=162578754.57875457,peak=0.1287897564470768,peak2=0.11547989025712013,lag_off=0.0,confirmed=False
2026-04-24T17:25:18.723356,AUTOCORR_SAMPLE,Per-buffer autocorr result,freq=162578754.57875457,peak=0.041615137830376625,peak2=0.03855898417532444,lag_off=0.0,confirmed=False
2026-04-24T17:25:18.724019,AUTOCORR_SAMPLE,Per-buffer autocorr result,freq=162578754.57875457,peak=0.10109456081409007,peak2=0.0374760051490739,lag_off=3.0,confirmed=False
2026-04-24T17:25:18.726769,AUTOCORR_SAMPLE,Per-buffer autocorr result,freq=162578754.57875457,peak=0.00437506940215826,peak2=0.07525093015283346,lag_off=-4.0,confirmed=False
2026-04-24T17:25:18.729347,AUTOCORR_SAMPLE,Per-buffer autocorr result,freq=162578754.57875457,peak=0.040031181648373604,peak2=0.023467009887099266,lag_off=-4.0,confirmed=False
2026-04-24T17:25:18.729445,AUTOCORR_RESULT,autocorr classification,freq=162578754.57875457,votes=0,total=10,score=0.0,confirmed=False
2026-04-24T17:25:18.810519,AUTOCORR_SAMPLE,Per-buffer autocorr result,freq=227025641.02564102,peak=-0.04697278514504433,peak2=-0.0976284887874499,lag_off=-5.0,confirmed=False
2026-04-24T17:25:18.813602,AUTOCORR_SAMPLE,Per-buffer autocorr result,freq=227025641.02564102,peak=0.030583245679736137,peak2=0.07113123498857021,lag_off=0.0,confirmed=False
2026-04-24T17:25:18.814799,AUTOCORR_SAMPLE,Per-buffer autocorr result,freq=227025641.02564102,peak=0.09444478480145335,peak2=0.05820191232487559,lag_off=-4.0,confirmed=False
2026-04-24T17:25:18.818414,AUTOCORR_SAMPLE,Per-buffer autocorr result,freq=227025641.02564102,peak=0.09299966040998697,peak2=0.06932663265615702,lag_off=0.0,confirmed=False
2026-04-24T17:25:18.819054,AUTOCORR_SAMPLE,Per-buffer autocorr result,freq=227025641.02564102,peak=0.06070610415190458,peak2=0.04137283470481634,lag_off=3.0,confirmed=False
2026-04-24T17:25:18.819931,AUTOCORR_SAMPLE,Per-buffer autocorr result,freq=227025641.02564102,peak=0.004166970960795879,peak2=0.09133374784141779,lag_off=-1.0,confirmed=False
2026-04-24T17:25:18.826304,AUTOCORR_SAMPLE,Per-buffer autocorr result,freq=227025641.02564102,peak=-0.036212434992194176,peak2=-0.0020707957446575165,lag_off=-2.0,confirmed=False
2026-04-24T17:25:18.830400,AUTOCORR_SAMPLE,Per-buffer autocorr result,freq=227025641.02564102,peak=0.02663918724283576,peak2=0.040266656782478094,lag_off=5.0,confirmed=False
2026-04-24T17:25:18.831224,AUTOCORR_SAMPLE,Per-buffer autocorr result,freq=227025641.02564102,peak=0.04682737588882446,peak2=0.025347936898469925,lag_off=6.0,confirmed=False
2026-04-24T17:25:18.836204,AUTOCORR_SAMPLE,Per-buffer autocorr result,freq=227025641.02564102,peak=0.07844268903136253,peak2=0.023905236274003983,lag_off=5.0,confirmed=False
2026-04-24T17:25:18.842461,AUTOCORR_RESULT,autocorr classification,freq=227025641.02564102,votes=0,total=10,score=0.0,confirmed=False
2026-04-24T17:25:18.875453,AUTOCORR_SAMPLE,Per-buffer autocorr result,freq=246517704.51770452,peak=0.030583245679736137,peak2=0.07113123498857021,lag_off=0.0,confirmed=False
2026-04-24T17:25:18.878838,AUTOCORR_SAMPLE,Per-buffer autocorr result,freq=246517704.51770452,peak=0.05466557294130325,peak2=0.08990881219506264,lag_off=6.0,confirmed=False
2026-04-24T17:25:18.879677,AUTOCORR_SAMPLE,Per-buffer autocorr result,freq=246517704.51770452,peak=-0.04727370920591056,peak2=0.05841235816478729,lag_off=-4.0,confirmed=False
2026-04-24T17:25:18.882921,AUTOCORR_SAMPLE,Per-buffer autocorr result,freq=246517704.51770452,peak=0.09919942659325898,peak2=0.10200155270285904,lag_off=0.0,confirmed=False
2026-04-24T17:25:18.886510,AUTOCORR_SAMPLE,Per-buffer autocorr result,freq=246517704.51770452,peak=-0.07286453992128372,peak2=0.07479042932391167,lag_off=6.0,confirmed=False
2026-04-24T17:25:18.887697,AUTOCORR_SAMPLE,Per-buffer autocorr result,freq=246517704.51770452,peak=0.060831695795059204,peak2=-0.0026710443198680878,lag_off=-4.0,confirmed=False
2026-04-24T17:25:18.891131,AUTOCORR_SAMPLE,Per-buffer autocorr result,freq=246517704.51770452,peak=-0.08780747000128031,peak2=-0.06728477589786053,lag_off=1.0,confirmed=False
2026-04-24T17:25:18.894205,AUTOCORR_SAMPLE,Per-buffer autocorr result,freq=246517704.51770452,peak=-0.16442341450601816,peak2=-0.08737892657518387,lag_off=6.0,confirmed=False
2026-04-24T17:25:18.895002,AUTOCORR_SAMPLE,Per-buffer autocorr result,freq=246517704.51770452,peak=0.05564945191144943,peak2=-0.057529063895344734,lag_off=1.0,confirmed=False
2026-04-24T17:25:18.898231,AUTOCORR_SAMPLE,Per-buffer autocorr result,freq=246517704.51770452,peak=-0.0930105708539486,peak2=0.026913341134786606,lag_off=1.0,confirmed=False
2026-04-24T17:25:18.898382,AUTOCORR_RESULT,autocorr classification,freq=246517704.51770452,votes=0,total=10,score=0.0,confirmed=False
2026-04-24T17:25:18.973267,AUTOCORR_SAMPLE,Per-buffer autocorr result,freq=294454212.4542124,peak=0.07955057732760906,peak2=0.040362363681197166,lag_off=-6.0,confirmed=False
2026-04-24T17:25:18.976118,AUTOCORR_SAMPLE,Per-buffer autocorr result,freq=294454212.4542124,peak=-0.024145275354385376,peak2=-0.13593702670186758,lag_off=-2.0,confirmed=False
2026-04-24T17:25:18.979135,AUTOCORR_SAMPLE,Per-buffer autocorr result,freq=294454212.4542124,peak=-0.09558618348091841,peak2=0.05595362279564142,lag_off=-2.0,confirmed=False
2026-04-24T17:25:18.982359,AUTOCORR_SAMPLE,Per-buffer autocorr result,freq=294454212.4542124,peak=-0.02424175408668816,peak2=0.07140486687421799,lag_off=-6.0,confirmed=False
2026-04-24T17:25:18.983408,AUTOCORR_SAMPLE,Per-buffer autocorr result,freq=294454212.4542124,peak=-0.007937218993902206,peak2=-0.006469573825597763,lag_off=1.0,confirmed=False
2026-04-24T17:25:18.986475,AUTOCORR_SAMPLE,Per-buffer autocorr result,freq=294454212.4542124,peak=-0.023304825648665428,peak2=0.06922813132405281,lag_off=-4.0,confirmed=False
2026-04-24T17:25:18.989884,AUTOCORR_SAMPLE,Per-buffer autocorr result,freq=294454212.4542124,peak=0.08082638308405876,peak2=-0.03178627975285053,lag_off=2.0,confirmed=False
2026-04-24T17:25:18.990638,AUTOCORR_SAMPLE,Per-buffer autocorr result,freq=294454212.4542124,peak=-0.03499089810065925,peak2=0.014579087495803833,lag_off=3.0,confirmed=False
2026-04-24T17:25:18.994015,AUTOCORR_SAMPLE,Per-buffer autocorr result,freq=294454212.4542124,peak=0.01821572333574295,peak2=0.0245380662381649,lag_off=0.0,confirmed=False
2026-04-24T17:25:18.994940,AUTOCORR_SAMPLE,Per-buffer autocorr result,freq=294454212.4542124,peak=-0.0027105435729026794,peak2=0.11689045652747154,lag_off=5.0,confirmed=False
2026-04-24T17:25:18.995087,AUTOCORR_RESULT,autocorr classification,freq=294454212.4542124,votes=0,total=10,score=0.0,confirmed=False
2026-04-24T17:25:19.012098,AUTOCORR_SAMPLE,Per-buffer autocorr result,freq=313816849.8168498,peak=-0.1672005020081997,peak2=-0.10744839627295732,lag_off=-5.0,confirmed=False
2026-04-24T17:25:19.014930,AUTOCORR_SAMPLE,Per-buffer autocorr result,freq=313816849.8168498,peak=0.02829534187912941,peak2=0.038589607924222946,lag_off=-4.0,confirmed=False
2026-04-24T17:25:19.015762,AUTOCORR_SAMPLE,Per-buffer autocorr result,freq=313816849.8168498,peak=0.1208248883485794,peak2=-0.02907667588442564,lag_off=-5.0,confirmed=False
2026-04-24T17:25:19.018679,AUTOCORR_SAMPLE,Per-buffer autocorr result,freq=313816849.8168498,peak=0.04844961315393448,peak2=0.03883769363164902,lag_off=-3.0,confirmed=False
2026-04-24T17:25:19.021775,AUTOCORR_SAMPLE,Per-buffer autocorr result,freq=313816849.8168498,peak=0.018125195056200027,peak2=-0.027454129420220852,lag_off=-3.0,confirmed=False
2026-04-24T17:25:19.022605,AUTOCORR_SAMPLE,Per-buffer autocorr result,freq=313816849.8168498,peak=0.11362204235047102,peak2=0.06300345342606306,lag_off=-1.0,confirmed=False
2026-04-24T17:25:19.025738,AUTOCORR_SAMPLE,Per-buffer autocorr result,freq=313816849.8168498,peak=0.09508138615638018,peak2=0.060632177628576756,lag_off=5.0,confirmed=False
2026-04-24T17:25:19.026613,AUTOCORR_SAMPLE,Per-buffer autocorr result,freq=313816849.8168498,peak=0.07480968395248055,peak2=0.11425459990277886,lag_off=-4.0,confirmed=False
2026-04-24T17:25:19.029149,AUTOCORR_SAMPLE,Per-buffer autocorr result,freq=313816849.8168498,peak=0.0972743877209723,peak2=0.08352311188355088,lag_off=4.0,confirmed=False
2026-04-24T17:25:19.032360,AUTOCORR_SAMPLE,Per-buffer autocorr result,freq=313816849.8168498,peak=0.11006336100399494,peak2=0.015231003984808922,lag_off=-4.0,confirmed=False
2026-04-24T17:25:19.032701,AUTOCORR_RESULT,autocorr classification,freq=313816849.8168498,votes=0,total=10,score=0.0,confirmed=False
2026-04-24T17:25:19.363346,AUTOCORR_SAMPLE,Per-buffer autocorr result,freq=563670329.6703297,peak=0.11440156842581928,peak2=0.005795293254777789,lag_off=-3.0,confirmed=False
2026-04-24T17:25:19.364044,AUTOCORR_SAMPLE,Per-buffer autocorr result,freq=563670329.6703297,peak=0.10146031813928857,peak2=0.036454676708672196,lag_off=5.0,confirmed=False
2026-04-24T17:25:19.366763,AUTOCORR_SAMPLE,Per-buffer autocorr result,freq=563670329.6703297,peak=0.025310717523097992,peak2=0.0024151578545570374,lag_off=3.0,confirmed=False
2026-04-24T17:25:19.369715,AUTOCORR_SAMPLE,Per-buffer autocorr result,freq=563670329.6703297,peak=0.1377346534281969,peak2=0.006512794643640518,lag_off=1.0,confirmed=False
2026-04-24T17:25:19.370938,AUTOCORR_SAMPLE,Per-buffer autocorr result,freq=563670329.6703297,peak=0.1570454342290759,peak2=0.06663118209689856,lag_off=2.0,confirmed=False
2026-04-24T17:25:19.373826,AUTOCORR_SAMPLE,Per-buffer autocorr result,freq=563670329.6703297,peak=0.12467596400529146,peak2=0.016096089966595173,lag_off=-4.0,confirmed=False
2026-04-24T17:25:19.374574,AUTOCORR_SAMPLE,Per-buffer autocorr result,freq=563670329.6703297,peak=0.08862718194723129,peak2=0.024834785610437393,lag_off=5.0,confirmed=False
2026-04-24T17:25:19.377442,AUTOCORR_SAMPLE,Per-buffer autocorr result,freq=563670329.6703297,peak=0.04437936842441559,peak2=-0.07411984540522099,lag_off=4.0,confirmed=False
2026-04-24T17:25:19.378081,AUTOCORR_SAMPLE,Per-buffer autocorr result,freq=563670329.6703297,peak=0.020473286509513855,peak2=-0.08710776641964912,lag_off=-2.0,confirmed=False
2026-04-24T17:25:19.381252,AUTOCORR_SAMPLE,Per-buffer autocorr result,freq=563670329.6703297,peak=0.05060097575187683,peak2=-0.03634945838712156,lag_off=-4.0,confirmed=False
2026-04-24T17:25:19.381339,AUTOCORR_RESULT,autocorr classification,freq=563670329.6703297,votes=0,total=10,score=0.0,confirmed=False
2026-04-24T17:25:19.400077,AUTOCORR_SAMPLE,Per-buffer autocorr result,freq=583904761.9047619,peak=0.10146031813928857,peak2=0.036454676708672196,lag_off=5.0,confirmed=False
2026-04-24T17:25:19.403682,AUTOCORR_SAMPLE,Per-buffer autocorr result,freq=583904761.9047619,peak=0.06372796325013041,peak2=0.0344718168489635,lag_off=-6.0,confirmed=False
2026-04-24T17:25:19.407101,AUTOCORR_SAMPLE,Per-buffer autocorr result,freq=583904761.9047619,peak=0.1025157980620861,peak2=0.0036345385015010834,lag_off=6.0,confirmed=False
2026-04-24T17:25:19.408126,AUTOCORR_SAMPLE,Per-buffer autocorr result,freq=583904761.9047619,peak=0.11734470445662737,peak2=0.06185165513306856,lag_off=3.0,confirmed=False
2026-04-24T17:25:19.411415,AUTOCORR_SAMPLE,Per-buffer autocorr result,freq=583904761.9047619,peak=0.006439138203859329,peak2=-0.0016190074384212494,lag_off=3.0,confirmed=False
2026-04-24T17:25:19.414544,AUTOCORR_SAMPLE,Per-buffer autocorr result,freq=583904761.9047619,peak=0.15187706798315048,peak2=-0.01935070939362049,lag_off=-4.0,confirmed=False
2026-04-24T17:25:19.417718,AUTOCORR_SAMPLE,Per-buffer autocorr result,freq=583904761.9047619,peak=0.14108528196811676,peak2=-0.04324097279459238,lag_off=-4.0,confirmed=False
2026-04-24T17:25:19.420779,AUTOCORR_SAMPLE,Per-buffer autocorr result,freq=583904761.9047619,peak=0.03851221036165953,peak2=0.01356570702046156,lag_off=-3.0,confirmed=False
2026-04-24T17:25:19.421822,AUTOCORR_SAMPLE,Per-buffer autocorr result,freq=583904761.9047619,peak=0.11084916605614126,peak2=0.021026912843808532,lag_off=3.0,confirmed=False
2026-04-24T17:25:19.425284,AUTOCORR_SAMPLE,Per-buffer autocorr result,freq=583904761.9047619,peak=0.261680044233799,peak2=0.09989523887634277,lag_off=-3.0,confirmed=False
2026-04-24T17:25:19.425431,AUTOCORR_RESULT,autocorr classification,freq=583904761.9047619,votes=0,total=10,score=0.0,confirmed=False
2026-04-24T17:25:19.468347,AUTOCORR_SAMPLE,Per-buffer autocorr result,freq=618761904.7619047,peak=0.0789817813783884,peak2=0.0804710853844881,lag_off=-4.0,confirmed=False
2026-04-24T17:25:19.471358,AUTOCORR_SAMPLE,Per-buffer autocorr result,freq=618761904.7619047,peak=0.134265610948205,peak2=0.1093664038926363,lag_off=-1.0,confirmed=False
2026-04-24T17:25:19.472163,AUTOCORR_SAMPLE,Per-buffer autocorr result,freq=618761904.7619047,peak=0.1478007398545742,peak2=0.08103952184319496,lag_off=-4.0,confirmed=False
2026-04-24T17:25:19.475175,AUTOCORR_SAMPLE,Per-buffer autocorr result,freq=618761904.7619047,peak=0.1003938652575016,peak2=0.0430527999997139,lag_off=1.0,confirmed=False
2026-04-24T17:25:19.478304,AUTOCORR_SAMPLE,Per-buffer autocorr result,freq=618761904.7619047,peak=0.022316940128803253,peak2=-0.03304045740514994,lag_off=1.0,confirmed=False
2026-04-24T17:25:19.479092,AUTOCORR_SAMPLE,Per-buffer autocorr result,freq=618761904.7619047,peak=0.05523558706045151,peak2=-0.10791752487421036,lag_off=6.0,confirmed=False
2026-04-24T17:25:19.481955,AUTOCORR_SAMPLE,Per-buffer autocorr result,freq=618761904.7619047,peak=0.03094184212386608,peak2=0.02827846072614193,lag_off=-4.0,confirmed=False
2026-04-24T17:25:19.485263,AUTOCORR_SAMPLE,Per-buffer autocorr result,freq=618761904.7619047,peak=0.04328540246933699,peak2=0.0488458601757884,lag_off=-1.0,confirmed=False
2026-04-24T17:25:19.486127,AUTOCORR_SAMPLE,Per-buffer autocorr result,freq=618761904.7619047,peak=0.09277519024908543,peak2=0.08622199483215809,lag_off=-5.0,confirmed=False
2026-04-24T17:25:19.490040,AUTOCORR_SAMPLE,Per-buffer autocorr result,freq=618761904.7619047,peak=0.11523689329624176,peak2=0.013263935223221779,lag_off=5.0,confirmed=False
2026-04-24T17:25:19.490141,AUTOCORR_RESULT,autocorr classification,freq=618761904.7619047,votes=0,total=10,score=0.0,confirmed=False
2026-04-24T17:25:19.505513,AUTOCORR_SAMPLE,Per-buffer autocorr result,freq=645159951.1599512,peak=0.134265610948205,peak2=0.1093664038926363,lag_off=-1.0,confirmed=False
2026-04-24T17:25:19.508809,AUTOCORR_SAMPLE,Per-buffer autocorr result,freq=645159951.1599512,peak=0.14169578347355127,peak2=0.02391995955258608,lag_off=-4.0,confirmed=False
2026-04-24T17:25:19.509471,AUTOCORR_SAMPLE,Per-buffer autocorr result,freq=645159951.1599512,peak=0.11624863278120756,peak2=0.03007111605256796,lag_off=1.0,confirmed=False
2026-04-24T17:25:19.512551,AUTOCORR_SAMPLE,Per-buffer autocorr result,freq=645159951.1599512,peak=0.06394792604260147,peak2=0.0723207991104573,lag_off=0.0,confirmed=False
2026-04-24T17:25:19.515575,AUTOCORR_SAMPLE,Per-buffer autocorr result,freq=645159951.1599512,peak=0.010439872741699219,peak2=-0.03127928311005235,lag_off=-6.0,confirmed=False
2026-04-24T17:25:19.516478,AUTOCORR_SAMPLE,Per-buffer autocorr result,freq=645159951.1599512,peak=0.1009432626888156,peak2=0.03571552690118551,lag_off=-1.0,confirmed=False
2026-04-24T17:25:19.519773,AUTOCORR_SAMPLE,Per-buffer autocorr result,freq=645159951.1599512,peak=0.10025352612137794,peak2=0.017995569854974747,lag_off=-6.0,confirmed=False
2026-04-24T17:25:19.520523,AUTOCORR_SAMPLE,Per-buffer autocorr result,freq=645159951.1599512,peak=0.01509764138609171,peak2=0.005076393485069275,lag_off=5.0,confirmed=False
2026-04-24T17:25:19.521218,AUTOCORR_SAMPLE,Per-buffer autocorr result,freq=645159951.1599512,peak=0.09029659535735846,peak2=-0.012634253245778382,lag_off=6.0,confirmed=False
2026-04-24T17:25:19.524739,AUTOCORR_SAMPLE,Per-buffer autocorr result,freq=645159951.1599512,peak=0.151655500754714,peak2=0.11593440733850002,lag_off=-6.0,confirmed=False
2026-04-24T17:25:19.524830,AUTOCORR_RESULT,autocorr classification,freq=645159951.1599512,votes=0,total=10,score=0.0,confirmed=False
2026-04-24T17:25:19.547181,AUTOCORR_SAMPLE,Per-buffer autocorr result,freq=665335775.3357754,peak=0.14169578347355127,peak2=0.02391995955258608,lag_off=-4.0,confirmed=False
2026-04-24T17:25:19.548024,AUTOCORR_SAMPLE,Per-buffer autocorr result,freq=665335775.3357754,peak=0.0506643345579505,peak2=0.04596256744116545,lag_off=1.0,confirmed=False
2026-04-24T17:25:19.551687,AUTOCORR_SAMPLE,Per-buffer autocorr result,freq=665335775.3357754,peak=0.07160281110554934,peak2=0.04862852115184069,lag_off=-1.0,confirmed=False
2026-04-24T17:25:19.554600,AUTOCORR_SAMPLE,Per-buffer autocorr result,freq=665335775.3357754,peak=0.1643827788066119,peak2=0.10118485311977565,lag_off=-5.0,confirmed=False
2026-04-24T17:25:19.557299,AUTOCORR_SAMPLE,Per-buffer autocorr result,freq=665335775.3357754,peak=0.08478462416678667,peak2=0.045474388636648655,lag_off=-6.0,confirmed=False
2026-04-24T17:25:19.558241,AUTOCORR_SAMPLE,Per-buffer autocorr result,freq=665335775.3357754,peak=0.07539266441017389,peak2=0.03988757077604532,lag_off=-2.0,confirmed=False
2026-04-24T17:25:19.560913,AUTOCORR_SAMPLE,Per-buffer autocorr result,freq=665335775.3357754,peak=0.11542355455458164,peak2=0.08587258495390415,lag_off=-1.0,confirmed=False
2026-04-24T17:25:19.561897,AUTOCORR_SAMPLE,Per-buffer autocorr result,freq=665335775.3357754,peak=0.06529144570231438,peak2=0.008151199668645859,lag_off=6.0,confirmed=False
2026-04-24T17:25:19.562713,AUTOCORR_SAMPLE,Per-buffer autocorr result,freq=665335775.3357754,peak=0.04535031318664551,peak2=0.006196834146976471,lag_off=-4.0,confirmed=False
2026-04-24T17:25:19.565718,AUTOCORR_SAMPLE,Per-buffer autocorr result,freq=665335775.3357754,peak=0.08586186915636063,peak2=0.031497273594141006,lag_off=-3.0,confirmed=False
2026-04-24T17:25:19.565860,AUTOCORR_RESULT,autocorr classification,freq=665335775.3357754,votes=0,total=10,score=0.0,confirmed=False
2026-04-24T17:25:19.797466,AUTOCORR_SAMPLE,Per-buffer autocorr result,freq=763025641.0256411,peak=0.34253103751689196,peak2=0.2831923784688115,lag_off=0.0,confirmed=True
2026-04-24T17:25:19.806971,AUTOCORR_SAMPLE,Per-buffer autocorr result,freq=763025641.0256411,peak=0.7813886255025864,peak2=0.46371759474277496,lag_off=0.0,confirmed=True
2026-04-24T17:25:19.813288,AUTOCORR_SAMPLE,Per-buffer autocorr result,freq=763025641.0256411,peak=0.7135358601808548,peak2=0.45548783242702484,lag_off=-1.0,confirmed=True
2026-04-24T17:25:19.817144,AUTOCORR_SAMPLE,Per-buffer autocorr result,freq=763025641.0256411,peak=0.7171280607581139,peak2=0.5513934716582298,lag_off=-1.0,confirmed=True
2026-04-24T17:25:19.823952,AUTOCORR_SAMPLE,Per-buffer autocorr result,freq=763025641.0256411,peak=0.7830647751688957,peak2=0.47842463105916977,lag_off=-1.0,confirmed=True
2026-04-24T17:25:19.829455,AUTOCORR_SAMPLE,Per-buffer autocorr result,freq=763025641.0256411,peak=0.6565984860062599,peak2=0.3975089564919472,lag_off=0.0,confirmed=True
2026-04-24T17:25:19.830331,AUTOCORR_SAMPLE,Per-buffer autocorr result,freq=763025641.0256411,peak=0.7826480716466904,peak2=0.4638012796640396,lag_off=0.0,confirmed=True
2026-04-24T17:25:19.835960,AUTOCORR_SAMPLE,Per-buffer autocorr result,freq=763025641.0256411,peak=0.6610344871878624,peak2=0.3833935782313347,lag_off=-1.0,confirmed=True
2026-04-24T17:25:19.837068,AUTOCORR_SAMPLE,Per-buffer autocorr result,freq=763025641.0256411,peak=0.6202878914773464,peak2=0.3608701191842556,lag_off=0.0,confirmed=True
2026-04-24T17:25:19.842423,AUTOCORR_SAMPLE,Per-buffer autocorr result,freq=763025641.0256411,peak=0.7817957401275635,peak2=0.4650707244873047,lag_off=0.0,confirmed=True
2026-04-24T17:25:19.842499,AUTOCORR_RESULT,autocorr classification,freq=763025641.0256411,votes=10,total=10,score=1.0,confirmed=True
2026-04-24T17:25:19.858889,AUTOCORR_SAMPLE,Per-buffer autocorr result,freq=783230769.2307693,peak=0.7830647751688957,peak2=0.47842463105916977,lag_off=-1.0,confirmed=True
2026-04-24T17:25:19.861736,AUTOCORR_SAMPLE,Per-buffer autocorr result,freq=783230769.2307693,peak=0.06695429119281471,peak2=0.04858752223663032,lag_off=5.0,confirmed=False
2026-04-24T17:25:19.864305,AUTOCORR_SAMPLE,Per-buffer autocorr result,freq=783230769.2307693,peak=0.08693870902061462,peak2=0.032099878415465355,lag_off=1.0,confirmed=False
2026-04-24T17:25:19.864993,AUTOCORR_SAMPLE,Per-buffer autocorr result,freq=783230769.2307693,peak=0.11034288164228201,peak2=0.06707609351724386,lag_off=-6.0,confirmed=False
2026-04-24T17:25:19.867597,AUTOCORR_SAMPLE,Per-buffer autocorr result,freq=783230769.2307693,peak=0.07976312679238617,peak2=0.04207002115435898,lag_off=-5.0,confirmed=False
2026-04-24T17:25:19.870906,AUTOCORR_SAMPLE,Per-buffer autocorr result,freq=783230769.2307693,peak=0.062069183273706585,peak2=0.045462677313480526,lag_off=-6.0,confirmed=False
2026-04-24T17:25:19.871928,AUTOCORR_SAMPLE,Per-buffer autocorr result,freq=783230769.2307693,peak=0.13520505838096142,peak2=0.0164032019674778,lag_off=4.0,confirmed=False
2026-04-24T17:25:19.874447,AUTOCORR_SAMPLE,Per-buffer autocorr result,freq=783230769.2307693,peak=0.08135464088991284,peak2=0.10682280408218503,lag_off=6.0,confirmed=False
2026-04-24T17:25:19.875161,AUTOCORR_SAMPLE,Per-buffer autocorr result,freq=783230769.2307693,peak=0.09024113789200783,peak2=0.005948226898908615,lag_off=0.0,confirmed=False
2026-04-24T17:25:19.877593,AUTOCORR_SAMPLE,Per-buffer autocorr result,freq=783230769.2307693,peak=0.02663696650415659,peak2=0.08751560468226671,lag_off=-2.0,confirmed=False
2026-04-24T17:25:19.877686,AUTOCORR_RESULT,autocorr classification,freq=783230769.2307693,votes=1,total=10,score=0.1,confirmed=False
2026-04-24T17:25:20.315086,AUTOCORR_SAMPLE,Per-buffer autocorr result,freq=939653235.6532357,peak=0.13001213828101754,peak2=0.04640979925170541,lag_off=4.0,confirmed=False
2026-04-24T17:25:20.326216,AUTOCORR_SAMPLE,Per-buffer autocorr result,freq=939653235.6532357,peak=0.11679529573302716,peak2=0.08000555809121579,lag_off=0.0,confirmed=False
2026-04-24T17:25:20.350106,AUTOCORR_SAMPLE,Per-buffer autocorr result,freq=939653235.6532357,peak=0.12774727726355195,peak2=0.08749097818508744,lag_off=-1.0,confirmed=False
2026-04-24T17:25:20.366789,AUTOCORR_SAMPLE,Per-buffer autocorr result,freq=939653235.6532357,peak=0.12790273688733578,peak2=0.04726573824882507,lag_off=2.0,confirmed=False
2026-04-24T17:25:20.384046,AUTOCORR_SAMPLE,Per-buffer autocorr result,freq=939653235.6532357,peak=0.061846561497077346,peak2=0.07278154394589365,lag_off=5.0,confirmed=False
2026-04-24T17:25:20.410603,AUTOCORR_SAMPLE,Per-buffer autocorr result,freq=939653235.6532357,peak=0.006241712719202042,peak2=0.003018070012331009,lag_off=-4.0,confirmed=False
2026-04-24T17:25:20.418469,AUTOCORR_SAMPLE,Per-buffer autocorr result,freq=939653235.6532357,peak=-0.0023886114358901978,peak2=-0.2127702385187149,lag_off=-6.0,confirmed=False
2026-04-24T17:25:20.445302,AUTOCORR_SAMPLE,Per-buffer autocorr result,freq=939653235.6532357,peak=0.016874730587005615,peak2=-0.11582183465361595,lag_off=1.0,confirmed=False
2026-04-24T17:25:20.454222,AUTOCORR_SAMPLE,Per-buffer autocorr result,freq=939653235.6532357,peak=0.14145583333447576,peak2=0.05262457253411412,lag_off=4.0,confirmed=False
2026-04-24T17:25:20.475733,AUTOCORR_SAMPLE,Per-buffer autocorr result,freq=939653235.6532357,peak=-0.3371911272406578,peak2=-0.6391716301441193,lag_off=-6.0,confirmed=False
2026-04-24T17:25:20.488210,AUTOCORR_RESULT,autocorr classification,freq=939653235.6532357,votes=0,total=10,score=0.0,confirmed=False
2026-04-24T17:25:20.526835,AUTOCORR_SAMPLE,Per-buffer autocorr result,freq=959277167.2771673,peak=0.061846561497077346,peak2=0.07278154394589365,lag_off=5.0,confirmed=False
2026-04-24T17:25:20.530308,AUTOCORR_SAMPLE,Per-buffer autocorr result,freq=959277167.2771673,peak=0.022569707594811916,peak2=0.034309147857129574,lag_off=-4.0,confirmed=False
2026-04-24T17:25:20.533543,AUTOCORR_SAMPLE,Per-buffer autocorr result,freq=959277167.2771673,peak=0.01402638221043162,peak2=0.1111746683891397,lag_off=4.0,confirmed=False
2026-04-24T17:25:20.534271,AUTOCORR_SAMPLE,Per-buffer autocorr result,freq=959277167.2771673,peak=-0.09179110452532768,peak2=-0.18116949498653412,lag_off=0.0,confirmed=False
2026-04-24T17:25:20.537898,AUTOCORR_SAMPLE,Per-buffer autocorr result,freq=959277167.2771673,peak=0.10300696641206741,peak2=0.1086735725402832,lag_off=-2.0,confirmed=False
2026-04-24T17:25:20.538608,AUTOCORR_SAMPLE,Per-buffer autocorr result,freq=959277167.2771673,peak=-0.01158900186419487,peak2=-0.019973045215010643,lag_off=-1.0,confirmed=False
2026-04-24T17:25:20.539219,AUTOCORR_SAMPLE,Per-buffer autocorr result,freq=959277167.2771673,peak=-0.08649633079767227,peak2=0.06869246438145638,lag_off=-5.0,confirmed=False
2026-04-24T17:25:20.542453,AUTOCORR_SAMPLE,Per-buffer autocorr result,freq=959277167.2771673,peak=0.056200738064944744,peak2=0.010367783717811108,lag_off=5.0,confirmed=False
2026-04-24T17:25:20.545165,AUTOCORR_SAMPLE,Per-buffer autocorr result,freq=959277167.2771673,peak=0.03477912023663521,peak2=0.009950746316462755,lag_off=0.0,confirmed=False
2026-04-24T17:25:20.547764,AUTOCORR_SAMPLE,Per-buffer autocorr result,freq=959277167.2771673,peak=0.0027890875935554504,peak2=-0.18679270148277283,lag_off=-3.0,confirmed=False
2026-04-24T17:25:20.547905,AUTOCORR_RESULT,autocorr classification,freq=959277167.2771673,votes=0,total=10,score=0.0,confirmed=False
2026-04-24T17:25:21.109733,AUTOCORR_SAMPLE,Per-buffer autocorr result,freq=1265177045.1770453,peak=0.16406577022280544,peak2=0.014316698885522783,lag_off=-5.0,confirmed=False
2026-04-24T17:25:21.114398,AUTOCORR_SAMPLE,Per-buffer autocorr result,freq=1265177045.1770453,peak=0.0703953318297863,peak2=0.05340084061026573,lag_off=-1.0,confirmed=False
2026-04-24T17:25:21.119340,AUTOCORR_SAMPLE,Per-buffer autocorr result,freq=1265177045.1770453,peak=0.08165204897522926,peak2=0.06801682710647583,lag_off=-1.0,confirmed=False
2026-04-24T17:25:21.120710,AUTOCORR_SAMPLE,Per-buffer autocorr result,freq=1265177045.1770453,peak=0.06958465091884136,peak2=0.03869604878127575,lag_off=5.0,confirmed=False
2026-04-24T17:25:21.125195,AUTOCORR_SAMPLE,Per-buffer autocorr result,freq=1265177045.1770453,peak=0.0522942990064621,peak2=0.0574464425444603,lag_off=5.0,confirmed=False
2026-04-24T17:25:21.129166,AUTOCORR_SAMPLE,Per-buffer autocorr result,freq=1265177045.1770453,peak=0.11957838758826256,peak2=0.05974597483873367,lag_off=-1.0,confirmed=False
2026-04-24T17:25:21.130404,AUTOCORR_SAMPLE,Per-buffer autocorr result,freq=1265177045.1770453,peak=0.16255333833396435,peak2=0.1156108733266592,lag_off=-1.0,confirmed=False
2026-04-24T17:25:21.134521,AUTOCORR_SAMPLE,Per-buffer autocorr result,freq=1265177045.1770453,peak=0.0382519643753767,peak2=0.015271655283868313,lag_off=1.0,confirmed=False
2026-04-24T17:25:21.138619,AUTOCORR_SAMPLE,Per-buffer autocorr result,freq=1265177045.1770453,peak=0.09069489128887653,peak2=0.054780228063464165,lag_off=-5.0,confirmed=False
2026-04-24T17:25:21.139715,AUTOCORR_SAMPLE,Per-buffer autocorr result,freq=1265177045.1770453,peak=0.11043413271545433,peak2=0.04759409939288162,lag_off=-2.0,confirmed=False
2026-04-24T17:25:21.139867,AUTOCORR_RESULT,autocorr classification,freq=1265177045.1770453,votes=0,total=10,score=0.0,confirmed=False
2026-04-24T17:25:21.155808,AUTOCORR_SAMPLE,Per-buffer autocorr result,freq=1284109890.1098902,peak=0.0703953318297863,peak2=0.05340084061026573,lag_off=-1.0,confirmed=False
2026-04-24T17:25:21.159720,AUTOCORR_SAMPLE,Per-buffer autocorr result,freq=1284109890.1098902,peak=0.04082499444484711,peak2=0.0424082987010479,lag_off=1.0,confirmed=False
2026-04-24T17:25:21.160784,AUTOCORR_SAMPLE,Per-buffer autocorr result,freq=1284109890.1098902,peak=0.013261772459372878,peak2=0.022161241387948394,lag_off=-2.0,confirmed=False
2026-04-24T17:25:21.164326,AUTOCORR_SAMPLE,Per-buffer autocorr result,freq=1284109890.1098902,peak=0.10665571503341198,peak2=0.03631412982940674,lag_off=-6.0,confirmed=False
2026-04-24T17:25:21.168096,AUTOCORR_SAMPLE,Per-buffer autocorr result,freq=1284109890.1098902,peak=0.11709798686206341,peak2=0.017544728703796864,lag_off=-4.0,confirmed=False
2026-04-24T17:25:21.171680,AUTOCORR_SAMPLE,Per-buffer autocorr result,freq=1284109890.1098902,peak=0.035649994388222694,peak2=-0.00956009142100811,lag_off=0.0,confirmed=False
2026-04-24T17:25:21.172882,AUTOCORR_SAMPLE,Per-buffer autocorr result,freq=1284109890.1098902,peak=0.09197774436324835,peak2=0.01939735794439912,lag_off=-1.0,confirmed=False
2026-04-24T17:25:21.176363,AUTOCORR_SAMPLE,Per-buffer autocorr result,freq=1284109890.1098902,peak=0.03796273656189442,peak2=-0.02772949216887355,lag_off=-6.0,confirmed=False
2026-04-24T17:25:21.177616,AUTOCORR_SAMPLE,Per-buffer autocorr result,freq=1284109890.1098902,peak=0.07444519642740488,peak2=0.03651160839945078,lag_off=-1.0,confirmed=False
2026-04-24T17:25:21.181056,AUTOCORR_SAMPLE,Per-buffer autocorr result,freq=1284109890.1098902,peak=0.1288514919579029,peak2=0.015537077124463394,lag_off=-3.0,confirmed=False
2026-04-24T17:25:21.181144,AUTOCORR_RESULT,autocorr classification,freq=1284109890.1098902,votes=0,total=10,score=0.0,confirmed=False
2026-04-24T17:25:21.785943,AUTOCORR_SAMPLE,Per-buffer autocorr result,freq=1714859584.8595848,peak=0.04193331953138113,peak2=0.03788003046065569,lag_off=4.0,confirmed=False
2026-04-24T17:25:21.788797,AUTOCORR_SAMPLE,Per-buffer autocorr result,freq=1714859584.8595848,peak=0.009653601795434952,peak2=-0.07275106571614742,lag_off=-6.0,confirmed=False
2026-04-24T17:25:21.789662,AUTOCORR_SAMPLE,Per-buffer autocorr result,freq=1714859584.8595848,peak=0.03438751678913832,peak2=0.007852478884160519,lag_off=0.0,confirmed=False
2026-04-24T17:25:21.792240,AUTOCORR_SAMPLE,Per-buffer autocorr result,freq=1714859584.8595848,peak=0.2045196583494544,peak2=0.06580477859824896,lag_off=0.0,confirmed=False
2026-04-24T17:25:21.793094,AUTOCORR_SAMPLE,Per-buffer autocorr result,freq=1714859584.8595848,peak=0.010063168134365696,peak2=0.0031079154068720527,lag_off=-1.0,confirmed=False
2026-04-24T17:25:21.795721,AUTOCORR_SAMPLE,Per-buffer autocorr result,freq=1714859584.8595848,peak=-0.012554600834846497,peak2=-0.07776468247175217,lag_off=4.0,confirmed=False
2026-04-24T17:25:21.796588,AUTOCORR_SAMPLE,Per-buffer autocorr result,freq=1714859584.8595848,peak=-0.05972053483128548,peak2=-0.015350379049777985,lag_off=-6.0,confirmed=False
2026-04-24T17:25:21.799132,AUTOCORR_SAMPLE,Per-buffer autocorr result,freq=1714859584.8595848,peak=0.030537739396095276,peak2=-0.06260576471686363,lag_off=-5.0,confirmed=False
2026-04-24T17:25:21.799988,AUTOCORR_SAMPLE,Per-buffer autocorr result,freq=1714859584.8595848,peak=-0.0014983993023633957,peak2=-0.013215662213042378,lag_off=5.0,confirmed=False
2026-04-24T17:25:21.802670,AUTOCORR_SAMPLE,Per-buffer autocorr result,freq=1714859584.8595848,peak=0.10855963220819831,peak2=0.1461975290440023,lag_off=2.0,confirmed=False
2026-04-24T17:25:21.802816,AUTOCORR_RESULT,autocorr classification,freq=1714859584.8595848,votes=0,total=10,score=0.0,confirmed=False
2026-04-24T17:25:22.014081,AUTOCORR_SAMPLE,Per-buffer autocorr result,freq=1807807081.8070817,peak=0.14959881827235222,peak2=0.19783034548163414,lag_off=6.0,confirmed=False
2026-04-24T17:25:22.022342,AUTOCORR_SAMPLE,Per-buffer autocorr result,freq=1807807081.8070817,peak=0.06442902935668826,peak2=0.07167498348280787,lag_off=5.0,confirmed=False
2026-04-24T17:25:22.023203,AUTOCORR_SAMPLE,Per-buffer autocorr result,freq=1807807081.8070817,peak=0.044451862340793014,peak2=0.000557801453396678,lag_off=4.0,confirmed=False
2026-04-24T17:25:22.030286,AUTOCORR_SAMPLE,Per-buffer autocorr result,freq=1807807081.8070817,peak=0.0015062532620504498,peak2=-0.006472885375842452,lag_off=6.0,confirmed=False
2026-04-24T17:25:22.049350,AUTOCORR_SAMPLE,Per-buffer autocorr result,freq=1807807081.8070817,peak=0.11855903454124928,peak2=0.016741406172513962,lag_off=6.0,confirmed=False
2026-04-24T17:25:22.050313,AUTOCORR_SAMPLE,Per-buffer autocorr result,freq=1807807081.8070817,peak=-0.3738868199288845,peak2=-0.6053513139486313,lag_off=-6.0,confirmed=False
2026-04-24T17:25:22.051103,AUTOCORR_SAMPLE,Per-buffer autocorr result,freq=1807807081.8070817,peak=0.12046665186062455,peak2=0.0867833667434752,lag_off=3.0,confirmed=False
2026-04-24T17:25:22.071693,AUTOCORR_SAMPLE,Per-buffer autocorr result,freq=1807807081.8070817,peak=-0.044303685426712036,peak2=-0.3061370700597763,lag_off=-6.0,confirmed=False
2026-04-24T17:25:22.093942,AUTOCORR_SAMPLE,Per-buffer autocorr result,freq=1807807081.8070817,peak=-0.2594256214797497,peak2=-0.3498057872056961,lag_off=-6.0,confirmed=False
2026-04-24T17:25:22.095075,AUTOCORR_SAMPLE,Per-buffer autocorr result,freq=1807807081.8070817,peak=-0.005303212441504002,peak2=-0.020925805903971195,lag_off=-4.0,confirmed=False
2026-04-24T17:25:22.110949,AUTOCORR_RESULT,autocorr classification,freq=1807807081.8070817,votes=0,total=10,score=0.0,confirmed=False
2026-04-24T17:25:22.238889,AUTOCORR_SAMPLE,Per-buffer autocorr result,freq=1827943833.9438338,peak=-0.044303685426712036,peak2=-0.3061370700597763,lag_off=-6.0,confirmed=False
2026-04-24T17:25:22.251137,AUTOCORR_SAMPLE,Per-buffer autocorr result,freq=1827943833.9438338,peak=-0.30574365705251694,peak2=-0.5459887236356735,lag_off=-6.0,confirmed=False
2026-04-24T17:25:22.251857,AUTOCORR_SAMPLE,Per-buffer autocorr result,freq=1827943833.9438338,peak=0.15875881165266037,peak2=0.057795580476522446,lag_off=6.0,confirmed=False
2026-04-24T17:25:22.252387,AUTOCORR_SAMPLE,Per-buffer autocorr result,freq=1827943833.9438338,peak=-0.12505275080911815,peak2=-0.19437701255083084,lag_off=3.0,confirmed=False
2026-04-24T17:25:22.252915,AUTOCORR_SAMPLE,Per-buffer autocorr result,freq=1827943833.9438338,peak=0.07809836696833372,peak2=0.027186068706214428,lag_off=-3.0,confirmed=False
2026-04-24T17:25:22.253421,AUTOCORR_SAMPLE,Per-buffer autocorr result,freq=1827943833.9438338,peak=0.050795286893844604,peak2=-0.027200642973184586,lag_off=1.0,confirmed=False
2026-04-24T17:25:22.253936,AUTOCORR_SAMPLE,Per-buffer autocorr result,freq=1827943833.9438338,peak=0.14180018566548824,peak2=0.05475571192800999,lag_off=0.0,confirmed=False
2026-04-24T17:25:22.254430,AUTOCORR_SAMPLE,Per-buffer autocorr result,freq=1827943833.9438338,peak=-0.2523466795682907,peak2=-0.5340587198734283,lag_off=-5.0,confirmed=False
2026-04-24T17:25:22.254925,AUTOCORR_SAMPLE,Per-buffer autocorr result,freq=1827943833.9438338,peak=0.16003800556063652,peak2=0.042216427624225616,lag_off=-5.0,confirmed=False
2026-04-24T17:25:22.255441,AUTOCORR_SAMPLE,Per-buffer autocorr result,freq=1827943833.9438338,peak=0.08301119413226843,peak2=0.04288946744054556,lag_off=1.0,confirmed=False
2026-04-24T17:25:22.255485,AUTOCORR_RESULT,autocorr classification,freq=1827943833.9438338,votes=0,total=10,score=0.0,confirmed=False
2026-04-24T17:25:22.402419,AUTOCORR_SAMPLE,Per-buffer autocorr result,freq=1832488400.4884005,peak=0.15875881165266037,peak2=0.057795580476522446,lag_off=6.0,confirmed=False
2026-04-24T17:25:22.408528,AUTOCORR_SAMPLE,Per-buffer autocorr result,freq=1832488400.4884005,peak=0.05700618773698807,peak2=0.056246401742100716,lag_off=0.0,confirmed=False
2026-04-24T17:25:22.409686,AUTOCORR_SAMPLE,Per-buffer autocorr result,freq=1832488400.4884005,peak=-0.08014475414529443,peak2=-0.11891699954867363,lag_off=-4.0,confirmed=False
2026-04-24T17:25:22.414120,AUTOCORR_SAMPLE,Per-buffer autocorr result,freq=1832488400.4884005,peak=-0.3616657070815563,peak2=-0.5429491847753525,lag_off=3.0,confirmed=False
2026-04-24T17:25:22.417619,AUTOCORR_SAMPLE,Per-buffer autocorr result,freq=1832488400.4884005,peak=-0.13490319810807705,peak2=0.07998267747461796,lag_off=-6.0,confirmed=False
2026-04-24T17:25:22.418501,AUTOCORR_SAMPLE,Per-buffer autocorr result,freq=1832488400.4884005,peak=-0.14624204486608505,peak2=-0.2672928497195244,lag_off=-1.0,confirmed=False
2026-04-24T17:25:22.419169,AUTOCORR_SAMPLE,Per-buffer autocorr result,freq=1832488400.4884005,peak=0.07181580411270261,peak2=0.0772711937315762,lag_off=-2.0,confirmed=False
2026-04-24T17:25:22.422602,AUTOCORR_SAMPLE,Per-buffer autocorr result,freq=1832488400.4884005,peak=-0.002450237050652504,peak2=-0.03394426591694355,lag_off=-6.0,confirmed=False
2026-04-24T17:25:22.425821,AUTOCORR_SAMPLE,Per-buffer autocorr result,freq=1832488400.4884005,peak=0.10344166762661189,peak2=0.05571219779085368,lag_off=4.0,confirmed=False
2026-04-24T17:25:22.426656,AUTOCORR_SAMPLE,Per-buffer autocorr result,freq=1832488400.4884005,peak=0.14148440770804882,peak2=0.02996007539331913,lag_off=-6.0,confirmed=False
2026-04-24T17:25:22.426709,AUTOCORR_RESULT,autocorr classification,freq=1832488400.4884005,votes=0,total=10,score=0.0,confirmed=False
2026-04-24T17:25:22.452876,AUTOCORR_SAMPLE,Per-buffer autocorr result,freq=1856840048.8400488,peak=0.10344166762661189,peak2=0.05571219779085368,lag_off=4.0,confirmed=False
2026-04-24T17:25:22.453748,AUTOCORR_SAMPLE,Per-buffer autocorr result,freq=1856840048.8400488,peak=0.09192246524617076,peak2=0.06944726733490825,lag_off=0.0,confirmed=False
2026-04-24T17:25:22.467024,AUTOCORR_SAMPLE,Per-buffer autocorr result,freq=1856840048.8400488,peak=-0.04741079639643431,peak2=-0.04228805564343929,lag_off=-5.0,confirmed=False
2026-04-24T17:25:22.478503,AUTOCORR_SAMPLE,Per-buffer autocorr result,freq=1856840048.8400488,peak=0.019598620012402534,peak2=0.07581350021064281,lag_off=5.0,confirmed=False
2026-04-24T17:25:22.479381,AUTOCORR_SAMPLE,Per-buffer autocorr result,freq=1856840048.8400488,peak=0.03431820194236934,peak2=0.040072721196338534,lag_off=6.0,confirmed=False
2026-04-24T17:25:22.485985,AUTOCORR_SAMPLE,Per-buffer autocorr result,freq=1856840048.8400488,peak=0.14511427748948336,peak2=0.09080115426331758,lag_off=-4.0,confirmed=False
2026-04-24T17:25:22.491788,AUTOCORR_SAMPLE,Per-buffer autocorr result,freq=1856840048.8400488,peak=0.09614660870283842,peak2=0.06523772235959768,lag_off=-3.0,confirmed=False
2026-04-24T17:25:22.497677,AUTOCORR_SAMPLE,Per-buffer autocorr result,freq=1856840048.8400488,peak=0.06088319537229836,peak2=0.06293449294753373,lag_off=1.0,confirmed=False
2026-04-24T17:25:22.502734,AUTOCORR_SAMPLE,Per-buffer autocorr result,freq=1856840048.8400488,peak=0.09314138535410166,peak2=0.07115250173956156,lag_off=-1.0,confirmed=False
2026-04-24T17:25:22.503730,AUTOCORR_SAMPLE,Per-buffer autocorr result,freq=1856840048.8400488,peak=0.1287840222939849,peak2=0.06907381024211645,lag_off=5.0,confirmed=False
2026-04-24T17:25:22.503781,AUTOCORR_RESULT,autocorr classification,freq=1856840048.8400488,votes=0,total=10,score=0.0,confirmed=False
2026-04-24T17:25:22.518534,AUTOCORR_SAMPLE,Per-buffer autocorr result,freq=1875128205.128205,peak=0.09192246524617076,peak2=0.06944726733490825,lag_off=0.0,confirmed=False
2026-04-24T17:25:22.523634,AUTOCORR_SAMPLE,Per-buffer autocorr result,freq=1875128205.128205,peak=0.07027914561331272,peak2=0.06601393781602383,lag_off=-4.0,confirmed=False
2026-04-24T17:25:22.528017,AUTOCORR_SAMPLE,Per-buffer autocorr result,freq=1875128205.128205,peak=0.07031151838600636,peak2=0.05643663741648197,lag_off=-4.0,confirmed=False
2026-04-24T17:25:22.528721,AUTOCORR_SAMPLE,Per-buffer autocorr result,freq=1875128205.128205,peak=0.12528661079704762,peak2=0.009276103228330612,lag_off=6.0,confirmed=False
2026-04-24T17:25:22.529325,AUTOCORR_SAMPLE,Per-buffer autocorr result,freq=1875128205.128205,peak=0.11455842852592468,peak2=0.010784570127725601,lag_off=-4.0,confirmed=False
2026-04-24T17:25:22.533094,AUTOCORR_SAMPLE,Per-buffer autocorr result,freq=1875128205.128205,peak=0.09521004557609558,peak2=-0.11562085058540106,lag_off=-4.0,confirmed=False
2026-04-24T17:25:22.536690,AUTOCORR_SAMPLE,Per-buffer autocorr result,freq=1875128205.128205,peak=0.2287137433886528,peak2=0.08764287084341049,lag_off=-4.0,confirmed=False
2026-04-24T17:25:22.537786,AUTOCORR_SAMPLE,Per-buffer autocorr result,freq=1875128205.128205,peak=0.1642356514930725,peak2=0.04642998427152634,lag_off=-4.0,confirmed=False
2026-04-24T17:25:22.538331,AUTOCORR_SAMPLE,Per-buffer autocorr result,freq=1875128205.128205,peak=0.06685947254300117,peak2=0.13661008328199387,lag_off=3.0,confirmed=False
2026-04-24T17:25:22.538945,AUTOCORR_SAMPLE,Per-buffer autocorr result,freq=1875128205.128205,peak=0.13536903262138367,peak2=-0.025446802377700806,lag_off=1.0,confirmed=False
2026-04-24T17:25:22.542380,AUTOCORR_RESULT,autocorr classification,freq=1875128205.128205,votes=0,total=10,score=0.0,confirmed=False
2026-04-24T17:25:22.559016,AUTOCORR_SAMPLE,Per-buffer autocorr result,freq=1895391941.3919413,peak=0.07027914561331272,peak2=0.06601393781602383,lag_off=-4.0,confirmed=False
2026-04-24T17:25:22.561618,AUTOCORR_SAMPLE,Per-buffer autocorr result,freq=1895391941.3919413,peak=0.13082623411901295,peak2=0.06001342763192952,lag_off=6.0,confirmed=False
2026-04-24T17:25:22.563910,AUTOCORR_SAMPLE,Per-buffer autocorr result,freq=1895391941.3919413,peak=0.08397496468387544,peak2=0.05201872787438333,lag_off=2.0,confirmed=False
2026-04-24T17:25:22.564645,AUTOCORR_SAMPLE,Per-buffer autocorr result,freq=1895391941.3919413,peak=0.06706422474235296,peak2=0.047637815587222576,lag_off=-4.0,confirmed=False
2026-04-24T17:25:22.565234,AUTOCORR_SAMPLE,Per-buffer autocorr result,freq=1895391941.3919413,peak=0.016710637602955103,peak2=0.022704167757183313,lag_off=5.0,confirmed=False
2026-04-24T17:25:22.567843,AUTOCORR_SAMPLE,Per-buffer autocorr result,freq=1895391941.3919413,peak=0.0646636737510562,peak2=0.11740127485245466,lag_off=1.0,confirmed=False
2026-04-24T17:25:22.570756,AUTOCORR_SAMPLE,Per-buffer autocorr result,freq=1895391941.3919413,peak=0.04865210107527673,peak2=0.018418580060824752,lag_off=-2.0,confirmed=False
2026-04-24T17:25:22.573169,AUTOCORR_SAMPLE,Per-buffer autocorr result,freq=1895391941.3919413,peak=0.10057486966252327,peak2=0.034960662946105,lag_off=2.0,confirmed=False
2026-04-24T17:25:22.573796,AUTOCORR_SAMPLE,Per-buffer autocorr result,freq=1895391941.3919413,peak=0.07583968713879585,peak2=0.06518599763512611,lag_off=5.0,confirmed=False
2026-04-24T17:25:22.574362,AUTOCORR_SAMPLE,Per-buffer autocorr result,freq=1895391941.3919413,peak=0.04562596092000604,peak2=0.020979406777769327,lag_off=-1.0,confirmed=False
2026-04-24T17:25:22.574529,AUTOCORR_RESULT,autocorr classification,freq=1895391941.3919413,votes=0,total=10,score=0.0,confirmed=False
2026-04-24T17:25:22.965984,AUTOCORR_SAMPLE,Per-buffer autocorr result,freq=2112783882.7838829,peak=0.051445416174829006,peak2=0.027181855402886868,lag_off=4.0,confirmed=False
2026-04-24T17:25:22.970814,AUTOCORR_SAMPLE,Per-buffer autocorr result,freq=2112783882.7838829,peak=0.10836935136467218,peak2=0.07593480590730906,lag_off=-5.0,confirmed=False
2026-04-24T17:25:22.975024,AUTOCORR_SAMPLE,Per-buffer autocorr result,freq=2112783882.7838829,peak=0.0392114631831646,peak2=0.09156835451722145,lag_off=4.0,confirmed=False
2026-04-24T17:25:22.975763,AUTOCORR_SAMPLE,Per-buffer autocorr result,freq=2112783882.7838829,peak=0.11767669022083282,peak2=0.10000383108854294,lag_off=-3.0,confirmed=False
2026-04-24T17:25:22.978559,AUTOCORR_SAMPLE,Per-buffer autocorr result,freq=2112783882.7838829,peak=0.13607249408960342,peak2=0.0449640192091465,lag_off=5.0,confirmed=False
2026-04-24T17:25:22.979414,AUTOCORR_SAMPLE,Per-buffer autocorr result,freq=2112783882.7838829,peak=0.15331378020346165,peak2=0.08855568058788776,lag_off=5.0,confirmed=False
2026-04-24T17:25:22.982223,AUTOCORR_SAMPLE,Per-buffer autocorr result,freq=2112783882.7838829,peak=0.09030367434024811,peak2=0.04383497312664986,lag_off=4.0,confirmed=False
2026-04-24T17:25:22.982891,AUTOCORR_SAMPLE,Per-buffer autocorr result,freq=2112783882.7838829,peak=0.08456452190876007,peak2=0.06061119586229324,lag_off=4.0,confirmed=False
2026-04-24T17:25:22.985888,AUTOCORR_SAMPLE,Per-buffer autocorr result,freq=2112783882.7838829,peak=0.10599225014448166,peak2=0.07424214482307434,lag_off=5.0,confirmed=False
2026-04-24T17:25:22.986618,AUTOCORR_SAMPLE,Per-buffer autocorr result,freq=2112783882.7838829,peak=0.11402320768684149,peak2=0.05790721159428358,lag_off=5.0,confirmed=False
2026-04-24T17:25:22.986750,AUTOCORR_RESULT,autocorr classification,freq=2112783882.7838829,votes=0,total=10,score=0.0,confirmed=False
2026-04-24T17:25:23.068749,AUTOCORR_SAMPLE,Per-buffer autocorr result,freq=2144095238.0952382,peak=0.09030367434024811,peak2=0.04383497312664986,lag_off=4.0,confirmed=False
2026-04-24T17:25:23.069555,AUTOCORR_SAMPLE,Per-buffer autocorr result,freq=2144095238.0952382,peak=-0.013355225324630737,peak2=-0.2659672945737839,lag_off=-3.0,confirmed=False
2026-04-24T17:25:23.073705,AUTOCORR_SAMPLE,Per-buffer autocorr result,freq=2144095238.0952382,peak=-0.15502775833010674,peak2=-0.329860121011734,lag_off=-6.0,confirmed=False
2026-04-24T17:25:23.074466,AUTOCORR_SAMPLE,Per-buffer autocorr result,freq=2144095238.0952382,peak=0.19256986677646637,peak2=0.18162517249584198,lag_off=3.0,confirmed=False
2026-04-24T17:25:23.077946,AUTOCORR_SAMPLE,Per-buffer autocorr result,freq=2144095238.0952382,peak=-0.08713999576866627,peak2=-0.10969547927379608,lag_off=3.0,confirmed=False
2026-04-24T17:25:23.078860,AUTOCORR_SAMPLE,Per-buffer autocorr result,freq=2144095238.0952382,peak=0.10855671763420105,peak2=0.08010198175907135,lag_off=-4.0,confirmed=False
2026-04-24T17:25:23.082562,AUTOCORR_SAMPLE,Per-buffer autocorr result,freq=2144095238.0952382,peak=0.0700190756469965,peak2=0.11972294934093952,lag_off=-2.0,confirmed=False
2026-04-24T17:25:23.086597,AUTOCORR_SAMPLE,Per-buffer autocorr result,freq=2144095238.0952382,peak=0.007526139845140278,peak2=-0.03090401692315936,lag_off=3.0,confirmed=False
2026-04-24T17:25:23.087383,AUTOCORR_SAMPLE,Per-buffer autocorr result,freq=2144095238.0952382,peak=-0.07122398540377617,peak2=-0.11986709106713533,lag_off=-1.0,confirmed=False
2026-04-24T17:25:23.091318,AUTOCORR_SAMPLE,Per-buffer autocorr result,freq=2144095238.0952382,peak=-0.17299824208021164,peak2=0.013249151408672333,lag_off=2.0,confirmed=False
2026-04-24T17:25:23.091385,AUTOCORR_RESULT,autocorr classification,freq=2144095238.0952382,votes=0,total=10,score=0.0,confirmed=False
2026-04-24T17:25:23.109129,AUTOCORR_SAMPLE,Per-buffer autocorr result,freq=2164324786.324786,peak=0.0700190756469965,peak2=0.11972294934093952,lag_off=-2.0,confirmed=False
2026-04-24T17:25:23.109905,AUTOCORR_SAMPLE,Per-buffer autocorr result,freq=2164324786.324786,peak=0.045409166341414675,peak2=0.06994310495792888,lag_off=6.0,confirmed=False
2026-04-24T17:25:23.112515,AUTOCORR_SAMPLE,Per-buffer autocorr result,freq=2164324786.324786,peak=0.11142140766605735,peak2=0.09717373689636588,lag_off=-3.0,confirmed=False
2026-04-24T17:25:23.113421,AUTOCORR_SAMPLE,Per-buffer autocorr result,freq=2164324786.324786,peak=0.08358361385762691,peak2=0.0633614081889391,lag_off=-6.0,confirmed=False
2026-04-24T17:25:23.116284,AUTOCORR_SAMPLE,Per-buffer autocorr result,freq=2164324786.324786,peak=0.09836637787520885,peak2=0.08604606054723263,lag_off=2.0,confirmed=False
2026-04-24T17:25:23.120158,AUTOCORR_SAMPLE,Per-buffer autocorr result,freq=2164324786.324786,peak=0.14460961520671844,peak2=0.07441678643226624,lag_off=-2.0,confirmed=False
2026-04-24T17:25:23.121101,AUTOCORR_SAMPLE,Per-buffer autocorr result,freq=2164324786.324786,peak=0.09232716396218166,peak2=0.053742175397928804,lag_off=3.0,confirmed=False
2026-04-24T17:25:23.125921,AUTOCORR_SAMPLE,Per-buffer autocorr result,freq=2164324786.324786,peak=0.11055127996951342,peak2=0.09381349850445986,lag_off=-5.0,confirmed=False
2026-04-24T17:25:23.132146,AUTOCORR_SAMPLE,Per-buffer autocorr result,freq=2164324786.324786,peak=0.10918652825057507,peak2=0.05285371653735638,lag_off=0.0,confirmed=False
2026-04-24T17:25:23.137994,AUTOCORR_SAMPLE,Per-buffer autocorr result,freq=2164324786.324786,peak=0.1314936988055706,peak2=0.08273910358548164,lag_off=-3.0,confirmed=False
2026-04-24T17:25:23.138141,AUTOCORR_RESULT,autocorr classification,freq=2164324786.324786,votes=0,total=10,score=0.0,confirmed=False
2026-04-24T17:25:23.250384,AUTOCORR_SAMPLE,Per-buffer autocorr result,freq=2186766788.766789,peak=0.045409166341414675,peak2=0.06994310495792888,lag_off=6.0,confirmed=False
2026-04-24T17:25:23.261631,AUTOCORR_SAMPLE,Per-buffer autocorr result,freq=2186766788.766789,peak=0.11246613599359989,peak2=0.0649136621505022,lag_off=-6.0,confirmed=False
2026-04-24T17:25:23.263558,AUTOCORR_SAMPLE,Per-buffer autocorr result,freq=2186766788.766789,peak=0.19080734811723232,peak2=0.045554326847195625,lag_off=3.0,confirmed=False
2026-04-24T17:25:23.274459,AUTOCORR_SAMPLE,Per-buffer autocorr result,freq=2186766788.766789,peak=0.06759127648547292,peak2=0.04641394363716245,lag_off=-1.0,confirmed=False
2026-04-24T17:25:23.277485,AUTOCORR_SAMPLE,Per-buffer autocorr result,freq=2186766788.766789,peak=0.15006256382912397,peak2=0.1507772533223033,lag_off=-5.0,confirmed=False
2026-04-24T17:25:23.289947,AUTOCORR_SAMPLE,Per-buffer autocorr result,freq=2186766788.766789,peak=0.0912332134321332,peak2=0.0612680921331048,lag_off=-5.0,confirmed=False
2026-04-24T17:25:23.296118,AUTOCORR_SAMPLE,Per-buffer autocorr result,freq=2186766788.766789,peak=0.06882438343018293,peak2=0.06789666693657637,lag_off=3.0,confirmed=False
2026-04-24T17:25:23.301789,AUTOCORR_SAMPLE,Per-buffer autocorr result,freq=2186766788.766789,peak=0.015016424935311079,peak2=0.1216078526340425,lag_off=-1.0,confirmed=False
2026-04-24T17:25:23.307744,AUTOCORR_SAMPLE,Per-buffer autocorr result,freq=2186766788.766789,peak=0.08169346873182803,peak2=0.029950160649605095,lag_off=-3.0,confirmed=False
2026-04-24T17:25:23.314016,AUTOCORR_SAMPLE,Per-buffer autocorr result,freq=2186766788.766789,peak=0.0585762012633495,peak2=0.030042118567507714,lag_off=6.0,confirmed=False
2026-04-24T17:25:23.314121,AUTOCORR_RESULT,autocorr classification,freq=2186766788.766789,votes=0,total=10,score=0.0,confirmed=False
2026-04-24T17:25:23.339980,AUTOCORR_SAMPLE,Per-buffer autocorr result,freq=2207311355.3113556,peak=0.0912332134321332,peak2=0.0612680921331048,lag_off=-5.0,confirmed=False
2026-04-24T17:25:23.342531,AUTOCORR_SAMPLE,Per-buffer autocorr result,freq=2207311355.3113556,peak=0.139037880115211,peak2=0.04273014049977064,lag_off=-2.0,confirmed=False
2026-04-24T17:25:23.343427,AUTOCORR_SAMPLE,Per-buffer autocorr result,freq=2207311355.3113556,peak=0.08242352097295225,peak2=0.0927717515733093,lag_off=2.0,confirmed=False
2026-04-24T17:25:23.345875,AUTOCORR_SAMPLE,Per-buffer autocorr result,freq=2207311355.3113556,peak=0.11853976198472083,peak2=0.09370658197440207,lag_off=2.0,confirmed=False
2026-04-24T17:25:23.346734,AUTOCORR_SAMPLE,Per-buffer autocorr result,freq=2207311355.3113556,peak=0.046082690358161926,peak2=0.08466243743896484,lag_off=-5.0,confirmed=False
2026-04-24T17:25:23.349149,AUTOCORR_SAMPLE,Per-buffer autocorr result,freq=2207311355.3113556,peak=0.07627259939908981,peak2=0.07468577474355698,lag_off=3.0,confirmed=False
2026-04-24T17:25:23.349938,AUTOCORR_SAMPLE,Per-buffer autocorr result,freq=2207311355.3113556,peak=0.13859186903573573,peak2=0.11609481112100184,lag_off=2.0,confirmed=False
2026-04-24T17:25:23.352517,AUTOCORR_SAMPLE,Per-buffer autocorr result,freq=2207311355.3113556,peak=0.07319225277751684,peak2=0.07046847697347403,lag_off=0.0,confirmed=False
2026-04-24T17:25:23.353226,AUTOCORR_SAMPLE,Per-buffer autocorr result,freq=2207311355.3113556,peak=0.0740546106826514,peak2=0.043950919760391116,lag_off=1.0,confirmed=False
2026-04-24T17:25:23.355830,AUTOCORR_SAMPLE,Per-buffer autocorr result,freq=2207311355.3113556,peak=0.14726962166605517,peak2=0.09760615247068927,lag_off=0.0,confirmed=False
2026-04-24T17:25:23.355918,AUTOCORR_RESULT,autocorr classification,freq=2207311355.3113556,votes=0,total=10,score=0.0,confirmed=False
2026-04-24T17:25:23.667791,AUTOCORR_SAMPLE,Per-buffer autocorr result,freq=2414161172.1611724,peak=0.039304020232521,peak2=0.05587585491593927,lag_off=-5.0,confirmed=False
2026-04-24T17:25:23.670672,AUTOCORR_SAMPLE,Per-buffer autocorr result,freq=2414161172.1611724,peak=0.07378127332776785,peak2=0.019045518711209297,lag_off=5.0,confirmed=False
2026-04-24T17:25:23.673666,AUTOCORR_SAMPLE,Per-buffer autocorr result,freq=2414161172.1611724,peak=0.04009162960574031,peak2=0.17938860831782222,lag_off=5.0,confirmed=False
2026-04-24T17:25:23.674456,AUTOCORR_SAMPLE,Per-buffer autocorr result,freq=2414161172.1611724,peak=0.078176494454965,peak2=0.10449293605051935,lag_off=-6.0,confirmed=False
2026-04-24T17:25:23.676853,AUTOCORR_SAMPLE,Per-buffer autocorr result,freq=2414161172.1611724,peak=0.09400705527514219,peak2=0.09566697012633085,lag_off=4.0,confirmed=False
2026-04-24T17:25:23.677733,AUTOCORR_SAMPLE,Per-buffer autocorr result,freq=2414161172.1611724,peak=-0.446478471159935,peak2=-0.5415326654911041,lag_off=-5.0,confirmed=False
2026-04-24T17:25:23.680209,AUTOCORR_SAMPLE,Per-buffer autocorr result,freq=2414161172.1611724,peak=0.09935655444860458,peak2=0.056915946304798126,lag_off=-4.0,confirmed=False
2026-04-24T17:25:23.682929,AUTOCORR_SAMPLE,Per-buffer autocorr result,freq=2414161172.1611724,peak=0.0801798989996314,peak2=0.07836907263845205,lag_off=-3.0,confirmed=False
2026-04-24T17:25:23.684003,AUTOCORR_SAMPLE,Per-buffer autocorr result,freq=2414161172.1611724,peak=0.12553461245261133,peak2=0.08386949799023569,lag_off=-5.0,confirmed=False
2026-04-24T17:25:23.686553,AUTOCORR_SAMPLE,Per-buffer autocorr result,freq=2414161172.1611724,peak=0.11268635746091604,peak2=0.09444912429898977,lag_off=6.0,confirmed=False
2026-04-24T17:25:23.686640,AUTOCORR_RESULT,autocorr classification,freq=2414161172.1611724,votes=0,total=10,score=0.0,confirmed=False
2026-04-24T17:25:23.728901,AUTOCORR_SAMPLE,Per-buffer autocorr result,freq=2462312576.3125763,peak=0.13689392246305943,peak2=0.0776227954775095,lag_off=5.0,confirmed=False
2026-04-24T17:25:23.731104,AUTOCORR_SAMPLE,Per-buffer autocorr result,freq=2462312576.3125763,peak=0.004066003893967718,peak2=-0.0007539363577961922,lag_off=3.0,confirmed=False
2026-04-24T17:25:23.731944,AUTOCORR_SAMPLE,Per-buffer autocorr result,freq=2462312576.3125763,peak=0.055614529410377145,peak2=0.0663965588901192,lag_off=-4.0,confirmed=False
2026-04-24T17:25:23.734194,AUTOCORR_SAMPLE,Per-buffer autocorr result,freq=2462312576.3125763,peak=0.1434037070721388,peak2=0.08275186829268932,lag_off=0.0,confirmed=False
2026-04-24T17:25:23.734910,AUTOCORR_SAMPLE,Per-buffer autocorr result,freq=2462312576.3125763,peak=0.13427206967025995,peak2=0.024785988964140415,lag_off=2.0,confirmed=False
2026-04-24T17:25:23.737251,AUTOCORR_SAMPLE,Per-buffer autocorr result,freq=2462312576.3125763,peak=-0.25711681321263313,peak2=-0.30306755006313324,lag_off=-5.0,confirmed=False
2026-04-24T17:25:23.737993,AUTOCORR_SAMPLE,Per-buffer autocorr result,freq=2462312576.3125763,peak=0.15641319146379828,peak2=0.08550132950767875,lag_off=3.0,confirmed=False
2026-04-24T17:25:23.740700,AUTOCORR_SAMPLE,Per-buffer autocorr result,freq=2462312576.3125763,peak=0.13144702091813087,peak2=0.10673655197024345,lag_off=5.0,confirmed=False
2026-04-24T17:25:23.741298,AUTOCORR_SAMPLE,Per-buffer autocorr result,freq=2462312576.3125763,peak=0.12602711142972112,peak2=0.07210724474862218,lag_off=-1.0,confirmed=False
2026-04-24T17:25:23.743737,AUTOCORR_SAMPLE,Per-buffer autocorr result,freq=2462312576.3125763,peak=0.06580194772686809,peak2=0.02970760443713516,lag_off=-1.0,confirmed=False
2026-04-24T17:25:23.743868,AUTOCORR_RESULT,autocorr classification,freq=2462312576.3125763,votes=0,total=10,score=0.0,confirmed=False
2026-04-24T17:25:24.033356,AUTOCORR_SAMPLE,Per-buffer autocorr result,freq=2645125763.125763,peak=0.06334902066737413,peak2=0.01096559688448906,lag_off=0.0,confirmed=False
2026-04-24T17:25:24.043148,AUTOCORR_SAMPLE,Per-buffer autocorr result,freq=2645125763.125763,peak=-0.02158170845359564,peak2=0.005592899397015572,lag_off=-5.0,confirmed=False
2026-04-24T17:25:24.052287,AUTOCORR_SAMPLE,Per-buffer autocorr result,freq=2645125763.125763,peak=-0.008877657353878021,peak2=-0.13033334538340569,lag_off=-6.0,confirmed=False
2026-04-24T17:25:24.053355,AUTOCORR_SAMPLE,Per-buffer autocorr result,freq=2645125763.125763,peak=-0.015773367136716843,peak2=-0.07238506153225899,lag_off=-4.0,confirmed=False
2026-04-24T17:25:24.059902,AUTOCORR_SAMPLE,Per-buffer autocorr result,freq=2645125763.125763,peak=-0.191338618285954,peak2=-0.22681492194533348,lag_off=-6.0,confirmed=False
2026-04-24T17:25:24.060704,AUTOCORR_SAMPLE,Per-buffer autocorr result,freq=2645125763.125763,peak=-0.010681487619876862,peak2=-0.12842389568686485,lag_off=-3.0,confirmed=False
2026-04-24T17:25:24.066729,AUTOCORR_SAMPLE,Per-buffer autocorr result,freq=2645125763.125763,peak=-0.17226826027035713,peak2=-0.36645786464214325,lag_off=4.0,confirmed=False
2026-04-24T17:25:24.067596,AUTOCORR_SAMPLE,Per-buffer autocorr result,freq=2645125763.125763,peak=-0.01059287041425705,peak2=-0.1298348605632782,lag_off=-6.0,confirmed=False
2026-04-24T17:25:24.076053,AUTOCORR_SAMPLE,Per-buffer autocorr result,freq=2645125763.125763,peak=0.024935495108366013,peak2=0.010993335396051407,lag_off=0.0,confirmed=False
2026-04-24T17:25:24.076868,AUTOCORR_SAMPLE,Per-buffer autocorr result,freq=2645125763.125763,peak=-0.13426070846617222,peak2=-0.2114032618701458,lag_off=3.0,confirmed=False
2026-04-24T17:25:24.083030,AUTOCORR_RESULT,autocorr classification,freq=2645125763.125763,votes=0,total=10,score=0.0,confirmed=False
2026-04-24T17:25:24.135056,AUTOCORR_SAMPLE,Per-buffer autocorr result,freq=2662578754.5787544,peak=-0.015773367136716843,peak2=-0.07238506153225899,lag_off=-4.0,confirmed=False
2026-04-24T17:25:24.140674,AUTOCORR_SAMPLE,Per-buffer autocorr result,freq=2662578754.5787544,peak=-0.14998337626457214,peak2=-0.09245524369180202,lag_off=-4.0,confirmed=False
2026-04-24T17:25:24.145865,AUTOCORR_SAMPLE,Per-buffer autocorr result,freq=2662578754.5787544,peak=-0.0004764869809150696,peak2=-0.04331287741661072,lag_off=-2.0,confirmed=False
2026-04-24T17:25:24.146641,AUTOCORR_SAMPLE,Per-buffer autocorr result,freq=2662578754.5787544,peak=-0.1658824011683464,peak2=-0.20360400527715683,lag_off=-6.0,confirmed=False
2026-04-24T17:25:24.151466,AUTOCORR_SAMPLE,Per-buffer autocorr result,freq=2662578754.5787544,peak=0.025617383420467377,peak2=0.031213335692882538,lag_off=3.0,confirmed=False
2026-04-24T17:25:24.155243,AUTOCORR_SAMPLE,Per-buffer autocorr result,freq=2662578754.5787544,peak=0.1009534653276205,peak2=0.013877881690859795,lag_off=1.0,confirmed=False
2026-04-24T17:25:24.156160,AUTOCORR_SAMPLE,Per-buffer autocorr result,freq=2662578754.5787544,peak=0.09449120610952377,peak2=0.07544894516468048,lag_off=2.0,confirmed=False
2026-04-24T17:25:24.160016,AUTOCORR_SAMPLE,Per-buffer autocorr result,freq=2662578754.5787544,peak=0.23151717893779278,peak2=0.07565704546868801,lag_off=-3.0,confirmed=False
2026-04-24T17:25:24.160842,AUTOCORR_SAMPLE,Per-buffer autocorr result,freq=2662578754.5787544,peak=0.07228418998420238,peak2=0.01694859378039837,lag_off=6.0,confirmed=False
2026-04-24T17:25:24.164675,AUTOCORR_SAMPLE,Per-buffer autocorr result,freq=2662578754.5787544,peak=0.027212653309106827,peak2=0.04185572639107704,lag_off=6.0,confirmed=False
2026-04-24T17:25:24.164782,AUTOCORR_RESULT,autocorr classification,freq=2662578754.5787544,votes=0,total=10,score=0.0,confirmed=False
2026-04-24T17:25:24.456089,AUTOCORR_SAMPLE,Per-buffer autocorr result,freq=2893286935.2869353,peak=0.15269182715564966,peak2=0.06535397563129663,lag_off=2.0,confirmed=False
2026-04-24T17:25:24.456729,AUTOCORR_SAMPLE,Per-buffer autocorr result,freq=2893286935.2869353,peak=0.09316105209290981,peak2=0.09887379966676235,lag_off=-1.0,confirmed=False
2026-04-24T17:25:24.457444,AUTOCORR_SAMPLE,Per-buffer autocorr result,freq=2893286935.2869353,peak=0.04737506993114948,peak2=0.02864810638129711,lag_off=-2.0,confirmed=False
2026-04-24T17:25:24.460950,AUTOCORR_SAMPLE,Per-buffer autocorr result,freq=2893286935.2869353,peak=0.05693757371045649,peak2=0.03639671788550913,lag_off=-6.0,confirmed=False
2026-04-24T17:25:24.464580,AUTOCORR_SAMPLE,Per-buffer autocorr result,freq=2893286935.2869353,peak=0.09446903970092535,peak2=0.09835901018232107,lag_off=2.0,confirmed=False
2026-04-24T17:25:24.465244,AUTOCORR_SAMPLE,Per-buffer autocorr result,freq=2893286935.2869353,peak=0.05598362348973751,peak2=0.015009429305791855,lag_off=4.0,confirmed=False
2026-04-24T17:25:24.467626,AUTOCORR_SAMPLE,Per-buffer autocorr result,freq=2893286935.2869353,peak=0.07590751862153411,peak2=0.0480670272372663,lag_off=-3.0,confirmed=False
2026-04-24T17:25:24.468379,AUTOCORR_SAMPLE,Per-buffer autocorr result,freq=2893286935.2869353,peak=0.0382393142208457,peak2=0.02810539212077856,lag_off=5.0,confirmed=False
2026-04-24T17:25:24.474469,AUTOCORR_SAMPLE,Per-buffer autocorr result,freq=2893286935.2869353,peak=0.02052951231598854,peak2=0.025359156541526318,lag_off=4.0,confirmed=False
2026-04-24T17:25:24.477752,AUTOCORR_SAMPLE,Per-buffer autocorr result,freq=2893286935.2869353,peak=0.07431119633838534,peak2=0.06964854849502444,lag_off=4.0,confirmed=False
2026-04-24T17:25:24.477903,AUTOCORR_RESULT,autocorr classification,freq=2893286935.2869353,votes=0,total=10,score=0.0,confirmed=False
2026-04-24T17:25:25.079712,AUTOCORR_SAMPLE,Per-buffer autocorr result,freq=3366754578.7545786,peak=0.05469102063216269,peak2=0.06506653153337538,lag_off=-6.0,confirmed=False
2026-04-24T17:25:25.082800,AUTOCORR_SAMPLE,Per-buffer autocorr result,freq=3366754578.7545786,peak=0.014218362979590893,peak2=0.011966629419475794,lag_off=-6.0,confirmed=False
2026-04-24T17:25:25.085884,AUTOCORR_SAMPLE,Per-buffer autocorr result,freq=3366754578.7545786,peak=0.032440594397485256,peak2=0.026979672722518444,lag_off=1.0,confirmed=False
2026-04-24T17:25:25.087113,AUTOCORR_SAMPLE,Per-buffer autocorr result,freq=3366754578.7545786,peak=0.1292804256081581,peak2=0.09571640193462372,lag_off=6.0,confirmed=False
2026-04-24T17:25:25.090467,AUTOCORR_SAMPLE,Per-buffer autocorr result,freq=3366754578.7545786,peak=0.15504462085664272,peak2=0.009583451435901225,lag_off=5.0,confirmed=False
2026-04-24T17:25:25.091260,AUTOCORR_SAMPLE,Per-buffer autocorr result,freq=3366754578.7545786,peak=0.09600903885439038,peak2=0.057993192691355944,lag_off=5.0,confirmed=False
2026-04-24T17:25:25.094556,AUTOCORR_SAMPLE,Per-buffer autocorr result,freq=3366754578.7545786,peak=0.13083789637312293,peak2=0.16700697829946876,lag_off=6.0,confirmed=False
2026-04-24T17:25:25.097946,AUTOCORR_SAMPLE,Per-buffer autocorr result,freq=3366754578.7545786,peak=0.23874921258538961,peak2=0.008448000997304916,lag_off=2.0,confirmed=False
2026-04-24T17:25:25.098662,AUTOCORR_SAMPLE,Per-buffer autocorr result,freq=3366754578.7545786,peak=0.03777028247714043,peak2=0.0596135426312685,lag_off=6.0,confirmed=False
2026-04-24T17:25:25.101778,AUTOCORR_SAMPLE,Per-buffer autocorr result,freq=3366754578.7545786,peak=0.12452997919172049,peak2=0.02790738083422184,lag_off=-3.0,confirmed=False
2026-04-24T17:25:25.101908,AUTOCORR_RESULT,autocorr classification,freq=3366754578.7545786,votes=0,total=10,score=0.0,confirmed=False
2026-04-24T17:25:25.117176,AUTOCORR_SAMPLE,Per-buffer autocorr result,freq=3386319902.3199024,peak=0.014218362979590893,peak2=0.011966629419475794,lag_off=-6.0,confirmed=False
2026-04-24T17:25:25.117972,AUTOCORR_SAMPLE,Per-buffer autocorr result,freq=3386319902.3199024,peak=0.13322055188473314,peak2=0.08127569255884737,lag_off=3.0,confirmed=False
2026-04-24T17:25:25.121505,AUTOCORR_SAMPLE,Per-buffer autocorr result,freq=3386319902.3199024,peak=0.14937154244398698,peak2=0.07319385599112138,lag_off=-5.0,confirmed=False
2026-04-24T17:25:25.122196,AUTOCORR_SAMPLE,Per-buffer autocorr result,freq=3386319902.3199024,peak=0.10912884632125497,peak2=0.07344473758712411,lag_off=0.0,confirmed=False
2026-04-24T17:25:25.126207,AUTOCORR_SAMPLE,Per-buffer autocorr result,freq=3386319902.3199024,peak=0.11103347782045603,peak2=0.10674804542213678,lag_off=-3.0,confirmed=False
2026-04-24T17:25:25.129983,AUTOCORR_SAMPLE,Per-buffer autocorr result,freq=3386319902.3199024,peak=0.054660739842802286,peak2=0.07677055383101106,lag_off=5.0,confirmed=False
2026-04-24T17:25:25.133165,AUTOCORR_SAMPLE,Per-buffer autocorr result,freq=3386319902.3199024,peak=0.15214091539382935,peak2=0.07306808233261108,lag_off=0.0,confirmed=False
2026-04-24T17:25:25.133833,AUTOCORR_SAMPLE,Per-buffer autocorr result,freq=3386319902.3199024,peak=0.07056918740272522,peak2=-0.049271874129772186,lag_off=-3.0,confirmed=False
2026-04-24T17:25:25.136748,AUTOCORR_SAMPLE,Per-buffer autocorr result,freq=3386319902.3199024,peak=0.09145574271678925,peak2=0.06805643439292908,lag_off=0.0,confirmed=False
2026-04-24T17:25:25.137754,AUTOCORR_SAMPLE,Per-buffer autocorr result,freq=3386319902.3199024,peak=0.09230846539139748,peak2=-0.005233234725892544,lag_off=-5.0,confirmed=False
2026-04-24T17:25:25.137828,AUTOCORR_RESULT,autocorr classification,freq=3386319902.3199024,votes=0,total=10,score=0.0,confirmed=False
2026-04-24T17:25:25.154349,AUTOCORR_SAMPLE,Per-buffer autocorr result,freq=3400307692.3076925,peak=0.13322055188473314,peak2=0.08127569255884737,lag_off=3.0,confirmed=False
2026-04-24T17:25:25.157431,AUTOCORR_SAMPLE,Per-buffer autocorr result,freq=3400307692.3076925,peak=0.11260888073593378,peak2=0.07477859128266573,lag_off=-5.0,confirmed=False
2026-04-24T17:25:25.158112,AUTOCORR_SAMPLE,Per-buffer autocorr result,freq=3400307692.3076925,peak=0.09013376757502556,peak2=0.06954948604106903,lag_off=-5.0,confirmed=False
2026-04-24T17:25:25.161437,AUTOCORR_SAMPLE,Per-buffer autocorr result,freq=3400307692.3076925,peak=0.12229416146874428,peak2=0.015234880149364471,lag_off=-2.0,confirmed=False
2026-04-24T17:25:25.164683,AUTOCORR_SAMPLE,Per-buffer autocorr result,freq=3400307692.3076925,peak=0.05154204973950982,peak2=0.06437409901991487,lag_off=3.0,confirmed=False
2026-04-24T17:25:25.165509,AUTOCORR_SAMPLE,Per-buffer autocorr result,freq=3400307692.3076925,peak=0.07840265333652496,peak2=0.036965690553188324,lag_off=0.0,confirmed=False
2026-04-24T17:25:25.169238,AUTOCORR_SAMPLE,Per-buffer autocorr result,freq=3400307692.3076925,peak=0.08609523624181747,peak2=0.1321118399500847,lag_off=0.0,confirmed=False
2026-04-24T17:25:25.170071,AUTOCORR_SAMPLE,Per-buffer autocorr result,freq=3400307692.3076925,peak=0.10981820244342089,peak2=0.1197409899905324,lag_off=6.0,confirmed=False
2026-04-24T17:25:25.174733,AUTOCORR_SAMPLE,Per-buffer autocorr result,freq=3400307692.3076925,peak=0.21256716921925545,peak2=0.034208837896585464,lag_off=-6.0,confirmed=False
2026-04-24T17:25:25.175675,AUTOCORR_SAMPLE,Per-buffer autocorr result,freq=3400307692.3076925,peak=0.12004782460280694,peak2=0.07565377853461541,lag_off=5.0,confirmed=False
2026-04-24T17:25:25.178592,AUTOCORR_RESULT,autocorr classification,freq=3400307692.3076925,votes=0,total=10,score=0.0,confirmed=False
2026-04-24T17:25:25.201129,AUTOCORR_SAMPLE,Per-buffer autocorr result,freq=3413926739.9267397,peak=0.09597258688881993,peak2=0.04236778290942311,lag_off=0.0,confirmed=False
2026-04-24T17:25:25.203532,AUTOCORR_SAMPLE,Per-buffer autocorr result,freq=3413926739.9267397,peak=0.11010769801214337,peak2=0.0550977666862309,lag_off=2.0,confirmed=False
2026-04-24T17:25:25.204202,AUTOCORR_SAMPLE,Per-buffer autocorr result,freq=3413926739.9267397,peak=0.07028949598316103,peak2=0.0868727151537314,lag_off=2.0,confirmed=False
2026-04-24T17:25:25.206678,AUTOCORR_SAMPLE,Per-buffer autocorr result,freq=3413926739.9267397,peak=0.19153683260083199,peak2=0.0974847860634327,lag_off=-2.0,confirmed=False
2026-04-24T17:25:25.207391,AUTOCORR_SAMPLE,Per-buffer autocorr result,freq=3413926739.9267397,peak=0.18805472017265856,peak2=0.09826910705305636,lag_off=2.0,confirmed=False
2026-04-24T17:25:25.209932,AUTOCORR_SAMPLE,Per-buffer autocorr result,freq=3413926739.9267397,peak=0.04050810169428587,peak2=0.024932208471000195,lag_off=5.0,confirmed=False
2026-04-24T17:25:25.210576,AUTOCORR_SAMPLE,Per-buffer autocorr result,freq=3413926739.9267397,peak=0.045256723649799824,peak2=0.0562830800190568,lag_off=1.0,confirmed=False
2026-04-24T17:25:25.211360,AUTOCORR_SAMPLE,Per-buffer autocorr result,freq=3413926739.9267397,peak=0.03650227189064026,peak2=0.0420322697609663,lag_off=-2.0,confirmed=False
2026-04-24T17:25:25.213779,AUTOCORR_SAMPLE,Per-buffer autocorr result,freq=3413926739.9267397,peak=0.1405530609190464,peak2=0.03811896964907646,lag_off=2.0,confirmed=False
2026-04-24T17:25:25.216290,AUTOCORR_SAMPLE,Per-buffer autocorr result,freq=3413926739.9267397,peak=0.13421541545540094,peak2=0.14088885579258204,lag_off=-2.0,confirmed=False
2026-04-24T17:25:25.216372,AUTOCORR_RESULT,autocorr classification,freq=3413926739.9267397,votes=0,total=10,score=0.0,confirmed=False
2026-04-24T17:25:26.219203,AUTOCORR_SAMPLE,Per-buffer autocorr result,freq=4176568986.5689864,peak=0.12601840030401945,peak2=0.010944246314466,lag_off=0.0,confirmed=False
2026-04-24T17:25:26.222055,AUTOCORR_SAMPLE,Per-buffer autocorr result,freq=4176568986.5689864,peak=0.10173591179773211,peak2=0.03436919441446662,lag_off=2.0,confirmed=False
2026-04-24T17:25:26.222814,AUTOCORR_SAMPLE,Per-buffer autocorr result,freq=4176568986.5689864,peak=0.2566127157770097,peak2=0.0685857436619699,lag_off=5.0,confirmed=False
2026-04-24T17:25:26.226106,AUTOCORR_SAMPLE,Per-buffer autocorr result,freq=4176568986.5689864,peak=0.10264993831515312,peak2=0.14605948701500893,lag_off=1.0,confirmed=False
2026-04-24T17:25:26.226903,AUTOCORR_SAMPLE,Per-buffer autocorr result,freq=4176568986.5689864,peak=0.11549008355359547,peak2=0.04326308981399052,lag_off=-1.0,confirmed=False
2026-04-24T17:25:26.230105,AUTOCORR_SAMPLE,Per-buffer autocorr result,freq=4176568986.5689864,peak=0.09191053023096174,peak2=0.0565451200818643,lag_off=-5.0,confirmed=False
2026-04-24T17:25:26.232816,AUTOCORR_SAMPLE,Per-buffer autocorr result,freq=4176568986.5689864,peak=0.11229787394404411,peak2=0.05878554657101631,lag_off=-6.0,confirmed=False
2026-04-24T17:25:26.233665,AUTOCORR_SAMPLE,Per-buffer autocorr result,freq=4176568986.5689864,peak=0.14207989745773375,peak2=0.11008543544448912,lag_off=0.0,confirmed=False
2026-04-24T17:25:26.236814,AUTOCORR_SAMPLE,Per-buffer autocorr result,freq=4176568986.5689864,peak=0.03192174155265093,peak2=0.06546710152179003,lag_off=-6.0,confirmed=False
2026-04-24T17:25:26.240154,AUTOCORR_SAMPLE,Per-buffer autocorr result,freq=4176568986.5689864,peak=0.09034590423107147,peak2=0.05081335827708244,lag_off=-5.0,confirmed=False
2026-04-24T17:25:26.240286,AUTOCORR_RESULT,autocorr classification,freq=4176568986.5689864,votes=0,total=10,score=0.0,confirmed=False
2026-04-24T17:25:26.255564,AUTOCORR_SAMPLE,Per-buffer autocorr result,freq=4194656898.6568985,peak=0.078520662849769,peak2=0.052409872179850936,lag_off=-5.0,confirmed=False
2026-04-24T17:25:26.256352,AUTOCORR_SAMPLE,Per-buffer autocorr result,freq=4194656898.6568985,peak=0.07680102589074522,peak2=0.08184359373990446,lag_off=-6.0,confirmed=False
2026-04-24T17:25:26.259127,AUTOCORR_SAMPLE,Per-buffer autocorr result,freq=4194656898.6568985,peak=0.024476978869643062,peak2=0.29376075783511624,lag_off=-5.0,confirmed=False
2026-04-24T17:25:26.259950,AUTOCORR_SAMPLE,Per-buffer autocorr result,freq=4194656898.6568985,peak=0.22932175919413567,peak2=0.017888843081891537,lag_off=4.0,confirmed=False
2026-04-24T17:25:26.262892,AUTOCORR_SAMPLE,Per-buffer autocorr result,freq=4194656898.6568985,peak=0.09265485475771129,peak2=0.04199078748933971,lag_off=-6.0,confirmed=False
2026-04-24T17:25:26.265601,AUTOCORR_SAMPLE,Per-buffer autocorr result,freq=4194656898.6568985,peak=0.11161128710955381,peak2=0.07339836936444044,lag_off=-2.0,confirmed=False
2026-04-24T17:25:26.266255,AUTOCORR_SAMPLE,Per-buffer autocorr result,freq=4194656898.6568985,peak=0.07055647671222687,peak2=0.026046058163046837,lag_off=1.0,confirmed=False
2026-04-24T17:25:26.269163,AUTOCORR_SAMPLE,Per-buffer autocorr result,freq=4194656898.6568985,peak=0.1395735116675496,peak2=0.022150417789816856,lag_off=2.0,confirmed=False
2026-04-24T17:25:26.269889,AUTOCORR_SAMPLE,Per-buffer autocorr result,freq=4194656898.6568985,peak=0.14736288227140903,peak2=0.1751288864761591,lag_off=1.0,confirmed=False
2026-04-24T17:25:26.270518,AUTOCORR_SAMPLE,Per-buffer autocorr result,freq=4194656898.6568985,peak=0.08580888621509075,peak2=0.05013488419353962,lag_off=4.0,confirmed=False
2026-04-24T17:25:26.273839,AUTOCORR_RESULT,autocorr classification,freq=4194656898.6568985,votes=0,total=10,score=0.0,confirmed=False
2026-04-24T17:25:26.291907,AUTOCORR_SAMPLE,Per-buffer autocorr result,freq=4214087912.087912,peak=0.07680102589074522,peak2=0.08184359373990446,lag_off=-6.0,confirmed=False
2026-04-24T17:25:26.292772,AUTOCORR_SAMPLE,Per-buffer autocorr result,freq=4214087912.087912,peak=0.032032796647399664,peak2=0.16440530074760318,lag_off=-5.0,confirmed=False
2026-04-24T17:25:26.295625,AUTOCORR_SAMPLE,Per-buffer autocorr result,freq=4214087912.087912,peak=0.226887927390635,peak2=0.16749630961567163,lag_off=1.0,confirmed=False
2026-04-24T17:25:26.298389,AUTOCORR_SAMPLE,Per-buffer autocorr result,freq=4214087912.087912,peak=0.06855856254696846,peak2=0.14302662760019302,lag_off=4.0,confirmed=False
2026-04-24T17:25:26.300956,AUTOCORR_SAMPLE,Per-buffer autocorr result,freq=4214087912.087912,peak=0.11211688024923205,peak2=0.1569352517835796,lag_off=-2.0,confirmed=False
2026-04-24T17:25:26.301731,AUTOCORR_SAMPLE,Per-buffer autocorr result,freq=4214087912.087912,peak=0.10559980012476444,peak2=0.10101969726383686,lag_off=1.0,confirmed=False
2026-04-24T17:25:26.304167,AUTOCORR_SAMPLE,Per-buffer autocorr result,freq=4214087912.087912,peak=0.08584804460406303,peak2=0.06141180545091629,lag_off=-5.0,confirmed=False
2026-04-24T17:25:26.304898,AUTOCORR_SAMPLE,Per-buffer autocorr result,freq=4214087912.087912,peak=0.10681999172084033,peak2=0.051890701754018664,lag_off=4.0,confirmed=False
2026-04-24T17:25:26.305429,AUTOCORR_SAMPLE,Per-buffer autocorr result,freq=4214087912.087912,peak=0.024398678448051214,peak2=0.01019751327112317,lag_off=-4.0,confirmed=False
2026-04-24T17:25:26.307672,AUTOCORR_SAMPLE,Per-buffer autocorr result,freq=4214087912.087912,peak=0.14907454885542393,peak2=0.1160035002976656,lag_off=-2.0,confirmed=False
2026-04-24T17:25:26.307745,AUTOCORR_RESULT,autocorr classification,freq=4214087912.087912,votes=0,total=10,score=0.0,confirmed=False
2026-04-24T17:25:27.288362,AUTOCORR_SAMPLE,Per-buffer autocorr result,freq=5002776556.776557,peak=0.05823901854455471,peak2=0.0018007773905992508,lag_off=-5.0,confirmed=False
2026-04-24T17:25:27.291059,AUTOCORR_SAMPLE,Per-buffer autocorr result,freq=5002776556.776557,peak=0.17719228472560644,peak2=0.040571137331426144,lag_off=-4.0,confirmed=False
2026-04-24T17:25:27.291977,AUTOCORR_SAMPLE,Per-buffer autocorr result,freq=5002776556.776557,peak=0.10541347041726112,peak2=0.11308808997273445,lag_off=-1.0,confirmed=False
2026-04-24T17:25:27.294630,AUTOCORR_SAMPLE,Per-buffer autocorr result,freq=5002776556.776557,peak=0.1012193476781249,peak2=0.06310990359634161,lag_off=0.0,confirmed=False
2026-04-24T17:25:27.297159,AUTOCORR_SAMPLE,Per-buffer autocorr result,freq=5002776556.776557,peak=0.17103328742086887,peak2=0.09426029957830906,lag_off=-6.0,confirmed=False
2026-04-24T17:25:27.298105,AUTOCORR_SAMPLE,Per-buffer autocorr result,freq=5002776556.776557,peak=0.10320736560970545,peak2=0.07372666988521814,lag_off=4.0,confirmed=False
2026-04-24T17:25:27.300715,AUTOCORR_SAMPLE,Per-buffer autocorr result,freq=5002776556.776557,peak=0.13333729514852166,peak2=0.07166202226653695,lag_off=1.0,confirmed=False
2026-04-24T17:25:27.301440,AUTOCORR_SAMPLE,Per-buffer autocorr result,freq=5002776556.776557,peak=0.02785962203051895,peak2=0.10071435885038227,lag_off=-2.0,confirmed=False
2026-04-24T17:25:27.304428,AUTOCORR_SAMPLE,Per-buffer autocorr result,freq=5002776556.776557,peak=0.1308906227350235,peak2=0.03154831379652023,lag_off=-3.0,confirmed=False
2026-04-24T17:25:27.306877,AUTOCORR_SAMPLE,Per-buffer autocorr result,freq=5002776556.776557,peak=0.12376773194409907,peak2=0.06386181549169123,lag_off=1.0,confirmed=False
2026-04-24T17:25:27.306982,AUTOCORR_RESULT,autocorr classification,freq=5002776556.776557,votes=0,total=10,score=0.0,confirmed=False
2026-04-24T17:25:28.539941,AUTOCORR_SAMPLE,Per-buffer autocorr result,freq=5840495726.495727,peak=0.09349330436089076,peak2=0.03861747230985202,lag_off=4.0,confirmed=False
2026-04-24T17:25:28.546830,AUTOCORR_SAMPLE,Per-buffer autocorr result,freq=5840495726.495727,peak=0.7189187034964561,peak2=0.3999476656317711,lag_off=0.0,confirmed=True
2026-04-24T17:25:28.547512,AUTOCORR_SAMPLE,Per-buffer autocorr result,freq=5840495726.495727,peak=0.7286785244941711,peak2=0.44583576917648315,lag_off=0.0,confirmed=True
2026-04-24T17:25:28.554212,AUTOCORR_SAMPLE,Per-buffer autocorr result,freq=5840495726.495727,peak=0.8458428382873535,peak2=0.59999880194664,lag_off=0.0,confirmed=True
2026-04-24T17:25:28.555093,AUTOCORR_SAMPLE,Per-buffer autocorr result,freq=5840495726.495727,peak=0.7765176519751549,peak2=0.46328654140233994,lag_off=-1.0,confirmed=True
2026-04-24T17:25:28.560744,AUTOCORR_SAMPLE,Per-buffer autocorr result,freq=5840495726.495727,peak=0.7430774122476578,peak2=0.40883664786815643,lag_off=0.0,confirmed=True
2026-04-24T17:25:28.561647,AUTOCORR_SAMPLE,Per-buffer autocorr result,freq=5840495726.495727,peak=0.6771956756711006,peak2=0.4073388949036598,lag_off=0.0,confirmed=True
2026-04-24T17:25:28.567973,AUTOCORR_SAMPLE,Per-buffer autocorr result,freq=5840495726.495727,peak=0.7814659923315048,peak2=0.46453507244586945,lag_off=0.0,confirmed=True
2026-04-24T17:25:28.568994,AUTOCORR_SAMPLE,Per-buffer autocorr result,freq=5840495726.495727,peak=0.5937577709555626,peak2=0.3466441258788109,lag_off=0.0,confirmed=True
2026-04-24T17:25:28.574695,AUTOCORR_SAMPLE,Per-buffer autocorr result,freq=5840495726.495727,peak=0.7745747491717339,peak2=0.4598589166998863,lag_off=-1.0,confirmed=True
2026-04-24T17:25:28.574809,AUTOCORR_RESULT,autocorr classification,freq=5840495726.495727,votes=9,total=10,score=0.9,confirmed=True
2026-04-24T17:25:28.599138,AUTOCORR_SAMPLE,Per-buffer autocorr result,freq=5859199023.199023,peak=0.7745747491717339,peak2=0.4598589166998863,lag_off=-1.0,confirmed=True
2026-04-24T17:25:28.599962,AUTOCORR_SAMPLE,Per-buffer autocorr result,freq=5859199023.199023,peak=0.030524246860295534,peak2=0.03097260044887662,lag_off=5.0,confirmed=False
2026-04-24T17:25:28.603411,AUTOCORR_SAMPLE,Per-buffer autocorr result,freq=5859199023.199023,peak=0.049956249073147774,peak2=0.019564754329621792,lag_off=2.0,confirmed=False
2026-04-24T17:25:28.604191,AUTOCORR_SAMPLE,Per-buffer autocorr result,freq=5859199023.199023,peak=0.06619586888700724,peak2=0.07177989277988672,lag_off=-1.0,confirmed=False
2026-04-24T17:25:28.606856,AUTOCORR_SAMPLE,Per-buffer autocorr result,freq=5859199023.199023,peak=0.05858651746530086,peak2=0.046515444410033524,lag_off=-3.0,confirmed=False
2026-04-24T17:25:28.607460,AUTOCORR_SAMPLE,Per-buffer autocorr result,freq=5859199023.199023,peak=0.06857342773582786,peak2=0.12359161430504173,lag_off=6.0,confirmed=False
2026-04-24T17:25:28.610124,AUTOCORR_SAMPLE,Per-buffer autocorr result,freq=5859199023.199023,peak=0.15083485445939004,peak2=0.07645835331641138,lag_off=3.0,confirmed=False
2026-04-24T17:25:28.611054,AUTOCORR_SAMPLE,Per-buffer autocorr result,freq=5859199023.199023,peak=0.026082406751811504,peak2=0.005149202421307564,lag_off=-2.0,confirmed=False
2026-04-24T17:25:28.613726,AUTOCORR_SAMPLE,Per-buffer autocorr result,freq=5859199023.199023,peak=0.036163930300972424,peak2=0.03842655986954924,lag_off=-6.0,confirmed=False
2026-04-24T17:25:28.616013,AUTOCORR_SAMPLE,Per-buffer autocorr result,freq=5859199023.199023,peak=0.02154970820993185,peak2=0.22527580242604017,lag_off=-3.0,confirmed=False
2026-04-24T17:25:28.616098,AUTOCORR_RESULT,autocorr classification,freq=5859199023.199023,votes=1,total=10,score=0.1,confirmed=False
