2026-04-24T17:48:42.451291,SDR_READ_ERROR,readStream failed,code=0
2026-04-24T17:48:42.487984,PLATEAU_CONFIRMED,Wideband signal detected,freq=95963369.96336997,bw=6.796875,hits=8
2026-04-24T17:48:42.514781,HARMONIC_RESULT,Harmonic classification result,freq=95963369.96336997,confirmed=False,confirmed_harmonics=0,required=3,hit_counts={1: 0, 2: 0, 3: 1, 4: 0},total_buffers=10
2026-04-24T17:48:42.514819,VIDEO_REJECTED,harmonic rejected video,freq=95963369.96336997,score=0
2026-04-24T17:48:42.521214,PLATEAU_REJECTED,Not enough hits,hits=1,required=3,freq=120000000
2026-04-24T17:48:42.585324,PLATEAU_CONFIRMED,Wideband signal detected,freq=145184371.18437117,bw=7.7001953125,hits=8
2026-04-24T17:48:42.618662,HARMONIC_RESULT,Harmonic classification result,freq=145184371.18437117,confirmed=False,confirmed_harmonics=0,required=3,hit_counts={1: 1, 2: 1, 3: 0, 4: 0},total_buffers=10
2026-04-24T17:48:42.618703,VIDEO_REJECTED,harmonic rejected video,freq=145184371.18437117,score=0
2026-04-24T17:48:42.623040,PLATEAU_CONFIRMED,Wideband signal detected,freq=165426129.4261294,bw=9.7119140625,hits=6
2026-04-24T17:48:42.654232,HARMONIC_RESULT,Harmonic classification result,freq=165426129.4261294,confirmed=False,confirmed_harmonics=0,required=3,hit_counts={1: 0, 2: 0, 3: 0, 4: 0},total_buffers=10
2026-04-24T17:48:42.654367,VIDEO_REJECTED,harmonic rejected video,freq=165426129.4261294,score=0
2026-04-24T17:48:42.658291,PLATEAU_REJECTED,Not enough hits,hits=2,required=3,freq=180000000
2026-04-24T17:48:42.688697,PLATEAU_CONFIRMED,Wideband signal detected,freq=204998778.998779,bw=5.6103515625,hits=4
2026-04-24T17:48:42.720855,PLATEAU_REJECTED,Not enough hits,hits=1,required=3,freq=220000000
2026-04-24T17:48:42.721577,HARMONIC_RESULT,Harmonic classification result,freq=204998778.998779,confirmed=False,confirmed_harmonics=0,required=3,hit_counts={1: 0, 2: 2, 3: 1, 4: 1},total_buffers=10
2026-04-24T17:48:42.721650,VIDEO_REJECTED,harmonic rejected video,freq=204998778.998779,score=0
2026-04-24T17:48:42.747788,PLATEAU_REJECTED,Not enough hits,hits=1,required=3,freq=240000000
2026-04-24T17:48:42.797974,PLATEAU_CONFIRMED,Wideband signal detected,freq=264764346.76434678,bw=6.728515625,hits=7
2026-04-24T17:48:42.831297,PLATEAU_REJECTED,Not enough hits,hits=2,required=3,freq=280000000
2026-04-24T17:48:42.834897,HARMONIC_RESULT,Harmonic classification result,freq=264764346.76434678,confirmed=False,confirmed_harmonics=0,required=3,hit_counts={1: 2, 2: 0, 3: 0, 4: 0},total_buffers=10
2026-04-24T17:48:42.834962,VIDEO_REJECTED,harmonic rejected video,freq=264764346.76434678,score=0
2026-04-24T17:48:42.882723,PLATEAU_CONFIRMED,Wideband signal detected,freq=293873015.8730159,bw=7.4267578125,hits=7
2026-04-24T17:48:42.914295,PLATEAU_REJECTED,Not enough hits,hits=1,required=3,freq=320000000
2026-04-24T17:48:42.915035,HARMONIC_RESULT,Harmonic classification result,freq=293873015.8730159,confirmed=False,confirmed_harmonics=0,required=3,hit_counts={1: 1, 2: 1, 3: 0, 4: 0},total_buffers=10
2026-04-24T17:48:42.915097,VIDEO_REJECTED,harmonic rejected video,freq=293873015.8730159,score=0
2026-04-24T17:48:42.997240,PLATEAU_CONFIRMED,Wideband signal detected,freq=376148962.14896214,bw=4.8095703125,hits=3
2026-04-24T17:48:43.025243,HARMONIC_RESULT,Harmonic classification result,freq=376148962.14896214,confirmed=False,confirmed_harmonics=0,required=3,hit_counts={1: 0, 2: 0, 3: 0, 4: 0},total_buffers=10
2026-04-24T17:48:43.028055,VIDEO_REJECTED,harmonic rejected video,freq=376148962.14896214,score=0
2026-04-24T17:48:43.060382,PLATEAU_REJECTED,Not enough hits,hits=1,required=3,freq=420000000
2026-04-24T17:48:43.292714,PLATEAU_CONFIRMED,Wideband signal detected,freq=482004884.004884,bw=7.8076171875,hits=7
2026-04-24T17:48:43.412112,PLATEAU_CONFIRMED,Wideband signal detected,freq=501995115.995116,bw=7.8076171875,hits=9
2026-04-24T17:48:43.415292,HARMONIC_RESULT,Harmonic classification result,freq=482004884.004884,confirmed=False,confirmed_harmonics=0,required=3,hit_counts={1: 0, 2: 1, 3: 0, 4: 1},total_buffers=10
2026-04-24T17:48:43.415411,VIDEO_REJECTED,harmonic rejected video,freq=482004884.004884,score=0
2026-04-24T17:48:43.590236,PLATEAU_CONFIRMED,Wideband signal detected,freq=528046398.04639804,bw=3.90625,hits=7
2026-04-24T17:48:43.612473,HARMONIC_RESULT,Harmonic classification result,freq=501995115.995116,confirmed=False,confirmed_harmonics=0,required=3,hit_counts={1: 0, 2: 0, 3: 0, 4: 0},total_buffers=10
2026-04-24T17:48:43.612567,VIDEO_REJECTED,harmonic rejected video,freq=501995115.995116,score=0
2026-04-24T17:48:43.929208,PLATEAU_CONFIRMED,Wideband signal detected,freq=547987789.98779,bw=3.8720703125,hits=10
2026-04-24T17:48:43.946249,HARMONIC_RESULT,Harmonic classification result,freq=528046398.04639804,confirmed=False,confirmed_harmonics=0,required=3,hit_counts={1: 0, 2: 3, 3: 2, 4: 2},total_buffers=10
2026-04-24T17:48:43.946299,VIDEO_REJECTED,harmonic rejected video,freq=528046398.04639804,score=0
2026-04-24T17:48:43.962668,HARMONIC_RESULT,Harmonic classification result,freq=547987789.98779,confirmed=False,confirmed_harmonics=0,required=3,hit_counts={1: 1, 2: 0, 3: 0, 4: 0},total_buffers=10
2026-04-24T17:48:43.971107,VIDEO_REJECTED,harmonic rejected video,freq=547987789.98779,score=0
2026-04-24T17:48:44.140478,PLATEAU_CONFIRMED,Wideband signal detected,freq=551948717.948718,bw=3.90625,hits=10
2026-04-24T17:48:44.292883,PLATEAU_CONFIRMED,Wideband signal detected,freq=571956043.956044,bw=3.9306640625,hits=10
2026-04-24T17:48:44.293542,HARMONIC_RESULT,Harmonic classification result,freq=551948717.948718,confirmed=False,confirmed_harmonics=0,required=3,hit_counts={1: 1, 2: 0, 3: 0, 4: 2},total_buffers=10
2026-04-24T17:48:44.293656,VIDEO_REJECTED,harmonic rejected video,freq=551948717.948718,score=0
2026-04-24T17:48:44.367636,PLATEAU_CONFIRMED,Wideband signal detected,freq=601921855.9218559,bw=7.6513671875,hits=9
2026-04-24T17:48:44.371977,HARMONIC_RESULT,Harmonic classification result,freq=571956043.956044,confirmed=False,confirmed_harmonics=0,required=3,hit_counts={1: 0, 2: 0, 3: 0, 4: 0},total_buffers=10
2026-04-24T17:48:44.372080,VIDEO_REJECTED,harmonic rejected video,freq=571956043.956044,score=0
2026-04-24T17:48:44.740126,PLATEAU_CONFIRMED,Wideband signal detected,freq=625416361.4163613,bw=9.94140625,hits=10
2026-04-24T17:48:44.752884,HARMONIC_RESULT,Harmonic classification result,freq=601921855.9218559,confirmed=False,confirmed_harmonics=0,required=3,hit_counts={1: 0, 2: 0, 3: 0, 4: 0},total_buffers=10
2026-04-24T17:48:44.752947,VIDEO_REJECTED,harmonic rejected video,freq=601921855.9218559,score=0
2026-04-24T17:48:44.758659,HARMONIC_RESULT,Harmonic classification result,freq=625416361.4163613,confirmed=False,confirmed_harmonics=0,required=3,hit_counts={1: 0, 2: 0, 3: 1, 4: 0},total_buffers=10
2026-04-24T17:48:44.758695,VIDEO_REJECTED,harmonic rejected video,freq=625416361.4163613,score=0
2026-04-24T17:48:44.838501,PLATEAU_CONFIRMED,Wideband signal detected,freq=646004884.004884,bw=7.802734375,hits=10
2026-04-24T17:48:44.877476,PLATEAU_CONFIRMED,Wideband signal detected,freq=666454212.4542124,bw=7.9833984375,hits=7
2026-04-24T17:48:44.880677,HARMONIC_RESULT,Harmonic classification result,freq=646004884.004884,confirmed=False,confirmed_harmonics=0,required=3,hit_counts={1: 0, 2: 0, 3: 0, 4: 0},total_buffers=10
2026-04-24T17:48:44.880811,VIDEO_REJECTED,harmonic rejected video,freq=646004884.004884,score=0
2026-04-24T17:48:44.914844,PLATEAU_CONFIRMED,Wideband signal detected,freq=686156288.1562881,bw=4.90234375,hits=5
2026-04-24T17:48:44.918909,HARMONIC_RESULT,Harmonic classification result,freq=666454212.4542124,confirmed=False,confirmed_harmonics=0,required=3,hit_counts={1: 1, 2: 0, 3: 0, 4: 0},total_buffers=10
2026-04-24T17:48:44.918981,VIDEO_REJECTED,harmonic rejected video,freq=666454212.4542124,score=0
2026-04-24T17:48:44.950361,HARMONIC_RESULT,Harmonic classification result,freq=686156288.1562881,confirmed=False,confirmed_harmonics=0,required=3,hit_counts={1: 0, 2: 0, 3: 0, 4: 0},total_buffers=10
2026-04-24T17:48:44.950527,VIDEO_REJECTED,harmonic rejected video,freq=686156288.1562881,score=0
2026-04-24T17:48:44.974267,PLATEAU_REJECTED,Not enough hits,hits=2,required=3,freq=720000000
2026-04-24T17:48:45.055088,PLATEAU_REJECTED,Not enough hits,hits=1,required=3,freq=780000000
2026-04-24T17:48:45.246505,PLATEAU_REJECTED,Not enough hits,hits=1,required=3,freq=920000000
2026-04-24T17:48:45.449719,PLATEAU_REJECTED,Not enough hits,hits=2,required=3,freq=940000000
2026-04-24T17:48:45.531893,PLATEAU_CONFIRMED,Wideband signal detected,freq=953970695.970696,bw=7.9150390625,hits=7
2026-04-24T17:48:45.587985,PLATEAU_CONFIRMED,Wideband signal detected,freq=973697191.6971917,bw=6.552734375,hits=9
2026-04-24T17:48:45.591091,HARMONIC_RESULT,Harmonic classification result,freq=953970695.970696,confirmed=False,confirmed_harmonics=0,required=3,hit_counts={1: 1, 2: 1, 3: 0, 4: 0},total_buffers=10
2026-04-24T17:48:45.591241,VIDEO_REJECTED,harmonic rejected video,freq=953970695.970696,score=0
2026-04-24T17:48:45.619119,HARMONIC_RESULT,Harmonic classification result,freq=973697191.6971917,confirmed=False,confirmed_harmonics=0,required=3,hit_counts={1: 0, 2: 0, 3: 0, 4: 0},total_buffers=10
2026-04-24T17:48:45.619181,VIDEO_REJECTED,harmonic rejected video,freq=973697191.6971917,score=0
2026-04-24T17:48:46.480943,PLATEAU_REJECTED,Not enough hits,hits=1,required=3,freq=1680000000
2026-04-24T17:48:46.754890,PLATEAU_CONFIRMED,Wideband signal detected,freq=1807746031.7460318,bw=4.2919921875,hits=6
2026-04-24T17:48:47.017485,PLATEAU_CONFIRMED,Wideband signal detected,freq=1827926739.9267397,bw=4.2578125,hits=10
2026-04-24T17:48:47.018148,HARMONIC_RESULT,Harmonic classification result,freq=1807746031.7460318,confirmed=False,confirmed_harmonics=0,required=3,hit_counts={1: 2, 2: 1, 3: 1, 4: 1},total_buffers=10
2026-04-24T17:48:47.018211,VIDEO_REJECTED,harmonic rejected video,freq=1807746031.7460318,score=0
2026-04-24T17:48:47.081944,PLATEAU_CONFIRMED,Wideband signal detected,freq=1847650793.6507936,bw=4.0673828125,hits=8
2026-04-24T17:48:47.082471,HARMONIC_RESULT,Harmonic classification result,freq=1827926739.9267397,confirmed=False,confirmed_harmonics=0,required=3,hit_counts={1: 1, 2: 0, 3: 1, 4: 1},total_buffers=10
2026-04-24T17:48:47.082597,VIDEO_REJECTED,harmonic rejected video,freq=1827926739.9267397,score=0
2026-04-24T17:48:47.167061,PLATEAU_REJECTED,Not enough hits,hits=1,required=3,freq=1860000000
2026-04-24T17:48:47.172207,HARMONIC_RESULT,Harmonic classification result,freq=1847650793.6507936,confirmed=False,confirmed_harmonics=0,required=3,hit_counts={1: 0, 2: 1, 3: 0, 4: 0},total_buffers=10
2026-04-24T17:48:47.175884,VIDEO_REJECTED,harmonic rejected video,freq=1847650793.6507936,score=0
2026-04-24T17:48:47.265146,PLATEAU_CONFIRMED,Wideband signal detected,freq=1875736263.7362638,bw=9.658203125,hits=10
2026-04-24T17:48:47.325908,PLATEAU_CONFIRMED,Wideband signal detected,freq=1895677655.6776557,bw=7.6708984375,hits=10
2026-04-24T17:48:47.326366,HARMONIC_RESULT,Harmonic classification result,freq=1875736263.7362638,confirmed=False,confirmed_harmonics=0,required=3,hit_counts={1: 0, 2: 1, 3: 0, 4: 0},total_buffers=10
2026-04-24T17:48:47.326417,VIDEO_REJECTED,harmonic rejected video,freq=1875736263.7362638,score=0
2026-04-24T17:48:47.357897,HARMONIC_RESULT,Harmonic classification result,freq=1895677655.6776557,confirmed=False,confirmed_harmonics=0,required=3,hit_counts={1: 0, 2: 0, 3: 0, 4: 0},total_buffers=10
2026-04-24T17:48:47.357981,VIDEO_REJECTED,harmonic rejected video,freq=1895677655.6776557,score=0
2026-04-24T17:48:47.541890,PLATEAU_REJECTED,Not enough hits,hits=2,required=3,freq=2060000000
2026-04-24T17:48:47.569612,PLATEAU_REJECTED,Not enough hits,hits=2,required=3,freq=2080000000
2026-04-24T17:48:47.598913,PLATEAU_REJECTED,Not enough hits,hits=2,required=3,freq=2100000000
2026-04-24T17:48:47.629088,PLATEAU_CONFIRMED,Wideband signal detected,freq=2120578754.5787547,bw=5.1611328125,hits=5
2026-04-24T17:48:47.834540,HARMONIC_RESULT,Harmonic classification result,freq=2120578754.5787547,confirmed=False,confirmed_harmonics=0,required=3,hit_counts={1: 0, 2: 0, 3: 0, 4: 0},total_buffers=10
2026-04-24T17:48:47.867075,VIDEO_REJECTED,harmonic rejected video,freq=2120578754.5787547,score=0
2026-04-24T17:48:47.868421,PLATEAU_CONFIRMED,Wideband signal detected,freq=2145032967.032967,bw=9.052734375,hits=9
2026-04-24T17:48:48.068559,PLATEAU_CONFIRMED,Wideband signal detected,freq=2164942612.9426126,bw=8.8916015625,hits=10
2026-04-24T17:48:48.070081,HARMONIC_RESULT,Harmonic classification result,freq=2145032967.032967,confirmed=False,confirmed_harmonics=0,required=3,hit_counts={1: 2, 2: 1, 3: 1, 4: 0},total_buffers=10
2026-04-24T17:48:48.072530,VIDEO_REJECTED,harmonic rejected video,freq=2145032967.032967,score=0
2026-04-24T17:48:48.328742,PLATEAU_CONFIRMED,Wideband signal detected,freq=2186190476.1904764,bw=5.9814453125,hits=9
2026-04-24T17:48:48.344680,HARMONIC_RESULT,Harmonic classification result,freq=2164942612.9426126,confirmed=False,confirmed_harmonics=0,required=3,hit_counts={1: 1, 2: 1, 3: 1, 4: 0},total_buffers=10
2026-04-24T17:48:48.344728,VIDEO_REJECTED,harmonic rejected video,freq=2164942612.9426126,score=0
2026-04-24T17:48:48.350189,HARMONIC_RESULT,Harmonic classification result,freq=2186190476.1904764,confirmed=False,confirmed_harmonics=0,required=3,hit_counts={1: 0, 2: 0, 3: 0, 4: 0},total_buffers=10
2026-04-24T17:48:48.350251,VIDEO_REJECTED,harmonic rejected video,freq=2186190476.1904764,score=0
2026-04-24T17:48:48.420851,PLATEAU_CONFIRMED,Wideband signal detected,freq=2206854700.854701,bw=4.853515625,hits=9
2026-04-24T17:48:48.449388,HARMONIC_RESULT,Harmonic classification result,freq=2206854700.854701,confirmed=False,confirmed_harmonics=0,required=3,hit_counts={1: 0, 2: 0, 3: 0, 4: 0},total_buffers=10
2026-04-24T17:48:48.449532,VIDEO_REJECTED,harmonic rejected video,freq=2206854700.854701,score=0
2026-04-24T17:48:48.643668,PLATEAU_CONFIRMED,Wideband signal detected,freq=2358566544.5665445,bw=8.2958984375,hits=6
2026-04-24T17:48:48.697488,PLATEAU_CONFIRMED,Wideband signal detected,freq=2380146520.14652,bw=8.30078125,hits=10
2026-04-24T17:48:48.698107,HARMONIC_RESULT,Harmonic classification result,freq=2358566544.5665445,confirmed=False,confirmed_harmonics=0,required=3,hit_counts={1: 0, 2: 0, 3: 0, 4: 0},total_buffers=10
2026-04-24T17:48:48.698187,VIDEO_REJECTED,harmonic rejected video,freq=2358566544.5665445,score=0
2026-04-24T17:48:48.978017,HARMONIC_RESULT,Harmonic classification result,freq=2380146520.14652,confirmed=False,confirmed_harmonics=0,required=3,hit_counts={1: 0, 2: 0, 3: 0, 4: 0},total_buffers=10
2026-04-24T17:48:48.988540,VIDEO_REJECTED,harmonic rejected video,freq=2380146520.14652,score=0
2026-04-24T17:48:49.000863,PLATEAU_CONFIRMED,Wideband signal detected,freq=2407831501.831502,bw=4.3603515625,hits=9
2026-04-24T17:48:49.228681,PLATEAU_CONFIRMED,Wideband signal detected,freq=2411943833.943834,bw=4.658203125,hits=10
2026-04-24T17:48:49.231937,HARMONIC_RESULT,Harmonic classification result,freq=2407831501.831502,confirmed=False,confirmed_harmonics=0,required=3,hit_counts={1: 1, 2: 1, 3: 0, 4: 0},total_buffers=10
2026-04-24T17:48:49.232009,VIDEO_REJECTED,harmonic rejected video,freq=2407831501.831502,score=0
2026-04-24T17:48:49.278532,PLATEAU_CONFIRMED,Wideband signal detected,freq=2434312576.3125763,bw=6.26953125,hits=6
2026-04-24T17:48:49.299828,HARMONIC_RESULT,Harmonic classification result,freq=2411943833.943834,confirmed=False,confirmed_harmonics=0,required=3,hit_counts={1: 0, 2: 0, 3: 0, 4: 0},total_buffers=10
2026-04-24T17:48:49.299981,VIDEO_REJECTED,harmonic rejected video,freq=2411943833.943834,score=0
2026-04-24T17:48:49.345507,PLATEAU_CONFIRMED,Wideband signal detected,freq=2453147741.1477413,bw=6.572265625,hits=10
2026-04-24T17:48:49.357521,HARMONIC_RESULT,Harmonic classification result,freq=2434312576.3125763,confirmed=False,confirmed_harmonics=0,required=3,hit_counts={1: 1, 2: 0, 3: 0, 4: 0},total_buffers=10
2026-04-24T17:48:49.357580,VIDEO_REJECTED,harmonic rejected video,freq=2434312576.3125763,score=0
2026-04-24T17:48:49.391692,HARMONIC_RESULT,Harmonic classification result,freq=2453147741.1477413,confirmed=False,confirmed_harmonics=0,required=3,hit_counts={1: 0, 2: 0, 3: 0, 4: 0},total_buffers=10
2026-04-24T17:48:49.391807,VIDEO_REJECTED,harmonic rejected video,freq=2453147741.1477413,score=0
2026-04-24T17:48:50.027836,PLATEAU_CONFIRMED,Wideband signal detected,freq=2545184371.184371,bw=7.4072265625,hits=10
2026-04-24T17:48:50.060311,HARMONIC_RESULT,Harmonic classification result,freq=2545184371.184371,confirmed=False,confirmed_harmonics=0,required=3,hit_counts={1: 1, 2: 0, 3: 0, 4: 0},total_buffers=10
2026-04-24T17:48:50.060370,VIDEO_REJECTED,harmonic rejected video,freq=2545184371.184371,score=0
2026-04-24T17:48:50.090197,PLATEAU_CONFIRMED,Wideband signal detected,freq=2582214896.214896,bw=5.64453125,hits=4
2026-04-24T17:48:50.135324,HARMONIC_RESULT,Harmonic classification result,freq=2582214896.214896,confirmed=False,confirmed_harmonics=0,required=3,hit_counts={1: 0, 2: 0, 3: 0, 4: 0},total_buffers=10
2026-04-24T17:48:50.137354,VIDEO_REJECTED,harmonic rejected video,freq=2582214896.214896,score=0
2026-04-24T17:48:50.284992,PLATEAU_CONFIRMED,Wideband signal detected,freq=2612964590.964591,bw=5.76171875,hits=7
2026-04-24T17:48:50.382700,PLATEAU_CONFIRMED,Wideband signal detected,freq=2635135531.1355314,bw=8.4130859375,hits=4
2026-04-24T17:48:50.390064,HARMONIC_RESULT,Harmonic classification result,freq=2612964590.964591,confirmed=False,confirmed_harmonics=0,required=3,hit_counts={1: 0, 2: 0, 3: 0, 4: 0},total_buffers=10
2026-04-24T17:48:50.390117,VIDEO_REJECTED,harmonic rejected video,freq=2612964590.964591,score=0
2026-04-24T17:48:50.654076,PLATEAU_CONFIRMED,Wideband signal detected,freq=2652178266.178266,bw=4.3603515625,hits=8
2026-04-24T17:48:50.688110,HARMONIC_RESULT,Harmonic classification result,freq=2635135531.1355314,confirmed=False,confirmed_harmonics=0,required=3,hit_counts={1: 1, 2: 1, 3: 0, 4: 0},total_buffers=10
2026-04-24T17:48:50.698564,VIDEO_REJECTED,harmonic rejected video,freq=2635135531.1355314,score=0
2026-04-24T17:48:50.879626,PLATEAU_CONFIRMED,Wideband signal detected,freq=2672241758.2417583,bw=4.4970703125,hits=10
2026-04-24T17:48:50.885899,HARMONIC_RESULT,Harmonic classification result,freq=2652178266.178266,confirmed=False,confirmed_harmonics=0,required=3,hit_counts={1: 1, 2: 0, 3: 0, 4: 0},total_buffers=10
2026-04-24T17:48:50.885950,VIDEO_REJECTED,harmonic rejected video,freq=2652178266.178266,score=0
2026-04-24T17:48:50.917095,HARMONIC_RESULT,Harmonic classification result,freq=2672241758.2417583,confirmed=False,confirmed_harmonics=0,required=3,hit_counts={1: 0, 2: 0, 3: 0, 4: 0},total_buffers=10
2026-04-24T17:48:50.917190,VIDEO_REJECTED,harmonic rejected video,freq=2672241758.2417583,score=0
2026-04-24T17:48:51.751994,PLATEAU_CONFIRMED,Wideband signal detected,freq=3366437118.4371185,bw=3.9111328125,hits=4
2026-04-24T17:48:51.787180,PLATEAU_CONFIRMED,Wideband signal detected,freq=3385951159.95116,bw=2.9150390625,hits=5
2026-04-24T17:48:51.790961,HARMONIC_RESULT,Harmonic classification result,freq=3366437118.4371185,confirmed=False,confirmed_harmonics=0,required=3,hit_counts={1: 0, 2: 0, 3: 0, 4: 0},total_buffers=10
2026-04-24T17:48:51.791046,VIDEO_REJECTED,harmonic rejected video,freq=3366437118.4371185,score=0
2026-04-24T17:48:51.819944,PLATEAU_REJECTED,Not enough hits,hits=1,required=3,freq=3400000000
2026-04-24T17:48:51.823817,HARMONIC_RESULT,Harmonic classification result,freq=3385951159.95116,confirmed=False,confirmed_harmonics=0,required=3,hit_counts={1: 0, 2: 0, 3: 0, 4: 0},total_buffers=10
2026-04-24T17:48:51.823897,VIDEO_REJECTED,harmonic rejected video,freq=3385951159.95116,score=0
2026-04-24T17:48:51.935457,PLATEAU_CONFIRMED,Wideband signal detected,freq=3426969474.969475,bw=4.912109375,hits=6
2026-04-24T17:48:52.065557,HARMONIC_RESULT,Harmonic classification result,freq=3426969474.969475,confirmed=False,confirmed_harmonics=0,required=3,hit_counts={1: 0, 2: 0, 3: 0, 4: 0},total_buffers=10
2026-04-24T17:48:52.065642,PLATEAU_CONFIRMED,Wideband signal detected,freq=3447411477.4114776,bw=6.1328125,hits=10
2026-04-24T17:48:52.065694,VIDEO_REJECTED,harmonic rejected video,freq=3426969474.969475,score=0
2026-04-24T17:48:52.206829,HARMONIC_RESULT,Harmonic classification result,freq=3447411477.4114776,confirmed=True,confirmed_harmonics=4,required=3,hit_counts={1: 9, 2: 9, 3: 9, 4: 8},total_buffers=10
2026-04-24T17:48:52.228091,VIDEO_CONFIRMED,harmonic confirmed video,freq=3447411477.4114776,score=4
2026-04-24T17:48:52.246072,PLATEAU_CONFIRMED,Wideband signal detected,freq=3452070818.070818,bw=4.8193359375,hits=8
2026-04-24T17:48:52.290755,PLATEAU_CONFIRMED,Wideband signal detected,freq=3473409035.409035,bw=6.8310546875,hits=3
2026-04-24T17:48:52.291126,HARMONIC_RESULT,Harmonic classification result,freq=3452070818.070818,confirmed=True,confirmed_harmonics=4,required=3,hit_counts={1: 9, 2: 9, 3: 9, 4: 6},total_buffers=10
2026-04-24T17:48:52.291264,VIDEO_CONFIRMED,harmonic confirmed video,freq=3452070818.070818,score=4
2026-04-24T17:48:52.332645,PLATEAU_CONFIRMED,Wideband signal detected,freq=3493941391.941392,bw=5.1904296875,hits=5
2026-04-24T17:48:52.336326,HARMONIC_RESULT,Harmonic classification result,freq=3473409035.409035,confirmed=False,confirmed_harmonics=0,required=3,hit_counts={1: 1, 2: 1, 3: 2, 4: 0},total_buffers=10
2026-04-24T17:48:52.336407,VIDEO_REJECTED,harmonic rejected video,freq=3473409035.409035,score=0
2026-04-24T17:48:52.372036,PLATEAU_CONFIRMED,Wideband signal detected,freq=3514488400.4884005,bw=4.404296875,hits=3
2026-04-24T17:48:52.376233,HARMONIC_RESULT,Harmonic classification result,freq=3493941391.941392,confirmed=False,confirmed_harmonics=0,required=3,hit_counts={1: 0, 2: 0, 3: 0, 4: 0},total_buffers=10
2026-04-24T17:48:52.376306,VIDEO_REJECTED,harmonic rejected video,freq=3493941391.941392,score=0
2026-04-24T17:48:52.408383,PLATEAU_CONFIRMED,Wideband signal detected,freq=3536324786.324786,bw=3.3544921875,hits=3
2026-04-24T17:48:52.416943,HARMONIC_RESULT,Harmonic classification result,freq=3514488400.4884005,confirmed=False,confirmed_harmonics=0,required=3,hit_counts={1: 0, 2: 0, 3: 0, 4: 0},total_buffers=10
2026-04-24T17:48:52.417040,VIDEO_REJECTED,harmonic rejected video,freq=3514488400.4884005,score=0
2026-04-24T17:48:52.441846,PLATEAU_CONFIRMED,Wideband signal detected,freq=3553286935.2869353,bw=5.7177734375,hits=3
2026-04-24T17:48:52.452386,HARMONIC_RESULT,Harmonic classification result,freq=3536324786.324786,confirmed=False,confirmed_harmonics=0,required=3,hit_counts={1: 0, 2: 0, 3: 0, 4: 0},total_buffers=10
2026-04-24T17:48:52.455187,VIDEO_REJECTED,harmonic rejected video,freq=3536324786.324786,score=0
2026-04-24T17:48:52.476925,PLATEAU_CONFIRMED,Wideband signal detected,freq=3581841269.84127,bw=9.6484375,hits=8
2026-04-24T17:48:52.489254,HARMONIC_RESULT,Harmonic classification result,freq=3553286935.2869353,confirmed=False,confirmed_harmonics=0,required=3,hit_counts={1: 0, 2: 0, 3: 0, 4: 0},total_buffers=10
2026-04-24T17:48:52.489361,VIDEO_REJECTED,harmonic rejected video,freq=3553286935.2869353,score=0
2026-04-24T17:48:52.508257,PLATEAU_CONFIRMED,Wideband signal detected,freq=3603929181.929182,bw=4.8876953125,hits=3
2026-04-24T17:48:52.519164,HARMONIC_RESULT,Harmonic classification result,freq=3581841269.84127,confirmed=False,confirmed_harmonics=0,required=3,hit_counts={1: 0, 2: 0, 3: 0, 4: 0},total_buffers=10
2026-04-24T17:48:52.519283,VIDEO_REJECTED,harmonic rejected video,freq=3581841269.84127,score=0
2026-04-24T17:48:52.540203,PLATEAU_REJECTED,Not enough hits,hits=1,required=3,freq=3620000000
2026-04-24T17:48:52.552653,HARMONIC_RESULT,Harmonic classification result,freq=3603929181.929182,confirmed=False,confirmed_harmonics=0,required=3,hit_counts={1: 0, 2: 0, 3: 0, 4: 0},total_buffers=10
2026-04-24T17:48:52.554727,VIDEO_REJECTED,harmonic rejected video,freq=3603929181.929182,score=0
2026-04-24T17:48:52.969142,PLATEAU_CONFIRMED,Wideband signal detected,freq=3937164835.164835,bw=9.453125,hits=5
2026-04-24T17:48:52.999810,HARMONIC_RESULT,Harmonic classification result,freq=3937164835.164835,confirmed=False,confirmed_harmonics=0,required=3,hit_counts={1: 0, 2: 0, 3: 0, 4: 0},total_buffers=10
2026-04-24T17:48:52.999960,VIDEO_REJECTED,harmonic rejected video,freq=3937164835.164835,score=0
2026-04-24T17:48:53.297390,PLATEAU_CONFIRMED,Wideband signal detected,freq=4156871794.8717947,bw=8.6376953125,hits=5
2026-04-24T17:48:53.332667,HARMONIC_RESULT,Harmonic classification result,freq=4156871794.8717947,confirmed=False,confirmed_harmonics=0,required=3,hit_counts={1: 2, 2: 0, 3: 0, 4: 0},total_buffers=10
2026-04-24T17:48:53.332729,VIDEO_REJECTED,harmonic rejected video,freq=4156871794.8717947,score=0
2026-04-24T17:48:54.348521,PLATEAU_CONFIRMED,Wideband signal detected,freq=4985995115.995116,bw=3.4716796875,hits=5
2026-04-24T17:48:54.390861,PLATEAU_CONFIRMED,Wideband signal detected,freq=5004656898.6568985,bw=8.53515625,hits=6
2026-04-24T17:48:54.391598,HARMONIC_RESULT,Harmonic classification result,freq=4985995115.995116,confirmed=False,confirmed_harmonics=0,required=3,hit_counts={1: 0, 2: 0, 3: 0, 4: 0},total_buffers=10
2026-04-24T17:48:54.391677,VIDEO_REJECTED,harmonic rejected video,freq=4985995115.995116,score=0
2026-04-24T17:48:54.443709,PLATEAU_CONFIRMED,Wideband signal detected,freq=5023123321.123322,bw=8.0517578125,hits=10
2026-04-24T17:48:54.447499,HARMONIC_RESULT,Harmonic classification result,freq=5004656898.6568985,confirmed=False,confirmed_harmonics=0,required=3,hit_counts={1: 0, 2: 0, 3: 0, 4: 0},total_buffers=10
2026-04-24T17:48:54.447662,VIDEO_REJECTED,harmonic rejected video,freq=5004656898.6568985,score=0
2026-04-24T17:48:54.478449,PLATEAU_REJECTED,Not enough hits,hits=2,required=3,freq=5040000000
2026-04-24T17:48:54.486482,HARMONIC_RESULT,Harmonic classification result,freq=5023123321.123322,confirmed=False,confirmed_harmonics=0,required=3,hit_counts={1: 0, 2: 0, 3: 0, 4: 0},total_buffers=10
2026-04-24T17:48:54.486609,VIDEO_REJECTED,harmonic rejected video,freq=5023123321.123322,score=0
2026-04-24T17:48:54.505958,PLATEAU_REJECTED,Not enough hits,hits=1,required=3,freq=5060000000
