2026-04-24T17:24:38.895358,AUTOCORR_SAMPLE,Per-buffer autocorr result,freq=102214896.21489622,peak=0.13009916804730892,peak2=0.035394271835684776,lag_off=-4.0,confirmed=False
2026-04-24T17:24:38.899055,AUTOCORR_SAMPLE,Per-buffer autocorr result,freq=102214896.21489622,peak=0.06739466916769743,peak2=0.05157050397247076,lag_off=-3.0,confirmed=False
2026-04-24T17:24:38.901664,AUTOCORR_SAMPLE,Per-buffer autocorr result,freq=102214896.21489622,peak=0.07222031056880951,peak2=0.004212778061628342,lag_off=-5.0,confirmed=False
2026-04-24T17:24:38.902415,AUTOCORR_SAMPLE,Per-buffer autocorr result,freq=102214896.21489622,peak=0.02242395654320717,peak2=-0.022253425791859627,lag_off=-4.0,confirmed=False
2026-04-24T17:24:38.903245,AUTOCORR_SAMPLE,Per-buffer autocorr result,freq=102214896.21489622,peak=0.11494755372405052,peak2=0.0475667305290699,lag_off=1.0,confirmed=False
2026-04-24T17:24:38.905996,AUTOCORR_SAMPLE,Per-buffer autocorr result,freq=102214896.21489622,peak=0.015390217304229736,peak2=-0.014491043984889984,lag_off=1.0,confirmed=False
2026-04-24T17:24:38.906781,AUTOCORR_SAMPLE,Per-buffer autocorr result,freq=102214896.21489622,peak=0.13935176469385624,peak2=0.03200551774352789,lag_off=1.0,confirmed=False
2026-04-24T17:24:38.909685,AUTOCORR_SAMPLE,Per-buffer autocorr result,freq=102214896.21489622,peak=0.034309640526771545,peak2=-0.022970713675022125,lag_off=-6.0,confirmed=False
2026-04-24T17:24:38.910368,AUTOCORR_SAMPLE,Per-buffer autocorr result,freq=102214896.21489622,peak=0.07534522283822298,peak2=0.08595289755612612,lag_off=6.0,confirmed=False
2026-04-24T17:24:38.911171,AUTOCORR_SAMPLE,Per-buffer autocorr result,freq=102214896.21489622,peak=0.07457532733678818,peak2=0.04722835123538971,lag_off=1.0,confirmed=False
2026-04-24T17:24:38.913210,AUTOCORR_RESULT,autocorr classification,freq=102214896.21489622,votes=0,total=10,score=0.0,confirmed=False
2026-04-24T17:24:38.933535,AUTOCORR_SAMPLE,Per-buffer autocorr result,freq=125299145.2991453,peak=0.06739466916769743,peak2=0.05157050397247076,lag_off=-3.0,confirmed=False
2026-04-24T17:24:38.934362,AUTOCORR_SAMPLE,Per-buffer autocorr result,freq=125299145.2991453,peak=0.1304045429569669,peak2=0.06832468864740804,lag_off=1.0,confirmed=False
2026-04-24T17:24:38.937356,AUTOCORR_SAMPLE,Per-buffer autocorr result,freq=125299145.2991453,peak=0.1448977505788207,peak2=0.06250093784183264,lag_off=3.0,confirmed=False
2026-04-24T17:24:38.940779,AUTOCORR_SAMPLE,Per-buffer autocorr result,freq=125299145.2991453,peak=0.05467856116592884,peak2=0.0884146187454462,lag_off=4.0,confirmed=False
2026-04-24T17:24:38.941693,AUTOCORR_SAMPLE,Per-buffer autocorr result,freq=125299145.2991453,peak=0.09370133792981505,peak2=0.12060891604050994,lag_off=6.0,confirmed=False
2026-04-24T17:24:38.944671,AUTOCORR_SAMPLE,Per-buffer autocorr result,freq=125299145.2991453,peak=-0.010848138481378555,peak2=-0.01984470710158348,lag_off=1.0,confirmed=False
2026-04-24T17:24:38.947873,AUTOCORR_SAMPLE,Per-buffer autocorr result,freq=125299145.2991453,peak=0.01403510570526123,peak2=0.007620789110660553,lag_off=1.0,confirmed=False
2026-04-24T17:24:38.948681,AUTOCORR_SAMPLE,Per-buffer autocorr result,freq=125299145.2991453,peak=0.0795915350317955,peak2=0.0007314421236515045,lag_off=1.0,confirmed=False
2026-04-24T17:24:38.949510,AUTOCORR_SAMPLE,Per-buffer autocorr result,freq=125299145.2991453,peak=0.07628239970654249,peak2=0.06647853087633848,lag_off=-1.0,confirmed=False
2026-04-24T17:24:38.952954,AUTOCORR_SAMPLE,Per-buffer autocorr result,freq=125299145.2991453,peak=0.029024146497249603,peak2=0.04191215708851814,lag_off=-3.0,confirmed=False
2026-04-24T17:24:38.953047,AUTOCORR_RESULT,autocorr classification,freq=125299145.2991453,votes=0,total=10,score=0.0,confirmed=False
2026-04-24T17:24:38.975853,AUTOCORR_SAMPLE,Per-buffer autocorr result,freq=145548229.54822955,peak=0.036315640434622765,peak2=0.012296942993998528,lag_off=-4.0,confirmed=False
2026-04-24T17:24:38.976734,AUTOCORR_SAMPLE,Per-buffer autocorr result,freq=145548229.54822955,peak=0.0960676409304142,peak2=-0.02148645231500268,lag_off=-2.0,confirmed=False
2026-04-24T17:24:38.979437,AUTOCORR_SAMPLE,Per-buffer autocorr result,freq=145548229.54822955,peak=0.05339618120342493,peak2=0.029676062054932117,lag_off=2.0,confirmed=False
2026-04-24T17:24:38.980344,AUTOCORR_SAMPLE,Per-buffer autocorr result,freq=145548229.54822955,peak=0.08563137985765934,peak2=0.07978764362633228,lag_off=-2.0,confirmed=False
2026-04-24T17:24:38.983187,AUTOCORR_SAMPLE,Per-buffer autocorr result,freq=145548229.54822955,peak=0.07612783089280128,peak2=-0.015106585808098316,lag_off=0.0,confirmed=False
2026-04-24T17:24:38.984129,AUTOCORR_SAMPLE,Per-buffer autocorr result,freq=145548229.54822955,peak=0.04049282427877188,peak2=0.0405671326443553,lag_off=2.0,confirmed=False
2026-04-24T17:24:38.986972,AUTOCORR_SAMPLE,Per-buffer autocorr result,freq=145548229.54822955,peak=0.06999375112354755,peak2=0.033435435965657234,lag_off=0.0,confirmed=False
2026-04-24T17:24:38.987767,AUTOCORR_SAMPLE,Per-buffer autocorr result,freq=145548229.54822955,peak=0.08176364656537771,peak2=0.028360198251903057,lag_off=0.0,confirmed=False
2026-04-24T17:24:38.991791,AUTOCORR_SAMPLE,Per-buffer autocorr result,freq=145548229.54822955,peak=0.07776068523526192,peak2=-0.021127406507730484,lag_off=5.0,confirmed=False
2026-04-24T17:24:38.994826,AUTOCORR_SAMPLE,Per-buffer autocorr result,freq=145548229.54822955,peak=0.06908455397933722,peak2=0.053525096736848354,lag_off=3.0,confirmed=False
2026-04-24T17:24:38.994921,AUTOCORR_RESULT,autocorr classification,freq=145548229.54822955,votes=0,total=10,score=0.0,confirmed=False
2026-04-24T17:24:39.012015,AUTOCORR_SAMPLE,Per-buffer autocorr result,freq=161789987.7899878,peak=0.0960676409304142,peak2=-0.02148645231500268,lag_off=-2.0,confirmed=False
2026-04-24T17:24:39.015268,AUTOCORR_SAMPLE,Per-buffer autocorr result,freq=161789987.7899878,peak=-0.09710139036178589,peak2=0.02032344788312912,lag_off=4.0,confirmed=False
2026-04-24T17:24:39.016238,AUTOCORR_SAMPLE,Per-buffer autocorr result,freq=161789987.7899878,peak=0.17559219244867563,peak2=-0.02584854792803526,lag_off=4.0,confirmed=False
2026-04-24T17:24:39.019257,AUTOCORR_SAMPLE,Per-buffer autocorr result,freq=161789987.7899878,peak=0.09300138428807259,peak2=0.10783295705914497,lag_off=0.0,confirmed=False
2026-04-24T17:24:39.019952,AUTOCORR_SAMPLE,Per-buffer autocorr result,freq=161789987.7899878,peak=0.07821205258369446,peak2=-0.0029512718319892883,lag_off=-4.0,confirmed=False
2026-04-24T17:24:39.023625,AUTOCORR_SAMPLE,Per-buffer autocorr result,freq=161789987.7899878,peak=0.08522702660411596,peak2=0.09392547514289618,lag_off=-6.0,confirmed=False
2026-04-24T17:24:39.024316,AUTOCORR_SAMPLE,Per-buffer autocorr result,freq=161789987.7899878,peak=0.00681140273809433,peak2=0.005675230175256729,lag_off=-5.0,confirmed=False
2026-04-24T17:24:39.027178,AUTOCORR_SAMPLE,Per-buffer autocorr result,freq=161789987.7899878,peak=0.08702273853123188,peak2=0.05644829012453556,lag_off=1.0,confirmed=False
2026-04-24T17:24:39.027973,AUTOCORR_SAMPLE,Per-buffer autocorr result,freq=161789987.7899878,peak=0.08578735217452049,peak2=0.053929854184389114,lag_off=6.0,confirmed=False
2026-04-24T17:24:39.030476,AUTOCORR_SAMPLE,Per-buffer autocorr result,freq=161789987.7899878,peak=0.04707336868159473,peak2=0.08960491861216724,lag_off=4.0,confirmed=False
2026-04-24T17:24:39.030604,AUTOCORR_RESULT,autocorr classification,freq=161789987.7899878,votes=0,total=10,score=0.0,confirmed=False
2026-04-24T17:24:39.130690,AUTOCORR_SAMPLE,Per-buffer autocorr result,freq=226813186.81318682,peak=0.057619741186499596,peak2=0.011703642085194588,lag_off=-2.0,confirmed=False
2026-04-24T17:24:39.133947,AUTOCORR_SAMPLE,Per-buffer autocorr result,freq=226813186.81318682,peak=0.018378417240455747,peak2=0.11429407843388617,lag_off=4.0,confirmed=False
2026-04-24T17:24:39.137332,AUTOCORR_SAMPLE,Per-buffer autocorr result,freq=226813186.81318682,peak=0.026758356993013876,peak2=0.0680550160304847,lag_off=2.0,confirmed=False
2026-04-24T17:24:39.138465,AUTOCORR_SAMPLE,Per-buffer autocorr result,freq=226813186.81318682,peak=0.04824112355709076,peak2=0.059021517634391785,lag_off=-5.0,confirmed=False
2026-04-24T17:24:39.142580,AUTOCORR_SAMPLE,Per-buffer autocorr result,freq=226813186.81318682,peak=0.0709536224603653,peak2=0.01569804921746254,lag_off=-4.0,confirmed=False
2026-04-24T17:24:39.143220,AUTOCORR_SAMPLE,Per-buffer autocorr result,freq=226813186.81318682,peak=0.07536978647112846,peak2=0.05582287535071373,lag_off=-5.0,confirmed=False
2026-04-24T17:24:39.147026,AUTOCORR_SAMPLE,Per-buffer autocorr result,freq=226813186.81318682,peak=0.06213322374969721,peak2=0.08521150890737772,lag_off=-4.0,confirmed=False
2026-04-24T17:24:39.147886,AUTOCORR_SAMPLE,Per-buffer autocorr result,freq=226813186.81318682,peak=0.03775930032134056,peak2=0.11073661595582962,lag_off=-6.0,confirmed=False
2026-04-24T17:24:39.152431,AUTOCORR_SAMPLE,Per-buffer autocorr result,freq=226813186.81318682,peak=0.04960500937886536,peak2=0.08583457139320672,lag_off=0.0,confirmed=False
2026-04-24T17:24:39.158674,AUTOCORR_SAMPLE,Per-buffer autocorr result,freq=226813186.81318682,peak=0.02810732088983059,peak2=0.018415814265608788,lag_off=0.0,confirmed=False
2026-04-24T17:24:39.158840,AUTOCORR_RESULT,autocorr classification,freq=226813186.81318682,votes=0,total=10,score=0.0,confirmed=False
2026-04-24T17:24:39.195623,AUTOCORR_SAMPLE,Per-buffer autocorr result,freq=246446886.44688645,peak=0.018378417240455747,peak2=0.11429407843388617,lag_off=4.0,confirmed=False
2026-04-24T17:24:39.199336,AUTOCORR_SAMPLE,Per-buffer autocorr result,freq=246446886.44688645,peak=0.09245451865717769,peak2=0.08264661161229014,lag_off=6.0,confirmed=False
2026-04-24T17:24:39.202822,AUTOCORR_SAMPLE,Per-buffer autocorr result,freq=246446886.44688645,peak=0.13280696514993906,peak2=0.16327127162367105,lag_off=0.0,confirmed=False
2026-04-24T17:24:39.206696,AUTOCORR_SAMPLE,Per-buffer autocorr result,freq=246446886.44688645,peak=0.15761701751034707,peak2=0.11203849304001778,lag_off=-4.0,confirmed=False
2026-04-24T17:24:39.207887,AUTOCORR_SAMPLE,Per-buffer autocorr result,freq=246446886.44688645,peak=-0.03706582775339484,peak2=0.05874301865696907,lag_off=1.0,confirmed=False
2026-04-24T17:24:39.210788,AUTOCORR_SAMPLE,Per-buffer autocorr result,freq=246446886.44688645,peak=0.09612317383289337,peak2=0.01717863231897354,lag_off=-4.0,confirmed=False
2026-04-24T17:24:39.211621,AUTOCORR_SAMPLE,Per-buffer autocorr result,freq=246446886.44688645,peak=-0.00704263336956501,peak2=-0.014032719656825066,lag_off=1.0,confirmed=False
2026-04-24T17:24:39.214511,AUTOCORR_SAMPLE,Per-buffer autocorr result,freq=246446886.44688645,peak=-0.051867276430130005,peak2=-0.0542885959148407,lag_off=-4.0,confirmed=False
2026-04-24T17:24:39.218177,AUTOCORR_SAMPLE,Per-buffer autocorr result,freq=246446886.44688645,peak=0.09303509443998337,peak2=-0.06151775736361742,lag_off=1.0,confirmed=False
2026-04-24T17:24:39.219150,AUTOCORR_SAMPLE,Per-buffer autocorr result,freq=246446886.44688645,peak=0.028062019497156143,peak2=0.09433738514780998,lag_off=4.0,confirmed=False
2026-04-24T17:24:39.221299,AUTOCORR_RESULT,autocorr classification,freq=246446886.44688645,votes=0,total=10,score=0.0,confirmed=False
2026-04-24T17:24:39.290657,AUTOCORR_SAMPLE,Per-buffer autocorr result,freq=293960927.96092796,peak=0.1314814556390047,peak2=0.10202998109161854,lag_off=5.0,confirmed=False
2026-04-24T17:24:39.291330,AUTOCORR_SAMPLE,Per-buffer autocorr result,freq=293960927.96092796,peak=0.015205644071102142,peak2=-0.013086002320051193,lag_off=1.0,confirmed=False
2026-04-24T17:24:39.294504,AUTOCORR_SAMPLE,Per-buffer autocorr result,freq=293960927.96092796,peak=0.02574202511459589,peak2=0.022444521076977253,lag_off=6.0,confirmed=False
2026-04-24T17:24:39.297475,AUTOCORR_SAMPLE,Per-buffer autocorr result,freq=293960927.96092796,peak=-0.010501313954591751,peak2=-0.05519144609570503,lag_off=-3.0,confirmed=False
2026-04-24T17:24:39.298212,AUTOCORR_SAMPLE,Per-buffer autocorr result,freq=293960927.96092796,peak=-0.02479690033942461,peak2=0.054501879028975964,lag_off=5.0,confirmed=False
2026-04-24T17:24:39.301035,AUTOCORR_SAMPLE,Per-buffer autocorr result,freq=293960927.96092796,peak=-0.05228968570008874,peak2=-0.05530579714104533,lag_off=0.0,confirmed=False
2026-04-24T17:24:39.301662,AUTOCORR_SAMPLE,Per-buffer autocorr result,freq=293960927.96092796,peak=0.11760978028178215,peak2=0.031976595520973206,lag_off=6.0,confirmed=False
2026-04-24T17:24:39.304581,AUTOCORR_SAMPLE,Per-buffer autocorr result,freq=293960927.96092796,peak=-0.007005507126450539,peak2=0.01933647319674492,lag_off=2.0,confirmed=False
2026-04-24T17:24:39.305590,AUTOCORR_SAMPLE,Per-buffer autocorr result,freq=293960927.96092796,peak=0.04830089397728443,peak2=0.012036750093102455,lag_off=1.0,confirmed=False
2026-04-24T17:24:39.309626,AUTOCORR_SAMPLE,Per-buffer autocorr result,freq=293960927.96092796,peak=0.008565545082092285,peak2=0.10499867983162403,lag_off=-4.0,confirmed=False
2026-04-24T17:24:39.309704,AUTOCORR_RESULT,autocorr classification,freq=293960927.96092796,votes=0,total=10,score=0.0,confirmed=False
2026-04-24T17:24:39.329572,AUTOCORR_SAMPLE,Per-buffer autocorr result,freq=314109890.1098901,peak=-0.010721953585743904,peak2=0.14142808690667152,lag_off=-2.0,confirmed=False
2026-04-24T17:24:39.332398,AUTOCORR_SAMPLE,Per-buffer autocorr result,freq=314109890.1098901,peak=0.0834790114313364,peak2=0.05213230289518833,lag_off=2.0,confirmed=False
2026-04-24T17:24:39.333137,AUTOCORR_SAMPLE,Per-buffer autocorr result,freq=314109890.1098901,peak=0.11428015772253275,peak2=0.14546838495880365,lag_off=1.0,confirmed=False
2026-04-24T17:24:39.335711,AUTOCORR_SAMPLE,Per-buffer autocorr result,freq=314109890.1098901,peak=0.08668847382068634,peak2=0.01919567957520485,lag_off=-1.0,confirmed=False
2026-04-24T17:24:39.336510,AUTOCORR_SAMPLE,Per-buffer autocorr result,freq=314109890.1098901,peak=0.07507054507732391,peak2=0.018086135387420654,lag_off=5.0,confirmed=False
2026-04-24T17:24:39.339613,AUTOCORR_SAMPLE,Per-buffer autocorr result,freq=314109890.1098901,peak=0.053860850632190704,peak2=0.02669435739517212,lag_off=6.0,confirmed=False
2026-04-24T17:24:39.342294,AUTOCORR_SAMPLE,Per-buffer autocorr result,freq=314109890.1098901,peak=0.16550598852336407,peak2=0.006042571738362312,lag_off=1.0,confirmed=False
2026-04-24T17:24:39.343065,AUTOCORR_SAMPLE,Per-buffer autocorr result,freq=314109890.1098901,peak=0.11991845164448023,peak2=0.08342696074396372,lag_off=5.0,confirmed=False
2026-04-24T17:24:39.345773,AUTOCORR_SAMPLE,Per-buffer autocorr result,freq=314109890.1098901,peak=0.05504375509917736,peak2=0.10064290650188923,lag_off=-4.0,confirmed=False
2026-04-24T17:24:39.346406,AUTOCORR_SAMPLE,Per-buffer autocorr result,freq=314109890.1098901,peak=0.10912733059376478,peak2=0.06952185463160276,lag_off=3.0,confirmed=False
2026-04-24T17:24:39.348722,AUTOCORR_RESULT,autocorr classification,freq=314109890.1098901,votes=0,total=10,score=0.0,confirmed=False
2026-04-24T17:24:39.446287,AUTOCORR_SAMPLE,Per-buffer autocorr result,freq=393238095.2380952,peak=0.08155506383627653,peak2=0.055400843732059,lag_off=0.0,confirmed=False
2026-04-24T17:24:39.449913,AUTOCORR_SAMPLE,Per-buffer autocorr result,freq=393238095.2380952,peak=0.02040174324065447,peak2=0.030875851400196552,lag_off=5.0,confirmed=False
2026-04-24T17:24:39.452536,AUTOCORR_SAMPLE,Per-buffer autocorr result,freq=393238095.2380952,peak=0.03443736582994461,peak2=0.1176698599010706,lag_off=0.0,confirmed=False
2026-04-24T17:24:39.453210,AUTOCORR_SAMPLE,Per-buffer autocorr result,freq=393238095.2380952,peak=0.030491415411233902,peak2=0.06605935841798782,lag_off=-2.0,confirmed=False
2026-04-24T17:24:39.456689,AUTOCORR_SAMPLE,Per-buffer autocorr result,freq=393238095.2380952,peak=0.07960532215656713,peak2=0.07809933630051091,lag_off=4.0,confirmed=False
2026-04-24T17:24:39.459362,AUTOCORR_SAMPLE,Per-buffer autocorr result,freq=393238095.2380952,peak=0.0971303335390985,peak2=0.0789680085144937,lag_off=0.0,confirmed=False
2026-04-24T17:24:39.460139,AUTOCORR_SAMPLE,Per-buffer autocorr result,freq=393238095.2380952,peak=0.13659114483743906,peak2=0.00637263897806406,lag_off=4.0,confirmed=False
2026-04-24T17:24:39.462796,AUTOCORR_SAMPLE,Per-buffer autocorr result,freq=393238095.2380952,peak=0.04664967864664504,peak2=0.13249797284515807,lag_off=2.0,confirmed=False
2026-04-24T17:24:39.465392,AUTOCORR_SAMPLE,Per-buffer autocorr result,freq=393238095.2380952,peak=0.08807088027242571,peak2=0.09413626382593066,lag_off=-4.0,confirmed=False
2026-04-24T17:24:39.466205,AUTOCORR_SAMPLE,Per-buffer autocorr result,freq=393238095.2380952,peak=0.12683186121284962,peak2=0.06467578746378422,lag_off=-1.0,confirmed=False
2026-04-24T17:24:39.466301,AUTOCORR_RESULT,autocorr classification,freq=393238095.2380952,votes=0,total=10,score=0.0,confirmed=False
2026-04-24T17:24:39.684216,AUTOCORR_SAMPLE,Per-buffer autocorr result,freq=563865689.8656899,peak=0.05073529842775315,peak2=0.05573479819577187,lag_off=3.0,confirmed=False
2026-04-24T17:24:39.687231,AUTOCORR_SAMPLE,Per-buffer autocorr result,freq=563865689.8656899,peak=0.12590631283819675,peak2=0.028996801003813744,lag_off=-1.0,confirmed=False
2026-04-24T17:24:39.688135,AUTOCORR_SAMPLE,Per-buffer autocorr result,freq=563865689.8656899,peak=-0.08031181246042252,peak2=-0.00812004879117012,lag_off=4.0,confirmed=False
2026-04-24T17:24:39.691428,AUTOCORR_SAMPLE,Per-buffer autocorr result,freq=563865689.8656899,peak=0.07866990379989147,peak2=-0.012016210705041885,lag_off=-5.0,confirmed=False
2026-04-24T17:24:39.694582,AUTOCORR_SAMPLE,Per-buffer autocorr result,freq=563865689.8656899,peak=0.08923538029193878,peak2=-0.0538505376316607,lag_off=-6.0,confirmed=False
2026-04-24T17:24:39.695423,AUTOCORR_SAMPLE,Per-buffer autocorr result,freq=563865689.8656899,peak=0.04572101682424545,peak2=-0.15580396726727486,lag_off=-5.0,confirmed=False
2026-04-24T17:24:39.698028,AUTOCORR_SAMPLE,Per-buffer autocorr result,freq=563865689.8656899,peak=0.02201920747756958,peak2=-0.032857369049452245,lag_off=-5.0,confirmed=False
2026-04-24T17:24:39.698828,AUTOCORR_SAMPLE,Per-buffer autocorr result,freq=563865689.8656899,peak=-0.0003988388925790787,peak2=-0.017904468812048435,lag_off=-3.0,confirmed=False
2026-04-24T17:24:39.701671,AUTOCORR_SAMPLE,Per-buffer autocorr result,freq=563865689.8656899,peak=0.03241712786257267,peak2=-0.016320964321494102,lag_off=5.0,confirmed=False
2026-04-24T17:24:39.702459,AUTOCORR_SAMPLE,Per-buffer autocorr result,freq=563865689.8656899,peak=-0.07683061622083187,peak2=-0.13225875049829483,lag_off=-2.0,confirmed=False
2026-04-24T17:24:39.702702,AUTOCORR_RESULT,autocorr classification,freq=563865689.8656899,votes=0,total=10,score=0.0,confirmed=False
2026-04-24T17:24:39.720329,AUTOCORR_SAMPLE,Per-buffer autocorr result,freq=585472527.4725275,peak=0.12590631283819675,peak2=0.028996801003813744,lag_off=-1.0,confirmed=False
2026-04-24T17:24:39.723733,AUTOCORR_SAMPLE,Per-buffer autocorr result,freq=585472527.4725275,peak=0.05299866944551468,peak2=0.017564842477440834,lag_off=-3.0,confirmed=False
2026-04-24T17:24:39.724691,AUTOCORR_SAMPLE,Per-buffer autocorr result,freq=585472527.4725275,peak=0.05963356309803203,peak2=0.061264878895599395,lag_off=-2.0,confirmed=False
2026-04-24T17:24:39.727423,AUTOCORR_SAMPLE,Per-buffer autocorr result,freq=585472527.4725275,peak=0.01714586466550827,peak2=-0.007727138698101044,lag_off=5.0,confirmed=False
2026-04-24T17:24:39.728344,AUTOCORR_SAMPLE,Per-buffer autocorr result,freq=585472527.4725275,peak=0.05602052202448249,peak2=0.042650976683944464,lag_off=5.0,confirmed=False
2026-04-24T17:24:39.731231,AUTOCORR_SAMPLE,Per-buffer autocorr result,freq=585472527.4725275,peak=0.06390092149376869,peak2=0.0023914705961942673,lag_off=0.0,confirmed=False
2026-04-24T17:24:39.732112,AUTOCORR_SAMPLE,Per-buffer autocorr result,freq=585472527.4725275,peak=0.11274398490786552,peak2=-0.045942572643980384,lag_off=-2.0,confirmed=False
2026-04-24T17:24:39.735037,AUTOCORR_SAMPLE,Per-buffer autocorr result,freq=585472527.4725275,peak=0.036820842418819666,peak2=0.13550906674936414,lag_off=2.0,confirmed=False
2026-04-24T17:24:39.735883,AUTOCORR_SAMPLE,Per-buffer autocorr result,freq=585472527.4725275,peak=0.10652384953573346,peak2=0.06991529511287808,lag_off=-5.0,confirmed=False
2026-04-24T17:24:39.739306,AUTOCORR_SAMPLE,Per-buffer autocorr result,freq=585472527.4725275,peak=0.08272111089900136,peak2=0.031336859334260225,lag_off=-5.0,confirmed=False
2026-04-24T17:24:39.739386,AUTOCORR_RESULT,autocorr classification,freq=585472527.4725275,votes=0,total=10,score=0.0,confirmed=False
2026-04-24T17:24:39.758863,AUTOCORR_SAMPLE,Per-buffer autocorr result,freq=606126984.1269841,peak=0.0639338957844302,peak2=0.06158606137614697,lag_off=0.0,confirmed=False
2026-04-24T17:24:39.761765,AUTOCORR_SAMPLE,Per-buffer autocorr result,freq=606126984.1269841,peak=0.11896299803629518,peak2=0.06798673281446099,lag_off=3.0,confirmed=False
2026-04-24T17:24:39.762386,AUTOCORR_SAMPLE,Per-buffer autocorr result,freq=606126984.1269841,peak=0.09644956374540925,peak2=0.06605554604902864,lag_off=3.0,confirmed=False
2026-04-24T17:24:39.765175,AUTOCORR_SAMPLE,Per-buffer autocorr result,freq=606126984.1269841,peak=0.1490061362273991,peak2=0.1003374089486897,lag_off=2.0,confirmed=False
2026-04-24T17:24:39.768351,AUTOCORR_SAMPLE,Per-buffer autocorr result,freq=606126984.1269841,peak=0.0923153180629015,peak2=0.07577946968376637,lag_off=4.0,confirmed=False
2026-04-24T17:24:39.769136,AUTOCORR_SAMPLE,Per-buffer autocorr result,freq=606126984.1269841,peak=0.09923757240176201,peak2=0.08308245614171028,lag_off=0.0,confirmed=False
2026-04-24T17:24:39.769956,AUTOCORR_SAMPLE,Per-buffer autocorr result,freq=606126984.1269841,peak=0.10910662077367306,peak2=0.11956704221665859,lag_off=-1.0,confirmed=False
2026-04-24T17:24:39.773200,AUTOCORR_SAMPLE,Per-buffer autocorr result,freq=606126984.1269841,peak=0.1323617888847366,peak2=0.10213332308921963,lag_off=2.0,confirmed=False
2026-04-24T17:24:39.776160,AUTOCORR_SAMPLE,Per-buffer autocorr result,freq=606126984.1269841,peak=0.09943996043875813,peak2=0.10259374650195241,lag_off=-6.0,confirmed=False
2026-04-24T17:24:39.776833,AUTOCORR_SAMPLE,Per-buffer autocorr result,freq=606126984.1269841,peak=0.17004854790866375,peak2=0.0826191958039999,lag_off=6.0,confirmed=False
2026-04-24T17:24:39.778929,AUTOCORR_RESULT,autocorr classification,freq=606126984.1269841,votes=0,total=10,score=0.0,confirmed=False
2026-04-24T17:24:39.824853,AUTOCORR_SAMPLE,Per-buffer autocorr result,freq=646195360.1953602,peak=0.11774715362116694,peak2=0.04921523807570338,lag_off=0.0,confirmed=False
2026-04-24T17:24:39.827704,AUTOCORR_SAMPLE,Per-buffer autocorr result,freq=646195360.1953602,peak=0.07135539269074798,peak2=0.05174012994393706,lag_off=3.0,confirmed=False
2026-04-24T17:24:39.828562,AUTOCORR_SAMPLE,Per-buffer autocorr result,freq=646195360.1953602,peak=0.05828783428296447,peak2=0.05440127244219184,lag_off=0.0,confirmed=False
2026-04-24T17:24:39.831369,AUTOCORR_SAMPLE,Per-buffer autocorr result,freq=646195360.1953602,peak=0.03910243511199951,peak2=0.009898081421852112,lag_off=5.0,confirmed=False
2026-04-24T17:24:39.832179,AUTOCORR_SAMPLE,Per-buffer autocorr result,freq=646195360.1953602,peak=0.10496684536337852,peak2=0.06016860902309418,lag_off=-2.0,confirmed=False
2026-04-24T17:24:39.835062,AUTOCORR_SAMPLE,Per-buffer autocorr result,freq=646195360.1953602,peak=0.06753959506750107,peak2=0.04142197594046593,lag_off=3.0,confirmed=False
2026-04-24T17:24:39.836036,AUTOCORR_SAMPLE,Per-buffer autocorr result,freq=646195360.1953602,peak=0.1309479158371687,peak2=0.0666248481720686,lag_off=5.0,confirmed=False
2026-04-24T17:24:39.839365,AUTOCORR_SAMPLE,Per-buffer autocorr result,freq=646195360.1953602,peak=0.11599047458730638,peak2=0.028522863751277328,lag_off=0.0,confirmed=False
2026-04-24T17:24:39.840384,AUTOCORR_SAMPLE,Per-buffer autocorr result,freq=646195360.1953602,peak=0.043994579929858446,peak2=0.06704793917015195,lag_off=-2.0,confirmed=False
2026-04-24T17:24:39.843442,AUTOCORR_SAMPLE,Per-buffer autocorr result,freq=646195360.1953602,peak=0.05929889949038625,peak2=0.03437189431861043,lag_off=-3.0,confirmed=False
2026-04-24T17:24:39.843519,AUTOCORR_RESULT,autocorr classification,freq=646195360.1953602,votes=0,total=10,score=0.0,confirmed=False
2026-04-24T17:24:39.892016,AUTOCORR_SAMPLE,Per-buffer autocorr result,freq=685873015.8730159,peak=0.049739060224965215,peak2=0.12022946891374886,lag_off=-4.0,confirmed=False
2026-04-24T17:24:39.894739,AUTOCORR_SAMPLE,Per-buffer autocorr result,freq=685873015.8730159,peak=0.048667414113879204,peak2=0.029080035164952278,lag_off=0.0,confirmed=False
2026-04-24T17:24:39.895578,AUTOCORR_SAMPLE,Per-buffer autocorr result,freq=685873015.8730159,peak=0.18262762669473886,peak2=0.09051815513521433,lag_off=-5.0,confirmed=False
2026-04-24T17:24:39.898370,AUTOCORR_SAMPLE,Per-buffer autocorr result,freq=685873015.8730159,peak=0.0722079195547849,peak2=0.044061432825401425,lag_off=-2.0,confirmed=False
2026-04-24T17:24:39.899137,AUTOCORR_SAMPLE,Per-buffer autocorr result,freq=685873015.8730159,peak=0.08724160213023424,peak2=0.06590164173394442,lag_off=1.0,confirmed=False
2026-04-24T17:24:39.901834,AUTOCORR_SAMPLE,Per-buffer autocorr result,freq=685873015.8730159,peak=0.048958439962007105,peak2=0.05683671741280705,lag_off=-5.0,confirmed=False
2026-04-24T17:24:39.902638,AUTOCORR_SAMPLE,Per-buffer autocorr result,freq=685873015.8730159,peak=0.045393054373562336,peak2=0.049580675549805164,lag_off=-4.0,confirmed=False
2026-04-24T17:24:39.905323,AUTOCORR_SAMPLE,Per-buffer autocorr result,freq=685873015.8730159,peak=0.05897738691419363,peak2=0.03973302524536848,lag_off=-2.0,confirmed=False
2026-04-24T17:24:39.906212,AUTOCORR_SAMPLE,Per-buffer autocorr result,freq=685873015.8730159,peak=0.07026612479239702,peak2=0.08407848048955202,lag_off=-4.0,confirmed=False
2026-04-24T17:24:39.908954,AUTOCORR_SAMPLE,Per-buffer autocorr result,freq=685873015.8730159,peak=0.07354178326204419,peak2=0.08185850875452161,lag_off=-5.0,confirmed=False
2026-04-24T17:24:39.909120,AUTOCORR_RESULT,autocorr classification,freq=685873015.8730159,votes=0,total=10,score=0.0,confirmed=False
2026-04-24T17:24:40.291611,AUTOCORR_SAMPLE,Per-buffer autocorr result,freq=941916971.9169719,peak=0.05834185238927603,peak2=0.02281780820339918,lag_off=-2.0,confirmed=False
2026-04-24T17:24:40.292483,AUTOCORR_SAMPLE,Per-buffer autocorr result,freq=941916971.9169719,peak=0.0907519394531846,peak2=0.1267096186056733,lag_off=-1.0,confirmed=False
2026-04-24T17:24:40.296496,AUTOCORR_SAMPLE,Per-buffer autocorr result,freq=941916971.9169719,peak=0.08683550159912556,peak2=0.06502677302341908,lag_off=4.0,confirmed=False
2026-04-24T17:24:40.297277,AUTOCORR_SAMPLE,Per-buffer autocorr result,freq=941916971.9169719,peak=-0.20265816897153854,peak2=-0.47784024477005005,lag_off=-4.0,confirmed=False
2026-04-24T17:24:40.301015,AUTOCORR_SAMPLE,Per-buffer autocorr result,freq=941916971.9169719,peak=0.050294097512960434,peak2=0.09612142853438854,lag_off=6.0,confirmed=False
2026-04-24T17:24:40.301831,AUTOCORR_SAMPLE,Per-buffer autocorr result,freq=941916971.9169719,peak=0.0649493858218193,peak2=0.030130408704280853,lag_off=-3.0,confirmed=False
2026-04-24T17:24:40.305336,AUTOCORR_SAMPLE,Per-buffer autocorr result,freq=941916971.9169719,peak=-0.006573328748345375,peak2=0.0021296199411153793,lag_off=3.0,confirmed=False
2026-04-24T17:24:40.306222,AUTOCORR_SAMPLE,Per-buffer autocorr result,freq=941916971.9169719,peak=0.09334361553192139,peak2=0.12567100673913956,lag_off=-4.0,confirmed=False
2026-04-24T17:24:40.309784,AUTOCORR_SAMPLE,Per-buffer autocorr result,freq=941916971.9169719,peak=0.0684048100374639,peak2=0.08019323041662574,lag_off=6.0,confirmed=False
2026-04-24T17:24:40.310592,AUTOCORR_SAMPLE,Per-buffer autocorr result,freq=941916971.9169719,peak=-0.34578748047351837,peak2=-0.3642057329416275,lag_off=0.0,confirmed=False
2026-04-24T17:24:40.310691,AUTOCORR_RESULT,autocorr classification,freq=941916971.9169719,votes=0,total=10,score=0.0,confirmed=False
2026-04-24T17:24:40.332621,AUTOCORR_SAMPLE,Per-buffer autocorr result,freq=959687423.6874237,peak=0.0907519394531846,peak2=0.1267096186056733,lag_off=-1.0,confirmed=False
2026-04-24T17:24:40.333374,AUTOCORR_SAMPLE,Per-buffer autocorr result,freq=959687423.6874237,peak=-0.047704579308629036,peak2=0.10641559399664402,lag_off=6.0,confirmed=False
2026-04-24T17:24:40.336174,AUTOCORR_SAMPLE,Per-buffer autocorr result,freq=959687423.6874237,peak=0.048848731676116586,peak2=0.12555376277305186,lag_off=6.0,confirmed=False
2026-04-24T17:24:40.337063,AUTOCORR_SAMPLE,Per-buffer autocorr result,freq=959687423.6874237,peak=0.0770858721807599,peak2=-0.011354890710208565,lag_off=2.0,confirmed=False
2026-04-24T17:24:40.339981,AUTOCORR_SAMPLE,Per-buffer autocorr result,freq=959687423.6874237,peak=-0.12311957590281963,peak2=-0.2388630509376526,lag_off=-6.0,confirmed=False
2026-04-24T17:24:40.340800,AUTOCORR_SAMPLE,Per-buffer autocorr result,freq=959687423.6874237,peak=0.03474579378962517,peak2=-0.10737276822328568,lag_off=-4.0,confirmed=False
2026-04-24T17:24:40.343655,AUTOCORR_SAMPLE,Per-buffer autocorr result,freq=959687423.6874237,peak=0.09638797724619508,peak2=0.014796703588217497,lag_off=3.0,confirmed=False
2026-04-24T17:24:40.344437,AUTOCORR_SAMPLE,Per-buffer autocorr result,freq=959687423.6874237,peak=0.04546389728784561,peak2=-0.05658965674228966,lag_off=2.0,confirmed=False
2026-04-24T17:24:40.347319,AUTOCORR_SAMPLE,Per-buffer autocorr result,freq=959687423.6874237,peak=0.10445845127105713,peak2=0.07085391134023666,lag_off=0.0,confirmed=False
2026-04-24T17:24:40.348101,AUTOCORR_SAMPLE,Per-buffer autocorr result,freq=959687423.6874237,peak=0.0199454165995121,peak2=-0.06396472826600075,lag_off=3.0,confirmed=False
2026-04-24T17:24:40.350318,AUTOCORR_RESULT,autocorr classification,freq=959687423.6874237,votes=0,total=10,score=0.0,confirmed=False
2026-04-24T17:24:40.898924,AUTOCORR_SAMPLE,Per-buffer autocorr result,freq=1355528693.5286934,peak=0.11150812450796366,peak2=0.03411796782165766,lag_off=3.0,confirmed=False
2026-04-24T17:24:40.901756,AUTOCORR_SAMPLE,Per-buffer autocorr result,freq=1355528693.5286934,peak=-0.06177639216184616,peak2=-0.08312290906906128,lag_off=-3.0,confirmed=False
2026-04-24T17:24:40.902355,AUTOCORR_SAMPLE,Per-buffer autocorr result,freq=1355528693.5286934,peak=-0.017143823206424713,peak2=-0.09646679926663637,lag_off=-3.0,confirmed=False
2026-04-24T17:24:40.904848,AUTOCORR_SAMPLE,Per-buffer autocorr result,freq=1355528693.5286934,peak=-0.09682505577802658,peak2=-0.2441653236746788,lag_off=0.0,confirmed=False
2026-04-24T17:24:40.905785,AUTOCORR_SAMPLE,Per-buffer autocorr result,freq=1355528693.5286934,peak=0.05068945977836847,peak2=0.026568070985376835,lag_off=-2.0,confirmed=False
2026-04-24T17:24:40.908710,AUTOCORR_SAMPLE,Per-buffer autocorr result,freq=1355528693.5286934,peak=0.06191826658323407,peak2=0.050740611273795366,lag_off=-6.0,confirmed=False
2026-04-24T17:24:40.911938,AUTOCORR_SAMPLE,Per-buffer autocorr result,freq=1355528693.5286934,peak=0.12388380989432335,peak2=0.0224284203723073,lag_off=-2.0,confirmed=False
2026-04-24T17:24:40.912819,AUTOCORR_SAMPLE,Per-buffer autocorr result,freq=1355528693.5286934,peak=0.23892945237457752,peak2=0.017790584824979305,lag_off=0.0,confirmed=False
2026-04-24T17:24:40.915387,AUTOCORR_SAMPLE,Per-buffer autocorr result,freq=1355528693.5286934,peak=0.02932374970987439,peak2=0.03626546869054437,lag_off=4.0,confirmed=False
2026-04-24T17:24:40.916228,AUTOCORR_SAMPLE,Per-buffer autocorr result,freq=1355528693.5286934,peak=0.043007989414036274,peak2=0.04114613030105829,lag_off=6.0,confirmed=False
2026-04-24T17:24:40.918191,AUTOCORR_RESULT,autocorr classification,freq=1355528693.5286934,votes=0,total=10,score=0.0,confirmed=False
2026-04-24T17:24:41.749235,AUTOCORR_SAMPLE,Per-buffer autocorr result,freq=1807797313.7973137,peak=0.0283846918027848,peak2=0.11581815662793815,lag_off=2.0,confirmed=False
2026-04-24T17:24:41.750132,AUTOCORR_SAMPLE,Per-buffer autocorr result,freq=1807797313.7973137,peak=0.09725611843168736,peak2=0.06984364800155163,lag_off=3.0,confirmed=False
2026-04-24T17:24:41.762857,AUTOCORR_SAMPLE,Per-buffer autocorr result,freq=1807797313.7973137,peak=0.15991711849346757,peak2=0.07149481261149049,lag_off=-1.0,confirmed=False
2026-04-24T17:24:41.770267,AUTOCORR_SAMPLE,Per-buffer autocorr result,freq=1807797313.7973137,peak=0.05761830881237984,peak2=0.018120568245649338,lag_off=-3.0,confirmed=False
2026-04-24T17:24:41.793621,AUTOCORR_SAMPLE,Per-buffer autocorr result,freq=1807797313.7973137,peak=0.04681713134050369,peak2=-0.0027274377644062042,lag_off=5.0,confirmed=False
2026-04-24T17:24:41.804788,AUTOCORR_SAMPLE,Per-buffer autocorr result,freq=1807797313.7973137,peak=-0.03702464699745178,peak2=-0.06414298457093537,lag_off=-5.0,confirmed=False
2026-04-24T17:24:41.816977,AUTOCORR_SAMPLE,Per-buffer autocorr result,freq=1807797313.7973137,peak=0.07498991914326325,peak2=0.040680427628103644,lag_off=6.0,confirmed=False
2026-04-24T17:24:41.817834,AUTOCORR_SAMPLE,Per-buffer autocorr result,freq=1807797313.7973137,peak=0.0270908921957016,peak2=-0.02645796723663807,lag_off=-3.0,confirmed=False
2026-04-24T17:24:41.839893,AUTOCORR_SAMPLE,Per-buffer autocorr result,freq=1807797313.7973137,peak=0.12428625486791134,peak2=0.0816680621355772,lag_off=5.0,confirmed=False
2026-04-24T17:24:41.850780,AUTOCORR_SAMPLE,Per-buffer autocorr result,freq=1807797313.7973137,peak=0.0783503158017993,peak2=0.09287548344582319,lag_off=-6.0,confirmed=False
2026-04-24T17:24:41.850854,AUTOCORR_RESULT,autocorr classification,freq=1807797313.7973137,votes=0,total=10,score=0.0,confirmed=False
2026-04-24T17:24:41.884219,AUTOCORR_SAMPLE,Per-buffer autocorr result,freq=1827816849.8168497,peak=0.07498991914326325,peak2=0.040680427628103644,lag_off=6.0,confirmed=False
2026-04-24T17:24:41.885051,AUTOCORR_SAMPLE,Per-buffer autocorr result,freq=1827816849.8168497,peak=0.05828101746737957,peak2=-0.01846984401345253,lag_off=2.0,confirmed=False
2026-04-24T17:24:41.896429,AUTOCORR_SAMPLE,Per-buffer autocorr result,freq=1827816849.8168497,peak=0.09032533317804337,peak2=0.05834979563951492,lag_off=-1.0,confirmed=False
2026-04-24T17:24:41.902746,AUTOCORR_SAMPLE,Per-buffer autocorr result,freq=1827816849.8168497,peak=0.05846354831010103,peak2=0.07728262338787317,lag_off=-6.0,confirmed=False
2026-04-24T17:24:41.905881,AUTOCORR_SAMPLE,Per-buffer autocorr result,freq=1827816849.8168497,peak=0.07199532026425004,peak2=0.06913858139887452,lag_off=3.0,confirmed=False
2026-04-24T17:24:41.913271,AUTOCORR_SAMPLE,Per-buffer autocorr result,freq=1827816849.8168497,peak=0.07088994607329369,peak2=-0.019438263028860092,lag_off=2.0,confirmed=False
2026-04-24T17:24:41.914290,AUTOCORR_SAMPLE,Per-buffer autocorr result,freq=1827816849.8168497,peak=0.08215143252164125,peak2=0.0782358841970563,lag_off=0.0,confirmed=False
2026-04-24T17:24:41.919840,AUTOCORR_SAMPLE,Per-buffer autocorr result,freq=1827816849.8168497,peak=-0.09952314477413893,peak2=-0.09285649470984936,lag_off=-4.0,confirmed=False
2026-04-24T17:24:41.924068,AUTOCORR_SAMPLE,Per-buffer autocorr result,freq=1827816849.8168497,peak=0.041497364290989935,peak2=0.12150637025479227,lag_off=-6.0,confirmed=False
2026-04-24T17:24:41.925482,AUTOCORR_SAMPLE,Per-buffer autocorr result,freq=1827816849.8168497,peak=0.00936591625213623,peak2=-0.16305280476808548,lag_off=-3.0,confirmed=False
2026-04-24T17:24:41.925701,AUTOCORR_RESULT,autocorr classification,freq=1827816849.8168497,votes=0,total=10,score=0.0,confirmed=False
2026-04-24T17:24:41.957138,AUTOCORR_SAMPLE,Per-buffer autocorr result,freq=1834288156.2881563,peak=0.07199532026425004,peak2=0.06913858139887452,lag_off=3.0,confirmed=False
2026-04-24T17:24:41.960705,AUTOCORR_SAMPLE,Per-buffer autocorr result,freq=1834288156.2881563,peak=0.04717041552066803,peak2=0.12583192344754934,lag_off=6.0,confirmed=False
2026-04-24T17:24:41.961613,AUTOCORR_SAMPLE,Per-buffer autocorr result,freq=1834288156.2881563,peak=0.03046588972210884,peak2=-0.014543128665536642,lag_off=5.0,confirmed=False
2026-04-24T17:24:41.964392,AUTOCORR_SAMPLE,Per-buffer autocorr result,freq=1834288156.2881563,peak=-0.03232675790786743,peak2=-0.22375057637691498,lag_off=-1.0,confirmed=False
2026-04-24T17:24:41.965294,AUTOCORR_SAMPLE,Per-buffer autocorr result,freq=1834288156.2881563,peak=0.03308115899562836,peak2=0.08064820524305105,lag_off=4.0,confirmed=False
2026-04-24T17:24:41.967912,AUTOCORR_SAMPLE,Per-buffer autocorr result,freq=1834288156.2881563,peak=0.07000728696584702,peak2=-0.07573425769805908,lag_off=3.0,confirmed=False
2026-04-24T17:24:41.968530,AUTOCORR_SAMPLE,Per-buffer autocorr result,freq=1834288156.2881563,peak=-0.009351447224617004,peak2=-0.029692307114601135,lag_off=2.0,confirmed=False
2026-04-24T17:24:41.971259,AUTOCORR_SAMPLE,Per-buffer autocorr result,freq=1834288156.2881563,peak=0.12484442442655563,peak2=0.0785670354962349,lag_off=1.0,confirmed=False
2026-04-24T17:24:41.974647,AUTOCORR_SAMPLE,Per-buffer autocorr result,freq=1834288156.2881563,peak=0.04890352953225374,peak2=0.036167544312775135,lag_off=-4.0,confirmed=False
2026-04-24T17:24:41.977745,AUTOCORR_SAMPLE,Per-buffer autocorr result,freq=1834288156.2881563,peak=-0.04680202715098858,peak2=0.007893223315477371,lag_off=2.0,confirmed=False
2026-04-24T17:24:41.977847,AUTOCORR_RESULT,autocorr classification,freq=1834288156.2881563,votes=0,total=10,score=0.0,confirmed=False
2026-04-24T17:24:41.991308,AUTOCORR_SAMPLE,Per-buffer autocorr result,freq=1865997557.997558,peak=0.04717041552066803,peak2=0.12583192344754934,lag_off=6.0,confirmed=False
2026-04-24T17:24:41.994689,AUTOCORR_SAMPLE,Per-buffer autocorr result,freq=1865997557.997558,peak=0.09280472993850708,peak2=-0.05077637964859605,lag_off=-3.0,confirmed=False
2026-04-24T17:24:41.995378,AUTOCORR_SAMPLE,Per-buffer autocorr result,freq=1865997557.997558,peak=0.06180540844798088,peak2=-0.04016167111694813,lag_off=4.0,confirmed=False
2026-04-24T17:24:41.998538,AUTOCORR_SAMPLE,Per-buffer autocorr result,freq=1865997557.997558,peak=0.08678361028432846,peak2=0.01661222893744707,lag_off=3.0,confirmed=False
2026-04-24T17:24:42.002023,AUTOCORR_SAMPLE,Per-buffer autocorr result,freq=1865997557.997558,peak=0.06722594588063657,peak2=0.04402850358746946,lag_off=2.0,confirmed=False
2026-04-24T17:24:42.003039,AUTOCORR_SAMPLE,Per-buffer autocorr result,freq=1865997557.997558,peak=-0.043594615533947945,peak2=-0.012978069484233856,lag_off=2.0,confirmed=False
2026-04-24T17:24:42.006968,AUTOCORR_SAMPLE,Per-buffer autocorr result,freq=1865997557.997558,peak=0.1288504246622324,peak2=0.04348583333194256,lag_off=0.0,confirmed=False
2026-04-24T17:24:42.007711,AUTOCORR_SAMPLE,Per-buffer autocorr result,freq=1865997557.997558,peak=-0.35355757735669613,peak2=-0.5014359652996063,lag_off=-5.0,confirmed=False
2026-04-24T17:24:42.011304,AUTOCORR_SAMPLE,Per-buffer autocorr result,freq=1865997557.997558,peak=-0.1061120443046093,peak2=-0.06673011824022979,lag_off=-4.0,confirmed=False
2026-04-24T17:24:42.015244,AUTOCORR_SAMPLE,Per-buffer autocorr result,freq=1865997557.997558,peak=-0.016016747802495956,peak2=0.002200983464717865,lag_off=-6.0,confirmed=False
2026-04-24T17:24:42.015377,AUTOCORR_RESULT,autocorr classification,freq=1865997557.997558,votes=0,total=10,score=0.0,confirmed=False
2026-04-24T17:24:42.034688,AUTOCORR_SAMPLE,Per-buffer autocorr result,freq=1875382173.3821733,peak=0.09280472993850708,peak2=-0.05077637964859605,lag_off=-3.0,confirmed=False
2026-04-24T17:24:42.038809,AUTOCORR_SAMPLE,Per-buffer autocorr result,freq=1875382173.3821733,peak=0.016325965523719788,peak2=-0.1426446419209242,lag_off=6.0,confirmed=False
2026-04-24T17:24:42.039629,AUTOCORR_SAMPLE,Per-buffer autocorr result,freq=1875382173.3821733,peak=-0.07734258845448494,peak2=-0.20128946751356125,lag_off=-4.0,confirmed=False
2026-04-24T17:24:42.043457,AUTOCORR_SAMPLE,Per-buffer autocorr result,freq=1875382173.3821733,peak=0.28084903955459595,peak2=0.07278555631637573,lag_off=-4.0,confirmed=False
2026-04-24T17:24:42.044263,AUTOCORR_SAMPLE,Per-buffer autocorr result,freq=1875382173.3821733,peak=0.25290321558713913,peak2=0.07508603483438492,lag_off=1.0,confirmed=False
2026-04-24T17:24:42.048227,AUTOCORR_SAMPLE,Per-buffer autocorr result,freq=1875382173.3821733,peak=0.009075537323951721,peak2=0.08404457569122314,lag_off=-4.0,confirmed=False
2026-04-24T17:24:42.051893,AUTOCORR_SAMPLE,Per-buffer autocorr result,freq=1875382173.3821733,peak=0.043013252317905426,peak2=-0.11137842270545661,lag_off=3.0,confirmed=False
2026-04-24T17:24:42.052683,AUTOCORR_SAMPLE,Per-buffer autocorr result,freq=1875382173.3821733,peak=0.10823193937540054,peak2=-0.11863353662192822,lag_off=-4.0,confirmed=False
2026-04-24T17:24:42.056346,AUTOCORR_SAMPLE,Per-buffer autocorr result,freq=1875382173.3821733,peak=-0.10686783120036125,peak2=-0.23780663311481476,lag_off=-5.0,confirmed=False
2026-04-24T17:24:42.057120,AUTOCORR_SAMPLE,Per-buffer autocorr result,freq=1875382173.3821733,peak=0.02596595510840416,peak2=0.015880528837442398,lag_off=4.0,confirmed=False
2026-04-24T17:24:42.060279,AUTOCORR_RESULT,autocorr classification,freq=1875382173.3821733,votes=0,total=10,score=0.0,confirmed=False
2026-04-24T17:24:42.075024,AUTOCORR_SAMPLE,Per-buffer autocorr result,freq=1895235653.2356532,peak=0.016325965523719788,peak2=-0.1426446419209242,lag_off=6.0,confirmed=False
2026-04-24T17:24:42.077989,AUTOCORR_SAMPLE,Per-buffer autocorr result,freq=1895235653.2356532,peak=0.03629442141391337,peak2=0.038824239978566766,lag_off=-1.0,confirmed=False
2026-04-24T17:24:42.078819,AUTOCORR_SAMPLE,Per-buffer autocorr result,freq=1895235653.2356532,peak=0.08529248926788568,peak2=0.10705963615328074,lag_off=-1.0,confirmed=False
2026-04-24T17:24:42.081361,AUTOCORR_SAMPLE,Per-buffer autocorr result,freq=1895235653.2356532,peak=0.08929514256305993,peak2=0.09322550264187157,lag_off=-2.0,confirmed=False
2026-04-24T17:24:42.083778,AUTOCORR_SAMPLE,Per-buffer autocorr result,freq=1895235653.2356532,peak=0.15862484043464065,peak2=0.12454641377553344,lag_off=-4.0,confirmed=False
2026-04-24T17:24:42.084484,AUTOCORR_SAMPLE,Per-buffer autocorr result,freq=1895235653.2356532,peak=0.18006224371492863,peak2=0.09600383974611759,lag_off=6.0,confirmed=False
2026-04-24T17:24:42.087369,AUTOCORR_SAMPLE,Per-buffer autocorr result,freq=1895235653.2356532,peak=0.08309778291732073,peak2=0.11513351369649172,lag_off=-6.0,confirmed=False
2026-04-24T17:24:42.088324,AUTOCORR_SAMPLE,Per-buffer autocorr result,freq=1895235653.2356532,peak=0.08287670416757464,peak2=0.04525804100558162,lag_off=-6.0,confirmed=False
2026-04-24T17:24:42.091801,AUTOCORR_SAMPLE,Per-buffer autocorr result,freq=1895235653.2356532,peak=0.1779242274351418,peak2=0.0844501149840653,lag_off=0.0,confirmed=False
2026-04-24T17:24:42.092656,AUTOCORR_SAMPLE,Per-buffer autocorr result,freq=1895235653.2356532,peak=0.09592478955164552,peak2=0.06829207623377442,lag_off=3.0,confirmed=False
2026-04-24T17:24:42.092733,AUTOCORR_RESULT,autocorr classification,freq=1895235653.2356532,votes=0,total=10,score=0.0,confirmed=False
2026-04-24T17:24:42.389485,AUTOCORR_SAMPLE,Per-buffer autocorr result,freq=2114559218.5592184,peak=0.07958606816828251,peak2=0.023118728771805763,lag_off=4.0,confirmed=False
2026-04-24T17:24:42.392576,AUTOCORR_SAMPLE,Per-buffer autocorr result,freq=2114559218.5592184,peak=0.12659017741680145,peak2=0.1179826483130455,lag_off=0.0,confirmed=False
2026-04-24T17:24:42.393285,AUTOCORR_SAMPLE,Per-buffer autocorr result,freq=2114559218.5592184,peak=0.14530428871512413,peak2=0.14466502889990807,lag_off=6.0,confirmed=False
2026-04-24T17:24:42.396653,AUTOCORR_SAMPLE,Per-buffer autocorr result,freq=2114559218.5592184,peak=0.06545370165258646,peak2=0.05509761068969965,lag_off=-1.0,confirmed=False
2026-04-24T17:24:42.397358,AUTOCORR_SAMPLE,Per-buffer autocorr result,freq=2114559218.5592184,peak=0.11895162332803011,peak2=0.048317291773855686,lag_off=-2.0,confirmed=False
2026-04-24T17:24:42.400782,AUTOCORR_SAMPLE,Per-buffer autocorr result,freq=2114559218.5592184,peak=0.13145073037594557,peak2=0.11332633625715971,lag_off=4.0,confirmed=False
2026-04-24T17:24:42.401422,AUTOCORR_SAMPLE,Per-buffer autocorr result,freq=2114559218.5592184,peak=0.02393151819705963,peak2=0.018834426999092102,lag_off=0.0,confirmed=False
2026-04-24T17:24:42.405487,AUTOCORR_SAMPLE,Per-buffer autocorr result,freq=2114559218.5592184,peak=0.12063386384397745,peak2=0.13584778551012278,lag_off=6.0,confirmed=False
2026-04-24T17:24:42.409447,AUTOCORR_SAMPLE,Per-buffer autocorr result,freq=2114559218.5592184,peak=0.09811126999557018,peak2=0.06086220033466816,lag_off=-2.0,confirmed=False
2026-04-24T17:24:42.410209,AUTOCORR_SAMPLE,Per-buffer autocorr result,freq=2114559218.5592184,peak=0.09721223637461662,peak2=0.04031660780310631,lag_off=-2.0,confirmed=False
2026-04-24T17:24:42.410282,AUTOCORR_RESULT,autocorr classification,freq=2114559218.5592184,votes=0,total=10,score=0.0,confirmed=False
2026-04-24T17:24:42.503193,AUTOCORR_SAMPLE,Per-buffer autocorr result,freq=2143836385.8363857,peak=0.1497269943356514,peak2=0.06203253194689751,lag_off=5.0,confirmed=False
2026-04-24T17:24:42.506534,AUTOCORR_SAMPLE,Per-buffer autocorr result,freq=2143836385.8363857,peak=0.2508616968989372,peak2=0.14185217395424843,lag_off=0.0,confirmed=False
2026-04-24T17:24:42.507443,AUTOCORR_SAMPLE,Per-buffer autocorr result,freq=2143836385.8363857,peak=0.008973034098744392,peak2=-0.04107595235109329,lag_off=-3.0,confirmed=False
2026-04-24T17:24:42.510361,AUTOCORR_SAMPLE,Per-buffer autocorr result,freq=2143836385.8363857,peak=0.08284522593021393,peak2=-0.11255907639861107,lag_off=2.0,confirmed=False
2026-04-24T17:24:42.511152,AUTOCORR_SAMPLE,Per-buffer autocorr result,freq=2143836385.8363857,peak=-0.04151603393256664,peak2=0.0020316224545240402,lag_off=2.0,confirmed=False
2026-04-24T17:24:42.514555,AUTOCORR_SAMPLE,Per-buffer autocorr result,freq=2143836385.8363857,peak=-0.10950235463678837,peak2=0.05365324579179287,lag_off=-6.0,confirmed=False
2026-04-24T17:24:42.517501,AUTOCORR_SAMPLE,Per-buffer autocorr result,freq=2143836385.8363857,peak=-0.022789090871810913,peak2=-0.24560189992189407,lag_off=-4.0,confirmed=False
2026-04-24T17:24:42.518199,AUTOCORR_SAMPLE,Per-buffer autocorr result,freq=2143836385.8363857,peak=0.27321548759937286,peak2=0.061480410397052765,lag_off=6.0,confirmed=False
2026-04-24T17:24:42.521259,AUTOCORR_SAMPLE,Per-buffer autocorr result,freq=2143836385.8363857,peak=0.23851061053574085,peak2=0.10142705030739307,lag_off=3.0,confirmed=False
2026-04-24T17:24:42.525207,AUTOCORR_SAMPLE,Per-buffer autocorr result,freq=2143836385.8363857,peak=0.1303253024816513,peak2=-0.009015388786792755,lag_off=-3.0,confirmed=False
2026-04-24T17:24:42.525266,AUTOCORR_RESULT,autocorr classification,freq=2143836385.8363857,votes=0,total=10,score=0.0,confirmed=False
2026-04-24T17:24:42.545060,AUTOCORR_SAMPLE,Per-buffer autocorr result,freq=2153147741.1477413,peak=-0.04151603393256664,peak2=0.0020316224545240402,lag_off=2.0,confirmed=False
2026-04-24T17:24:42.548148,AUTOCORR_SAMPLE,Per-buffer autocorr result,freq=2153147741.1477413,peak=0.08651606575585902,peak2=0.14963333890773356,lag_off=6.0,confirmed=False
2026-04-24T17:24:42.548946,AUTOCORR_SAMPLE,Per-buffer autocorr result,freq=2153147741.1477413,peak=0.10963731585070491,peak2=0.041823487263172865,lag_off=3.0,confirmed=False
2026-04-24T17:24:42.551680,AUTOCORR_SAMPLE,Per-buffer autocorr result,freq=2153147741.1477413,peak=0.10439368896186352,peak2=0.14009053073823452,lag_off=3.0,confirmed=False
2026-04-24T17:24:42.552327,AUTOCORR_SAMPLE,Per-buffer autocorr result,freq=2153147741.1477413,peak=0.15375890582799911,peak2=0.09172284603118896,lag_off=-2.0,confirmed=False
2026-04-24T17:24:42.555014,AUTOCORR_SAMPLE,Per-buffer autocorr result,freq=2153147741.1477413,peak=0.1336280102841556,peak2=0.07380472822114825,lag_off=-6.0,confirmed=False
2026-04-24T17:24:42.555769,AUTOCORR_SAMPLE,Per-buffer autocorr result,freq=2153147741.1477413,peak=0.08946570730768144,peak2=0.043525386368855834,lag_off=4.0,confirmed=False
2026-04-24T17:24:42.559593,AUTOCORR_SAMPLE,Per-buffer autocorr result,freq=2153147741.1477413,peak=0.12939194310456514,peak2=0.10346483159810305,lag_off=5.0,confirmed=False
2026-04-24T17:24:42.563866,AUTOCORR_SAMPLE,Per-buffer autocorr result,freq=2153147741.1477413,peak=0.07762081734836102,peak2=0.039851488545536995,lag_off=-1.0,confirmed=False
2026-04-24T17:24:42.564599,AUTOCORR_SAMPLE,Per-buffer autocorr result,freq=2153147741.1477413,peak=0.08148106466978788,peak2=0.07525021862238646,lag_off=-5.0,confirmed=False
2026-04-24T17:24:42.564663,AUTOCORR_RESULT,autocorr classification,freq=2153147741.1477413,votes=0,total=10,score=0.0,confirmed=False
2026-04-24T17:24:42.658899,AUTOCORR_SAMPLE,Per-buffer autocorr result,freq=2187006105.006105,peak=0.08651606575585902,peak2=0.14963333890773356,lag_off=6.0,confirmed=False
2026-04-24T17:24:42.666337,AUTOCORR_SAMPLE,Per-buffer autocorr result,freq=2187006105.006105,peak=0.24144237861037254,peak2=0.11494942381978035,lag_off=4.0,confirmed=False
2026-04-24T17:24:42.667067,AUTOCORR_SAMPLE,Per-buffer autocorr result,freq=2187006105.006105,peak=0.02825428731739521,peak2=0.022553679533302784,lag_off=3.0,confirmed=False
2026-04-24T17:24:42.674154,AUTOCORR_SAMPLE,Per-buffer autocorr result,freq=2187006105.006105,peak=0.13386357808485627,peak2=0.09549798304215074,lag_off=3.0,confirmed=False
2026-04-24T17:24:42.679814,AUTOCORR_SAMPLE,Per-buffer autocorr result,freq=2187006105.006105,peak=0.01848004339262843,peak2=0.024518465157598257,lag_off=2.0,confirmed=False
2026-04-24T17:24:42.680803,AUTOCORR_SAMPLE,Per-buffer autocorr result,freq=2187006105.006105,peak=0.042145551182329655,peak2=0.025220174342393875,lag_off=-6.0,confirmed=False
2026-04-24T17:24:42.686591,AUTOCORR_SAMPLE,Per-buffer autocorr result,freq=2187006105.006105,peak=0.08378943055868149,peak2=0.022732295095920563,lag_off=4.0,confirmed=False
2026-04-24T17:24:42.691190,AUTOCORR_SAMPLE,Per-buffer autocorr result,freq=2187006105.006105,peak=0.01906989188864827,peak2=0.01877789618447423,lag_off=5.0,confirmed=False
2026-04-24T17:24:42.692562,AUTOCORR_SAMPLE,Per-buffer autocorr result,freq=2187006105.006105,peak=0.0604321468854323,peak2=0.04140829259995371,lag_off=-5.0,confirmed=False
2026-04-24T17:24:42.696288,AUTOCORR_SAMPLE,Per-buffer autocorr result,freq=2187006105.006105,peak=0.09367763693444431,peak2=0.057817381573840976,lag_off=2.0,confirmed=False
2026-04-24T17:24:42.696449,AUTOCORR_RESULT,autocorr classification,freq=2187006105.006105,votes=0,total=10,score=0.0,confirmed=False
2026-04-24T17:24:43.004821,AUTOCORR_SAMPLE,Per-buffer autocorr result,freq=2414884004.884005,peak=0.07156685646623373,peak2=0.09087625797837973,lag_off=-4.0,confirmed=False
2026-04-24T17:24:43.010270,AUTOCORR_SAMPLE,Per-buffer autocorr result,freq=2414884004.884005,peak=-0.3722563683986664,peak2=-0.46331004798412323,lag_off=-6.0,confirmed=False
2026-04-24T17:24:43.015892,AUTOCORR_SAMPLE,Per-buffer autocorr result,freq=2414884004.884005,peak=0.14550880063325167,peak2=0.07270073611289263,lag_off=-6.0,confirmed=False
2026-04-24T17:24:43.016763,AUTOCORR_SAMPLE,Per-buffer autocorr result,freq=2414884004.884005,peak=0.17190309101715684,peak2=0.06295814597979188,lag_off=-4.0,confirmed=False
2026-04-24T17:24:43.017650,AUTOCORR_SAMPLE,Per-buffer autocorr result,freq=2414884004.884005,peak=0.1473748041316867,peak2=0.15365854930132627,lag_off=-5.0,confirmed=False
2026-04-24T17:24:43.023207,AUTOCORR_SAMPLE,Per-buffer autocorr result,freq=2414884004.884005,peak=0.21167734428308904,peak2=0.06759659363888204,lag_off=-4.0,confirmed=False
2026-04-24T17:24:43.029088,AUTOCORR_SAMPLE,Per-buffer autocorr result,freq=2414884004.884005,peak=0.09122864995151758,peak2=0.10421532485634089,lag_off=6.0,confirmed=False
2026-04-24T17:24:43.034637,AUTOCORR_SAMPLE,Per-buffer autocorr result,freq=2414884004.884005,peak=0.16817358043044806,peak2=0.09256365802139044,lag_off=0.0,confirmed=False
2026-04-24T17:24:43.035524,AUTOCORR_SAMPLE,Per-buffer autocorr result,freq=2414884004.884005,peak=0.06488027470186353,peak2=0.012924677226692438,lag_off=2.0,confirmed=False
2026-04-24T17:24:43.041223,AUTOCORR_SAMPLE,Per-buffer autocorr result,freq=2414884004.884005,peak=0.06920561811421067,peak2=0.053485481650568545,lag_off=2.0,confirmed=False
2026-04-24T17:24:43.041397,AUTOCORR_RESULT,autocorr classification,freq=2414884004.884005,votes=0,total=10,score=0.0,confirmed=False
2026-04-24T17:24:43.084666,AUTOCORR_SAMPLE,Per-buffer autocorr result,freq=2441125763.125763,peak=-0.3722563683986664,peak2=-0.46331004798412323,lag_off=-6.0,confirmed=False
2026-04-24T17:24:43.088001,AUTOCORR_SAMPLE,Per-buffer autocorr result,freq=2441125763.125763,peak=0.19878615252673626,peak2=0.0596222598105669,lag_off=-6.0,confirmed=False
2026-04-24T17:24:43.089110,AUTOCORR_SAMPLE,Per-buffer autocorr result,freq=2441125763.125763,peak=0.14043551054783165,peak2=0.13162507978267968,lag_off=0.0,confirmed=False
2026-04-24T17:24:43.092964,AUTOCORR_SAMPLE,Per-buffer autocorr result,freq=2441125763.125763,peak=0.07646134635433555,peak2=0.07148944726213813,lag_off=-5.0,confirmed=False
2026-04-24T17:24:43.093649,AUTOCORR_SAMPLE,Per-buffer autocorr result,freq=2441125763.125763,peak=0.05534467101097107,peak2=-0.1483258716762066,lag_off=-1.0,confirmed=False
2026-04-24T17:24:43.097006,AUTOCORR_SAMPLE,Per-buffer autocorr result,freq=2441125763.125763,peak=0.1794212218374014,peak2=0.06989075802266598,lag_off=-2.0,confirmed=False
2026-04-24T17:24:43.100192,AUTOCORR_SAMPLE,Per-buffer autocorr result,freq=2441125763.125763,peak=-0.4606352299451828,peak2=-0.6482909917831421,lag_off=-6.0,confirmed=False
2026-04-24T17:24:43.100959,AUTOCORR_SAMPLE,Per-buffer autocorr result,freq=2441125763.125763,peak=0.14349040016531944,peak2=0.021104805171489716,lag_off=2.0,confirmed=False
2026-04-24T17:24:43.106166,AUTOCORR_SAMPLE,Per-buffer autocorr result,freq=2441125763.125763,peak=-0.467023566365242,peak2=-0.8675451874732971,lag_off=-6.0,confirmed=False
2026-04-24T17:24:43.106976,AUTOCORR_SAMPLE,Per-buffer autocorr result,freq=2441125763.125763,peak=0.10314434953033924,peak2=0.10240181721746922,lag_off=5.0,confirmed=False
2026-04-24T17:24:43.111121,AUTOCORR_RESULT,autocorr classification,freq=2441125763.125763,votes=0,total=10,score=0.0,confirmed=False
2026-04-24T17:24:43.131712,AUTOCORR_SAMPLE,Per-buffer autocorr result,freq=2462024420.0244203,peak=0.19878615252673626,peak2=0.0596222598105669,lag_off=-6.0,confirmed=False
2026-04-24T17:24:43.132559,AUTOCORR_SAMPLE,Per-buffer autocorr result,freq=2462024420.0244203,peak=0.08012150041759014,peak2=0.08643881045281887,lag_off=0.0,confirmed=False
2026-04-24T17:24:43.135303,AUTOCORR_SAMPLE,Per-buffer autocorr result,freq=2462024420.0244203,peak=0.09803313011070713,peak2=0.12564521277090535,lag_off=-2.0,confirmed=False
2026-04-24T17:24:43.137987,AUTOCORR_SAMPLE,Per-buffer autocorr result,freq=2462024420.0244203,peak=0.21112802834250033,peak2=0.06910746754147112,lag_off=6.0,confirmed=False
2026-04-24T17:24:43.138951,AUTOCORR_SAMPLE,Per-buffer autocorr result,freq=2462024420.0244203,peak=0.09439320210367441,peak2=0.04931629169732332,lag_off=-3.0,confirmed=False
2026-04-24T17:24:43.141729,AUTOCORR_SAMPLE,Per-buffer autocorr result,freq=2462024420.0244203,peak=0.07545724487863481,peak2=0.08412583894096315,lag_off=1.0,confirmed=False
2026-04-24T17:24:43.142402,AUTOCORR_SAMPLE,Per-buffer autocorr result,freq=2462024420.0244203,peak=0.1715106386691332,peak2=0.12862502969801426,lag_off=4.0,confirmed=False
2026-04-24T17:24:43.145029,AUTOCORR_SAMPLE,Per-buffer autocorr result,freq=2462024420.0244203,peak=0.11917497590184212,peak2=0.07180263474583626,lag_off=5.0,confirmed=False
2026-04-24T17:24:43.145716,AUTOCORR_SAMPLE,Per-buffer autocorr result,freq=2462024420.0244203,peak=-0.18939603120088577,peak2=-0.42511238157749176,lag_off=3.0,confirmed=False
2026-04-24T17:24:43.148119,AUTOCORR_SAMPLE,Per-buffer autocorr result,freq=2462024420.0244203,peak=0.02019097190350294,peak2=0.014224124141037464,lag_off=-1.0,confirmed=False
2026-04-24T17:24:43.148182,AUTOCORR_RESULT,autocorr classification,freq=2462024420.0244203,votes=0,total=10,score=0.0,confirmed=False
2026-04-24T17:24:43.490081,AUTOCORR_SAMPLE,Per-buffer autocorr result,freq=2612862026.8620267,peak=0.08890784374671057,peak2=0.09435603610472754,lag_off=-4.0,confirmed=False
2026-04-24T17:24:43.490828,AUTOCORR_SAMPLE,Per-buffer autocorr result,freq=2612862026.8620267,peak=0.0452105849981308,peak2=0.03349705785512924,lag_off=-1.0,confirmed=False
2026-04-24T17:24:43.493945,AUTOCORR_SAMPLE,Per-buffer autocorr result,freq=2612862026.8620267,peak=0.07075081998482347,peak2=0.07510050619021058,lag_off=-6.0,confirmed=False
2026-04-24T17:24:43.494616,AUTOCORR_SAMPLE,Per-buffer autocorr result,freq=2612862026.8620267,peak=0.0962298521772027,peak2=0.046924141235649586,lag_off=1.0,confirmed=False
2026-04-24T17:24:43.497780,AUTOCORR_SAMPLE,Per-buffer autocorr result,freq=2612862026.8620267,peak=0.13742555677890778,peak2=0.06767277047038078,lag_off=5.0,confirmed=False
2026-04-24T17:24:43.498518,AUTOCORR_SAMPLE,Per-buffer autocorr result,freq=2612862026.8620267,peak=0.11207814561203122,peak2=0.05926629574969411,lag_off=-2.0,confirmed=False
2026-04-24T17:24:43.499153,AUTOCORR_SAMPLE,Per-buffer autocorr result,freq=2612862026.8620267,peak=0.09317308431491256,peak2=0.05445866426452994,lag_off=4.0,confirmed=False
2026-04-24T17:24:43.503526,AUTOCORR_SAMPLE,Per-buffer autocorr result,freq=2612862026.8620267,peak=0.09812673926353455,peak2=0.19080092757940292,lag_off=0.0,confirmed=False
2026-04-24T17:24:43.511525,AUTOCORR_SAMPLE,Per-buffer autocorr result,freq=2612862026.8620267,peak=0.08611930534243584,peak2=0.013325310894288123,lag_off=-3.0,confirmed=False
2026-04-24T17:24:43.522972,AUTOCORR_SAMPLE,Per-buffer autocorr result,freq=2612862026.8620267,peak=0.1154492013156414,peak2=0.05465268716216087,lag_off=1.0,confirmed=False
2026-04-24T17:24:43.523128,AUTOCORR_RESULT,autocorr classification,freq=2612862026.8620267,votes=0,total=10,score=0.0,confirmed=False
2026-04-24T17:24:43.571244,AUTOCORR_SAMPLE,Per-buffer autocorr result,freq=2635015873.015873,peak=0.09812673926353455,peak2=0.19080092757940292,lag_off=0.0,confirmed=False
2026-04-24T17:24:43.577785,AUTOCORR_SAMPLE,Per-buffer autocorr result,freq=2635015873.015873,peak=0.11609294451773167,peak2=0.05249841324985027,lag_off=5.0,confirmed=False
2026-04-24T17:24:43.578766,AUTOCORR_SAMPLE,Per-buffer autocorr result,freq=2635015873.015873,peak=0.151408726349473,peak2=0.02701498195528984,lag_off=0.0,confirmed=False
2026-04-24T17:24:43.588415,AUTOCORR_SAMPLE,Per-buffer autocorr result,freq=2635015873.015873,peak=0.0194888673722744,peak2=0.012734714895486832,lag_off=-3.0,confirmed=False
2026-04-24T17:24:43.604869,AUTOCORR_SAMPLE,Per-buffer autocorr result,freq=2635015873.015873,peak=0.04527130350470543,peak2=-0.0390316816046834,lag_off=-4.0,confirmed=False
2026-04-24T17:24:43.623168,AUTOCORR_SAMPLE,Per-buffer autocorr result,freq=2635015873.015873,peak=0.006856560707092285,peak2=-0.135634521022439,lag_off=-6.0,confirmed=False
2026-04-24T17:24:43.654147,AUTOCORR_SAMPLE,Per-buffer autocorr result,freq=2635015873.015873,peak=0.06747331749647856,peak2=0.031261163763701916,lag_off=0.0,confirmed=False
2026-04-24T17:24:43.665288,AUTOCORR_SAMPLE,Per-buffer autocorr result,freq=2635015873.015873,peak=0.08719154819846153,peak2=0.0659230463206768,lag_off=5.0,confirmed=False
2026-04-24T17:24:43.691966,AUTOCORR_SAMPLE,Per-buffer autocorr result,freq=2635015873.015873,peak=-0.01631704345345497,peak2=-0.038684009574353695,lag_off=-2.0,confirmed=False
2026-04-24T17:24:43.697992,AUTOCORR_SAMPLE,Per-buffer autocorr result,freq=2635015873.015873,peak=0.08302994444966316,peak2=0.02994580566883087,lag_off=3.0,confirmed=False
2026-04-24T17:24:43.714460,AUTOCORR_RESULT,autocorr classification,freq=2635015873.015873,votes=0,total=10,score=0.0,confirmed=False
2026-04-24T17:24:43.816611,AUTOCORR_SAMPLE,Per-buffer autocorr result,freq=2655194139.1941395,peak=0.151408726349473,peak2=0.02701498195528984,lag_off=0.0,confirmed=False
2026-04-24T17:24:43.820992,AUTOCORR_SAMPLE,Per-buffer autocorr result,freq=2655194139.1941395,peak=-0.14390255138278008,peak2=-0.216077022254467,lag_off=-4.0,confirmed=False
2026-04-24T17:24:43.822053,AUTOCORR_SAMPLE,Per-buffer autocorr result,freq=2655194139.1941395,peak=0.013675972819328308,peak2=-0.08391590602695942,lag_off=-4.0,confirmed=False
2026-04-24T17:24:43.826545,AUTOCORR_SAMPLE,Per-buffer autocorr result,freq=2655194139.1941395,peak=0.01446743868291378,peak2=0.013848600909113884,lag_off=-6.0,confirmed=False
2026-04-24T17:24:43.827290,AUTOCORR_SAMPLE,Per-buffer autocorr result,freq=2655194139.1941395,peak=-0.03405262529850006,peak2=-0.07151692209299654,lag_off=-5.0,confirmed=False
2026-04-24T17:24:43.831574,AUTOCORR_SAMPLE,Per-buffer autocorr result,freq=2655194139.1941395,peak=-0.002522551454603672,peak2=0.028574341908097267,lag_off=-1.0,confirmed=False
2026-04-24T17:24:43.832234,AUTOCORR_SAMPLE,Per-buffer autocorr result,freq=2655194139.1941395,peak=0.03383621573448181,peak2=0.06287241727113724,lag_off=5.0,confirmed=False
2026-04-24T17:24:43.836291,AUTOCORR_SAMPLE,Per-buffer autocorr result,freq=2655194139.1941395,peak=0.0017751706764101982,peak2=0.04251156561076641,lag_off=-1.0,confirmed=False
2026-04-24T17:24:43.837091,AUTOCORR_SAMPLE,Per-buffer autocorr result,freq=2655194139.1941395,peak=-0.07780688256025314,peak2=-0.23413438349962234,lag_off=1.0,confirmed=False
2026-04-24T17:24:43.841781,AUTOCORR_SAMPLE,Per-buffer autocorr result,freq=2655194139.1941395,peak=0.063708052970469,peak2=0.07307102996855974,lag_off=3.0,confirmed=False
2026-04-24T17:24:43.841936,AUTOCORR_RESULT,autocorr classification,freq=2655194139.1941395,votes=0,total=10,score=0.0,confirmed=False
2026-04-24T17:24:44.753891,AUTOCORR_SAMPLE,Per-buffer autocorr result,freq=3384334554.334554,peak=0.04292491223895922,peak2=0.042066493595484644,lag_off=-3.0,confirmed=False
2026-04-24T17:24:44.754743,AUTOCORR_SAMPLE,Per-buffer autocorr result,freq=3384334554.334554,peak=0.22706689592450857,peak2=0.05898689012974501,lag_off=-4.0,confirmed=False
2026-04-24T17:24:44.758359,AUTOCORR_SAMPLE,Per-buffer autocorr result,freq=3384334554.334554,peak=0.08241201750934124,peak2=0.17812285386025906,lag_off=1.0,confirmed=False
2026-04-24T17:24:44.761415,AUTOCORR_SAMPLE,Per-buffer autocorr result,freq=3384334554.334554,peak=0.05253424495458603,peak2=0.16325236484408379,lag_off=3.0,confirmed=False
2026-04-24T17:24:44.763972,AUTOCORR_SAMPLE,Per-buffer autocorr result,freq=3384334554.334554,peak=0.12008623033761978,peak2=0.04911763221025467,lag_off=0.0,confirmed=False
2026-04-24T17:24:44.764745,AUTOCORR_SAMPLE,Per-buffer autocorr result,freq=3384334554.334554,peak=0.15879586897790432,peak2=0.04522095061838627,lag_off=0.0,confirmed=False
2026-04-24T17:24:44.767394,AUTOCORR_SAMPLE,Per-buffer autocorr result,freq=3384334554.334554,peak=0.1580807762220502,peak2=0.1640500919893384,lag_off=6.0,confirmed=False
2026-04-24T17:24:44.768052,AUTOCORR_SAMPLE,Per-buffer autocorr result,freq=3384334554.334554,peak=0.1452496713027358,peak2=0.09622143115848303,lag_off=1.0,confirmed=False
2026-04-24T17:24:44.770605,AUTOCORR_SAMPLE,Per-buffer autocorr result,freq=3384334554.334554,peak=0.18414819706231356,peak2=0.0976387606933713,lag_off=2.0,confirmed=False
2026-04-24T17:24:44.771434,AUTOCORR_SAMPLE,Per-buffer autocorr result,freq=3384334554.334554,peak=0.043776928912848234,peak2=0.07795507414266467,lag_off=4.0,confirmed=False
2026-04-24T17:24:44.771625,AUTOCORR_RESULT,autocorr classification,freq=3384334554.334554,votes=0,total=10,score=0.0,confirmed=False
2026-04-24T17:24:44.820746,AUTOCORR_SAMPLE,Per-buffer autocorr result,freq=3414681318.6813188,peak=0.09766428917646408,peak2=0.05588692054152489,lag_off=-4.0,confirmed=False
2026-04-24T17:24:44.823636,AUTOCORR_SAMPLE,Per-buffer autocorr result,freq=3414681318.6813188,peak=0.04908743780106306,peak2=0.027231520973145962,lag_off=5.0,confirmed=False
2026-04-24T17:24:44.824651,AUTOCORR_SAMPLE,Per-buffer autocorr result,freq=3414681318.6813188,peak=0.18701342167332768,peak2=0.02643167832866311,lag_off=-3.0,confirmed=False
2026-04-24T17:24:44.827421,AUTOCORR_SAMPLE,Per-buffer autocorr result,freq=3414681318.6813188,peak=0.1668139905668795,peak2=0.04371226439252496,lag_off=1.0,confirmed=False
2026-04-24T17:24:44.828067,AUTOCORR_SAMPLE,Per-buffer autocorr result,freq=3414681318.6813188,peak=0.021557876840233803,peak2=0.04596107639372349,lag_off=3.0,confirmed=False
2026-04-24T17:24:44.830349,AUTOCORR_SAMPLE,Per-buffer autocorr result,freq=3414681318.6813188,peak=0.04684507567435503,peak2=0.022908114828169346,lag_off=-3.0,confirmed=False
2026-04-24T17:24:44.831050,AUTOCORR_SAMPLE,Per-buffer autocorr result,freq=3414681318.6813188,peak=0.048649550415575504,peak2=0.0375279588624835,lag_off=-3.0,confirmed=False
2026-04-24T17:24:44.831712,AUTOCORR_SAMPLE,Per-buffer autocorr result,freq=3414681318.6813188,peak=0.14394708536565304,peak2=0.09221082739531994,lag_off=0.0,confirmed=False
2026-04-24T17:24:44.834235,AUTOCORR_SAMPLE,Per-buffer autocorr result,freq=3414681318.6813188,peak=0.0553379999473691,peak2=0.1468282537534833,lag_off=0.0,confirmed=False
2026-04-24T17:24:44.834891,AUTOCORR_SAMPLE,Per-buffer autocorr result,freq=3414681318.6813188,peak=0.023911584867164493,peak2=0.030077933333814144,lag_off=-6.0,confirmed=False
2026-04-24T17:24:44.837022,AUTOCORR_RESULT,autocorr classification,freq=3414681318.6813188,votes=0,total=10,score=0.0,confirmed=False
2026-04-24T17:24:44.857798,AUTOCORR_SAMPLE,Per-buffer autocorr result,freq=3441536019.5360193,peak=0.04908743780106306,peak2=0.027231520973145962,lag_off=5.0,confirmed=False
2026-04-24T17:24:44.858683,AUTOCORR_SAMPLE,Per-buffer autocorr result,freq=3441536019.5360193,peak=0.075336818350479,peak2=0.04892448033206165,lag_off=-6.0,confirmed=False
2026-04-24T17:24:44.861145,AUTOCORR_SAMPLE,Per-buffer autocorr result,freq=3441536019.5360193,peak=0.07072050170972943,peak2=0.11436343984678388,lag_off=-5.0,confirmed=False
2026-04-24T17:24:44.861925,AUTOCORR_SAMPLE,Per-buffer autocorr result,freq=3441536019.5360193,peak=0.026065144687891006,peak2=0.03057817742228508,lag_off=6.0,confirmed=False
2026-04-24T17:24:44.864533,AUTOCORR_SAMPLE,Per-buffer autocorr result,freq=3441536019.5360193,peak=0.0367366460559424,peak2=0.027814188360935077,lag_off=-5.0,confirmed=False
2026-04-24T17:24:44.867291,AUTOCORR_SAMPLE,Per-buffer autocorr result,freq=3441536019.5360193,peak=0.14495761692523956,peak2=0.13735605776309967,lag_off=-6.0,confirmed=False
2026-04-24T17:24:44.868098,AUTOCORR_SAMPLE,Per-buffer autocorr result,freq=3441536019.5360193,peak=0.204075000830926,peak2=0.04537063802126795,lag_off=2.0,confirmed=False
2026-04-24T17:24:44.870849,AUTOCORR_SAMPLE,Per-buffer autocorr result,freq=3441536019.5360193,peak=0.13041964685544372,peak2=0.08871342008933425,lag_off=5.0,confirmed=False
2026-04-24T17:24:44.872143,AUTOCORR_SAMPLE,Per-buffer autocorr result,freq=3441536019.5360193,peak=0.050501227378845215,peak2=0.0912902019917965,lag_off=4.0,confirmed=False
2026-04-24T17:24:44.875578,AUTOCORR_SAMPLE,Per-buffer autocorr result,freq=3441536019.5360193,peak=0.10204351879656315,peak2=0.07040785066783428,lag_off=-5.0,confirmed=False
2026-04-24T17:24:44.875760,AUTOCORR_RESULT,autocorr classification,freq=3441536019.5360193,votes=0,total=10,score=0.0,confirmed=False
2026-04-24T17:24:45.812629,AUTOCORR_SAMPLE,Per-buffer autocorr result,freq=4164029304.029304,peak=0.06829036166891456,peak2=0.04661562433466315,lag_off=5.0,confirmed=False
2026-04-24T17:24:45.815517,AUTOCORR_SAMPLE,Per-buffer autocorr result,freq=4164029304.029304,peak=0.1924167638644576,peak2=0.10816882457584143,lag_off=5.0,confirmed=False
2026-04-24T17:24:45.817866,AUTOCORR_SAMPLE,Per-buffer autocorr result,freq=4164029304.029304,peak=0.10745898447930813,peak2=0.1263833176344633,lag_off=1.0,confirmed=False
2026-04-24T17:24:45.818523,AUTOCORR_SAMPLE,Per-buffer autocorr result,freq=4164029304.029304,peak=0.038945666048675776,peak2=0.04366620862856507,lag_off=-3.0,confirmed=False
2026-04-24T17:24:45.819183,AUTOCORR_SAMPLE,Per-buffer autocorr result,freq=4164029304.029304,peak=0.16255380026996136,peak2=0.020238986238837242,lag_off=-4.0,confirmed=False
2026-04-24T17:24:45.821801,AUTOCORR_SAMPLE,Per-buffer autocorr result,freq=4164029304.029304,peak=0.041203792905434966,peak2=0.07227950147353113,lag_off=3.0,confirmed=False
2026-04-24T17:24:45.824656,AUTOCORR_SAMPLE,Per-buffer autocorr result,freq=4164029304.029304,peak=0.18246006220579147,peak2=0.07474036887288094,lag_off=-6.0,confirmed=False
2026-04-24T17:24:45.825442,AUTOCORR_SAMPLE,Per-buffer autocorr result,freq=4164029304.029304,peak=0.07544783171033487,peak2=0.03743106167530641,lag_off=-6.0,confirmed=False
2026-04-24T17:24:45.827805,AUTOCORR_SAMPLE,Per-buffer autocorr result,freq=4164029304.029304,peak=0.029872050043195486,peak2=0.023401932325214148,lag_off=-6.0,confirmed=False
2026-04-24T17:24:45.828386,AUTOCORR_SAMPLE,Per-buffer autocorr result,freq=4164029304.029304,peak=0.07425815472379327,peak2=0.06727795535698533,lag_off=-1.0,confirmed=False
2026-04-24T17:24:45.828463,AUTOCORR_RESULT,autocorr classification,freq=4164029304.029304,votes=0,total=10,score=0.0,confirmed=False
2026-04-24T17:24:46.911191,AUTOCORR_SAMPLE,Per-buffer autocorr result,freq=5021394383.394383,peak=0.22474857792258263,peak2=0.04517628997564316,lag_off=-6.0,confirmed=False
2026-04-24T17:24:46.913940,AUTOCORR_SAMPLE,Per-buffer autocorr result,freq=5021394383.394383,peak=0.08973931148648262,peak2=0.018920820206403732,lag_off=5.0,confirmed=False
2026-04-24T17:24:46.914849,AUTOCORR_SAMPLE,Per-buffer autocorr result,freq=5021394383.394383,peak=0.08496017102152109,peak2=0.07248738128691912,lag_off=-6.0,confirmed=False
2026-04-24T17:24:46.917322,AUTOCORR_SAMPLE,Per-buffer autocorr result,freq=5021394383.394383,peak=0.054709166288375854,peak2=0.05563943833112717,lag_off=-5.0,confirmed=False
2026-04-24T17:24:46.918044,AUTOCORR_SAMPLE,Per-buffer autocorr result,freq=5021394383.394383,peak=0.2063981625251472,peak2=0.04102827189490199,lag_off=6.0,confirmed=False
2026-04-24T17:24:46.921078,AUTOCORR_SAMPLE,Per-buffer autocorr result,freq=5021394383.394383,peak=0.10875375382602215,peak2=0.027609040960669518,lag_off=1.0,confirmed=False
2026-04-24T17:24:46.924524,AUTOCORR_SAMPLE,Per-buffer autocorr result,freq=5021394383.394383,peak=0.12297014147043228,peak2=0.09450807422399521,lag_off=-5.0,confirmed=False
2026-04-24T17:24:46.925485,AUTOCORR_SAMPLE,Per-buffer autocorr result,freq=5021394383.394383,peak=0.10452017188072205,peak2=0.08066795021295547,lag_off=-6.0,confirmed=False
2026-04-24T17:24:46.926135,AUTOCORR_SAMPLE,Per-buffer autocorr result,freq=5021394383.394383,peak=0.1228151023387909,peak2=0.08250653743743896,lag_off=-2.0,confirmed=False
2026-04-24T17:24:46.929135,AUTOCORR_SAMPLE,Per-buffer autocorr result,freq=5021394383.394383,peak=0.03910222090780735,peak2=0.08145821653306484,lag_off=-2.0,confirmed=False
2026-04-24T17:24:46.929212,AUTOCORR_RESULT,autocorr classification,freq=5021394383.394383,votes=0,total=10,score=0.0,confirmed=False
