2026-04-24T17:25:29.219276,AUTOCORR_SAMPLE,Per-buffer autocorr result,freq=95714285.71428572,peak=0.05584559589624405,peak2=-0.03651874791830778,lag_off=1.0,confirmed=False
2026-04-24T17:25:29.222307,AUTOCORR_SAMPLE,Per-buffer autocorr result,freq=95714285.71428572,peak=0.07109799049794674,peak2=0.06892899982631207,lag_off=-3.0,confirmed=False
2026-04-24T17:25:29.224845,AUTOCORR_SAMPLE,Per-buffer autocorr result,freq=95714285.71428572,peak=0.04278621356934309,peak2=0.0818663639947772,lag_off=1.0,confirmed=False
2026-04-24T17:25:29.225583,AUTOCORR_SAMPLE,Per-buffer autocorr result,freq=95714285.71428572,peak=0.09206750988960266,peak2=-0.026943055912852287,lag_off=-4.0,confirmed=False
2026-04-24T17:25:29.226326,AUTOCORR_SAMPLE,Per-buffer autocorr result,freq=95714285.71428572,peak=0.004541460424661636,peak2=-0.057420638389885426,lag_off=6.0,confirmed=False
2026-04-24T17:25:29.228761,AUTOCORR_SAMPLE,Per-buffer autocorr result,freq=95714285.71428572,peak=0.05119528714567423,peak2=0.0393877262249589,lag_off=0.0,confirmed=False
2026-04-24T17:25:29.229483,AUTOCORR_SAMPLE,Per-buffer autocorr result,freq=95714285.71428572,peak=0.07542840763926506,peak2=-0.0027472320944070816,lag_off=0.0,confirmed=False
2026-04-24T17:25:29.232084,AUTOCORR_SAMPLE,Per-buffer autocorr result,freq=95714285.71428572,peak=0.015732063562609255,peak2=0.12107434496283531,lag_off=0.0,confirmed=False
2026-04-24T17:25:29.232781,AUTOCORR_SAMPLE,Per-buffer autocorr result,freq=95714285.71428572,peak=0.12259946623817086,peak2=0.023665950167924166,lag_off=6.0,confirmed=False
2026-04-24T17:25:29.233551,AUTOCORR_SAMPLE,Per-buffer autocorr result,freq=95714285.71428572,peak=0.07701881602406502,peak2=-0.03655593004077673,lag_off=-4.0,confirmed=False
2026-04-24T17:25:29.233694,AUTOCORR_RESULT,autocorr classification,freq=95714285.71428572,votes=0,total=10,score=0.0,confirmed=False
2026-04-24T17:25:29.319363,AUTOCORR_SAMPLE,Per-buffer autocorr result,freq=165086691.08669108,peak=0.07317515928298235,peak2=0.06883318442851305,lag_off=2.0,confirmed=False
2026-04-24T17:25:29.322804,AUTOCORR_SAMPLE,Per-buffer autocorr result,freq=165086691.08669108,peak=0.11353752482682467,peak2=0.06589314807206392,lag_off=-4.0,confirmed=False
2026-04-24T17:25:29.323597,AUTOCORR_SAMPLE,Per-buffer autocorr result,freq=165086691.08669108,peak=0.07255763281136751,peak2=0.05330319795757532,lag_off=6.0,confirmed=False
2026-04-24T17:25:29.326475,AUTOCORR_SAMPLE,Per-buffer autocorr result,freq=165086691.08669108,peak=0.07683154923142865,peak2=0.07243268919410184,lag_off=2.0,confirmed=False
2026-04-24T17:25:29.327105,AUTOCORR_SAMPLE,Per-buffer autocorr result,freq=165086691.08669108,peak=0.08450468489900231,peak2=0.09997575590386987,lag_off=2.0,confirmed=False
2026-04-24T17:25:29.329691,AUTOCORR_SAMPLE,Per-buffer autocorr result,freq=165086691.08669108,peak=0.08792841248214245,peak2=0.06391342543065548,lag_off=-5.0,confirmed=False
2026-04-24T17:25:29.330556,AUTOCORR_SAMPLE,Per-buffer autocorr result,freq=165086691.08669108,peak=0.17194065637886524,peak2=0.0734457541257143,lag_off=2.0,confirmed=False
2026-04-24T17:25:29.333958,AUTOCORR_SAMPLE,Per-buffer autocorr result,freq=165086691.08669108,peak=0.05525984353153035,peak2=0.09218925720779225,lag_off=-5.0,confirmed=False
2026-04-24T17:25:29.336513,AUTOCORR_SAMPLE,Per-buffer autocorr result,freq=165086691.08669108,peak=0.0686900895088911,peak2=0.08557449840009212,lag_off=-4.0,confirmed=False
2026-04-24T17:25:29.338924,AUTOCORR_SAMPLE,Per-buffer autocorr result,freq=165086691.08669108,peak=0.12366773770190775,peak2=0.038903029868379235,lag_off=6.0,confirmed=False
2026-04-24T17:25:29.339047,AUTOCORR_RESULT,autocorr classification,freq=165086691.08669108,votes=0,total=10,score=0.0,confirmed=False
2026-04-24T17:25:29.378470,AUTOCORR_SAMPLE,Per-buffer autocorr result,freq=196678876.67887667,peak=0.082608831115067,peak2=0.058494203723967075,lag_off=-3.0,confirmed=False
2026-04-24T17:25:29.381634,AUTOCORR_SAMPLE,Per-buffer autocorr result,freq=196678876.67887667,peak=0.013281211256980896,peak2=0.0053388215601444244,lag_off=-1.0,confirmed=False
2026-04-24T17:25:29.382642,AUTOCORR_SAMPLE,Per-buffer autocorr result,freq=196678876.67887667,peak=-0.018616214394569397,peak2=-0.10341005166992545,lag_off=-1.0,confirmed=False
2026-04-24T17:25:29.386312,AUTOCORR_SAMPLE,Per-buffer autocorr result,freq=196678876.67887667,peak=0.154054194688797,peak2=0.033072952181100845,lag_off=2.0,confirmed=False
2026-04-24T17:25:29.387502,AUTOCORR_SAMPLE,Per-buffer autocorr result,freq=196678876.67887667,peak=0.047306980937719345,peak2=-0.04381554387509823,lag_off=1.0,confirmed=False
2026-04-24T17:25:29.390038,AUTOCORR_SAMPLE,Per-buffer autocorr result,freq=196678876.67887667,peak=0.025537967681884766,peak2=-0.05746423080563545,lag_off=0.0,confirmed=False
2026-04-24T17:25:29.390818,AUTOCORR_SAMPLE,Per-buffer autocorr result,freq=196678876.67887667,peak=0.03286975156515837,peak2=0.1124183563515544,lag_off=6.0,confirmed=False
2026-04-24T17:25:29.393998,AUTOCORR_SAMPLE,Per-buffer autocorr result,freq=196678876.67887667,peak=0.23531697713769972,peak2=0.1985264273826033,lag_off=-3.0,confirmed=False
2026-04-24T17:25:29.397432,AUTOCORR_SAMPLE,Per-buffer autocorr result,freq=196678876.67887667,peak=0.00956060760654509,peak2=0.04692152910865843,lag_off=0.0,confirmed=False
2026-04-24T17:25:29.398120,AUTOCORR_SAMPLE,Per-buffer autocorr result,freq=196678876.67887667,peak=0.0364503413438797,peak2=0.08424342423677444,lag_off=0.0,confirmed=False
2026-04-24T17:25:29.398236,AUTOCORR_RESULT,autocorr classification,freq=196678876.67887667,votes=0,total=10,score=0.0,confirmed=False
2026-04-24T17:25:29.425620,AUTOCORR_SAMPLE,Per-buffer autocorr result,freq=227030525.03052503,peak=0.013281211256980896,peak2=0.0053388215601444244,lag_off=-1.0,confirmed=False
2026-04-24T17:25:29.428743,AUTOCORR_SAMPLE,Per-buffer autocorr result,freq=227030525.03052503,peak=0.030662626028060913,peak2=0.012869853526353836,lag_off=-2.0,confirmed=False
2026-04-24T17:25:29.429375,AUTOCORR_SAMPLE,Per-buffer autocorr result,freq=227030525.03052503,peak=0.06117967702448368,peak2=0.13210455514490604,lag_off=-6.0,confirmed=False
2026-04-24T17:25:29.432817,AUTOCORR_SAMPLE,Per-buffer autocorr result,freq=227030525.03052503,peak=-0.014686115086078644,peak2=-0.025942280888557434,lag_off=-4.0,confirmed=False
2026-04-24T17:25:29.436069,AUTOCORR_SAMPLE,Per-buffer autocorr result,freq=227030525.03052503,peak=0.012703465297818184,peak2=0.0665398109704256,lag_off=3.0,confirmed=False
2026-04-24T17:25:29.437057,AUTOCORR_SAMPLE,Per-buffer autocorr result,freq=227030525.03052503,peak=-0.018728720024228096,peak2=0.031646255403757095,lag_off=2.0,confirmed=False
2026-04-24T17:25:29.437694,AUTOCORR_SAMPLE,Per-buffer autocorr result,freq=227030525.03052503,peak=0.06258691754192114,peak2=0.09394933562725782,lag_off=3.0,confirmed=False
2026-04-24T17:25:29.441675,AUTOCORR_SAMPLE,Per-buffer autocorr result,freq=227030525.03052503,peak=0.09309796895831823,peak2=0.11143488343805075,lag_off=1.0,confirmed=False
2026-04-24T17:25:29.442353,AUTOCORR_SAMPLE,Per-buffer autocorr result,freq=227030525.03052503,peak=0.116617351770401,peak2=0.0762862041592598,lag_off=3.0,confirmed=False
2026-04-24T17:25:29.446411,AUTOCORR_SAMPLE,Per-buffer autocorr result,freq=227030525.03052503,peak=0.007967861369252205,peak2=0.06633474677801132,lag_off=-3.0,confirmed=False
2026-04-24T17:25:29.446525,AUTOCORR_RESULT,autocorr classification,freq=227030525.03052503,votes=0,total=10,score=0.0,confirmed=False
2026-04-24T17:25:29.491512,AUTOCORR_SAMPLE,Per-buffer autocorr result,freq=246249084.24908423,peak=0.030662626028060913,peak2=0.012869853526353836,lag_off=-2.0,confirmed=False
2026-04-24T17:25:29.495561,AUTOCORR_SAMPLE,Per-buffer autocorr result,freq=246249084.24908423,peak=0.015150913968682289,peak2=0.07255877740681171,lag_off=1.0,confirmed=False
2026-04-24T17:25:29.496507,AUTOCORR_SAMPLE,Per-buffer autocorr result,freq=246249084.24908423,peak=0.0024161934852600098,peak2=-0.08715600427240133,lag_off=-4.0,confirmed=False
2026-04-24T17:25:29.500233,AUTOCORR_SAMPLE,Per-buffer autocorr result,freq=246249084.24908423,peak=0.01046910509467125,peak2=0.08142598532140255,lag_off=1.0,confirmed=False
2026-04-24T17:25:29.503608,AUTOCORR_SAMPLE,Per-buffer autocorr result,freq=246249084.24908423,peak=-0.12518510594964027,peak2=-0.04046204686164856,lag_off=-3.0,confirmed=False
2026-04-24T17:25:29.504393,AUTOCORR_SAMPLE,Per-buffer autocorr result,freq=246249084.24908423,peak=0.1304362341761589,peak2=0.06309013068675995,lag_off=1.0,confirmed=False
2026-04-24T17:25:29.507332,AUTOCORR_SAMPLE,Per-buffer autocorr result,freq=246249084.24908423,peak=0.026438563130795956,peak2=0.12923586275428534,lag_off=-4.0,confirmed=False
2026-04-24T17:25:29.508151,AUTOCORR_SAMPLE,Per-buffer autocorr result,freq=246249084.24908423,peak=0.06855089217424393,peak2=0.025826916098594666,lag_off=0.0,confirmed=False
2026-04-24T17:25:29.510966,AUTOCORR_SAMPLE,Per-buffer autocorr result,freq=246249084.24908423,peak=0.044229735154658556,peak2=0.11658640624955297,lag_off=1.0,confirmed=False
2026-04-24T17:25:29.511696,AUTOCORR_SAMPLE,Per-buffer autocorr result,freq=246249084.24908423,peak=0.012134745717048645,peak2=-0.1318005807697773,lag_off=-4.0,confirmed=False
2026-04-24T17:25:29.513878,AUTOCORR_RESULT,autocorr classification,freq=246249084.24908423,votes=0,total=10,score=0.0,confirmed=False
2026-04-24T17:25:29.590347,AUTOCORR_SAMPLE,Per-buffer autocorr result,freq=294757020.7570208,peak=0.06901576370000839,peak2=0.07704972475767136,lag_off=-5.0,confirmed=False
2026-04-24T17:25:29.593414,AUTOCORR_SAMPLE,Per-buffer autocorr result,freq=294757020.7570208,peak=-0.01696926448494196,peak2=0.004977604374289513,lag_off=-4.0,confirmed=False
2026-04-24T17:25:29.596749,AUTOCORR_SAMPLE,Per-buffer autocorr result,freq=294757020.7570208,peak=-0.08301205933094025,peak2=-0.07585202157497406,lag_off=1.0,confirmed=False
2026-04-24T17:25:29.599945,AUTOCORR_SAMPLE,Per-buffer autocorr result,freq=294757020.7570208,peak=0.07579560950398445,peak2=0.07073469460010529,lag_off=1.0,confirmed=False
2026-04-24T17:25:29.603878,AUTOCORR_SAMPLE,Per-buffer autocorr result,freq=294757020.7570208,peak=0.027572469785809517,peak2=0.16611665021628141,lag_off=2.0,confirmed=False
2026-04-24T17:25:29.604803,AUTOCORR_SAMPLE,Per-buffer autocorr result,freq=294757020.7570208,peak=-0.03956679068505764,peak2=-0.0899321436882019,lag_off=6.0,confirmed=False
2026-04-24T17:25:29.608113,AUTOCORR_SAMPLE,Per-buffer autocorr result,freq=294757020.7570208,peak=-0.00521439453586936,peak2=0.04609672399237752,lag_off=5.0,confirmed=False
2026-04-24T17:25:29.608885,AUTOCORR_SAMPLE,Per-buffer autocorr result,freq=294757020.7570208,peak=-0.05776067264378071,peak2=-0.03423979878425598,lag_off=-2.0,confirmed=False
2026-04-24T17:25:29.612279,AUTOCORR_SAMPLE,Per-buffer autocorr result,freq=294757020.7570208,peak=-0.007814653217792511,peak2=0.02648327883798629,lag_off=-5.0,confirmed=False
2026-04-24T17:25:29.616120,AUTOCORR_SAMPLE,Per-buffer autocorr result,freq=294757020.7570208,peak=-0.0978088229894638,peak2=0.01661013439297676,lag_off=3.0,confirmed=False
2026-04-24T17:25:29.616244,AUTOCORR_RESULT,autocorr classification,freq=294757020.7570208,votes=0,total=10,score=0.0,confirmed=False
2026-04-24T17:25:29.631812,AUTOCORR_SAMPLE,Per-buffer autocorr result,freq=313013431.013431,peak=0.20984288677573204,peak2=0.02296510711312294,lag_off=1.0,confirmed=False
2026-04-24T17:25:29.634908,AUTOCORR_SAMPLE,Per-buffer autocorr result,freq=313013431.013431,peak=0.1301308535039425,peak2=0.04322531446814537,lag_off=-3.0,confirmed=False
2026-04-24T17:25:29.635750,AUTOCORR_SAMPLE,Per-buffer autocorr result,freq=313013431.013431,peak=0.04522765055298805,peak2=-0.00935984868556261,lag_off=1.0,confirmed=False
2026-04-24T17:25:29.638673,AUTOCORR_SAMPLE,Per-buffer autocorr result,freq=313013431.013431,peak=0.10676085948944092,peak2=0.010205794125795364,lag_off=-2.0,confirmed=False
2026-04-24T17:25:29.639614,AUTOCORR_SAMPLE,Per-buffer autocorr result,freq=313013431.013431,peak=0.10986814834177494,peak2=0.012791559100151062,lag_off=3.0,confirmed=False
2026-04-24T17:25:29.642187,AUTOCORR_SAMPLE,Per-buffer autocorr result,freq=313013431.013431,peak=0.06356609892100096,peak2=0.0710662854835391,lag_off=-5.0,confirmed=False
2026-04-24T17:25:29.642822,AUTOCORR_SAMPLE,Per-buffer autocorr result,freq=313013431.013431,peak=0.13220322411507368,peak2=0.08623028080910444,lag_off=0.0,confirmed=False
2026-04-24T17:25:29.645502,AUTOCORR_SAMPLE,Per-buffer autocorr result,freq=313013431.013431,peak=0.07088291272521019,peak2=0.12400239706039429,lag_off=0.0,confirmed=False
2026-04-24T17:25:29.646392,AUTOCORR_SAMPLE,Per-buffer autocorr result,freq=313013431.013431,peak=0.016904378309845924,peak2=0.05043109320104122,lag_off=2.0,confirmed=False
2026-04-24T17:25:29.649097,AUTOCORR_SAMPLE,Per-buffer autocorr result,freq=313013431.013431,peak=0.07453530095517635,peak2=0.05367640592157841,lag_off=-3.0,confirmed=False
2026-04-24T17:25:29.649225,AUTOCORR_RESULT,autocorr classification,freq=313013431.013431,votes=0,total=10,score=0.0,confirmed=False
2026-04-24T17:25:29.749886,AUTOCORR_SAMPLE,Per-buffer autocorr result,freq=394256410.25641024,peak=0.16521577071398497,peak2=0.041326130740344524,lag_off=-4.0,confirmed=False
2026-04-24T17:25:29.753063,AUTOCORR_SAMPLE,Per-buffer autocorr result,freq=394256410.25641024,peak=0.08337151166051626,peak2=0.07675942685455084,lag_off=4.0,confirmed=False
2026-04-24T17:25:29.754277,AUTOCORR_SAMPLE,Per-buffer autocorr result,freq=394256410.25641024,peak=0.02321883849799633,peak2=0.0871600154787302,lag_off=6.0,confirmed=False
2026-04-24T17:25:29.757298,AUTOCORR_SAMPLE,Per-buffer autocorr result,freq=394256410.25641024,peak=0.13254606071859598,peak2=0.09696725849062204,lag_off=0.0,confirmed=False
2026-04-24T17:25:29.760064,AUTOCORR_SAMPLE,Per-buffer autocorr result,freq=394256410.25641024,peak=0.057858125772327185,peak2=0.08685207879170775,lag_off=-3.0,confirmed=False
2026-04-24T17:25:29.760769,AUTOCORR_SAMPLE,Per-buffer autocorr result,freq=394256410.25641024,peak=0.04435553401708603,peak2=0.04689332842826843,lag_off=-4.0,confirmed=False
2026-04-24T17:25:29.763724,AUTOCORR_SAMPLE,Per-buffer autocorr result,freq=394256410.25641024,peak=0.017848681658506393,peak2=0.031695254147052765,lag_off=-4.0,confirmed=False
2026-04-24T17:25:29.764528,AUTOCORR_SAMPLE,Per-buffer autocorr result,freq=394256410.25641024,peak=0.049078250769525766,peak2=0.06824021646752954,lag_off=-1.0,confirmed=False
2026-04-24T17:25:29.768425,AUTOCORR_SAMPLE,Per-buffer autocorr result,freq=394256410.25641024,peak=0.11634264886379242,peak2=0.08407366275787354,lag_off=-3.0,confirmed=False
2026-04-24T17:25:29.772409,AUTOCORR_SAMPLE,Per-buffer autocorr result,freq=394256410.25641024,peak=0.09033928997814655,peak2=0.00654330849647522,lag_off=3.0,confirmed=False
2026-04-24T17:25:29.772495,AUTOCORR_RESULT,autocorr classification,freq=394256410.25641024,votes=0,total=10,score=0.0,confirmed=False
2026-04-24T17:25:30.008793,AUTOCORR_SAMPLE,Per-buffer autocorr result,freq=563892551.8925519,peak=0.06663431553170085,peak2=0.10555013967677951,lag_off=-4.0,confirmed=False
2026-04-24T17:25:30.009565,AUTOCORR_SAMPLE,Per-buffer autocorr result,freq=563892551.8925519,peak=0.06647584773600101,peak2=0.01610332727432251,lag_off=-3.0,confirmed=False
2026-04-24T17:25:30.010187,AUTOCORR_SAMPLE,Per-buffer autocorr result,freq=563892551.8925519,peak=0.08734004804864526,peak2=0.0582041316665709,lag_off=-6.0,confirmed=False
2026-04-24T17:25:30.012863,AUTOCORR_SAMPLE,Per-buffer autocorr result,freq=563892551.8925519,peak=0.1277059018611908,peak2=0.05873650312423706,lag_off=-2.0,confirmed=False
2026-04-24T17:25:30.015785,AUTOCORR_SAMPLE,Per-buffer autocorr result,freq=563892551.8925519,peak=0.09416539268568158,peak2=0.03763397829607129,lag_off=-1.0,confirmed=False
2026-04-24T17:25:30.019161,AUTOCORR_SAMPLE,Per-buffer autocorr result,freq=563892551.8925519,peak=0.07957185921259224,peak2=0.00029846061079297215,lag_off=4.0,confirmed=False
2026-04-24T17:25:30.020155,AUTOCORR_SAMPLE,Per-buffer autocorr result,freq=563892551.8925519,peak=0.12529366835951805,peak2=-0.014703581109642982,lag_off=-2.0,confirmed=False
2026-04-24T17:25:30.023524,AUTOCORR_SAMPLE,Per-buffer autocorr result,freq=563892551.8925519,peak=0.10276186838746071,peak2=0.0027655567973852158,lag_off=0.0,confirmed=False
2026-04-24T17:25:30.024480,AUTOCORR_SAMPLE,Per-buffer autocorr result,freq=563892551.8925519,peak=0.11085323244333267,peak2=-0.05262676998972893,lag_off=2.0,confirmed=False
2026-04-24T17:25:30.027595,AUTOCORR_SAMPLE,Per-buffer autocorr result,freq=563892551.8925519,peak=0.11261599883437157,peak2=0.03826070949435234,lag_off=5.0,confirmed=False
2026-04-24T17:25:30.027765,AUTOCORR_RESULT,autocorr classification,freq=563892551.8925519,votes=0,total=10,score=0.0,confirmed=False
2026-04-24T17:25:30.072656,AUTOCORR_SAMPLE,Per-buffer autocorr result,freq=606190476.1904762,peak=0.034162315947469324,peak2=0.05392941407626495,lag_off=-1.0,confirmed=False
2026-04-24T17:25:30.073364,AUTOCORR_SAMPLE,Per-buffer autocorr result,freq=606190476.1904762,peak=0.13350122282281518,peak2=0.08446328202262521,lag_off=-6.0,confirmed=False
2026-04-24T17:25:30.076169,AUTOCORR_SAMPLE,Per-buffer autocorr result,freq=606190476.1904762,peak=0.09678873140364885,peak2=0.06405257899314165,lag_off=-1.0,confirmed=False
2026-04-24T17:25:30.077001,AUTOCORR_SAMPLE,Per-buffer autocorr result,freq=606190476.1904762,peak=0.12678263266570866,peak2=0.05307812918908894,lag_off=1.0,confirmed=False
2026-04-24T17:25:30.079529,AUTOCORR_SAMPLE,Per-buffer autocorr result,freq=606190476.1904762,peak=0.18748825415968895,peak2=0.07158714905381203,lag_off=1.0,confirmed=False
2026-04-24T17:25:30.080284,AUTOCORR_SAMPLE,Per-buffer autocorr result,freq=606190476.1904762,peak=0.1429980993270874,peak2=0.07875058799982071,lag_off=-2.0,confirmed=False
2026-04-24T17:25:30.082979,AUTOCORR_SAMPLE,Per-buffer autocorr result,freq=606190476.1904762,peak=0.1412807209417224,peak2=0.1236781058833003,lag_off=2.0,confirmed=False
2026-04-24T17:25:30.083764,AUTOCORR_SAMPLE,Per-buffer autocorr result,freq=606190476.1904762,peak=0.083161192946136,peak2=0.08756845723837614,lag_off=3.0,confirmed=False
2026-04-24T17:25:30.086732,AUTOCORR_SAMPLE,Per-buffer autocorr result,freq=606190476.1904762,peak=0.15568142058327794,peak2=0.09578361781314015,lag_off=-2.0,confirmed=False
2026-04-24T17:25:30.087700,AUTOCORR_SAMPLE,Per-buffer autocorr result,freq=606190476.1904762,peak=0.10197164490818977,peak2=0.099915761500597,lag_off=6.0,confirmed=False
2026-04-24T17:25:30.087847,AUTOCORR_RESULT,autocorr classification,freq=606190476.1904762,votes=0,total=10,score=0.0,confirmed=False
2026-04-24T17:25:30.170813,AUTOCORR_SAMPLE,Per-buffer autocorr result,freq=665731379.7313797,peak=0.07924192305654287,peak2=0.023714515380561352,lag_off=3.0,confirmed=False
2026-04-24T17:25:30.171702,AUTOCORR_SAMPLE,Per-buffer autocorr result,freq=665731379.7313797,peak=0.1897774231620133,peak2=0.0794849288649857,lag_off=3.0,confirmed=False
2026-04-24T17:25:30.174531,AUTOCORR_SAMPLE,Per-buffer autocorr result,freq=665731379.7313797,peak=0.08567903190851212,peak2=-0.0031308792531490326,lag_off=-4.0,confirmed=False
2026-04-24T17:25:30.177454,AUTOCORR_SAMPLE,Per-buffer autocorr result,freq=665731379.7313797,peak=0.12876947689801455,peak2=0.06247283983975649,lag_off=-3.0,confirmed=False
2026-04-24T17:25:30.178465,AUTOCORR_SAMPLE,Per-buffer autocorr result,freq=665731379.7313797,peak=0.023019123822450638,peak2=0.04234025999903679,lag_off=-2.0,confirmed=False
2026-04-24T17:25:30.181401,AUTOCORR_SAMPLE,Per-buffer autocorr result,freq=665731379.7313797,peak=0.052630774094723165,peak2=0.057155731483362615,lag_off=3.0,confirmed=False
2026-04-24T17:25:30.182131,AUTOCORR_SAMPLE,Per-buffer autocorr result,freq=665731379.7313797,peak=0.14670629100874066,peak2=0.08635948644950986,lag_off=-2.0,confirmed=False
2026-04-24T17:25:30.185287,AUTOCORR_SAMPLE,Per-buffer autocorr result,freq=665731379.7313797,peak=0.11332084145396948,peak2=0.06630065198987722,lag_off=6.0,confirmed=False
2026-04-24T17:25:30.188242,AUTOCORR_SAMPLE,Per-buffer autocorr result,freq=665731379.7313797,peak=0.04321456188336015,peak2=0.0627514929510653,lag_off=4.0,confirmed=False
2026-04-24T17:25:30.188913,AUTOCORR_SAMPLE,Per-buffer autocorr result,freq=665731379.7313797,peak=0.0556742362678051,peak2=-0.03619909007102251,lag_off=4.0,confirmed=False
2026-04-24T17:25:30.188964,AUTOCORR_RESULT,autocorr classification,freq=665731379.7313797,votes=0,total=10,score=0.0,confirmed=False
2026-04-24T17:25:30.363175,AUTOCORR_SAMPLE,Per-buffer autocorr result,freq=763101343.1013432,peak=0.3128231503069401,peak2=0.28345898166298866,lag_off=0.0,confirmed=True
2026-04-24T17:25:30.369256,AUTOCORR_SAMPLE,Per-buffer autocorr result,freq=763101343.1013432,peak=0.7804407849907875,peak2=0.5070977881550789,lag_off=-1.0,confirmed=True
2026-04-24T17:25:30.370163,AUTOCORR_SAMPLE,Per-buffer autocorr result,freq=763101343.1013432,peak=0.8469983786344528,peak2=0.59848253428936,lag_off=0.0,confirmed=True
2026-04-24T17:25:30.376035,AUTOCORR_SAMPLE,Per-buffer autocorr result,freq=763101343.1013432,peak=0.8225678652524948,peak2=0.5173384696245193,lag_off=-1.0,confirmed=True
2026-04-24T17:25:30.376845,AUTOCORR_SAMPLE,Per-buffer autocorr result,freq=763101343.1013432,peak=0.7810759767889977,peak2=0.4623410925269127,lag_off=0.0,confirmed=True
2026-04-24T17:25:30.383036,AUTOCORR_SAMPLE,Per-buffer autocorr result,freq=763101343.1013432,peak=0.739208810031414,peak2=0.43367769569158554,lag_off=0.0,confirmed=True
2026-04-24T17:25:30.383878,AUTOCORR_SAMPLE,Per-buffer autocorr result,freq=763101343.1013432,peak=0.7905317842960358,peak2=0.473383367061615,lag_off=0.0,confirmed=True
2026-04-24T17:25:30.389694,AUTOCORR_SAMPLE,Per-buffer autocorr result,freq=763101343.1013432,peak=0.6761514395475388,peak2=0.3771335631608963,lag_off=0.0,confirmed=True
2026-04-24T17:25:30.394898,AUTOCORR_SAMPLE,Per-buffer autocorr result,freq=763101343.1013432,peak=0.38285256642848253,peak2=0.21460213977843523,lag_off=0.0,confirmed=True
2026-04-24T17:25:30.395783,AUTOCORR_SAMPLE,Per-buffer autocorr result,freq=763101343.1013432,peak=0.7881073355674744,peak2=0.4740612506866455,lag_off=-1.0,confirmed=True
2026-04-24T17:25:30.395955,AUTOCORR_RESULT,autocorr classification,freq=763101343.1013432,votes=10,total=10,score=1.0,confirmed=True
2026-04-24T17:25:30.420009,AUTOCORR_SAMPLE,Per-buffer autocorr result,freq=783054945.0549451,peak=0.7804407849907875,peak2=0.5070977881550789,lag_off=-1.0,confirmed=True
2026-04-24T17:25:30.421089,AUTOCORR_SAMPLE,Per-buffer autocorr result,freq=783054945.0549451,peak=0.11164589133113623,peak2=0.03679512348026037,lag_off=3.0,confirmed=False
2026-04-24T17:25:30.421733,AUTOCORR_SAMPLE,Per-buffer autocorr result,freq=783054945.0549451,peak=0.1191849634051323,peak2=0.1088690236210823,lag_off=-3.0,confirmed=False
2026-04-24T17:25:30.424552,AUTOCORR_SAMPLE,Per-buffer autocorr result,freq=783054945.0549451,peak=0.10711449664086103,peak2=0.09080858808010817,lag_off=-2.0,confirmed=False
2026-04-24T17:25:30.425197,AUTOCORR_SAMPLE,Per-buffer autocorr result,freq=783054945.0549451,peak=0.04367062263190746,peak2=0.028262579813599586,lag_off=-2.0,confirmed=False
2026-04-24T17:25:30.427804,AUTOCORR_SAMPLE,Per-buffer autocorr result,freq=783054945.0549451,peak=0.040091484785079956,peak2=-0.0007424652576446533,lag_off=-6.0,confirmed=False
2026-04-24T17:25:30.428458,AUTOCORR_SAMPLE,Per-buffer autocorr result,freq=783054945.0549451,peak=0.08254858385771513,peak2=0.026978052221238613,lag_off=-4.0,confirmed=False
2026-04-24T17:25:30.431127,AUTOCORR_SAMPLE,Per-buffer autocorr result,freq=783054945.0549451,peak=0.026069533079862595,peak2=-0.007067957893013954,lag_off=-1.0,confirmed=False
2026-04-24T17:25:30.433604,AUTOCORR_SAMPLE,Per-buffer autocorr result,freq=783054945.0549451,peak=0.14873757399618626,peak2=0.06029135547578335,lag_off=-4.0,confirmed=False
2026-04-24T17:25:30.434503,AUTOCORR_SAMPLE,Per-buffer autocorr result,freq=783054945.0549451,peak=0.11307181930169463,peak2=0.0668675652705133,lag_off=0.0,confirmed=False
2026-04-24T17:25:30.434651,AUTOCORR_RESULT,autocorr classification,freq=783054945.0549451,votes=1,total=10,score=0.1,confirmed=False
2026-04-24T17:25:30.770774,AUTOCORR_SAMPLE,Per-buffer autocorr result,freq=939675213.6752137,peak=0.025190848973579705,peak2=0.026461620000191033,lag_off=6.0,confirmed=False
2026-04-24T17:25:30.771722,AUTOCORR_SAMPLE,Per-buffer autocorr result,freq=939675213.6752137,peak=0.08002682588994503,peak2=0.09743992798030376,lag_off=2.0,confirmed=False
2026-04-24T17:25:30.777089,AUTOCORR_SAMPLE,Per-buffer autocorr result,freq=939675213.6752137,peak=-0.21577927470207214,peak2=-0.24679873138666153,lag_off=-3.0,confirmed=False
2026-04-24T17:25:30.777935,AUTOCORR_SAMPLE,Per-buffer autocorr result,freq=939675213.6752137,peak=0.08843254670500755,peak2=0.03906368836760521,lag_off=1.0,confirmed=False
2026-04-24T17:25:30.782842,AUTOCORR_SAMPLE,Per-buffer autocorr result,freq=939675213.6752137,peak=0.06144086830317974,peak2=0.10705354623496532,lag_off=2.0,confirmed=False
2026-04-24T17:25:30.783676,AUTOCORR_SAMPLE,Per-buffer autocorr result,freq=939675213.6752137,peak=0.11265181703492999,peak2=0.06364723248407245,lag_off=-3.0,confirmed=False
2026-04-24T17:25:30.788904,AUTOCORR_SAMPLE,Per-buffer autocorr result,freq=939675213.6752137,peak=0.16153138037770987,peak2=0.07439179997891188,lag_off=-3.0,confirmed=False
2026-04-24T17:25:30.793350,AUTOCORR_SAMPLE,Per-buffer autocorr result,freq=939675213.6752137,peak=0.10667318757623434,peak2=0.08686877693980932,lag_off=0.0,confirmed=False
2026-04-24T17:25:30.794284,AUTOCORR_SAMPLE,Per-buffer autocorr result,freq=939675213.6752137,peak=0.17843952402472496,peak2=0.08266141638159752,lag_off=2.0,confirmed=False
2026-04-24T17:25:30.798546,AUTOCORR_SAMPLE,Per-buffer autocorr result,freq=939675213.6752137,peak=0.09346455230843276,peak2=0.11701922013889998,lag_off=-3.0,confirmed=False
2026-04-24T17:25:30.798612,AUTOCORR_RESULT,autocorr classification,freq=939675213.6752137,votes=0,total=10,score=0.0,confirmed=False
2026-04-24T17:25:30.819479,AUTOCORR_SAMPLE,Per-buffer autocorr result,freq=958884004.8840048,peak=0.16153138037770987,peak2=0.07439179997891188,lag_off=-3.0,confirmed=False
2026-04-24T17:25:30.822779,AUTOCORR_SAMPLE,Per-buffer autocorr result,freq=958884004.8840048,peak=-0.005037441849708557,peak2=-0.07500962261110544,lag_off=-4.0,confirmed=False
2026-04-24T17:25:30.823576,AUTOCORR_SAMPLE,Per-buffer autocorr result,freq=958884004.8840048,peak=0.027691606432199478,peak2=-0.009211532771587372,lag_off=-4.0,confirmed=False
2026-04-24T17:25:30.826224,AUTOCORR_SAMPLE,Per-buffer autocorr result,freq=958884004.8840048,peak=0.020494159311056137,peak2=-0.03123314306139946,lag_off=4.0,confirmed=False
2026-04-24T17:25:30.826894,AUTOCORR_SAMPLE,Per-buffer autocorr result,freq=958884004.8840048,peak=-0.013173718936741352,peak2=0.08684801682829857,lag_off=-6.0,confirmed=False
2026-04-24T17:25:30.829583,AUTOCORR_SAMPLE,Per-buffer autocorr result,freq=958884004.8840048,peak=0.08752419101074338,peak2=-0.025831907521933317,lag_off=-6.0,confirmed=False
2026-04-24T17:25:30.830378,AUTOCORR_SAMPLE,Per-buffer autocorr result,freq=958884004.8840048,peak=0.02862507849931717,peak2=-0.0918302945792675,lag_off=-6.0,confirmed=False
2026-04-24T17:25:30.833032,AUTOCORR_SAMPLE,Per-buffer autocorr result,freq=958884004.8840048,peak=0.11453542206436396,peak2=0.01903740968555212,lag_off=-4.0,confirmed=False
2026-04-24T17:25:30.833747,AUTOCORR_SAMPLE,Per-buffer autocorr result,freq=958884004.8840048,peak=0.06353676691651344,peak2=-0.01756231876788661,lag_off=-6.0,confirmed=False
2026-04-24T17:25:30.836802,AUTOCORR_SAMPLE,Per-buffer autocorr result,freq=958884004.8840048,peak=-0.03533921390771866,peak2=-0.12577610835433006,lag_off=1.0,confirmed=False
2026-04-24T17:25:30.836911,AUTOCORR_RESULT,autocorr classification,freq=958884004.8840048,votes=0,total=10,score=0.0,confirmed=False
2026-04-24T17:25:31.339958,AUTOCORR_SAMPLE,Per-buffer autocorr result,freq=1339697191.6971917,peak=0.034142631106078625,peak2=0.06104255374521017,lag_off=-4.0,confirmed=False
2026-04-24T17:25:31.342343,AUTOCORR_SAMPLE,Per-buffer autocorr result,freq=1339697191.6971917,peak=0.09529879479669034,peak2=0.14867107360623777,lag_off=-5.0,confirmed=False
2026-04-24T17:25:31.343076,AUTOCORR_SAMPLE,Per-buffer autocorr result,freq=1339697191.6971917,peak=0.05430436599999666,peak2=0.11126252356916666,lag_off=-3.0,confirmed=False
2026-04-24T17:25:31.345742,AUTOCORR_SAMPLE,Per-buffer autocorr result,freq=1339697191.6971917,peak=0.324220621958375,peak2=0.017955323681235313,lag_off=-4.0,confirmed=False
2026-04-24T17:25:31.346526,AUTOCORR_SAMPLE,Per-buffer autocorr result,freq=1339697191.6971917,peak=0.04954896913841367,peak2=0.0682789240963757,lag_off=1.0,confirmed=False
2026-04-24T17:25:31.349530,AUTOCORR_SAMPLE,Per-buffer autocorr result,freq=1339697191.6971917,peak=0.04855358961503953,peak2=0.020800329628400505,lag_off=1.0,confirmed=False
2026-04-24T17:25:31.350157,AUTOCORR_SAMPLE,Per-buffer autocorr result,freq=1339697191.6971917,peak=0.03401473816484213,peak2=0.053040980361402035,lag_off=5.0,confirmed=False
2026-04-24T17:25:31.350979,AUTOCORR_SAMPLE,Per-buffer autocorr result,freq=1339697191.6971917,peak=0.11750885611400008,peak2=0.04906986793503165,lag_off=-5.0,confirmed=False
2026-04-24T17:25:31.353557,AUTOCORR_SAMPLE,Per-buffer autocorr result,freq=1339697191.6971917,peak=0.08521249191835523,peak2=0.056682654190808535,lag_off=2.0,confirmed=False
2026-04-24T17:25:31.354351,AUTOCORR_SAMPLE,Per-buffer autocorr result,freq=1339697191.6971917,peak=0.08046641491819173,peak2=0.03868564881850034,lag_off=3.0,confirmed=False
2026-04-24T17:25:31.354429,AUTOCORR_RESULT,autocorr classification,freq=1339697191.6971917,votes=0,total=10,score=0.0,confirmed=False
2026-04-24T17:25:31.454805,AUTOCORR_SAMPLE,Per-buffer autocorr result,freq=1393406593.4065933,peak=0.09792643826222047,peak2=0.0733960572979413,lag_off=5.0,confirmed=False
2026-04-24T17:25:31.457737,AUTOCORR_SAMPLE,Per-buffer autocorr result,freq=1393406593.4065933,peak=0.056269808672368526,peak2=0.05999279674142599,lag_off=1.0,confirmed=False
2026-04-24T17:25:31.458369,AUTOCORR_SAMPLE,Per-buffer autocorr result,freq=1393406593.4065933,peak=0.10925894416868687,peak2=0.02831881307065487,lag_off=4.0,confirmed=False
2026-04-24T17:25:31.459068,AUTOCORR_SAMPLE,Per-buffer autocorr result,freq=1393406593.4065933,peak=0.08991054072976112,peak2=-0.031088326359167695,lag_off=1.0,confirmed=False
2026-04-24T17:25:31.462024,AUTOCORR_SAMPLE,Per-buffer autocorr result,freq=1393406593.4065933,peak=0.03305616229772568,peak2=-0.0019121281802654266,lag_off=-6.0,confirmed=False
2026-04-24T17:25:31.464512,AUTOCORR_SAMPLE,Per-buffer autocorr result,freq=1393406593.4065933,peak=0.10853495867922902,peak2=0.07576716365292668,lag_off=-4.0,confirmed=False
2026-04-24T17:25:31.465418,AUTOCORR_SAMPLE,Per-buffer autocorr result,freq=1393406593.4065933,peak=0.08207312785089016,peak2=0.01112805400043726,lag_off=-5.0,confirmed=False
2026-04-24T17:25:31.466037,AUTOCORR_SAMPLE,Per-buffer autocorr result,freq=1393406593.4065933,peak=0.005355563014745712,peak2=-0.03978626988828182,lag_off=-3.0,confirmed=False
2026-04-24T17:25:31.468534,AUTOCORR_SAMPLE,Per-buffer autocorr result,freq=1393406593.4065933,peak=-0.009802043437957764,peak2=-0.07324309833347797,lag_off=-6.0,confirmed=False
2026-04-24T17:25:31.469252,AUTOCORR_SAMPLE,Per-buffer autocorr result,freq=1393406593.4065933,peak=0.1202341103926301,peak2=-0.01582853915169835,lag_off=5.0,confirmed=False
2026-04-24T17:25:31.471397,AUTOCORR_RESULT,autocorr classification,freq=1393406593.4065933,votes=0,total=10,score=0.0,confirmed=False
2026-04-24T17:25:31.892471,AUTOCORR_SAMPLE,Per-buffer autocorr result,freq=1714752136.7521367,peak=0.08205923065543175,peak2=0.10376319661736488,lag_off=4.0,confirmed=False
2026-04-24T17:25:31.895321,AUTOCORR_SAMPLE,Per-buffer autocorr result,freq=1714752136.7521367,peak=0.09737621247768402,peak2=0.07489845156669617,lag_off=-5.0,confirmed=False
2026-04-24T17:25:31.896430,AUTOCORR_SAMPLE,Per-buffer autocorr result,freq=1714752136.7521367,peak=0.008919015643186867,peak2=0.011005633627064526,lag_off=-6.0,confirmed=False
2026-04-24T17:25:31.899880,AUTOCORR_SAMPLE,Per-buffer autocorr result,freq=1714752136.7521367,peak=0.09050904028117657,peak2=0.021430712193250656,lag_off=-1.0,confirmed=False
2026-04-24T17:25:31.900660,AUTOCORR_SAMPLE,Per-buffer autocorr result,freq=1714752136.7521367,peak=0.06965717673301697,peak2=0.012660102918744087,lag_off=4.0,confirmed=False
2026-04-24T17:25:31.903734,AUTOCORR_SAMPLE,Per-buffer autocorr result,freq=1714752136.7521367,peak=-0.007979455403983593,peak2=-0.03228315711021423,lag_off=4.0,confirmed=False
2026-04-24T17:25:31.906373,AUTOCORR_SAMPLE,Per-buffer autocorr result,freq=1714752136.7521367,peak=0.012783277197740972,peak2=0.03293166065122932,lag_off=2.0,confirmed=False
2026-04-24T17:25:31.907149,AUTOCORR_SAMPLE,Per-buffer autocorr result,freq=1714752136.7521367,peak=0.1854544933885336,peak2=0.05905812047421932,lag_off=4.0,confirmed=False
2026-04-24T17:25:31.909889,AUTOCORR_SAMPLE,Per-buffer autocorr result,freq=1714752136.7521367,peak=0.02296226704493165,peak2=0.036611071322113276,lag_off=-4.0,confirmed=False
2026-04-24T17:25:31.910734,AUTOCORR_SAMPLE,Per-buffer autocorr result,freq=1714752136.7521367,peak=0.06782112235669047,peak2=0.005488951806910336,lag_off=-4.0,confirmed=False
2026-04-24T17:25:31.910851,AUTOCORR_RESULT,autocorr classification,freq=1714752136.7521367,votes=0,total=10,score=0.0,confirmed=False
2026-04-24T17:25:32.326669,AUTOCORR_SAMPLE,Per-buffer autocorr result,freq=1807821733.8217337,peak=0.17003297340124846,peak2=0.07973830681294203,lag_off=-6.0,confirmed=False
2026-04-24T17:25:32.332792,AUTOCORR_SAMPLE,Per-buffer autocorr result,freq=1807821733.8217337,peak=-0.041950300335884094,peak2=-0.15863876417279243,lag_off=-5.0,confirmed=False
2026-04-24T17:25:32.333549,AUTOCORR_SAMPLE,Per-buffer autocorr result,freq=1807821733.8217337,peak=0.06608258374035358,peak2=0.07872545532882214,lag_off=5.0,confirmed=False
2026-04-24T17:25:32.334348,AUTOCORR_SAMPLE,Per-buffer autocorr result,freq=1807821733.8217337,peak=0.07423597201704979,peak2=-0.030407501850277185,lag_off=-4.0,confirmed=False
2026-04-24T17:25:32.334911,AUTOCORR_SAMPLE,Per-buffer autocorr result,freq=1807821733.8217337,peak=0.1359116742387414,peak2=0.11735583189874887,lag_off=2.0,confirmed=False
2026-04-24T17:25:32.335446,AUTOCORR_SAMPLE,Per-buffer autocorr result,freq=1807821733.8217337,peak=0.08490970125421882,peak2=0.13216295232996345,lag_off=0.0,confirmed=False
2026-04-24T17:25:32.335874,AUTOCORR_SAMPLE,Per-buffer autocorr result,freq=1807821733.8217337,peak=0.15663022501394153,peak2=0.05814146576449275,lag_off=3.0,confirmed=False
2026-04-24T17:25:32.336296,AUTOCORR_SAMPLE,Per-buffer autocorr result,freq=1807821733.8217337,peak=0.12131417542695999,peak2=0.1235576644539833,lag_off=-6.0,confirmed=False
2026-04-24T17:25:32.336732,AUTOCORR_SAMPLE,Per-buffer autocorr result,freq=1807821733.8217337,peak=0.08410074934363365,peak2=-0.0021534264087677,lag_off=-4.0,confirmed=False
2026-04-24T17:25:32.337153,AUTOCORR_SAMPLE,Per-buffer autocorr result,freq=1807821733.8217337,peak=0.11724435724318027,peak2=0.09144211746752262,lag_off=1.0,confirmed=False
2026-04-24T17:25:32.337193,AUTOCORR_RESULT,autocorr classification,freq=1807821733.8217337,votes=0,total=10,score=0.0,confirmed=False
2026-04-24T17:25:32.387701,AUTOCORR_SAMPLE,Per-buffer autocorr result,freq=1827948717.9487178,peak=-0.19975951313972473,peak2=-0.5849389731884003,lag_off=-6.0,confirmed=False
2026-04-24T17:25:32.388597,AUTOCORR_SAMPLE,Per-buffer autocorr result,freq=1827948717.9487178,peak=0.06286778301000595,peak2=0.008640587329864502,lag_off=4.0,confirmed=False
2026-04-24T17:25:32.398622,AUTOCORR_SAMPLE,Per-buffer autocorr result,freq=1827948717.9487178,peak=0.10214218543842435,peak2=0.069666997063905,lag_off=5.0,confirmed=False
2026-04-24T17:25:32.404257,AUTOCORR_SAMPLE,Per-buffer autocorr result,freq=1827948717.9487178,peak=0.02941715717315674,peak2=-0.047574518248438835,lag_off=2.0,confirmed=False
2026-04-24T17:25:32.405162,AUTOCORR_SAMPLE,Per-buffer autocorr result,freq=1827948717.9487178,peak=0.1202538488432765,peak2=0.07806068938225508,lag_off=1.0,confirmed=False
2026-04-24T17:25:32.406015,AUTOCORR_SAMPLE,Per-buffer autocorr result,freq=1827948717.9487178,peak=0.05122755141928792,peak2=0.05200454266741872,lag_off=3.0,confirmed=False
2026-04-24T17:25:32.409696,AUTOCORR_SAMPLE,Per-buffer autocorr result,freq=1827948717.9487178,peak=-0.31800598092377186,peak2=-0.3904768005013466,lag_off=-6.0,confirmed=False
2026-04-24T17:25:32.413517,AUTOCORR_SAMPLE,Per-buffer autocorr result,freq=1827948717.9487178,peak=-0.19705965369939804,peak2=-0.3905806541442871,lag_off=6.0,confirmed=False
2026-04-24T17:25:32.414522,AUTOCORR_SAMPLE,Per-buffer autocorr result,freq=1827948717.9487178,peak=-0.13287205714732409,peak2=-0.29289233684539795,lag_off=6.0,confirmed=False
2026-04-24T17:25:32.423947,AUTOCORR_SAMPLE,Per-buffer autocorr result,freq=1827948717.9487178,peak=-0.2711041569709778,peak2=-0.17734504910185933,lag_off=-2.0,confirmed=False
2026-04-24T17:25:32.424040,AUTOCORR_RESULT,autocorr classification,freq=1827948717.9487178,votes=0,total=10,score=0.0,confirmed=False
2026-04-24T17:25:32.583816,AUTOCORR_SAMPLE,Per-buffer autocorr result,freq=1847821733.8217337,peak=0.06286778301000595,peak2=0.008640587329864502,lag_off=4.0,confirmed=False
2026-04-24T17:25:32.603099,AUTOCORR_SAMPLE,Per-buffer autocorr result,freq=1847821733.8217337,peak=0.06936693203169852,peak2=0.06433928769547492,lag_off=-3.0,confirmed=False
2026-04-24T17:25:32.603859,AUTOCORR_SAMPLE,Per-buffer autocorr result,freq=1847821733.8217337,peak=0.06986122019588947,peak2=-0.01396496407687664,lag_off=1.0,confirmed=False
2026-04-24T17:25:32.604426,AUTOCORR_SAMPLE,Per-buffer autocorr result,freq=1847821733.8217337,peak=0.09366713464260101,peak2=-0.02281426265835762,lag_off=-4.0,confirmed=False
2026-04-24T17:25:32.605125,AUTOCORR_SAMPLE,Per-buffer autocorr result,freq=1847821733.8217337,peak=0.0955707454122603,peak2=0.06850218633189797,lag_off=5.0,confirmed=False
2026-04-24T17:25:32.621921,AUTOCORR_SAMPLE,Per-buffer autocorr result,freq=1847821733.8217337,peak=0.0703663844615221,peak2=0.06476687826216221,lag_off=-1.0,confirmed=False
2026-04-24T17:25:32.627612,AUTOCORR_SAMPLE,Per-buffer autocorr result,freq=1847821733.8217337,peak=0.03770911693572998,peak2=-0.016218964010477066,lag_off=-4.0,confirmed=False
2026-04-24T17:25:32.631380,AUTOCORR_SAMPLE,Per-buffer autocorr result,freq=1847821733.8217337,peak=0.1038176566362381,peak2=-0.05414573289453983,lag_off=-5.0,confirmed=False
2026-04-24T17:25:32.632169,AUTOCORR_SAMPLE,Per-buffer autocorr result,freq=1847821733.8217337,peak=-0.10036997869610786,peak2=-0.04111357033252716,lag_off=-3.0,confirmed=False
2026-04-24T17:25:32.635133,AUTOCORR_SAMPLE,Per-buffer autocorr result,freq=1847821733.8217337,peak=-0.11295012757182121,peak2=-0.046766158659011126,lag_off=0.0,confirmed=False
2026-04-24T17:25:32.635255,AUTOCORR_RESULT,autocorr classification,freq=1847821733.8217337,votes=0,total=10,score=0.0,confirmed=False
2026-04-24T17:25:32.653836,AUTOCORR_SAMPLE,Per-buffer autocorr result,freq=1867367521.3675213,peak=0.06986122019588947,peak2=-0.01396496407687664,lag_off=1.0,confirmed=False
2026-04-24T17:25:32.656995,AUTOCORR_SAMPLE,Per-buffer autocorr result,freq=1867367521.3675213,peak=0.03916577436029911,peak2=0.043681828305125237,lag_off=-6.0,confirmed=False
2026-04-24T17:25:32.657907,AUTOCORR_SAMPLE,Per-buffer autocorr result,freq=1867367521.3675213,peak=0.1469130734913051,peak2=0.055462516378611326,lag_off=3.0,confirmed=False
2026-04-24T17:25:32.661133,AUTOCORR_SAMPLE,Per-buffer autocorr result,freq=1867367521.3675213,peak=0.060545253567397594,peak2=0.035476102493703365,lag_off=2.0,confirmed=False
2026-04-24T17:25:32.665059,AUTOCORR_SAMPLE,Per-buffer autocorr result,freq=1867367521.3675213,peak=0.136620290344581,peak2=0.05749733350239694,lag_off=-1.0,confirmed=False
2026-04-24T17:25:32.665789,AUTOCORR_SAMPLE,Per-buffer autocorr result,freq=1867367521.3675213,peak=0.09016585070639849,peak2=0.06391034740954638,lag_off=2.0,confirmed=False
2026-04-24T17:25:32.670139,AUTOCORR_SAMPLE,Per-buffer autocorr result,freq=1867367521.3675213,peak=0.09265221562236547,peak2=0.08362520392984152,lag_off=-5.0,confirmed=False
2026-04-24T17:25:32.670972,AUTOCORR_SAMPLE,Per-buffer autocorr result,freq=1867367521.3675213,peak=0.03707597032189369,peak2=0.03328092396259308,lag_off=0.0,confirmed=False
2026-04-24T17:25:32.675401,AUTOCORR_SAMPLE,Per-buffer autocorr result,freq=1867367521.3675213,peak=0.1550837941467762,peak2=0.11967961862683296,lag_off=-2.0,confirmed=False
2026-04-24T17:25:32.676158,AUTOCORR_SAMPLE,Per-buffer autocorr result,freq=1867367521.3675213,peak=0.07317598164081573,peak2=0.05827447026968002,lag_off=2.0,confirmed=False
2026-04-24T17:25:32.676247,AUTOCORR_RESULT,autocorr classification,freq=1867367521.3675213,votes=0,total=10,score=0.0,confirmed=False
2026-04-24T17:25:32.700272,AUTOCORR_SAMPLE,Per-buffer autocorr result,freq=1875623931.6239314,peak=0.03916577436029911,peak2=0.043681828305125237,lag_off=-6.0,confirmed=False
2026-04-24T17:25:32.704037,AUTOCORR_SAMPLE,Per-buffer autocorr result,freq=1875623931.6239314,peak=0.05008179694414139,peak2=-0.05336499586701393,lag_off=-4.0,confirmed=False
2026-04-24T17:25:32.704877,AUTOCORR_SAMPLE,Per-buffer autocorr result,freq=1875623931.6239314,peak=0.29067811369895935,peak2=0.12379732728004456,lag_off=-4.0,confirmed=False
2026-04-24T17:25:32.705693,AUTOCORR_SAMPLE,Per-buffer autocorr result,freq=1875623931.6239314,peak=0.16192926466464996,peak2=0.042766451835632324,lag_off=1.0,confirmed=False
2026-04-24T17:25:32.709383,AUTOCORR_SAMPLE,Per-buffer autocorr result,freq=1875623931.6239314,peak=0.0025290027260780334,peak2=0.07232572138309479,lag_off=-4.0,confirmed=False
2026-04-24T17:25:32.713051,AUTOCORR_SAMPLE,Per-buffer autocorr result,freq=1875623931.6239314,peak=0.11936505138874054,peak2=-0.07090523838996887,lag_off=1.0,confirmed=False
2026-04-24T17:25:32.713804,AUTOCORR_SAMPLE,Per-buffer autocorr result,freq=1875623931.6239314,peak=0.15550942718982697,peak2=-0.0251845084130764,lag_off=-4.0,confirmed=False
2026-04-24T17:25:32.717524,AUTOCORR_SAMPLE,Per-buffer autocorr result,freq=1875623931.6239314,peak=-0.028337374329566956,peak2=-0.04659467004239559,lag_off=-3.0,confirmed=False
2026-04-24T17:25:32.718338,AUTOCORR_SAMPLE,Per-buffer autocorr result,freq=1875623931.6239314,peak=0.10056879604235291,peak2=0.08690096670761704,lag_off=-6.0,confirmed=False
2026-04-24T17:25:32.719235,AUTOCORR_SAMPLE,Per-buffer autocorr result,freq=1875623931.6239314,peak=0.06919430941343307,peak2=-0.10478911735117435,lag_off=6.0,confirmed=False
2026-04-24T17:25:32.722070,AUTOCORR_RESULT,autocorr classification,freq=1875623931.6239314,votes=0,total=10,score=0.0,confirmed=False
2026-04-24T17:25:32.740129,AUTOCORR_SAMPLE,Per-buffer autocorr result,freq=1894610500.6105006,peak=0.05008179694414139,peak2=-0.05336499586701393,lag_off=-4.0,confirmed=False
2026-04-24T17:25:32.742851,AUTOCORR_SAMPLE,Per-buffer autocorr result,freq=1894610500.6105006,peak=0.024151242803782225,peak2=0.02961264504119754,lag_off=-4.0,confirmed=False
2026-04-24T17:25:32.743655,AUTOCORR_SAMPLE,Per-buffer autocorr result,freq=1894610500.6105006,peak=0.13180609256960452,peak2=0.09125386388041079,lag_off=5.0,confirmed=False
2026-04-24T17:25:32.746312,AUTOCORR_SAMPLE,Per-buffer autocorr result,freq=1894610500.6105006,peak=0.1408503372222185,peak2=0.05398762412369251,lag_off=0.0,confirmed=False
2026-04-24T17:25:32.747027,AUTOCORR_SAMPLE,Per-buffer autocorr result,freq=1894610500.6105006,peak=0.041108458302915096,peak2=0.029616770334541798,lag_off=-4.0,confirmed=False
2026-04-24T17:25:32.747805,AUTOCORR_SAMPLE,Per-buffer autocorr result,freq=1894610500.6105006,peak=0.03704527858644724,peak2=0.041017171926796436,lag_off=5.0,confirmed=False
2026-04-24T17:25:32.750541,AUTOCORR_SAMPLE,Per-buffer autocorr result,freq=1894610500.6105006,peak=0.09975715447217226,peak2=0.12163214106112719,lag_off=6.0,confirmed=False
2026-04-24T17:25:32.751343,AUTOCORR_SAMPLE,Per-buffer autocorr result,freq=1894610500.6105006,peak=0.04854453122243285,peak2=0.04992741113528609,lag_off=-2.0,confirmed=False
2026-04-24T17:25:32.754138,AUTOCORR_SAMPLE,Per-buffer autocorr result,freq=1894610500.6105006,peak=0.14687049854546785,peak2=0.08429105300456285,lag_off=4.0,confirmed=False
2026-04-24T17:25:32.757032,AUTOCORR_SAMPLE,Per-buffer autocorr result,freq=1894610500.6105006,peak=0.06139261741191149,peak2=0.0283965440467,lag_off=-4.0,confirmed=False
2026-04-24T17:25:32.757124,AUTOCORR_RESULT,autocorr classification,freq=1894610500.6105006,votes=0,total=10,score=0.0,confirmed=False
2026-04-24T17:25:33.175036,AUTOCORR_SAMPLE,Per-buffer autocorr result,freq=2114547008.5470085,peak=0.122799769975245,peak2=0.02818475943058729,lag_off=1.0,confirmed=False
2026-04-24T17:25:33.178444,AUTOCORR_SAMPLE,Per-buffer autocorr result,freq=2114547008.5470085,peak=0.06501902150921524,peak2=0.07757945987395942,lag_off=6.0,confirmed=False
2026-04-24T17:25:33.179193,AUTOCORR_SAMPLE,Per-buffer autocorr result,freq=2114547008.5470085,peak=0.12472392665222287,peak2=0.101803467143327,lag_off=-5.0,confirmed=False
2026-04-24T17:25:33.182067,AUTOCORR_SAMPLE,Per-buffer autocorr result,freq=2114547008.5470085,peak=0.07288758200593293,peak2=0.04435911891050637,lag_off=1.0,confirmed=False
2026-04-24T17:25:33.182920,AUTOCORR_SAMPLE,Per-buffer autocorr result,freq=2114547008.5470085,peak=0.08724489063024521,peak2=0.015383768826723099,lag_off=3.0,confirmed=False
2026-04-24T17:25:33.186037,AUTOCORR_SAMPLE,Per-buffer autocorr result,freq=2114547008.5470085,peak=0.06477878242731094,peak2=0.06307763606309891,lag_off=2.0,confirmed=False
2026-04-24T17:25:33.188928,AUTOCORR_SAMPLE,Per-buffer autocorr result,freq=2114547008.5470085,peak=0.09641416650265455,peak2=0.08747546654194593,lag_off=-4.0,confirmed=False
2026-04-24T17:25:33.193709,AUTOCORR_SAMPLE,Per-buffer autocorr result,freq=2114547008.5470085,peak=0.19659940339624882,peak2=0.09926989115774632,lag_off=-4.0,confirmed=False
2026-04-24T17:25:33.194714,AUTOCORR_SAMPLE,Per-buffer autocorr result,freq=2114547008.5470085,peak=0.06557653844356537,peak2=0.023823101073503494,lag_off=0.0,confirmed=False
2026-04-24T17:25:33.202369,AUTOCORR_SAMPLE,Per-buffer autocorr result,freq=2114547008.5470085,peak=0.07899569813162088,peak2=0.06294286344200373,lag_off=-4.0,confirmed=False
2026-04-24T17:25:33.202536,AUTOCORR_RESULT,autocorr classification,freq=2114547008.5470085,votes=0,total=10,score=0.0,confirmed=False
2026-04-24T17:25:33.302249,AUTOCORR_SAMPLE,Per-buffer autocorr result,freq=2144471306.4713066,peak=0.19659940339624882,peak2=0.09926989115774632,lag_off=-4.0,confirmed=False
2026-04-24T17:25:33.305320,AUTOCORR_SAMPLE,Per-buffer autocorr result,freq=2144471306.4713066,peak=0.09370839223265648,peak2=0.15106170251965523,lag_off=-4.0,confirmed=False
2026-04-24T17:25:33.306168,AUTOCORR_SAMPLE,Per-buffer autocorr result,freq=2144471306.4713066,peak=0.05091974139213562,peak2=-0.19100793451070786,lag_off=0.0,confirmed=False
2026-04-24T17:25:33.309386,AUTOCORR_SAMPLE,Per-buffer autocorr result,freq=2144471306.4713066,peak=-0.008115213364362717,peak2=-0.04354901798069477,lag_off=2.0,confirmed=False
2026-04-24T17:25:33.312444,AUTOCORR_SAMPLE,Per-buffer autocorr result,freq=2144471306.4713066,peak=-0.02216384280472994,peak2=0.029135363176465034,lag_off=2.0,confirmed=False
2026-04-24T17:25:33.313208,AUTOCORR_SAMPLE,Per-buffer autocorr result,freq=2144471306.4713066,peak=0.07596514513716102,peak2=0.07525368174538016,lag_off=4.0,confirmed=False
2026-04-24T17:25:33.316360,AUTOCORR_SAMPLE,Per-buffer autocorr result,freq=2144471306.4713066,peak=0.113681610673666,peak2=0.11592043936252594,lag_off=2.0,confirmed=False
2026-04-24T17:25:33.319774,AUTOCORR_SAMPLE,Per-buffer autocorr result,freq=2144471306.4713066,peak=-0.13713544607162476,peak2=-0.09622594946995378,lag_off=-5.0,confirmed=False
2026-04-24T17:25:33.320609,AUTOCORR_SAMPLE,Per-buffer autocorr result,freq=2144471306.4713066,peak=0.3210015743970871,peak2=0.22599828243255615,lag_off=5.0,confirmed=False
2026-04-24T17:25:33.324321,AUTOCORR_SAMPLE,Per-buffer autocorr result,freq=2144471306.4713066,peak=0.039822863414883614,peak2=-0.055822135880589485,lag_off=5.0,confirmed=False
2026-04-24T17:25:33.324388,AUTOCORR_RESULT,autocorr classification,freq=2144471306.4713066,votes=0,total=10,score=0.0,confirmed=False
2026-04-24T17:25:33.338128,AUTOCORR_SAMPLE,Per-buffer autocorr result,freq=2162747252.747253,peak=0.113681610673666,peak2=0.11592043936252594,lag_off=2.0,confirmed=False
2026-04-24T17:25:33.340986,AUTOCORR_SAMPLE,Per-buffer autocorr result,freq=2162747252.747253,peak=0.037279410287737846,peak2=-0.003101607784628868,lag_off=2.0,confirmed=False
2026-04-24T17:25:33.341866,AUTOCORR_SAMPLE,Per-buffer autocorr result,freq=2162747252.747253,peak=0.07753829844295979,peak2=0.08328934200108051,lag_off=-6.0,confirmed=False
2026-04-24T17:25:33.344931,AUTOCORR_SAMPLE,Per-buffer autocorr result,freq=2162747252.747253,peak=0.1672782013192773,peak2=0.07395833823829889,lag_off=3.0,confirmed=False
2026-04-24T17:25:33.345701,AUTOCORR_SAMPLE,Per-buffer autocorr result,freq=2162747252.747253,peak=0.1270617162808776,peak2=0.11457792576402426,lag_off=-6.0,confirmed=False
2026-04-24T17:25:33.349412,AUTOCORR_SAMPLE,Per-buffer autocorr result,freq=2162747252.747253,peak=0.11055646277964115,peak2=0.06339623592793941,lag_off=-6.0,confirmed=False
2026-04-24T17:25:33.357125,AUTOCORR_SAMPLE,Per-buffer autocorr result,freq=2162747252.747253,peak=-0.0029376931488513947,peak2=0.06786947324872017,lag_off=-4.0,confirmed=False
2026-04-24T17:25:33.358023,AUTOCORR_SAMPLE,Per-buffer autocorr result,freq=2162747252.747253,peak=0.06534061604179442,peak2=0.06244541727937758,lag_off=4.0,confirmed=False
2026-04-24T17:25:33.374361,AUTOCORR_SAMPLE,Per-buffer autocorr result,freq=2162747252.747253,peak=0.027414590120315552,peak2=0.02741306647658348,lag_off=3.0,confirmed=False
2026-04-24T17:25:33.385480,AUTOCORR_SAMPLE,Per-buffer autocorr result,freq=2162747252.747253,peak=0.047377584502100945,peak2=0.0809036586433649,lag_off=4.0,confirmed=False
2026-04-24T17:25:33.390985,AUTOCORR_RESULT,autocorr classification,freq=2162747252.747253,votes=0,total=10,score=0.0,confirmed=False
2026-04-24T17:25:33.463239,AUTOCORR_SAMPLE,Per-buffer autocorr result,freq=2186910866.9108667,peak=0.037279410287737846,peak2=-0.003101607784628868,lag_off=2.0,confirmed=False
2026-04-24T17:25:33.469473,AUTOCORR_SAMPLE,Per-buffer autocorr result,freq=2186910866.9108667,peak=0.09836652036756277,peak2=0.1300560152158141,lag_off=2.0,confirmed=False
2026-04-24T17:25:33.470184,AUTOCORR_SAMPLE,Per-buffer autocorr result,freq=2186910866.9108667,peak=0.06592206098139286,peak2=-0.0011885520070791245,lag_off=1.0,confirmed=False
2026-04-24T17:25:33.476236,AUTOCORR_SAMPLE,Per-buffer autocorr result,freq=2186910866.9108667,peak=0.07479810947552323,peak2=0.08239313447847962,lag_off=-3.0,confirmed=False
2026-04-24T17:25:33.480098,AUTOCORR_SAMPLE,Per-buffer autocorr result,freq=2186910866.9108667,peak=0.06064113648608327,peak2=0.03234033705666661,lag_off=-6.0,confirmed=False
2026-04-24T17:25:33.486744,AUTOCORR_SAMPLE,Per-buffer autocorr result,freq=2186910866.9108667,peak=0.1502423146739602,peak2=0.08958458248525858,lag_off=1.0,confirmed=False
2026-04-24T17:25:33.487679,AUTOCORR_SAMPLE,Per-buffer autocorr result,freq=2186910866.9108667,peak=0.08979292493313551,peak2=0.04768273886293173,lag_off=-2.0,confirmed=False
2026-04-24T17:25:33.495152,AUTOCORR_SAMPLE,Per-buffer autocorr result,freq=2186910866.9108667,peak=0.11896662134677172,peak2=0.06961620319634676,lag_off=2.0,confirmed=False
2026-04-24T17:25:33.495987,AUTOCORR_SAMPLE,Per-buffer autocorr result,freq=2186910866.9108667,peak=0.17029068805277348,peak2=0.144651273265481,lag_off=-1.0,confirmed=False
2026-04-24T17:25:33.499828,AUTOCORR_SAMPLE,Per-buffer autocorr result,freq=2186910866.9108667,peak=0.3293044911697507,peak2=0.02282664878293872,lag_off=-3.0,confirmed=False
2026-04-24T17:25:33.499902,AUTOCORR_RESULT,autocorr classification,freq=2186910866.9108667,votes=0,total=10,score=0.0,confirmed=False
2026-04-24T17:25:33.518113,AUTOCORR_SAMPLE,Per-buffer autocorr result,freq=2206971916.971917,peak=0.06064113648608327,peak2=0.03234033705666661,lag_off=-6.0,confirmed=False
2026-04-24T17:25:33.518865,AUTOCORR_SAMPLE,Per-buffer autocorr result,freq=2206971916.971917,peak=0.25891250744462013,peak2=0.0734153501689434,lag_off=6.0,confirmed=False
2026-04-24T17:25:33.524923,AUTOCORR_SAMPLE,Per-buffer autocorr result,freq=2206971916.971917,peak=0.07387694879435003,peak2=0.03541573672555387,lag_off=5.0,confirmed=False
2026-04-24T17:25:33.527515,AUTOCORR_SAMPLE,Per-buffer autocorr result,freq=2206971916.971917,peak=0.12126691872254014,peak2=0.07868558401241899,lag_off=-2.0,confirmed=False
2026-04-24T17:25:33.528704,AUTOCORR_SAMPLE,Per-buffer autocorr result,freq=2206971916.971917,peak=0.12537561729550362,peak2=0.10901885852217674,lag_off=0.0,confirmed=False
2026-04-24T17:25:33.529389,AUTOCORR_SAMPLE,Per-buffer autocorr result,freq=2206971916.971917,peak=0.09217481082305312,peak2=0.1222593910060823,lag_off=6.0,confirmed=False
2026-04-24T17:25:33.531818,AUTOCORR_SAMPLE,Per-buffer autocorr result,freq=2206971916.971917,peak=0.1514697610400617,peak2=0.09650679817423224,lag_off=-1.0,confirmed=False
2026-04-24T17:25:33.534592,AUTOCORR_SAMPLE,Per-buffer autocorr result,freq=2206971916.971917,peak=0.08081042487174273,peak2=0.03941889200359583,lag_off=0.0,confirmed=False
2026-04-24T17:25:33.535381,AUTOCORR_SAMPLE,Per-buffer autocorr result,freq=2206971916.971917,peak=0.014951104763895273,peak2=0.021629451774060726,lag_off=0.0,confirmed=False
2026-04-24T17:25:33.540291,AUTOCORR_SAMPLE,Per-buffer autocorr result,freq=2206971916.971917,peak=0.08053231541998684,peak2=0.06598250870592892,lag_off=5.0,confirmed=False
2026-04-24T17:25:33.540427,AUTOCORR_RESULT,autocorr classification,freq=2206971916.971917,votes=0,total=10,score=0.0,confirmed=False
2026-04-24T17:25:33.880910,AUTOCORR_SAMPLE,Per-buffer autocorr result,freq=2413032967.032967,peak=0.07086204143706709,peak2=0.09720347973052412,lag_off=-4.0,confirmed=False
2026-04-24T17:25:33.881657,AUTOCORR_SAMPLE,Per-buffer autocorr result,freq=2413032967.032967,peak=-0.05150805786252022,peak2=-0.14045444875955582,lag_off=-1.0,confirmed=False
2026-04-24T17:25:33.895336,AUTOCORR_SAMPLE,Per-buffer autocorr result,freq=2413032967.032967,peak=0.1391617421177216,peak2=0.09470553585560992,lag_off=3.0,confirmed=False
2026-04-24T17:25:33.909030,AUTOCORR_SAMPLE,Per-buffer autocorr result,freq=2413032967.032967,peak=0.04721449734643102,peak2=0.10571242170408368,lag_off=-6.0,confirmed=False
2026-04-24T17:25:33.920331,AUTOCORR_SAMPLE,Per-buffer autocorr result,freq=2413032967.032967,peak=0.17733436333946884,peak2=0.04068553703837097,lag_off=-2.0,confirmed=False
2026-04-24T17:25:33.930311,AUTOCORR_SAMPLE,Per-buffer autocorr result,freq=2413032967.032967,peak=0.1432405086234212,peak2=0.09278217423707247,lag_off=3.0,confirmed=False
2026-04-24T17:25:33.937026,AUTOCORR_SAMPLE,Per-buffer autocorr result,freq=2413032967.032967,peak=0.05340898979920894,peak2=0.08148967300076038,lag_off=5.0,confirmed=False
2026-04-24T17:25:33.945972,AUTOCORR_SAMPLE,Per-buffer autocorr result,freq=2413032967.032967,peak=0.10377144534140825,peak2=0.09032412339001894,lag_off=-5.0,confirmed=False
2026-04-24T17:25:33.947129,AUTOCORR_SAMPLE,Per-buffer autocorr result,freq=2413032967.032967,peak=0.2043312662281096,peak2=0.10984333837404847,lag_off=5.0,confirmed=False
2026-04-24T17:25:33.951025,AUTOCORR_SAMPLE,Per-buffer autocorr result,freq=2413032967.032967,peak=0.13968464836943895,peak2=0.06375681713689119,lag_off=2.0,confirmed=False
2026-04-24T17:25:33.951190,AUTOCORR_RESULT,autocorr classification,freq=2413032967.032967,votes=0,total=10,score=0.0,confirmed=False
2026-04-24T17:25:33.958789,AUTOCORR_SAMPLE,Per-buffer autocorr result,freq=2434056166.0561657,peak=0.04721449734643102,peak2=0.10571242170408368,lag_off=-6.0,confirmed=False
2026-04-24T17:25:33.961551,AUTOCORR_SAMPLE,Per-buffer autocorr result,freq=2434056166.0561657,peak=0.16166622657328844,peak2=0.10007285047322512,lag_off=-6.0,confirmed=False
2026-04-24T17:25:33.962277,AUTOCORR_SAMPLE,Per-buffer autocorr result,freq=2434056166.0561657,peak=0.150265782373026,peak2=0.07273778994567692,lag_off=3.0,confirmed=False
2026-04-24T17:25:33.964585,AUTOCORR_SAMPLE,Per-buffer autocorr result,freq=2434056166.0561657,peak=0.11724970314389793,peak2=0.12475922528392402,lag_off=-5.0,confirmed=False
2026-04-24T17:25:33.965276,AUTOCORR_SAMPLE,Per-buffer autocorr result,freq=2434056166.0561657,peak=0.0523575739498483,peak2=0.045926303559099324,lag_off=6.0,confirmed=False
2026-04-24T17:25:33.967524,AUTOCORR_SAMPLE,Per-buffer autocorr result,freq=2434056166.0561657,peak=0.1554120099171996,peak2=0.08989622350782156,lag_off=-6.0,confirmed=False
2026-04-24T17:25:33.968120,AUTOCORR_SAMPLE,Per-buffer autocorr result,freq=2434056166.0561657,peak=0.12524832133203745,peak2=0.13817317131906748,lag_off=-5.0,confirmed=False
2026-04-24T17:25:33.968855,AUTOCORR_SAMPLE,Per-buffer autocorr result,freq=2434056166.0561657,peak=0.14461787231266499,peak2=0.03046010248363018,lag_off=1.0,confirmed=False
2026-04-24T17:25:33.972958,AUTOCORR_SAMPLE,Per-buffer autocorr result,freq=2434056166.0561657,peak=0.07314944174140692,peak2=0.09514252003282309,lag_off=-5.0,confirmed=False
2026-04-24T17:25:33.974769,AUTOCORR_SAMPLE,Per-buffer autocorr result,freq=2434056166.0561657,peak=0.13869588024681434,peak2=0.08848436124389991,lag_off=-1.0,confirmed=False
2026-04-24T17:25:33.977738,AUTOCORR_RESULT,autocorr classification,freq=2434056166.0561657,votes=0,total=10,score=0.0,confirmed=False
2026-04-24T17:25:34.001389,AUTOCORR_SAMPLE,Per-buffer autocorr result,freq=2461765567.765568,peak=0.150265782373026,peak2=0.07273778994567692,lag_off=3.0,confirmed=False
2026-04-24T17:25:34.004349,AUTOCORR_SAMPLE,Per-buffer autocorr result,freq=2461765567.765568,peak=0.12519614584743977,peak2=-0.0029584448784589767,lag_off=6.0,confirmed=False
2026-04-24T17:25:34.007030,AUTOCORR_SAMPLE,Per-buffer autocorr result,freq=2461765567.765568,peak=0.13103636726737022,peak2=0.04562262445688248,lag_off=6.0,confirmed=False
2026-04-24T17:25:34.007777,AUTOCORR_SAMPLE,Per-buffer autocorr result,freq=2461765567.765568,peak=-0.11946621723473072,peak2=-0.18711187690496445,lag_off=-6.0,confirmed=False
2026-04-24T17:25:34.010225,AUTOCORR_SAMPLE,Per-buffer autocorr result,freq=2461765567.765568,peak=-0.26939817424863577,peak2=-0.42398756742477417,lag_off=-6.0,confirmed=False
2026-04-24T17:25:34.011136,AUTOCORR_SAMPLE,Per-buffer autocorr result,freq=2461765567.765568,peak=0.1202420312911272,peak2=0.11213272996246815,lag_off=4.0,confirmed=False
2026-04-24T17:25:34.013587,AUTOCORR_SAMPLE,Per-buffer autocorr result,freq=2461765567.765568,peak=0.12585179787129164,peak2=0.07143166940659285,lag_off=4.0,confirmed=False
2026-04-24T17:25:34.014448,AUTOCORR_SAMPLE,Per-buffer autocorr result,freq=2461765567.765568,peak=-0.18839342147111893,peak2=-0.2306685745716095,lag_off=-5.0,confirmed=False
2026-04-24T17:25:34.017019,AUTOCORR_SAMPLE,Per-buffer autocorr result,freq=2461765567.765568,peak=0.1028395127505064,peak2=0.06433005444705486,lag_off=5.0,confirmed=False
2026-04-24T17:25:34.019666,AUTOCORR_SAMPLE,Per-buffer autocorr result,freq=2461765567.765568,peak=0.14479662745725363,peak2=0.041807039524428546,lag_off=0.0,confirmed=False
2026-04-24T17:25:34.019802,AUTOCORR_RESULT,autocorr classification,freq=2461765567.765568,votes=0,total=10,score=0.0,confirmed=False
2026-04-24T17:25:34.310986,AUTOCORR_SAMPLE,Per-buffer autocorr result,freq=2644788766.788767,peak=0.16115831770002842,peak2=0.07147629000246525,lag_off=1.0,confirmed=False
2026-04-24T17:25:34.313846,AUTOCORR_SAMPLE,Per-buffer autocorr result,freq=2644788766.788767,peak=0.09971288219094276,peak2=0.0668877623975277,lag_off=-5.0,confirmed=False
2026-04-24T17:25:34.316740,AUTOCORR_SAMPLE,Per-buffer autocorr result,freq=2644788766.788767,peak=-0.12068944796919823,peak2=-0.22268513962626457,lag_off=3.0,confirmed=False
2026-04-24T17:25:34.317690,AUTOCORR_SAMPLE,Per-buffer autocorr result,freq=2644788766.788767,peak=0.028715327382087708,peak2=-0.17631198465824127,lag_off=-3.0,confirmed=False
2026-04-24T17:25:34.321551,AUTOCORR_SAMPLE,Per-buffer autocorr result,freq=2644788766.788767,peak=-0.17948908358812332,peak2=-0.4290725886821747,lag_off=-1.0,confirmed=False
2026-04-24T17:25:34.322403,AUTOCORR_SAMPLE,Per-buffer autocorr result,freq=2644788766.788767,peak=0.07880207058042288,peak2=0.010316378436982632,lag_off=0.0,confirmed=False
2026-04-24T17:25:34.326951,AUTOCORR_SAMPLE,Per-buffer autocorr result,freq=2644788766.788767,peak=0.0007487237453460693,peak2=0.019046619534492493,lag_off=1.0,confirmed=False
2026-04-24T17:25:34.327773,AUTOCORR_SAMPLE,Per-buffer autocorr result,freq=2644788766.788767,peak=0.05820431374013424,peak2=0.048412906005978584,lag_off=-1.0,confirmed=False
2026-04-24T17:25:34.334258,AUTOCORR_SAMPLE,Per-buffer autocorr result,freq=2644788766.788767,peak=-0.0025953948497772217,peak2=-0.03510933183133602,lag_off=0.0,confirmed=False
2026-04-24T17:25:34.335077,AUTOCORR_SAMPLE,Per-buffer autocorr result,freq=2644788766.788767,peak=-0.2415950633585453,peak2=-0.40218281745910645,lag_off=-6.0,confirmed=False
2026-04-24T17:25:34.335187,AUTOCORR_RESULT,autocorr classification,freq=2644788766.788767,votes=0,total=10,score=0.0,confirmed=False
2026-04-24T17:25:34.436420,AUTOCORR_SAMPLE,Per-buffer autocorr result,freq=2652393162.3931627,peak=-0.12068944796919823,peak2=-0.22268513962626457,lag_off=3.0,confirmed=False
2026-04-24T17:25:34.443807,AUTOCORR_SAMPLE,Per-buffer autocorr result,freq=2652393162.3931627,peak=0.0807865560054779,peak2=0.03470935299992561,lag_off=-5.0,confirmed=False
2026-04-24T17:25:34.444542,AUTOCORR_SAMPLE,Per-buffer autocorr result,freq=2652393162.3931627,peak=0.10555217764340341,peak2=0.05855934298597276,lag_off=6.0,confirmed=False
2026-04-24T17:25:34.452714,AUTOCORR_SAMPLE,Per-buffer autocorr result,freq=2652393162.3931627,peak=0.07679940946400166,peak2=0.06880993954837322,lag_off=6.0,confirmed=False
2026-04-24T17:25:34.453710,AUTOCORR_SAMPLE,Per-buffer autocorr result,freq=2652393162.3931627,peak=-0.006107360124588013,peak2=-0.036380019038915634,lag_off=-6.0,confirmed=False
2026-04-24T17:25:34.461172,AUTOCORR_SAMPLE,Per-buffer autocorr result,freq=2652393162.3931627,peak=0.05478801531717181,peak2=0.07869619084522128,lag_off=6.0,confirmed=False
2026-04-24T17:25:34.461998,AUTOCORR_SAMPLE,Per-buffer autocorr result,freq=2652393162.3931627,peak=-0.14875815156847239,peak2=-0.2844657897949219,lag_off=6.0,confirmed=False
2026-04-24T17:25:34.468375,AUTOCORR_SAMPLE,Per-buffer autocorr result,freq=2652393162.3931627,peak=0.05601304769515991,peak2=0.07260680198669434,lag_off=3.0,confirmed=False
2026-04-24T17:25:34.469435,AUTOCORR_SAMPLE,Per-buffer autocorr result,freq=2652393162.3931627,peak=0.025942228734493256,peak2=0.0031528547406196594,lag_off=-6.0,confirmed=False
2026-04-24T17:25:34.475148,AUTOCORR_SAMPLE,Per-buffer autocorr result,freq=2652393162.3931627,peak=0.10149631160311401,peak2=0.09995319205336273,lag_off=0.0,confirmed=False
2026-04-24T17:25:34.475293,AUTOCORR_RESULT,autocorr classification,freq=2652393162.3931627,votes=0,total=10,score=0.0,confirmed=False
2026-04-24T17:25:34.494318,AUTOCORR_SAMPLE,Per-buffer autocorr result,freq=2672456654.4566545,peak=0.05478801531717181,peak2=0.07869619084522128,lag_off=6.0,confirmed=False
2026-04-24T17:25:34.497772,AUTOCORR_SAMPLE,Per-buffer autocorr result,freq=2672456654.4566545,peak=0.2465356132015586,peak2=0.09400570299476385,lag_off=3.0,confirmed=False
2026-04-24T17:25:34.500171,AUTOCORR_SAMPLE,Per-buffer autocorr result,freq=2672456654.4566545,peak=0.11317930603399873,peak2=0.08412439608946443,lag_off=6.0,confirmed=False
2026-04-24T17:25:34.500929,AUTOCORR_SAMPLE,Per-buffer autocorr result,freq=2672456654.4566545,peak=0.11120292730629444,peak2=0.05931212939321995,lag_off=3.0,confirmed=False
2026-04-24T17:25:34.503518,AUTOCORR_SAMPLE,Per-buffer autocorr result,freq=2672456654.4566545,peak=0.1870256974361837,peak2=0.07545137545093894,lag_off=-5.0,confirmed=False
2026-04-24T17:25:34.504576,AUTOCORR_SAMPLE,Per-buffer autocorr result,freq=2672456654.4566545,peak=0.026769576128572226,peak2=0.025566441472619772,lag_off=6.0,confirmed=False
2026-04-24T17:25:34.507051,AUTOCORR_SAMPLE,Per-buffer autocorr result,freq=2672456654.4566545,peak=0.06541393720544875,peak2=0.08486454957164824,lag_off=-6.0,confirmed=False
2026-04-24T17:25:34.507966,AUTOCORR_SAMPLE,Per-buffer autocorr result,freq=2672456654.4566545,peak=0.1852271887473762,peak2=0.14892731932923198,lag_off=-3.0,confirmed=False
2026-04-24T17:25:34.510740,AUTOCORR_SAMPLE,Per-buffer autocorr result,freq=2672456654.4566545,peak=0.15253336913883686,peak2=0.09654250182211399,lag_off=5.0,confirmed=False
2026-04-24T17:25:34.511628,AUTOCORR_SAMPLE,Per-buffer autocorr result,freq=2672456654.4566545,peak=0.07211710698902607,peak2=0.09639173187315464,lag_off=0.0,confirmed=False
2026-04-24T17:25:34.513419,AUTOCORR_RESULT,autocorr classification,freq=2672456654.4566545,votes=0,total=10,score=0.0,confirmed=False
2026-04-24T17:25:35.397732,AUTOCORR_SAMPLE,Per-buffer autocorr result,freq=3384385836.3858366,peak=0.03238518815487623,peak2=0.030709066428244114,lag_off=3.0,confirmed=False
2026-04-24T17:25:35.400724,AUTOCORR_SAMPLE,Per-buffer autocorr result,freq=3384385836.3858366,peak=0.23637529835104942,peak2=0.09614114835858345,lag_off=3.0,confirmed=False
2026-04-24T17:25:35.401810,AUTOCORR_SAMPLE,Per-buffer autocorr result,freq=3384385836.3858366,peak=0.2060648500919342,peak2=0.02128662378527224,lag_off=5.0,confirmed=False
2026-04-24T17:25:35.405447,AUTOCORR_SAMPLE,Per-buffer autocorr result,freq=3384385836.3858366,peak=0.17529118387028575,peak2=0.06058309180662036,lag_off=-4.0,confirmed=False
2026-04-24T17:25:35.408194,AUTOCORR_SAMPLE,Per-buffer autocorr result,freq=3384385836.3858366,peak=0.08217365527525544,peak2=0.055361336562782526,lag_off=-6.0,confirmed=False
2026-04-24T17:25:35.410751,AUTOCORR_SAMPLE,Per-buffer autocorr result,freq=3384385836.3858366,peak=0.1412572804838419,peak2=-0.014749426394701004,lag_off=-6.0,confirmed=False
2026-04-24T17:25:35.411444,AUTOCORR_SAMPLE,Per-buffer autocorr result,freq=3384385836.3858366,peak=0.057744573801755905,peak2=0.0038939490914344788,lag_off=6.0,confirmed=False
2026-04-24T17:25:35.412128,AUTOCORR_SAMPLE,Per-buffer autocorr result,freq=3384385836.3858366,peak=0.015988466329872608,peak2=0.09834283590316772,lag_off=0.0,confirmed=False
2026-04-24T17:25:35.415109,AUTOCORR_SAMPLE,Per-buffer autocorr result,freq=3384385836.3858366,peak=0.12374497670680285,peak2=0.04368289653211832,lag_off=3.0,confirmed=False
2026-04-24T17:25:35.418278,AUTOCORR_SAMPLE,Per-buffer autocorr result,freq=3384385836.3858366,peak=0.13486905954778194,peak2=0.11821887455880642,lag_off=0.0,confirmed=False
2026-04-24T17:25:35.418487,AUTOCORR_RESULT,autocorr classification,freq=3384385836.3858366,votes=0,total=10,score=0.0,confirmed=False
2026-04-24T17:25:35.482498,AUTOCORR_SAMPLE,Per-buffer autocorr result,freq=3413921855.921856,peak=-0.02178420644486323,peak2=0.029686598107218742,lag_off=6.0,confirmed=False
2026-04-24T17:25:35.485694,AUTOCORR_SAMPLE,Per-buffer autocorr result,freq=3413921855.921856,peak=0.1498445887118578,peak2=0.08727009780704975,lag_off=2.0,confirmed=False
2026-04-24T17:25:35.486647,AUTOCORR_SAMPLE,Per-buffer autocorr result,freq=3413921855.921856,peak=0.1434157695621252,peak2=0.10919505171477795,lag_off=2.0,confirmed=False
2026-04-24T17:25:35.489903,AUTOCORR_SAMPLE,Per-buffer autocorr result,freq=3413921855.921856,peak=0.08955931011587381,peak2=0.06024120468646288,lag_off=2.0,confirmed=False
2026-04-24T17:25:35.490676,AUTOCORR_SAMPLE,Per-buffer autocorr result,freq=3413921855.921856,peak=0.1123488862067461,peak2=0.04940675012767315,lag_off=6.0,confirmed=False
2026-04-24T17:25:35.493550,AUTOCORR_SAMPLE,Per-buffer autocorr result,freq=3413921855.921856,peak=0.1395741319283843,peak2=0.16295916493982077,lag_off=2.0,confirmed=False
2026-04-24T17:25:35.496443,AUTOCORR_SAMPLE,Per-buffer autocorr result,freq=3413921855.921856,peak=0.0217506296467036,peak2=0.16804413311183453,lag_off=0.0,confirmed=False
2026-04-24T17:25:35.497645,AUTOCORR_SAMPLE,Per-buffer autocorr result,freq=3413921855.921856,peak=0.14651513379067183,peak2=0.08094533812254667,lag_off=1.0,confirmed=False
2026-04-24T17:25:35.500145,AUTOCORR_SAMPLE,Per-buffer autocorr result,freq=3413921855.921856,peak=0.1629532480146736,peak2=0.0735008695628494,lag_off=1.0,confirmed=False
2026-04-24T17:25:35.502825,AUTOCORR_SAMPLE,Per-buffer autocorr result,freq=3413921855.921856,peak=0.05523025884758681,peak2=0.035955733503215015,lag_off=-1.0,confirmed=False
2026-04-24T17:25:35.502939,AUTOCORR_RESULT,autocorr classification,freq=3413921855.921856,votes=0,total=10,score=0.0,confirmed=False
2026-04-24T17:25:36.208952,AUTOCORR_SAMPLE,Per-buffer autocorr result,freq=3934334554.3345547,peak=0.10433296393603086,peak2=0.0860954774543643,lag_off=6.0,confirmed=False
2026-04-24T17:25:36.211539,AUTOCORR_SAMPLE,Per-buffer autocorr result,freq=3934334554.3345547,peak=0.1872915606945753,peak2=0.08950494788587093,lag_off=-5.0,confirmed=False
2026-04-24T17:25:36.212450,AUTOCORR_SAMPLE,Per-buffer autocorr result,freq=3934334554.3345547,peak=0.1850733608007431,peak2=0.08135931193828583,lag_off=0.0,confirmed=False
2026-04-24T17:25:36.215358,AUTOCORR_SAMPLE,Per-buffer autocorr result,freq=3934334554.3345547,peak=0.08569740643724799,peak2=0.09826345881447196,lag_off=3.0,confirmed=False
2026-04-24T17:25:36.218002,AUTOCORR_SAMPLE,Per-buffer autocorr result,freq=3934334554.3345547,peak=-0.0016142725944519043,peak2=-0.1128963902592659,lag_off=-4.0,confirmed=False
2026-04-24T17:25:36.218889,AUTOCORR_SAMPLE,Per-buffer autocorr result,freq=3934334554.3345547,peak=0.053075152332894504,peak2=0.08042237802874297,lag_off=-4.0,confirmed=False
2026-04-24T17:25:36.219522,AUTOCORR_SAMPLE,Per-buffer autocorr result,freq=3934334554.3345547,peak=0.04408048652112484,peak2=0.07285321317613125,lag_off=4.0,confirmed=False
2026-04-24T17:25:36.222272,AUTOCORR_SAMPLE,Per-buffer autocorr result,freq=3934334554.3345547,peak=0.060055273585021496,peak2=0.06458270084112883,lag_off=-3.0,confirmed=False
2026-04-24T17:25:36.224907,AUTOCORR_SAMPLE,Per-buffer autocorr result,freq=3934334554.3345547,peak=0.12432803073897958,peak2=0.032419970724731684,lag_off=3.0,confirmed=False
2026-04-24T17:25:36.225780,AUTOCORR_SAMPLE,Per-buffer autocorr result,freq=3934334554.3345547,peak=0.1524769482202828,peak2=0.1035047066397965,lag_off=3.0,confirmed=False
2026-04-24T17:25:36.227649,AUTOCORR_RESULT,autocorr classification,freq=3934334554.3345547,votes=0,total=10,score=0.0,confirmed=False
2026-04-24T17:25:36.406748,AUTOCORR_SAMPLE,Per-buffer autocorr result,freq=4075069597.0695972,peak=0.08322244556620717,peak2=0.04060816811397672,lag_off=6.0,confirmed=False
2026-04-24T17:25:36.409678,AUTOCORR_SAMPLE,Per-buffer autocorr result,freq=4075069597.0695972,peak=0.12570818059612066,peak2=0.11818412982393056,lag_off=-5.0,confirmed=False
2026-04-24T17:25:36.410531,AUTOCORR_SAMPLE,Per-buffer autocorr result,freq=4075069597.0695972,peak=0.17353132786229253,peak2=0.07617552252486348,lag_off=-5.0,confirmed=False
2026-04-24T17:25:36.413582,AUTOCORR_SAMPLE,Per-buffer autocorr result,freq=4075069597.0695972,peak=-0.04836161574348807,peak2=0.03660040721297264,lag_off=-3.0,confirmed=False
2026-04-24T17:25:36.416434,AUTOCORR_SAMPLE,Per-buffer autocorr result,freq=4075069597.0695972,peak=0.08287117956206203,peak2=0.04337304783985019,lag_off=4.0,confirmed=False
2026-04-24T17:25:36.417286,AUTOCORR_SAMPLE,Per-buffer autocorr result,freq=4075069597.0695972,peak=0.057425159960985184,peak2=0.08467990905046463,lag_off=3.0,confirmed=False
2026-04-24T17:25:36.420341,AUTOCORR_SAMPLE,Per-buffer autocorr result,freq=4075069597.0695972,peak=0.09621344599872828,peak2=0.0678736949339509,lag_off=-2.0,confirmed=False
2026-04-24T17:25:36.421164,AUTOCORR_SAMPLE,Per-buffer autocorr result,freq=4075069597.0695972,peak=0.015854664146900177,peak2=-0.08780850656330585,lag_off=0.0,confirmed=False
2026-04-24T17:25:36.423799,AUTOCORR_SAMPLE,Per-buffer autocorr result,freq=4075069597.0695972,peak=0.07587449811398983,peak2=0.07835868559777737,lag_off=-6.0,confirmed=False
2026-04-24T17:25:36.424602,AUTOCORR_SAMPLE,Per-buffer autocorr result,freq=4075069597.0695972,peak=0.03796900995075703,peak2=-0.0072252266108989716,lag_off=-5.0,confirmed=False
2026-04-24T17:25:36.424702,AUTOCORR_RESULT,autocorr classification,freq=4075069597.0695972,votes=0,total=10,score=0.0,confirmed=False
2026-04-24T17:25:36.447394,AUTOCORR_SAMPLE,Per-buffer autocorr result,freq=4106063492.063492,peak=-0.030523208901286125,peak2=-0.017456062138080597,lag_off=-2.0,confirmed=False
2026-04-24T17:25:36.450507,AUTOCORR_SAMPLE,Per-buffer autocorr result,freq=4106063492.063492,peak=0.13907602475956082,peak2=0.04836003156378865,lag_off=5.0,confirmed=False
2026-04-24T17:25:36.451321,AUTOCORR_SAMPLE,Per-buffer autocorr result,freq=4106063492.063492,peak=0.1451675295829773,peak2=0.08505961298942566,lag_off=5.0,confirmed=False
2026-04-24T17:25:36.455007,AUTOCORR_SAMPLE,Per-buffer autocorr result,freq=4106063492.063492,peak=0.11123437574133277,peak2=0.06263436144217849,lag_off=-4.0,confirmed=False
2026-04-24T17:25:36.456115,AUTOCORR_SAMPLE,Per-buffer autocorr result,freq=4106063492.063492,peak=0.10271437559276819,peak2=0.022650879807770252,lag_off=-1.0,confirmed=False
2026-04-24T17:25:36.459826,AUTOCORR_SAMPLE,Per-buffer autocorr result,freq=4106063492.063492,peak=0.04701105155982077,peak2=0.08031805255450308,lag_off=-3.0,confirmed=False
2026-04-24T17:25:36.460637,AUTOCORR_SAMPLE,Per-buffer autocorr result,freq=4106063492.063492,peak=0.06166333437431604,peak2=0.03909827128518373,lag_off=4.0,confirmed=False
2026-04-24T17:25:36.464351,AUTOCORR_SAMPLE,Per-buffer autocorr result,freq=4106063492.063492,peak=0.09411299228668213,peak2=0.03697643801569939,lag_off=-5.0,confirmed=False
2026-04-24T17:25:36.468467,AUTOCORR_SAMPLE,Per-buffer autocorr result,freq=4106063492.063492,peak=0.08800528105348349,peak2=0.03380060847848654,lag_off=-4.0,confirmed=False
2026-04-24T17:25:36.469269,AUTOCORR_SAMPLE,Per-buffer autocorr result,freq=4106063492.063492,peak=0.05441974801942706,peak2=0.019713847432285547,lag_off=-1.0,confirmed=False
2026-04-24T17:25:36.469434,AUTOCORR_RESULT,autocorr classification,freq=4106063492.063492,votes=0,total=10,score=0.0,confirmed=False
2026-04-24T17:25:36.497101,AUTOCORR_SAMPLE,Per-buffer autocorr result,freq=4125252747.252747,peak=0.13907602475956082,peak2=0.04836003156378865,lag_off=5.0,confirmed=False
2026-04-24T17:25:36.500415,AUTOCORR_SAMPLE,Per-buffer autocorr result,freq=4125252747.252747,peak=0.16497759241610765,peak2=0.03417836222797632,lag_off=-4.0,confirmed=False
2026-04-24T17:25:36.501130,AUTOCORR_SAMPLE,Per-buffer autocorr result,freq=4125252747.252747,peak=0.12002770230174065,peak2=0.0621076300740242,lag_off=4.0,confirmed=False
2026-04-24T17:25:36.504746,AUTOCORR_SAMPLE,Per-buffer autocorr result,freq=4125252747.252747,peak=0.1301613189280033,peak2=0.07735481485724449,lag_off=3.0,confirmed=False
2026-04-24T17:25:36.507958,AUTOCORR_SAMPLE,Per-buffer autocorr result,freq=4125252747.252747,peak=0.1854493897408247,peak2=0.08963094465434551,lag_off=2.0,confirmed=False
2026-04-24T17:25:36.508670,AUTOCORR_SAMPLE,Per-buffer autocorr result,freq=4125252747.252747,peak=0.12326610321179032,peak2=0.13122779363766313,lag_off=-3.0,confirmed=False
2026-04-24T17:25:36.509380,AUTOCORR_SAMPLE,Per-buffer autocorr result,freq=4125252747.252747,peak=0.014117412269115448,peak2=0.0348996315151453,lag_off=-4.0,confirmed=False
2026-04-24T17:25:36.512817,AUTOCORR_SAMPLE,Per-buffer autocorr result,freq=4125252747.252747,peak=0.15255147963762283,peak2=0.138590507209301,lag_off=1.0,confirmed=False
2026-04-24T17:25:36.515925,AUTOCORR_SAMPLE,Per-buffer autocorr result,freq=4125252747.252747,peak=0.07648531906306744,peak2=-0.0478564091026783,lag_off=-1.0,confirmed=False
2026-04-24T17:25:36.516662,AUTOCORR_SAMPLE,Per-buffer autocorr result,freq=4125252747.252747,peak=0.06792687019333243,peak2=0.07560839271172881,lag_off=-3.0,confirmed=False
2026-04-24T17:25:36.516767,AUTOCORR_RESULT,autocorr classification,freq=4125252747.252747,votes=0,total=10,score=0.0,confirmed=False
2026-04-24T17:25:36.535174,AUTOCORR_SAMPLE,Per-buffer autocorr result,freq=4144383394.3833942,peak=0.16497759241610765,peak2=0.03417836222797632,lag_off=-4.0,confirmed=False
2026-04-24T17:25:36.538347,AUTOCORR_SAMPLE,Per-buffer autocorr result,freq=4144383394.3833942,peak=0.137697234749794,peak2=0.08984038978815079,lag_off=3.0,confirmed=False
2026-04-24T17:25:36.539592,AUTOCORR_SAMPLE,Per-buffer autocorr result,freq=4144383394.3833942,peak=0.09175384836271405,peak2=0.021500992123037577,lag_off=-5.0,confirmed=False
2026-04-24T17:25:36.542557,AUTOCORR_SAMPLE,Per-buffer autocorr result,freq=4144383394.3833942,peak=0.12951543554663658,peak2=0.0963418297469616,lag_off=-4.0,confirmed=False
2026-04-24T17:25:36.546203,AUTOCORR_SAMPLE,Per-buffer autocorr result,freq=4144383394.3833942,peak=0.05831558536738157,peak2=0.0539810610935092,lag_off=5.0,confirmed=False
2026-04-24T17:25:36.549461,AUTOCORR_SAMPLE,Per-buffer autocorr result,freq=4144383394.3833942,peak=0.13654765952378511,peak2=0.06684183049947023,lag_off=4.0,confirmed=False
2026-04-24T17:25:36.550239,AUTOCORR_SAMPLE,Per-buffer autocorr result,freq=4144383394.3833942,peak=0.11634573200717568,peak2=0.026044743601232767,lag_off=-3.0,confirmed=False
2026-04-24T17:25:36.550845,AUTOCORR_SAMPLE,Per-buffer autocorr result,freq=4144383394.3833942,peak=0.07210501004010439,peak2=0.035786730237305164,lag_off=6.0,confirmed=False
2026-04-24T17:25:36.554578,AUTOCORR_SAMPLE,Per-buffer autocorr result,freq=4144383394.3833942,peak=0.0330542977899313,peak2=0.06392516009509563,lag_off=2.0,confirmed=False
2026-04-24T17:25:36.557444,AUTOCORR_SAMPLE,Per-buffer autocorr result,freq=4144383394.3833942,peak=0.053134482353925705,peak2=0.07758047804236412,lag_off=3.0,confirmed=False
2026-04-24T17:25:36.557502,AUTOCORR_RESULT,autocorr classification,freq=4144383394.3833942,votes=0,total=10,score=0.0,confirmed=False
2026-04-24T17:25:36.602232,AUTOCORR_SAMPLE,Per-buffer autocorr result,freq=4177594627.5946274,peak=0.08303122327197343,peak2=0.09162493154872209,lag_off=-4.0,confirmed=False
2026-04-24T17:25:36.605405,AUTOCORR_SAMPLE,Per-buffer autocorr result,freq=4177594627.5946274,peak=0.12537309434264898,peak2=0.1054242616519332,lag_off=-1.0,confirmed=False
2026-04-24T17:25:36.608783,AUTOCORR_SAMPLE,Per-buffer autocorr result,freq=4177594627.5946274,peak=0.11650511156767607,peak2=0.06088236253708601,lag_off=-2.0,confirmed=False
2026-04-24T17:25:36.609587,AUTOCORR_SAMPLE,Per-buffer autocorr result,freq=4177594627.5946274,peak=0.12885083071887493,peak2=0.073413310572505,lag_off=3.0,confirmed=False
2026-04-24T17:25:36.610193,AUTOCORR_SAMPLE,Per-buffer autocorr result,freq=4177594627.5946274,peak=0.0735524632036686,peak2=0.02507888711988926,lag_off=-5.0,confirmed=False
2026-04-24T17:25:36.613766,AUTOCORR_SAMPLE,Per-buffer autocorr result,freq=4177594627.5946274,peak=0.014099112479016185,peak2=0.14726240560412407,lag_off=3.0,confirmed=False
2026-04-24T17:25:36.614431,AUTOCORR_SAMPLE,Per-buffer autocorr result,freq=4177594627.5946274,peak=0.1192205399274826,peak2=0.08221983164548874,lag_off=4.0,confirmed=False
2026-04-24T17:25:36.617072,AUTOCORR_SAMPLE,Per-buffer autocorr result,freq=4177594627.5946274,peak=0.06414416500774678,peak2=0.07781252333370503,lag_off=-4.0,confirmed=False
2026-04-24T17:25:36.617810,AUTOCORR_SAMPLE,Per-buffer autocorr result,freq=4177594627.5946274,peak=0.13686689920723438,peak2=0.06510808505117893,lag_off=4.0,confirmed=False
2026-04-24T17:25:36.620920,AUTOCORR_SAMPLE,Per-buffer autocorr result,freq=4177594627.5946274,peak=0.10492362640798092,peak2=0.12132933549582958,lag_off=1.0,confirmed=False
2026-04-24T17:25:36.621069,AUTOCORR_RESULT,autocorr classification,freq=4177594627.5946274,votes=0,total=10,score=0.0,confirmed=False
2026-04-24T17:25:36.648816,AUTOCORR_SAMPLE,Per-buffer autocorr result,freq=4195291819.2918196,peak=0.12537309434264898,peak2=0.1054242616519332,lag_off=-1.0,confirmed=False
2026-04-24T17:25:36.651954,AUTOCORR_SAMPLE,Per-buffer autocorr result,freq=4195291819.2918196,peak=0.037879875395447016,peak2=0.07503674039617181,lag_off=4.0,confirmed=False
2026-04-24T17:25:36.653013,AUTOCORR_SAMPLE,Per-buffer autocorr result,freq=4195291819.2918196,peak=0.02548027830198407,peak2=0.029762318823486567,lag_off=-1.0,confirmed=False
2026-04-24T17:25:36.656538,AUTOCORR_SAMPLE,Per-buffer autocorr result,freq=4195291819.2918196,peak=0.019601168110966682,peak2=0.029490776360034943,lag_off=5.0,confirmed=False
2026-04-24T17:25:36.657304,AUTOCORR_SAMPLE,Per-buffer autocorr result,freq=4195291819.2918196,peak=0.038306974805891514,peak2=0.07312446739524603,lag_off=5.0,confirmed=False
2026-04-24T17:25:36.660455,AUTOCORR_SAMPLE,Per-buffer autocorr result,freq=4195291819.2918196,peak=0.03752492228522897,peak2=0.04502114513888955,lag_off=3.0,confirmed=False
2026-04-24T17:25:36.661178,AUTOCORR_SAMPLE,Per-buffer autocorr result,freq=4195291819.2918196,peak=0.054546193685382605,peak2=0.072661058511585,lag_off=6.0,confirmed=False
2026-04-24T17:25:36.664371,AUTOCORR_SAMPLE,Per-buffer autocorr result,freq=4195291819.2918196,peak=0.08500724192708731,peak2=0.07873668428510427,lag_off=6.0,confirmed=False
2026-04-24T17:25:36.665045,AUTOCORR_SAMPLE,Per-buffer autocorr result,freq=4195291819.2918196,peak=0.0787549854721874,peak2=0.11301855905912817,lag_off=-6.0,confirmed=False
2026-04-24T17:25:36.668672,AUTOCORR_SAMPLE,Per-buffer autocorr result,freq=4195291819.2918196,peak=0.04109885822981596,peak2=0.10057356487959623,lag_off=1.0,confirmed=False
2026-04-24T17:25:36.668746,AUTOCORR_RESULT,autocorr classification,freq=4195291819.2918196,votes=0,total=10,score=0.0,confirmed=False
2026-04-24T17:25:36.695815,AUTOCORR_SAMPLE,Per-buffer autocorr result,freq=4213633699.6336994,peak=0.037879875395447016,peak2=0.07503674039617181,lag_off=4.0,confirmed=False
2026-04-24T17:25:36.698524,AUTOCORR_SAMPLE,Per-buffer autocorr result,freq=4213633699.6336994,peak=0.08419417031109333,peak2=0.13285785354673862,lag_off=5.0,confirmed=False
2026-04-24T17:25:36.699227,AUTOCORR_SAMPLE,Per-buffer autocorr result,freq=4213633699.6336994,peak=0.08895782008767128,peak2=0.10611258819699287,lag_off=5.0,confirmed=False
2026-04-24T17:25:36.701822,AUTOCORR_SAMPLE,Per-buffer autocorr result,freq=4213633699.6336994,peak=0.06899881782010198,peak2=0.12097849743440747,lag_off=5.0,confirmed=False
2026-04-24T17:25:36.705342,AUTOCORR_SAMPLE,Per-buffer autocorr result,freq=4213633699.6336994,peak=0.18764068093150854,peak2=0.08879622723907232,lag_off=-2.0,confirmed=False
2026-04-24T17:25:36.706071,AUTOCORR_SAMPLE,Per-buffer autocorr result,freq=4213633699.6336994,peak=0.10016721300780773,peak2=0.057032423093914986,lag_off=-1.0,confirmed=False
2026-04-24T17:25:36.708558,AUTOCORR_SAMPLE,Per-buffer autocorr result,freq=4213633699.6336994,peak=0.0718742348253727,peak2=0.05579311028122902,lag_off=1.0,confirmed=False
2026-04-24T17:25:36.709189,AUTOCORR_SAMPLE,Per-buffer autocorr result,freq=4213633699.6336994,peak=0.07353613059967756,peak2=0.029255921952426434,lag_off=-4.0,confirmed=False
2026-04-24T17:25:36.711399,AUTOCORR_SAMPLE,Per-buffer autocorr result,freq=4213633699.6336994,peak=0.09806344052776694,peak2=0.08760629734024405,lag_off=4.0,confirmed=False
2026-04-24T17:25:36.712118,AUTOCORR_SAMPLE,Per-buffer autocorr result,freq=4213633699.6336994,peak=0.10848511662334204,peak2=0.10747130867093801,lag_off=-6.0,confirmed=False
2026-04-24T17:25:36.712208,AUTOCORR_RESULT,autocorr classification,freq=4213633699.6336994,votes=0,total=10,score=0.0,confirmed=False
2026-04-24T17:25:37.783739,AUTOCORR_SAMPLE,Per-buffer autocorr result,freq=5065194139.1941395,peak=0.10484251054003835,peak2=0.04194113286212087,lag_off=-3.0,confirmed=False
2026-04-24T17:25:37.787042,AUTOCORR_SAMPLE,Per-buffer autocorr result,freq=5065194139.1941395,peak=0.04887378588318825,peak2=-0.004971464164555073,lag_off=-1.0,confirmed=False
2026-04-24T17:25:37.790579,AUTOCORR_SAMPLE,Per-buffer autocorr result,freq=5065194139.1941395,peak=0.1162291681393981,peak2=0.012413663789629936,lag_off=-3.0,confirmed=False
2026-04-24T17:25:37.791339,AUTOCORR_SAMPLE,Per-buffer autocorr result,freq=5065194139.1941395,peak=0.1061288844794035,peak2=0.09515887312591076,lag_off=3.0,confirmed=False
2026-04-24T17:25:37.792062,AUTOCORR_SAMPLE,Per-buffer autocorr result,freq=5065194139.1941395,peak=0.09148751385509968,peak2=0.07665571011602879,lag_off=5.0,confirmed=False
2026-04-24T17:25:37.795445,AUTOCORR_SAMPLE,Per-buffer autocorr result,freq=5065194139.1941395,peak=0.11333477310836315,peak2=0.02641705609858036,lag_off=6.0,confirmed=False
2026-04-24T17:25:37.798765,AUTOCORR_SAMPLE,Per-buffer autocorr result,freq=5065194139.1941395,peak=0.09367245296016335,peak2=0.03113966668024659,lag_off=3.0,confirmed=False
2026-04-24T17:25:37.799327,AUTOCORR_SAMPLE,Per-buffer autocorr result,freq=5065194139.1941395,peak=0.0328769963234663,peak2=-0.03830457013100386,lag_off=3.0,confirmed=False
2026-04-24T17:25:37.803214,AUTOCORR_SAMPLE,Per-buffer autocorr result,freq=5065194139.1941395,peak=0.10680604539811611,peak2=0.09566895477473736,lag_off=-2.0,confirmed=False
2026-04-24T17:25:37.803885,AUTOCORR_SAMPLE,Per-buffer autocorr result,freq=5065194139.1941395,peak=0.09330306062474847,peak2=0.01286223204806447,lag_off=-3.0,confirmed=False
2026-04-24T17:25:37.806783,AUTOCORR_RESULT,autocorr classification,freq=5065194139.1941395,votes=0,total=10,score=0.0,confirmed=False
2026-04-24T17:25:37.822830,AUTOCORR_SAMPLE,Per-buffer autocorr result,freq=5084437118.437119,peak=0.04887378588318825,peak2=-0.004971464164555073,lag_off=-1.0,confirmed=False
2026-04-24T17:25:37.826052,AUTOCORR_SAMPLE,Per-buffer autocorr result,freq=5084437118.437119,peak=0.06050398712977767,peak2=0.11174990003928542,lag_off=-4.0,confirmed=False
2026-04-24T17:25:37.827111,AUTOCORR_SAMPLE,Per-buffer autocorr result,freq=5084437118.437119,peak=0.13499418925493956,peak2=0.09913187753409147,lag_off=-5.0,confirmed=False
2026-04-24T17:25:37.830108,AUTOCORR_SAMPLE,Per-buffer autocorr result,freq=5084437118.437119,peak=0.05098519288003445,peak2=0.036950329318642616,lag_off=-4.0,confirmed=False
2026-04-24T17:25:37.832867,AUTOCORR_SAMPLE,Per-buffer autocorr result,freq=5084437118.437119,peak=0.08037011092528701,peak2=0.05283223604783416,lag_off=-6.0,confirmed=False
2026-04-24T17:25:37.834028,AUTOCORR_SAMPLE,Per-buffer autocorr result,freq=5084437118.437119,peak=0.013291459996253252,peak2=0.05401144037023187,lag_off=-4.0,confirmed=False
2026-04-24T17:25:37.837321,AUTOCORR_SAMPLE,Per-buffer autocorr result,freq=5084437118.437119,peak=0.14614027552306652,peak2=0.10620876960456371,lag_off=6.0,confirmed=False
2026-04-24T17:25:37.838004,AUTOCORR_SAMPLE,Per-buffer autocorr result,freq=5084437118.437119,peak=0.16715399641543627,peak2=0.09649765957146883,lag_off=-1.0,confirmed=False
2026-04-24T17:25:37.840930,AUTOCORR_SAMPLE,Per-buffer autocorr result,freq=5084437118.437119,peak=0.07410426251590252,peak2=0.0844580102711916,lag_off=3.0,confirmed=False
2026-04-24T17:25:37.841728,AUTOCORR_SAMPLE,Per-buffer autocorr result,freq=5084437118.437119,peak=0.11633761416305788,peak2=0.10808900187839754,lag_off=-1.0,confirmed=False
2026-04-24T17:25:37.841803,AUTOCORR_RESULT,autocorr classification,freq=5084437118.437119,votes=0,total=10,score=0.0,confirmed=False
2026-04-24T17:25:38.885081,AUTOCORR_SAMPLE,Per-buffer autocorr result,freq=5839221001.221001,peak=0.07024277420714498,peak2=0.12465610029175878,lag_off=0.0,confirmed=False
2026-04-24T17:25:38.889745,AUTOCORR_SAMPLE,Per-buffer autocorr result,freq=5839221001.221001,peak=0.8365791440010071,peak2=0.5950720608234406,lag_off=0.0,confirmed=True
2026-04-24T17:25:38.890669,AUTOCORR_SAMPLE,Per-buffer autocorr result,freq=5839221001.221001,peak=0.7066882215440273,peak2=0.4992869757115841,lag_off=0.0,confirmed=True
2026-04-24T17:25:38.895631,AUTOCORR_SAMPLE,Per-buffer autocorr result,freq=5839221001.221001,peak=0.7683102339506149,peak2=0.4542306810617447,lag_off=-1.0,confirmed=True
2026-04-24T17:25:38.896371,AUTOCORR_SAMPLE,Per-buffer autocorr result,freq=5839221001.221001,peak=0.7723425403237343,peak2=0.46144748479127884,lag_off=0.0,confirmed=True
2026-04-24T17:25:38.901227,AUTOCORR_SAMPLE,Per-buffer autocorr result,freq=5839221001.221001,peak=0.7751291990280151,peak2=0.469169944524765,lag_off=0.0,confirmed=True
2026-04-24T17:25:38.901987,AUTOCORR_SAMPLE,Per-buffer autocorr result,freq=5839221001.221001,peak=0.7721928209066391,peak2=0.45940904319286346,lag_off=-1.0,confirmed=True
2026-04-24T17:25:38.902773,AUTOCORR_SAMPLE,Per-buffer autocorr result,freq=5839221001.221001,peak=0.7504834979772568,peak2=0.4537910968065262,lag_off=0.0,confirmed=True
2026-04-24T17:25:38.907086,AUTOCORR_SAMPLE,Per-buffer autocorr result,freq=5839221001.221001,peak=0.7800364643335342,peak2=0.4525136798620224,lag_off=0.0,confirmed=True
2026-04-24T17:25:38.907896,AUTOCORR_SAMPLE,Per-buffer autocorr result,freq=5839221001.221001,peak=0.736438475549221,peak2=0.5459442660212517,lag_off=0.0,confirmed=True
2026-04-24T17:25:38.907962,AUTOCORR_RESULT,autocorr classification,freq=5839221001.221001,votes=9,total=10,score=0.9,confirmed=True
2026-04-24T17:25:38.931221,AUTOCORR_SAMPLE,Per-buffer autocorr result,freq=5859211233.211233,peak=0.7683102339506149,peak2=0.4542306810617447,lag_off=-1.0,confirmed=True
2026-04-24T17:25:38.932142,AUTOCORR_SAMPLE,Per-buffer autocorr result,freq=5859211233.211233,peak=0.07044159900397062,peak2=0.055670532397925854,lag_off=-1.0,confirmed=False
2026-04-24T17:25:38.934936,AUTOCORR_SAMPLE,Per-buffer autocorr result,freq=5859211233.211233,peak=0.022785546258091927,peak2=0.03841746039688587,lag_off=4.0,confirmed=False
2026-04-24T17:25:38.937722,AUTOCORR_SAMPLE,Per-buffer autocorr result,freq=5859211233.211233,peak=0.1421227352693677,peak2=0.09890176821500063,lag_off=3.0,confirmed=False
2026-04-24T17:25:38.938590,AUTOCORR_SAMPLE,Per-buffer autocorr result,freq=5859211233.211233,peak=0.038527698488906026,peak2=0.03720009815879166,lag_off=-5.0,confirmed=False
2026-04-24T17:25:38.941438,AUTOCORR_SAMPLE,Per-buffer autocorr result,freq=5859211233.211233,peak=0.1463976688683033,peak2=0.02495522052049637,lag_off=-4.0,confirmed=False
2026-04-24T17:25:38.944180,AUTOCORR_SAMPLE,Per-buffer autocorr result,freq=5859211233.211233,peak=0.046643554233014584,peak2=0.054168506525456905,lag_off=0.0,confirmed=False
2026-04-24T17:25:38.944963,AUTOCORR_SAMPLE,Per-buffer autocorr result,freq=5859211233.211233,peak=0.124654620885849,peak2=0.029674610123038292,lag_off=3.0,confirmed=False
2026-04-24T17:25:38.947667,AUTOCORR_SAMPLE,Per-buffer autocorr result,freq=5859211233.211233,peak=0.06740531465038657,peak2=0.09522923966869712,lag_off=5.0,confirmed=False
2026-04-24T17:25:38.950690,AUTOCORR_SAMPLE,Per-buffer autocorr result,freq=5859211233.211233,peak=0.05184115283191204,peak2=0.021045099943876266,lag_off=-2.0,confirmed=False
2026-04-24T17:25:38.952675,AUTOCORR_RESULT,autocorr classification,freq=5859211233.211233,votes=1,total=10,score=0.1,confirmed=False
