2026-04-24T17:26:41.720276,AUTOCORR_SAMPLE,Per-buffer autocorr result,freq=104632478.63247862,peak=0.009544873544655275,peak2=0.10232973185338778,lag_off=6.0,confirmed=False
2026-04-24T17:26:41.723369,AUTOCORR_SAMPLE,Per-buffer autocorr result,freq=104632478.63247862,peak=0.09329614974558353,peak2=0.05532367713749409,lag_off=5.0,confirmed=False
2026-04-24T17:26:41.724382,AUTOCORR_SAMPLE,Per-buffer autocorr result,freq=104632478.63247862,peak=0.0028783570742234588,peak2=0.03565491107292473,lag_off=-4.0,confirmed=False
2026-04-24T17:26:41.727607,AUTOCORR_SAMPLE,Per-buffer autocorr result,freq=104632478.63247862,peak=0.07240635063499212,peak2=0.04433711525052786,lag_off=5.0,confirmed=False
2026-04-24T17:26:41.728373,AUTOCORR_SAMPLE,Per-buffer autocorr result,freq=104632478.63247862,peak=0.1686368965310976,peak2=0.06271792284678668,lag_off=-5.0,confirmed=False
2026-04-24T17:26:41.731762,AUTOCORR_SAMPLE,Per-buffer autocorr result,freq=104632478.63247862,peak=0.1583509650081396,peak2=0.06260919384658337,lag_off=-3.0,confirmed=False
2026-04-24T17:26:41.732460,AUTOCORR_SAMPLE,Per-buffer autocorr result,freq=104632478.63247862,peak=0.09781206678599119,peak2=0.07464999239891768,lag_off=-5.0,confirmed=False
2026-04-24T17:26:41.736908,AUTOCORR_SAMPLE,Per-buffer autocorr result,freq=104632478.63247862,peak=0.09672250039875507,peak2=0.08375598676502705,lag_off=0.0,confirmed=False
2026-04-24T17:26:41.740679,AUTOCORR_SAMPLE,Per-buffer autocorr result,freq=104632478.63247862,peak=0.0498384740203619,peak2=0.07375326193869114,lag_off=-6.0,confirmed=False
2026-04-24T17:26:41.741400,AUTOCORR_SAMPLE,Per-buffer autocorr result,freq=104632478.63247862,peak=-0.014598770067095757,peak2=0.12853003852069378,lag_off=3.0,confirmed=False
2026-04-24T17:26:41.741478,AUTOCORR_RESULT,autocorr classification,freq=104632478.63247862,votes=0,total=10,score=0.0,confirmed=False
2026-04-24T17:26:41.773391,AUTOCORR_SAMPLE,Per-buffer autocorr result,freq=126312576.31257631,peak=0.0028783570742234588,peak2=0.03565491107292473,lag_off=-4.0,confirmed=False
2026-04-24T17:26:41.774265,AUTOCORR_SAMPLE,Per-buffer autocorr result,freq=126312576.31257631,peak=0.0960364080965519,peak2=0.09994779154658318,lag_off=-6.0,confirmed=False
2026-04-24T17:26:41.777077,AUTOCORR_SAMPLE,Per-buffer autocorr result,freq=126312576.31257631,peak=0.12651563622057438,peak2=0.046383755281567574,lag_off=-4.0,confirmed=False
2026-04-24T17:26:41.777742,AUTOCORR_SAMPLE,Per-buffer autocorr result,freq=126312576.31257631,peak=0.034247211180627346,peak2=0.16506436001509428,lag_off=-4.0,confirmed=False
2026-04-24T17:26:41.780247,AUTOCORR_SAMPLE,Per-buffer autocorr result,freq=126312576.31257631,peak=0.0694133888464421,peak2=0.032987094251438975,lag_off=2.0,confirmed=False
2026-04-24T17:26:41.780823,AUTOCORR_SAMPLE,Per-buffer autocorr result,freq=126312576.31257631,peak=0.11262796074151993,peak2=0.09835153818130493,lag_off=-6.0,confirmed=False
2026-04-24T17:26:41.783476,AUTOCORR_SAMPLE,Per-buffer autocorr result,freq=126312576.31257631,peak=0.0550092663615942,peak2=0.03742353804409504,lag_off=6.0,confirmed=False
2026-04-24T17:26:41.784332,AUTOCORR_SAMPLE,Per-buffer autocorr result,freq=126312576.31257631,peak=0.09872368862852454,peak2=0.07333059748634696,lag_off=3.0,confirmed=False
2026-04-24T17:26:41.788337,AUTOCORR_SAMPLE,Per-buffer autocorr result,freq=126312576.31257631,peak=0.05008041158725973,peak2=0.11211706370522734,lag_off=-4.0,confirmed=False
2026-04-24T17:26:41.789179,AUTOCORR_SAMPLE,Per-buffer autocorr result,freq=126312576.31257631,peak=0.01641923002898693,peak2=0.03595917858183384,lag_off=-1.0,confirmed=False
2026-04-24T17:26:41.789285,AUTOCORR_RESULT,autocorr classification,freq=126312576.31257631,votes=0,total=10,score=0.0,confirmed=False
2026-04-24T17:26:41.993016,AUTOCORR_SAMPLE,Per-buffer autocorr result,freq=246183150.18315017,peak=0.16764533845707774,peak2=0.06216936884447932,lag_off=-2.0,confirmed=False
2026-04-24T17:26:41.996427,AUTOCORR_SAMPLE,Per-buffer autocorr result,freq=246183150.18315017,peak=-0.09417212009429932,peak2=0.08543318510055542,lag_off=1.0,confirmed=False
2026-04-24T17:26:41.997284,AUTOCORR_SAMPLE,Per-buffer autocorr result,freq=246183150.18315017,peak=-0.025855906307697296,peak2=-0.11413000710308552,lag_off=-4.0,confirmed=False
2026-04-24T17:26:42.000467,AUTOCORR_SAMPLE,Per-buffer autocorr result,freq=246183150.18315017,peak=-0.09987252205610275,peak2=-0.01675737276673317,lag_off=1.0,confirmed=False
2026-04-24T17:26:42.004328,AUTOCORR_SAMPLE,Per-buffer autocorr result,freq=246183150.18315017,peak=-0.08979125320911407,peak2=-0.0876125916838646,lag_off=-4.0,confirmed=False
2026-04-24T17:26:42.005057,AUTOCORR_SAMPLE,Per-buffer autocorr result,freq=246183150.18315017,peak=0.0360536202788353,peak2=-0.014219442382454872,lag_off=6.0,confirmed=False
2026-04-24T17:26:42.005740,AUTOCORR_SAMPLE,Per-buffer autocorr result,freq=246183150.18315017,peak=-0.10592972114682198,peak2=0.07628804072737694,lag_off=1.0,confirmed=False
2026-04-24T17:26:42.008770,AUTOCORR_SAMPLE,Per-buffer autocorr result,freq=246183150.18315017,peak=0.09388621523976326,peak2=-0.044238667003810406,lag_off=-4.0,confirmed=False
2026-04-24T17:26:42.011670,AUTOCORR_SAMPLE,Per-buffer autocorr result,freq=246183150.18315017,peak=0.07077596336603165,peak2=0.1679464988410473,lag_off=-5.0,confirmed=False
2026-04-24T17:26:42.012452,AUTOCORR_SAMPLE,Per-buffer autocorr result,freq=246183150.18315017,peak=-0.059475029818713665,peak2=-0.004577901214361191,lag_off=0.0,confirmed=False
2026-04-24T17:26:42.012591,AUTOCORR_RESULT,autocorr classification,freq=246183150.18315017,votes=0,total=10,score=0.0,confirmed=False
2026-04-24T17:26:42.028596,AUTOCORR_SAMPLE,Per-buffer autocorr result,freq=264608058.6080586,peak=-0.09417212009429932,peak2=0.08543318510055542,lag_off=1.0,confirmed=False
2026-04-24T17:26:42.031448,AUTOCORR_SAMPLE,Per-buffer autocorr result,freq=264608058.6080586,peak=0.07525118719786406,peak2=0.018067757599055767,lag_off=-6.0,confirmed=False
2026-04-24T17:26:42.032224,AUTOCORR_SAMPLE,Per-buffer autocorr result,freq=264608058.6080586,peak=0.08495412534102798,peak2=0.08309551095589995,lag_off=6.0,confirmed=False
2026-04-24T17:26:42.037920,AUTOCORR_SAMPLE,Per-buffer autocorr result,freq=264608058.6080586,peak=0.046229101717472076,peak2=0.04875921830534935,lag_off=-6.0,confirmed=False
2026-04-24T17:26:42.040971,AUTOCORR_SAMPLE,Per-buffer autocorr result,freq=264608058.6080586,peak=0.07995433546602726,peak2=0.06787686236202717,lag_off=-2.0,confirmed=False
2026-04-24T17:26:42.041888,AUTOCORR_SAMPLE,Per-buffer autocorr result,freq=264608058.6080586,peak=0.04847262240946293,peak2=-0.019268373027443886,lag_off=-1.0,confirmed=False
2026-04-24T17:26:42.044416,AUTOCORR_SAMPLE,Per-buffer autocorr result,freq=264608058.6080586,peak=0.12041671294718981,peak2=0.08036780077964067,lag_off=1.0,confirmed=False
2026-04-24T17:26:42.045108,AUTOCORR_SAMPLE,Per-buffer autocorr result,freq=264608058.6080586,peak=0.0683444906026125,peak2=0.010348888114094734,lag_off=0.0,confirmed=False
2026-04-24T17:26:42.047785,AUTOCORR_SAMPLE,Per-buffer autocorr result,freq=264608058.6080586,peak=0.10037476569414139,peak2=-0.016227275133132935,lag_off=-2.0,confirmed=False
2026-04-24T17:26:42.050464,AUTOCORR_SAMPLE,Per-buffer autocorr result,freq=264608058.6080586,peak=0.054634989239275455,peak2=0.022174750454723835,lag_off=-4.0,confirmed=False
2026-04-24T17:26:42.050636,AUTOCORR_RESULT,autocorr classification,freq=264608058.6080586,votes=0,total=10,score=0.0,confirmed=False
2026-04-24T17:26:42.093749,AUTOCORR_SAMPLE,Per-buffer autocorr result,freq=294976800.976801,peak=0.06290249712765217,peak2=0.05492125637829304,lag_off=5.0,confirmed=False
2026-04-24T17:26:42.094445,AUTOCORR_SAMPLE,Per-buffer autocorr result,freq=294976800.976801,peak=-0.013816096121445298,peak2=0.028067649342119694,lag_off=1.0,confirmed=False
2026-04-24T17:26:42.097225,AUTOCORR_SAMPLE,Per-buffer autocorr result,freq=294976800.976801,peak=0.01148897409439087,peak2=-0.08098978939233348,lag_off=-6.0,confirmed=False
2026-04-24T17:26:42.098058,AUTOCORR_SAMPLE,Per-buffer autocorr result,freq=294976800.976801,peak=0.1329990616068244,peak2=0.047160605899989605,lag_off=6.0,confirmed=False
2026-04-24T17:26:42.101721,AUTOCORR_SAMPLE,Per-buffer autocorr result,freq=294976800.976801,peak=0.10073787532746792,peak2=0.14588765613734722,lag_off=2.0,confirmed=False
2026-04-24T17:26:42.105440,AUTOCORR_SAMPLE,Per-buffer autocorr result,freq=294976800.976801,peak=0.0703861122019589,peak2=0.0112644680775702,lag_off=6.0,confirmed=False
2026-04-24T17:26:42.106185,AUTOCORR_SAMPLE,Per-buffer autocorr result,freq=294976800.976801,peak=0.009937698021531105,peak2=0.053069595247507095,lag_off=4.0,confirmed=False
2026-04-24T17:26:42.109103,AUTOCORR_SAMPLE,Per-buffer autocorr result,freq=294976800.976801,peak=-0.021636996418237686,peak2=-0.03310222178697586,lag_off=-4.0,confirmed=False
2026-04-24T17:26:42.110014,AUTOCORR_SAMPLE,Per-buffer autocorr result,freq=294976800.976801,peak=0.040732549503445625,peak2=-0.03703807480633259,lag_off=6.0,confirmed=False
2026-04-24T17:26:42.110878,AUTOCORR_SAMPLE,Per-buffer autocorr result,freq=294976800.976801,peak=-0.08894844836322591,peak2=0.0012179017066955566,lag_off=-5.0,confirmed=False
2026-04-24T17:26:42.114053,AUTOCORR_RESULT,autocorr classification,freq=294976800.976801,votes=0,total=10,score=0.0,confirmed=False
2026-04-24T17:26:42.139159,AUTOCORR_SAMPLE,Per-buffer autocorr result,freq=314290598.2905983,peak=-0.013816096121445298,peak2=0.028067649342119694,lag_off=1.0,confirmed=False
2026-04-24T17:26:42.141922,AUTOCORR_SAMPLE,Per-buffer autocorr result,freq=314290598.2905983,peak=0.018824737519025803,peak2=-0.04265688778832555,lag_off=6.0,confirmed=False
2026-04-24T17:26:42.143002,AUTOCORR_SAMPLE,Per-buffer autocorr result,freq=314290598.2905983,peak=0.049596892669796944,peak2=0.015843259170651436,lag_off=5.0,confirmed=False
2026-04-24T17:26:42.145396,AUTOCORR_SAMPLE,Per-buffer autocorr result,freq=314290598.2905983,peak=0.07408917415887117,peak2=0.059174482710659504,lag_off=-3.0,confirmed=False
2026-04-24T17:26:42.147953,AUTOCORR_SAMPLE,Per-buffer autocorr result,freq=314290598.2905983,peak=0.11921591404825449,peak2=0.09623573813587427,lag_off=1.0,confirmed=False
2026-04-24T17:26:42.148796,AUTOCORR_SAMPLE,Per-buffer autocorr result,freq=314290598.2905983,peak=0.014776060357689857,peak2=0.07245357520878315,lag_off=-6.0,confirmed=False
2026-04-24T17:26:42.151393,AUTOCORR_SAMPLE,Per-buffer autocorr result,freq=314290598.2905983,peak=0.17116688191890717,peak2=0.0487354788929224,lag_off=-4.0,confirmed=False
2026-04-24T17:26:42.152272,AUTOCORR_SAMPLE,Per-buffer autocorr result,freq=314290598.2905983,peak=0.06194970745127648,peak2=0.07098622608464211,lag_off=-3.0,confirmed=False
2026-04-24T17:26:42.155109,AUTOCORR_SAMPLE,Per-buffer autocorr result,freq=314290598.2905983,peak=0.16449004411697388,peak2=0.016449864953756332,lag_off=-3.0,confirmed=False
2026-04-24T17:26:42.157794,AUTOCORR_SAMPLE,Per-buffer autocorr result,freq=314290598.2905983,peak=0.13296842714771628,peak2=0.015900495927780867,lag_off=-5.0,confirmed=False
2026-04-24T17:26:42.157844,AUTOCORR_RESULT,autocorr classification,freq=314290598.2905983,votes=0,total=10,score=0.0,confirmed=False
2026-04-24T17:26:42.255427,AUTOCORR_SAMPLE,Per-buffer autocorr result,freq=394205128.2051282,peak=0.09078237065114081,peak2=0.035330903017893434,lag_off=3.0,confirmed=False
2026-04-24T17:26:42.256053,AUTOCORR_SAMPLE,Per-buffer autocorr result,freq=394205128.2051282,peak=0.09582065045833588,peak2=0.006788164377212524,lag_off=-3.0,confirmed=False
2026-04-24T17:26:42.256687,AUTOCORR_SAMPLE,Per-buffer autocorr result,freq=394205128.2051282,peak=0.07739388383924961,peak2=0.10318111069500446,lag_off=6.0,confirmed=False
2026-04-24T17:26:42.259789,AUTOCORR_SAMPLE,Per-buffer autocorr result,freq=394205128.2051282,peak=0.060710642486810684,peak2=0.018930736929178238,lag_off=2.0,confirmed=False
2026-04-24T17:26:42.262696,AUTOCORR_SAMPLE,Per-buffer autocorr result,freq=394205128.2051282,peak=0.042166220024228096,peak2=0.13369115255773067,lag_off=3.0,confirmed=False
2026-04-24T17:26:42.263372,AUTOCORR_SAMPLE,Per-buffer autocorr result,freq=394205128.2051282,peak=0.05859604850411415,peak2=0.003673737868666649,lag_off=6.0,confirmed=False
2026-04-24T17:26:42.266095,AUTOCORR_SAMPLE,Per-buffer autocorr result,freq=394205128.2051282,peak=-0.04693768871948123,peak2=0.11285897390916944,lag_off=-2.0,confirmed=False
2026-04-24T17:26:42.266878,AUTOCORR_SAMPLE,Per-buffer autocorr result,freq=394205128.2051282,peak=-0.03647659905254841,peak2=0.010332919657230377,lag_off=-4.0,confirmed=False
2026-04-24T17:26:42.269633,AUTOCORR_SAMPLE,Per-buffer autocorr result,freq=394205128.2051282,peak=0.10895026288926601,peak2=0.027305053547024727,lag_off=1.0,confirmed=False
2026-04-24T17:26:42.270426,AUTOCORR_SAMPLE,Per-buffer autocorr result,freq=394205128.2051282,peak=0.03527034446597099,peak2=0.06364408880472183,lag_off=-2.0,confirmed=False
2026-04-24T17:26:42.270631,AUTOCORR_RESULT,autocorr classification,freq=394205128.2051282,votes=0,total=10,score=0.0,confirmed=False
2026-04-24T17:26:42.500058,AUTOCORR_SAMPLE,Per-buffer autocorr result,freq=564329670.3296703,peak=0.019364172825589776,peak2=0.015231410274282098,lag_off=5.0,confirmed=False
2026-04-24T17:26:42.503552,AUTOCORR_SAMPLE,Per-buffer autocorr result,freq=564329670.3296703,peak=0.08804814144968987,peak2=-0.0007591210305690765,lag_off=-4.0,confirmed=False
2026-04-24T17:26:42.504347,AUTOCORR_SAMPLE,Per-buffer autocorr result,freq=564329670.3296703,peak=0.09616190940141678,peak2=-0.020059462636709213,lag_off=-6.0,confirmed=False
2026-04-24T17:26:42.507595,AUTOCORR_SAMPLE,Per-buffer autocorr result,freq=564329670.3296703,peak=0.05777108669281006,peak2=-0.007028413936495781,lag_off=-3.0,confirmed=False
2026-04-24T17:26:42.508328,AUTOCORR_SAMPLE,Per-buffer autocorr result,freq=564329670.3296703,peak=0.07198979472741485,peak2=0.06341333454474807,lag_off=-6.0,confirmed=False
2026-04-24T17:26:42.510716,AUTOCORR_SAMPLE,Per-buffer autocorr result,freq=564329670.3296703,peak=0.14364526653662324,peak2=0.03333918983116746,lag_off=1.0,confirmed=False
2026-04-24T17:26:42.511378,AUTOCORR_SAMPLE,Per-buffer autocorr result,freq=564329670.3296703,peak=0.12038325873436406,peak2=0.07461329159559682,lag_off=-3.0,confirmed=False
2026-04-24T17:26:42.513969,AUTOCORR_SAMPLE,Per-buffer autocorr result,freq=564329670.3296703,peak=0.1271985296625644,peak2=0.06571163726039231,lag_off=-1.0,confirmed=False
2026-04-24T17:26:42.514805,AUTOCORR_SAMPLE,Per-buffer autocorr result,freq=564329670.3296703,peak=0.029492903500795364,peak2=-0.0005011465400457382,lag_off=-4.0,confirmed=False
2026-04-24T17:26:42.518626,AUTOCORR_SAMPLE,Per-buffer autocorr result,freq=564329670.3296703,peak=0.1259770030155778,peak2=0.07236702833324671,lag_off=-3.0,confirmed=False
2026-04-24T17:26:42.518794,AUTOCORR_RESULT,autocorr classification,freq=564329670.3296703,votes=0,total=10,score=0.0,confirmed=False
2026-04-24T17:26:42.567067,AUTOCORR_SAMPLE,Per-buffer autocorr result,freq=602410256.4102564,peak=0.0955500362906605,peak2=0.07525169686414301,lag_off=5.0,confirmed=False
2026-04-24T17:26:42.570273,AUTOCORR_SAMPLE,Per-buffer autocorr result,freq=602410256.4102564,peak=0.12024205317720771,peak2=0.07987006148323417,lag_off=-1.0,confirmed=False
2026-04-24T17:26:42.570862,AUTOCORR_SAMPLE,Per-buffer autocorr result,freq=602410256.4102564,peak=0.08748934417963028,peak2=0.14123989641666412,lag_off=-4.0,confirmed=False
2026-04-24T17:26:42.573395,AUTOCORR_SAMPLE,Per-buffer autocorr result,freq=602410256.4102564,peak=0.10082315374165773,peak2=0.08022524882107973,lag_off=1.0,confirmed=False
2026-04-24T17:26:42.574126,AUTOCORR_SAMPLE,Per-buffer autocorr result,freq=602410256.4102564,peak=0.06580906105227768,peak2=0.10531460237689316,lag_off=-1.0,confirmed=False
2026-04-24T17:26:42.576722,AUTOCORR_SAMPLE,Per-buffer autocorr result,freq=602410256.4102564,peak=0.19566022185608745,peak2=0.06540819583460689,lag_off=-5.0,confirmed=False
2026-04-24T17:26:42.577339,AUTOCORR_SAMPLE,Per-buffer autocorr result,freq=602410256.4102564,peak=0.14795429166406393,peak2=0.07465474959462881,lag_off=3.0,confirmed=False
2026-04-24T17:26:42.580111,AUTOCORR_SAMPLE,Per-buffer autocorr result,freq=602410256.4102564,peak=0.149900799322495,peak2=0.05198726587332203,lag_off=-6.0,confirmed=False
2026-04-24T17:26:42.580858,AUTOCORR_SAMPLE,Per-buffer autocorr result,freq=602410256.4102564,peak=0.08458618423901498,peak2=0.05500772944651544,lag_off=1.0,confirmed=False
2026-04-24T17:26:42.584507,AUTOCORR_SAMPLE,Per-buffer autocorr result,freq=602410256.4102564,peak=0.11093498999252915,peak2=0.07684957468882203,lag_off=-5.0,confirmed=False
2026-04-24T17:26:42.584676,AUTOCORR_RESULT,autocorr classification,freq=602410256.4102564,votes=0,total=10,score=0.0,confirmed=False
2026-04-24T17:26:42.602267,AUTOCORR_SAMPLE,Per-buffer autocorr result,freq=619992673.992674,peak=0.12024205317720771,peak2=0.07987006148323417,lag_off=-1.0,confirmed=False
2026-04-24T17:26:42.603155,AUTOCORR_SAMPLE,Per-buffer autocorr result,freq=619992673.992674,peak=0.028450585901737213,peak2=-0.046768657863140106,lag_off=0.0,confirmed=False
2026-04-24T17:26:42.606114,AUTOCORR_SAMPLE,Per-buffer autocorr result,freq=619992673.992674,peak=0.05501855071634054,peak2=0.03978038113564253,lag_off=0.0,confirmed=False
2026-04-24T17:26:42.606913,AUTOCORR_SAMPLE,Per-buffer autocorr result,freq=619992673.992674,peak=0.0926765687763691,peak2=0.06077887490391731,lag_off=-3.0,confirmed=False
2026-04-24T17:26:42.609644,AUTOCORR_SAMPLE,Per-buffer autocorr result,freq=619992673.992674,peak=0.06898634508252144,peak2=0.042630765587091446,lag_off=-6.0,confirmed=False
2026-04-24T17:26:42.610441,AUTOCORR_SAMPLE,Per-buffer autocorr result,freq=619992673.992674,peak=0.07693806721363217,peak2=0.08236680610571057,lag_off=2.0,confirmed=False
2026-04-24T17:26:42.613302,AUTOCORR_SAMPLE,Per-buffer autocorr result,freq=619992673.992674,peak=0.08902217540889978,peak2=0.0848925793543458,lag_off=6.0,confirmed=False
2026-04-24T17:26:42.614033,AUTOCORR_SAMPLE,Per-buffer autocorr result,freq=619992673.992674,peak=0.14416466606780887,peak2=0.07600413216277957,lag_off=-5.0,confirmed=False
2026-04-24T17:26:42.617100,AUTOCORR_SAMPLE,Per-buffer autocorr result,freq=619992673.992674,peak=0.042609112337231636,peak2=0.04143830947577953,lag_off=2.0,confirmed=False
2026-04-24T17:26:42.618237,AUTOCORR_SAMPLE,Per-buffer autocorr result,freq=619992673.992674,peak=0.06502811331301928,peak2=0.080314208753407,lag_off=1.0,confirmed=False
2026-04-24T17:26:42.618326,AUTOCORR_RESULT,autocorr classification,freq=619992673.992674,votes=0,total=10,score=0.0,confirmed=False
2026-04-24T17:26:42.639046,AUTOCORR_SAMPLE,Per-buffer autocorr result,freq=641355311.3553114,peak=0.05501855071634054,peak2=0.03978038113564253,lag_off=0.0,confirmed=False
2026-04-24T17:26:42.641996,AUTOCORR_SAMPLE,Per-buffer autocorr result,freq=641355311.3553114,peak=-0.0010212380439043045,peak2=-0.002648298628628254,lag_off=5.0,confirmed=False
2026-04-24T17:26:42.642730,AUTOCORR_SAMPLE,Per-buffer autocorr result,freq=641355311.3553114,peak=0.011005806736648083,peak2=0.011049824766814709,lag_off=5.0,confirmed=False
2026-04-24T17:26:42.643422,AUTOCORR_SAMPLE,Per-buffer autocorr result,freq=641355311.3553114,peak=0.01083527714945376,peak2=0.002788236830383539,lag_off=2.0,confirmed=False
2026-04-24T17:26:42.646409,AUTOCORR_SAMPLE,Per-buffer autocorr result,freq=641355311.3553114,peak=0.021734446636401117,peak2=0.028531715623103082,lag_off=-5.0,confirmed=False
2026-04-24T17:26:42.647180,AUTOCORR_SAMPLE,Per-buffer autocorr result,freq=641355311.3553114,peak=0.025924253277480602,peak2=0.005870303604751825,lag_off=1.0,confirmed=False
2026-04-24T17:26:42.650943,AUTOCORR_SAMPLE,Per-buffer autocorr result,freq=641355311.3553114,peak=-0.0021506594493985176,peak2=-0.015255253296345472,lag_off=1.0,confirmed=False
2026-04-24T17:26:42.655284,AUTOCORR_SAMPLE,Per-buffer autocorr result,freq=641355311.3553114,peak=0.10536936996504664,peak2=0.04400562820956111,lag_off=-1.0,confirmed=False
2026-04-24T17:26:42.656076,AUTOCORR_SAMPLE,Per-buffer autocorr result,freq=641355311.3553114,peak=0.04012976394733414,peak2=0.002628399699460715,lag_off=3.0,confirmed=False
2026-04-24T17:26:42.659265,AUTOCORR_SAMPLE,Per-buffer autocorr result,freq=641355311.3553114,peak=0.07912349049001932,peak2=0.019674350507557392,lag_off=-5.0,confirmed=False
2026-04-24T17:26:42.659400,AUTOCORR_RESULT,autocorr classification,freq=641355311.3553114,votes=0,total=10,score=0.0,confirmed=False
2026-04-24T17:26:42.682268,AUTOCORR_SAMPLE,Per-buffer autocorr result,freq=664114774.1147741,peak=0.059228792786598206,peak2=0.03409783914685249,lag_off=1.0,confirmed=False
2026-04-24T17:26:42.683135,AUTOCORR_SAMPLE,Per-buffer autocorr result,freq=664114774.1147741,peak=0.03890785248950124,peak2=0.11347897769883275,lag_off=4.0,confirmed=False
2026-04-24T17:26:42.683898,AUTOCORR_SAMPLE,Per-buffer autocorr result,freq=664114774.1147741,peak=0.0978228086605668,peak2=0.055621651001274586,lag_off=4.0,confirmed=False
2026-04-24T17:26:42.687085,AUTOCORR_SAMPLE,Per-buffer autocorr result,freq=664114774.1147741,peak=0.06844925880432129,peak2=0.030497349798679352,lag_off=4.0,confirmed=False
2026-04-24T17:26:42.689911,AUTOCORR_SAMPLE,Per-buffer autocorr result,freq=664114774.1147741,peak=0.2088216058909893,peak2=0.10496500506997108,lag_off=5.0,confirmed=False
2026-04-24T17:26:42.690777,AUTOCORR_SAMPLE,Per-buffer autocorr result,freq=664114774.1147741,peak=0.053185657132416964,peak2=0.05781123088672757,lag_off=6.0,confirmed=False
2026-04-24T17:26:42.693725,AUTOCORR_SAMPLE,Per-buffer autocorr result,freq=664114774.1147741,peak=-0.005732199177145958,peak2=0.009696252644062042,lag_off=-1.0,confirmed=False
2026-04-24T17:26:42.694584,AUTOCORR_SAMPLE,Per-buffer autocorr result,freq=664114774.1147741,peak=0.09958214219659567,peak2=0.085830501280725,lag_off=6.0,confirmed=False
2026-04-24T17:26:42.697828,AUTOCORR_SAMPLE,Per-buffer autocorr result,freq=664114774.1147741,peak=0.05995299853384495,peak2=0.016415564343333244,lag_off=1.0,confirmed=False
2026-04-24T17:26:42.698539,AUTOCORR_SAMPLE,Per-buffer autocorr result,freq=664114774.1147741,peak=0.11816845089197159,peak2=0.06133037805557251,lag_off=1.0,confirmed=False
2026-04-24T17:26:42.701152,AUTOCORR_RESULT,autocorr classification,freq=664114774.1147741,votes=0,total=10,score=0.0,confirmed=False
2026-04-24T17:26:42.714797,AUTOCORR_SAMPLE,Per-buffer autocorr result,freq=682893772.8937728,peak=0.03890785248950124,peak2=0.11347897769883275,lag_off=4.0,confirmed=False
2026-04-24T17:26:42.717693,AUTOCORR_SAMPLE,Per-buffer autocorr result,freq=682893772.8937728,peak=0.09667073475429788,peak2=0.07017862336942926,lag_off=0.0,confirmed=False
2026-04-24T17:26:42.720774,AUTOCORR_SAMPLE,Per-buffer autocorr result,freq=682893772.8937728,peak=0.07181475590914488,peak2=0.04489227291196585,lag_off=3.0,confirmed=False
2026-04-24T17:26:42.721524,AUTOCORR_SAMPLE,Per-buffer autocorr result,freq=682893772.8937728,peak=0.033772045746445656,peak2=0.03099270723760128,lag_off=1.0,confirmed=False
2026-04-24T17:26:42.724450,AUTOCORR_SAMPLE,Per-buffer autocorr result,freq=682893772.8937728,peak=0.06393434572964907,peak2=0.07844241429120302,lag_off=-5.0,confirmed=False
2026-04-24T17:26:42.725322,AUTOCORR_SAMPLE,Per-buffer autocorr result,freq=682893772.8937728,peak=0.0656993598677218,peak2=0.03188562439754605,lag_off=4.0,confirmed=False
2026-04-24T17:26:42.727830,AUTOCORR_SAMPLE,Per-buffer autocorr result,freq=682893772.8937728,peak=0.1140007539652288,peak2=0.05255520483478904,lag_off=5.0,confirmed=False
2026-04-24T17:26:42.730224,AUTOCORR_SAMPLE,Per-buffer autocorr result,freq=682893772.8937728,peak=0.0496657220646739,peak2=0.03865957539528608,lag_off=2.0,confirmed=False
2026-04-24T17:26:42.730999,AUTOCORR_SAMPLE,Per-buffer autocorr result,freq=682893772.8937728,peak=-0.007870147004723549,peak2=0.011917833238840103,lag_off=2.0,confirmed=False
2026-04-24T17:26:42.734024,AUTOCORR_SAMPLE,Per-buffer autocorr result,freq=682893772.8937728,peak=0.09890098497271538,peak2=0.07673533633351326,lag_off=1.0,confirmed=False
2026-04-24T17:26:42.734107,AUTOCORR_RESULT,autocorr classification,freq=682893772.8937728,votes=0,total=10,score=0.0,confirmed=False
2026-04-24T17:26:42.841765,AUTOCORR_SAMPLE,Per-buffer autocorr result,freq=763387057.3870574,peak=0.12083008512854576,peak2=0.0422672014683485,lag_off=3.0,confirmed=False
2026-04-24T17:26:42.845179,AUTOCORR_SAMPLE,Per-buffer autocorr result,freq=763387057.3870574,peak=0.4879980571568012,peak2=0.24665026739239693,lag_off=0.0,confirmed=True
2026-04-24T17:26:42.845896,AUTOCORR_SAMPLE,Per-buffer autocorr result,freq=763387057.3870574,peak=0.21354987379163504,peak2=0.12030509021133184,lag_off=-3.0,confirmed=False
2026-04-24T17:26:42.849275,AUTOCORR_SAMPLE,Per-buffer autocorr result,freq=763387057.3870574,peak=0.07874832302331924,peak2=0.0031891874969005585,lag_off=-4.0,confirmed=False
2026-04-24T17:26:42.853066,AUTOCORR_SAMPLE,Per-buffer autocorr result,freq=763387057.3870574,peak=0.03794070822186768,peak2=0.07208623108454049,lag_off=6.0,confirmed=False
2026-04-24T17:26:42.854087,AUTOCORR_SAMPLE,Per-buffer autocorr result,freq=763387057.3870574,peak=0.07677749544382095,peak2=0.014195285737514496,lag_off=1.0,confirmed=False
2026-04-24T17:26:42.856950,AUTOCORR_SAMPLE,Per-buffer autocorr result,freq=763387057.3870574,peak=-0.005856186151504517,peak2=-0.20413486659526825,lag_off=-3.0,confirmed=False
2026-04-24T17:26:42.859820,AUTOCORR_SAMPLE,Per-buffer autocorr result,freq=763387057.3870574,peak=0.24980527302250266,peak2=0.10588930686935782,lag_off=-1.0,confirmed=False
2026-04-24T17:26:42.860578,AUTOCORR_SAMPLE,Per-buffer autocorr result,freq=763387057.3870574,peak=0.15221871994435787,peak2=0.1398500632494688,lag_off=3.0,confirmed=False
2026-04-24T17:26:42.861374,AUTOCORR_SAMPLE,Per-buffer autocorr result,freq=763387057.3870574,peak=0.2884356454014778,peak2=0.1336609274148941,lag_off=1.0,confirmed=False
2026-04-24T17:26:42.863452,AUTOCORR_RESULT,autocorr classification,freq=763387057.3870574,votes=1,total=10,score=0.1,confirmed=False
2026-04-24T17:26:42.876985,AUTOCORR_SAMPLE,Per-buffer autocorr result,freq=783367521.3675214,peak=0.4879980571568012,peak2=0.24665026739239693,lag_off=0.0,confirmed=True
2026-04-24T17:26:42.879671,AUTOCORR_SAMPLE,Per-buffer autocorr result,freq=783367521.3675214,peak=0.09337080619297922,peak2=0.06942842504940927,lag_off=-4.0,confirmed=False
2026-04-24T17:26:42.880388,AUTOCORR_SAMPLE,Per-buffer autocorr result,freq=783367521.3675214,peak=0.08283709920942783,peak2=0.16145639307796955,lag_off=-5.0,confirmed=False
2026-04-24T17:26:42.883142,AUTOCORR_SAMPLE,Per-buffer autocorr result,freq=783367521.3675214,peak=0.1545788375660777,peak2=0.07949526887387037,lag_off=5.0,confirmed=False
2026-04-24T17:26:42.883943,AUTOCORR_SAMPLE,Per-buffer autocorr result,freq=783367521.3675214,peak=0.006141379475593567,peak2=0.0850388165563345,lag_off=-6.0,confirmed=False
2026-04-24T17:26:42.886749,AUTOCORR_SAMPLE,Per-buffer autocorr result,freq=783367521.3675214,peak=0.08080087602138519,peak2=0.05080237612128258,lag_off=-1.0,confirmed=False
2026-04-24T17:26:42.887571,AUTOCORR_SAMPLE,Per-buffer autocorr result,freq=783367521.3675214,peak=0.04356572963297367,peak2=-0.004427910782396793,lag_off=2.0,confirmed=False
2026-04-24T17:26:42.890186,AUTOCORR_SAMPLE,Per-buffer autocorr result,freq=783367521.3675214,peak=0.051631273701786995,peak2=0.028036898002028465,lag_off=-4.0,confirmed=False
2026-04-24T17:26:42.891052,AUTOCORR_SAMPLE,Per-buffer autocorr result,freq=783367521.3675214,peak=0.0647742711007595,peak2=-0.018404429778456688,lag_off=2.0,confirmed=False
2026-04-24T17:26:42.893629,AUTOCORR_SAMPLE,Per-buffer autocorr result,freq=783367521.3675214,peak=0.044954799115657806,peak2=0.031288255006074905,lag_off=-1.0,confirmed=False
2026-04-24T17:26:42.893729,AUTOCORR_RESULT,autocorr classification,freq=783367521.3675214,votes=1,total=10,score=0.1,confirmed=False
2026-04-24T17:26:43.205580,AUTOCORR_SAMPLE,Per-buffer autocorr result,freq=939347985.3479854,peak=0.15777016058564186,peak2=0.04331568628549576,lag_off=0.0,confirmed=False
2026-04-24T17:26:43.212807,AUTOCORR_SAMPLE,Per-buffer autocorr result,freq=939347985.3479854,peak=0.14552681148052216,peak2=0.09637991338968277,lag_off=-5.0,confirmed=False
2026-04-24T17:26:43.213765,AUTOCORR_SAMPLE,Per-buffer autocorr result,freq=939347985.3479854,peak=0.051545338705182076,peak2=0.13299203105270863,lag_off=-2.0,confirmed=False
2026-04-24T17:26:43.221399,AUTOCORR_SAMPLE,Per-buffer autocorr result,freq=939347985.3479854,peak=0.08212410332635045,peak2=0.03551476076245308,lag_off=1.0,confirmed=False
2026-04-24T17:26:43.226881,AUTOCORR_SAMPLE,Per-buffer autocorr result,freq=939347985.3479854,peak=0.03903014911338687,peak2=-0.01708764350041747,lag_off=-3.0,confirmed=False
2026-04-24T17:26:43.227781,AUTOCORR_SAMPLE,Per-buffer autocorr result,freq=939347985.3479854,peak=0.0810033141169697,peak2=0.08764637843705714,lag_off=4.0,confirmed=False
2026-04-24T17:26:43.233350,AUTOCORR_SAMPLE,Per-buffer autocorr result,freq=939347985.3479854,peak=0.005029686726629734,peak2=-0.015907869674265385,lag_off=3.0,confirmed=False
2026-04-24T17:26:43.234139,AUTOCORR_SAMPLE,Per-buffer autocorr result,freq=939347985.3479854,peak=0.13041417207568884,peak2=0.04559035133570433,lag_off=5.0,confirmed=False
2026-04-24T17:26:43.239616,AUTOCORR_SAMPLE,Per-buffer autocorr result,freq=939347985.3479854,peak=-0.025933471624739468,peak2=-0.0426377720432356,lag_off=-4.0,confirmed=False
2026-04-24T17:26:43.244074,AUTOCORR_SAMPLE,Per-buffer autocorr result,freq=939347985.3479854,peak=0.048875548876821995,peak2=0.04706540796905756,lag_off=3.0,confirmed=False
2026-04-24T17:26:43.244256,AUTOCORR_RESULT,autocorr classification,freq=939347985.3479854,votes=0,total=10,score=0.0,confirmed=False
2026-04-24T17:26:43.259843,AUTOCORR_SAMPLE,Per-buffer autocorr result,freq=957965811.965812,peak=0.0810033141169697,peak2=0.08764637843705714,lag_off=4.0,confirmed=False
2026-04-24T17:26:43.262755,AUTOCORR_SAMPLE,Per-buffer autocorr result,freq=957965811.965812,peak=0.03571777418255806,peak2=-0.06598669476807117,lag_off=6.0,confirmed=False
2026-04-24T17:26:43.263555,AUTOCORR_SAMPLE,Per-buffer autocorr result,freq=957965811.965812,peak=-0.07674122042953968,peak2=-0.12335724756121635,lag_off=-5.0,confirmed=False
2026-04-24T17:26:43.266703,AUTOCORR_SAMPLE,Per-buffer autocorr result,freq=957965811.965812,peak=-0.07237763461307622,peak2=-0.09083611331880093,lag_off=0.0,confirmed=False
2026-04-24T17:26:43.267441,AUTOCORR_SAMPLE,Per-buffer autocorr result,freq=957965811.965812,peak=0.010378689737990499,peak2=0.1190232748631388,lag_off=6.0,confirmed=False
2026-04-24T17:26:43.270158,AUTOCORR_SAMPLE,Per-buffer autocorr result,freq=957965811.965812,peak=-0.06291616335511208,peak2=-0.2321678176522255,lag_off=2.0,confirmed=False
2026-04-24T17:26:43.270836,AUTOCORR_SAMPLE,Per-buffer autocorr result,freq=957965811.965812,peak=-0.13323563989251852,peak2=-0.19954777508974075,lag_off=-5.0,confirmed=False
2026-04-24T17:26:43.273669,AUTOCORR_SAMPLE,Per-buffer autocorr result,freq=957965811.965812,peak=0.1470771748572588,peak2=0.05636410228908062,lag_off=0.0,confirmed=False
2026-04-24T17:26:43.276313,AUTOCORR_SAMPLE,Per-buffer autocorr result,freq=957965811.965812,peak=0.07698041573166847,peak2=0.08203993365168571,lag_off=-5.0,confirmed=False
2026-04-24T17:26:43.277185,AUTOCORR_SAMPLE,Per-buffer autocorr result,freq=957965811.965812,peak=-0.19382565468549728,peak2=-0.42600177228450775,lag_off=-2.0,confirmed=False
2026-04-24T17:26:43.279356,AUTOCORR_RESULT,autocorr classification,freq=957965811.965812,votes=0,total=10,score=0.0,confirmed=False
2026-04-24T17:26:43.665720,AUTOCORR_SAMPLE,Per-buffer autocorr result,freq=1265306471.3064713,peak=0.08200956834480166,peak2=0.0330408806912601,lag_off=1.0,confirmed=False
2026-04-24T17:26:43.668665,AUTOCORR_SAMPLE,Per-buffer autocorr result,freq=1265306471.3064713,peak=0.057135099079459906,peak2=0.01919683488085866,lag_off=3.0,confirmed=False
2026-04-24T17:26:43.669417,AUTOCORR_SAMPLE,Per-buffer autocorr result,freq=1265306471.3064713,peak=0.02165001405228395,peak2=0.011990111859631725,lag_off=3.0,confirmed=False
2026-04-24T17:26:43.671723,AUTOCORR_SAMPLE,Per-buffer autocorr result,freq=1265306471.3064713,peak=0.07114828284829855,peak2=0.10695198085159063,lag_off=4.0,confirmed=False
2026-04-24T17:26:43.672476,AUTOCORR_SAMPLE,Per-buffer autocorr result,freq=1265306471.3064713,peak=0.0943036968819797,peak2=0.06310303090140224,lag_off=1.0,confirmed=False
2026-04-24T17:26:43.675009,AUTOCORR_SAMPLE,Per-buffer autocorr result,freq=1265306471.3064713,peak=0.06728904880583286,peak2=0.003733361139893532,lag_off=2.0,confirmed=False
2026-04-24T17:26:43.677730,AUTOCORR_SAMPLE,Per-buffer autocorr result,freq=1265306471.3064713,peak=0.06138969352468848,peak2=0.0660767606459558,lag_off=-3.0,confirmed=False
2026-04-24T17:26:43.678684,AUTOCORR_SAMPLE,Per-buffer autocorr result,freq=1265306471.3064713,peak=0.06889851205050945,peak2=0.035615669563412666,lag_off=5.0,confirmed=False
2026-04-24T17:26:43.681605,AUTOCORR_SAMPLE,Per-buffer autocorr result,freq=1265306471.3064713,peak=0.12517973640933633,peak2=0.06847825506702065,lag_off=-6.0,confirmed=False
2026-04-24T17:26:43.685080,AUTOCORR_SAMPLE,Per-buffer autocorr result,freq=1265306471.3064713,peak=0.14898288063704967,peak2=0.09807114116847515,lag_off=1.0,confirmed=False
2026-04-24T17:26:43.685177,AUTOCORR_RESULT,autocorr classification,freq=1265306471.3064713,votes=0,total=10,score=0.0,confirmed=False
2026-04-24T17:26:43.864672,AUTOCORR_SAMPLE,Per-buffer autocorr result,freq=1393367521.3675213,peak=0.047087554121389985,peak2=0.022816030541434884,lag_off=5.0,confirmed=False
2026-04-24T17:26:43.865452,AUTOCORR_SAMPLE,Per-buffer autocorr result,freq=1393367521.3675213,peak=0.05707271596475039,peak2=0.021831991281942464,lag_off=1.0,confirmed=False
2026-04-24T17:26:43.869068,AUTOCORR_SAMPLE,Per-buffer autocorr result,freq=1393367521.3675213,peak=0.07457434432581067,peak2=0.0600031022913754,lag_off=3.0,confirmed=False
2026-04-24T17:26:43.871688,AUTOCORR_SAMPLE,Per-buffer autocorr result,freq=1393367521.3675213,peak=0.02207050332799554,peak2=0.24041769513860345,lag_off=-3.0,confirmed=False
2026-04-24T17:26:43.874112,AUTOCORR_SAMPLE,Per-buffer autocorr result,freq=1393367521.3675213,peak=0.11988648027181625,peak2=0.1745058223605156,lag_off=-4.0,confirmed=False
2026-04-24T17:26:43.875023,AUTOCORR_SAMPLE,Per-buffer autocorr result,freq=1393367521.3675213,peak=0.02218755381181836,peak2=0.021212336141616106,lag_off=2.0,confirmed=False
2026-04-24T17:26:43.877558,AUTOCORR_SAMPLE,Per-buffer autocorr result,freq=1393367521.3675213,peak=0.04073726758360863,peak2=0.041248688474297523,lag_off=3.0,confirmed=False
2026-04-24T17:26:43.880131,AUTOCORR_SAMPLE,Per-buffer autocorr result,freq=1393367521.3675213,peak=0.09108428610488772,peak2=0.10249818814918399,lag_off=5.0,confirmed=False
2026-04-24T17:26:43.881010,AUTOCORR_SAMPLE,Per-buffer autocorr result,freq=1393367521.3675213,peak=0.09094936400651932,peak2=0.03413621708750725,lag_off=3.0,confirmed=False
2026-04-24T17:26:43.884139,AUTOCORR_SAMPLE,Per-buffer autocorr result,freq=1393367521.3675213,peak=0.06445645680651069,peak2=-0.009095498360693455,lag_off=-3.0,confirmed=False
2026-04-24T17:26:43.884199,AUTOCORR_RESULT,autocorr classification,freq=1393367521.3675213,votes=0,total=10,score=0.0,confirmed=False
2026-04-24T17:26:43.898586,AUTOCORR_SAMPLE,Per-buffer autocorr result,freq=1412427350.4273505,peak=0.05707271596475039,peak2=0.021831991281942464,lag_off=1.0,confirmed=False
2026-04-24T17:26:43.901634,AUTOCORR_SAMPLE,Per-buffer autocorr result,freq=1412427350.4273505,peak=0.08795155305415392,peak2=0.07144649792462587,lag_off=0.0,confirmed=False
2026-04-24T17:26:43.902475,AUTOCORR_SAMPLE,Per-buffer autocorr result,freq=1412427350.4273505,peak=0.14474814175628126,peak2=0.037248180946335196,lag_off=5.0,confirmed=False
2026-04-24T17:26:43.903283,AUTOCORR_SAMPLE,Per-buffer autocorr result,freq=1412427350.4273505,peak=0.026748892851173878,peak2=0.030914069153368473,lag_off=2.0,confirmed=False
2026-04-24T17:26:43.905906,AUTOCORR_SAMPLE,Per-buffer autocorr result,freq=1412427350.4273505,peak=0.07321360288187861,peak2=0.10318467346951365,lag_off=4.0,confirmed=False
2026-04-24T17:26:43.906614,AUTOCORR_SAMPLE,Per-buffer autocorr result,freq=1412427350.4273505,peak=0.1633075186982751,peak2=0.14654228184372187,lag_off=-3.0,confirmed=False
2026-04-24T17:26:43.909220,AUTOCORR_SAMPLE,Per-buffer autocorr result,freq=1412427350.4273505,peak=0.10691313934512436,peak2=0.07692616176791489,lag_off=0.0,confirmed=False
2026-04-24T17:26:43.909925,AUTOCORR_SAMPLE,Per-buffer autocorr result,freq=1412427350.4273505,peak=0.1428549325937638,peak2=0.06881627057737205,lag_off=-1.0,confirmed=False
2026-04-24T17:26:43.912483,AUTOCORR_SAMPLE,Per-buffer autocorr result,freq=1412427350.4273505,peak=0.04925235314294696,peak2=0.07873404724523425,lag_off=5.0,confirmed=False
2026-04-24T17:26:43.914985,AUTOCORR_SAMPLE,Per-buffer autocorr result,freq=1412427350.4273505,peak=0.13317192159593105,peak2=0.08268478326499462,lag_off=5.0,confirmed=False
2026-04-24T17:26:43.915057,AUTOCORR_RESULT,autocorr classification,freq=1412427350.4273505,votes=0,total=10,score=0.0,confirmed=False
2026-04-24T17:26:44.258309,AUTOCORR_SAMPLE,Per-buffer autocorr result,freq=1676070818.0708182,peak=0.12305350787937641,peak2=0.025140399113297462,lag_off=-3.0,confirmed=False
2026-04-24T17:26:44.261020,AUTOCORR_SAMPLE,Per-buffer autocorr result,freq=1676070818.0708182,peak=0.11253439044230618,peak2=0.14407581990235485,lag_off=6.0,confirmed=False
2026-04-24T17:26:44.261683,AUTOCORR_SAMPLE,Per-buffer autocorr result,freq=1676070818.0708182,peak=0.035097099374979734,peak2=0.01726875128224492,lag_off=-6.0,confirmed=False
2026-04-24T17:26:44.264638,AUTOCORR_SAMPLE,Per-buffer autocorr result,freq=1676070818.0708182,peak=0.008851894177496433,peak2=0.01598679181188345,lag_off=-3.0,confirmed=False
2026-04-24T17:26:44.267300,AUTOCORR_SAMPLE,Per-buffer autocorr result,freq=1676070818.0708182,peak=0.11905046924948692,peak2=0.02057130541652441,lag_off=-4.0,confirmed=False
2026-04-24T17:26:44.268028,AUTOCORR_SAMPLE,Per-buffer autocorr result,freq=1676070818.0708182,peak=0.07438566721975803,peak2=0.002505803480744362,lag_off=-5.0,confirmed=False
2026-04-24T17:26:44.268779,AUTOCORR_SAMPLE,Per-buffer autocorr result,freq=1676070818.0708182,peak=0.03784875199198723,peak2=-0.005975885316729546,lag_off=-2.0,confirmed=False
2026-04-24T17:26:44.271512,AUTOCORR_SAMPLE,Per-buffer autocorr result,freq=1676070818.0708182,peak=0.026825642329640687,peak2=0.03206197184044868,lag_off=6.0,confirmed=False
2026-04-24T17:26:44.272215,AUTOCORR_SAMPLE,Per-buffer autocorr result,freq=1676070818.0708182,peak=0.115088653517887,peak2=0.05021467129699886,lag_off=-4.0,confirmed=False
2026-04-24T17:26:44.274500,AUTOCORR_SAMPLE,Per-buffer autocorr result,freq=1676070818.0708182,peak=0.027249893406406045,peak2=0.1728989912662655,lag_off=0.0,confirmed=False
2026-04-24T17:26:44.274582,AUTOCORR_RESULT,autocorr classification,freq=1676070818.0708182,votes=0,total=10,score=0.0,confirmed=False
2026-04-24T17:26:44.578159,AUTOCORR_SAMPLE,Per-buffer autocorr result,freq=1807797313.7973137,peak=0.011728039144145441,peak2=0.043764248623119784,lag_off=-2.0,confirmed=False
2026-04-24T17:26:44.578995,AUTOCORR_SAMPLE,Per-buffer autocorr result,freq=1807797313.7973137,peak=0.14279735530726612,peak2=0.06635757233016193,lag_off=2.0,confirmed=False
2026-04-24T17:26:44.583175,AUTOCORR_SAMPLE,Per-buffer autocorr result,freq=1807797313.7973137,peak=-0.01654168963432312,peak2=-0.1755947768688202,lag_off=-5.0,confirmed=False
2026-04-24T17:26:44.588757,AUTOCORR_SAMPLE,Per-buffer autocorr result,freq=1807797313.7973137,peak=0.047559142112731934,peak2=-0.005959838628768921,lag_off=3.0,confirmed=False
2026-04-24T17:26:44.589575,AUTOCORR_SAMPLE,Per-buffer autocorr result,freq=1807797313.7973137,peak=-0.15979813039302826,peak2=-0.45062772929668427,lag_off=-5.0,confirmed=False
2026-04-24T17:26:44.600866,AUTOCORR_SAMPLE,Per-buffer autocorr result,freq=1807797313.7973137,peak=-0.1608886942267418,peak2=-0.12061374261975288,lag_off=6.0,confirmed=False
2026-04-24T17:26:44.601720,AUTOCORR_SAMPLE,Per-buffer autocorr result,freq=1807797313.7973137,peak=-0.07916000857949257,peak2=-0.06590132042765617,lag_off=-5.0,confirmed=False
2026-04-24T17:26:44.622442,AUTOCORR_SAMPLE,Per-buffer autocorr result,freq=1807797313.7973137,peak=-0.012183217331767082,peak2=-0.03679860243573785,lag_off=5.0,confirmed=False
2026-04-24T17:26:44.623386,AUTOCORR_SAMPLE,Per-buffer autocorr result,freq=1807797313.7973137,peak=0.05481400969438255,peak2=0.05803980934433639,lag_off=6.0,confirmed=False
2026-04-24T17:26:44.654036,AUTOCORR_SAMPLE,Per-buffer autocorr result,freq=1807797313.7973137,peak=0.012489311397075653,peak2=-0.042970096692442894,lag_off=-4.0,confirmed=False
2026-04-24T17:26:44.654208,AUTOCORR_RESULT,autocorr classification,freq=1807797313.7973137,votes=0,total=10,score=0.0,confirmed=False
2026-04-24T17:26:44.801785,AUTOCORR_SAMPLE,Per-buffer autocorr result,freq=1827987789.9877899,peak=-0.004379925783723593,peak2=-0.015182910952717066,lag_off=-2.0,confirmed=False
2026-04-24T17:26:44.818734,AUTOCORR_SAMPLE,Per-buffer autocorr result,freq=1827987789.9877899,peak=-0.13455868582241237,peak2=-0.1836162880063057,lag_off=-6.0,confirmed=False
2026-04-24T17:26:44.819736,AUTOCORR_SAMPLE,Per-buffer autocorr result,freq=1827987789.9877899,peak=-0.3372262120246887,peak2=-0.36017704755067825,lag_off=-5.0,confirmed=False
2026-04-24T17:26:44.836729,AUTOCORR_SAMPLE,Per-buffer autocorr result,freq=1827987789.9877899,peak=0.04153348132967949,peak2=0.0004748217761516571,lag_off=-4.0,confirmed=False
2026-04-24T17:26:44.837522,AUTOCORR_SAMPLE,Per-buffer autocorr result,freq=1827987789.9877899,peak=0.10464275628328323,peak2=0.06074078381061554,lag_off=0.0,confirmed=False
2026-04-24T17:26:44.853923,AUTOCORR_SAMPLE,Per-buffer autocorr result,freq=1827987789.9877899,peak=-0.10825791582465172,peak2=-0.18610931932926178,lag_off=-3.0,confirmed=False
2026-04-24T17:26:44.865016,AUTOCORR_SAMPLE,Per-buffer autocorr result,freq=1827987789.9877899,peak=0.13697564252652228,peak2=0.10847571888007224,lag_off=-3.0,confirmed=False
2026-04-24T17:26:44.878860,AUTOCORR_SAMPLE,Per-buffer autocorr result,freq=1827987789.9877899,peak=-0.3381102457642555,peak2=-0.4337568134069443,lag_off=2.0,confirmed=False
2026-04-24T17:26:44.879546,AUTOCORR_SAMPLE,Per-buffer autocorr result,freq=1827987789.9877899,peak=-0.02694110758602619,peak2=-0.006187357008457184,lag_off=0.0,confirmed=False
2026-04-24T17:26:44.892313,AUTOCORR_SAMPLE,Per-buffer autocorr result,freq=1827987789.9877899,peak=-0.17272285372018814,peak2=-0.07688183640129864,lag_off=2.0,confirmed=False
2026-04-24T17:26:44.892456,AUTOCORR_RESULT,autocorr classification,freq=1827987789.9877899,votes=0,total=10,score=0.0,confirmed=False
2026-04-24T17:26:44.928204,AUTOCORR_SAMPLE,Per-buffer autocorr result,freq=1847726495.7264957,peak=-0.02694110758602619,peak2=-0.006187357008457184,lag_off=0.0,confirmed=False
2026-04-24T17:26:44.928945,AUTOCORR_SAMPLE,Per-buffer autocorr result,freq=1847726495.7264957,peak=-0.09784016013145447,peak2=-0.31689050793647766,lag_off=-5.0,confirmed=False
2026-04-24T17:26:44.932658,AUTOCORR_SAMPLE,Per-buffer autocorr result,freq=1847726495.7264957,peak=-0.05640542507171631,peak2=-0.22668606787919998,lag_off=4.0,confirmed=False
2026-04-24T17:26:44.933417,AUTOCORR_SAMPLE,Per-buffer autocorr result,freq=1847726495.7264957,peak=-0.02967909350991249,peak2=0.02088555507361889,lag_off=5.0,confirmed=False
2026-04-24T17:26:44.936761,AUTOCORR_SAMPLE,Per-buffer autocorr result,freq=1847726495.7264957,peak=0.09784235432744026,peak2=0.01951540634036064,lag_off=4.0,confirmed=False
2026-04-24T17:26:44.937667,AUTOCORR_SAMPLE,Per-buffer autocorr result,freq=1847726495.7264957,peak=-0.004161722958087921,peak2=0.009349316358566284,lag_off=-1.0,confirmed=False
2026-04-24T17:26:44.940517,AUTOCORR_SAMPLE,Per-buffer autocorr result,freq=1847726495.7264957,peak=0.009253952652215958,peak2=0.19921201467514038,lag_off=-3.0,confirmed=False
2026-04-24T17:26:44.943135,AUTOCORR_SAMPLE,Per-buffer autocorr result,freq=1847726495.7264957,peak=-0.03752897214144468,peak2=-0.04223312344402075,lag_off=6.0,confirmed=False
2026-04-24T17:26:44.943811,AUTOCORR_SAMPLE,Per-buffer autocorr result,freq=1847726495.7264957,peak=-0.007937122136354446,peak2=-0.03793823625892401,lag_off=-6.0,confirmed=False
2026-04-24T17:26:44.944494,AUTOCORR_SAMPLE,Per-buffer autocorr result,freq=1847726495.7264957,peak=-0.30672769993543625,peak2=-0.008052438497543335,lag_off=-6.0,confirmed=False
2026-04-24T17:26:44.946277,AUTOCORR_RESULT,autocorr classification,freq=1847726495.7264957,votes=0,total=10,score=0.0,confirmed=False
2026-04-24T17:26:44.964271,AUTOCORR_SAMPLE,Per-buffer autocorr result,freq=1860564102.5641026,peak=-0.02967909350991249,peak2=0.02088555507361889,lag_off=5.0,confirmed=False
2026-04-24T17:26:44.967431,AUTOCORR_SAMPLE,Per-buffer autocorr result,freq=1860564102.5641026,peak=0.02785276621580124,peak2=0.1897434964776039,lag_off=5.0,confirmed=False
2026-04-24T17:26:44.971035,AUTOCORR_SAMPLE,Per-buffer autocorr result,freq=1860564102.5641026,peak=0.09119701059535146,peak2=0.118219253141433,lag_off=-2.0,confirmed=False
2026-04-24T17:26:44.971843,AUTOCORR_SAMPLE,Per-buffer autocorr result,freq=1860564102.5641026,peak=0.04602992534637451,peak2=-0.029788848478347063,lag_off=2.0,confirmed=False
2026-04-24T17:26:44.975213,AUTOCORR_SAMPLE,Per-buffer autocorr result,freq=1860564102.5641026,peak=0.0048310235142707825,peak2=-0.021488403901457787,lag_off=4.0,confirmed=False
2026-04-24T17:26:44.975902,AUTOCORR_SAMPLE,Per-buffer autocorr result,freq=1860564102.5641026,peak=-0.0380008053034544,peak2=-0.03236330673098564,lag_off=-2.0,confirmed=False
2026-04-24T17:26:44.979716,AUTOCORR_SAMPLE,Per-buffer autocorr result,freq=1860564102.5641026,peak=-0.27275726199150085,peak2=-0.7349836528301239,lag_off=-6.0,confirmed=False
2026-04-24T17:26:44.980544,AUTOCORR_SAMPLE,Per-buffer autocorr result,freq=1860564102.5641026,peak=0.055211763828992844,peak2=0.025453221052885056,lag_off=4.0,confirmed=False
2026-04-24T17:26:44.981232,AUTOCORR_SAMPLE,Per-buffer autocorr result,freq=1860564102.5641026,peak=0.04932650923728943,peak2=-0.09487743116915226,lag_off=-3.0,confirmed=False
2026-04-24T17:26:44.985449,AUTOCORR_SAMPLE,Per-buffer autocorr result,freq=1860564102.5641026,peak=0.11787211149930954,peak2=0.05559825152158737,lag_off=5.0,confirmed=False
2026-04-24T17:26:44.985552,AUTOCORR_RESULT,autocorr classification,freq=1860564102.5641026,votes=0,total=10,score=0.0,confirmed=False
2026-04-24T17:26:45.009878,AUTOCORR_SAMPLE,Per-buffer autocorr result,freq=1875401709.4017093,peak=0.02785276621580124,peak2=0.1897434964776039,lag_off=5.0,confirmed=False
2026-04-24T17:26:45.013563,AUTOCORR_SAMPLE,Per-buffer autocorr result,freq=1875401709.4017093,peak=0.07366667687892914,peak2=-0.03819800168275833,lag_off=5.0,confirmed=False
2026-04-24T17:26:45.014241,AUTOCORR_SAMPLE,Per-buffer autocorr result,freq=1875401709.4017093,peak=0.025459622964262962,peak2=0.021219545044004917,lag_off=6.0,confirmed=False
2026-04-24T17:26:45.017940,AUTOCORR_SAMPLE,Per-buffer autocorr result,freq=1875401709.4017093,peak=0.1274643838405609,peak2=0.17052426934242249,lag_off=6.0,confirmed=False
2026-04-24T17:26:45.021875,AUTOCORR_SAMPLE,Per-buffer autocorr result,freq=1875401709.4017093,peak=0.13944725692272186,peak2=-0.04269793629646301,lag_off=1.0,confirmed=False
2026-04-24T17:26:45.022714,AUTOCORR_SAMPLE,Per-buffer autocorr result,freq=1875401709.4017093,peak=-0.09942710399627686,peak2=-0.34699633717536926,lag_off=-4.0,confirmed=False
2026-04-24T17:26:45.023345,AUTOCORR_SAMPLE,Per-buffer autocorr result,freq=1875401709.4017093,peak=-0.05560435354709625,peak2=-0.1843571998178959,lag_off=4.0,confirmed=False
2026-04-24T17:26:45.027370,AUTOCORR_SAMPLE,Per-buffer autocorr result,freq=1875401709.4017093,peak=0.07416607439517975,peak2=0.0548316165804863,lag_off=1.0,confirmed=False
2026-04-24T17:26:45.031199,AUTOCORR_SAMPLE,Per-buffer autocorr result,freq=1875401709.4017093,peak=0.13319658674299717,peak2=0.01626911386847496,lag_off=6.0,confirmed=False
2026-04-24T17:26:45.031889,AUTOCORR_SAMPLE,Per-buffer autocorr result,freq=1875401709.4017093,peak=0.058057695627212524,peak2=0.00016487017273902893,lag_off=-6.0,confirmed=False
2026-04-24T17:26:45.031959,AUTOCORR_RESULT,autocorr classification,freq=1875401709.4017093,votes=0,total=10,score=0.0,confirmed=False
2026-04-24T17:26:45.048649,AUTOCORR_SAMPLE,Per-buffer autocorr result,freq=1895406593.4065933,peak=-0.04297704994678497,peak2=-0.24989046901464462,lag_off=-4.0,confirmed=False
2026-04-24T17:26:45.051957,AUTOCORR_SAMPLE,Per-buffer autocorr result,freq=1895406593.4065933,peak=0.12359589454717934,peak2=0.08123377081938088,lag_off=1.0,confirmed=False
2026-04-24T17:26:45.052714,AUTOCORR_SAMPLE,Per-buffer autocorr result,freq=1895406593.4065933,peak=0.051253074780106544,peak2=0.05151001177728176,lag_off=-4.0,confirmed=False
2026-04-24T17:26:45.055350,AUTOCORR_SAMPLE,Per-buffer autocorr result,freq=1895406593.4065933,peak=0.0546746663749218,peak2=0.05125877261161804,lag_off=-1.0,confirmed=False
2026-04-24T17:26:45.056079,AUTOCORR_SAMPLE,Per-buffer autocorr result,freq=1895406593.4065933,peak=0.12697238358668983,peak2=0.059409967390820384,lag_off=1.0,confirmed=False
2026-04-24T17:26:45.058605,AUTOCORR_SAMPLE,Per-buffer autocorr result,freq=1895406593.4065933,peak=0.07860637037083507,peak2=0.10833722678944468,lag_off=4.0,confirmed=False
2026-04-24T17:26:45.059318,AUTOCORR_SAMPLE,Per-buffer autocorr result,freq=1895406593.4065933,peak=0.030257416190579534,peak2=0.03460889984853566,lag_off=6.0,confirmed=False
2026-04-24T17:26:45.061947,AUTOCORR_SAMPLE,Per-buffer autocorr result,freq=1895406593.4065933,peak=0.12496044533327222,peak2=0.13379760133102536,lag_off=3.0,confirmed=False
2026-04-24T17:26:45.062813,AUTOCORR_SAMPLE,Per-buffer autocorr result,freq=1895406593.4065933,peak=0.10508696507895365,peak2=0.07912636321270838,lag_off=5.0,confirmed=False
2026-04-24T17:26:45.065355,AUTOCORR_SAMPLE,Per-buffer autocorr result,freq=1895406593.4065933,peak=0.07143579423427582,peak2=0.08064121380448341,lag_off=-5.0,confirmed=False
2026-04-24T17:26:45.065446,AUTOCORR_RESULT,autocorr classification,freq=1895406593.4065933,votes=0,total=10,score=0.0,confirmed=False
2026-04-24T17:26:45.347700,AUTOCORR_SAMPLE,Per-buffer autocorr result,freq=2114329670.3296704,peak=0.05289563909173012,peak2=0.019462828524410725,lag_off=-6.0,confirmed=False
2026-04-24T17:26:45.348607,AUTOCORR_SAMPLE,Per-buffer autocorr result,freq=2114329670.3296704,peak=0.12070344295352697,peak2=0.046665637753903866,lag_off=-4.0,confirmed=False
2026-04-24T17:26:45.351471,AUTOCORR_SAMPLE,Per-buffer autocorr result,freq=2114329670.3296704,peak=0.10533821862190962,peak2=0.07374254893511534,lag_off=5.0,confirmed=False
2026-04-24T17:26:45.354331,AUTOCORR_SAMPLE,Per-buffer autocorr result,freq=2114329670.3296704,peak=0.05491802841424942,peak2=0.06568135693669319,lag_off=5.0,confirmed=False
2026-04-24T17:26:45.357646,AUTOCORR_SAMPLE,Per-buffer autocorr result,freq=2114329670.3296704,peak=0.15260009560734034,peak2=0.026055685244500637,lag_off=1.0,confirmed=False
2026-04-24T17:26:45.358435,AUTOCORR_SAMPLE,Per-buffer autocorr result,freq=2114329670.3296704,peak=0.1233439325587824,peak2=0.0628917544381693,lag_off=4.0,confirmed=False
2026-04-24T17:26:45.363097,AUTOCORR_SAMPLE,Per-buffer autocorr result,freq=2114329670.3296704,peak=0.10401394870132208,peak2=0.1009354954585433,lag_off=-4.0,confirmed=False
2026-04-24T17:26:45.372076,AUTOCORR_SAMPLE,Per-buffer autocorr result,freq=2114329670.3296704,peak=0.06268675439059734,peak2=0.008639981970191002,lag_off=1.0,confirmed=False
2026-04-24T17:26:45.372825,AUTOCORR_SAMPLE,Per-buffer autocorr result,freq=2114329670.3296704,peak=0.13822272280231118,peak2=0.058935581240803,lag_off=-4.0,confirmed=False
2026-04-24T17:26:45.388279,AUTOCORR_SAMPLE,Per-buffer autocorr result,freq=2114329670.3296704,peak=0.12236223462969065,peak2=0.050032165832817554,lag_off=-5.0,confirmed=False
2026-04-24T17:26:45.388436,AUTOCORR_RESULT,autocorr classification,freq=2114329670.3296704,votes=0,total=10,score=0.0,confirmed=False
2026-04-24T17:26:45.510658,AUTOCORR_SAMPLE,Per-buffer autocorr result,freq=2143719169.7191696,peak=0.12070344295352697,peak2=0.046665637753903866,lag_off=-4.0,confirmed=False
2026-04-24T17:26:45.519631,AUTOCORR_SAMPLE,Per-buffer autocorr result,freq=2143719169.7191696,peak=-0.1551702469587326,peak2=-0.4875551760196686,lag_off=3.0,confirmed=False
2026-04-24T17:26:45.520525,AUTOCORR_SAMPLE,Per-buffer autocorr result,freq=2143719169.7191696,peak=0.1813826784491539,peak2=0.13373468071222305,lag_off=6.0,confirmed=False
2026-04-24T17:26:45.529397,AUTOCORR_SAMPLE,Per-buffer autocorr result,freq=2143719169.7191696,peak=-7.678940892219543e-05,peak2=-0.06621195375919342,lag_off=-6.0,confirmed=False
2026-04-24T17:26:45.530127,AUTOCORR_SAMPLE,Per-buffer autocorr result,freq=2143719169.7191696,peak=0.048955091275274754,peak2=0.15574823040515184,lag_off=-5.0,confirmed=False
2026-04-24T17:26:45.539470,AUTOCORR_SAMPLE,Per-buffer autocorr result,freq=2143719169.7191696,peak=0.18991374969482422,peak2=0.19659577310085297,lag_off=0.0,confirmed=False
2026-04-24T17:26:45.545607,AUTOCORR_SAMPLE,Per-buffer autocorr result,freq=2143719169.7191696,peak=-0.04194105789065361,peak2=-0.11808266490697861,lag_off=-3.0,confirmed=False
2026-04-24T17:26:45.546443,AUTOCORR_SAMPLE,Per-buffer autocorr result,freq=2143719169.7191696,peak=0.024177889106795192,peak2=-0.013231030898168683,lag_off=0.0,confirmed=False
2026-04-24T17:26:45.550651,AUTOCORR_SAMPLE,Per-buffer autocorr result,freq=2143719169.7191696,peak=0.10401394870132208,peak2=0.1009354954585433,lag_off=-4.0,confirmed=False
2026-04-24T17:26:45.554056,AUTOCORR_SAMPLE,Per-buffer autocorr result,freq=2143719169.7191696,peak=0.11107305809855461,peak2=0.029946234077215195,lag_off=-3.0,confirmed=False
2026-04-24T17:26:45.554123,AUTOCORR_RESULT,autocorr classification,freq=2143719169.7191696,votes=0,total=10,score=0.0,confirmed=False
2026-04-24T17:26:45.568699,AUTOCORR_SAMPLE,Per-buffer autocorr result,freq=2163941391.941392,peak=0.024177889106795192,peak2=-0.013231030898168683,lag_off=0.0,confirmed=False
2026-04-24T17:26:45.571342,AUTOCORR_SAMPLE,Per-buffer autocorr result,freq=2163941391.941392,peak=0.07135195913724601,peak2=0.07192590716294944,lag_off=-3.0,confirmed=False
2026-04-24T17:26:45.572053,AUTOCORR_SAMPLE,Per-buffer autocorr result,freq=2163941391.941392,peak=0.10882727149873972,peak2=0.048759558238089085,lag_off=0.0,confirmed=False
2026-04-24T17:26:45.574919,AUTOCORR_SAMPLE,Per-buffer autocorr result,freq=2163941391.941392,peak=0.09283082839101553,peak2=0.045309524051845074,lag_off=5.0,confirmed=False
2026-04-24T17:26:45.578349,AUTOCORR_SAMPLE,Per-buffer autocorr result,freq=2163941391.941392,peak=0.08659616159275174,peak2=0.04318093927577138,lag_off=-4.0,confirmed=False
2026-04-24T17:26:45.584391,AUTOCORR_SAMPLE,Per-buffer autocorr result,freq=2163941391.941392,peak=-0.008580274879932404,peak2=-0.10180839151144028,lag_off=-2.0,confirmed=False
2026-04-24T17:26:45.586888,AUTOCORR_SAMPLE,Per-buffer autocorr result,freq=2163941391.941392,peak=0.06991513015236706,peak2=0.010108775808475912,lag_off=-3.0,confirmed=False
2026-04-24T17:26:45.603566,AUTOCORR_SAMPLE,Per-buffer autocorr result,freq=2163941391.941392,peak=0.06094588153064251,peak2=0.045338449999690056,lag_off=2.0,confirmed=False
2026-04-24T17:26:45.604664,AUTOCORR_SAMPLE,Per-buffer autocorr result,freq=2163941391.941392,peak=0.1209401962114498,peak2=0.046882434631697834,lag_off=-6.0,confirmed=False
2026-04-24T17:26:45.629024,AUTOCORR_SAMPLE,Per-buffer autocorr result,freq=2163941391.941392,peak=0.10907527687959373,peak2=0.05036883684806526,lag_off=-1.0,confirmed=False
2026-04-24T17:26:45.629092,AUTOCORR_RESULT,autocorr classification,freq=2163941391.941392,votes=0,total=10,score=0.0,confirmed=False
2026-04-24T17:26:45.752011,AUTOCORR_SAMPLE,Per-buffer autocorr result,freq=2186776556.776557,peak=0.07135195913724601,peak2=0.07192590716294944,lag_off=-3.0,confirmed=False
2026-04-24T17:26:45.759471,AUTOCORR_SAMPLE,Per-buffer autocorr result,freq=2186776556.776557,peak=0.11133674695156515,peak2=0.05805738805793226,lag_off=-6.0,confirmed=False
2026-04-24T17:26:45.760468,AUTOCORR_SAMPLE,Per-buffer autocorr result,freq=2186776556.776557,peak=0.07324443501420319,peak2=0.08898333949036896,lag_off=-2.0,confirmed=False
2026-04-24T17:26:45.769572,AUTOCORR_SAMPLE,Per-buffer autocorr result,freq=2186776556.776557,peak=0.1311075333505869,peak2=0.07691672258079052,lag_off=-3.0,confirmed=False
2026-04-24T17:26:45.775571,AUTOCORR_SAMPLE,Per-buffer autocorr result,freq=2186776556.776557,peak=0.12110419664531946,peak2=0.0961959520354867,lag_off=-3.0,confirmed=False
2026-04-24T17:26:45.779664,AUTOCORR_SAMPLE,Per-buffer autocorr result,freq=2186776556.776557,peak=0.06948061939328909,peak2=0.09793753083795309,lag_off=-4.0,confirmed=False
2026-04-24T17:26:45.785466,AUTOCORR_SAMPLE,Per-buffer autocorr result,freq=2186776556.776557,peak=0.13727982714772224,peak2=0.11880012974143028,lag_off=-5.0,confirmed=False
2026-04-24T17:26:45.786382,AUTOCORR_SAMPLE,Per-buffer autocorr result,freq=2186776556.776557,peak=0.10013602493563667,peak2=0.0331176613108255,lag_off=-2.0,confirmed=False
2026-04-24T17:26:45.792548,AUTOCORR_SAMPLE,Per-buffer autocorr result,freq=2186776556.776557,peak=0.03275487571954727,peak2=-0.10757602751255035,lag_off=3.0,confirmed=False
2026-04-24T17:26:45.797130,AUTOCORR_SAMPLE,Per-buffer autocorr result,freq=2186776556.776557,peak=0.07355503947474062,peak2=0.057537010172382,lag_off=-5.0,confirmed=False
2026-04-24T17:26:45.797278,AUTOCORR_RESULT,autocorr classification,freq=2186776556.776557,votes=0,total=10,score=0.0,confirmed=False
2026-04-24T17:26:45.813778,AUTOCORR_SAMPLE,Per-buffer autocorr result,freq=2207362637.3626375,peak=0.11133674695156515,peak2=0.05805738805793226,lag_off=-6.0,confirmed=False
2026-04-24T17:26:45.816395,AUTOCORR_SAMPLE,Per-buffer autocorr result,freq=2207362637.3626375,peak=0.049782081274315715,peak2=0.013300215592607856,lag_off=3.0,confirmed=False
2026-04-24T17:26:45.817409,AUTOCORR_SAMPLE,Per-buffer autocorr result,freq=2207362637.3626375,peak=0.03733657393604517,peak2=0.061418729834258556,lag_off=6.0,confirmed=False
2026-04-24T17:26:45.820554,AUTOCORR_SAMPLE,Per-buffer autocorr result,freq=2207362637.3626375,peak=0.035521503537893295,peak2=0.047473058104515076,lag_off=6.0,confirmed=False
2026-04-24T17:26:45.821303,AUTOCORR_SAMPLE,Per-buffer autocorr result,freq=2207362637.3626375,peak=0.1184099754318595,peak2=0.10207743849605322,lag_off=1.0,confirmed=False
2026-04-24T17:26:45.821953,AUTOCORR_SAMPLE,Per-buffer autocorr result,freq=2207362637.3626375,peak=0.13464391324669123,peak2=0.07825832162052393,lag_off=6.0,confirmed=False
2026-04-24T17:26:45.824682,AUTOCORR_SAMPLE,Per-buffer autocorr result,freq=2207362637.3626375,peak=0.11557687888853252,peak2=0.06762019614689052,lag_off=2.0,confirmed=False
2026-04-24T17:26:45.827174,AUTOCORR_SAMPLE,Per-buffer autocorr result,freq=2207362637.3626375,peak=0.16429908107966185,peak2=0.06167375575751066,lag_off=-5.0,confirmed=False
2026-04-24T17:26:45.828025,AUTOCORR_SAMPLE,Per-buffer autocorr result,freq=2207362637.3626375,peak=0.10843807057244703,peak2=0.04563948855502531,lag_off=2.0,confirmed=False
2026-04-24T17:26:45.830449,AUTOCORR_SAMPLE,Per-buffer autocorr result,freq=2207362637.3626375,peak=0.0866549035999924,peak2=0.0628712682519108,lag_off=2.0,confirmed=False
2026-04-24T17:26:45.830565,AUTOCORR_RESULT,autocorr classification,freq=2207362637.3626375,votes=0,total=10,score=0.0,confirmed=False
2026-04-24T17:26:46.119024,AUTOCORR_SAMPLE,Per-buffer autocorr result,freq=2414449328.4493284,peak=0.11733800871297717,peak2=0.08817955804988742,lag_off=-4.0,confirmed=False
2026-04-24T17:26:46.122519,AUTOCORR_SAMPLE,Per-buffer autocorr result,freq=2414449328.4493284,peak=-0.0018505631014704704,peak2=-0.0016144802793860435,lag_off=0.0,confirmed=False
2026-04-24T17:26:46.125448,AUTOCORR_SAMPLE,Per-buffer autocorr result,freq=2414449328.4493284,peak=0.013338340912014246,peak2=0.042357676196843386,lag_off=1.0,confirmed=False
2026-04-24T17:26:46.126158,AUTOCORR_SAMPLE,Per-buffer autocorr result,freq=2414449328.4493284,peak=0.08977917698211968,peak2=0.06781564769335091,lag_off=-2.0,confirmed=False
2026-04-24T17:26:46.129222,AUTOCORR_SAMPLE,Per-buffer autocorr result,freq=2414449328.4493284,peak=0.010598486755043268,peak2=0.02384469471871853,lag_off=-5.0,confirmed=False
2026-04-24T17:26:46.130143,AUTOCORR_SAMPLE,Per-buffer autocorr result,freq=2414449328.4493284,peak=0.08833677473012358,peak2=0.10094585421029478,lag_off=-2.0,confirmed=False
2026-04-24T17:26:46.133047,AUTOCORR_SAMPLE,Per-buffer autocorr result,freq=2414449328.4493284,peak=0.19630411500111222,peak2=0.08140315348282456,lag_off=4.0,confirmed=False
2026-04-24T17:26:46.138176,AUTOCORR_SAMPLE,Per-buffer autocorr result,freq=2414449328.4493284,peak=0.09839751943945885,peak2=0.11214412376284599,lag_off=-6.0,confirmed=False
2026-04-24T17:26:46.139217,AUTOCORR_SAMPLE,Per-buffer autocorr result,freq=2414449328.4493284,peak=-0.5294400826096535,peak2=-0.6437131315469742,lag_off=-6.0,confirmed=False
2026-04-24T17:26:46.144240,AUTOCORR_SAMPLE,Per-buffer autocorr result,freq=2414449328.4493284,peak=0.02050989808049053,peak2=0.026967496960423887,lag_off=0.0,confirmed=False
2026-04-24T17:26:46.144402,AUTOCORR_RESULT,autocorr classification,freq=2414449328.4493284,votes=0,total=10,score=0.0,confirmed=False
2026-04-24T17:26:46.175032,AUTOCORR_SAMPLE,Per-buffer autocorr result,freq=2446317460.3174605,peak=0.14708167500793934,peak2=0.07474287785589695,lag_off=2.0,confirmed=False
2026-04-24T17:26:46.177942,AUTOCORR_SAMPLE,Per-buffer autocorr result,freq=2446317460.3174605,peak=0.26833714451640844,peak2=0.2149540325626731,lag_off=6.0,confirmed=False
2026-04-24T17:26:46.178937,AUTOCORR_SAMPLE,Per-buffer autocorr result,freq=2446317460.3174605,peak=0.10053306072950363,peak2=0.12635889649391174,lag_off=-5.0,confirmed=False
2026-04-24T17:26:46.181882,AUTOCORR_SAMPLE,Per-buffer autocorr result,freq=2446317460.3174605,peak=-0.0038093626499176025,peak2=-0.02136855199933052,lag_off=-6.0,confirmed=False
2026-04-24T17:26:46.182737,AUTOCORR_SAMPLE,Per-buffer autocorr result,freq=2446317460.3174605,peak=-0.17528055608272552,peak2=-0.3153487518429756,lag_off=-6.0,confirmed=False
2026-04-24T17:26:46.185615,AUTOCORR_SAMPLE,Per-buffer autocorr result,freq=2446317460.3174605,peak=0.07039342587813735,peak2=0.06463666772469878,lag_off=6.0,confirmed=False
2026-04-24T17:26:46.186408,AUTOCORR_SAMPLE,Per-buffer autocorr result,freq=2446317460.3174605,peak=0.016485461790580302,peak2=0.010514659632463008,lag_off=-3.0,confirmed=False
2026-04-24T17:26:46.189596,AUTOCORR_SAMPLE,Per-buffer autocorr result,freq=2446317460.3174605,peak=0.08206778019666672,peak2=0.13285530358552933,lag_off=4.0,confirmed=False
2026-04-24T17:26:46.190302,AUTOCORR_SAMPLE,Per-buffer autocorr result,freq=2446317460.3174605,peak=0.08377043530344963,peak2=-0.009870339184999466,lag_off=-1.0,confirmed=False
2026-04-24T17:26:46.193253,AUTOCORR_SAMPLE,Per-buffer autocorr result,freq=2446317460.3174605,peak=0.11643509613350034,peak2=0.14363761292770505,lag_off=2.0,confirmed=False
2026-04-24T17:26:46.193344,AUTOCORR_RESULT,autocorr classification,freq=2446317460.3174605,votes=0,total=10,score=0.0,confirmed=False
2026-04-24T17:26:46.293519,AUTOCORR_SAMPLE,Per-buffer autocorr result,freq=2508539682.5396824,peak=0.10886382777243853,peak2=0.13812969345599413,lag_off=-3.0,confirmed=False
2026-04-24T17:26:46.296321,AUTOCORR_SAMPLE,Per-buffer autocorr result,freq=2508539682.5396824,peak=0.11689053568989038,peak2=0.06047163624316454,lag_off=1.0,confirmed=False
2026-04-24T17:26:46.298674,AUTOCORR_SAMPLE,Per-buffer autocorr result,freq=2508539682.5396824,peak=0.14459045603871346,peak2=0.14480460062623024,lag_off=-5.0,confirmed=False
2026-04-24T17:26:46.299388,AUTOCORR_SAMPLE,Per-buffer autocorr result,freq=2508539682.5396824,peak=0.10231244750320911,peak2=0.08797725476324558,lag_off=0.0,confirmed=False
2026-04-24T17:26:46.301945,AUTOCORR_SAMPLE,Per-buffer autocorr result,freq=2508539682.5396824,peak=0.13756990361434873,peak2=0.08854984420759138,lag_off=5.0,confirmed=False
2026-04-24T17:26:46.302737,AUTOCORR_SAMPLE,Per-buffer autocorr result,freq=2508539682.5396824,peak=0.10726357065141201,peak2=0.12284964136779308,lag_off=-6.0,confirmed=False
2026-04-24T17:26:46.305186,AUTOCORR_SAMPLE,Per-buffer autocorr result,freq=2508539682.5396824,peak=0.045778688974678516,peak2=0.026121587492525578,lag_off=1.0,confirmed=False
2026-04-24T17:26:46.305684,AUTOCORR_SAMPLE,Per-buffer autocorr result,freq=2508539682.5396824,peak=0.11775512062013149,peak2=0.08052513562142849,lag_off=-2.0,confirmed=False
2026-04-24T17:26:46.307700,AUTOCORR_SAMPLE,Per-buffer autocorr result,freq=2508539682.5396824,peak=0.04303872864693403,peak2=0.012848331592977047,lag_off=-1.0,confirmed=False
2026-04-24T17:26:46.308330,AUTOCORR_SAMPLE,Per-buffer autocorr result,freq=2508539682.5396824,peak=0.1539766862988472,peak2=0.10227485746145248,lag_off=1.0,confirmed=False
2026-04-24T17:26:46.308450,AUTOCORR_RESULT,autocorr classification,freq=2508539682.5396824,votes=0,total=10,score=0.0,confirmed=False
2026-04-24T17:26:46.502241,AUTOCORR_SAMPLE,Per-buffer autocorr result,freq=2612329670.3296704,peak=0.023434308357536793,peak2=0.14786927867680788,lag_off=1.0,confirmed=False
2026-04-24T17:26:46.503062,AUTOCORR_SAMPLE,Per-buffer autocorr result,freq=2612329670.3296704,peak=0.013481428613886237,peak2=0.11624414660036564,lag_off=5.0,confirmed=False
2026-04-24T17:26:46.507798,AUTOCORR_SAMPLE,Per-buffer autocorr result,freq=2612329670.3296704,peak=0.11260696407407522,peak2=0.02148507349193096,lag_off=-1.0,confirmed=False
2026-04-24T17:26:46.512153,AUTOCORR_SAMPLE,Per-buffer autocorr result,freq=2612329670.3296704,peak=0.2674937378615141,peak2=0.1548877488821745,lag_off=-1.0,confirmed=False
2026-04-24T17:26:46.516446,AUTOCORR_SAMPLE,Per-buffer autocorr result,freq=2612329670.3296704,peak=0.06570545211434364,peak2=0.174801804125309,lag_off=-5.0,confirmed=False
2026-04-24T17:26:46.520294,AUTOCORR_SAMPLE,Per-buffer autocorr result,freq=2612329670.3296704,peak=0.20272146351635456,peak2=0.26135036535561085,lag_off=2.0,confirmed=False
2026-04-24T17:26:46.521133,AUTOCORR_SAMPLE,Per-buffer autocorr result,freq=2612329670.3296704,peak=0.06457713898271322,peak2=0.0302067119628191,lag_off=3.0,confirmed=False
2026-04-24T17:26:46.525371,AUTOCORR_SAMPLE,Per-buffer autocorr result,freq=2612329670.3296704,peak=0.10670458036474884,peak2=0.08125054347328842,lag_off=-2.0,confirmed=False
2026-04-24T17:26:46.528947,AUTOCORR_SAMPLE,Per-buffer autocorr result,freq=2612329670.3296704,peak=0.11573997582308948,peak2=0.1043350815307349,lag_off=6.0,confirmed=False
2026-04-24T17:26:46.529711,AUTOCORR_SAMPLE,Per-buffer autocorr result,freq=2612329670.3296704,peak=0.027255595661699772,peak2=0.15910587646067142,lag_off=5.0,confirmed=False
2026-04-24T17:26:46.531810,AUTOCORR_RESULT,autocorr classification,freq=2612329670.3296704,votes=0,total=10,score=0.0,confirmed=False
2026-04-24T17:26:46.543578,AUTOCORR_SAMPLE,Per-buffer autocorr result,freq=2637604395.604396,peak=0.013481428613886237,peak2=0.11624414660036564,lag_off=5.0,confirmed=False
2026-04-24T17:26:46.546756,AUTOCORR_SAMPLE,Per-buffer autocorr result,freq=2637604395.604396,peak=0.040538014844059944,peak2=-0.005440108478069305,lag_off=2.0,confirmed=False
2026-04-24T17:26:46.547563,AUTOCORR_SAMPLE,Per-buffer autocorr result,freq=2637604395.604396,peak=-0.020165864378213882,peak2=0.0023386962711811066,lag_off=5.0,confirmed=False
2026-04-24T17:26:46.551513,AUTOCORR_SAMPLE,Per-buffer autocorr result,freq=2637604395.604396,peak=-0.13404062390327454,peak2=-0.3073143810033798,lag_off=-3.0,confirmed=False
2026-04-24T17:26:46.556515,AUTOCORR_SAMPLE,Per-buffer autocorr result,freq=2637604395.604396,peak=0.054463029839098454,peak2=0.11875943932682276,lag_off=3.0,confirmed=False
2026-04-24T17:26:46.557337,AUTOCORR_SAMPLE,Per-buffer autocorr result,freq=2637604395.604396,peak=-0.06954167783260345,peak2=-0.1392034124583006,lag_off=-5.0,confirmed=False
2026-04-24T17:26:46.563044,AUTOCORR_SAMPLE,Per-buffer autocorr result,freq=2637604395.604396,peak=-0.05825022608041763,peak2=-0.04559645242989063,lag_off=-3.0,confirmed=False
2026-04-24T17:26:46.576322,AUTOCORR_SAMPLE,Per-buffer autocorr result,freq=2637604395.604396,peak=0.05564221739768982,peak2=0.038533665239810944,lag_off=1.0,confirmed=False
2026-04-24T17:26:46.577403,AUTOCORR_SAMPLE,Per-buffer autocorr result,freq=2637604395.604396,peak=-0.2343616634607315,peak2=-0.149705542717129,lag_off=-6.0,confirmed=False
2026-04-24T17:26:46.589473,AUTOCORR_SAMPLE,Per-buffer autocorr result,freq=2637604395.604396,peak=-0.21656842157244682,peak2=-0.3921208083629608,lag_off=3.0,confirmed=False
2026-04-24T17:26:46.594711,AUTOCORR_RESULT,autocorr classification,freq=2637604395.604396,votes=0,total=10,score=0.0,confirmed=False
2026-04-24T17:26:46.667744,AUTOCORR_SAMPLE,Per-buffer autocorr result,freq=2655094017.094017,peak=-0.13404062390327454,peak2=-0.3073143810033798,lag_off=-3.0,confirmed=False
2026-04-24T17:26:46.672922,AUTOCORR_SAMPLE,Per-buffer autocorr result,freq=2655094017.094017,peak=0.048933773301541805,peak2=0.06719756778329611,lag_off=-4.0,confirmed=False
2026-04-24T17:26:46.673830,AUTOCORR_SAMPLE,Per-buffer autocorr result,freq=2655094017.094017,peak=0.030191173776984215,peak2=0.1063868086785078,lag_off=-1.0,confirmed=False
2026-04-24T17:26:46.678995,AUTOCORR_SAMPLE,Per-buffer autocorr result,freq=2655094017.094017,peak=0.056807029992341995,peak2=0.009550834074616432,lag_off=-2.0,confirmed=False
2026-04-24T17:26:46.679920,AUTOCORR_SAMPLE,Per-buffer autocorr result,freq=2655094017.094017,peak=0.11109079793095589,peak2=-0.0026924479752779007,lag_off=-2.0,confirmed=False
2026-04-24T17:26:46.685004,AUTOCORR_SAMPLE,Per-buffer autocorr result,freq=2655094017.094017,peak=-0.05093220481649041,peak2=0.1052686064504087,lag_off=4.0,confirmed=False
2026-04-24T17:26:46.685708,AUTOCORR_SAMPLE,Per-buffer autocorr result,freq=2655094017.094017,peak=0.046407672576606274,peak2=0.053297909907996655,lag_off=0.0,confirmed=False
2026-04-24T17:26:46.693597,AUTOCORR_SAMPLE,Per-buffer autocorr result,freq=2655094017.094017,peak=-0.007451571524143219,peak2=-0.06845516245812178,lag_off=-2.0,confirmed=False
2026-04-24T17:26:46.694547,AUTOCORR_SAMPLE,Per-buffer autocorr result,freq=2655094017.094017,peak=0.09897991828620434,peak2=0.08299448899924755,lag_off=5.0,confirmed=False
2026-04-24T17:26:46.698528,AUTOCORR_SAMPLE,Per-buffer autocorr result,freq=2655094017.094017,peak=0.019871260970830917,peak2=0.02286820486187935,lag_off=-6.0,confirmed=False
2026-04-24T17:26:46.698729,AUTOCORR_RESULT,autocorr classification,freq=2655094017.094017,votes=0,total=10,score=0.0,confirmed=False
2026-04-24T17:26:46.712967,AUTOCORR_SAMPLE,Per-buffer autocorr result,freq=2672612942.6129427,peak=0.11109079793095589,peak2=-0.0026924479752779007,lag_off=-2.0,confirmed=False
2026-04-24T17:26:46.715808,AUTOCORR_SAMPLE,Per-buffer autocorr result,freq=2672612942.6129427,peak=0.13603838038397953,peak2=0.06865461420966312,lag_off=0.0,confirmed=False
2026-04-24T17:26:46.719271,AUTOCORR_SAMPLE,Per-buffer autocorr result,freq=2672612942.6129427,peak=0.13621233112644404,peak2=0.11488784558605403,lag_off=2.0,confirmed=False
2026-04-24T17:26:46.721632,AUTOCORR_SAMPLE,Per-buffer autocorr result,freq=2672612942.6129427,peak=0.06303638126701117,peak2=0.0632315268740058,lag_off=5.0,confirmed=False
2026-04-24T17:26:46.722317,AUTOCORR_SAMPLE,Per-buffer autocorr result,freq=2672612942.6129427,peak=0.07563402038067579,peak2=0.11029260139912367,lag_off=3.0,confirmed=False
2026-04-24T17:26:46.724479,AUTOCORR_SAMPLE,Per-buffer autocorr result,freq=2672612942.6129427,peak=0.171290029771626,peak2=0.12054747808724642,lag_off=-6.0,confirmed=False
2026-04-24T17:26:46.725045,AUTOCORR_SAMPLE,Per-buffer autocorr result,freq=2672612942.6129427,peak=0.027829399914480746,peak2=0.015013427124358714,lag_off=-4.0,confirmed=False
2026-04-24T17:26:46.727296,AUTOCORR_SAMPLE,Per-buffer autocorr result,freq=2672612942.6129427,peak=0.07961322157643735,peak2=0.04877932905219495,lag_off=3.0,confirmed=False
2026-04-24T17:26:46.727810,AUTOCORR_SAMPLE,Per-buffer autocorr result,freq=2672612942.6129427,peak=0.08035250287503004,peak2=0.14475670736283064,lag_off=-5.0,confirmed=False
2026-04-24T17:26:46.728339,AUTOCORR_SAMPLE,Per-buffer autocorr result,freq=2672612942.6129427,peak=0.14801396196708083,peak2=0.04412271594628692,lag_off=5.0,confirmed=False
2026-04-24T17:26:46.728565,AUTOCORR_RESULT,autocorr classification,freq=2672612942.6129427,votes=0,total=10,score=0.0,confirmed=False
2026-04-24T17:26:47.412460,AUTOCORR_SAMPLE,Per-buffer autocorr result,freq=3217780219.7802196,peak=0.17623226530849934,peak2=0.16255335696041584,lag_off=0.0,confirmed=False
2026-04-24T17:26:47.415191,AUTOCORR_SAMPLE,Per-buffer autocorr result,freq=3217780219.7802196,peak=0.07480187620967627,peak2=0.024378753267228603,lag_off=2.0,confirmed=False
2026-04-24T17:26:47.416095,AUTOCORR_SAMPLE,Per-buffer autocorr result,freq=3217780219.7802196,peak=0.13784497883170843,peak2=0.057819741778075695,lag_off=-6.0,confirmed=False
2026-04-24T17:26:47.419348,AUTOCORR_SAMPLE,Per-buffer autocorr result,freq=3217780219.7802196,peak=0.023379585007205606,peak2=0.028383214259520173,lag_off=-5.0,confirmed=False
2026-04-24T17:26:47.420068,AUTOCORR_SAMPLE,Per-buffer autocorr result,freq=3217780219.7802196,peak=0.12402626127004623,peak2=0.11862536519765854,lag_off=-2.0,confirmed=False
2026-04-24T17:26:47.422742,AUTOCORR_SAMPLE,Per-buffer autocorr result,freq=3217780219.7802196,peak=0.08800999913364649,peak2=0.07053367514163256,lag_off=4.0,confirmed=False
2026-04-24T17:26:47.423410,AUTOCORR_SAMPLE,Per-buffer autocorr result,freq=3217780219.7802196,peak=0.46142392908222973,peak2=0.09293654863722622,lag_off=-4.0,confirmed=False
2026-04-24T17:26:47.426132,AUTOCORR_SAMPLE,Per-buffer autocorr result,freq=3217780219.7802196,peak=0.10469696996733546,peak2=0.05215519992634654,lag_off=-4.0,confirmed=False
2026-04-24T17:26:47.428642,AUTOCORR_SAMPLE,Per-buffer autocorr result,freq=3217780219.7802196,peak=0.11807720176875591,peak2=0.02036837674677372,lag_off=-4.0,confirmed=False
2026-04-24T17:26:47.430997,AUTOCORR_SAMPLE,Per-buffer autocorr result,freq=3217780219.7802196,peak=0.06418247660622001,peak2=0.037442398723214865,lag_off=3.0,confirmed=False
2026-04-24T17:26:47.431092,AUTOCORR_RESULT,autocorr classification,freq=3217780219.7802196,votes=0,total=10,score=0.0,confirmed=False
2026-04-24T17:26:47.599403,AUTOCORR_SAMPLE,Per-buffer autocorr result,freq=3366634920.6349206,peak=0.06082523800432682,peak2=0.01699182018637657,lag_off=4.0,confirmed=False
2026-04-24T17:26:47.602605,AUTOCORR_SAMPLE,Per-buffer autocorr result,freq=3366634920.6349206,peak=0.03811153583228588,peak2=0.02876240201294422,lag_off=-4.0,confirmed=False
2026-04-24T17:26:47.603718,AUTOCORR_SAMPLE,Per-buffer autocorr result,freq=3366634920.6349206,peak=0.1275474166031927,peak2=0.11692007235251367,lag_off=-5.0,confirmed=False
2026-04-24T17:26:47.606193,AUTOCORR_SAMPLE,Per-buffer autocorr result,freq=3366634920.6349206,peak=0.07029003696516156,peak2=0.02078714268282056,lag_off=4.0,confirmed=False
2026-04-24T17:26:47.606883,AUTOCORR_SAMPLE,Per-buffer autocorr result,freq=3366634920.6349206,peak=0.4594277339056134,peak2=0.03464722167700529,lag_off=-6.0,confirmed=False
2026-04-24T17:26:47.609635,AUTOCORR_SAMPLE,Per-buffer autocorr result,freq=3366634920.6349206,peak=0.08456412516534328,peak2=0.06422694958746433,lag_off=6.0,confirmed=False
2026-04-24T17:26:47.612714,AUTOCORR_SAMPLE,Per-buffer autocorr result,freq=3366634920.6349206,peak=0.07700176304206252,peak2=0.019720769952982664,lag_off=2.0,confirmed=False
2026-04-24T17:26:47.613508,AUTOCORR_SAMPLE,Per-buffer autocorr result,freq=3366634920.6349206,peak=0.12116067041642964,peak2=0.011329154716804624,lag_off=-5.0,confirmed=False
2026-04-24T17:26:47.616807,AUTOCORR_SAMPLE,Per-buffer autocorr result,freq=3366634920.6349206,peak=0.15050741098821163,peak2=0.022113674087449908,lag_off=-5.0,confirmed=False
2026-04-24T17:26:47.619943,AUTOCORR_SAMPLE,Per-buffer autocorr result,freq=3366634920.6349206,peak=0.09120017662644386,peak2=0.04124262370169163,lag_off=-5.0,confirmed=False
2026-04-24T17:26:47.620033,AUTOCORR_RESULT,autocorr classification,freq=3366634920.6349206,votes=0,total=10,score=0.0,confirmed=False
2026-04-24T17:26:47.669713,AUTOCORR_SAMPLE,Per-buffer autocorr result,freq=3401106227.106227,peak=0.06643684348091483,peak2=0.04657986154779792,lag_off=5.0,confirmed=False
2026-04-24T17:26:47.672503,AUTOCORR_SAMPLE,Per-buffer autocorr result,freq=3401106227.106227,peak=0.03180387686006725,peak2=0.03767965245060623,lag_off=1.0,confirmed=False
2026-04-24T17:26:47.674983,AUTOCORR_SAMPLE,Per-buffer autocorr result,freq=3401106227.106227,peak=0.08087137341499329,peak2=0.12495589256286621,lag_off=-5.0,confirmed=False
2026-04-24T17:26:47.675850,AUTOCORR_SAMPLE,Per-buffer autocorr result,freq=3401106227.106227,peak=0.12033930514007807,peak2=0.07129168603569269,lag_off=-4.0,confirmed=False
2026-04-24T17:26:47.676633,AUTOCORR_SAMPLE,Per-buffer autocorr result,freq=3401106227.106227,peak=0.04673212207853794,peak2=0.08465945906937122,lag_off=-2.0,confirmed=False
2026-04-24T17:26:47.679600,AUTOCORR_SAMPLE,Per-buffer autocorr result,freq=3401106227.106227,peak=0.021734343143180013,peak2=0.10108341765590012,lag_off=3.0,confirmed=False
2026-04-24T17:26:47.682104,AUTOCORR_SAMPLE,Per-buffer autocorr result,freq=3401106227.106227,peak=0.028056552167981863,peak2=0.02061298443004489,lag_off=-4.0,confirmed=False
2026-04-24T17:26:47.682937,AUTOCORR_SAMPLE,Per-buffer autocorr result,freq=3401106227.106227,peak=0.07682693749666214,peak2=0.11180592328310013,lag_off=6.0,confirmed=False
2026-04-24T17:26:47.688090,AUTOCORR_SAMPLE,Per-buffer autocorr result,freq=3401106227.106227,peak=0.09790616016834974,peak2=0.10230943839997053,lag_off=-1.0,confirmed=False
2026-04-24T17:26:47.689079,AUTOCORR_SAMPLE,Per-buffer autocorr result,freq=3401106227.106227,peak=0.08587794844061136,peak2=0.040819031186401844,lag_off=-6.0,confirmed=False
2026-04-24T17:26:47.693550,AUTOCORR_RESULT,autocorr classification,freq=3401106227.106227,votes=0,total=10,score=0.0,confirmed=False
2026-04-24T17:26:47.708092,AUTOCORR_SAMPLE,Per-buffer autocorr result,freq=3412954822.954823,peak=0.03180387686006725,peak2=0.03767965245060623,lag_off=1.0,confirmed=False
2026-04-24T17:26:47.708938,AUTOCORR_SAMPLE,Per-buffer autocorr result,freq=3412954822.954823,peak=0.17977771506411955,peak2=0.15597299084765837,lag_off=2.0,confirmed=False
2026-04-24T17:26:47.712148,AUTOCORR_SAMPLE,Per-buffer autocorr result,freq=3412954822.954823,peak=0.046672978438436985,peak2=0.02152093593031168,lag_off=1.0,confirmed=False
2026-04-24T17:26:47.714697,AUTOCORR_SAMPLE,Per-buffer autocorr result,freq=3412954822.954823,peak=0.040400195866823196,peak2=0.04301697388291359,lag_off=2.0,confirmed=False
2026-04-24T17:26:47.717329,AUTOCORR_SAMPLE,Per-buffer autocorr result,freq=3412954822.954823,peak=0.12610196981404442,peak2=0.08310782823537011,lag_off=2.0,confirmed=False
2026-04-24T17:26:47.718003,AUTOCORR_SAMPLE,Per-buffer autocorr result,freq=3412954822.954823,peak=0.025790371000766754,peak2=-0.09034095890820026,lag_off=5.0,confirmed=False
2026-04-24T17:26:47.720569,AUTOCORR_SAMPLE,Per-buffer autocorr result,freq=3412954822.954823,peak=0.06853744015097618,peak2=0.06683571264147758,lag_off=-2.0,confirmed=False
2026-04-24T17:26:47.721368,AUTOCORR_SAMPLE,Per-buffer autocorr result,freq=3412954822.954823,peak=0.048250069841742516,peak2=0.028503863140940666,lag_off=2.0,confirmed=False
2026-04-24T17:26:47.723751,AUTOCORR_SAMPLE,Per-buffer autocorr result,freq=3412954822.954823,peak=0.03066908218897879,peak2=0.044911574805155396,lag_off=6.0,confirmed=False
2026-04-24T17:26:47.724438,AUTOCORR_SAMPLE,Per-buffer autocorr result,freq=3412954822.954823,peak=0.04165575746446848,peak2=0.031228656880557537,lag_off=-2.0,confirmed=False
2026-04-24T17:26:47.726318,AUTOCORR_RESULT,autocorr classification,freq=3412954822.954823,votes=0,total=10,score=0.0,confirmed=False
2026-04-24T17:26:48.417028,AUTOCORR_SAMPLE,Per-buffer autocorr result,freq=3934029304.029304,peak=0.2925863675773144,peak2=0.009727216558530927,lag_off=-6.0,confirmed=False
2026-04-24T17:26:48.421241,AUTOCORR_SAMPLE,Per-buffer autocorr result,freq=3934029304.029304,peak=0.08602713560685515,peak2=0.07704255497083068,lag_off=3.0,confirmed=False
2026-04-24T17:26:48.424143,AUTOCORR_SAMPLE,Per-buffer autocorr result,freq=3934029304.029304,peak=0.053623726358637214,peak2=0.09234757511876523,lag_off=-6.0,confirmed=False
2026-04-24T17:26:48.427196,AUTOCORR_SAMPLE,Per-buffer autocorr result,freq=3934029304.029304,peak=0.0037982002831995487,peak2=0.09313755063340068,lag_off=-2.0,confirmed=False
2026-04-24T17:26:48.428065,AUTOCORR_SAMPLE,Per-buffer autocorr result,freq=3934029304.029304,peak=0.14925685804337263,peak2=0.06085664313286543,lag_off=6.0,confirmed=False
2026-04-24T17:26:48.430581,AUTOCORR_SAMPLE,Per-buffer autocorr result,freq=3934029304.029304,peak=0.03200066997669637,peak2=0.07759074657224119,lag_off=-6.0,confirmed=False
2026-04-24T17:26:48.431297,AUTOCORR_SAMPLE,Per-buffer autocorr result,freq=3934029304.029304,peak=0.09229067992419004,peak2=0.07189886923879385,lag_off=1.0,confirmed=False
2026-04-24T17:26:48.433713,AUTOCORR_SAMPLE,Per-buffer autocorr result,freq=3934029304.029304,peak=0.06356038805097342,peak2=0.08500086795538664,lag_off=-5.0,confirmed=False
2026-04-24T17:26:48.434658,AUTOCORR_SAMPLE,Per-buffer autocorr result,freq=3934029304.029304,peak=0.08243253384716809,peak2=0.06728454236872494,lag_off=0.0,confirmed=False
2026-04-24T17:26:48.438168,AUTOCORR_SAMPLE,Per-buffer autocorr result,freq=3934029304.029304,peak=-0.06997581571340561,peak2=-0.254194438457489,lag_off=-4.0,confirmed=False
2026-04-24T17:26:48.438322,AUTOCORR_RESULT,autocorr classification,freq=3934029304.029304,votes=0,total=10,score=0.0,confirmed=False
2026-04-24T17:26:48.766709,AUTOCORR_SAMPLE,Per-buffer autocorr result,freq=4194644688.6446886,peak=0.004314817488193512,peak2=-0.09593748301267624,lag_off=-5.0,confirmed=False
2026-04-24T17:26:48.769803,AUTOCORR_SAMPLE,Per-buffer autocorr result,freq=4194644688.6446886,peak=0.0955609055235982,peak2=0.0698166461661458,lag_off=-3.0,confirmed=False
2026-04-24T17:26:48.770990,AUTOCORR_SAMPLE,Per-buffer autocorr result,freq=4194644688.6446886,peak=0.0839998247101903,peak2=0.030951720662415028,lag_off=6.0,confirmed=False
2026-04-24T17:26:48.773521,AUTOCORR_SAMPLE,Per-buffer autocorr result,freq=4194644688.6446886,peak=0.05999350035563111,peak2=0.10917634004727006,lag_off=5.0,confirmed=False
2026-04-24T17:26:48.774109,AUTOCORR_SAMPLE,Per-buffer autocorr result,freq=4194644688.6446886,peak=0.03720071818679571,peak2=0.03666737023741007,lag_off=-3.0,confirmed=False
2026-04-24T17:26:48.774727,AUTOCORR_SAMPLE,Per-buffer autocorr result,freq=4194644688.6446886,peak=0.16611595544964075,peak2=0.09454937372356653,lag_off=-3.0,confirmed=False
2026-04-24T17:26:48.777825,AUTOCORR_SAMPLE,Per-buffer autocorr result,freq=4194644688.6446886,peak=0.027815378503873944,peak2=0.019901079358533025,lag_off=-5.0,confirmed=False
2026-04-24T17:26:48.778508,AUTOCORR_SAMPLE,Per-buffer autocorr result,freq=4194644688.6446886,peak=0.07915671728551388,peak2=0.07253946177661419,lag_off=-6.0,confirmed=False
2026-04-24T17:26:48.780943,AUTOCORR_SAMPLE,Per-buffer autocorr result,freq=4194644688.6446886,peak=0.032695500180125237,peak2=0.03851150535047054,lag_off=4.0,confirmed=False
2026-04-24T17:26:48.783654,AUTOCORR_SAMPLE,Per-buffer autocorr result,freq=4194644688.6446886,peak=0.06619510892778635,peak2=0.033333818428218365,lag_off=1.0,confirmed=False
2026-04-24T17:26:48.783740,AUTOCORR_RESULT,autocorr classification,freq=4194644688.6446886,votes=0,total=10,score=0.0,confirmed=False
2026-04-24T17:26:49.805130,AUTOCORR_SAMPLE,Per-buffer autocorr result,freq=4987098901.098901,peak=0.011203206144273281,peak2=0.07162216026335955,lag_off=3.0,confirmed=False
2026-04-24T17:26:49.809103,AUTOCORR_SAMPLE,Per-buffer autocorr result,freq=4987098901.098901,peak=0.1260395310819149,peak2=0.09196267649531364,lag_off=2.0,confirmed=False
2026-04-24T17:26:49.810123,AUTOCORR_SAMPLE,Per-buffer autocorr result,freq=4987098901.098901,peak=0.15903085505124182,peak2=0.06423213367816061,lag_off=3.0,confirmed=False
2026-04-24T17:26:49.814502,AUTOCORR_SAMPLE,Per-buffer autocorr result,freq=4987098901.098901,peak=0.03952299803495407,peak2=-0.008645989000797272,lag_off=3.0,confirmed=False
2026-04-24T17:26:49.819964,AUTOCORR_SAMPLE,Per-buffer autocorr result,freq=4987098901.098901,peak=0.06514412071555853,peak2=0.0703806122764945,lag_off=5.0,confirmed=False
2026-04-24T17:26:49.820768,AUTOCORR_SAMPLE,Per-buffer autocorr result,freq=4987098901.098901,peak=0.0664111846126616,peak2=0.10059496993198991,lag_off=-4.0,confirmed=False
2026-04-24T17:26:49.827199,AUTOCORR_SAMPLE,Per-buffer autocorr result,freq=4987098901.098901,peak=0.030419371090829372,peak2=-0.005093379877507687,lag_off=2.0,confirmed=False
2026-04-24T17:26:49.833478,AUTOCORR_SAMPLE,Per-buffer autocorr result,freq=4987098901.098901,peak=0.05740866530686617,peak2=0.03969003725796938,lag_off=2.0,confirmed=False
2026-04-24T17:26:49.839210,AUTOCORR_SAMPLE,Per-buffer autocorr result,freq=4987098901.098901,peak=0.12707730941474438,peak2=0.12902638874948025,lag_off=-4.0,confirmed=False
2026-04-24T17:26:49.850038,AUTOCORR_SAMPLE,Per-buffer autocorr result,freq=4987098901.098901,peak=0.06102168466895819,peak2=0.05318096932023764,lag_off=-2.0,confirmed=False
2026-04-24T17:26:49.850231,AUTOCORR_RESULT,autocorr classification,freq=4987098901.098901,votes=0,total=10,score=0.0,confirmed=False
2026-04-24T17:26:49.931404,AUTOCORR_SAMPLE,Per-buffer autocorr result,freq=5005479853.479853,peak=0.1260395310819149,peak2=0.09196267649531364,lag_off=2.0,confirmed=False
2026-04-24T17:26:49.932203,AUTOCORR_SAMPLE,Per-buffer autocorr result,freq=5005479853.479853,peak=0.24011120572686195,peak2=0.1335350014269352,lag_off=-1.0,confirmed=False
2026-04-24T17:26:49.936371,AUTOCORR_SAMPLE,Per-buffer autocorr result,freq=5005479853.479853,peak=0.06370817497372627,peak2=-0.028810973279178143,lag_off=2.0,confirmed=False
2026-04-24T17:26:49.940273,AUTOCORR_SAMPLE,Per-buffer autocorr result,freq=5005479853.479853,peak=0.11126380925998092,peak2=0.02238542539998889,lag_off=-1.0,confirmed=False
2026-04-24T17:26:49.941011,AUTOCORR_SAMPLE,Per-buffer autocorr result,freq=5005479853.479853,peak=0.09224509226623923,peak2=0.05169608595315367,lag_off=2.0,confirmed=False
2026-04-24T17:26:49.945293,AUTOCORR_SAMPLE,Per-buffer autocorr result,freq=5005479853.479853,peak=0.05100329965353012,peak2=0.10372386500239372,lag_off=6.0,confirmed=False
2026-04-24T17:26:49.949136,AUTOCORR_SAMPLE,Per-buffer autocorr result,freq=5005479853.479853,peak=0.08614141819998622,peak2=0.05606822622939944,lag_off=1.0,confirmed=False
2026-04-24T17:26:49.950065,AUTOCORR_SAMPLE,Per-buffer autocorr result,freq=5005479853.479853,peak=0.1195023194886744,peak2=0.10200302163138986,lag_off=-2.0,confirmed=False
2026-04-24T17:26:49.953957,AUTOCORR_SAMPLE,Per-buffer autocorr result,freq=5005479853.479853,peak=-0.033690840005874634,peak2=-0.22018996626138687,lag_off=-2.0,confirmed=False
2026-04-24T17:26:49.957485,AUTOCORR_SAMPLE,Per-buffer autocorr result,freq=5005479853.479853,peak=0.2196331899613142,peak2=0.10645910166203976,lag_off=2.0,confirmed=False
2026-04-24T17:26:49.957603,AUTOCORR_RESULT,autocorr classification,freq=5005479853.479853,votes=0,total=10,score=0.0,confirmed=False
2026-04-24T17:26:49.975392,AUTOCORR_SAMPLE,Per-buffer autocorr result,freq=5024810744.810745,peak=0.09224509226623923,peak2=0.05169608595315367,lag_off=2.0,confirmed=False
2026-04-24T17:26:49.978259,AUTOCORR_SAMPLE,Per-buffer autocorr result,freq=5024810744.810745,peak=0.0947917914018035,peak2=0.09229864832013845,lag_off=2.0,confirmed=False
2026-04-24T17:26:49.980894,AUTOCORR_SAMPLE,Per-buffer autocorr result,freq=5024810744.810745,peak=0.195917010307312,peak2=0.05613162741065025,lag_off=-2.0,confirmed=False
2026-04-24T17:26:49.983774,AUTOCORR_SAMPLE,Per-buffer autocorr result,freq=5024810744.810745,peak=0.028128493577241898,peak2=0.01612307643517852,lag_off=-1.0,confirmed=False
2026-04-24T17:26:49.984540,AUTOCORR_SAMPLE,Per-buffer autocorr result,freq=5024810744.810745,peak=0.0825653166975826,peak2=0.023929100250825286,lag_off=1.0,confirmed=False
2026-04-24T17:26:49.987238,AUTOCORR_SAMPLE,Per-buffer autocorr result,freq=5024810744.810745,peak=0.18523217202164233,peak2=0.0894690549466759,lag_off=-5.0,confirmed=False
2026-04-24T17:26:49.987801,AUTOCORR_SAMPLE,Per-buffer autocorr result,freq=5024810744.810745,peak=0.03280565328896046,peak2=0.04406634904444218,lag_off=4.0,confirmed=False
2026-04-24T17:26:49.990877,AUTOCORR_SAMPLE,Per-buffer autocorr result,freq=5024810744.810745,peak=0.14156080782413483,peak2=0.15499572455883026,lag_off=-3.0,confirmed=False
2026-04-24T17:26:49.991713,AUTOCORR_SAMPLE,Per-buffer autocorr result,freq=5024810744.810745,peak=0.09759573685005307,peak2=0.05936003150418401,lag_off=2.0,confirmed=False
2026-04-24T17:26:49.992409,AUTOCORR_SAMPLE,Per-buffer autocorr result,freq=5024810744.810745,peak=0.1300746508059092,peak2=0.038986564439255744,lag_off=-3.0,confirmed=False
2026-04-24T17:26:49.996422,AUTOCORR_RESULT,autocorr classification,freq=5024810744.810745,votes=0,total=10,score=0.0,confirmed=False
2026-04-24T17:26:50.021988,AUTOCORR_SAMPLE,Per-buffer autocorr result,freq=5036783882.783883,peak=0.195917010307312,peak2=0.05613162741065025,lag_off=-2.0,confirmed=False
2026-04-24T17:26:50.025323,AUTOCORR_SAMPLE,Per-buffer autocorr result,freq=5036783882.783883,peak=0.07052741199731827,peak2=0.08582636713981628,lag_off=3.0,confirmed=False
2026-04-24T17:26:50.028961,AUTOCORR_SAMPLE,Per-buffer autocorr result,freq=5036783882.783883,peak=0.07704498898237944,peak2=0.0857389522716403,lag_off=-5.0,confirmed=False
2026-04-24T17:26:50.029778,AUTOCORR_SAMPLE,Per-buffer autocorr result,freq=5036783882.783883,peak=0.04338065022602677,peak2=0.06124429265037179,lag_off=6.0,confirmed=False
2026-04-24T17:26:50.033482,AUTOCORR_SAMPLE,Per-buffer autocorr result,freq=5036783882.783883,peak=0.03159116767346859,peak2=0.04717726446688175,lag_off=2.0,confirmed=False
2026-04-24T17:26:50.034472,AUTOCORR_SAMPLE,Per-buffer autocorr result,freq=5036783882.783883,peak=0.0190267413854599,peak2=0.02189534530043602,lag_off=6.0,confirmed=False
2026-04-24T17:26:50.039207,AUTOCORR_SAMPLE,Per-buffer autocorr result,freq=5036783882.783883,peak=0.08269328810274601,peak2=0.06874782778322697,lag_off=1.0,confirmed=False
2026-04-24T17:26:50.044389,AUTOCORR_SAMPLE,Per-buffer autocorr result,freq=5036783882.783883,peak=0.027036052313633263,peak2=0.06101858813781291,lag_off=-2.0,confirmed=False
2026-04-24T17:26:50.045262,AUTOCORR_SAMPLE,Per-buffer autocorr result,freq=5036783882.783883,peak=0.05933507904410362,peak2=0.06657339259982109,lag_off=-1.0,confirmed=False
2026-04-24T17:26:50.051959,AUTOCORR_SAMPLE,Per-buffer autocorr result,freq=5036783882.783883,peak=0.03658294305205345,peak2=-0.012866111472249031,lag_off=-6.0,confirmed=False
2026-04-24T17:26:50.052031,AUTOCORR_RESULT,autocorr classification,freq=5036783882.783883,votes=0,total=10,score=0.0,confirmed=False
2026-04-24T17:26:50.095264,AUTOCORR_SAMPLE,Per-buffer autocorr result,freq=5054703296.703297,peak=0.07052741199731827,peak2=0.08582636713981628,lag_off=3.0,confirmed=False
2026-04-24T17:26:50.098269,AUTOCORR_SAMPLE,Per-buffer autocorr result,freq=5054703296.703297,peak=0.09604323329403996,peak2=0.07083626510575414,lag_off=0.0,confirmed=False
2026-04-24T17:26:50.099299,AUTOCORR_SAMPLE,Per-buffer autocorr result,freq=5054703296.703297,peak=0.23160978965461254,peak2=0.09835675172507763,lag_off=-4.0,confirmed=False
2026-04-24T17:26:50.105461,AUTOCORR_SAMPLE,Per-buffer autocorr result,freq=5054703296.703297,peak=0.12392929941415787,peak2=0.03413612022995949,lag_off=-2.0,confirmed=False
2026-04-24T17:26:50.106250,AUTOCORR_SAMPLE,Per-buffer autocorr result,freq=5054703296.703297,peak=0.15403645392507315,peak2=0.056307642720639706,lag_off=0.0,confirmed=False
2026-04-24T17:26:50.106852,AUTOCORR_SAMPLE,Per-buffer autocorr result,freq=5054703296.703297,peak=0.047559984028339386,peak2=-0.05021290108561516,lag_off=-3.0,confirmed=False
2026-04-24T17:26:50.109821,AUTOCORR_SAMPLE,Per-buffer autocorr result,freq=5054703296.703297,peak=0.11836849059909582,peak2=0.050134903751313686,lag_off=1.0,confirmed=False
2026-04-24T17:26:50.110721,AUTOCORR_SAMPLE,Per-buffer autocorr result,freq=5054703296.703297,peak=-0.013010061345994473,peak2=-0.01831434015184641,lag_off=1.0,confirmed=False
2026-04-24T17:26:50.114187,AUTOCORR_SAMPLE,Per-buffer autocorr result,freq=5054703296.703297,peak=0.11260140128433704,peak2=0.1178895328193903,lag_off=6.0,confirmed=False
2026-04-24T17:26:50.114831,AUTOCORR_SAMPLE,Per-buffer autocorr result,freq=5054703296.703297,peak=0.05368400551378727,peak2=0.034088993445038795,lag_off=-2.0,confirmed=False
2026-04-24T17:26:50.114984,AUTOCORR_RESULT,autocorr classification,freq=5054703296.703297,votes=0,total=10,score=0.0,confirmed=False
2026-04-24T17:26:50.148477,AUTOCORR_SAMPLE,Per-buffer autocorr result,freq=5073584859.58486,peak=0.23160978965461254,peak2=0.09835675172507763,lag_off=-4.0,confirmed=False
2026-04-24T17:26:50.151549,AUTOCORR_SAMPLE,Per-buffer autocorr result,freq=5073584859.58486,peak=0.15074265282601118,peak2=0.07120254915207624,lag_off=0.0,confirmed=False
2026-04-24T17:26:50.152427,AUTOCORR_SAMPLE,Per-buffer autocorr result,freq=5073584859.58486,peak=0.018174942582845688,peak2=0.06588680669665337,lag_off=4.0,confirmed=False
2026-04-24T17:26:50.155268,AUTOCORR_SAMPLE,Per-buffer autocorr result,freq=5073584859.58486,peak=0.09364654682576656,peak2=0.0908124353736639,lag_off=-3.0,confirmed=False
2026-04-24T17:26:50.158122,AUTOCORR_SAMPLE,Per-buffer autocorr result,freq=5073584859.58486,peak=0.12780176755040884,peak2=0.09797900076955557,lag_off=4.0,confirmed=False
2026-04-24T17:26:50.158908,AUTOCORR_SAMPLE,Per-buffer autocorr result,freq=5073584859.58486,peak=0.016202475875616074,peak2=0.01867641881108284,lag_off=0.0,confirmed=False
2026-04-24T17:26:50.161635,AUTOCORR_SAMPLE,Per-buffer autocorr result,freq=5073584859.58486,peak=0.0349561357870698,peak2=0.08375236857682467,lag_off=-4.0,confirmed=False
2026-04-24T17:26:50.164208,AUTOCORR_SAMPLE,Per-buffer autocorr result,freq=5073584859.58486,peak=0.07963370066136122,peak2=0.0912820203229785,lag_off=1.0,confirmed=False
2026-04-24T17:26:50.164908,AUTOCORR_SAMPLE,Per-buffer autocorr result,freq=5073584859.58486,peak=0.047772558871656656,peak2=0.10407008836045861,lag_off=-4.0,confirmed=False
2026-04-24T17:26:50.167695,AUTOCORR_SAMPLE,Per-buffer autocorr result,freq=5073584859.58486,peak=0.1260236082598567,peak2=0.07240055035799742,lag_off=0.0,confirmed=False
2026-04-24T17:26:50.167778,AUTOCORR_RESULT,autocorr classification,freq=5073584859.58486,votes=0,total=10,score=0.0,confirmed=False
2026-04-24T17:26:51.147338,AUTOCORR_SAMPLE,Per-buffer autocorr result,freq=5839091575.091576,peak=0.15725670056417584,peak2=0.065529674757272,lag_off=-3.0,confirmed=False
2026-04-24T17:26:51.150893,AUTOCORR_SAMPLE,Per-buffer autocorr result,freq=5839091575.091576,peak=0.057271390222013,peak2=0.11905075516551733,lag_off=3.0,confirmed=False
2026-04-24T17:26:51.151664,AUTOCORR_SAMPLE,Per-buffer autocorr result,freq=5839091575.091576,peak=0.2551038572564721,peak2=0.09342129621654749,lag_off=-5.0,confirmed=False
2026-04-24T17:26:51.155399,AUTOCORR_SAMPLE,Per-buffer autocorr result,freq=5839091575.091576,peak=0.10336013277992606,peak2=0.12175788125023246,lag_off=-6.0,confirmed=False
2026-04-24T17:26:51.158028,AUTOCORR_SAMPLE,Per-buffer autocorr result,freq=5839091575.091576,peak=0.09478020668029785,peak2=0.12424014508724213,lag_off=2.0,confirmed=False
2026-04-24T17:26:51.158973,AUTOCORR_SAMPLE,Per-buffer autocorr result,freq=5839091575.091576,peak=0.058776567690074444,peak2=0.05169689189642668,lag_off=-6.0,confirmed=False
2026-04-24T17:26:51.161755,AUTOCORR_SAMPLE,Per-buffer autocorr result,freq=5839091575.091576,peak=0.12345745181664824,peak2=0.12982632732018828,lag_off=-2.0,confirmed=False
2026-04-24T17:26:51.164428,AUTOCORR_SAMPLE,Per-buffer autocorr result,freq=5839091575.091576,peak=0.1301711278501898,peak2=0.10273426049388945,lag_off=-2.0,confirmed=False
2026-04-24T17:26:51.165315,AUTOCORR_SAMPLE,Per-buffer autocorr result,freq=5839091575.091576,peak=0.09187017939984798,peak2=0.11614811979234219,lag_off=2.0,confirmed=False
2026-04-24T17:26:51.168062,AUTOCORR_SAMPLE,Per-buffer autocorr result,freq=5839091575.091576,peak=0.11124681169167161,peak2=0.06765505159273744,lag_off=-3.0,confirmed=False
2026-04-24T17:26:51.168189,AUTOCORR_RESULT,autocorr classification,freq=5839091575.091576,votes=0,total=10,score=0.0,confirmed=False
2026-04-24T17:26:51.180110,AUTOCORR_SAMPLE,Per-buffer autocorr result,freq=5859098901.098901,peak=0.057271390222013,peak2=0.11905075516551733,lag_off=3.0,confirmed=False
2026-04-24T17:26:51.182693,AUTOCORR_SAMPLE,Per-buffer autocorr result,freq=5859098901.098901,peak=0.03660422004759312,peak2=0.0409370306879282,lag_off=-6.0,confirmed=False
2026-04-24T17:26:51.183484,AUTOCORR_SAMPLE,Per-buffer autocorr result,freq=5859098901.098901,peak=0.10721264989115298,peak2=0.04531408310867846,lag_off=3.0,confirmed=False
2026-04-24T17:26:51.186008,AUTOCORR_SAMPLE,Per-buffer autocorr result,freq=5859098901.098901,peak=0.07407487509772182,peak2=0.061703968327492476,lag_off=-6.0,confirmed=False
2026-04-24T17:26:51.186667,AUTOCORR_SAMPLE,Per-buffer autocorr result,freq=5859098901.098901,peak=0.08691704634111375,peak2=0.04219161334913224,lag_off=-5.0,confirmed=False
2026-04-24T17:26:51.189159,AUTOCORR_SAMPLE,Per-buffer autocorr result,freq=5859098901.098901,peak=0.10527726635336876,peak2=0.08585013076663017,lag_off=4.0,confirmed=False
2026-04-24T17:26:51.191531,AUTOCORR_SAMPLE,Per-buffer autocorr result,freq=5859098901.098901,peak=0.05949038453400135,peak2=0.03665606491267681,lag_off=-4.0,confirmed=False
2026-04-24T17:26:51.192337,AUTOCORR_SAMPLE,Per-buffer autocorr result,freq=5859098901.098901,peak=0.038745116093195975,peak2=0.011452249833382666,lag_off=-5.0,confirmed=False
2026-04-24T17:26:51.194722,AUTOCORR_SAMPLE,Per-buffer autocorr result,freq=5859098901.098901,peak=0.01895334175787866,peak2=0.10535698919557035,lag_off=5.0,confirmed=False
2026-04-24T17:26:51.197526,AUTOCORR_SAMPLE,Per-buffer autocorr result,freq=5859098901.098901,peak=0.03269016928970814,peak2=0.03514092601835728,lag_off=-4.0,confirmed=False
2026-04-24T17:26:51.197653,AUTOCORR_RESULT,autocorr classification,freq=5859098901.098901,votes=0,total=10,score=0.0,confirmed=False
