2026-04-24T17:15:04.550826,CYCLO_SAMPLE,Cyclo classification sample,freq=98525030.52503052,ratios=[0.745, 0.757, 1.284, 2.181],threshold=2.3,score=0,harmonics_above=0,max_spread_db=4.6
2026-04-24T17:15:04.551634,CYCLO_SAMPLE,Cyclo classification sample,freq=98525030.52503052,ratios=[2.038, 2.385, 1.472, 1.448],threshold=2.3,score=2.385216586860888,harmonics_above=1,max_spread_db=4.19
2026-04-24T17:15:04.552253,CYCLO_SAMPLE,Cyclo classification sample,freq=98525030.52503052,ratios=[0.825, 1.594, 0.629, 1.412],threshold=2.3,score=0,harmonics_above=0,max_spread_db=8.07
2026-04-24T17:15:04.552897,CYCLO_SAMPLE,Cyclo classification sample,freq=98525030.52503052,ratios=[0.868, 0.894, 0.302, 1.418],threshold=2.3,score=0,harmonics_above=0,max_spread_db=13.43
2026-04-24T17:15:04.556020,CYCLO_SAMPLE,Cyclo classification sample,freq=98525030.52503052,ratios=[1.777, 1.187, 0.706, 1.333],threshold=2.3,score=0,harmonics_above=0,max_spread_db=5.51
2026-04-24T17:15:04.559049,CYCLO_SAMPLE,Cyclo classification sample,freq=98525030.52503052,ratios=[0.516, 0.71, 0.527, 1.202],threshold=2.3,score=0,harmonics_above=0,max_spread_db=7.16
2026-04-24T17:15:04.559880,CYCLO_SAMPLE,Cyclo classification sample,freq=98525030.52503052,ratios=[0.411, 1.467, 1.694, 1.726],threshold=2.3,score=0,harmonics_above=0,max_spread_db=11.05
2026-04-24T17:15:04.563186,CYCLO_SAMPLE,Cyclo classification sample,freq=98525030.52503052,ratios=[0.841, 1.35, 0.435, 1.955],threshold=2.3,score=0,harmonics_above=0,max_spread_db=13.06
2026-04-24T17:15:04.566860,CYCLO_SAMPLE,Cyclo classification sample,freq=98525030.52503052,ratios=[2.137, 0.727, 1.076, 0.559],threshold=2.3,score=0,harmonics_above=0,max_spread_db=9.36
2026-04-24T17:15:04.567651,CYCLO_SAMPLE,Cyclo classification sample,freq=98525030.52503052,ratios=[1.035, 1.588, 0.847, 1.886],threshold=2.3,score=0,harmonics_above=0,max_spread_db=6.96
2026-04-24T17:15:04.567735,CYCLO_RESULT,Cyclo classification result,res=False,freq=98525030.52503052,votes=0,required=5
2026-04-24T17:15:04.617657,CYCLO_SAMPLE,Cyclo classification sample,freq=145824175.82417583,ratios=[0.638, 1.016, 0.311, 1.17],threshold=2.3,score=0,harmonics_above=0,max_spread_db=11.51
2026-04-24T17:15:04.620860,CYCLO_SAMPLE,Cyclo classification sample,freq=145824175.82417583,ratios=[1.534, 0.392, 1.76, 0.489],threshold=2.3,score=0,harmonics_above=0,max_spread_db=13.04
2026-04-24T17:15:04.621722,CYCLO_SAMPLE,Cyclo classification sample,freq=145824175.82417583,ratios=[1.503, 1.428, 0.427, 0.977],threshold=2.3,score=0,harmonics_above=0,max_spread_db=10.48
2026-04-24T17:15:04.628049,CYCLO_SAMPLE,Cyclo classification sample,freq=145824175.82417583,ratios=[0.495, 1.025, 1.616, 1.285],threshold=2.3,score=0,harmonics_above=0,max_spread_db=6.32
2026-04-24T17:15:04.629157,CYCLO_SAMPLE,Cyclo classification sample,freq=145824175.82417583,ratios=[0.558, 1.505, 0.476, 1.095],threshold=2.3,score=0,harmonics_above=0,max_spread_db=10.0
2026-04-24T17:15:04.633025,CYCLO_SAMPLE,Cyclo classification sample,freq=145824175.82417583,ratios=[0.18, 1.03, 1.018, 1.942],threshold=2.3,score=0,harmonics_above=0,max_spread_db=15.16
2026-04-24T17:15:04.633823,CYCLO_SAMPLE,Cyclo classification sample,freq=145824175.82417583,ratios=[0.727, 0.603, 0.84, 0.125],threshold=2.3,score=0,harmonics_above=0,max_spread_db=16.54
2026-04-24T17:15:04.637869,CYCLO_SAMPLE,Cyclo classification sample,freq=145824175.82417583,ratios=[0.591, 1.74, 0.773, 1.933],threshold=2.3,score=0,harmonics_above=0,max_spread_db=9.38
2026-04-24T17:15:04.642108,CYCLO_SAMPLE,Cyclo classification sample,freq=145824175.82417583,ratios=[1.272, 1.046, 1.213, 1.689],threshold=2.3,score=0,harmonics_above=0,max_spread_db=2.87
2026-04-24T17:15:04.646319,CYCLO_SAMPLE,Cyclo classification sample,freq=145824175.82417583,ratios=[2.069, 1.19, 0.967, 0.464],threshold=2.3,score=0,harmonics_above=0,max_spread_db=6.37
2026-04-24T17:15:04.646401,CYCLO_RESULT,Cyclo classification result,res=False,freq=145824175.82417583,votes=0,required=5
2026-04-24T17:15:04.654067,CYCLO_SAMPLE,Cyclo classification sample,freq=160732600.73260075,ratios=[1.534, 0.392, 1.76, 0.489],threshold=2.3,score=0,harmonics_above=0,max_spread_db=13.04
2026-04-24T17:15:04.657046,CYCLO_SAMPLE,Cyclo classification sample,freq=160732600.73260075,ratios=[1.162, 1.14, 1.2, 1.061],threshold=2.3,score=0,harmonics_above=0,max_spread_db=1.07
2026-04-24T17:15:04.660157,CYCLO_SAMPLE,Cyclo classification sample,freq=160732600.73260075,ratios=[0.211, 1.263, 1.201, 0.843],threshold=2.3,score=0,harmonics_above=0,max_spread_db=15.55
2026-04-24T17:15:04.660796,CYCLO_SAMPLE,Cyclo classification sample,freq=160732600.73260075,ratios=[0.671, 0.957, 0.902, 0.734],threshold=2.3,score=0,harmonics_above=0,max_spread_db=3.08
2026-04-24T17:15:04.661475,CYCLO_SAMPLE,Cyclo classification sample,freq=160732600.73260075,ratios=[0.729, 1.223, 1.563, 1.153],threshold=2.3,score=0,harmonics_above=0,max_spread_db=4.5
2026-04-24T17:15:04.664894,CYCLO_SAMPLE,Cyclo classification sample,freq=160732600.73260075,ratios=[0.772, 0.168, 0.556, 1.482],threshold=2.3,score=0,harmonics_above=0,max_spread_db=13.26
2026-04-24T17:15:04.668806,CYCLO_SAMPLE,Cyclo classification sample,freq=160732600.73260075,ratios=[1.106, 1.082, 0.567, 1.539],threshold=2.3,score=0,harmonics_above=0,max_spread_db=8.67
2026-04-24T17:15:04.669834,CYCLO_SAMPLE,Cyclo classification sample,freq=160732600.73260075,ratios=[0.386, 1.927, 0.77, 0.046],threshold=2.3,score=0,harmonics_above=0,max_spread_db=24.54
2026-04-24T17:15:04.674395,CYCLO_SAMPLE,Cyclo classification sample,freq=160732600.73260075,ratios=[1.743, 0.922, 1.877, 2.3],threshold=2.3,score=2.3001544650899093,harmonics_above=1,max_spread_db=6.18
2026-04-24T17:15:04.679029,CYCLO_SAMPLE,Cyclo classification sample,freq=160732600.73260075,ratios=[0.611, 1.238, 0.903, 2.704],threshold=2.3,score=2.704058394944029,harmonics_above=1,max_spread_db=9.53
2026-04-24T17:15:04.679162,CYCLO_RESULT,Cyclo classification result,res=False,freq=160732600.73260075,votes=0,required=5
2026-04-24T17:15:04.733047,CYCLO_SAMPLE,Cyclo classification sample,freq=196686202.68620268,ratios=[0.178, 0.629, 2.031, 0.364],threshold=2.3,score=0,harmonics_above=0,max_spread_db=14.93
2026-04-24T17:15:04.735808,CYCLO_SAMPLE,Cyclo classification sample,freq=196686202.68620268,ratios=[1.352, 2.363, 0.962, 1.049],threshold=2.3,score=2.36346265420831,harmonics_above=1,max_spread_db=7.81
2026-04-24T17:15:04.738651,CYCLO_SAMPLE,Cyclo classification sample,freq=196686202.68620268,ratios=[0.737, 2.145, 2.069, 0.443],threshold=2.3,score=0,harmonics_above=0,max_spread_db=13.39
2026-04-24T17:15:04.739565,CYCLO_SAMPLE,Cyclo classification sample,freq=196686202.68620268,ratios=[2.089, 1.297, 2.5, 0.518],threshold=2.3,score=2.500033851867225,harmonics_above=1,max_spread_db=13.67
2026-04-24T17:15:04.742320,CYCLO_SAMPLE,Cyclo classification sample,freq=196686202.68620268,ratios=[2.608, 4.016, 1.622, 1.276],threshold=2.3,score=6.623898491940002,harmonics_above=2,max_spread_db=7.87
2026-04-24T17:15:04.745316,CYCLO_SAMPLE,Cyclo classification sample,freq=196686202.68620268,ratios=[2.758, 3.645, 1.934, 1.649],threshold=2.3,score=6.402812367518063,harmonics_above=2,max_spread_db=5.51
2026-04-24T17:15:04.745989,CYCLO_SAMPLE,Cyclo classification sample,freq=196686202.68620268,ratios=[1.043, 2.008, 0.652, 1.086],threshold=2.3,score=0,harmonics_above=0,max_spread_db=9.77
2026-04-24T17:15:04.749095,CYCLO_SAMPLE,Cyclo classification sample,freq=196686202.68620268,ratios=[3.301, 2.567, 1.596, 0.788],threshold=2.3,score=5.867176048211584,harmonics_above=2,max_spread_db=6.13
2026-04-24T17:15:04.753139,CYCLO_SAMPLE,Cyclo classification sample,freq=196686202.68620268,ratios=[1.846, 1.44, 0.679, 1.677],threshold=2.3,score=0,harmonics_above=0,max_spread_db=7.85
2026-04-24T17:15:04.757776,CYCLO_SAMPLE,Cyclo classification sample,freq=196686202.68620268,ratios=[2.387, 0.569, 2.005, 0.457],threshold=2.3,score=2.3866158371318638,harmonics_above=1,max_spread_db=12.85
2026-04-24T17:15:04.757895,CYCLO_RESULT,Cyclo classification result,res=False,freq=196686202.68620268,votes=0,required=5
2026-04-24T17:15:04.778258,CYCLO_SAMPLE,Cyclo classification sample,freq=226615384.6153846,ratios=[1.352, 2.363, 0.962, 1.049],threshold=2.3,score=2.36346265420831,harmonics_above=1,max_spread_db=7.81
2026-04-24T17:15:04.781796,CYCLO_SAMPLE,Cyclo classification sample,freq=226615384.6153846,ratios=[2.59, 2.539, 0.903, 0.987],threshold=2.3,score=5.129016924368721,harmonics_above=2,max_spread_db=8.98
2026-04-24T17:15:04.782510,CYCLO_SAMPLE,Cyclo classification sample,freq=226615384.6153846,ratios=[1.657, 0.801, 0.729, 1.395],threshold=2.3,score=0,harmonics_above=0,max_spread_db=6.31
2026-04-24T17:15:04.786147,CYCLO_SAMPLE,Cyclo classification sample,freq=226615384.6153846,ratios=[0.893, 1.58, 1.358, 1.023],threshold=2.3,score=0,harmonics_above=0,max_spread_db=4.95
2026-04-24T17:15:04.790697,CYCLO_SAMPLE,Cyclo classification sample,freq=226615384.6153846,ratios=[1.576, 0.466, 2.277, 1.158],threshold=2.3,score=0,harmonics_above=0,max_spread_db=13.79
2026-04-24T17:15:04.795892,CYCLO_SAMPLE,Cyclo classification sample,freq=226615384.6153846,ratios=[1.84, 0.542, 1.02, 0.364],threshold=2.3,score=0,harmonics_above=0,max_spread_db=10.61
2026-04-24T17:15:04.801715,CYCLO_SAMPLE,Cyclo classification sample,freq=226615384.6153846,ratios=[1.152, 1.436, 2.229, 2.352],threshold=2.3,score=2.351800927713757,harmonics_above=1,max_spread_db=3.82
2026-04-24T17:15:04.808060,CYCLO_SAMPLE,Cyclo classification sample,freq=226615384.6153846,ratios=[1.11, 0.474, 0.267, 0.558],threshold=2.3,score=0,harmonics_above=0,max_spread_db=7.39
2026-04-24T17:15:04.816349,CYCLO_SAMPLE,Cyclo classification sample,freq=226615384.6153846,ratios=[2.217, 1.602, 0.832, 1.254],threshold=2.3,score=0,harmonics_above=0,max_spread_db=5.69
2026-04-24T17:15:04.835081,CYCLO_SAMPLE,Cyclo classification sample,freq=226615384.6153846,ratios=[0.679, 2.456, 0.715, 1.498],threshold=2.3,score=2.4563576497187696,harmonics_above=1,max_spread_db=11.17
2026-04-24T17:15:04.835268,CYCLO_RESULT,Cyclo classification result,res=False,freq=226615384.6153846,votes=0,required=5
2026-04-24T17:15:04.848248,CYCLO_SAMPLE,Cyclo classification sample,freq=247172161.17216116,ratios=[2.59, 2.539, 0.903, 0.987],threshold=2.3,score=5.129016924368721,harmonics_above=2,max_spread_db=8.98
2026-04-24T17:15:04.851316,CYCLO_SAMPLE,Cyclo classification sample,freq=247172161.17216116,ratios=[3.195, 0.499, 2.542, 2.205],threshold=2.3,score=5.7376538680910985,harmonics_above=2,max_spread_db=16.13
2026-04-24T17:15:04.854479,CYCLO_SAMPLE,Cyclo classification sample,freq=247172161.17216116,ratios=[4.966, 3.701, 1.274, 0.297],threshold=2.3,score=8.666369341837923,harmonics_above=2,max_spread_db=12.64
2026-04-24T17:15:04.857694,CYCLO_SAMPLE,Cyclo classification sample,freq=247172161.17216116,ratios=[2.522, 1.266, 0.808, 0.27],threshold=2.3,score=2.521804430744529,harmonics_above=1,max_spread_db=9.52
2026-04-24T17:15:04.860659,CYCLO_SAMPLE,Cyclo classification sample,freq=247172161.17216116,ratios=[6.437, 3.074, 2.582, 0.579],threshold=2.3,score=12.093330289602811,harmonics_above=3,max_spread_db=12.99
2026-04-24T17:15:04.863839,CYCLO_SAMPLE,Cyclo classification sample,freq=247172161.17216116,ratios=[1.438, 2.348, 2.143, 0.529],threshold=2.3,score=2.3483315707715775,harmonics_above=1,max_spread_db=12.16
2026-04-24T17:15:04.864598,CYCLO_SAMPLE,Cyclo classification sample,freq=247172161.17216116,ratios=[2.064, 5.645, 1.416, 1.751],threshold=2.3,score=5.644565839778183,harmonics_above=1,max_spread_db=12.01
2026-04-24T17:15:04.867543,CYCLO_SAMPLE,Cyclo classification sample,freq=247172161.17216116,ratios=[3.044, 1.727, 2.942, 2.211],threshold=2.3,score=5.9862160082871805,harmonics_above=2,max_spread_db=4.92
2026-04-24T17:15:04.870645,CYCLO_SAMPLE,Cyclo classification sample,freq=247172161.17216116,ratios=[1.255, 1.39, 2.657, 0.425],threshold=2.3,score=2.657369661326182,harmonics_above=1,max_spread_db=15.92
2026-04-24T17:15:04.871708,CYCLO_SAMPLE,Cyclo classification sample,freq=247172161.17216116,ratios=[3.724, 3.274, 2.34, 0.473],threshold=2.3,score=9.338593173750862,harmonics_above=3,max_spread_db=13.89
2026-04-24T17:15:04.871856,CYCLO_RESULT,Cyclo classification result,res=False,freq=247172161.17216116,votes=0,required=5
2026-04-24T17:15:04.949144,CYCLO_SAMPLE,Cyclo classification sample,freq=293824175.82417583,ratios=[2.262, 2.055, 0.578, 0.467],threshold=2.3,score=0,harmonics_above=0,max_spread_db=11.02
2026-04-24T17:15:04.949904,CYCLO_SAMPLE,Cyclo classification sample,freq=293824175.82417583,ratios=[0.714, 1.501, 0.967, 0.98],threshold=2.3,score=0,harmonics_above=0,max_spread_db=6.46
2026-04-24T17:15:04.952962,CYCLO_SAMPLE,Cyclo classification sample,freq=293824175.82417583,ratios=[3.124, 2.763, 0.375, 0.512],threshold=2.3,score=5.8870570373039595,harmonics_above=2,max_spread_db=17.35
2026-04-24T17:15:04.956387,CYCLO_SAMPLE,Cyclo classification sample,freq=293824175.82417583,ratios=[0.856, 3.64, 1.36, 1.63],threshold=2.3,score=3.6398836571080366,harmonics_above=1,max_spread_db=12.58
2026-04-24T17:15:04.959757,CYCLO_SAMPLE,Cyclo classification sample,freq=293824175.82417583,ratios=[1.994, 1.965, 0.772, 2.288],threshold=2.3,score=0,harmonics_above=0,max_spread_db=9.44
2026-04-24T17:15:04.963197,CYCLO_SAMPLE,Cyclo classification sample,freq=293824175.82417583,ratios=[2.472, 1.355, 2.232, 1.287],threshold=2.3,score=2.471777389068492,harmonics_above=1,max_spread_db=5.22
2026-04-24T17:15:04.967186,CYCLO_SAMPLE,Cyclo classification sample,freq=293824175.82417583,ratios=[3.667, 1.147, 0.084, 1.012],threshold=2.3,score=3.6667551938262655,harmonics_above=1,max_spread_db=22.74
2026-04-24T17:15:04.971754,CYCLO_SAMPLE,Cyclo classification sample,freq=293824175.82417583,ratios=[5.392, 2.667, 1.268, 0.756],threshold=2.3,score=8.05946870522917,harmonics_above=2,max_spread_db=6.45
2026-04-24T17:15:04.972911,CYCLO_SAMPLE,Cyclo classification sample,freq=293824175.82417583,ratios=[2.272, 0.322, 1.161, 0.345],threshold=2.3,score=0,harmonics_above=0,max_spread_db=16.97
2026-04-24T17:15:04.976499,CYCLO_SAMPLE,Cyclo classification sample,freq=293824175.82417583,ratios=[2.961, 2.108, 1.301, 1.267],threshold=2.3,score=2.961355394250691,harmonics_above=1,max_spread_db=4.19
2026-04-24T17:15:04.976628,CYCLO_RESULT,Cyclo classification result,res=False,freq=293824175.82417583,votes=0,required=5
2026-04-24T17:15:04.986620,CYCLO_SAMPLE,Cyclo classification sample,freq=313746031.74603176,ratios=[0.714, 1.501, 0.967, 0.98],threshold=2.3,score=0,harmonics_above=0,max_spread_db=6.46
2026-04-24T17:15:04.992345,CYCLO_SAMPLE,Cyclo classification sample,freq=313746031.74603176,ratios=[1.746, 1.091, 1.3, 1.995],threshold=2.3,score=0,harmonics_above=0,max_spread_db=4.08
2026-04-24T17:15:04.995401,CYCLO_SAMPLE,Cyclo classification sample,freq=313746031.74603176,ratios=[1.53, 0.867, 0.368, 0.633],threshold=2.3,score=0,harmonics_above=0,max_spread_db=7.44
2026-04-24T17:15:04.998398,CYCLO_SAMPLE,Cyclo classification sample,freq=313746031.74603176,ratios=[1.226, 0.956, 1.851, 0.503],threshold=2.3,score=0,harmonics_above=0,max_spread_db=11.32
2026-04-24T17:15:05.001538,CYCLO_SAMPLE,Cyclo classification sample,freq=313746031.74603176,ratios=[2.051, 1.024, 1.038, 0.218],threshold=2.3,score=0,harmonics_above=0,max_spread_db=13.57
2026-04-24T17:15:05.005238,CYCLO_SAMPLE,Cyclo classification sample,freq=313746031.74603176,ratios=[1.521, 1.305, 1.217, 1.244],threshold=2.3,score=0,harmonics_above=0,max_spread_db=1.33
2026-04-24T17:15:05.005999,CYCLO_SAMPLE,Cyclo classification sample,freq=313746031.74603176,ratios=[1.852, 1.441, 0.607, 0.656],threshold=2.3,score=0,harmonics_above=0,max_spread_db=7.51
2026-04-24T17:15:05.009147,CYCLO_SAMPLE,Cyclo classification sample,freq=313746031.74603176,ratios=[2.154, 0.755, 0.424, 0.939],threshold=2.3,score=0,harmonics_above=0,max_spread_db=9.11
2026-04-24T17:15:05.012705,CYCLO_SAMPLE,Cyclo classification sample,freq=313746031.74603176,ratios=[2.414, 0.861, 2.413, 0.852],threshold=2.3,score=4.827621510644976,harmonics_above=2,max_spread_db=9.05
2026-04-24T17:15:05.013576,CYCLO_SAMPLE,Cyclo classification sample,freq=313746031.74603176,ratios=[0.565, 1.298, 1.036, 1.451],threshold=2.3,score=0,harmonics_above=0,max_spread_db=7.23
2026-04-24T17:15:05.013693,CYCLO_RESULT,Cyclo classification result,res=False,freq=313746031.74603176,votes=0,required=5
2026-04-24T17:15:05.110146,CYCLO_SAMPLE,Cyclo classification sample,freq=394581196.58119655,ratios=[2.197, 2.104, 1.112, 1.378],threshold=2.3,score=0,harmonics_above=0,max_spread_db=5.54
2026-04-24T17:15:05.112856,CYCLO_SAMPLE,Cyclo classification sample,freq=394581196.58119655,ratios=[2.644, 0.722, 0.371, 1.209],threshold=2.3,score=2.644227166000944,harmonics_above=1,max_spread_db=11.28
2026-04-24T17:15:05.113753,CYCLO_SAMPLE,Cyclo classification sample,freq=394581196.58119655,ratios=[0.812, 1.619, 1.367, 2.793],threshold=2.3,score=2.793228449265645,harmonics_above=1,max_spread_db=6.2
2026-04-24T17:15:05.116620,CYCLO_SAMPLE,Cyclo classification sample,freq=394581196.58119655,ratios=[1.375, 3.0, 1.667, 1.193],threshold=2.3,score=2.9999474894838087,harmonics_above=1,max_spread_db=6.78
2026-04-24T17:15:05.119312,CYCLO_SAMPLE,Cyclo classification sample,freq=394581196.58119655,ratios=[0.404, 1.275, 0.368, 1.265],threshold=2.3,score=0,harmonics_above=0,max_spread_db=10.81
2026-04-24T17:15:05.120182,CYCLO_SAMPLE,Cyclo classification sample,freq=394581196.58119655,ratios=[3.488, 0.723, 1.303, 0.125],threshold=2.3,score=3.488497722154094,harmonics_above=1,max_spread_db=20.34
2026-04-24T17:15:05.123128,CYCLO_SAMPLE,Cyclo classification sample,freq=394581196.58119655,ratios=[1.292, 0.232, 1.576, 0.893],threshold=2.3,score=0,harmonics_above=0,max_spread_db=16.62
2026-04-24T17:15:05.126310,CYCLO_SAMPLE,Cyclo classification sample,freq=394581196.58119655,ratios=[0.129, 1.661, 1.431, 0.663],threshold=2.3,score=0,harmonics_above=0,max_spread_db=22.17
2026-04-24T17:15:05.127070,CYCLO_SAMPLE,Cyclo classification sample,freq=394581196.58119655,ratios=[0.882, 0.158, 0.879, 0.523],threshold=2.3,score=0,harmonics_above=0,max_spread_db=14.96
2026-04-24T17:15:05.131563,CYCLO_SAMPLE,Cyclo classification sample,freq=394581196.58119655,ratios=[0.961, 1.281, 1.523, 1.18],threshold=2.3,score=0,harmonics_above=0,max_spread_db=2.5
2026-04-24T17:15:05.131671,CYCLO_RESULT,Cyclo classification result,res=False,freq=394581196.58119655,votes=0,required=5
2026-04-24T17:15:05.365510,CYCLO_SAMPLE,Cyclo classification sample,freq=564158730.1587301,ratios=[0.348, 0.261, 0.181, 0.395],threshold=2.3,score=0,harmonics_above=0,max_spread_db=6.77
2026-04-24T17:15:05.366464,CYCLO_SAMPLE,Cyclo classification sample,freq=564158730.1587301,ratios=[0.399, 0.792, 0.464, 0.469],threshold=2.3,score=0,harmonics_above=0,max_spread_db=5.96
2026-04-24T17:15:05.369451,CYCLO_SAMPLE,Cyclo classification sample,freq=564158730.1587301,ratios=[0.298, 0.311, 0.283, 0.306],threshold=2.3,score=0,harmonics_above=0,max_spread_db=0.83
2026-04-24T17:15:05.373502,CYCLO_SAMPLE,Cyclo classification sample,freq=564158730.1587301,ratios=[0.479, 0.227, 0.087, 0.932],threshold=2.3,score=0,harmonics_above=0,max_spread_db=20.57
2026-04-24T17:15:05.376855,CYCLO_SAMPLE,Cyclo classification sample,freq=564158730.1587301,ratios=[0.277, 0.37, 0.685, 0.448],threshold=2.3,score=0,harmonics_above=0,max_spread_db=5.36
2026-04-24T17:15:05.377649,CYCLO_SAMPLE,Cyclo classification sample,freq=564158730.1587301,ratios=[0.091, 1.122, 0.417, 1.136],threshold=2.3,score=0,harmonics_above=0,max_spread_db=21.84
2026-04-24T17:15:05.383315,CYCLO_SAMPLE,Cyclo classification sample,freq=564158730.1587301,ratios=[1.983, 0.821, 1.084, 0.907],threshold=2.3,score=0,harmonics_above=0,max_spread_db=7.66
2026-04-24T17:15:05.386901,CYCLO_SAMPLE,Cyclo classification sample,freq=564158730.1587301,ratios=[1.835, 0.442, 0.686, 0.885],threshold=2.3,score=0,harmonics_above=0,max_spread_db=12.37
2026-04-24T17:15:05.390192,CYCLO_SAMPLE,Cyclo classification sample,freq=564158730.1587301,ratios=[0.538, 0.643, 0.332, 0.478],threshold=2.3,score=0,harmonics_above=0,max_spread_db=5.73
2026-04-24T17:15:05.390975,CYCLO_SAMPLE,Cyclo classification sample,freq=564158730.1587301,ratios=[0.344, 1.309, 0.964, 0.834],threshold=2.3,score=0,harmonics_above=0,max_spread_db=11.6
2026-04-24T17:15:05.393765,CYCLO_RESULT,Cyclo classification result,res=False,freq=564158730.1587301,votes=0,required=5
2026-04-24T17:15:05.399439,CYCLO_SAMPLE,Cyclo classification sample,freq=584568986.5689867,ratios=[0.399, 0.792, 0.464, 0.469],threshold=2.3,score=0,harmonics_above=0,max_spread_db=5.96
2026-04-24T17:15:05.402368,CYCLO_SAMPLE,Cyclo classification sample,freq=584568986.5689867,ratios=[0.59, 0.368, 0.337, 0.665],threshold=2.3,score=0,harmonics_above=0,max_spread_db=5.91
2026-04-24T17:15:05.405128,CYCLO_SAMPLE,Cyclo classification sample,freq=584568986.5689867,ratios=[0.944, 1.26, 0.995, 0.457],threshold=2.3,score=0,harmonics_above=0,max_spread_db=6.75
2026-04-24T17:15:05.407953,CYCLO_SAMPLE,Cyclo classification sample,freq=584568986.5689867,ratios=[1.774, 1.599, 2.228, 1.115],threshold=2.3,score=0,harmonics_above=0,max_spread_db=6.02
2026-04-24T17:15:05.411020,CYCLO_SAMPLE,Cyclo classification sample,freq=584568986.5689867,ratios=[1.058, 0.613, 0.703, 1.393],threshold=2.3,score=0,harmonics_above=0,max_spread_db=5.95
2026-04-24T17:15:05.414287,CYCLO_SAMPLE,Cyclo classification sample,freq=584568986.5689867,ratios=[0.932, 1.823, 0.711, 0.751],threshold=2.3,score=0,harmonics_above=0,max_spread_db=8.18
2026-04-24T17:15:05.417640,CYCLO_SAMPLE,Cyclo classification sample,freq=584568986.5689867,ratios=[1.376, 0.406, 0.638, 0.311],threshold=2.3,score=0,harmonics_above=0,max_spread_db=10.6
2026-04-24T17:15:05.418339,CYCLO_SAMPLE,Cyclo classification sample,freq=584568986.5689867,ratios=[0.439, 1.049, 1.038, 0.596],threshold=2.3,score=0,harmonics_above=0,max_spread_db=7.57
2026-04-24T17:15:05.422095,CYCLO_SAMPLE,Cyclo classification sample,freq=584568986.5689867,ratios=[0.595, 0.982, 1.655, 0.33],threshold=2.3,score=0,harmonics_above=0,max_spread_db=14.01
2026-04-24T17:15:05.425271,CYCLO_SAMPLE,Cyclo classification sample,freq=584568986.5689867,ratios=[0.176, 0.94, 0.939, 0.279],threshold=2.3,score=0,harmonics_above=0,max_spread_db=14.53
2026-04-24T17:15:05.425433,CYCLO_RESULT,Cyclo classification result,res=False,freq=584568986.5689867,votes=0,required=5
2026-04-24T17:15:05.433576,CYCLO_SAMPLE,Cyclo classification sample,freq=605257631.2576313,ratios=[0.39, 0.354, 0.45, 0.857],threshold=2.3,score=0,harmonics_above=0,max_spread_db=5.6
2026-04-24T17:15:05.436448,CYCLO_SAMPLE,Cyclo classification sample,freq=605257631.2576313,ratios=[0.005, 0.02, 0.021, 0.008],threshold=2.3,score=0,harmonics_above=0,max_spread_db=11.69
2026-04-24T17:15:05.439235,CYCLO_SAMPLE,Cyclo classification sample,freq=605257631.2576313,ratios=[0.049, 0.055, 0.02, 0.058],threshold=2.3,score=0,harmonics_above=0,max_spread_db=9.23
2026-04-24T17:15:05.442514,CYCLO_SAMPLE,Cyclo classification sample,freq=605257631.2576313,ratios=[0.054, 0.037, 0.083, 0.062],threshold=2.3,score=0,harmonics_above=0,max_spread_db=7.13
2026-04-24T17:15:05.446353,CYCLO_SAMPLE,Cyclo classification sample,freq=605257631.2576313,ratios=[0.589, 0.649, 0.276, 0.623],threshold=2.3,score=0,harmonics_above=0,max_spread_db=7.44
2026-04-24T17:15:05.450333,CYCLO_SAMPLE,Cyclo classification sample,freq=605257631.2576313,ratios=[0.503, 0.863, 0.656, 0.759],threshold=2.3,score=0,harmonics_above=0,max_spread_db=4.69
2026-04-24T17:15:05.451098,CYCLO_SAMPLE,Cyclo classification sample,freq=605257631.2576313,ratios=[0.614, 0.21, 0.624, 0.498],threshold=2.3,score=0,harmonics_above=0,max_spread_db=9.45
2026-04-24T17:15:05.454952,CYCLO_SAMPLE,Cyclo classification sample,freq=605257631.2576313,ratios=[0.001, 0.025, 0.02, 0.031],threshold=2.3,score=0,harmonics_above=0,max_spread_db=25.39
2026-04-24T17:15:05.458299,CYCLO_SAMPLE,Cyclo classification sample,freq=605257631.2576313,ratios=[0.019, 0.022, 0.031, 0.036],threshold=2.3,score=0,harmonics_above=0,max_spread_db=2.83
2026-04-24T17:15:05.459214,CYCLO_SAMPLE,Cyclo classification sample,freq=605257631.2576313,ratios=[0.481, 0.485, 0.522, 0.49],threshold=2.3,score=0,harmonics_above=0,max_spread_db=0.64
2026-04-24T17:15:05.459287,CYCLO_RESULT,Cyclo classification result,res=False,freq=605257631.2576313,votes=0,required=5
2026-04-24T17:15:05.470301,CYCLO_SAMPLE,Cyclo classification sample,freq=618981684.9816849,ratios=[0.005, 0.02, 0.021, 0.008],threshold=2.3,score=0,harmonics_above=0,max_spread_db=11.69
2026-04-24T17:15:05.473541,CYCLO_SAMPLE,Cyclo classification sample,freq=618981684.9816849,ratios=[0.899, 0.187, 0.729, 1.256],threshold=2.3,score=0,harmonics_above=0,max_spread_db=13.64
2026-04-24T17:15:05.477149,CYCLO_SAMPLE,Cyclo classification sample,freq=618981684.9816849,ratios=[0.412, 2.16, 1.076, 0.4],threshold=2.3,score=0,harmonics_above=0,max_spread_db=14.38
2026-04-24T17:15:05.480326,CYCLO_SAMPLE,Cyclo classification sample,freq=618981684.9816849,ratios=[1.384, 0.978, 1.416, 0.093],threshold=2.3,score=0,harmonics_above=0,max_spread_db=23.63
2026-04-24T17:15:05.483607,CYCLO_SAMPLE,Cyclo classification sample,freq=618981684.9816849,ratios=[0.249, 1.414, 1.06, 0.893],threshold=2.3,score=0,harmonics_above=0,max_spread_db=15.07
2026-04-24T17:15:05.484259,CYCLO_SAMPLE,Cyclo classification sample,freq=618981684.9816849,ratios=[0.795, 1.529, 0.252, 1.01],threshold=2.3,score=0,harmonics_above=0,max_spread_db=15.67
2026-04-24T17:15:05.490030,CYCLO_SAMPLE,Cyclo classification sample,freq=618981684.9816849,ratios=[2.273, 1.155, 1.075, 1.059],threshold=2.3,score=0,harmonics_above=0,max_spread_db=5.88
2026-04-24T17:15:05.490864,CYCLO_SAMPLE,Cyclo classification sample,freq=618981684.9816849,ratios=[0.548, 1.473, 1.231, 0.671],threshold=2.3,score=0,harmonics_above=0,max_spread_db=8.58
2026-04-24T17:15:05.496883,CYCLO_SAMPLE,Cyclo classification sample,freq=618981684.9816849,ratios=[1.344, 0.776, 0.701, 1.444],threshold=2.3,score=0,harmonics_above=0,max_spread_db=6.27
2026-04-24T17:15:05.497718,CYCLO_SAMPLE,Cyclo classification sample,freq=618981684.9816849,ratios=[0.673, 1.186, 0.477, 0.513],threshold=2.3,score=0,harmonics_above=0,max_spread_db=7.91
2026-04-24T17:15:05.497786,CYCLO_RESULT,Cyclo classification result,res=False,freq=618981684.9816849,votes=0,required=5
2026-04-24T17:15:05.507920,CYCLO_SAMPLE,Cyclo classification sample,freq=642532356.5323565,ratios=[0.899, 0.187, 0.729, 1.256],threshold=2.3,score=0,harmonics_above=0,max_spread_db=13.64
2026-04-24T17:15:05.511378,CYCLO_SAMPLE,Cyclo classification sample,freq=642532356.5323565,ratios=[0.313, 0.805, 0.461, 0.643],threshold=2.3,score=0,harmonics_above=0,max_spread_db=8.2
2026-04-24T17:15:05.512011,CYCLO_SAMPLE,Cyclo classification sample,freq=642532356.5323565,ratios=[0.465, 0.23, 1.638, 0.509],threshold=2.3,score=0,harmonics_above=0,max_spread_db=17.05
2026-04-24T17:15:05.515330,CYCLO_SAMPLE,Cyclo classification sample,freq=642532356.5323565,ratios=[0.611, 0.689, 0.562, 1.119],threshold=2.3,score=0,harmonics_above=0,max_spread_db=5.98
2026-04-24T17:15:05.518634,CYCLO_SAMPLE,Cyclo classification sample,freq=642532356.5323565,ratios=[1.306, 0.409, 1.096, 0.259],threshold=2.3,score=0,harmonics_above=0,max_spread_db=12.52
2026-04-24T17:15:05.522037,CYCLO_SAMPLE,Cyclo classification sample,freq=642532356.5323565,ratios=[0.809, 1.002, 1.059, 0.45],threshold=2.3,score=0,harmonics_above=0,max_spread_db=7.43
2026-04-24T17:15:05.525502,CYCLO_SAMPLE,Cyclo classification sample,freq=642532356.5323565,ratios=[0.672, 1.228, 1.797, 1.298],threshold=2.3,score=0,harmonics_above=0,max_spread_db=5.24
2026-04-24T17:15:05.529180,CYCLO_SAMPLE,Cyclo classification sample,freq=642532356.5323565,ratios=[0.691, 1.059, 0.088, 1.189],threshold=2.3,score=0,harmonics_above=0,max_spread_db=22.62
2026-04-24T17:15:05.529966,CYCLO_SAMPLE,Cyclo classification sample,freq=642532356.5323565,ratios=[1.068, 0.409, 1.401, 1.449],threshold=2.3,score=0,harmonics_above=0,max_spread_db=10.7
2026-04-24T17:15:05.533485,CYCLO_SAMPLE,Cyclo classification sample,freq=642532356.5323565,ratios=[2.142, 0.841, 0.258, 0.35],threshold=2.3,score=0,harmonics_above=0,max_spread_db=10.28
2026-04-24T17:15:05.533623,CYCLO_RESULT,Cyclo classification result,res=False,freq=642532356.5323565,votes=0,required=5
2026-04-24T17:15:05.544718,CYCLO_SAMPLE,Cyclo classification sample,freq=665335775.3357754,ratios=[0.313, 0.805, 0.461, 0.643],threshold=2.3,score=0,harmonics_above=0,max_spread_db=8.2
2026-04-24T17:15:05.547936,CYCLO_SAMPLE,Cyclo classification sample,freq=665335775.3357754,ratios=[1.752, 0.716, 0.718, 0.856],threshold=2.3,score=0,harmonics_above=0,max_spread_db=7.77
2026-04-24T17:15:05.548740,CYCLO_SAMPLE,Cyclo classification sample,freq=665335775.3357754,ratios=[0.726, 0.917, 1.098, 0.953],threshold=2.3,score=0,harmonics_above=0,max_spread_db=2.03
2026-04-24T17:15:05.551691,CYCLO_SAMPLE,Cyclo classification sample,freq=665335775.3357754,ratios=[0.375, 0.885, 1.545, 0.67],threshold=2.3,score=0,harmonics_above=0,max_spread_db=7.46
2026-04-24T17:15:05.554983,CYCLO_SAMPLE,Cyclo classification sample,freq=665335775.3357754,ratios=[1.137, 0.681, 1.387, 1.072],threshold=2.3,score=0,harmonics_above=0,max_spread_db=6.17
2026-04-24T17:15:05.558532,CYCLO_SAMPLE,Cyclo classification sample,freq=665335775.3357754,ratios=[1.765, 0.669, 1.011, 0.987],threshold=2.3,score=0,harmonics_above=0,max_spread_db=8.42
2026-04-24T17:15:05.562335,CYCLO_SAMPLE,Cyclo classification sample,freq=665335775.3357754,ratios=[2.392, 0.333, 0.404, 0.919],threshold=2.3,score=2.3916140010905114,harmonics_above=1,max_spread_db=17.14
2026-04-24T17:15:05.565409,CYCLO_SAMPLE,Cyclo classification sample,freq=665335775.3357754,ratios=[0.339, 0.988, 1.192, 1.398],threshold=2.3,score=0,harmonics_above=0,max_spread_db=9.3
2026-04-24T17:15:05.568960,CYCLO_SAMPLE,Cyclo classification sample,freq=665335775.3357754,ratios=[0.571, 0.818, 0.608, 1.112],threshold=2.3,score=0,harmonics_above=0,max_spread_db=5.24
2026-04-24T17:15:05.572547,CYCLO_SAMPLE,Cyclo classification sample,freq=665335775.3357754,ratios=[1.906, 1.938, 0.919, 1.34],threshold=2.3,score=0,harmonics_above=0,max_spread_db=6.48
2026-04-24T17:15:05.572650,CYCLO_RESULT,Cyclo classification result,res=False,freq=665335775.3357754,votes=0,required=5
2026-04-24T17:15:05.578124,CYCLO_SAMPLE,Cyclo classification sample,freq=685545787.5457876,ratios=[2.23, 1.123, 0.538, 1.051],threshold=2.3,score=0,harmonics_above=0,max_spread_db=6.39
2026-04-24T17:15:05.581020,CYCLO_SAMPLE,Cyclo classification sample,freq=685545787.5457876,ratios=[1.379, 0.739, 0.544, 2.291],threshold=2.3,score=0,harmonics_above=0,max_spread_db=12.48
2026-04-24T17:15:05.583735,CYCLO_SAMPLE,Cyclo classification sample,freq=685545787.5457876,ratios=[0.922, 1.961, 1.141, 1.223],threshold=2.3,score=0,harmonics_above=0,max_spread_db=6.55
2026-04-24T17:15:05.586686,CYCLO_SAMPLE,Cyclo classification sample,freq=685545787.5457876,ratios=[0.5, 0.833, 1.425, 1.245],threshold=2.3,score=0,harmonics_above=0,max_spread_db=4.67
2026-04-24T17:15:05.589540,CYCLO_SAMPLE,Cyclo classification sample,freq=685545787.5457876,ratios=[0.806, 1.312, 1.401, 1.6],threshold=2.3,score=0,harmonics_above=0,max_spread_db=4.23
2026-04-24T17:15:05.590299,CYCLO_SAMPLE,Cyclo classification sample,freq=685545787.5457876,ratios=[0.948, 1.009, 1.522, 1.131],threshold=2.3,score=0,harmonics_above=0,max_spread_db=3.57
2026-04-24T17:15:05.593435,CYCLO_SAMPLE,Cyclo classification sample,freq=685545787.5457876,ratios=[1.738, 1.285, 0.309, 1.08],threshold=2.3,score=0,harmonics_above=0,max_spread_db=12.37
2026-04-24T17:15:05.596603,CYCLO_SAMPLE,Cyclo classification sample,freq=685545787.5457876,ratios=[1.696, 0.554, 1.456, 0.437],threshold=2.3,score=0,harmonics_above=0,max_spread_db=10.46
2026-04-24T17:15:05.599599,CYCLO_SAMPLE,Cyclo classification sample,freq=685545787.5457876,ratios=[1.837, 1.669, 0.538, 0.176],threshold=2.3,score=0,harmonics_above=0,max_spread_db=9.83
2026-04-24T17:15:05.602626,CYCLO_SAMPLE,Cyclo classification sample,freq=685545787.5457876,ratios=[1.897, 1.126, 1.206, 0.873],threshold=2.3,score=0,harmonics_above=0,max_spread_db=4.53
2026-04-24T17:15:05.602798,CYCLO_RESULT,Cyclo classification result,res=False,freq=685545787.5457876,votes=0,required=5
2026-04-24T17:15:05.748060,CYCLO_SAMPLE,Cyclo classification sample,freq=763140415.1404152,ratios=[1.452, 2.242, 2.245, 1.725],threshold=2.3,score=0,harmonics_above=0,max_spread_db=3.77
2026-04-24T17:15:05.748780,CYCLO_SAMPLE,Cyclo classification sample,freq=763140415.1404152,ratios=[11.822, 11.231, 7.903, 5.415],threshold=2.3,score=36.37045097518583,harmonics_above=4,max_spread_db=3.28
2026-04-24T17:15:05.749549,CYCLO_SAMPLE,Cyclo classification sample,freq=763140415.1404152,ratios=[16.93, 13.075, 11.84, 10.243],threshold=2.3,score=52.087855248366,harmonics_above=4,max_spread_db=2.24
2026-04-24T17:15:05.755438,CYCLO_SAMPLE,Cyclo classification sample,freq=763140415.1404152,ratios=[14.215, 15.276, 11.534, 6.799],threshold=2.3,score=47.82389585246756,harmonics_above=4,max_spread_db=4.59
2026-04-24T17:15:05.760638,CYCLO_SAMPLE,Cyclo classification sample,freq=763140415.1404152,ratios=[17.658, 13.304, 11.33, 10.116],threshold=2.3,score=52.40855831217044,harmonics_above=4,max_spread_db=2.46
2026-04-24T17:15:05.764975,CYCLO_SAMPLE,Cyclo classification sample,freq=763140415.1404152,ratios=[15.815, 13.512, 11.415, 9.672],threshold=2.3,score=50.41429780294804,harmonics_above=4,max_spread_db=1.46
2026-04-24T17:15:05.765745,CYCLO_SAMPLE,Cyclo classification sample,freq=763140415.1404152,ratios=[10.778, 11.186, 8.021, 4.449],threshold=2.3,score=34.43382273050011,harmonics_above=4,max_spread_db=5.12
2026-04-24T17:15:05.770083,CYCLO_SAMPLE,Cyclo classification sample,freq=763140415.1404152,ratios=[10.369, 10.705, 11.26, 8.895],threshold=2.3,score=41.23001169700795,harmonics_above=4,max_spread_db=2.05
2026-04-24T17:15:05.773610,CYCLO_SAMPLE,Cyclo classification sample,freq=763140415.1404152,ratios=[13.276, 11.694, 10.471, 8.746],threshold=2.3,score=44.18689090888124,harmonics_above=4,max_spread_db=1.56
2026-04-24T17:15:05.777101,CYCLO_SAMPLE,Cyclo classification sample,freq=763140415.1404152,ratios=[15.235, 10.601, 13.421, 6.333],threshold=2.3,score=45.59034532036546,harmonics_above=4,max_spread_db=6.52
2026-04-24T17:15:05.777178,CYCLO_RESULT,Cyclo classification result,res=True,freq=763140415.1404152,votes=9,required=5
2026-04-24T17:15:05.788022,CYCLO_SAMPLE,Cyclo classification sample,freq=781831501.8315018,ratios=[11.822, 11.231, 7.903, 5.415],threshold=2.3,score=36.37045097518583,harmonics_above=4,max_spread_db=3.28
2026-04-24T17:15:05.791049,CYCLO_SAMPLE,Cyclo classification sample,freq=781831501.8315018,ratios=[0.938, 0.67, 0.972, 1.87],threshold=2.3,score=0,harmonics_above=0,max_spread_db=5.68
2026-04-24T17:15:05.793877,CYCLO_SAMPLE,Cyclo classification sample,freq=781831501.8315018,ratios=[0.899, 1.922, 0.43, 1.575],threshold=2.3,score=0,harmonics_above=0,max_spread_db=13.0
2026-04-24T17:15:05.796713,CYCLO_SAMPLE,Cyclo classification sample,freq=781831501.8315018,ratios=[0.199, 0.818, 0.55, 1.029],threshold=2.3,score=0,harmonics_above=0,max_spread_db=12.3
2026-04-24T17:15:05.797423,CYCLO_SAMPLE,Cyclo classification sample,freq=781831501.8315018,ratios=[0.598, 0.91, 1.302, 0.512],threshold=2.3,score=0,harmonics_above=0,max_spread_db=8.11
2026-04-24T17:15:05.799972,CYCLO_SAMPLE,Cyclo classification sample,freq=781831501.8315018,ratios=[0.759, 0.644, 0.835, 0.586],threshold=2.3,score=0,harmonics_above=0,max_spread_db=3.08
2026-04-24T17:15:05.802860,CYCLO_SAMPLE,Cyclo classification sample,freq=781831501.8315018,ratios=[2.097, 1.22, 1.753, 1.818],threshold=2.3,score=0,harmonics_above=0,max_spread_db=4.71
2026-04-24T17:15:05.805803,CYCLO_SAMPLE,Cyclo classification sample,freq=781831501.8315018,ratios=[1.985, 1.845, 0.752, 0.855],threshold=2.3,score=0,harmonics_above=0,max_spread_db=7.8
2026-04-24T17:15:05.808809,CYCLO_SAMPLE,Cyclo classification sample,freq=781831501.8315018,ratios=[1.912, 2.095, 0.991, 2.0],threshold=2.3,score=0,harmonics_above=0,max_spread_db=6.5
2026-04-24T17:15:05.811659,CYCLO_SAMPLE,Cyclo classification sample,freq=781831501.8315018,ratios=[0.498, 1.353, 0.633, 0.82],threshold=2.3,score=0,harmonics_above=0,max_spread_db=8.69
2026-04-24T17:15:05.811914,CYCLO_RESULT,Cyclo classification result,res=False,freq=781831501.8315018,votes=1,required=5
2026-04-24T17:15:06.068389,CYCLO_SAMPLE,Cyclo classification sample,freq=939670329.6703297,ratios=[0.605, 0.078, 0.351, 0.659],threshold=2.3,score=0,harmonics_above=0,max_spread_db=17.81
2026-04-24T17:15:06.081015,CYCLO_SAMPLE,Cyclo classification sample,freq=939670329.6703297,ratios=[2.54, 1.401, 1.035, 0.505],threshold=2.3,score=2.5400968490480365,harmonics_above=1,max_spread_db=6.23
2026-04-24T17:15:06.082029,CYCLO_SAMPLE,Cyclo classification sample,freq=939670329.6703297,ratios=[1.756, 3.042, 1.442, 2.068],threshold=2.3,score=3.0423405986005148,harmonics_above=1,max_spread_db=6.49
2026-04-24T17:15:06.088580,CYCLO_SAMPLE,Cyclo classification sample,freq=939670329.6703297,ratios=[0.747, 1.537, 0.405, 0.505],threshold=2.3,score=0,harmonics_above=0,max_spread_db=11.58
2026-04-24T17:15:06.097411,CYCLO_SAMPLE,Cyclo classification sample,freq=939670329.6703297,ratios=[2.076, 0.513, 0.158, 0.908],threshold=2.3,score=0,harmonics_above=0,max_spread_db=15.19
2026-04-24T17:15:06.101836,CYCLO_SAMPLE,Cyclo classification sample,freq=939670329.6703297,ratios=[1.302, 2.224, 1.375, 1.265],threshold=2.3,score=0,harmonics_above=0,max_spread_db=4.65
2026-04-24T17:15:06.105624,CYCLO_SAMPLE,Cyclo classification sample,freq=939670329.6703297,ratios=[7.038, 3.464, 2.828, 1.987],threshold=2.3,score=13.329474889009324,harmonics_above=3,max_spread_db=6.16
2026-04-24T17:15:06.113102,CYCLO_SAMPLE,Cyclo classification sample,freq=939670329.6703297,ratios=[0.54, 0.203, 0.703, 1.096],threshold=2.3,score=0,harmonics_above=0,max_spread_db=10.79
2026-04-24T17:15:06.117418,CYCLO_SAMPLE,Cyclo classification sample,freq=939670329.6703297,ratios=[0.622, 0.336, 0.679, 1.882],threshold=2.3,score=0,harmonics_above=0,max_spread_db=8.85
2026-04-24T17:15:06.118144,CYCLO_SAMPLE,Cyclo classification sample,freq=939670329.6703297,ratios=[11.431, 8.092, 2.96, 0.866],threshold=2.3,score=22.483584410079867,harmonics_above=3,max_spread_db=10.68
2026-04-24T17:15:06.118200,CYCLO_RESULT,Cyclo classification result,res=False,freq=939670329.6703297,votes=1,required=5
2026-04-24T17:15:06.121305,CYCLO_SAMPLE,Cyclo classification sample,freq=958888888.8888888,ratios=[1.756, 3.042, 1.442, 2.068],threshold=2.3,score=3.0423405986005148,harmonics_above=1,max_spread_db=6.49
2026-04-24T17:15:06.124711,CYCLO_SAMPLE,Cyclo classification sample,freq=958888888.8888888,ratios=[0.285, 0.482, 0.348, 0.387],threshold=2.3,score=0,harmonics_above=0,max_spread_db=4.58
2026-04-24T17:15:06.127757,CYCLO_SAMPLE,Cyclo classification sample,freq=958888888.8888888,ratios=[1.991, 0.356, 0.683, 1.113],threshold=2.3,score=0,harmonics_above=0,max_spread_db=14.95
2026-04-24T17:15:06.130902,CYCLO_SAMPLE,Cyclo classification sample,freq=958888888.8888888,ratios=[0.511, 0.127, 0.764, 0.707],threshold=2.3,score=0,harmonics_above=0,max_spread_db=15.62
2026-04-24T17:15:06.135618,CYCLO_SAMPLE,Cyclo classification sample,freq=958888888.8888888,ratios=[1.08, 0.976, 1.035, 1.088],threshold=2.3,score=0,harmonics_above=0,max_spread_db=0.88
2026-04-24T17:15:06.136348,CYCLO_SAMPLE,Cyclo classification sample,freq=958888888.8888888,ratios=[0.414, 1.501, 0.366, 0.367],threshold=2.3,score=0,harmonics_above=0,max_spread_db=12.26
2026-04-24T17:15:06.139260,CYCLO_SAMPLE,Cyclo classification sample,freq=958888888.8888888,ratios=[1.571, 0.914, 1.089, 1.051],threshold=2.3,score=0,harmonics_above=0,max_spread_db=4.71
2026-04-24T17:15:06.142067,CYCLO_SAMPLE,Cyclo classification sample,freq=958888888.8888888,ratios=[0.132, 0.2, 0.16, 0.078],threshold=2.3,score=0,harmonics_above=0,max_spread_db=6.22
2026-04-24T17:15:06.144865,CYCLO_SAMPLE,Cyclo classification sample,freq=958888888.8888888,ratios=[2.751, 1.072, 0.492, 0.604],threshold=2.3,score=2.7509223285169147,harmonics_above=1,max_spread_db=8.19
2026-04-24T17:15:06.148617,CYCLO_SAMPLE,Cyclo classification sample,freq=958888888.8888888,ratios=[0.884, 0.915, 0.739, 0.565],threshold=2.3,score=0,harmonics_above=0,max_spread_db=2.33
2026-04-24T17:15:06.148700,CYCLO_RESULT,Cyclo classification result,res=False,freq=958888888.8888888,votes=0,required=5
2026-04-24T17:15:07.608893,CYCLO_SAMPLE,Cyclo classification sample,freq=1807792429.7924297,ratios=[0.17, 0.257, 0.463, 0.401],threshold=2.3,score=0,harmonics_above=0,max_spread_db=5.11
2026-04-24T17:15:07.646769,CYCLO_SAMPLE,Cyclo classification sample,freq=1807792429.7924297,ratios=[0.932, 1.949, 1.097, 0.333],threshold=2.3,score=0,harmonics_above=0,max_spread_db=10.37
2026-04-24T17:15:07.684299,CYCLO_SAMPLE,Cyclo classification sample,freq=1807792429.7924297,ratios=[1.2, 0.993, 0.768, 2.916],threshold=2.3,score=2.9164185645720457,harmonics_above=1,max_spread_db=11.59
2026-04-24T17:15:07.719671,CYCLO_SAMPLE,Cyclo classification sample,freq=1807792429.7924297,ratios=[0.513, 1.216, 3.4, 2.14],threshold=2.3,score=3.3995137820322343,harmonics_above=1,max_spread_db=8.93
2026-04-24T17:15:07.749458,CYCLO_SAMPLE,Cyclo classification sample,freq=1807792429.7924297,ratios=[5.797, 3.065, 2.619, 1.614],threshold=2.3,score=11.481121393370458,harmonics_above=3,max_spread_db=5.54
2026-04-24T17:15:07.778713,CYCLO_SAMPLE,Cyclo classification sample,freq=1807792429.7924297,ratios=[0.588, 0.756, 0.834, 1.439],threshold=2.3,score=0,harmonics_above=0,max_spread_db=4.74
2026-04-24T17:15:07.810044,CYCLO_SAMPLE,Cyclo classification sample,freq=1807792429.7924297,ratios=[0.772, 1.813, 2.163, 0.918],threshold=2.3,score=0,harmonics_above=0,max_spread_db=7.44
2026-04-24T17:15:07.818621,CYCLO_SAMPLE,Cyclo classification sample,freq=1807792429.7924297,ratios=[1.226, 1.357, 1.593, 0.187],threshold=2.3,score=0,harmonics_above=0,max_spread_db=18.62
2026-04-24T17:15:07.828417,CYCLO_SAMPLE,Cyclo classification sample,freq=1807792429.7924297,ratios=[1.449, 0.065, 0.116, 0.676],threshold=2.3,score=0,harmonics_above=0,max_spread_db=26.96
2026-04-24T17:15:07.841558,CYCLO_SAMPLE,Cyclo classification sample,freq=1807792429.7924297,ratios=[1.139, 1.527, 0.361, 0.678],threshold=2.3,score=0,harmonics_above=0,max_spread_db=12.53
2026-04-24T17:15:07.842162,CYCLO_RESULT,Cyclo classification result,res=False,freq=1807792429.7924297,votes=1,required=5
2026-04-24T17:15:07.853134,CYCLO_SAMPLE,Cyclo classification sample,freq=1827848595.8485956,ratios=[0.762, 1.483, 2.888, 1.291],threshold=2.3,score=2.8876119774295983,harmonics_above=1,max_spread_db=6.99
2026-04-24T17:15:07.861560,CYCLO_SAMPLE,Cyclo classification sample,freq=1827848595.8485956,ratios=[1.902, 0.707, 0.41, 1.022],threshold=2.3,score=0,harmonics_above=0,max_spread_db=8.59
2026-04-24T17:15:07.868292,CYCLO_SAMPLE,Cyclo classification sample,freq=1827848595.8485956,ratios=[2.845, 2.589, 0.588, 1.256],threshold=2.3,score=5.434215223473521,harmonics_above=2,max_spread_db=12.88
2026-04-24T17:15:07.871792,CYCLO_SAMPLE,Cyclo classification sample,freq=1827848595.8485956,ratios=[1.039, 1.062, 1.858, 1.405],threshold=2.3,score=0,harmonics_above=0,max_spread_db=4.86
2026-04-24T17:15:07.878167,CYCLO_SAMPLE,Cyclo classification sample,freq=1827848595.8485956,ratios=[2.443, 1.003, 1.84, 1.015],threshold=2.3,score=2.4425277253305175,harmonics_above=1,max_spread_db=7.73
2026-04-24T17:15:07.881394,CYCLO_SAMPLE,Cyclo classification sample,freq=1827848595.8485956,ratios=[1.847, 3.463, 0.374, 1.112],threshold=2.3,score=3.4630645162719267,harmonics_above=1,max_spread_db=19.32
2026-04-24T17:15:07.882283,CYCLO_SAMPLE,Cyclo classification sample,freq=1827848595.8485956,ratios=[0.659, 0.93, 0.609, 1.021],threshold=2.3,score=0,harmonics_above=0,max_spread_db=4.49
2026-04-24T17:15:07.885385,CYCLO_SAMPLE,Cyclo classification sample,freq=1827848595.8485956,ratios=[1.246, 0.929, 1.724, 1.402],threshold=2.3,score=0,harmonics_above=0,max_spread_db=5.37
2026-04-24T17:15:07.888717,CYCLO_SAMPLE,Cyclo classification sample,freq=1827848595.8485956,ratios=[0.387, 0.968, 1.842, 1.101],threshold=2.3,score=0,harmonics_above=0,max_spread_db=7.97
2026-04-24T17:15:07.896585,CYCLO_SAMPLE,Cyclo classification sample,freq=1827848595.8485956,ratios=[1.007, 0.742, 0.322, 1.72],threshold=2.3,score=0,harmonics_above=0,max_spread_db=14.56
2026-04-24T17:15:07.896732,CYCLO_RESULT,Cyclo classification result,res=False,freq=1827848595.8485956,votes=0,required=5
2026-04-24T17:15:07.901175,CYCLO_SAMPLE,Cyclo classification sample,freq=1834561660.5616605,ratios=[1.246, 0.929, 1.724, 1.402],threshold=2.3,score=0,harmonics_above=0,max_spread_db=5.37
2026-04-24T17:15:07.902007,CYCLO_SAMPLE,Cyclo classification sample,freq=1834561660.5616605,ratios=[1.352, 1.772, 2.246, 1.642],threshold=2.3,score=0,harmonics_above=0,max_spread_db=2.72
2026-04-24T17:15:07.905353,CYCLO_SAMPLE,Cyclo classification sample,freq=1834561660.5616605,ratios=[0.85, 2.149, 2.877, 2.489],threshold=2.3,score=5.365824052150904,harmonics_above=2,max_spread_db=8.06
2026-04-24T17:15:07.909123,CYCLO_SAMPLE,Cyclo classification sample,freq=1834561660.5616605,ratios=[2.299, 2.006, 2.249, 2.597],threshold=2.3,score=2.5971074152508185,harmonics_above=1,max_spread_db=1.25
2026-04-24T17:15:07.912781,CYCLO_SAMPLE,Cyclo classification sample,freq=1834561660.5616605,ratios=[3.284, 1.691, 2.993, 1.655],threshold=2.3,score=6.276799924200715,harmonics_above=2,max_spread_db=5.76
2026-04-24T17:15:07.916336,CYCLO_SAMPLE,Cyclo classification sample,freq=1834561660.5616605,ratios=[1.392, 1.773, 0.76, 0.694],threshold=2.3,score=0,harmonics_above=0,max_spread_db=7.36
2026-04-24T17:15:07.920212,CYCLO_SAMPLE,Cyclo classification sample,freq=1834561660.5616605,ratios=[1.377, 1.283, 1.314, 1.005],threshold=2.3,score=0,harmonics_above=0,max_spread_db=2.33
2026-04-24T17:15:07.924515,CYCLO_SAMPLE,Cyclo classification sample,freq=1834561660.5616605,ratios=[1.308, 1.324, 0.565, 0.438],threshold=2.3,score=0,harmonics_above=0,max_spread_db=7.4
2026-04-24T17:15:07.928739,CYCLO_SAMPLE,Cyclo classification sample,freq=1834561660.5616605,ratios=[4.062, 0.615, 2.177, 0.862],threshold=2.3,score=4.0620311362799155,harmonics_above=1,max_spread_db=16.4
2026-04-24T17:15:07.932956,CYCLO_SAMPLE,Cyclo classification sample,freq=1834561660.5616605,ratios=[0.644, 0.79, 0.96, 1.871],threshold=2.3,score=0,harmonics_above=0,max_spread_db=5.8
2026-04-24T17:15:07.933063,CYCLO_RESULT,Cyclo classification result,res=False,freq=1834561660.5616605,votes=0,required=5
2026-04-24T17:15:07.940397,CYCLO_SAMPLE,Cyclo classification sample,freq=1854947496.947497,ratios=[1.352, 1.772, 2.246, 1.642],threshold=2.3,score=0,harmonics_above=0,max_spread_db=2.72
2026-04-24T17:15:07.941174,CYCLO_SAMPLE,Cyclo classification sample,freq=1854947496.947497,ratios=[1.268, 1.032, 0.649, 0.811],threshold=2.3,score=0,harmonics_above=0,max_spread_db=4.03
2026-04-24T17:15:07.944556,CYCLO_SAMPLE,Cyclo classification sample,freq=1854947496.947497,ratios=[1.017, 0.813, 0.794, 0.63],threshold=2.3,score=0,harmonics_above=0,max_spread_db=2.01
2026-04-24T17:15:07.948268,CYCLO_SAMPLE,Cyclo classification sample,freq=1854947496.947497,ratios=[1.293, 1.48, 1.643, 0.513],threshold=2.3,score=0,harmonics_above=0,max_spread_db=10.11
2026-04-24T17:15:07.952088,CYCLO_SAMPLE,Cyclo classification sample,freq=1854947496.947497,ratios=[1.573, 0.488, 2.721, 1.175],threshold=2.3,score=2.720699757434709,harmonics_above=1,max_spread_db=14.93
2026-04-24T17:15:07.956695,CYCLO_SAMPLE,Cyclo classification sample,freq=1854947496.947497,ratios=[0.69, 0.978, 1.776, 0.452],threshold=2.3,score=0,harmonics_above=0,max_spread_db=11.89
2026-04-24T17:15:07.961343,CYCLO_SAMPLE,Cyclo classification sample,freq=1854947496.947497,ratios=[0.746, 1.33, 0.739, 1.357],threshold=2.3,score=0,harmonics_above=0,max_spread_db=5.28
2026-04-24T17:15:07.965861,CYCLO_SAMPLE,Cyclo classification sample,freq=1854947496.947497,ratios=[2.993, 1.482, 3.659, 1.344],threshold=2.3,score=6.651113615312502,harmonics_above=2,max_spread_db=8.7
2026-04-24T17:15:07.970867,CYCLO_SAMPLE,Cyclo classification sample,freq=1854947496.947497,ratios=[1.761, 1.529, 2.367, 1.963],threshold=2.3,score=2.3671642208230135,harmonics_above=1,max_spread_db=3.8
2026-04-24T17:15:07.976085,CYCLO_SAMPLE,Cyclo classification sample,freq=1854947496.947497,ratios=[0.947, 2.368, 3.617, 0.841],threshold=2.3,score=5.985223360724945,harmonics_above=2,max_spread_db=12.67
2026-04-24T17:15:07.976177,CYCLO_RESULT,Cyclo classification result,res=False,freq=1854947496.947497,votes=0,required=5
2026-04-24T17:15:07.985965,CYCLO_SAMPLE,Cyclo classification sample,freq=1875411477.4114773,ratios=[1.268, 1.032, 0.649, 0.811],threshold=2.3,score=0,harmonics_above=0,max_spread_db=4.03
2026-04-24T17:15:07.990266,CYCLO_SAMPLE,Cyclo classification sample,freq=1875411477.4114773,ratios=[0.755, 0.866, 0.256, 2.018],threshold=2.3,score=0,harmonics_above=0,max_spread_db=17.94
2026-04-24T17:15:07.994844,CYCLO_SAMPLE,Cyclo classification sample,freq=1875411477.4114773,ratios=[1.43, 1.456, 0.746, 0.694],threshold=2.3,score=0,harmonics_above=0,max_spread_db=5.81
2026-04-24T17:15:07.999033,CYCLO_SAMPLE,Cyclo classification sample,freq=1875411477.4114773,ratios=[1.229, 2.202, 0.923, 0.847],threshold=2.3,score=0,harmonics_above=0,max_spread_db=7.55
2026-04-24T17:15:07.999801,CYCLO_SAMPLE,Cyclo classification sample,freq=1875411477.4114773,ratios=[1.863, 1.487, 1.15, 1.849],threshold=2.3,score=0,harmonics_above=0,max_spread_db=4.12
2026-04-24T17:15:08.003374,CYCLO_SAMPLE,Cyclo classification sample,freq=1875411477.4114773,ratios=[0.278, 0.871, 0.328, 0.453],threshold=2.3,score=0,harmonics_above=0,max_spread_db=9.93
2026-04-24T17:15:08.007120,CYCLO_SAMPLE,Cyclo classification sample,freq=1875411477.4114773,ratios=[1.403, 0.537, 0.315, 0.55],threshold=2.3,score=0,harmonics_above=0,max_spread_db=8.35
2026-04-24T17:15:08.010827,CYCLO_SAMPLE,Cyclo classification sample,freq=1875411477.4114773,ratios=[2.392, 1.859, 1.99, 0.619],threshold=2.3,score=2.3919403474053005,harmonics_above=1,max_spread_db=10.15
2026-04-24T17:15:08.013890,CYCLO_SAMPLE,Cyclo classification sample,freq=1875411477.4114773,ratios=[0.847, 1.078, 0.571, 0.262],threshold=2.3,score=0,harmonics_above=0,max_spread_db=6.75
2026-04-24T17:15:08.014668,CYCLO_SAMPLE,Cyclo classification sample,freq=1875411477.4114773,ratios=[1.081, 0.505, 1.58, 1.224],threshold=2.3,score=0,harmonics_above=0,max_spread_db=9.91
2026-04-24T17:15:08.016958,CYCLO_RESULT,Cyclo classification result,res=False,freq=1875411477.4114773,votes=0,required=5
2026-04-24T17:15:08.022241,CYCLO_SAMPLE,Cyclo classification sample,freq=1895396825.3968253,ratios=[1.881, 0.69, 1.614, 0.342],threshold=2.3,score=0,harmonics_above=0,max_spread_db=13.48
2026-04-24T17:15:08.025037,CYCLO_SAMPLE,Cyclo classification sample,freq=1895396825.3968253,ratios=[0.374, 0.261, 0.394, 0.335],threshold=2.3,score=0,harmonics_above=0,max_spread_db=3.6
2026-04-24T17:15:08.027709,CYCLO_SAMPLE,Cyclo classification sample,freq=1895396825.3968253,ratios=[0.335, 0.231, 0.309, 0.232],threshold=2.3,score=0,harmonics_above=0,max_spread_db=3.23
2026-04-24T17:15:08.030318,CYCLO_SAMPLE,Cyclo classification sample,freq=1895396825.3968253,ratios=[0.505, 0.334, 0.268, 0.426],threshold=2.3,score=0,harmonics_above=0,max_spread_db=4.03
2026-04-24T17:15:08.034064,CYCLO_SAMPLE,Cyclo classification sample,freq=1895396825.3968253,ratios=[0.007, 0.012, 0.01, 0.015],threshold=2.3,score=0,harmonics_above=0,max_spread_db=4.24
2026-04-24T17:15:08.037011,CYCLO_SAMPLE,Cyclo classification sample,freq=1895396825.3968253,ratios=[0.479, 0.306, 0.769, 0.416],threshold=2.3,score=0,harmonics_above=0,max_spread_db=8.02
2026-04-24T17:15:08.037971,CYCLO_SAMPLE,Cyclo classification sample,freq=1895396825.3968253,ratios=[0.084, 0.054, 0.096, 0.092],threshold=2.3,score=0,harmonics_above=0,max_spread_db=4.95
2026-04-24T17:15:08.043348,CYCLO_SAMPLE,Cyclo classification sample,freq=1895396825.3968253,ratios=[0.072, 0.049, 0.08, 0.048],threshold=2.3,score=0,harmonics_above=0,max_spread_db=4.45
2026-04-24T17:15:08.044321,CYCLO_SAMPLE,Cyclo classification sample,freq=1895396825.3968253,ratios=[0.389, 0.386, 0.415, 0.448],threshold=2.3,score=0,harmonics_above=0,max_spread_db=0.66
2026-04-24T17:15:08.047960,CYCLO_SAMPLE,Cyclo classification sample,freq=1895396825.3968253,ratios=[0.002, 0.011, 0.022, 0.007],threshold=2.3,score=0,harmonics_above=0,max_spread_db=13.0
2026-04-24T17:15:08.048087,CYCLO_RESULT,Cyclo classification result,res=False,freq=1895396825.3968253,votes=0,required=5
2026-04-24T17:15:08.504423,CYCLO_SAMPLE,Cyclo classification sample,freq=2112852258.852259,ratios=[0.11, 0.145, 0.45, 0.478],threshold=2.3,score=0,harmonics_above=0,max_spread_db=9.84
2026-04-24T17:15:08.505097,CYCLO_SAMPLE,Cyclo classification sample,freq=2112852258.852259,ratios=[1.296, 0.8, 0.633, 3.592],threshold=2.3,score=3.5922944427749965,harmonics_above=1,max_spread_db=15.08
2026-04-24T17:15:08.505591,CYCLO_SAMPLE,Cyclo classification sample,freq=2112852258.852259,ratios=[0.445, 1.02, 1.317, 0.455],threshold=2.3,score=0,harmonics_above=0,max_spread_db=9.23
2026-04-24T17:15:08.506552,CYCLO_SAMPLE,Cyclo classification sample,freq=2112852258.852259,ratios=[0.277, 1.603, 1.36, 1.792],threshold=2.3,score=0,harmonics_above=0,max_spread_db=15.24
2026-04-24T17:15:08.509959,CYCLO_SAMPLE,Cyclo classification sample,freq=2112852258.852259,ratios=[1.166, 0.427, 1.487, 1.092],threshold=2.3,score=0,harmonics_above=0,max_spread_db=10.84
2026-04-24T17:15:08.513845,CYCLO_SAMPLE,Cyclo classification sample,freq=2112852258.852259,ratios=[0.866, 1.834, 0.406, 0.625],threshold=2.3,score=0,harmonics_above=0,max_spread_db=13.1
2026-04-24T17:15:08.516702,CYCLO_SAMPLE,Cyclo classification sample,freq=2112852258.852259,ratios=[1.729, 0.635, 1.8, 0.513],threshold=2.3,score=0,harmonics_above=0,max_spread_db=10.91
2026-04-24T17:15:08.517485,CYCLO_SAMPLE,Cyclo classification sample,freq=2112852258.852259,ratios=[1.656, 1.193, 1.38, 1.668],threshold=2.3,score=0,harmonics_above=0,max_spread_db=2.85
2026-04-24T17:15:08.520158,CYCLO_SAMPLE,Cyclo classification sample,freq=2112852258.852259,ratios=[0.121, 1.488, 1.479, 0.556],threshold=2.3,score=0,harmonics_above=0,max_spread_db=21.79
2026-04-24T17:15:08.524835,CYCLO_SAMPLE,Cyclo classification sample,freq=2112852258.852259,ratios=[1.02, 0.495, 0.736, 0.479],threshold=2.3,score=0,harmonics_above=0,max_spread_db=6.28
2026-04-24T17:15:08.525038,CYCLO_RESULT,Cyclo classification result,res=False,freq=2112852258.852259,votes=0,required=5
2026-04-24T17:15:08.584196,CYCLO_SAMPLE,Cyclo classification sample,freq=2143115995.115995,ratios=[1.341, 1.432, 0.422, 1.183],threshold=2.3,score=0,harmonics_above=0,max_spread_db=10.61
2026-04-24T17:15:08.587505,CYCLO_SAMPLE,Cyclo classification sample,freq=2143115995.115995,ratios=[5.672, 2.35, 2.486, 1.216],threshold=2.3,score=10.507470761128545,harmonics_above=3,max_spread_db=7.65
2026-04-24T17:15:08.588153,CYCLO_SAMPLE,Cyclo classification sample,freq=2143115995.115995,ratios=[7.767, 3.071, 4.112, 3.034],threshold=2.3,score=17.98386349977923,harmonics_above=4,max_spread_db=8.06
2026-04-24T17:15:08.588816,CYCLO_SAMPLE,Cyclo classification sample,freq=2143115995.115995,ratios=[4.871, 1.699, 5.457, 1.648],threshold=2.3,score=10.327782545954722,harmonics_above=2,max_spread_db=10.4
2026-04-24T17:15:08.593894,CYCLO_SAMPLE,Cyclo classification sample,freq=2143115995.115995,ratios=[7.22, 2.331, 2.552, 1.061],threshold=2.3,score=12.10268474749084,harmonics_above=3,max_spread_db=9.82
2026-04-24T17:15:08.594756,CYCLO_SAMPLE,Cyclo classification sample,freq=2143115995.115995,ratios=[6.393, 2.194, 1.641, 2.014],threshold=2.3,score=6.392549046946902,harmonics_above=1,max_spread_db=9.29
2026-04-24T17:15:08.598597,CYCLO_SAMPLE,Cyclo classification sample,freq=2143115995.115995,ratios=[7.027, 1.294, 2.964, 1.072],threshold=2.3,score=9.991313338587558,harmonics_above=2,max_spread_db=14.7
2026-04-24T17:15:08.602079,CYCLO_SAMPLE,Cyclo classification sample,freq=2143115995.115995,ratios=[9.483, 2.941, 6.426, 2.103],threshold=2.3,score=18.85018249598738,harmonics_above=3,max_spread_db=10.17
2026-04-24T17:15:08.605072,CYCLO_SAMPLE,Cyclo classification sample,freq=2143115995.115995,ratios=[6.614, 1.011, 1.197, 1.654],threshold=2.3,score=6.613614558149367,harmonics_above=1,max_spread_db=16.31
2026-04-24T17:15:08.609065,CYCLO_SAMPLE,Cyclo classification sample,freq=2143115995.115995,ratios=[2.764, 1.844, 2.167, 1.134],threshold=2.3,score=2.7635937674741937,harmonics_above=1,max_spread_db=5.62
2026-04-24T17:15:08.609134,CYCLO_RESULT,Cyclo classification result,res=False,freq=2143115995.115995,votes=3,required=5
2026-04-24T17:15:08.842440,CYCLO_SAMPLE,Cyclo classification sample,freq=2186483516.4835167,ratios=[0.648, 0.822, 1.403, 2.29],threshold=2.3,score=0,harmonics_above=0,max_spread_db=4.64
2026-04-24T17:15:08.868557,CYCLO_SAMPLE,Cyclo classification sample,freq=2186483516.4835167,ratios=[0.598, 0.481, 0.686, 0.821],threshold=2.3,score=0,harmonics_above=0,max_spread_db=3.1
2026-04-24T17:15:08.894345,CYCLO_SAMPLE,Cyclo classification sample,freq=2186483516.4835167,ratios=[1.326, 0.43, 0.693, 0.716],threshold=2.3,score=0,harmonics_above=0,max_spread_db=9.79
2026-04-24T17:15:08.920903,CYCLO_SAMPLE,Cyclo classification sample,freq=2186483516.4835167,ratios=[1.683, 0.765, 2.242, 1.852],threshold=2.3,score=0,harmonics_above=0,max_spread_db=9.34
2026-04-24T17:15:08.922228,CYCLO_SAMPLE,Cyclo classification sample,freq=2186483516.4835167,ratios=[0.67, 0.929, 0.981, 0.279],threshold=2.3,score=0,harmonics_above=0,max_spread_db=10.93
2026-04-24T17:15:08.945824,CYCLO_SAMPLE,Cyclo classification sample,freq=2186483516.4835167,ratios=[1.331, 0.347, 0.609, 1.07],threshold=2.3,score=0,harmonics_above=0,max_spread_db=11.69
2026-04-24T17:15:08.963902,CYCLO_SAMPLE,Cyclo classification sample,freq=2186483516.4835167,ratios=[0.38, 1.6, 0.13, 1.824],threshold=2.3,score=0,harmonics_above=0,max_spread_db=22.95
2026-04-24T17:15:08.988069,CYCLO_SAMPLE,Cyclo classification sample,freq=2186483516.4835167,ratios=[0.707, 1.53, 0.338, 1.185],threshold=2.3,score=0,harmonics_above=0,max_spread_db=13.12
2026-04-24T17:15:08.995629,CYCLO_SAMPLE,Cyclo classification sample,freq=2186483516.4835167,ratios=[0.977, 0.173, 1.109, 0.725],threshold=2.3,score=0,harmonics_above=0,max_spread_db=16.12
2026-04-24T17:15:09.003062,CYCLO_SAMPLE,Cyclo classification sample,freq=2186483516.4835167,ratios=[0.081, 1.36, 2.084, 0.265],threshold=2.3,score=0,harmonics_above=0,max_spread_db=24.51
2026-04-24T17:15:09.004279,CYCLO_RESULT,Cyclo classification result,res=False,freq=2186483516.4835167,votes=0,required=5
2026-04-24T17:15:09.007352,CYCLO_SAMPLE,Cyclo classification sample,freq=2207162393.162393,ratios=[0.707, 1.53, 0.338, 1.185],threshold=2.3,score=0,harmonics_above=0,max_spread_db=13.12
2026-04-24T17:15:09.008342,CYCLO_SAMPLE,Cyclo classification sample,freq=2207162393.162393,ratios=[0.007, 0.012, 0.012, 0.019],threshold=2.3,score=0,harmonics_above=0,max_spread_db=4.57
2026-04-24T17:15:09.011087,CYCLO_SAMPLE,Cyclo classification sample,freq=2207162393.162393,ratios=[0.016, 0.014, 0.025, 0.018],threshold=2.3,score=0,harmonics_above=0,max_spread_db=5.14
2026-04-24T17:15:09.011690,CYCLO_SAMPLE,Cyclo classification sample,freq=2207162393.162393,ratios=[0.123, 0.118, 0.116, 0.113],threshold=2.3,score=0,harmonics_above=0,max_spread_db=0.34
2026-04-24T17:15:09.014046,CYCLO_SAMPLE,Cyclo classification sample,freq=2207162393.162393,ratios=[0.019, 0.036, 0.01, 0.047],threshold=2.3,score=0,harmonics_above=0,max_spread_db=13.13
2026-04-24T17:15:09.016459,CYCLO_SAMPLE,Cyclo classification sample,freq=2207162393.162393,ratios=[0.328, 0.32, 0.307, 0.27],threshold=2.3,score=0,harmonics_above=0,max_spread_db=1.13
2026-04-24T17:15:09.017325,CYCLO_SAMPLE,Cyclo classification sample,freq=2207162393.162393,ratios=[0.122, 0.13, 0.151, 0.124],threshold=2.3,score=0,harmonics_above=0,max_spread_db=1.74
2026-04-24T17:15:09.019950,CYCLO_SAMPLE,Cyclo classification sample,freq=2207162393.162393,ratios=[0.016, 0.029, 0.029, 0.031],threshold=2.3,score=0,harmonics_above=0,max_spread_db=5.07
2026-04-24T17:15:09.022485,CYCLO_SAMPLE,Cyclo classification sample,freq=2207162393.162393,ratios=[0.021, 0.015, 0.032, 0.023],threshold=2.3,score=0,harmonics_above=0,max_spread_db=6.75
2026-04-24T17:15:09.023320,CYCLO_SAMPLE,Cyclo classification sample,freq=2207162393.162393,ratios=[0.049, 0.046, 0.055, 0.05],threshold=2.3,score=0,harmonics_above=0,max_spread_db=1.59
2026-04-24T17:15:09.023375,CYCLO_RESULT,Cyclo classification result,res=False,freq=2207162393.162393,votes=0,required=5
2026-04-24T17:15:09.399229,CYCLO_SAMPLE,Cyclo classification sample,freq=2465350427.350427,ratios=[14.424, 6.939, 4.112, 2.703],threshold=2.3,score=28.17806405981184,harmonics_above=4,max_spread_db=6.36
2026-04-24T17:15:09.405171,CYCLO_SAMPLE,Cyclo classification sample,freq=2465350427.350427,ratios=[0.886, 0.957, 1.778, 1.784],threshold=2.3,score=0,harmonics_above=0,max_spread_db=5.38
2026-04-24T17:15:09.411069,CYCLO_SAMPLE,Cyclo classification sample,freq=2465350427.350427,ratios=[4.129, 0.991, 1.426, 1.252],threshold=2.3,score=4.128657765640935,harmonics_above=1,max_spread_db=12.4
2026-04-24T17:15:09.415810,CYCLO_SAMPLE,Cyclo classification sample,freq=2465350427.350427,ratios=[0.993, 1.65, 2.445, 0.701],threshold=2.3,score=2.444819240253243,harmonics_above=1,max_spread_db=10.85
2026-04-24T17:15:09.420136,CYCLO_SAMPLE,Cyclo classification sample,freq=2465350427.350427,ratios=[1.957, 1.177, 0.851, 1.448],threshold=2.3,score=0,harmonics_above=0,max_spread_db=4.61
2026-04-24T17:15:09.423468,CYCLO_SAMPLE,Cyclo classification sample,freq=2465350427.350427,ratios=[1.112, 0.575, 0.664, 0.929],threshold=2.3,score=0,harmonics_above=0,max_spread_db=5.73
2026-04-24T17:15:09.430291,CYCLO_SAMPLE,Cyclo classification sample,freq=2465350427.350427,ratios=[0.876, 1.146, 1.968, 1.21],threshold=2.3,score=0,harmonics_above=0,max_spread_db=4.69
2026-04-24T17:15:09.440495,CYCLO_SAMPLE,Cyclo classification sample,freq=2465350427.350427,ratios=[1.587, 1.844, 1.918, 1.849],threshold=2.3,score=0,harmonics_above=0,max_spread_db=1.31
2026-04-24T17:15:09.441219,CYCLO_SAMPLE,Cyclo classification sample,freq=2465350427.350427,ratios=[1.274, 0.607, 1.325, 1.188],threshold=2.3,score=0,harmonics_above=0,max_spread_db=6.79
2026-04-24T17:15:09.455531,CYCLO_SAMPLE,Cyclo classification sample,freq=2465350427.350427,ratios=[0.728, 0.545, 0.694, 1.299],threshold=2.3,score=0,harmonics_above=0,max_spread_db=5.45
2026-04-24T17:15:09.455690,CYCLO_RESULT,Cyclo classification result,res=False,freq=2465350427.350427,votes=1,required=5
2026-04-24T17:15:09.482197,CYCLO_SAMPLE,Cyclo classification sample,freq=2482881562.881563,ratios=[0.886, 0.957, 1.778, 1.784],threshold=2.3,score=0,harmonics_above=0,max_spread_db=5.38
2026-04-24T17:15:09.484854,CYCLO_SAMPLE,Cyclo classification sample,freq=2482881562.881563,ratios=[0.018, 0.012, 0.013, 0.019],threshold=2.3,score=0,harmonics_above=0,max_spread_db=3.59
2026-04-24T17:15:09.487664,CYCLO_SAMPLE,Cyclo classification sample,freq=2482881562.881563,ratios=[0.835, 0.71, 0.462, 0.797],threshold=2.3,score=0,harmonics_above=0,max_spread_db=4.74
2026-04-24T17:15:09.490848,CYCLO_SAMPLE,Cyclo classification sample,freq=2482881562.881563,ratios=[0.007, 0.01, 0.008, 0.028],threshold=2.3,score=0,harmonics_above=0,max_spread_db=10.35
2026-04-24T17:15:09.493224,CYCLO_SAMPLE,Cyclo classification sample,freq=2482881562.881563,ratios=[0.094, 0.158, 0.111, 0.093],threshold=2.3,score=0,harmonics_above=0,max_spread_db=4.55
2026-04-24T17:15:09.495795,CYCLO_SAMPLE,Cyclo classification sample,freq=2482881562.881563,ratios=[0.426, 0.596, 0.437, 0.314],threshold=2.3,score=0,harmonics_above=0,max_spread_db=2.91
2026-04-24T17:15:09.498280,CYCLO_SAMPLE,Cyclo classification sample,freq=2482881562.881563,ratios=[8.934, 4.276, 3.675, 7.081],threshold=2.3,score=23.966205902230904,harmonics_above=4,max_spread_db=6.4
2026-04-24T17:15:09.498978,CYCLO_SAMPLE,Cyclo classification sample,freq=2482881562.881563,ratios=[0.303, 1.386, 0.296, 0.521],threshold=2.3,score=0,harmonics_above=0,max_spread_db=13.41
2026-04-24T17:15:09.501098,CYCLO_SAMPLE,Cyclo classification sample,freq=2482881562.881563,ratios=[0.301, 0.081, 0.569, 0.439],threshold=2.3,score=0,harmonics_above=0,max_spread_db=16.97
2026-04-24T17:15:09.503373,CYCLO_SAMPLE,Cyclo classification sample,freq=2482881562.881563,ratios=[3.745, 2.066, 1.191, 1.011],threshold=2.3,score=3.745198503462501,harmonics_above=1,max_spread_db=5.17
2026-04-24T17:15:09.503502,CYCLO_RESULT,Cyclo classification result,res=False,freq=2482881562.881563,votes=1,required=5
2026-04-24T17:15:09.718354,CYCLO_SAMPLE,Cyclo classification sample,freq=2612266178.266178,ratios=[0.002, 0.006, 0.003, 0.013],threshold=2.3,score=0,harmonics_above=0,max_spread_db=14.39
2026-04-24T17:15:09.721194,CYCLO_SAMPLE,Cyclo classification sample,freq=2612266178.266178,ratios=[1.61, 1.185, 0.744, 0.748],threshold=2.3,score=0,harmonics_above=0,max_spread_db=4.04
2026-04-24T17:15:09.724712,CYCLO_SAMPLE,Cyclo classification sample,freq=2612266178.266178,ratios=[0.04, 0.045, 0.04, 0.033],threshold=2.3,score=0,harmonics_above=0,max_spread_db=1.58
2026-04-24T17:15:09.727466,CYCLO_SAMPLE,Cyclo classification sample,freq=2612266178.266178,ratios=[0.796, 0.764, 0.798, 0.829],threshold=2.3,score=0,harmonics_above=0,max_spread_db=0.38
2026-04-24T17:15:09.730431,CYCLO_SAMPLE,Cyclo classification sample,freq=2612266178.266178,ratios=[0.741, 0.655, 1.18, 1.311],threshold=2.3,score=0,harmonics_above=0,max_spread_db=5.11
2026-04-24T17:15:09.733896,CYCLO_SAMPLE,Cyclo classification sample,freq=2612266178.266178,ratios=[0.011, 0.004, 0.031, 0.013],threshold=2.3,score=0,harmonics_above=0,max_spread_db=17.74
2026-04-24T17:15:09.738284,CYCLO_SAMPLE,Cyclo classification sample,freq=2612266178.266178,ratios=[0.125, 0.102, 0.144, 0.118],threshold=2.3,score=0,harmonics_above=0,max_spread_db=2.98
2026-04-24T17:15:09.739232,CYCLO_SAMPLE,Cyclo classification sample,freq=2612266178.266178,ratios=[0.804, 0.743, 0.994, 0.427],threshold=2.3,score=0,harmonics_above=0,max_spread_db=7.34
2026-04-24T17:15:09.740143,CYCLO_SAMPLE,Cyclo classification sample,freq=2612266178.266178,ratios=[0.314, 0.522, 1.118, 0.498],threshold=2.3,score=0,harmonics_above=0,max_spread_db=7.03
2026-04-24T17:15:09.749459,CYCLO_SAMPLE,Cyclo classification sample,freq=2612266178.266178,ratios=[0.398, 0.584, 0.83, 1.469],threshold=2.3,score=0,harmonics_above=0,max_spread_db=4.96
2026-04-24T17:15:09.749630,CYCLO_RESULT,Cyclo classification result,res=False,freq=2612266178.266178,votes=0,required=5
2026-04-24T17:15:09.764269,CYCLO_SAMPLE,Cyclo classification sample,freq=2634571428.571429,ratios=[0.04, 0.045, 0.04, 0.033],threshold=2.3,score=0,harmonics_above=0,max_spread_db=1.58
2026-04-24T17:15:09.767215,CYCLO_SAMPLE,Cyclo classification sample,freq=2634571428.571429,ratios=[0.683, 1.243, 3.319, 2.052],threshold=2.3,score=3.3187489587492003,harmonics_above=1,max_spread_db=8.53
2026-04-24T17:15:09.770123,CYCLO_SAMPLE,Cyclo classification sample,freq=2634571428.571429,ratios=[0.804, 1.815, 4.288, 2.562],threshold=2.3,score=6.850114964634539,harmonics_above=2,max_spread_db=7.47
2026-04-24T17:15:09.773657,CYCLO_SAMPLE,Cyclo classification sample,freq=2634571428.571429,ratios=[4.196, 0.925, 2.806, 1.389],threshold=2.3,score=7.002537985816603,harmonics_above=2,max_spread_db=13.14
2026-04-24T17:15:09.777851,CYCLO_SAMPLE,Cyclo classification sample,freq=2634571428.571429,ratios=[1.352, 0.176, 3.018, 0.753],threshold=2.3,score=3.0177143443511834,harmonics_above=1,max_spread_db=24.69
2026-04-24T17:15:09.781447,CYCLO_SAMPLE,Cyclo classification sample,freq=2634571428.571429,ratios=[2.375, 1.752, 1.198, 1.045],threshold=2.3,score=2.3748604012137333,harmonics_above=1,max_spread_db=3.3
2026-04-24T17:15:09.785453,CYCLO_SAMPLE,Cyclo classification sample,freq=2634571428.571429,ratios=[1.454, 0.771, 0.386, 0.471],threshold=2.3,score=0,harmonics_above=0,max_spread_db=6.01
2026-04-24T17:15:09.792050,CYCLO_SAMPLE,Cyclo classification sample,freq=2634571428.571429,ratios=[0.603, 1.347, 3.959, 1.188],threshold=2.3,score=3.958897140040445,harmonics_above=1,max_spread_db=10.45
2026-04-24T17:15:09.797051,CYCLO_SAMPLE,Cyclo classification sample,freq=2634571428.571429,ratios=[1.449, 0.832, 1.211, 2.552],threshold=2.3,score=2.551969462457807,harmonics_above=1,max_spread_db=6.48
2026-04-24T17:15:09.801067,CYCLO_SAMPLE,Cyclo classification sample,freq=2634571428.571429,ratios=[2.311, 1.066, 1.006, 1.732],threshold=2.3,score=2.311433719462293,harmonics_above=1,max_spread_db=6.72
2026-04-24T17:15:09.801225,CYCLO_RESULT,Cyclo classification result,res=False,freq=2634571428.571429,votes=0,required=5
2026-04-24T17:15:09.810850,CYCLO_SAMPLE,Cyclo classification sample,freq=2657501831.5018315,ratios=[0.804, 1.815, 4.288, 2.562],threshold=2.3,score=6.850114964634539,harmonics_above=2,max_spread_db=7.47
2026-04-24T17:15:09.811662,CYCLO_SAMPLE,Cyclo classification sample,freq=2657501831.5018315,ratios=[1.926, 1.534, 0.94, 1.386],threshold=2.3,score=0,harmonics_above=0,max_spread_db=4.25
2026-04-24T17:15:09.815603,CYCLO_SAMPLE,Cyclo classification sample,freq=2657501831.5018315,ratios=[0.914, 1.05, 1.684, 0.929],threshold=2.3,score=0,harmonics_above=0,max_spread_db=5.16
2026-04-24T17:15:09.819761,CYCLO_SAMPLE,Cyclo classification sample,freq=2657501831.5018315,ratios=[2.994, 0.202, 2.22, 1.635],threshold=2.3,score=2.9943542041442828,harmonics_above=1,max_spread_db=23.41
2026-04-24T17:15:09.823839,CYCLO_SAMPLE,Cyclo classification sample,freq=2657501831.5018315,ratios=[1.294, 1.654, 1.997, 0.544],threshold=2.3,score=0,harmonics_above=0,max_spread_db=11.3
2026-04-24T17:15:09.828273,CYCLO_SAMPLE,Cyclo classification sample,freq=2657501831.5018315,ratios=[1.419, 1.971, 1.575, 0.916],threshold=2.3,score=0,harmonics_above=0,max_spread_db=4.71
2026-04-24T17:15:09.831859,CYCLO_SAMPLE,Cyclo classification sample,freq=2657501831.5018315,ratios=[1.595, 2.937, 1.187, 0.99],threshold=2.3,score=2.9373725240582056,harmonics_above=1,max_spread_db=7.87
2026-04-24T17:15:09.835377,CYCLO_SAMPLE,Cyclo classification sample,freq=2657501831.5018315,ratios=[2.799, 2.149, 3.56, 0.053],threshold=2.3,score=6.358688358240928,harmonics_above=2,max_spread_db=36.47
2026-04-24T17:15:09.838844,CYCLO_SAMPLE,Cyclo classification sample,freq=2657501831.5018315,ratios=[1.973, 1.978, 0.514, 0.663],threshold=2.3,score=0,harmonics_above=0,max_spread_db=11.71
2026-04-24T17:15:09.842299,CYCLO_SAMPLE,Cyclo classification sample,freq=2657501831.5018315,ratios=[2.336, 1.275, 1.864, 2.034],threshold=2.3,score=2.336157757440666,harmonics_above=1,max_spread_db=5.26
2026-04-24T17:15:09.842461,CYCLO_RESULT,Cyclo classification result,res=False,freq=2657501831.5018315,votes=0,required=5
2026-04-24T17:15:09.849486,CYCLO_SAMPLE,Cyclo classification sample,freq=2679758241.7582417,ratios=[2.295, 1.442, 0.722, 0.386],threshold=2.3,score=0,harmonics_above=0,max_spread_db=6.01
2026-04-24T17:15:09.850176,CYCLO_SAMPLE,Cyclo classification sample,freq=2679758241.7582417,ratios=[0.007, 0.022, 0.014, 0.003],threshold=2.3,score=0,harmonics_above=0,max_spread_db=13.4
2026-04-24T17:15:09.852743,CYCLO_SAMPLE,Cyclo classification sample,freq=2679758241.7582417,ratios=[0.011, 0.03, 0.053, 0.043],threshold=2.3,score=0,harmonics_above=0,max_spread_db=8.75
2026-04-24T17:15:09.855307,CYCLO_SAMPLE,Cyclo classification sample,freq=2679758241.7582417,ratios=[0.029, 0.044, 0.025, 0.026],threshold=2.3,score=0,harmonics_above=0,max_spread_db=4.91
2026-04-24T17:15:09.857906,CYCLO_SAMPLE,Cyclo classification sample,freq=2679758241.7582417,ratios=[0.049, 0.053, 0.06, 0.06],threshold=2.3,score=0,harmonics_above=0,max_spread_db=1.2
2026-04-24T17:15:09.858778,CYCLO_SAMPLE,Cyclo classification sample,freq=2679758241.7582417,ratios=[0.001, 0.014, 0.011, 0.021],threshold=2.3,score=0,harmonics_above=0,max_spread_db=21.84
2026-04-24T17:15:09.861690,CYCLO_SAMPLE,Cyclo classification sample,freq=2679758241.7582417,ratios=[0.01, 0.011, 0.011, 0.006],threshold=2.3,score=0,harmonics_above=0,max_spread_db=5.9
2026-04-24T17:15:09.864151,CYCLO_SAMPLE,Cyclo classification sample,freq=2679758241.7582417,ratios=[0.035, 0.028, 0.026, 0.038],threshold=2.3,score=0,harmonics_above=0,max_spread_db=3.27
2026-04-24T17:15:09.866862,CYCLO_SAMPLE,Cyclo classification sample,freq=2679758241.7582417,ratios=[0.393, 0.509, 0.457, 0.454],threshold=2.3,score=0,harmonics_above=0,max_spread_db=2.24
2026-04-24T17:15:09.869447,CYCLO_SAMPLE,Cyclo classification sample,freq=2679758241.7582417,ratios=[0.012, 0.03, 0.012, 0.054],threshold=2.3,score=0,harmonics_above=0,max_spread_db=12.83
2026-04-24T17:15:09.869631,CYCLO_RESULT,Cyclo classification result,res=False,freq=2679758241.7582417,votes=0,required=5
2026-04-24T17:15:10.760045,CYCLO_SAMPLE,Cyclo classification sample,freq=3366722832.7228327,ratios=[0.194, 0.204, 0.127, 0.255],threshold=2.3,score=0,harmonics_above=0,max_spread_db=6.04
2026-04-24T17:15:10.762983,CYCLO_SAMPLE,Cyclo classification sample,freq=3366722832.7228327,ratios=[0.226, 0.246, 0.286, 0.565],threshold=2.3,score=0,harmonics_above=0,max_spread_db=5.91
2026-04-24T17:15:10.763535,CYCLO_SAMPLE,Cyclo classification sample,freq=3366722832.7228327,ratios=[0.677, 0.612, 0.154, 0.434],threshold=2.3,score=0,harmonics_above=0,max_spread_db=11.97
2026-04-24T17:15:10.766395,CYCLO_SAMPLE,Cyclo classification sample,freq=3366722832.7228327,ratios=[0.029, 0.019, 0.038, 0.029],threshold=2.3,score=0,harmonics_above=0,max_spread_db=6.13
2026-04-24T17:15:10.769017,CYCLO_SAMPLE,Cyclo classification sample,freq=3366722832.7228327,ratios=[0.038, 0.042, 0.057, 0.06],threshold=2.3,score=0,harmonics_above=0,max_spread_db=2.79
2026-04-24T17:15:10.771831,CYCLO_SAMPLE,Cyclo classification sample,freq=3366722832.7228327,ratios=[0.386, 0.578, 0.145, 0.587],threshold=2.3,score=0,harmonics_above=0,max_spread_db=12.14
2026-04-24T17:15:10.772609,CYCLO_SAMPLE,Cyclo classification sample,freq=3366722832.7228327,ratios=[0.362, 0.387, 0.338, 0.317],threshold=2.3,score=0,harmonics_above=0,max_spread_db=1.16
2026-04-24T17:15:10.773260,CYCLO_SAMPLE,Cyclo classification sample,freq=3366722832.7228327,ratios=[0.223, 0.248, 0.267, 0.244],threshold=2.3,score=0,harmonics_above=0,max_spread_db=0.94
2026-04-24T17:15:10.779793,CYCLO_SAMPLE,Cyclo classification sample,freq=3366722832.7228327,ratios=[0.228, 0.198, 0.995, 0.57],threshold=2.3,score=0,harmonics_above=0,max_spread_db=14.01
2026-04-24T17:15:10.780518,CYCLO_SAMPLE,Cyclo classification sample,freq=3366722832.7228327,ratios=[0.186, 0.401, 0.459, 0.186],threshold=2.3,score=0,harmonics_above=0,max_spread_db=7.86
2026-04-24T17:15:10.780643,CYCLO_RESULT,Cyclo classification result,res=False,freq=3366722832.7228327,votes=0,required=5
2026-04-24T17:15:10.860827,CYCLO_SAMPLE,Cyclo classification sample,freq=3414625152.6251526,ratios=[0.178, 0.471, 0.532, 0.53],threshold=2.3,score=0,harmonics_above=0,max_spread_db=8.45
2026-04-24T17:15:10.861678,CYCLO_SAMPLE,Cyclo classification sample,freq=3414625152.6251526,ratios=[0.033, 0.037, 0.034, 0.039],threshold=2.3,score=0,harmonics_above=0,max_spread_db=1.23
2026-04-24T17:15:10.864323,CYCLO_SAMPLE,Cyclo classification sample,freq=3414625152.6251526,ratios=[0.41, 0.429, 0.427, 0.377],threshold=2.3,score=0,harmonics_above=0,max_spread_db=1.07
2026-04-24T17:15:10.866840,CYCLO_SAMPLE,Cyclo classification sample,freq=3414625152.6251526,ratios=[0.748, 0.315, 0.43, 0.921],threshold=2.3,score=0,harmonics_above=0,max_spread_db=7.52
2026-04-24T17:15:10.869584,CYCLO_SAMPLE,Cyclo classification sample,freq=3414625152.6251526,ratios=[0.219, 0.07, 0.154, 0.509],threshold=2.3,score=0,harmonics_above=0,max_spread_db=10.38
2026-04-24T17:15:10.872633,CYCLO_SAMPLE,Cyclo classification sample,freq=3414625152.6251526,ratios=[0.262, 0.284, 0.283, 0.219],threshold=2.3,score=0,harmonics_above=0,max_spread_db=2.22
2026-04-24T17:15:10.873700,CYCLO_SAMPLE,Cyclo classification sample,freq=3414625152.6251526,ratios=[0.476, 0.07, 0.192, 0.582],threshold=2.3,score=0,harmonics_above=0,max_spread_db=16.67
2026-04-24T17:15:10.876358,CYCLO_SAMPLE,Cyclo classification sample,freq=3414625152.6251526,ratios=[0.26, 0.13, 0.234, 0.161],threshold=2.3,score=0,harmonics_above=0,max_spread_db=6.04
2026-04-24T17:15:10.877057,CYCLO_SAMPLE,Cyclo classification sample,freq=3414625152.6251526,ratios=[0.426, 0.198, 0.356, 0.665],threshold=2.3,score=0,harmonics_above=0,max_spread_db=6.64
2026-04-24T17:15:10.879881,CYCLO_SAMPLE,Cyclo classification sample,freq=3414625152.6251526,ratios=[0.974, 0.264, 0.469, 0.536],threshold=2.3,score=0,harmonics_above=0,max_spread_db=11.35
2026-04-24T17:15:10.879992,CYCLO_RESULT,Cyclo classification result,res=False,freq=3414625152.6251526,votes=0,required=5
2026-04-24T17:15:10.920046,CYCLO_SAMPLE,Cyclo classification sample,freq=3463660561.6605616,ratios=[0.126, 0.224, 0.331, 0.293],threshold=2.3,score=0,harmonics_above=0,max_spread_db=5.0
2026-04-24T17:15:10.920657,CYCLO_SAMPLE,Cyclo classification sample,freq=3463660561.6605616,ratios=[0.657, 0.25, 0.655, 1.126],threshold=2.3,score=0,harmonics_above=0,max_spread_db=8.4
2026-04-24T17:15:10.924838,CYCLO_SAMPLE,Cyclo classification sample,freq=3463660561.6605616,ratios=[0.382, 0.422, 0.417, 0.359],threshold=2.3,score=0,harmonics_above=0,max_spread_db=1.29
2026-04-24T17:15:10.927743,CYCLO_SAMPLE,Cyclo classification sample,freq=3463660561.6605616,ratios=[0.296, 0.955, 0.46, 1.082],threshold=2.3,score=0,harmonics_above=0,max_spread_db=10.17
2026-04-24T17:15:10.931882,CYCLO_SAMPLE,Cyclo classification sample,freq=3463660561.6605616,ratios=[0.682, 0.96, 0.425, 0.392],threshold=2.3,score=0,harmonics_above=0,max_spread_db=7.09
2026-04-24T17:15:10.932775,CYCLO_SAMPLE,Cyclo classification sample,freq=3463660561.6605616,ratios=[0.491, 0.977, 0.503, 0.794],threshold=2.3,score=0,harmonics_above=0,max_spread_db=5.98
2026-04-24T17:15:10.936038,CYCLO_SAMPLE,Cyclo classification sample,freq=3463660561.6605616,ratios=[0.19, 0.233, 0.222, 0.278],threshold=2.3,score=0,harmonics_above=0,max_spread_db=1.97
2026-04-24T17:15:10.939702,CYCLO_SAMPLE,Cyclo classification sample,freq=3463660561.6605616,ratios=[0.556, 0.731, 0.321, 0.245],threshold=2.3,score=0,harmonics_above=0,max_spread_db=7.15
2026-04-24T17:15:10.943116,CYCLO_SAMPLE,Cyclo classification sample,freq=3463660561.6605616,ratios=[0.97, 0.162, 0.057, 0.722],threshold=2.3,score=0,harmonics_above=0,max_spread_db=22.12
2026-04-24T17:15:10.946633,CYCLO_SAMPLE,Cyclo classification sample,freq=3463660561.6605616,ratios=[0.663, 0.936, 0.603, 0.346],threshold=2.3,score=0,harmonics_above=0,max_spread_db=4.82
2026-04-24T17:15:10.946720,CYCLO_RESULT,Cyclo classification result,res=False,freq=3463660561.6605616,votes=0,required=5
2026-04-24T17:15:11.581218,CYCLO_SAMPLE,Cyclo classification sample,freq=3934678876.678877,ratios=[0.062, 0.072, 0.032, 0.063],threshold=2.3,score=0,harmonics_above=0,max_spread_db=6.94
2026-04-24T17:15:11.581905,CYCLO_SAMPLE,Cyclo classification sample,freq=3934678876.678877,ratios=[0.163, 0.506, 0.889, 0.391],threshold=2.3,score=0,harmonics_above=0,max_spread_db=9.86
2026-04-24T17:15:11.585317,CYCLO_SAMPLE,Cyclo classification sample,freq=3934678876.678877,ratios=[1.26, 0.916, 1.228, 1.252],threshold=2.3,score=0,harmonics_above=0,max_spread_db=2.77
2026-04-24T17:15:11.588741,CYCLO_SAMPLE,Cyclo classification sample,freq=3934678876.678877,ratios=[0.712, 0.445, 1.1, 0.193],threshold=2.3,score=0,harmonics_above=0,max_spread_db=15.13
2026-04-24T17:15:11.592017,CYCLO_SAMPLE,Cyclo classification sample,freq=3934678876.678877,ratios=[0.235, 0.391, 0.377, 0.265],threshold=2.3,score=0,harmonics_above=0,max_spread_db=4.43
2026-04-24T17:15:11.594893,CYCLO_SAMPLE,Cyclo classification sample,freq=3934678876.678877,ratios=[1.056, 0.587, 0.701, 0.749],threshold=2.3,score=0,harmonics_above=0,max_spread_db=5.1
2026-04-24T17:15:11.597586,CYCLO_SAMPLE,Cyclo classification sample,freq=3934678876.678877,ratios=[0.222, 0.56, 0.991, 1.266],threshold=2.3,score=0,harmonics_above=0,max_spread_db=8.06
2026-04-24T17:15:11.601454,CYCLO_SAMPLE,Cyclo classification sample,freq=3934678876.678877,ratios=[1.316, 0.547, 0.891, 1.181],threshold=2.3,score=0,harmonics_above=0,max_spread_db=7.63
2026-04-24T17:15:11.604169,CYCLO_SAMPLE,Cyclo classification sample,freq=3934678876.678877,ratios=[0.819, 1.076, 0.9, 0.137],threshold=2.3,score=0,harmonics_above=0,max_spread_db=16.33
2026-04-24T17:15:11.608092,CYCLO_SAMPLE,Cyclo classification sample,freq=3934678876.678877,ratios=[0.294, 0.246, 0.806, 0.37],threshold=2.3,score=0,harmonics_above=0,max_spread_db=10.3
2026-04-24T17:15:11.608182,CYCLO_RESULT,Cyclo classification result,res=False,freq=3934678876.678877,votes=0,required=5
2026-04-24T17:15:11.887445,CYCLO_SAMPLE,Cyclo classification sample,freq=4163416361.4163613,ratios=[0.263, 1.85, 1.097, 0.928],threshold=2.3,score=0,harmonics_above=0,max_spread_db=16.96
2026-04-24T17:15:11.888276,CYCLO_SAMPLE,Cyclo classification sample,freq=4163416361.4163613,ratios=[0.5, 0.851, 0.149, 0.299],threshold=2.3,score=0,harmonics_above=0,max_spread_db=15.13
2026-04-24T17:15:11.890776,CYCLO_SAMPLE,Cyclo classification sample,freq=4163416361.4163613,ratios=[0.298, 0.286, 0.317, 0.331],threshold=2.3,score=0,harmonics_above=0,max_spread_db=0.87
2026-04-24T17:15:11.893861,CYCLO_SAMPLE,Cyclo classification sample,freq=4163416361.4163613,ratios=[0.451, 0.563, 0.395, 0.237],threshold=2.3,score=0,harmonics_above=0,max_spread_db=4.44
2026-04-24T17:15:11.896676,CYCLO_SAMPLE,Cyclo classification sample,freq=4163416361.4163613,ratios=[0.681, 0.881, 0.201, 0.75],threshold=2.3,score=0,harmonics_above=0,max_spread_db=12.84
2026-04-24T17:15:11.899453,CYCLO_SAMPLE,Cyclo classification sample,freq=4163416361.4163613,ratios=[0.403, 0.123, 0.486, 0.301],threshold=2.3,score=0,harmonics_above=0,max_spread_db=11.93
2026-04-24T17:15:11.902172,CYCLO_SAMPLE,Cyclo classification sample,freq=4163416361.4163613,ratios=[0.41, 0.521, 0.309, 0.152],threshold=2.3,score=0,harmonics_above=0,max_spread_db=6.15
2026-04-24T17:15:11.902910,CYCLO_SAMPLE,Cyclo classification sample,freq=4163416361.4163613,ratios=[0.219, 0.219, 0.235, 0.176],threshold=2.3,score=0,harmonics_above=0,max_spread_db=2.55
2026-04-24T17:15:11.905461,CYCLO_SAMPLE,Cyclo classification sample,freq=4163416361.4163613,ratios=[0.338, 0.364, 0.329, 0.295],threshold=2.3,score=0,harmonics_above=0,max_spread_db=0.93
2026-04-24T17:15:11.908319,CYCLO_SAMPLE,Cyclo classification sample,freq=4163416361.4163613,ratios=[0.228, 1.06, 0.374, 0.89],threshold=2.3,score=0,harmonics_above=0,max_spread_db=13.33
2026-04-24T17:15:11.908387,CYCLO_RESULT,Cyclo classification result,res=False,freq=4163416361.4163613,votes=0,required=5
2026-04-24T17:15:14.193416,CYCLO_SAMPLE,Cyclo classification sample,freq=5840190476.190475,ratios=[0.003, 0.021, 0.03, 0.039],threshold=2.3,score=0,harmonics_above=0,max_spread_db=15.93
2026-04-24T17:15:14.201951,CYCLO_SAMPLE,Cyclo classification sample,freq=5840190476.190475,ratios=[29.565, 28.469, 19.371, 16.77],threshold=2.3,score=94.17429881348504,harmonics_above=4,max_spread_db=3.34
2026-04-24T17:15:14.214076,CYCLO_SAMPLE,Cyclo classification sample,freq=5840190476.190475,ratios=[20.773, 23.553, 4.019, 13.144],threshold=2.3,score=61.48899737607548,harmonics_above=4,max_spread_db=15.36
2026-04-24T17:15:14.226319,CYCLO_SAMPLE,Cyclo classification sample,freq=5840190476.190475,ratios=[34.513, 29.119, 25.786, 21.666],threshold=2.3,score=111.08363060924154,harmonics_above=4,max_spread_db=1.51
2026-04-24T17:15:14.237365,CYCLO_SAMPLE,Cyclo classification sample,freq=5840190476.190475,ratios=[30.043, 28.457, 20.764, 15.332],threshold=2.3,score=94.59516320121995,harmonics_above=4,max_spread_db=2.74
2026-04-24T17:15:14.240900,CYCLO_SAMPLE,Cyclo classification sample,freq=5840190476.190475,ratios=[26.057, 25.764, 26.572, 22.881],threshold=2.3,score=101.27470971624282,harmonics_above=4,max_spread_db=1.3
2026-04-24T17:15:14.252067,CYCLO_SAMPLE,Cyclo classification sample,freq=5840190476.190475,ratios=[28.25, 24.8, 21.51, 14.134],threshold=2.3,score=88.69419812172328,harmonics_above=4,max_spread_db=3.65
2026-04-24T17:15:14.252993,CYCLO_SAMPLE,Cyclo classification sample,freq=5840190476.190475,ratios=[36.523, 29.653, 27.189, 23.037],threshold=2.3,score=116.40258943165641,harmonics_above=4,max_spread_db=1.81
2026-04-24T17:15:14.263842,CYCLO_SAMPLE,Cyclo classification sample,freq=5840190476.190475,ratios=[35.569, 28.959, 26.344, 22.377],threshold=2.3,score=113.24951680445884,harmonics_above=4,max_spread_db=1.79
2026-04-24T17:15:14.272833,CYCLO_SAMPLE,Cyclo classification sample,freq=5840190476.190475,ratios=[36.254, 29.71, 26.909, 22.772],threshold=2.3,score=115.6439110828418,harmonics_above=4,max_spread_db=1.73
2026-04-24T17:15:14.278095,CYCLO_RESULT,Cyclo classification result,res=True,freq=5840190476.190475,votes=8,required=5
2026-04-24T17:15:14.289071,CYCLO_SAMPLE,Cyclo classification sample,freq=5860134310.13431,ratios=[28.25, 24.8, 21.51, 14.134],threshold=2.3,score=88.69419812172328,harmonics_above=4,max_spread_db=3.65
2026-04-24T17:15:14.291588,CYCLO_SAMPLE,Cyclo classification sample,freq=5860134310.13431,ratios=[0.496, 0.496, 0.536, 0.596],threshold=2.3,score=0,harmonics_above=0,max_spread_db=0.92
2026-04-24T17:15:14.294104,CYCLO_SAMPLE,Cyclo classification sample,freq=5860134310.13431,ratios=[0.089, 0.068, 0.045, 0.057],threshold=2.3,score=0,harmonics_above=0,max_spread_db=3.55
2026-04-24T17:15:14.296845,CYCLO_SAMPLE,Cyclo classification sample,freq=5860134310.13431,ratios=[0.018, 0.013, 0.036, 0.026],threshold=2.3,score=0,harmonics_above=0,max_spread_db=8.68
2026-04-24T17:15:14.299450,CYCLO_SAMPLE,Cyclo classification sample,freq=5860134310.13431,ratios=[0.317, 0.44, 0.305, 0.42],threshold=2.3,score=0,harmonics_above=0,max_spread_db=3.18
2026-04-24T17:15:14.302018,CYCLO_SAMPLE,Cyclo classification sample,freq=5860134310.13431,ratios=[0.035, 0.026, 0.026, 0.015],threshold=2.3,score=0,harmonics_above=0,max_spread_db=4.7
2026-04-24T17:15:14.304552,CYCLO_SAMPLE,Cyclo classification sample,freq=5860134310.13431,ratios=[0.212, 0.203, 0.191, 0.276],threshold=2.3,score=0,harmonics_above=0,max_spread_db=3.17
2026-04-24T17:15:14.305407,CYCLO_SAMPLE,Cyclo classification sample,freq=5860134310.13431,ratios=[0.026, 0.015, 0.052, 0.019],threshold=2.3,score=0,harmonics_above=0,max_spread_db=10.59
2026-04-24T17:15:14.307977,CYCLO_SAMPLE,Cyclo classification sample,freq=5860134310.13431,ratios=[0.343, 0.354, 0.348, 0.338],threshold=2.3,score=0,harmonics_above=0,max_spread_db=0.29
2026-04-24T17:15:14.310516,CYCLO_SAMPLE,Cyclo classification sample,freq=5860134310.13431,ratios=[0.266, 0.292, 0.256, 0.301],threshold=2.3,score=0,harmonics_above=0,max_spread_db=1.4
2026-04-24T17:15:14.312327,CYCLO_RESULT,Cyclo classification result,res=False,freq=5860134310.13431,votes=1,required=5
