2026-04-24T17:20:44.351742,SDR_READ_ERROR,readStream failed,code=0
2026-04-24T17:20:44.403305,PLATEAU_CONFIRMED,Wideband signal detected,freq=100715506.7155067,bw=8.9599609375,hits=6
2026-04-24T17:20:44.431482,VIDEO_REJECTED,cyclo rejected video,freq=100715506.7155067,score=0
2026-04-24T17:20:44.438154,PLATEAU_REJECTED,Not enough hits,hits=1,required=3,freq=120000000
2026-04-24T17:20:44.441232,ZERO_BUFFER,All samples are zero
2026-04-24T17:20:44.468696,ZERO_BUFFER,All samples are zero
2026-04-24T17:20:44.473545,PLATEAU_CONFIRMED,Wideband signal detected,freq=145938949.93894994,bw=7.5048828125,hits=6
2026-04-24T17:20:44.502946,VIDEO_REJECTED,cyclo rejected video,freq=145938949.93894994,score=0
2026-04-24T17:20:44.506741,PLATEAU_CONFIRMED,Wideband signal detected,freq=161032967.03296703,bw=4.94140625,hits=3
2026-04-24T17:20:44.536569,VIDEO_REJECTED,cyclo rejected video,freq=161032967.03296703,score=0
2026-04-24T17:20:44.541081,PLATEAU_CONFIRMED,Wideband signal detected,freq=174185592.18559217,bw=5.33203125,hits=3
2026-04-24T17:20:44.614127,VIDEO_REJECTED,cyclo rejected video,freq=174185592.18559217,score=0
2026-04-24T17:20:44.660914,PLATEAU_CONFIRMED,Wideband signal detected,freq=205208791.2087912,bw=6.1328125,hits=7
2026-04-24T17:20:44.694650,VIDEO_REJECTED,cyclo rejected video,freq=205208791.2087912,score=1
2026-04-24T17:20:44.698675,PLATEAU_CONFIRMED,Wideband signal detected,freq=225013431.013431,bw=5.46875,hits=6
2026-04-24T17:20:44.783343,VIDEO_REJECTED,cyclo rejected video,freq=225013431.013431,score=0
2026-04-24T17:20:44.790828,PLATEAU_CONFIRMED,Wideband signal detected,freq=245172161.17216116,bw=8.759765625,hits=8
2026-04-24T17:20:44.824078,VIDEO_REJECTED,cyclo rejected video,freq=245172161.17216116,score=1
2026-04-24T17:20:44.832936,PLATEAU_CONFIRMED,Wideband signal detected,freq=265106227.1062271,bw=7.1435546875,hits=9
2026-04-24T17:20:44.859851,VIDEO_REJECTED,cyclo rejected video,freq=265106227.1062271,score=0
2026-04-24T17:20:44.948872,PLATEAU_CONFIRMED,Wideband signal detected,freq=314229548.2295482,bw=4.21875,hits=3
2026-04-24T17:20:44.977299,VIDEO_REJECTED,cyclo rejected video,freq=314229548.2295482,score=0
2026-04-24T17:20:45.026648,PLATEAU_REJECTED,Not enough hits,hits=1,required=3,freq=360000000
2026-04-24T17:20:45.857724,PLATEAU_CONFIRMED,Wideband signal detected,freq=481995115.995116,bw=7.8271484375,hits=8
2026-04-24T17:20:45.873883,VIDEO_REJECTED,cyclo rejected video,freq=481995115.995116,score=0
2026-04-24T17:20:45.947006,PLATEAU_CONFIRMED,Wideband signal detected,freq=502466422.46642244,bw=7.802734375,hits=10
2026-04-24T17:20:46.247364,PLATEAU_CONFIRMED,Wideband signal detected,freq=528041514.04151404,bw=3.92578125,hits=8
2026-04-24T17:20:46.247336,VIDEO_REJECTED,cyclo rejected video,freq=502466422.46642244,score=0
2026-04-24T17:20:46.565141,VIDEO_REJECTED,cyclo rejected video,freq=528041514.04151404,score=0
2026-04-24T17:20:46.714058,PLATEAU_CONFIRMED,Wideband signal detected,freq=531951159.95115995,bw=3.9208984375,hits=10
2026-04-24T17:20:47.054251,VIDEO_REJECTED,cyclo rejected video,freq=531951159.95115995,score=0
2026-04-24T17:20:47.125625,PLATEAU_CONFIRMED,Wideband signal detected,freq=559997557.997558,bw=3.916015625,hits=10
2026-04-24T17:20:47.297066,VIDEO_REJECTED,cyclo rejected video,freq=559997557.997558,score=0
2026-04-24T17:20:47.392362,PLATEAU_CONFIRMED,Wideband signal detected,freq=588051282.051282,bw=3.896484375,hits=10
2026-04-24T17:20:47.433411,VIDEO_REJECTED,cyclo rejected video,freq=588051282.051282,score=0
2026-04-24T17:20:47.439050,PLATEAU_CONFIRMED,Wideband signal detected,freq=602542124.5421245,bw=8.427734375,hits=5
2026-04-24T17:20:47.558364,VIDEO_REJECTED,cyclo rejected video,freq=602542124.5421245,score=0
2026-04-24T17:20:47.730387,PLATEAU_CONFIRMED,Wideband signal detected,freq=625980463.980464,bw=7.79296875,hits=8
2026-04-24T17:20:47.746198,VIDEO_REJECTED,cyclo rejected video,freq=625980463.980464,score=0
2026-04-24T17:20:47.837663,PLATEAU_CONFIRMED,Wideband signal detected,freq=646534798.5347985,bw=8.3642578125,hits=10
2026-04-24T17:20:47.867503,VIDEO_REJECTED,cyclo rejected video,freq=646534798.5347985,score=0
2026-04-24T17:20:47.873206,PLATEAU_CONFIRMED,Wideband signal detected,freq=663616605.6166056,bw=8.0322265625,hits=5
2026-04-24T17:20:47.903564,VIDEO_REJECTED,cyclo rejected video,freq=663616605.6166056,score=0
2026-04-24T17:20:47.908686,PLATEAU_REJECTED,Not enough hits,hits=2,required=3,freq=680000000
2026-04-24T17:20:47.937389,PLATEAU_REJECTED,Not enough hits,hits=2,required=3,freq=700000000
2026-04-24T17:20:47.967032,PLATEAU_REJECTED,Not enough hits,hits=1,required=3,freq=720000000
2026-04-24T17:20:48.021015,PLATEAU_REJECTED,Not enough hits,hits=1,required=3,freq=760000000
2026-04-24T17:20:48.125053,PLATEAU_REJECTED,Not enough hits,hits=1,required=3,freq=840000000
2026-04-24T17:20:48.259019,PLATEAU_CONFIRMED,Wideband signal detected,freq=914185592.1855922,bw=5.7763671875,hits=7
2026-04-24T17:20:48.435948,VIDEO_REJECTED,cyclo rejected video,freq=914185592.1855922,score=3
2026-04-24T17:20:48.511696,PLATEAU_CONFIRMED,Wideband signal detected,freq=937619047.6190476,bw=9.6240234375,hits=9
2026-04-24T17:20:48.519638,VIDEO_REJECTED,cyclo rejected video,freq=937619047.6190476,score=0
2026-04-24T17:20:48.585144,PLATEAU_CONFIRMED,Wideband signal detected,freq=953877899.8778999,bw=6.533203125,hits=9
2026-04-24T17:20:48.630076,VIDEO_REJECTED,cyclo rejected video,freq=953877899.8778999,score=0
2026-04-24T17:20:48.634200,PLATEAU_CONFIRMED,Wideband signal detected,freq=973946275.946276,bw=6.1865234375,hits=10
2026-04-24T17:20:48.657135,VIDEO_REJECTED,cyclo rejected video,freq=973946275.946276,score=0
2026-04-24T17:20:48.901871,PLATEAU_REJECTED,Not enough hits,hits=1,required=3,freq=1180000000
2026-04-24T17:20:49.135709,PLATEAU_CONFIRMED,Wideband signal detected,freq=1239684981.6849816,bw=7.24609375,hits=8
2026-04-24T17:20:49.195843,VIDEO_CONFIRMED,cyclo confirmed video,freq=1239684981.6849816,score=8
2026-04-24T17:20:49.203352,PLATEAU_CONFIRMED,Wideband signal detected,freq=1259426129.4261293,bw=6.630859375,hits=9
2026-04-24T17:20:49.230556,VIDEO_REJECTED,cyclo rejected video,freq=1259426129.4261293,score=1
2026-04-24T17:20:49.284963,PLATEAU_REJECTED,Not enough hits,hits=2,required=3,freq=1320000000
2026-04-24T17:20:49.883314,PLATEAU_CONFIRMED,Wideband signal detected,freq=1767250305.2503052,bw=5.029296875,hits=5
2026-04-24T17:20:49.916752,VIDEO_REJECTED,cyclo rejected video,freq=1767250305.2503052,score=0
2026-04-24T17:20:49.941196,PLATEAU_CONFIRMED,Wideband signal detected,freq=1785457875.4578755,bw=6.7724609375,hits=5
2026-04-24T17:20:50.153930,VIDEO_REJECTED,cyclo rejected video,freq=1785457875.4578755,score=0
2026-04-24T17:20:50.219388,PLATEAU_CONFIRMED,Wideband signal detected,freq=1807816849.8168497,bw=4.51171875,hits=8
2026-04-24T17:20:50.232318,VIDEO_REJECTED,cyclo rejected video,freq=1807816849.8168497,score=0
2026-04-24T17:20:50.550084,PLATEAU_CONFIRMED,Wideband signal detected,freq=1827648351.6483517,bw=4.78515625,hits=10
2026-04-24T17:20:50.566427,VIDEO_REJECTED,cyclo rejected video,freq=1827648351.6483517,score=0
2026-04-24T17:20:50.624676,PLATEAU_CONFIRMED,Wideband signal detected,freq=1847465201.4652014,bw=7.4853515625,hits=9
2026-04-24T17:20:50.662073,VIDEO_REJECTED,cyclo rejected video,freq=1847465201.4652014,score=0
2026-04-24T17:20:50.671132,PLATEAU_CONFIRMED,Wideband signal detected,freq=1856417582.4175825,bw=9.921875,hits=10
2026-04-24T17:20:50.752735,VIDEO_REJECTED,cyclo rejected video,freq=1856417582.4175825,score=1
2026-04-24T17:20:50.760852,PLATEAU_CONFIRMED,Wideband signal detected,freq=1874979242.9792428,bw=9.8095703125,hits=10
2026-04-24T17:20:50.807428,VIDEO_REJECTED,cyclo rejected video,freq=1874979242.9792428,score=1
2026-04-24T17:20:50.817766,PLATEAU_CONFIRMED,Wideband signal detected,freq=1896080586.0805862,bw=8.5107421875,hits=10
2026-04-24T17:20:50.842878,VIDEO_REJECTED,cyclo rejected video,freq=1896080586.0805862,score=0
2026-04-24T17:20:50.878189,PLATEAU_REJECTED,Not enough hits,hits=2,required=3,freq=1940000000
2026-04-24T17:20:50.916743,PLATEAU_CONFIRMED,Wideband signal detected,freq=1963382173.3821733,bw=9.9169921875,hits=8
2026-04-24T17:20:50.944882,VIDEO_REJECTED,cyclo rejected video,freq=1963382173.3821733,score=0
2026-04-24T17:20:50.948553,PLATEAU_REJECTED,Not enough hits,hits=1,required=3,freq=1980000000
2026-04-24T17:20:50.979563,PLATEAU_REJECTED,Not enough hits,hits=2,required=3,freq=2000000000
2026-04-24T17:20:51.015266,PLATEAU_CONFIRMED,Wideband signal detected,freq=2023372405.3724053,bw=3.8427734375,hits=5
2026-04-24T17:20:51.044848,VIDEO_REJECTED,cyclo rejected video,freq=2023372405.3724053,score=0
2026-04-24T17:20:51.064954,PLATEAU_CONFIRMED,Wideband signal detected,freq=2038312576.3125763,bw=8.8525390625,hits=3
2026-04-24T17:20:51.122457,VIDEO_REJECTED,cyclo rejected video,freq=2038312576.3125763,score=0
2026-04-24T17:20:51.194187,PLATEAU_CONFIRMED,Wideband signal detected,freq=2055626373.6263735,bw=9.0966796875,hits=9
2026-04-24T17:20:51.366276,VIDEO_REJECTED,cyclo rejected video,freq=2055626373.6263735,score=0
2026-04-24T17:20:51.530375,PLATEAU_CONFIRMED,Wideband signal detected,freq=2074688644.6886446,bw=7.7978515625,hits=10
2026-04-24T17:20:51.544181,VIDEO_REJECTED,cyclo rejected video,freq=2074688644.6886446,score=0
2026-04-24T17:20:51.718802,PLATEAU_CONFIRMED,Wideband signal detected,freq=2093404151.4041514,bw=6.5966796875,hits=10
2026-04-24T17:20:51.750331,VIDEO_REJECTED,cyclo rejected video,freq=2093404151.4041514,score=0
2026-04-24T17:20:51.765528,PLATEAU_CONFIRMED,Wideband signal detected,freq=2119572649.5726495,bw=8.2080078125,hits=7
2026-04-24T17:20:51.942185,VIDEO_REJECTED,cyclo rejected video,freq=2119572649.5726495,score=0
2026-04-24T17:20:52.049165,PLATEAU_CONFIRMED,Wideband signal detected,freq=2144820512.8205128,bw=9.00390625,hits=8
2026-04-24T17:20:52.066458,VIDEO_REJECTED,cyclo rejected video,freq=2144820512.8205128,score=0
2026-04-24T17:20:52.150034,PLATEAU_CONFIRMED,Wideband signal detected,freq=2164561660.561661,bw=8.5595703125,hits=10
2026-04-24T17:20:52.350904,VIDEO_REJECTED,cyclo rejected video,freq=2164561660.561661,score=0
2026-04-24T17:20:52.500268,PLATEAU_CONFIRMED,Wideband signal detected,freq=2186129426.129426,bw=7.197265625,hits=8
2026-04-24T17:20:52.751623,VIDEO_REJECTED,cyclo rejected video,freq=2186129426.129426,score=0
2026-04-24T17:20:52.760626,PLATEAU_CONFIRMED,Wideband signal detected,freq=2206446886.4468865,bw=7.0458984375,hits=10
2026-04-24T17:20:52.783047,VIDEO_REJECTED,cyclo rejected video,freq=2206446886.4468865,score=0
2026-04-24T17:20:52.979900,PLATEAU_CONFIRMED,Wideband signal detected,freq=2359619047.6190476,bw=7.5439453125,hits=6
2026-04-24T17:20:53.013944,VIDEO_REJECTED,cyclo rejected video,freq=2359619047.6190476,score=0
2026-04-24T17:20:53.022212,PLATEAU_CONFIRMED,Wideband signal detected,freq=2378273504.2735043,bw=5.2783203125,hits=4
2026-04-24T17:20:53.262738,VIDEO_REJECTED,cyclo rejected video,freq=2378273504.2735043,score=0
2026-04-24T17:20:53.341641,PLATEAU_CONFIRMED,Wideband signal detected,freq=2391997557.997558,bw=4.912109375,hits=9
2026-04-24T17:20:53.560758,VIDEO_REJECTED,cyclo rejected video,freq=2391997557.997558,score=1
2026-04-24T17:20:53.566295,PLATEAU_CONFIRMED,Wideband signal detected,freq=2428014652.0146523,bw=3.9990234375,hits=10
2026-04-24T17:20:53.588125,VIDEO_REJECTED,cyclo rejected video,freq=2428014652.0146523,score=0
2026-04-24T17:20:53.644465,PLATEAU_CONFIRMED,Wideband signal detected,freq=2451982905.982906,bw=3.9013671875,hits=3
2026-04-24T17:20:53.686965,VIDEO_REJECTED,cyclo rejected video,freq=2451982905.982906,score=0
2026-04-24T17:20:53.687040,PLATEAU_CONFIRMED,Wideband signal detected,freq=2485575091.5750914,bw=5.263671875,hits=7
2026-04-24T17:20:53.710095,VIDEO_REJECTED,cyclo rejected video,freq=2485575091.5750914,score=0
2026-04-24T17:20:53.827697,PLATEAU_REJECTED,Not enough hits,hits=2,required=3,freq=2580000000
2026-04-24T17:20:53.860976,PLATEAU_REJECTED,Not enough hits,hits=2,required=3,freq=2600000000
2026-04-24T17:20:54.017464,PLATEAU_CONFIRMED,Wideband signal detected,freq=2612649572.6495724,bw=4.814453125,hits=10
2026-04-24T17:20:54.053251,VIDEO_REJECTED,cyclo rejected video,freq=2612649572.6495724,score=0
2026-04-24T17:20:54.060913,PLATEAU_CONFIRMED,Wideband signal detected,freq=2632871794.8717947,bw=4.7998046875,hits=7
2026-04-24T17:20:54.221156,VIDEO_REJECTED,cyclo rejected video,freq=2632871794.8717947,score=0
2026-04-24T17:20:54.254107,PLATEAU_CONFIRMED,Wideband signal detected,freq=2656515262.5152626,bw=6.552734375,hits=8
2026-04-24T17:20:54.307213,VIDEO_REJECTED,cyclo rejected video,freq=2656515262.5152626,score=0
2026-04-24T17:20:54.311512,PLATEAU_CONFIRMED,Wideband signal detected,freq=2672219780.21978,bw=4.169921875,hits=4
2026-04-24T17:20:54.334193,VIDEO_REJECTED,cyclo rejected video,freq=2672219780.21978,score=0
2026-04-24T17:20:54.406892,PLATEAU_CONFIRMED,Wideband signal detected,freq=2735304029.3040295,bw=7.5634765625,hits=5
2026-04-24T17:20:54.434525,VIDEO_REJECTED,cyclo rejected video,freq=2735304029.3040295,score=0
2026-04-24T17:20:54.696182,PLATEAU_REJECTED,Not enough hits,hits=1,required=3,freq=2960000000
2026-04-24T17:20:54.823042,PLATEAU_CONFIRMED,Wideband signal detected,freq=3024583638.5836387,bw=8.5595703125,hits=5
2026-04-24T17:20:54.848942,VIDEO_REJECTED,cyclo rejected video,freq=3024583638.5836387,score=0
2026-04-24T17:20:54.856968,PLATEAU_CONFIRMED,Wideband signal detected,freq=3041360195.360195,bw=7.197265625,hits=3
2026-04-24T17:20:54.882391,VIDEO_REJECTED,cyclo rejected video,freq=3041360195.360195,score=0
2026-04-24T17:20:54.925340,PLATEAU_CONFIRMED,Wideband signal detected,freq=3075308913.308913,bw=5.908203125,hits=4
2026-04-24T17:20:54.954518,VIDEO_REJECTED,cyclo rejected video,freq=3075308913.308913,score=0
2026-04-24T17:20:54.957961,PLATEAU_CONFIRMED,Wideband signal detected,freq=3095538461.5384617,bw=4.90234375,hits=5
2026-04-24T17:20:54.981292,VIDEO_REJECTED,cyclo rejected video,freq=3095538461.5384617,score=0
2026-04-24T17:20:55.130720,PLATEAU_CONFIRMED,Wideband signal detected,freq=3220568986.5689864,bw=4.9951171875,hits=3
2026-04-24T17:20:55.157915,VIDEO_REJECTED,cyclo rejected video,freq=3220568986.5689864,score=0
2026-04-24T17:20:55.316779,PLATEAU_CONFIRMED,Wideband signal detected,freq=3367582417.5824175,bw=3.6328125,hits=3
2026-04-24T17:20:55.347978,VIDEO_REJECTED,cyclo rejected video,freq=3367582417.5824175,score=0
2026-04-24T17:20:55.369302,PLATEAU_CONFIRMED,Wideband signal detected,freq=3382705738.705739,bw=8.2763671875,hits=6
2026-04-24T17:20:55.397472,VIDEO_REJECTED,cyclo rejected video,freq=3382705738.705739,score=0
2026-04-24T17:20:55.401263,PLATEAU_REJECTED,Not enough hits,hits=2,required=3,freq=3400000000
2026-04-24T17:20:55.502718,PLATEAU_CONFIRMED,Wideband signal detected,freq=3426825396.825397,bw=5.5224609375,hits=5
2026-04-24T17:20:55.536936,VIDEO_REJECTED,cyclo rejected video,freq=3426825396.825397,score=0
2026-04-24T17:20:55.551941,PLATEAU_CONFIRMED,Wideband signal detected,freq=3446083028.0830283,bw=9.1552734375,hits=5
2026-04-24T17:20:55.597743,PLATEAU_CONFIRMED,Wideband signal detected,freq=3460959706.959707,bw=7.0751953125,hits=9
2026-04-24T17:20:55.598317,VIDEO_REJECTED,cyclo rejected video,freq=3446083028.0830283,score=0
2026-04-24T17:20:55.630166,VIDEO_REJECTED,cyclo rejected video,freq=3460959706.959707,score=0
2026-04-24T17:20:55.634462,PLATEAU_CONFIRMED,Wideband signal detected,freq=3473587301.5873013,bw=7.099609375,hits=4
2026-04-24T17:20:55.666256,VIDEO_REJECTED,cyclo rejected video,freq=3473587301.5873013,score=0
2026-04-24T17:20:55.674636,PLATEAU_CONFIRMED,Wideband signal detected,freq=3501531135.5311356,bw=7.880859375,hits=6
2026-04-24T17:20:55.713228,PLATEAU_CONFIRMED,Wideband signal detected,freq=3520622710.6227107,bw=5.8984375,hits=3
2026-04-24T17:20:55.713156,VIDEO_REJECTED,cyclo rejected video,freq=3501531135.5311356,score=0
2026-04-24T17:20:55.745447,VIDEO_REJECTED,cyclo rejected video,freq=3520622710.6227107,score=0
2026-04-24T17:20:55.762495,PLATEAU_CONFIRMED,Wideband signal detected,freq=3535724053.724054,bw=9.033203125,hits=9
2026-04-24T17:20:55.793729,VIDEO_REJECTED,cyclo rejected video,freq=3535724053.724054,score=0
2026-04-24T17:20:55.799322,PLATEAU_CONFIRMED,Wideband signal detected,freq=3567020757.020757,bw=5.2392578125,hits=7
2026-04-24T17:20:55.825751,VIDEO_REJECTED,cyclo rejected video,freq=3567020757.020757,score=0
2026-04-24T17:20:55.836637,PLATEAU_CONFIRMED,Wideband signal detected,freq=3584329670.3296704,bw=9.04296875,hits=9
2026-04-24T17:20:55.920758,VIDEO_REJECTED,cyclo rejected video,freq=3584329670.3296704,score=0
2026-04-24T17:20:55.946105,PLATEAU_CONFIRMED,Wideband signal detected,freq=3606234432.234432,bw=8.0517578125,hits=7
2026-04-24T17:20:56.060728,VIDEO_REJECTED,cyclo rejected video,freq=3606234432.234432,score=0
2026-04-24T17:20:56.082456,PLATEAU_CONFIRMED,Wideband signal detected,freq=3625926739.9267397,bw=7.3828125,hits=7
2026-04-24T17:20:56.324666,PLATEAU_CONFIRMED,Wideband signal detected,freq=3645140415.140415,bw=10.0,hits=9
2026-04-24T17:20:56.324837,VIDEO_REJECTED,cyclo rejected video,freq=3625926739.9267397,score=0
2026-04-24T17:20:56.369547,PLATEAU_CONFIRMED,Wideband signal detected,freq=3664119658.119658,bw=8.57421875,hits=9
2026-04-24T17:20:56.369858,VIDEO_REJECTED,cyclo rejected video,freq=3645140415.140415,score=0
2026-04-24T17:20:56.419792,VIDEO_REJECTED,cyclo rejected video,freq=3664119658.119658,score=0
2026-04-24T17:20:56.424304,PLATEAU_CONFIRMED,Wideband signal detected,freq=3687426129.4261293,bw=5.44921875,hits=5
2026-04-24T17:20:56.445900,VIDEO_REJECTED,cyclo rejected video,freq=3687426129.4261293,score=0
2026-04-24T17:20:56.491366,PLATEAU_CONFIRMED,Wideband signal detected,freq=3717990231.990232,bw=7.216796875,hits=4
2026-04-24T17:20:56.520308,VIDEO_REJECTED,cyclo rejected video,freq=3717990231.990232,score=0
2026-04-24T17:20:56.524198,PLATEAU_REJECTED,Not enough hits,hits=2,required=3,freq=3740000000
2026-04-24T17:20:56.556151,PLATEAU_REJECTED,Not enough hits,hits=2,required=3,freq=3760000000
2026-04-24T17:20:56.584615,PLATEAU_REJECTED,Not enough hits,hits=2,required=3,freq=3780000000
2026-04-24T17:20:56.623077,PLATEAU_CONFIRMED,Wideband signal detected,freq=3796324786.324786,bw=5.771484375,hits=7
2026-04-24T17:20:56.658800,VIDEO_REJECTED,cyclo rejected video,freq=3796324786.324786,score=0
2026-04-24T17:20:56.707855,PLATEAU_CONFIRMED,Wideband signal detected,freq=3815489621.4896216,bw=9.013671875,hits=7
2026-04-24T17:20:56.741844,VIDEO_REJECTED,cyclo rejected video,freq=3815489621.4896216,score=0
2026-04-24T17:20:56.781691,PLATEAU_CONFIRMED,Wideband signal detected,freq=3833452991.4529915,bw=5.029296875,hits=6
2026-04-24T17:20:56.924601,VIDEO_REJECTED,cyclo rejected video,freq=3833452991.4529915,score=0
2026-04-24T17:20:57.014539,PLATEAU_CONFIRMED,Wideband signal detected,freq=3853010989.010989,bw=5.966796875,hits=10
2026-04-24T17:20:57.108571,VIDEO_REJECTED,cyclo rejected video,freq=3853010989.010989,score=0
2026-04-24T17:20:57.158205,PLATEAU_CONFIRMED,Wideband signal detected,freq=3884339438.3394384,bw=8.6181640625,hits=9
2026-04-24T17:20:57.188100,VIDEO_REJECTED,cyclo rejected video,freq=3884339438.3394384,score=0
2026-04-24T17:20:57.198350,PLATEAU_CONFIRMED,Wideband signal detected,freq=3904161172.161172,bw=5.849609375,hits=4
2026-04-24T17:20:57.226287,VIDEO_REJECTED,cyclo rejected video,freq=3904161172.161172,score=0
2026-04-24T17:20:57.377121,PLATEAU_CONFIRMED,Wideband signal detected,freq=3933697191.697191,bw=5.9326171875,hits=6
2026-04-24T17:20:57.410743,VIDEO_REJECTED,cyclo rejected video,freq=3933697191.697191,score=0
2026-04-24T17:20:57.414074,PLATEAU_CONFIRMED,Wideband signal detected,freq=3953882783.882784,bw=4.9462890625,hits=6
2026-04-24T17:20:57.435359,VIDEO_REJECTED,cyclo rejected video,freq=3953882783.882784,score=0
2026-04-24T17:20:57.523874,PLATEAU_REJECTED,Not enough hits,hits=1,required=3,freq=4040000000
2026-04-24T17:20:57.579253,PLATEAU_CONFIRMED,Wideband signal detected,freq=4074170940.1709404,bw=4.970703125,hits=3
2026-04-24T17:20:57.602223,VIDEO_REJECTED,cyclo rejected video,freq=4074170940.1709404,score=0
2026-04-24T17:20:57.730151,PLATEAU_CONFIRMED,Wideband signal detected,freq=4158068376.068376,bw=8.408203125,hits=5
2026-04-24T17:20:57.770999,VIDEO_REJECTED,cyclo rejected video,freq=4158068376.068376,score=0
2026-04-24T17:20:57.774023,PLATEAU_CONFIRMED,Wideband signal detected,freq=4178390720.3907204,bw=5.8642578125,hits=7
2026-04-24T17:20:57.797147,VIDEO_REJECTED,cyclo rejected video,freq=4178390720.3907204,score=0
2026-04-24T17:20:58.064820,PLATEAU_REJECTED,Not enough hits,hits=2,required=3,freq=4400000000
2026-04-24T17:20:58.817523,PLATEAU_CONFIRMED,Wideband signal detected,freq=4987013431.013432,bw=5.361328125,hits=4
2026-04-24T17:20:58.853370,VIDEO_REJECTED,cyclo rejected video,freq=4987013431.013432,score=0
2026-04-24T17:20:58.861821,PLATEAU_CONFIRMED,Wideband signal detected,freq=5004481074.481074,bw=7.55859375,hits=5
2026-04-24T17:20:58.902902,VIDEO_REJECTED,cyclo rejected video,freq=5004481074.481074,score=0
2026-04-24T17:20:58.909745,PLATEAU_CONFIRMED,Wideband signal detected,freq=5023172161.172161,bw=6.9287109375,hits=6
2026-04-24T17:20:58.940199,VIDEO_REJECTED,cyclo rejected video,freq=5023172161.172161,score=0
2026-04-24T17:20:58.946096,PLATEAU_CONFIRMED,Wideband signal detected,freq=5037384615.384615,bw=5.5322265625,hits=5
2026-04-24T17:20:58.973979,VIDEO_REJECTED,cyclo rejected video,freq=5037384615.384615,score=0
2026-04-24T17:20:58.978381,PLATEAU_REJECTED,Not enough hits,hits=1,required=3,freq=5060000000
2026-04-24T17:20:59.009413,PLATEAU_CONFIRMED,Wideband signal detected,freq=5083826617.826618,bw=4.55078125,hits=7
2026-04-24T17:20:59.035968,VIDEO_REJECTED,cyclo rejected video,freq=5083826617.826618,score=0
