2026-04-24T17:43:29.136229,SDR_READ_ERROR,readStream failed,code=0
2026-04-24T17:43:29.171275,PLATEAU_REJECTED,Not enough hits,hits=1,required=3,freq=100000000
2026-04-24T17:43:29.197364,ZERO_BUFFER,All samples are zero
2026-04-24T17:43:29.226827,ZERO_BUFFER,All samples are zero
2026-04-24T17:43:29.230912,PLATEAU_CONFIRMED,Wideband signal detected,freq=145306471.30647132,bw=7.28515625,hits=4
2026-04-24T17:43:29.251236,VIDEO_REJECTED,autocorr rejected video,freq=145306471.30647132,score=0.0
2026-04-24T17:43:29.265761,PLATEAU_CONFIRMED,Wideband signal detected,freq=157167277.16727716,bw=9.6240234375,hits=4
2026-04-24T17:43:29.288839,VIDEO_REJECTED,autocorr rejected video,freq=157167277.16727716,score=0.0
2026-04-24T17:43:29.298876,PLATEAU_CONFIRMED,Wideband signal detected,freq=173921855.92185593,bw=4.384765625,hits=3
2026-04-24T17:43:29.336866,VIDEO_REJECTED,autocorr rejected video,freq=173921855.92185593,score=0.0
2026-04-24T17:43:29.455572,PLATEAU_CONFIRMED,Wideband signal detected,freq=205728937.72893775,bw=6.5625,hits=8
2026-04-24T17:43:29.488463,VIDEO_REJECTED,autocorr rejected video,freq=205728937.72893775,score=0.0
2026-04-24T17:43:29.499689,PLATEAU_CONFIRMED,Wideband signal detected,freq=226310134.3101343,bw=6.494140625,hits=10
2026-04-24T17:43:29.520670,VIDEO_REJECTED,autocorr rejected video,freq=226310134.3101343,score=0.0
2026-04-24T17:43:29.639719,PLATEAU_REJECTED,Not enough hits,hits=1,required=3,freq=320000000
2026-04-24T17:43:29.668318,PLATEAU_REJECTED,Not enough hits,hits=2,required=3,freq=340000000
2026-04-24T17:43:29.751104,PLATEAU_REJECTED,Not enough hits,hits=1,required=3,freq=400000000
2026-04-24T17:43:30.509896,PLATEAU_CONFIRMED,Wideband signal detected,freq=482000000.0,bw=7.802734375,hits=9
2026-04-24T17:43:30.715574,VIDEO_REJECTED,autocorr rejected video,freq=482000000.0,score=0.0
2026-04-24T17:43:30.866723,PLATEAU_CONFIRMED,Wideband signal detected,freq=502058608.05860806,bw=7.75390625,hits=10
2026-04-24T17:43:30.960531,VIDEO_REJECTED,autocorr rejected video,freq=502058608.05860806,score=0.0
2026-04-24T17:43:31.080282,PLATEAU_CONFIRMED,Wideband signal detected,freq=528051282.05128205,bw=3.896484375,hits=8
2026-04-24T17:43:31.194292,VIDEO_REJECTED,autocorr rejected video,freq=528051282.05128205,score=0.0
2026-04-24T17:43:31.435829,PLATEAU_CONFIRMED,Wideband signal detected,freq=531948717.94871795,bw=3.9013671875,hits=10
2026-04-24T17:43:31.455939,VIDEO_REJECTED,autocorr rejected video,freq=531948717.94871795,score=0.0
2026-04-24T17:43:31.708651,PLATEAU_CONFIRMED,Wideband signal detected,freq=551948717.948718,bw=3.90625,hits=10
2026-04-24T17:43:31.835477,VIDEO_REJECTED,autocorr rejected video,freq=551948717.948718,score=0.0
2026-04-24T17:43:31.945246,PLATEAU_CONFIRMED,Wideband signal detected,freq=579985347.985348,bw=3.9306640625,hits=10
2026-04-24T17:43:31.959113,VIDEO_REJECTED,autocorr rejected video,freq=579985347.985348,score=0.0
2026-04-24T17:43:32.010864,PLATEAU_CONFIRMED,Wideband signal detected,freq=603067155.0671551,bw=4.1845703125,hits=8
2026-04-24T17:43:32.071643,VIDEO_REJECTED,autocorr rejected video,freq=603067155.0671551,score=0.0
2026-04-24T17:43:32.261293,PLATEAU_CONFIRMED,Wideband signal detected,freq=625975579.97558,bw=7.71484375,hits=9
2026-04-24T17:43:32.305876,VIDEO_REJECTED,autocorr rejected video,freq=625975579.97558,score=0.0
2026-04-24T17:43:32.327463,PLATEAU_CONFIRMED,Wideband signal detected,freq=645877899.8778999,bw=5.9228515625,hits=10
2026-04-24T17:43:32.346656,VIDEO_REJECTED,autocorr rejected video,freq=645877899.8778999,score=0.0
2026-04-24T17:43:32.359247,PLATEAU_CONFIRMED,Wideband signal detected,freq=665194139.1941392,bw=5.263671875,hits=3
2026-04-24T17:43:32.383940,VIDEO_REJECTED,autocorr rejected video,freq=665194139.1941392,score=0.0
2026-04-24T17:43:32.397014,PLATEAU_CONFIRMED,Wideband signal detected,freq=683655677.6556777,bw=5.44921875,hits=10
2026-04-24T17:43:32.418834,VIDEO_REJECTED,autocorr rejected video,freq=683655677.6556777,score=0.0
2026-04-24T17:43:32.457239,PLATEAU_REJECTED,Not enough hits,hits=2,required=3,freq=720000000
2026-04-24T17:43:32.485487,PLATEAU_REJECTED,Not enough hits,hits=1,required=3,freq=740000000
2026-04-24T17:43:32.540382,PLATEAU_REJECTED,Not enough hits,hits=1,required=3,freq=780000000
2026-04-24T17:43:32.636873,PLATEAU_REJECTED,Not enough hits,hits=2,required=3,freq=840000000
2026-04-24T17:43:32.743816,PLATEAU_CONFIRMED,Wideband signal detected,freq=899333333.3333334,bw=8.4375,hits=7
2026-04-24T17:43:32.764308,VIDEO_REJECTED,autocorr rejected video,freq=899333333.3333334,score=0.0
2026-04-24T17:43:32.930188,PLATEAU_REJECTED,Not enough hits,hits=2,required=3,freq=940000000
2026-04-24T17:43:33.049710,PLATEAU_CONFIRMED,Wideband signal detected,freq=953995115.995116,bw=9.7119140625,hits=5
2026-04-24T17:43:33.080726,VIDEO_REJECTED,autocorr rejected video,freq=953995115.995116,score=0.0
2026-04-24T17:43:33.089930,PLATEAU_CONFIRMED,Wideband signal detected,freq=975304029.3040293,bw=9.66796875,hits=9
2026-04-24T17:43:33.107080,VIDEO_REJECTED,autocorr rejected video,freq=975304029.3040293,score=0.0
2026-04-24T17:43:33.389750,PLATEAU_REJECTED,Not enough hits,hits=1,required=3,freq=1200000000
2026-04-24T17:43:33.670717,PLATEAU_CONFIRMED,Wideband signal detected,freq=1239221001.2210011,bw=9.51171875,hits=9
2026-04-24T17:43:33.735845,VIDEO_CONFIRMED,autocorr confirmed video,freq=1239221001.2210011,score=0.9
2026-04-24T17:43:33.760122,PLATEAU_CONFIRMED,Wideband signal detected,freq=1258910866.9108667,bw=6.66015625,hits=10
2026-04-24T17:43:33.778929,VIDEO_REJECTED,autocorr rejected video,freq=1258910866.9108667,score=0.1
2026-04-24T17:43:34.024776,PLATEAU_REJECTED,Not enough hits,hits=1,required=3,freq=1440000000
2026-04-24T17:43:34.400451,PLATEAU_REJECTED,Not enough hits,hits=2,required=3,freq=1720000000
2026-04-24T17:43:34.466906,PLATEAU_CONFIRMED,Wideband signal detected,freq=1767103785.103785,bw=3.8916015625,hits=5
2026-04-24T17:43:34.500829,VIDEO_REJECTED,autocorr rejected video,freq=1767103785.103785,score=0.0
2026-04-24T17:43:34.522823,PLATEAU_CONFIRMED,Wideband signal detected,freq=1786830280.8302808,bw=6.9140625,hits=7
2026-04-24T17:43:34.598124,VIDEO_REJECTED,autocorr rejected video,freq=1786830280.8302808,score=0.0
2026-04-24T17:43:34.713931,PLATEAU_CONFIRMED,Wideband signal detected,freq=1806400488.4004884,bw=7.568359375,hits=9
2026-04-24T17:43:34.725450,VIDEO_REJECTED,autocorr rejected video,freq=1806400488.4004884,score=0.0
2026-04-24T17:43:34.998178,PLATEAU_CONFIRMED,Wideband signal detected,freq=1827934065.9340658,bw=4.2529296875,hits=10
2026-04-24T17:43:35.045595,VIDEO_REJECTED,autocorr rejected video,freq=1827934065.9340658,score=0.0
2026-04-24T17:43:35.068917,PLATEAU_CONFIRMED,Wideband signal detected,freq=1834984126.984127,bw=7.9052734375,hits=8
2026-04-24T17:43:35.102967,VIDEO_REJECTED,autocorr rejected video,freq=1834984126.984127,score=0.0
2026-04-24T17:43:35.116925,PLATEAU_CONFIRMED,Wideband signal detected,freq=1860598290.5982907,bw=6.865234375,hits=5
2026-04-24T17:43:35.151791,VIDEO_REJECTED,autocorr rejected video,freq=1860598290.5982907,score=0.0
2026-04-24T17:43:35.183300,PLATEAU_CONFIRMED,Wideband signal detected,freq=1875733821.7338216,bw=9.2138671875,hits=9
2026-04-24T17:43:35.217340,VIDEO_REJECTED,autocorr rejected video,freq=1875733821.7338216,score=0.0
2026-04-24T17:43:35.233468,PLATEAU_CONFIRMED,Wideband signal detected,freq=1895382173.3821733,bw=9.6142578125,hits=10
2026-04-24T17:43:35.252194,VIDEO_REJECTED,autocorr rejected video,freq=1895382173.3821733,score=0.0
2026-04-24T17:43:35.269005,PLATEAU_CONFIRMED,Wideband signal detected,freq=1924046398.0463982,bw=7.0849609375,hits=8
2026-04-24T17:43:35.293516,VIDEO_REJECTED,autocorr rejected video,freq=1924046398.0463982,score=0.0
2026-04-24T17:43:35.307709,PLATEAU_CONFIRMED,Wideband signal detected,freq=1936119658.1196582,bw=7.099609375,hits=9
2026-04-24T17:43:35.346032,VIDEO_REJECTED,autocorr rejected video,freq=1936119658.1196582,score=0.0
2026-04-24T17:43:35.353637,PLATEAU_CONFIRMED,Wideband signal detected,freq=1955904761.9047618,bw=7.6513671875,hits=9
2026-04-24T17:43:35.377776,VIDEO_REJECTED,autocorr rejected video,freq=1955904761.9047618,score=0.0
2026-04-24T17:43:35.439455,PLATEAU_REJECTED,Not enough hits,hits=1,required=3,freq=2020000000
2026-04-24T17:43:35.470548,PLATEAU_CONFIRMED,Wideband signal detected,freq=2039616605.6166055,bw=9.287109375,hits=3
2026-04-24T17:43:35.501421,VIDEO_REJECTED,autocorr rejected video,freq=2039616605.6166055,score=0.0
2026-04-24T17:43:35.556313,PLATEAU_CONFIRMED,Wideband signal detected,freq=2055084249.084249,bw=8.5693359375,hits=7
2026-04-24T17:43:35.616143,VIDEO_REJECTED,autocorr rejected video,freq=2055084249.084249,score=0.0
2026-04-24T17:43:35.645443,PLATEAU_CONFIRMED,Wideband signal detected,freq=2074361416.3614163,bw=7.91015625,hits=10
2026-04-24T17:43:35.682157,VIDEO_REJECTED,autocorr rejected video,freq=2074361416.3614163,score=0.0
2026-04-24T17:43:35.735963,PLATEAU_CONFIRMED,Wideband signal detected,freq=2093550671.5506716,bw=5.966796875,hits=10
2026-04-24T17:43:35.773198,VIDEO_REJECTED,autocorr rejected video,freq=2093550671.5506716,score=0.0
2026-04-24T17:43:35.788017,PLATEAU_CONFIRMED,Wideband signal detected,freq=2113010989.0109892,bw=7.9443359375,hits=8
2026-04-24T17:43:35.899686,VIDEO_REJECTED,autocorr rejected video,freq=2113010989.0109892,score=0.0
2026-04-24T17:43:36.140086,PLATEAU_CONFIRMED,Wideband signal detected,freq=2144766788.766789,bw=9.0380859375,hits=8
2026-04-24T17:43:36.339051,VIDEO_REJECTED,autocorr rejected video,freq=2144766788.766789,score=0.0
2026-04-24T17:43:36.497747,PLATEAU_CONFIRMED,Wideband signal detected,freq=2164654456.6544566,bw=8.857421875,hits=10
2026-04-24T17:43:36.587155,VIDEO_REJECTED,autocorr rejected video,freq=2164654456.6544566,score=0.0
2026-04-24T17:43:36.796381,PLATEAU_CONFIRMED,Wideband signal detected,freq=2186505494.5054946,bw=6.2548828125,hits=8
2026-04-24T17:43:36.926014,VIDEO_REJECTED,autocorr rejected video,freq=2186505494.5054946,score=0.0
2026-04-24T17:43:36.956664,PLATEAU_CONFIRMED,Wideband signal detected,freq=2206849816.849817,bw=4.599609375,hits=9
2026-04-24T17:43:36.978165,VIDEO_REJECTED,autocorr rejected video,freq=2206849816.849817,score=0.0
2026-04-24T17:43:37.141712,PLATEAU_REJECTED,Not enough hits,hits=1,required=3,freq=2340000000
2026-04-24T17:43:37.190975,PLATEAU_CONFIRMED,Wideband signal detected,freq=2358300366.3003664,bw=7.294921875,hits=8
2026-04-24T17:43:37.230783,VIDEO_REJECTED,autocorr rejected video,freq=2358300366.3003664,score=0.0
2026-04-24T17:43:37.257472,PLATEAU_CONFIRMED,Wideband signal detected,freq=2380720390.720391,bw=9.5556640625,hits=7
2026-04-24T17:43:37.323162,VIDEO_REJECTED,autocorr rejected video,freq=2380720390.720391,score=0.0
2026-04-24T17:43:37.503949,PLATEAU_CONFIRMED,Wideband signal detected,freq=2407797313.7973137,bw=4.404296875,hits=7
2026-04-24T17:43:37.618795,VIDEO_REJECTED,autocorr rejected video,freq=2407797313.7973137,score=0.0
2026-04-24T17:43:37.652319,PLATEAU_CONFIRMED,Wideband signal detected,freq=2411931623.931624,bw=3.8330078125,hits=6
2026-04-24T17:43:37.670700,VIDEO_REJECTED,autocorr rejected video,freq=2411931623.931624,score=0.0
2026-04-24T17:43:37.717864,PLATEAU_CONFIRMED,Wideband signal detected,freq=2466092796.0927963,bw=6.630859375,hits=3
2026-04-24T17:43:37.742479,VIDEO_REJECTED,autocorr rejected video,freq=2466092796.0927963,score=0.0
2026-04-24T17:43:37.916399,PLATEAU_REJECTED,Not enough hits,hits=1,required=3,freq=2600000000
2026-04-24T17:43:38.008680,PLATEAU_CONFIRMED,Wideband signal detected,freq=2644842490.8424907,bw=9.2431640625,hits=7
2026-04-24T17:43:38.081217,VIDEO_REJECTED,autocorr rejected video,freq=2644842490.8424907,score=0.0
2026-04-24T17:43:38.201903,PLATEAU_CONFIRMED,Wideband signal detected,freq=2652178266.178266,bw=4.365234375,hits=7
2026-04-24T17:43:38.279529,VIDEO_REJECTED,autocorr rejected video,freq=2652178266.178266,score=0.0
2026-04-24T17:43:38.299630,PLATEAU_CONFIRMED,Wideband signal detected,freq=2672329670.3296704,bw=3.955078125,hits=9
2026-04-24T17:43:38.321631,VIDEO_REJECTED,autocorr rejected video,freq=2672329670.3296704,score=0.0
2026-04-24T17:43:38.860158,PLATEAU_CONFIRMED,Wideband signal detected,freq=3024139194.139194,bw=7.734375,hits=7
2026-04-24T17:43:38.892710,VIDEO_REJECTED,autocorr rejected video,freq=3024139194.139194,score=0.0
2026-04-24T17:43:38.903327,PLATEAU_CONFIRMED,Wideband signal detected,freq=3042991452.991453,bw=6.748046875,hits=9
2026-04-24T17:43:38.925736,VIDEO_REJECTED,autocorr rejected video,freq=3042991452.991453,score=0.0
2026-04-24T17:43:39.522722,PLATEAU_CONFIRMED,Wideband signal detected,freq=3427203907.203907,bw=5.146484375,hits=6
2026-04-24T17:43:39.567442,VIDEO_REJECTED,autocorr rejected video,freq=3427203907.203907,score=0.0
2026-04-24T17:43:39.626214,PLATEAU_CONFIRMED,Wideband signal detected,freq=3446732600.732601,bw=9.84375,hits=10
2026-04-24T17:43:39.651731,VIDEO_REJECTED,autocorr rejected video,freq=3446732600.732601,score=0.0
2026-04-24T17:43:39.660174,PLATEAU_REJECTED,Not enough hits,hits=2,required=3,freq=3460000000
2026-04-24T17:43:39.697995,PLATEAU_CONFIRMED,Wideband signal detected,freq=3474012210.01221,bw=6.376953125,hits=6
2026-04-24T17:43:39.726983,VIDEO_REJECTED,autocorr rejected video,freq=3474012210.01221,score=0.0
2026-04-24T17:43:39.767458,PLATEAU_CONFIRMED,Wideband signal detected,freq=3493482295.4822955,bw=6.2646484375,hits=6
2026-04-24T17:43:39.791207,VIDEO_REJECTED,autocorr rejected video,freq=3493482295.4822955,score=0.0
2026-04-24T17:43:39.804390,PLATEAU_CONFIRMED,Wideband signal detected,freq=3514039072.039072,bw=3.544921875,hits=6
2026-04-24T17:43:39.826042,VIDEO_REJECTED,autocorr rejected video,freq=3514039072.039072,score=0.0
2026-04-24T17:43:39.863489,PLATEAU_CONFIRMED,Wideband signal detected,freq=3563504273.5042734,bw=5.4541015625,hits=4
2026-04-24T17:43:39.884345,VIDEO_REJECTED,autocorr rejected video,freq=3563504273.5042734,score=0.0
2026-04-24T17:43:39.896866,PLATEAU_CONFIRMED,Wideband signal detected,freq=3584124542.124542,bw=7.0068359375,hits=7
2026-04-24T17:43:39.915436,VIDEO_REJECTED,autocorr rejected video,freq=3584124542.124542,score=0.0
2026-04-24T17:43:39.973765,PLATEAU_CONFIRMED,Wideband signal detected,freq=3607811965.811966,bw=3.9013671875,hits=5
2026-04-24T17:43:40.027454,VIDEO_REJECTED,autocorr rejected video,freq=3607811965.811966,score=0.0
2026-04-24T17:43:40.106960,PLATEAU_CONFIRMED,Wideband signal detected,freq=3625829059.8290596,bw=6.904296875,hits=10
2026-04-24T17:43:40.134936,VIDEO_REJECTED,autocorr rejected video,freq=3625829059.8290596,score=0.0
2026-04-24T17:43:40.150520,PLATEAU_CONFIRMED,Wideband signal detected,freq=3644600732.600733,bw=8.896484375,hits=10
2026-04-24T17:43:40.177155,VIDEO_REJECTED,autocorr rejected video,freq=3644600732.600733,score=0.0
2026-04-24T17:43:40.194071,PLATEAU_CONFIRMED,Wideband signal detected,freq=3657496947.4969473,bw=6.181640625,hits=5
2026-04-24T17:43:40.215501,VIDEO_REJECTED,autocorr rejected video,freq=3657496947.4969473,score=0.0
2026-04-24T17:43:40.279852,PLATEAU_REJECTED,Not enough hits,hits=1,required=3,freq=3720000000
2026-04-24T17:43:40.311330,PLATEAU_CONFIRMED,Wideband signal detected,freq=3733980463.980464,bw=6.0888671875,hits=5
2026-04-24T17:43:40.331127,VIDEO_REJECTED,autocorr rejected video,freq=3733980463.980464,score=0.0
2026-04-24T17:43:40.429117,PLATEAU_CONFIRMED,Wideband signal detected,freq=3816898656.898657,bw=6.23046875,hits=4
2026-04-24T17:43:40.462034,VIDEO_REJECTED,autocorr rejected video,freq=3816898656.898657,score=0.0
2026-04-24T17:43:40.474105,PLATEAU_CONFIRMED,Wideband signal detected,freq=3844891330.8913307,bw=5.6005859375,hits=5
2026-04-24T17:43:40.494900,VIDEO_REJECTED,autocorr rejected video,freq=3844891330.8913307,score=0.0
2026-04-24T17:43:40.574600,PLATEAU_REJECTED,Not enough hits,hits=1,required=3,freq=3900000000
2026-04-24T17:43:40.638576,PLATEAU_CONFIRMED,Wideband signal detected,freq=3943357753.3577538,bw=6.5869140625,hits=6
2026-04-24T17:43:40.665628,VIDEO_REJECTED,autocorr rejected video,freq=3943357753.3577538,score=0.0
2026-04-24T17:43:40.674434,PLATEAU_REJECTED,Not enough hits,hits=1,required=3,freq=3960000000
2026-04-24T17:43:40.706838,PLATEAU_REJECTED,Not enough hits,hits=2,required=3,freq=3980000000
2026-04-24T17:43:40.820078,PLATEAU_CONFIRMED,Wideband signal detected,freq=4042293040.2930403,bw=5.498046875,hits=3
2026-04-24T17:43:40.840613,VIDEO_REJECTED,autocorr rejected video,freq=4042293040.2930403,score=0.0
2026-04-24T17:43:40.983836,PLATEAU_REJECTED,Not enough hits,hits=1,required=3,freq=4160000000
