2026-04-24T17:26:21.014448,AUTOCORR_SAMPLE,Per-buffer autocorr result,freq=105025641.02564102,peak=-0.06376144103705883,peak2=0.028329752385616302,lag_off=-3.0,confirmed=False
2026-04-24T17:26:21.017406,AUTOCORR_SAMPLE,Per-buffer autocorr result,freq=105025641.02564102,peak=0.08860451728105545,peak2=-0.011298494413495064,lag_off=0.0,confirmed=False
2026-04-24T17:26:21.018272,AUTOCORR_SAMPLE,Per-buffer autocorr result,freq=105025641.02564102,peak=0.047528622671961784,peak2=0.061977190896868706,lag_off=0.0,confirmed=False
2026-04-24T17:26:21.021479,AUTOCORR_SAMPLE,Per-buffer autocorr result,freq=105025641.02564102,peak=-0.09286261536180973,peak2=-0.07085253670811653,lag_off=-6.0,confirmed=False
2026-04-24T17:26:21.022216,AUTOCORR_SAMPLE,Per-buffer autocorr result,freq=105025641.02564102,peak=0.03070165403187275,peak2=0.038748955354094505,lag_off=5.0,confirmed=False
2026-04-24T17:26:21.025281,AUTOCORR_SAMPLE,Per-buffer autocorr result,freq=105025641.02564102,peak=0.006998954340815544,peak2=0.08506886474788189,lag_off=-2.0,confirmed=False
2026-04-24T17:26:21.026061,AUTOCORR_SAMPLE,Per-buffer autocorr result,freq=105025641.02564102,peak=0.06665559858083725,peak2=-0.009984500706195831,lag_off=4.0,confirmed=False
2026-04-24T17:26:21.026730,AUTOCORR_SAMPLE,Per-buffer autocorr result,freq=105025641.02564102,peak=0.016375552397221327,peak2=0.119555804412812,lag_off=5.0,confirmed=False
2026-04-24T17:26:21.030470,AUTOCORR_SAMPLE,Per-buffer autocorr result,freq=105025641.02564102,peak=0.08470157533884048,peak2=0.08969287574291229,lag_off=1.0,confirmed=False
2026-04-24T17:26:21.031260,AUTOCORR_SAMPLE,Per-buffer autocorr result,freq=105025641.02564102,peak=0.047760363668203354,peak2=0.09102627262473106,lag_off=0.0,confirmed=False
2026-04-24T17:26:21.031335,AUTOCORR_RESULT,autocorr classification,freq=105025641.02564102,votes=0,total=10,score=0.0,confirmed=False
2026-04-24T17:26:21.079077,AUTOCORR_SAMPLE,Per-buffer autocorr result,freq=125887667.8876679,peak=0.08860451728105545,peak2=-0.011298494413495064,lag_off=0.0,confirmed=False
2026-04-24T17:26:21.082690,AUTOCORR_SAMPLE,Per-buffer autocorr result,freq=125887667.8876679,peak=0.044797293143346906,peak2=0.08455019001848996,lag_off=-3.0,confirmed=False
2026-04-24T17:26:21.083529,AUTOCORR_SAMPLE,Per-buffer autocorr result,freq=125887667.8876679,peak=0.025866659358143806,peak2=0.06756101362407207,lag_off=6.0,confirmed=False
2026-04-24T17:26:21.086479,AUTOCORR_SAMPLE,Per-buffer autocorr result,freq=125887667.8876679,peak=0.048964430578053,peak2=0.048886955715715885,lag_off=-4.0,confirmed=False
2026-04-24T17:26:21.089322,AUTOCORR_SAMPLE,Per-buffer autocorr result,freq=125887667.8876679,peak=0.1013651869725436,peak2=0.039229490561410785,lag_off=-2.0,confirmed=False
2026-04-24T17:26:21.090237,AUTOCORR_SAMPLE,Per-buffer autocorr result,freq=125887667.8876679,peak=0.15633799508213997,peak2=0.09536496922373772,lag_off=3.0,confirmed=False
2026-04-24T17:26:21.092811,AUTOCORR_SAMPLE,Per-buffer autocorr result,freq=125887667.8876679,peak=0.060733061749488115,peak2=0.10510670812800527,lag_off=-4.0,confirmed=False
2026-04-24T17:26:21.095253,AUTOCORR_SAMPLE,Per-buffer autocorr result,freq=125887667.8876679,peak=0.17883634788449854,peak2=0.07477889431174845,lag_off=1.0,confirmed=False
2026-04-24T17:26:21.095880,AUTOCORR_SAMPLE,Per-buffer autocorr result,freq=125887667.8876679,peak=0.13555313926190138,peak2=0.07009003218263388,lag_off=2.0,confirmed=False
2026-04-24T17:26:21.098470,AUTOCORR_SAMPLE,Per-buffer autocorr result,freq=125887667.8876679,peak=0.04517895053140819,peak2=0.10790668870322406,lag_off=-4.0,confirmed=False
2026-04-24T17:26:21.098638,AUTOCORR_RESULT,autocorr classification,freq=125887667.8876679,votes=0,total=10,score=0.0,confirmed=False
2026-04-24T17:26:21.280954,AUTOCORR_SAMPLE,Per-buffer autocorr result,freq=246290598.29059827,peak=0.07266816403716803,peak2=0.048387802205979824,lag_off=-6.0,confirmed=False
2026-04-24T17:26:21.284329,AUTOCORR_SAMPLE,Per-buffer autocorr result,freq=246290598.29059827,peak=-0.08076224196702242,peak2=0.15367383789271116,lag_off=0.0,confirmed=False
2026-04-24T17:26:21.285303,AUTOCORR_SAMPLE,Per-buffer autocorr result,freq=246290598.29059827,peak=0.02134105935692787,peak2=-0.0015169642865657806,lag_off=6.0,confirmed=False
2026-04-24T17:26:21.289647,AUTOCORR_SAMPLE,Per-buffer autocorr result,freq=246290598.29059827,peak=-0.1535230353474617,peak2=0.07120131701231003,lag_off=1.0,confirmed=False
2026-04-24T17:26:21.292992,AUTOCORR_SAMPLE,Per-buffer autocorr result,freq=246290598.29059827,peak=0.03576977550983429,peak2=-0.0128561332821846,lag_off=-4.0,confirmed=False
2026-04-24T17:26:21.296295,AUTOCORR_SAMPLE,Per-buffer autocorr result,freq=246290598.29059827,peak=-0.0024668052792549133,peak2=0.04241436347365379,lag_off=1.0,confirmed=False
2026-04-24T17:26:21.297091,AUTOCORR_SAMPLE,Per-buffer autocorr result,freq=246290598.29059827,peak=-0.12696902826428413,peak2=-0.026116862893104553,lag_off=-4.0,confirmed=False
2026-04-24T17:26:21.300095,AUTOCORR_SAMPLE,Per-buffer autocorr result,freq=246290598.29059827,peak=0.13832294940948486,peak2=0.04871830623596907,lag_off=6.0,confirmed=False
2026-04-24T17:26:21.300906,AUTOCORR_SAMPLE,Per-buffer autocorr result,freq=246290598.29059827,peak=-0.026317759416997433,peak2=0.08327299728989601,lag_off=3.0,confirmed=False
2026-04-24T17:26:21.304112,AUTOCORR_SAMPLE,Per-buffer autocorr result,freq=246290598.29059827,peak=0.0792442038655281,peak2=0.0481681227684021,lag_off=-3.0,confirmed=False
2026-04-24T17:26:21.304255,AUTOCORR_RESULT,autocorr classification,freq=246290598.29059827,votes=0,total=10,score=0.0,confirmed=False
2026-04-24T17:26:21.316910,AUTOCORR_SAMPLE,Per-buffer autocorr result,freq=266390720.3907204,peak=-0.08076224196702242,peak2=0.15367383789271116,lag_off=0.0,confirmed=False
2026-04-24T17:26:21.320315,AUTOCORR_SAMPLE,Per-buffer autocorr result,freq=266390720.3907204,peak=0.14866509079001844,peak2=0.05009912862442434,lag_off=-5.0,confirmed=False
2026-04-24T17:26:21.321167,AUTOCORR_SAMPLE,Per-buffer autocorr result,freq=266390720.3907204,peak=0.05545104155316949,peak2=0.03651764849200845,lag_off=0.0,confirmed=False
2026-04-24T17:26:21.324934,AUTOCORR_SAMPLE,Per-buffer autocorr result,freq=266390720.3907204,peak=0.08115583658218384,peak2=0.04843652620911598,lag_off=2.0,confirmed=False
2026-04-24T17:26:21.325896,AUTOCORR_SAMPLE,Per-buffer autocorr result,freq=266390720.3907204,peak=0.09007435478270054,peak2=0.12517558224499226,lag_off=-5.0,confirmed=False
2026-04-24T17:26:21.329189,AUTOCORR_SAMPLE,Per-buffer autocorr result,freq=266390720.3907204,peak=0.0562196709215641,peak2=0.041578009724617004,lag_off=3.0,confirmed=False
2026-04-24T17:26:21.329928,AUTOCORR_SAMPLE,Per-buffer autocorr result,freq=266390720.3907204,peak=0.0933937611989677,peak2=0.060744892340153456,lag_off=5.0,confirmed=False
2026-04-24T17:26:21.333118,AUTOCORR_SAMPLE,Per-buffer autocorr result,freq=266390720.3907204,peak=0.08511996548622847,peak2=0.055179095827043056,lag_off=0.0,confirmed=False
2026-04-24T17:26:21.333839,AUTOCORR_SAMPLE,Per-buffer autocorr result,freq=266390720.3907204,peak=0.1192951388657093,peak2=0.04143216460943222,lag_off=2.0,confirmed=False
2026-04-24T17:26:21.334472,AUTOCORR_SAMPLE,Per-buffer autocorr result,freq=266390720.3907204,peak=0.08727182418806478,peak2=0.06819560349686071,lag_off=5.0,confirmed=False
2026-04-24T17:26:21.334530,AUTOCORR_RESULT,autocorr classification,freq=266390720.3907204,votes=0,total=10,score=0.0,confirmed=False
2026-04-24T17:26:21.386527,AUTOCORR_SAMPLE,Per-buffer autocorr result,freq=294693528.6935287,peak=-0.012446917709894478,peak2=0.10446044604759663,lag_off=-5.0,confirmed=False
2026-04-24T17:26:21.389602,AUTOCORR_SAMPLE,Per-buffer autocorr result,freq=294693528.6935287,peak=0.052021059673279524,peak2=0.05087830452248454,lag_off=0.0,confirmed=False
2026-04-24T17:26:21.392754,AUTOCORR_SAMPLE,Per-buffer autocorr result,freq=294693528.6935287,peak=-0.024893422378227115,peak2=0.03498108126223087,lag_off=5.0,confirmed=False
2026-04-24T17:26:21.393519,AUTOCORR_SAMPLE,Per-buffer autocorr result,freq=294693528.6935287,peak=0.09943725261837244,peak2=0.0025465143844485283,lag_off=0.0,confirmed=False
2026-04-24T17:26:21.396354,AUTOCORR_SAMPLE,Per-buffer autocorr result,freq=294693528.6935287,peak=-0.010878213681280613,peak2=0.07004781253635883,lag_off=6.0,confirmed=False
2026-04-24T17:26:21.397163,AUTOCORR_SAMPLE,Per-buffer autocorr result,freq=294693528.6935287,peak=0.10034158080816269,peak2=0.03895982354879379,lag_off=4.0,confirmed=False
2026-04-24T17:26:21.399991,AUTOCORR_SAMPLE,Per-buffer autocorr result,freq=294693528.6935287,peak=-0.05435890331864357,peak2=0.0704708956182003,lag_off=-6.0,confirmed=False
2026-04-24T17:26:21.400943,AUTOCORR_SAMPLE,Per-buffer autocorr result,freq=294693528.6935287,peak=0.01420198380947113,peak2=-0.013386867940425873,lag_off=-4.0,confirmed=False
2026-04-24T17:26:21.404653,AUTOCORR_SAMPLE,Per-buffer autocorr result,freq=294693528.6935287,peak=0.05674281995743513,peak2=0.03626571502536535,lag_off=-6.0,confirmed=False
2026-04-24T17:26:21.405448,AUTOCORR_SAMPLE,Per-buffer autocorr result,freq=294693528.6935287,peak=0.039190689101815224,peak2=0.10704773850739002,lag_off=6.0,confirmed=False
2026-04-24T17:26:21.405557,AUTOCORR_RESULT,autocorr classification,freq=294693528.6935287,votes=0,total=10,score=0.0,confirmed=False
2026-04-24T17:26:21.428569,AUTOCORR_SAMPLE,Per-buffer autocorr result,freq=313658119.6581197,peak=0.052021059673279524,peak2=0.05087830452248454,lag_off=0.0,confirmed=False
2026-04-24T17:26:21.430931,AUTOCORR_SAMPLE,Per-buffer autocorr result,freq=313658119.6581197,peak=0.06895063817501068,peak2=-0.005078842863440514,lag_off=1.0,confirmed=False
2026-04-24T17:26:21.431713,AUTOCORR_SAMPLE,Per-buffer autocorr result,freq=313658119.6581197,peak=0.12229368090629578,peak2=-0.09310633689165115,lag_off=-6.0,confirmed=False
2026-04-24T17:26:21.434368,AUTOCORR_SAMPLE,Per-buffer autocorr result,freq=313658119.6581197,peak=0.0914301723241806,peak2=-0.047288945876061916,lag_off=1.0,confirmed=False
2026-04-24T17:26:21.435286,AUTOCORR_SAMPLE,Per-buffer autocorr result,freq=313658119.6581197,peak=0.0989048071205616,peak2=0.03432316705584526,lag_off=-2.0,confirmed=False
2026-04-24T17:26:21.437712,AUTOCORR_SAMPLE,Per-buffer autocorr result,freq=313658119.6581197,peak=0.08703823061659932,peak2=0.06933194072917104,lag_off=-2.0,confirmed=False
2026-04-24T17:26:21.438400,AUTOCORR_SAMPLE,Per-buffer autocorr result,freq=313658119.6581197,peak=0.052918389439582825,peak2=0.02662043087184429,lag_off=1.0,confirmed=False
2026-04-24T17:26:21.439162,AUTOCORR_SAMPLE,Per-buffer autocorr result,freq=313658119.6581197,peak=0.067388660449069,peak2=0.09281854255823418,lag_off=-4.0,confirmed=False
2026-04-24T17:26:21.441853,AUTOCORR_SAMPLE,Per-buffer autocorr result,freq=313658119.6581197,peak=0.08520378521643579,peak2=0.049664936726912856,lag_off=2.0,confirmed=False
2026-04-24T17:26:21.442621,AUTOCORR_SAMPLE,Per-buffer autocorr result,freq=313658119.6581197,peak=0.052373689599335194,peak2=0.025490925647318363,lag_off=-2.0,confirmed=False
2026-04-24T17:26:21.444570,AUTOCORR_RESULT,autocorr classification,freq=313658119.6581197,votes=0,total=10,score=0.0,confirmed=False
2026-04-24T17:26:21.552382,AUTOCORR_SAMPLE,Per-buffer autocorr result,freq=393877899.8778999,peak=0.13978340849280357,peak2=0.06678767129778862,lag_off=-3.0,confirmed=False
2026-04-24T17:26:21.556069,AUTOCORR_SAMPLE,Per-buffer autocorr result,freq=393877899.8778999,peak=0.06591408140957355,peak2=0.02292431704699993,lag_off=-4.0,confirmed=False
2026-04-24T17:26:21.556843,AUTOCORR_SAMPLE,Per-buffer autocorr result,freq=393877899.8778999,peak=0.010502899996936321,peak2=0.07093013543635607,lag_off=3.0,confirmed=False
2026-04-24T17:26:21.559464,AUTOCORR_SAMPLE,Per-buffer autocorr result,freq=393877899.8778999,peak=0.01767311617732048,peak2=0.05907073989510536,lag_off=0.0,confirmed=False
2026-04-24T17:26:21.560338,AUTOCORR_SAMPLE,Per-buffer autocorr result,freq=393877899.8778999,peak=0.11470271600410342,peak2=0.12266263319179416,lag_off=-3.0,confirmed=False
2026-04-24T17:26:21.563078,AUTOCORR_SAMPLE,Per-buffer autocorr result,freq=393877899.8778999,peak=0.05416377633810043,peak2=-0.016808435320854187,lag_off=-4.0,confirmed=False
2026-04-24T17:26:21.563885,AUTOCORR_SAMPLE,Per-buffer autocorr result,freq=393877899.8778999,peak=0.03443119861185551,peak2=0.09792053513228893,lag_off=0.0,confirmed=False
2026-04-24T17:26:21.567380,AUTOCORR_SAMPLE,Per-buffer autocorr result,freq=393877899.8778999,peak=0.06223791104275733,peak2=0.06427252304274589,lag_off=1.0,confirmed=False
2026-04-24T17:26:21.568286,AUTOCORR_SAMPLE,Per-buffer autocorr result,freq=393877899.8778999,peak=-0.0069832876324653625,peak2=-0.054000230971723795,lag_off=0.0,confirmed=False
2026-04-24T17:26:21.571362,AUTOCORR_SAMPLE,Per-buffer autocorr result,freq=393877899.8778999,peak=-0.02387972135329619,peak2=0.07842575013637543,lag_off=-5.0,confirmed=False
2026-04-24T17:26:21.571574,AUTOCORR_RESULT,autocorr classification,freq=393877899.8778999,votes=0,total=10,score=0.0,confirmed=False
2026-04-24T17:26:21.799463,AUTOCORR_SAMPLE,Per-buffer autocorr result,freq=566507936.5079365,peak=0.11051299422979355,peak2=0.1156204342842102,lag_off=-2.0,confirmed=False
2026-04-24T17:26:21.803374,AUTOCORR_SAMPLE,Per-buffer autocorr result,freq=566507936.5079365,peak=0.032541749998927116,peak2=-0.017608853057026863,lag_off=4.0,confirmed=False
2026-04-24T17:26:21.806262,AUTOCORR_SAMPLE,Per-buffer autocorr result,freq=566507936.5079365,peak=0.0789861474186182,peak2=-0.009297536686062813,lag_off=-2.0,confirmed=False
2026-04-24T17:26:21.807186,AUTOCORR_SAMPLE,Per-buffer autocorr result,freq=566507936.5079365,peak=0.011194221675395966,peak2=-0.04700462147593498,lag_off=-1.0,confirmed=False
2026-04-24T17:26:21.810086,AUTOCORR_SAMPLE,Per-buffer autocorr result,freq=566507936.5079365,peak=0.06360519304871559,peak2=0.006469644606113434,lag_off=-4.0,confirmed=False
2026-04-24T17:26:21.813251,AUTOCORR_SAMPLE,Per-buffer autocorr result,freq=566507936.5079365,peak=0.04799397103488445,peak2=-0.03579098545014858,lag_off=2.0,confirmed=False
2026-04-24T17:26:21.816241,AUTOCORR_SAMPLE,Per-buffer autocorr result,freq=566507936.5079365,peak=0.04406686872243881,peak2=-0.12336921691894531,lag_off=-4.0,confirmed=False
2026-04-24T17:26:21.817410,AUTOCORR_SAMPLE,Per-buffer autocorr result,freq=566507936.5079365,peak=0.07425770722329617,peak2=-0.01672902563586831,lag_off=5.0,confirmed=False
2026-04-24T17:26:21.820697,AUTOCORR_SAMPLE,Per-buffer autocorr result,freq=566507936.5079365,peak=0.06508602946996689,peak2=-0.04584874049760401,lag_off=-2.0,confirmed=False
2026-04-24T17:26:21.821458,AUTOCORR_SAMPLE,Per-buffer autocorr result,freq=566507936.5079365,peak=0.12648971192538738,peak2=0.06269060634076595,lag_off=1.0,confirmed=False
2026-04-24T17:26:21.821630,AUTOCORR_RESULT,autocorr classification,freq=566507936.5079365,votes=0,total=10,score=0.0,confirmed=False
2026-04-24T17:26:21.834760,AUTOCORR_SAMPLE,Per-buffer autocorr result,freq=585106227.1062272,peak=0.032541749998927116,peak2=-0.017608853057026863,lag_off=4.0,confirmed=False
2026-04-24T17:26:21.836042,AUTOCORR_SAMPLE,Per-buffer autocorr result,freq=585106227.1062272,peak=0.1330303307622671,peak2=0.1135458406060934,lag_off=-4.0,confirmed=False
2026-04-24T17:26:21.838853,AUTOCORR_SAMPLE,Per-buffer autocorr result,freq=585106227.1062272,peak=0.12068023812025785,peak2=0.003716791979968548,lag_off=2.0,confirmed=False
2026-04-24T17:26:21.839666,AUTOCORR_SAMPLE,Per-buffer autocorr result,freq=585106227.1062272,peak=0.06798538751900196,peak2=0.02564055658876896,lag_off=-4.0,confirmed=False
2026-04-24T17:26:21.842293,AUTOCORR_SAMPLE,Per-buffer autocorr result,freq=585106227.1062272,peak=0.08682127017527819,peak2=0.03341852966696024,lag_off=-2.0,confirmed=False
2026-04-24T17:26:21.843110,AUTOCORR_SAMPLE,Per-buffer autocorr result,freq=585106227.1062272,peak=0.12142759189009666,peak2=0.08955353125929832,lag_off=-6.0,confirmed=False
2026-04-24T17:26:21.845768,AUTOCORR_SAMPLE,Per-buffer autocorr result,freq=585106227.1062272,peak=0.07929066475480795,peak2=0.03306607436388731,lag_off=-1.0,confirmed=False
2026-04-24T17:26:21.846666,AUTOCORR_SAMPLE,Per-buffer autocorr result,freq=585106227.1062272,peak=0.13268483499996364,peak2=0.047535625053569674,lag_off=1.0,confirmed=False
2026-04-24T17:26:21.850102,AUTOCORR_SAMPLE,Per-buffer autocorr result,freq=585106227.1062272,peak=0.08967046439647675,peak2=-0.004064880311489105,lag_off=4.0,confirmed=False
2026-04-24T17:26:21.853382,AUTOCORR_SAMPLE,Per-buffer autocorr result,freq=585106227.1062272,peak=0.03823143243789673,peak2=-0.02609112858772278,lag_off=-4.0,confirmed=False
2026-04-24T17:26:21.853482,AUTOCORR_RESULT,autocorr classification,freq=585106227.1062272,votes=0,total=10,score=0.0,confirmed=False
2026-04-24T17:26:21.871591,AUTOCORR_SAMPLE,Per-buffer autocorr result,freq=604993894.993895,peak=0.12068023812025785,peak2=0.003716791979968548,lag_off=2.0,confirmed=False
2026-04-24T17:26:21.874209,AUTOCORR_SAMPLE,Per-buffer autocorr result,freq=604993894.993895,peak=0.09032472921535373,peak2=0.0827058176510036,lag_off=-5.0,confirmed=False
2026-04-24T17:26:21.874952,AUTOCORR_SAMPLE,Per-buffer autocorr result,freq=604993894.993895,peak=0.06511989329010248,peak2=0.12340848241001368,lag_off=0.0,confirmed=False
2026-04-24T17:26:21.877379,AUTOCORR_SAMPLE,Per-buffer autocorr result,freq=604993894.993895,peak=0.13426171755418181,peak2=0.08307929849252105,lag_off=-3.0,confirmed=False
2026-04-24T17:26:21.878261,AUTOCORR_SAMPLE,Per-buffer autocorr result,freq=604993894.993895,peak=0.2063955394551158,peak2=0.13953993003815413,lag_off=-2.0,confirmed=False
2026-04-24T17:26:21.881084,AUTOCORR_SAMPLE,Per-buffer autocorr result,freq=604993894.993895,peak=0.01635893716593273,peak2=0.004319123952882364,lag_off=-6.0,confirmed=False
2026-04-24T17:26:21.884353,AUTOCORR_SAMPLE,Per-buffer autocorr result,freq=604993894.993895,peak=0.19775369996204972,peak2=0.0692822583951056,lag_off=-4.0,confirmed=False
2026-04-24T17:26:21.885274,AUTOCORR_SAMPLE,Per-buffer autocorr result,freq=604993894.993895,peak=0.04768435982987285,peak2=0.029289993923157454,lag_off=0.0,confirmed=False
2026-04-24T17:26:21.888255,AUTOCORR_SAMPLE,Per-buffer autocorr result,freq=604993894.993895,peak=0.03986717388033867,peak2=0.034765828400850296,lag_off=-3.0,confirmed=False
2026-04-24T17:26:21.889127,AUTOCORR_SAMPLE,Per-buffer autocorr result,freq=604993894.993895,peak=0.13839943520724773,peak2=0.0188347022049129,lag_off=6.0,confirmed=False
2026-04-24T17:26:21.889286,AUTOCORR_RESULT,autocorr classification,freq=604993894.993895,votes=0,total=10,score=0.0,confirmed=False
2026-04-24T17:26:21.909584,AUTOCORR_SAMPLE,Per-buffer autocorr result,freq=616666666.6666666,peak=0.027441906509920955,peak2=0.017305068438872695,lag_off=2.0,confirmed=False
2026-04-24T17:26:21.912290,AUTOCORR_SAMPLE,Per-buffer autocorr result,freq=616666666.6666666,peak=0.131844591407571,peak2=0.09630173823097721,lag_off=-6.0,confirmed=False
2026-04-24T17:26:21.913256,AUTOCORR_SAMPLE,Per-buffer autocorr result,freq=616666666.6666666,peak=0.06821658834815025,peak2=0.040181756019592285,lag_off=-1.0,confirmed=False
2026-04-24T17:26:21.916039,AUTOCORR_SAMPLE,Per-buffer autocorr result,freq=616666666.6666666,peak=0.10494607640430331,peak2=0.07300758315250278,lag_off=-2.0,confirmed=False
2026-04-24T17:26:21.916970,AUTOCORR_SAMPLE,Per-buffer autocorr result,freq=616666666.6666666,peak=0.0627646017819643,peak2=0.04548187367618084,lag_off=-1.0,confirmed=False
2026-04-24T17:26:21.920025,AUTOCORR_SAMPLE,Per-buffer autocorr result,freq=616666666.6666666,peak=0.0892217131331563,peak2=0.025713701732456684,lag_off=5.0,confirmed=False
2026-04-24T17:26:21.920853,AUTOCORR_SAMPLE,Per-buffer autocorr result,freq=616666666.6666666,peak=0.11484188190661371,peak2=0.058511916315183043,lag_off=0.0,confirmed=False
2026-04-24T17:26:21.923626,AUTOCORR_SAMPLE,Per-buffer autocorr result,freq=616666666.6666666,peak=0.01921595260500908,peak2=-0.03801375534385443,lag_off=-5.0,confirmed=False
2026-04-24T17:26:21.924425,AUTOCORR_SAMPLE,Per-buffer autocorr result,freq=616666666.6666666,peak=0.034477222710847855,peak2=0.010322365909814835,lag_off=6.0,confirmed=False
2026-04-24T17:26:21.927297,AUTOCORR_SAMPLE,Per-buffer autocorr result,freq=616666666.6666666,peak=0.04313831403851509,peak2=-0.017861375585198402,lag_off=5.0,confirmed=False
2026-04-24T17:26:21.927456,AUTOCORR_RESULT,autocorr classification,freq=616666666.6666666,votes=0,total=10,score=0.0,confirmed=False
2026-04-24T17:26:21.946744,AUTOCORR_SAMPLE,Per-buffer autocorr result,freq=639626373.6263736,peak=0.131844591407571,peak2=0.09630173823097721,lag_off=-6.0,confirmed=False
2026-04-24T17:26:21.947740,AUTOCORR_SAMPLE,Per-buffer autocorr result,freq=639626373.6263736,peak=0.05913170799612999,peak2=0.04476935788989067,lag_off=4.0,confirmed=False
2026-04-24T17:26:21.951183,AUTOCORR_SAMPLE,Per-buffer autocorr result,freq=639626373.6263736,peak=0.06881634145975113,peak2=0.047029320150613785,lag_off=-4.0,confirmed=False
2026-04-24T17:26:21.954461,AUTOCORR_SAMPLE,Per-buffer autocorr result,freq=639626373.6263736,peak=0.09433583170175552,peak2=0.041389450430870056,lag_off=3.0,confirmed=False
2026-04-24T17:26:21.957513,AUTOCORR_SAMPLE,Per-buffer autocorr result,freq=639626373.6263736,peak=0.07575211487710476,peak2=0.026781944558024406,lag_off=-2.0,confirmed=False
2026-04-24T17:26:21.958372,AUTOCORR_SAMPLE,Per-buffer autocorr result,freq=639626373.6263736,peak=0.053279558196663857,peak2=0.08437790162861347,lag_off=-1.0,confirmed=False
2026-04-24T17:26:21.961613,AUTOCORR_SAMPLE,Per-buffer autocorr result,freq=639626373.6263736,peak=0.10695025481982157,peak2=0.09167959698243067,lag_off=-5.0,confirmed=False
2026-04-24T17:26:21.964876,AUTOCORR_SAMPLE,Per-buffer autocorr result,freq=639626373.6263736,peak=0.18293723091483116,peak2=0.10387315973639488,lag_off=-5.0,confirmed=False
2026-04-24T17:26:21.969573,AUTOCORR_SAMPLE,Per-buffer autocorr result,freq=639626373.6263736,peak=0.10797451599501073,peak2=0.06276471330784261,lag_off=-4.0,confirmed=False
2026-04-24T17:26:21.970542,AUTOCORR_SAMPLE,Per-buffer autocorr result,freq=639626373.6263736,peak=0.08204068033955991,peak2=0.04014475806616247,lag_off=5.0,confirmed=False
2026-04-24T17:26:21.970627,AUTOCORR_RESULT,autocorr classification,freq=639626373.6263736,votes=0,total=10,score=0.0,confirmed=False
2026-04-24T17:26:21.988249,AUTOCORR_SAMPLE,Per-buffer autocorr result,freq=665592185.5921856,peak=0.05913170799612999,peak2=0.04476935788989067,lag_off=4.0,confirmed=False
2026-04-24T17:26:21.991089,AUTOCORR_SAMPLE,Per-buffer autocorr result,freq=665592185.5921856,peak=0.07841097563505173,peak2=-0.033057745546102524,lag_off=2.0,confirmed=False
2026-04-24T17:26:21.991819,AUTOCORR_SAMPLE,Per-buffer autocorr result,freq=665592185.5921856,peak=0.07803112827241421,peak2=0.06784193031489849,lag_off=0.0,confirmed=False
2026-04-24T17:26:21.994879,AUTOCORR_SAMPLE,Per-buffer autocorr result,freq=665592185.5921856,peak=0.049220748245716095,peak2=0.07129697874188423,lag_off=-3.0,confirmed=False
2026-04-24T17:26:21.997928,AUTOCORR_SAMPLE,Per-buffer autocorr result,freq=665592185.5921856,peak=0.03167083114385605,peak2=0.05318409949541092,lag_off=-5.0,confirmed=False
2026-04-24T17:26:22.001359,AUTOCORR_SAMPLE,Per-buffer autocorr result,freq=665592185.5921856,peak=0.040617045015096664,peak2=-0.028394180350005627,lag_off=0.0,confirmed=False
2026-04-24T17:26:22.002243,AUTOCORR_SAMPLE,Per-buffer autocorr result,freq=665592185.5921856,peak=0.06241690367460251,peak2=-0.060448591597378254,lag_off=-3.0,confirmed=False
2026-04-24T17:26:22.003026,AUTOCORR_SAMPLE,Per-buffer autocorr result,freq=665592185.5921856,peak=0.02007170021533966,peak2=-0.023664690554142,lag_off=1.0,confirmed=False
2026-04-24T17:26:22.006730,AUTOCORR_SAMPLE,Per-buffer autocorr result,freq=665592185.5921856,peak=0.0036624185740947723,peak2=0.01810578629374504,lag_off=2.0,confirmed=False
2026-04-24T17:26:22.007515,AUTOCORR_SAMPLE,Per-buffer autocorr result,freq=665592185.5921856,peak=0.1825788877904415,peak2=0.05608891695737839,lag_off=-6.0,confirmed=False
2026-04-24T17:26:22.010171,AUTOCORR_RESULT,autocorr classification,freq=665592185.5921856,votes=0,total=10,score=0.0,confirmed=False
2026-04-24T17:26:22.025831,AUTOCORR_SAMPLE,Per-buffer autocorr result,freq=686170940.1709402,peak=0.08927512262016535,peak2=0.09949156735092402,lag_off=1.0,confirmed=False
2026-04-24T17:26:22.028410,AUTOCORR_SAMPLE,Per-buffer autocorr result,freq=686170940.1709402,peak=0.054291003209073097,peak2=0.07237350643845275,lag_off=-4.0,confirmed=False
2026-04-24T17:26:22.029169,AUTOCORR_SAMPLE,Per-buffer autocorr result,freq=686170940.1709402,peak=0.08596058283001184,peak2=0.009364998899400234,lag_off=-1.0,confirmed=False
2026-04-24T17:26:22.031736,AUTOCORR_SAMPLE,Per-buffer autocorr result,freq=686170940.1709402,peak=0.12039100052788854,peak2=0.08020278485491872,lag_off=2.0,confirmed=False
2026-04-24T17:26:22.034681,AUTOCORR_SAMPLE,Per-buffer autocorr result,freq=686170940.1709402,peak=0.01736803539097309,peak2=0.0003415253013372421,lag_off=3.0,confirmed=False
2026-04-24T17:26:22.035737,AUTOCORR_SAMPLE,Per-buffer autocorr result,freq=686170940.1709402,peak=0.12414131173864007,peak2=0.06144787231460214,lag_off=1.0,confirmed=False
2026-04-24T17:26:22.038555,AUTOCORR_SAMPLE,Per-buffer autocorr result,freq=686170940.1709402,peak=0.048742398619651794,peak2=0.01696542650461197,lag_off=5.0,confirmed=False
2026-04-24T17:26:22.039559,AUTOCORR_SAMPLE,Per-buffer autocorr result,freq=686170940.1709402,peak=0.1342276930809021,peak2=0.08268945664167404,lag_off=3.0,confirmed=False
2026-04-24T17:26:22.040330,AUTOCORR_SAMPLE,Per-buffer autocorr result,freq=686170940.1709402,peak=0.07714309310540557,peak2=0.05901845311746001,lag_off=-3.0,confirmed=False
2026-04-24T17:26:22.043112,AUTOCORR_SAMPLE,Per-buffer autocorr result,freq=686170940.1709402,peak=0.08522789273411036,peak2=0.10758160892874002,lag_off=2.0,confirmed=False
2026-04-24T17:26:22.043282,AUTOCORR_RESULT,autocorr classification,freq=686170940.1709402,votes=0,total=10,score=0.0,confirmed=False
2026-04-24T17:26:22.090566,AUTOCORR_SAMPLE,Per-buffer autocorr result,freq=724224664.2246642,peak=0.039780644699931145,peak2=0.01791015826165676,lag_off=-4.0,confirmed=False
2026-04-24T17:26:22.093353,AUTOCORR_SAMPLE,Per-buffer autocorr result,freq=724224664.2246642,peak=0.042789820581674576,peak2=0.012103065848350525,lag_off=-5.0,confirmed=False
2026-04-24T17:26:22.094259,AUTOCORR_SAMPLE,Per-buffer autocorr result,freq=724224664.2246642,peak=0.08856433629989624,peak2=-0.00965643860399723,lag_off=-4.0,confirmed=False
2026-04-24T17:26:22.097193,AUTOCORR_SAMPLE,Per-buffer autocorr result,freq=724224664.2246642,peak=0.04015714302659035,peak2=0.058806516230106354,lag_off=-6.0,confirmed=False
2026-04-24T17:26:22.100221,AUTOCORR_SAMPLE,Per-buffer autocorr result,freq=724224664.2246642,peak=0.08624128252267838,peak2=0.06761734932661057,lag_off=-6.0,confirmed=False
2026-04-24T17:26:22.100982,AUTOCORR_SAMPLE,Per-buffer autocorr result,freq=724224664.2246642,peak=0.08044868987053633,peak2=0.11333873402327299,lag_off=4.0,confirmed=False
2026-04-24T17:26:22.104280,AUTOCORR_SAMPLE,Per-buffer autocorr result,freq=724224664.2246642,peak=0.022214321419596672,peak2=0.027198104187846184,lag_off=-2.0,confirmed=False
2026-04-24T17:26:22.107077,AUTOCORR_SAMPLE,Per-buffer autocorr result,freq=724224664.2246642,peak=0.0711284913122654,peak2=-0.0601778719574213,lag_off=-4.0,confirmed=False
2026-04-24T17:26:22.107812,AUTOCORR_SAMPLE,Per-buffer autocorr result,freq=724224664.2246642,peak=0.04316246509552002,peak2=0.04240994155406952,lag_off=-1.0,confirmed=False
2026-04-24T17:26:22.110608,AUTOCORR_SAMPLE,Per-buffer autocorr result,freq=724224664.2246642,peak=0.06520261615514755,peak2=0.028774965554475784,lag_off=-1.0,confirmed=False
2026-04-24T17:26:22.110831,AUTOCORR_RESULT,autocorr classification,freq=724224664.2246642,votes=0,total=10,score=0.0,confirmed=False
2026-04-24T17:26:22.153753,AUTOCORR_SAMPLE,Per-buffer autocorr result,freq=763279609.2796093,peak=0.053275901824235916,peak2=0.011209068819880486,lag_off=2.0,confirmed=False
2026-04-24T17:26:22.156722,AUTOCORR_SAMPLE,Per-buffer autocorr result,freq=763279609.2796093,peak=0.1644190028309822,peak2=-0.12755697965621948,lag_off=-1.0,confirmed=False
2026-04-24T17:26:22.157634,AUTOCORR_SAMPLE,Per-buffer autocorr result,freq=763279609.2796093,peak=0.0775757385417819,peak2=0.11704421322792768,lag_off=0.0,confirmed=False
2026-04-24T17:26:22.161284,AUTOCORR_SAMPLE,Per-buffer autocorr result,freq=763279609.2796093,peak=0.03498830273747444,peak2=-0.010271783918142319,lag_off=-2.0,confirmed=False
2026-04-24T17:26:22.162004,AUTOCORR_SAMPLE,Per-buffer autocorr result,freq=763279609.2796093,peak=0.1313094049692154,peak2=0.0383558738976717,lag_off=0.0,confirmed=False
2026-04-24T17:26:22.165346,AUTOCORR_SAMPLE,Per-buffer autocorr result,freq=763279609.2796093,peak=0.07185457786545157,peak2=0.053661761339753866,lag_off=-4.0,confirmed=False
2026-04-24T17:26:22.168642,AUTOCORR_SAMPLE,Per-buffer autocorr result,freq=763279609.2796093,peak=-0.12113434448838234,peak2=-0.1937602125108242,lag_off=-3.0,confirmed=False
2026-04-24T17:26:22.169561,AUTOCORR_SAMPLE,Per-buffer autocorr result,freq=763279609.2796093,peak=-0.0059426650404930115,peak2=-0.13904172368347645,lag_off=-3.0,confirmed=False
2026-04-24T17:26:22.172808,AUTOCORR_SAMPLE,Per-buffer autocorr result,freq=763279609.2796093,peak=0.08413376659154892,peak2=0.0423501580953598,lag_off=-1.0,confirmed=False
2026-04-24T17:26:22.173677,AUTOCORR_SAMPLE,Per-buffer autocorr result,freq=763279609.2796093,peak=0.19713825918734074,peak2=0.06290407665073872,lag_off=1.0,confirmed=False
2026-04-24T17:26:22.173734,AUTOCORR_RESULT,autocorr classification,freq=763279609.2796093,votes=0,total=10,score=0.0,confirmed=False
2026-04-24T17:26:22.430853,AUTOCORR_SAMPLE,Per-buffer autocorr result,freq=939684981.6849817,peak=0.06557300873100758,peak2=0.05922509543597698,lag_off=6.0,confirmed=False
2026-04-24T17:26:22.434816,AUTOCORR_SAMPLE,Per-buffer autocorr result,freq=939684981.6849817,peak=0.02015054877847433,peak2=0.10167832765728235,lag_off=5.0,confirmed=False
2026-04-24T17:26:22.435817,AUTOCORR_SAMPLE,Per-buffer autocorr result,freq=939684981.6849817,peak=0.04416969994781539,peak2=0.13451976160285994,lag_off=-6.0,confirmed=False
2026-04-24T17:26:22.439600,AUTOCORR_SAMPLE,Per-buffer autocorr result,freq=939684981.6849817,peak=0.09444351587444544,peak2=0.016801816411316395,lag_off=-4.0,confirmed=False
2026-04-24T17:26:22.440394,AUTOCORR_SAMPLE,Per-buffer autocorr result,freq=939684981.6849817,peak=0.12626999616622925,peak2=0.020296979695558548,lag_off=0.0,confirmed=False
2026-04-24T17:26:22.444156,AUTOCORR_SAMPLE,Per-buffer autocorr result,freq=939684981.6849817,peak=0.009466566145420074,peak2=-0.09124457091093063,lag_off=-6.0,confirmed=False
2026-04-24T17:26:22.444953,AUTOCORR_SAMPLE,Per-buffer autocorr result,freq=939684981.6849817,peak=0.05575103918090463,peak2=0.08950134227052331,lag_off=-3.0,confirmed=False
2026-04-24T17:26:22.448628,AUTOCORR_SAMPLE,Per-buffer autocorr result,freq=939684981.6849817,peak=-0.36774855107069016,peak2=-0.48440128564834595,lag_off=-4.0,confirmed=False
2026-04-24T17:26:22.449629,AUTOCORR_SAMPLE,Per-buffer autocorr result,freq=939684981.6849817,peak=0.13744712062180042,peak2=0.05469088442623615,lag_off=-4.0,confirmed=False
2026-04-24T17:26:22.450843,AUTOCORR_SAMPLE,Per-buffer autocorr result,freq=939684981.6849817,peak=0.011851232498884201,peak2=-0.012663651257753372,lag_off=-6.0,confirmed=False
2026-04-24T17:26:22.454296,AUTOCORR_RESULT,autocorr classification,freq=939684981.6849817,votes=0,total=10,score=0.0,confirmed=False
2026-04-24T17:26:23.117420,AUTOCORR_SAMPLE,Per-buffer autocorr result,freq=1392652014.6520147,peak=0.06520944321528077,peak2=0.021464063320308924,lag_off=5.0,confirmed=False
2026-04-24T17:26:23.121416,AUTOCORR_SAMPLE,Per-buffer autocorr result,freq=1392652014.6520147,peak=0.032371715642511845,peak2=0.12087842542678118,lag_off=4.0,confirmed=False
2026-04-24T17:26:23.122142,AUTOCORR_SAMPLE,Per-buffer autocorr result,freq=1392652014.6520147,peak=0.03673213114961982,peak2=0.03990637278184295,lag_off=-3.0,confirmed=False
2026-04-24T17:26:23.125792,AUTOCORR_SAMPLE,Per-buffer autocorr result,freq=1392652014.6520147,peak=0.07249574642628431,peak2=0.08300438430160284,lag_off=0.0,confirmed=False
2026-04-24T17:26:23.126512,AUTOCORR_SAMPLE,Per-buffer autocorr result,freq=1392652014.6520147,peak=0.10260970564559102,peak2=0.05778543697670102,lag_off=-2.0,confirmed=False
2026-04-24T17:26:23.130348,AUTOCORR_SAMPLE,Per-buffer autocorr result,freq=1392652014.6520147,peak=0.21026025898754597,peak2=0.2312148530036211,lag_off=5.0,confirmed=False
2026-04-24T17:26:23.133558,AUTOCORR_SAMPLE,Per-buffer autocorr result,freq=1392652014.6520147,peak=0.010617947671562433,peak2=0.16893736086785793,lag_off=3.0,confirmed=False
2026-04-24T17:26:23.134421,AUTOCORR_SAMPLE,Per-buffer autocorr result,freq=1392652014.6520147,peak=0.031853646389208734,peak2=0.009359412244521081,lag_off=4.0,confirmed=False
2026-04-24T17:26:23.137633,AUTOCORR_SAMPLE,Per-buffer autocorr result,freq=1392652014.6520147,peak=0.02575200330466032,peak2=0.0199854439124465,lag_off=-5.0,confirmed=False
2026-04-24T17:26:23.140725,AUTOCORR_SAMPLE,Per-buffer autocorr result,freq=1392652014.6520147,peak=0.033178522950038314,peak2=0.022377688204869628,lag_off=4.0,confirmed=False
2026-04-24T17:26:23.140811,AUTOCORR_RESULT,autocorr classification,freq=1392652014.6520147,votes=0,total=10,score=0.0,confirmed=False
2026-04-24T17:26:23.503857,AUTOCORR_SAMPLE,Per-buffer autocorr result,freq=1673990231.990232,peak=0.06779860984534025,peak2=0.04972706642001867,lag_off=-4.0,confirmed=False
2026-04-24T17:26:23.504719,AUTOCORR_SAMPLE,Per-buffer autocorr result,freq=1673990231.990232,peak=0.10473975446075201,peak2=0.044849458150565624,lag_off=-1.0,confirmed=False
2026-04-24T17:26:23.507551,AUTOCORR_SAMPLE,Per-buffer autocorr result,freq=1673990231.990232,peak=0.06468054442666471,peak2=0.06125061749480665,lag_off=6.0,confirmed=False
2026-04-24T17:26:23.508392,AUTOCORR_SAMPLE,Per-buffer autocorr result,freq=1673990231.990232,peak=0.09132078569382429,peak2=0.05208721291273832,lag_off=1.0,confirmed=False
2026-04-24T17:26:23.511424,AUTOCORR_SAMPLE,Per-buffer autocorr result,freq=1673990231.990232,peak=0.024453512858599424,peak2=0.033474726136773825,lag_off=6.0,confirmed=False
2026-04-24T17:26:23.514026,AUTOCORR_SAMPLE,Per-buffer autocorr result,freq=1673990231.990232,peak=0.10859334655106068,peak2=0.08330691047012806,lag_off=6.0,confirmed=False
2026-04-24T17:26:23.516968,AUTOCORR_SAMPLE,Per-buffer autocorr result,freq=1673990231.990232,peak=0.06488684006035328,peak2=0.12496423535048962,lag_off=-5.0,confirmed=False
2026-04-24T17:26:23.517775,AUTOCORR_SAMPLE,Per-buffer autocorr result,freq=1673990231.990232,peak=-0.11106748878955841,peak2=-0.2913147062063217,lag_off=1.0,confirmed=False
2026-04-24T17:26:23.518618,AUTOCORR_SAMPLE,Per-buffer autocorr result,freq=1673990231.990232,peak=0.057772926054894924,peak2=0.04400590714067221,lag_off=-5.0,confirmed=False
2026-04-24T17:26:23.521307,AUTOCORR_SAMPLE,Per-buffer autocorr result,freq=1673990231.990232,peak=0.09804888197686523,peak2=0.0037908866070210934,lag_off=-2.0,confirmed=False
2026-04-24T17:26:23.521374,AUTOCORR_RESULT,autocorr classification,freq=1673990231.990232,votes=0,total=10,score=0.0,confirmed=False
2026-04-24T17:26:23.934627,AUTOCORR_SAMPLE,Per-buffer autocorr result,freq=1807836385.8363857,peak=0.04031467786990106,peak2=0.058341644471511245,lag_off=1.0,confirmed=False
2026-04-24T17:26:23.962650,AUTOCORR_SAMPLE,Per-buffer autocorr result,freq=1807836385.8363857,peak=-0.05732907494530082,peak2=-0.0040254294872283936,lag_off=2.0,confirmed=False
2026-04-24T17:26:23.963653,AUTOCORR_SAMPLE,Per-buffer autocorr result,freq=1807836385.8363857,peak=0.08631147351115942,peak2=0.003457828424870968,lag_off=-3.0,confirmed=False
2026-04-24T17:26:23.995714,AUTOCORR_SAMPLE,Per-buffer autocorr result,freq=1807836385.8363857,peak=0.08973781578242779,peak2=0.043683236464858055,lag_off=2.0,confirmed=False
2026-04-24T17:26:24.012252,AUTOCORR_SAMPLE,Per-buffer autocorr result,freq=1807836385.8363857,peak=-0.016958236694335938,peak2=-0.035380106419324875,lag_off=2.0,confirmed=False
2026-04-24T17:26:24.025499,AUTOCORR_SAMPLE,Per-buffer autocorr result,freq=1807836385.8363857,peak=0.09694603481329978,peak2=0.036578435683622956,lag_off=-6.0,confirmed=False
2026-04-24T17:26:24.047138,AUTOCORR_SAMPLE,Per-buffer autocorr result,freq=1807836385.8363857,peak=-0.1009519100189209,peak2=-0.2794627249240875,lag_off=0.0,confirmed=False
2026-04-24T17:26:24.074155,AUTOCORR_SAMPLE,Per-buffer autocorr result,freq=1807836385.8363857,peak=0.09661143959965557,peak2=0.058824851526878774,lag_off=-5.0,confirmed=False
2026-04-24T17:26:24.087225,AUTOCORR_SAMPLE,Per-buffer autocorr result,freq=1807836385.8363857,peak=0.05657830461859703,peak2=0.036490365862846375,lag_off=0.0,confirmed=False
2026-04-24T17:26:24.115425,AUTOCORR_SAMPLE,Per-buffer autocorr result,freq=1807836385.8363857,peak=0.0008222050964832306,peak2=0.1344323493540287,lag_off=1.0,confirmed=False
2026-04-24T17:26:24.115630,AUTOCORR_RESULT,autocorr classification,freq=1807836385.8363857,votes=0,total=10,score=0.0,confirmed=False
2026-04-24T17:26:24.197964,AUTOCORR_SAMPLE,Per-buffer autocorr result,freq=1827924297.9242978,peak=-0.1009519100189209,peak2=-0.2794627249240875,lag_off=0.0,confirmed=False
2026-04-24T17:26:24.198799,AUTOCORR_SAMPLE,Per-buffer autocorr result,freq=1827924297.9242978,peak=0.11457050312310457,peak2=0.05853536073118448,lag_off=4.0,confirmed=False
2026-04-24T17:26:24.201843,AUTOCORR_SAMPLE,Per-buffer autocorr result,freq=1827924297.9242978,peak=0.05415333807468414,peak2=-0.061447933316230774,lag_off=-1.0,confirmed=False
2026-04-24T17:26:24.202587,AUTOCORR_SAMPLE,Per-buffer autocorr result,freq=1827924297.9242978,peak=-0.18785902857780457,peak2=-0.11144253425300121,lag_off=3.0,confirmed=False
2026-04-24T17:26:24.206231,AUTOCORR_SAMPLE,Per-buffer autocorr result,freq=1827924297.9242978,peak=-0.13171277940273285,peak2=-0.3294697701931,lag_off=-5.0,confirmed=False
2026-04-24T17:26:24.207140,AUTOCORR_SAMPLE,Per-buffer autocorr result,freq=1827924297.9242978,peak=0.10764318518340588,peak2=0.08781839720904827,lag_off=0.0,confirmed=False
2026-04-24T17:26:24.211847,AUTOCORR_SAMPLE,Per-buffer autocorr result,freq=1827924297.9242978,peak=-0.11326312087476254,peak2=-0.05038927122950554,lag_off=1.0,confirmed=False
2026-04-24T17:26:24.212676,AUTOCORR_SAMPLE,Per-buffer autocorr result,freq=1827924297.9242978,peak=0.10033231443958357,peak2=0.05362376041011885,lag_off=-5.0,confirmed=False
2026-04-24T17:26:24.216234,AUTOCORR_SAMPLE,Per-buffer autocorr result,freq=1827924297.9242978,peak=0.05800020392052829,peak2=0.05478382180444896,lag_off=-2.0,confirmed=False
2026-04-24T17:26:24.219315,AUTOCORR_SAMPLE,Per-buffer autocorr result,freq=1827924297.9242978,peak=0.0270298533141613,peak2=0.03014802560210228,lag_off=-5.0,confirmed=False
2026-04-24T17:26:24.219460,AUTOCORR_RESULT,autocorr classification,freq=1827924297.9242978,votes=0,total=10,score=0.0,confirmed=False
2026-04-24T17:26:24.255126,AUTOCORR_SAMPLE,Per-buffer autocorr result,freq=1834087912.087912,peak=0.11457050312310457,peak2=0.05853536073118448,lag_off=4.0,confirmed=False
2026-04-24T17:26:24.258823,AUTOCORR_SAMPLE,Per-buffer autocorr result,freq=1834087912.087912,peak=-0.11723313108086586,peak2=-0.3010825514793396,lag_off=0.0,confirmed=False
2026-04-24T17:26:24.259513,AUTOCORR_SAMPLE,Per-buffer autocorr result,freq=1834087912.087912,peak=-0.27822091430425644,peak2=-0.2946525365114212,lag_off=6.0,confirmed=False
2026-04-24T17:26:24.263181,AUTOCORR_SAMPLE,Per-buffer autocorr result,freq=1834087912.087912,peak=0.048426929861307144,peak2=-0.07409625872969627,lag_off=-4.0,confirmed=False
2026-04-24T17:26:24.263932,AUTOCORR_SAMPLE,Per-buffer autocorr result,freq=1834087912.087912,peak=-0.04418925940990448,peak2=-0.28676191717386246,lag_off=0.0,confirmed=False
2026-04-24T17:26:24.267535,AUTOCORR_SAMPLE,Per-buffer autocorr result,freq=1834087912.087912,peak=0.03147926367819309,peak2=0.07091609947383404,lag_off=4.0,confirmed=False
2026-04-24T17:26:24.271765,AUTOCORR_SAMPLE,Per-buffer autocorr result,freq=1834087912.087912,peak=0.15483811125159264,peak2=0.052640050649642944,lag_off=-6.0,confirmed=False
2026-04-24T17:26:24.272475,AUTOCORR_SAMPLE,Per-buffer autocorr result,freq=1834087912.087912,peak=-0.1515740156173706,peak2=-0.009211793541908264,lag_off=1.0,confirmed=False
2026-04-24T17:26:24.276261,AUTOCORR_SAMPLE,Per-buffer autocorr result,freq=1834087912.087912,peak=-0.08219164237380028,peak2=-0.04022129252552986,lag_off=-6.0,confirmed=False
2026-04-24T17:26:24.276999,AUTOCORR_SAMPLE,Per-buffer autocorr result,freq=1834087912.087912,peak=0.09696542657911777,peak2=0.08341139741241932,lag_off=5.0,confirmed=False
2026-04-24T17:26:24.277063,AUTOCORR_RESULT,autocorr classification,freq=1834087912.087912,votes=0,total=10,score=0.0,confirmed=False
2026-04-24T17:26:24.293012,AUTOCORR_SAMPLE,Per-buffer autocorr result,freq=1857506715.5067155,peak=0.005864247679710388,peak2=-0.16434857621788979,lag_off=0.0,confirmed=False
2026-04-24T17:26:24.293821,AUTOCORR_SAMPLE,Per-buffer autocorr result,freq=1857506715.5067155,peak=0.001496247947216034,peak2=-0.07770978845655918,lag_off=-3.0,confirmed=False
2026-04-24T17:26:24.298370,AUTOCORR_SAMPLE,Per-buffer autocorr result,freq=1857506715.5067155,peak=0.09192556980997324,peak2=0.06516577769070864,lag_off=4.0,confirmed=False
2026-04-24T17:26:24.302860,AUTOCORR_SAMPLE,Per-buffer autocorr result,freq=1857506715.5067155,peak=0.06781773641705513,peak2=0.06873292848467827,lag_off=-5.0,confirmed=False
2026-04-24T17:26:24.303644,AUTOCORR_SAMPLE,Per-buffer autocorr result,freq=1857506715.5067155,peak=0.08038654302072246,peak2=0.06441591803741176,lag_off=0.0,confirmed=False
2026-04-24T17:26:24.308234,AUTOCORR_SAMPLE,Per-buffer autocorr result,freq=1857506715.5067155,peak=-0.12341170758008957,peak2=-0.07260548323392868,lag_off=5.0,confirmed=False
2026-04-24T17:26:24.309019,AUTOCORR_SAMPLE,Per-buffer autocorr result,freq=1857506715.5067155,peak=-0.019083663821220398,peak2=-0.010979708284139633,lag_off=-6.0,confirmed=False
2026-04-24T17:26:24.314895,AUTOCORR_SAMPLE,Per-buffer autocorr result,freq=1857506715.5067155,peak=0.1343955136835575,peak2=0.05541081726551056,lag_off=-5.0,confirmed=False
2026-04-24T17:26:24.321417,AUTOCORR_SAMPLE,Per-buffer autocorr result,freq=1857506715.5067155,peak=0.04183834046125412,peak2=-0.022227693349123,lag_off=-5.0,confirmed=False
2026-04-24T17:26:24.322326,AUTOCORR_SAMPLE,Per-buffer autocorr result,freq=1857506715.5067155,peak=0.061422588769346476,peak2=0.014372941572219133,lag_off=0.0,confirmed=False
2026-04-24T17:26:24.322507,AUTOCORR_RESULT,autocorr classification,freq=1857506715.5067155,votes=0,total=10,score=0.0,confirmed=False
2026-04-24T17:26:24.351024,AUTOCORR_SAMPLE,Per-buffer autocorr result,freq=1876481074.4810746,peak=0.001496247947216034,peak2=-0.07770978845655918,lag_off=-3.0,confirmed=False
2026-04-24T17:26:24.354915,AUTOCORR_SAMPLE,Per-buffer autocorr result,freq=1876481074.4810746,peak=-0.06690797954797745,peak2=0.022741392254829407,lag_off=3.0,confirmed=False
2026-04-24T17:26:24.355626,AUTOCORR_SAMPLE,Per-buffer autocorr result,freq=1876481074.4810746,peak=0.1557084359228611,peak2=0.04161231592297554,lag_off=-4.0,confirmed=False
2026-04-24T17:26:24.359538,AUTOCORR_SAMPLE,Per-buffer autocorr result,freq=1876481074.4810746,peak=0.10368780139833689,peak2=0.03282839898020029,lag_off=-4.0,confirmed=False
2026-04-24T17:26:24.360293,AUTOCORR_SAMPLE,Per-buffer autocorr result,freq=1876481074.4810746,peak=-0.03596961498260498,peak2=-0.1942017525434494,lag_off=-5.0,confirmed=False
2026-04-24T17:26:24.363845,AUTOCORR_SAMPLE,Per-buffer autocorr result,freq=1876481074.4810746,peak=0.018477439880371094,peak2=-0.1622986076399684,lag_off=-4.0,confirmed=False
2026-04-24T17:26:24.367429,AUTOCORR_SAMPLE,Per-buffer autocorr result,freq=1876481074.4810746,peak=0.04453933611512184,peak2=0.02013585716485977,lag_off=-4.0,confirmed=False
2026-04-24T17:26:24.368221,AUTOCORR_SAMPLE,Per-buffer autocorr result,freq=1876481074.4810746,peak=-0.20627424865961075,peak2=-0.38520680367946625,lag_off=-5.0,confirmed=False
2026-04-24T17:26:24.371535,AUTOCORR_SAMPLE,Per-buffer autocorr result,freq=1876481074.4810746,peak=0.22695370763540268,peak2=0.06293636560440063,lag_off=-4.0,confirmed=False
2026-04-24T17:26:24.372478,AUTOCORR_SAMPLE,Per-buffer autocorr result,freq=1876481074.4810746,peak=-0.11839298903942108,peak2=-0.3374849706888199,lag_off=-6.0,confirmed=False
2026-04-24T17:26:24.372585,AUTOCORR_RESULT,autocorr classification,freq=1876481074.4810746,votes=0,total=10,score=0.0,confirmed=False
2026-04-24T17:26:24.389416,AUTOCORR_SAMPLE,Per-buffer autocorr result,freq=1895396825.3968253,peak=-0.06690797954797745,peak2=0.022741392254829407,lag_off=3.0,confirmed=False
2026-04-24T17:26:24.390114,AUTOCORR_SAMPLE,Per-buffer autocorr result,freq=1895396825.3968253,peak=0.03480063658207655,peak2=0.1050074091181159,lag_off=-1.0,confirmed=False
2026-04-24T17:26:24.393224,AUTOCORR_SAMPLE,Per-buffer autocorr result,freq=1895396825.3968253,peak=0.07908701477572322,peak2=0.021827005315572023,lag_off=-4.0,confirmed=False
2026-04-24T17:26:24.395906,AUTOCORR_SAMPLE,Per-buffer autocorr result,freq=1895396825.3968253,peak=0.029417109675705433,peak2=0.0903866970911622,lag_off=-1.0,confirmed=False
2026-04-24T17:26:24.398849,AUTOCORR_SAMPLE,Per-buffer autocorr result,freq=1895396825.3968253,peak=0.045662772841751575,peak2=0.05223746318370104,lag_off=2.0,confirmed=False
2026-04-24T17:26:24.399971,AUTOCORR_SAMPLE,Per-buffer autocorr result,freq=1895396825.3968253,peak=0.04923501377925277,peak2=0.018038409296423197,lag_off=-6.0,confirmed=False
2026-04-24T17:26:24.403128,AUTOCORR_SAMPLE,Per-buffer autocorr result,freq=1895396825.3968253,peak=0.06331113865599036,peak2=0.17384895449504256,lag_off=4.0,confirmed=False
2026-04-24T17:26:24.405596,AUTOCORR_SAMPLE,Per-buffer autocorr result,freq=1895396825.3968253,peak=0.09967730473726988,peak2=0.01874940376728773,lag_off=-4.0,confirmed=False
2026-04-24T17:26:24.406347,AUTOCORR_SAMPLE,Per-buffer autocorr result,freq=1895396825.3968253,peak=0.1442699832841754,peak2=0.06633986812084913,lag_off=-6.0,confirmed=False
2026-04-24T17:26:24.408996,AUTOCORR_SAMPLE,Per-buffer autocorr result,freq=1895396825.3968253,peak=0.02127191168256104,peak2=0.028288088040426373,lag_off=3.0,confirmed=False
2026-04-24T17:26:24.409054,AUTOCORR_RESULT,autocorr classification,freq=1895396825.3968253,votes=0,total=10,score=0.0,confirmed=False
2026-04-24T17:26:24.804763,AUTOCORR_SAMPLE,Per-buffer autocorr result,freq=2144649572.6495728,peak=0.10867012455128133,peak2=0.10731910332106054,lag_off=6.0,confirmed=False
2026-04-24T17:26:24.808683,AUTOCORR_SAMPLE,Per-buffer autocorr result,freq=2144649572.6495728,peak=-0.0033797211945056915,peak2=-0.008007689379155636,lag_off=3.0,confirmed=False
2026-04-24T17:26:24.809587,AUTOCORR_SAMPLE,Per-buffer autocorr result,freq=2144649572.6495728,peak=0.02780859568156302,peak2=-0.056551161920651793,lag_off=-5.0,confirmed=False
2026-04-24T17:26:24.812614,AUTOCORR_SAMPLE,Per-buffer autocorr result,freq=2144649572.6495728,peak=-0.239810511469841,peak2=-0.34470972418785095,lag_off=-4.0,confirmed=False
2026-04-24T17:26:24.813383,AUTOCORR_SAMPLE,Per-buffer autocorr result,freq=2144649572.6495728,peak=-0.022868400439620018,peak2=0.12257788423448801,lag_off=0.0,confirmed=False
2026-04-24T17:26:24.816314,AUTOCORR_SAMPLE,Per-buffer autocorr result,freq=2144649572.6495728,peak=0.1593814343214035,peak2=-0.039747320115566254,lag_off=2.0,confirmed=False
2026-04-24T17:26:24.817279,AUTOCORR_SAMPLE,Per-buffer autocorr result,freq=2144649572.6495728,peak=0.16587572172284126,peak2=0.1331150121986866,lag_off=-6.0,confirmed=False
2026-04-24T17:26:24.820430,AUTOCORR_SAMPLE,Per-buffer autocorr result,freq=2144649572.6495728,peak=0.027879264671355486,peak2=-0.046789422165602446,lag_off=4.0,confirmed=False
2026-04-24T17:26:24.823012,AUTOCORR_SAMPLE,Per-buffer autocorr result,freq=2144649572.6495728,peak=-0.022737864404916763,peak2=-0.022265367209911346,lag_off=-5.0,confirmed=False
2026-04-24T17:26:24.823759,AUTOCORR_SAMPLE,Per-buffer autocorr result,freq=2144649572.6495728,peak=-0.0819842666387558,peak2=-0.18693218380212784,lag_off=3.0,confirmed=False
2026-04-24T17:26:24.823886,AUTOCORR_RESULT,autocorr classification,freq=2144649572.6495728,votes=0,total=10,score=0.0,confirmed=False
2026-04-24T17:26:24.971409,AUTOCORR_SAMPLE,Per-buffer autocorr result,freq=2186708180.708181,peak=0.11683305748738348,peak2=0.07134818681515753,lag_off=2.0,confirmed=False
2026-04-24T17:26:24.972029,AUTOCORR_SAMPLE,Per-buffer autocorr result,freq=2186708180.708181,peak=0.05289742723107338,peak2=-0.008268122561275959,lag_off=-4.0,confirmed=False
2026-04-24T17:26:24.988699,AUTOCORR_SAMPLE,Per-buffer autocorr result,freq=2186708180.708181,peak=0.12324057705700397,peak2=0.06474505551159382,lag_off=6.0,confirmed=False
2026-04-24T17:26:24.989750,AUTOCORR_SAMPLE,Per-buffer autocorr result,freq=2186708180.708181,peak=-0.0033861324191093445,peak2=-0.0025251824408769608,lag_off=1.0,confirmed=False
2026-04-24T17:26:25.005936,AUTOCORR_SAMPLE,Per-buffer autocorr result,freq=2186708180.708181,peak=0.21576335653662682,peak2=0.025990737951360643,lag_off=0.0,confirmed=False
2026-04-24T17:26:25.007579,AUTOCORR_SAMPLE,Per-buffer autocorr result,freq=2186708180.708181,peak=0.12373468186706305,peak2=0.008243662305176258,lag_off=-1.0,confirmed=False
2026-04-24T17:26:25.024789,AUTOCORR_SAMPLE,Per-buffer autocorr result,freq=2186708180.708181,peak=0.10749778430908918,peak2=0.05565965827554464,lag_off=-2.0,confirmed=False
2026-04-24T17:26:25.025774,AUTOCORR_SAMPLE,Per-buffer autocorr result,freq=2186708180.708181,peak=0.052831966895610094,peak2=-0.011218939442187548,lag_off=-4.0,confirmed=False
2026-04-24T17:26:25.034341,AUTOCORR_SAMPLE,Per-buffer autocorr result,freq=2186708180.708181,peak=0.1084169433452189,peak2=0.053146293852478266,lag_off=-6.0,confirmed=False
2026-04-24T17:26:25.035255,AUTOCORR_SAMPLE,Per-buffer autocorr result,freq=2186708180.708181,peak=0.13683877792209387,peak2=0.06300620269030333,lag_off=-3.0,confirmed=False
2026-04-24T17:26:25.035329,AUTOCORR_RESULT,autocorr classification,freq=2186708180.708181,votes=0,total=10,score=0.0,confirmed=False
2026-04-24T17:26:25.062501,AUTOCORR_SAMPLE,Per-buffer autocorr result,freq=2207433455.4334555,peak=0.12373468186706305,peak2=0.008243662305176258,lag_off=-1.0,confirmed=False
2026-04-24T17:26:25.065523,AUTOCORR_SAMPLE,Per-buffer autocorr result,freq=2207433455.4334555,peak=0.12481828220188618,peak2=0.04966182820498943,lag_off=4.0,confirmed=False
2026-04-24T17:26:25.066322,AUTOCORR_SAMPLE,Per-buffer autocorr result,freq=2207433455.4334555,peak=0.15638622315600514,peak2=0.1660042372532189,lag_off=5.0,confirmed=False
2026-04-24T17:26:25.068947,AUTOCORR_SAMPLE,Per-buffer autocorr result,freq=2207433455.4334555,peak=0.13133227231446654,peak2=0.07677658053580672,lag_off=-4.0,confirmed=False
2026-04-24T17:26:25.069843,AUTOCORR_SAMPLE,Per-buffer autocorr result,freq=2207433455.4334555,peak=0.12683826219290495,peak2=0.14220189582556486,lag_off=6.0,confirmed=False
2026-04-24T17:26:25.072229,AUTOCORR_SAMPLE,Per-buffer autocorr result,freq=2207433455.4334555,peak=0.12508182181045413,peak2=0.05382765782997012,lag_off=-1.0,confirmed=False
2026-04-24T17:26:25.072970,AUTOCORR_SAMPLE,Per-buffer autocorr result,freq=2207433455.4334555,peak=0.045570291578769684,peak2=0.05741315707564354,lag_off=-6.0,confirmed=False
2026-04-24T17:26:25.075429,AUTOCORR_SAMPLE,Per-buffer autocorr result,freq=2207433455.4334555,peak=0.034660327655728906,peak2=0.042309175652917475,lag_off=-4.0,confirmed=False
2026-04-24T17:26:25.076285,AUTOCORR_SAMPLE,Per-buffer autocorr result,freq=2207433455.4334555,peak=0.08729319181293249,peak2=0.04272355791181326,lag_off=4.0,confirmed=False
2026-04-24T17:26:25.078649,AUTOCORR_SAMPLE,Per-buffer autocorr result,freq=2207433455.4334555,peak=0.07934281695634127,peak2=0.10469947475939989,lag_off=2.0,confirmed=False
2026-04-24T17:26:25.078745,AUTOCORR_RESULT,autocorr classification,freq=2207433455.4334555,votes=0,total=10,score=0.0,confirmed=False
2026-04-24T17:26:25.443688,AUTOCORR_SAMPLE,Per-buffer autocorr result,freq=2413448107.4481072,peak=0.10282974899746478,peak2=0.08050458342768252,lag_off=-5.0,confirmed=False
2026-04-24T17:26:25.470397,AUTOCORR_SAMPLE,Per-buffer autocorr result,freq=2413448107.4481072,peak=0.0832996517419815,peak2=0.011416887864470482,lag_off=-3.0,confirmed=False
2026-04-24T17:26:25.493451,AUTOCORR_SAMPLE,Per-buffer autocorr result,freq=2413448107.4481072,peak=0.19243793841451406,peak2=0.01955957431346178,lag_off=-6.0,confirmed=False
2026-04-24T17:26:25.529010,AUTOCORR_SAMPLE,Per-buffer autocorr result,freq=2413448107.4481072,peak=0.038800422102212906,peak2=0.09407587721943855,lag_off=2.0,confirmed=False
2026-04-24T17:26:25.530207,AUTOCORR_SAMPLE,Per-buffer autocorr result,freq=2413448107.4481072,peak=0.07742586266249418,peak2=0.08863699715584517,lag_off=0.0,confirmed=False
2026-04-24T17:26:25.546622,AUTOCORR_SAMPLE,Per-buffer autocorr result,freq=2413448107.4481072,peak=0.02390045579522848,peak2=0.030818422324955463,lag_off=-4.0,confirmed=False
2026-04-24T17:26:25.565162,AUTOCORR_SAMPLE,Per-buffer autocorr result,freq=2413448107.4481072,peak=-0.025301173329353333,peak2=-0.2047368362545967,lag_off=-3.0,confirmed=False
2026-04-24T17:26:25.581624,AUTOCORR_SAMPLE,Per-buffer autocorr result,freq=2413448107.4481072,peak=-0.021222404204308987,peak2=-0.04025661572813988,lag_off=-6.0,confirmed=False
2026-04-24T17:26:25.599520,AUTOCORR_SAMPLE,Per-buffer autocorr result,freq=2413448107.4481072,peak=0.1511121802031994,peak2=0.10084045305848122,lag_off=-3.0,confirmed=False
2026-04-24T17:26:25.611761,AUTOCORR_SAMPLE,Per-buffer autocorr result,freq=2413448107.4481072,peak=0.07934757834300399,peak2=0.08495075022801757,lag_off=3.0,confirmed=False
2026-04-24T17:26:25.611857,AUTOCORR_RESULT,autocorr classification,freq=2413448107.4481072,votes=0,total=10,score=0.0,confirmed=False
2026-04-24T17:26:25.686056,AUTOCORR_SAMPLE,Per-buffer autocorr result,freq=2433995115.995116,peak=0.038800422102212906,peak2=0.09407587721943855,lag_off=2.0,confirmed=False
2026-04-24T17:26:25.688984,AUTOCORR_SAMPLE,Per-buffer autocorr result,freq=2433995115.995116,peak=0.08477317844517529,peak2=0.09296525572426617,lag_off=-3.0,confirmed=False
2026-04-24T17:26:25.689895,AUTOCORR_SAMPLE,Per-buffer autocorr result,freq=2433995115.995116,peak=0.03694240259937942,peak2=0.050405653892084956,lag_off=-4.0,confirmed=False
2026-04-24T17:26:25.692662,AUTOCORR_SAMPLE,Per-buffer autocorr result,freq=2433995115.995116,peak=0.16750288289040327,peak2=0.1287760017439723,lag_off=6.0,confirmed=False
2026-04-24T17:26:25.695825,AUTOCORR_SAMPLE,Per-buffer autocorr result,freq=2433995115.995116,peak=0.1463812931906432,peak2=0.058552321745082736,lag_off=1.0,confirmed=False
2026-04-24T17:26:25.696610,AUTOCORR_SAMPLE,Per-buffer autocorr result,freq=2433995115.995116,peak=0.10921502480050549,peak2=0.005636426561977714,lag_off=-2.0,confirmed=False
2026-04-24T17:26:25.699641,AUTOCORR_SAMPLE,Per-buffer autocorr result,freq=2433995115.995116,peak=0.04505180916748941,peak2=0.020369715755805373,lag_off=-1.0,confirmed=False
2026-04-24T17:26:25.702679,AUTOCORR_SAMPLE,Per-buffer autocorr result,freq=2433995115.995116,peak=0.05953448265790939,peak2=0.044064000248909,lag_off=5.0,confirmed=False
2026-04-24T17:26:25.703280,AUTOCORR_SAMPLE,Per-buffer autocorr result,freq=2433995115.995116,peak=0.0674843062661239,peak2=0.09414428668242181,lag_off=-3.0,confirmed=False
2026-04-24T17:26:25.706243,AUTOCORR_SAMPLE,Per-buffer autocorr result,freq=2433995115.995116,peak=0.21692699287086725,peak2=0.11094874981790781,lag_off=5.0,confirmed=False
2026-04-24T17:26:25.706323,AUTOCORR_RESULT,autocorr classification,freq=2433995115.995116,votes=0,total=10,score=0.0,confirmed=False
2026-04-24T17:26:25.989734,AUTOCORR_SAMPLE,Per-buffer autocorr result,freq=2612266178.266178,peak=0.11000629747286439,peak2=0.1368663706816733,lag_off=2.0,confirmed=False
2026-04-24T17:26:25.995669,AUTOCORR_SAMPLE,Per-buffer autocorr result,freq=2612266178.266178,peak=0.02195585146546364,peak2=0.0166507875546813,lag_off=1.0,confirmed=False
2026-04-24T17:26:25.998084,AUTOCORR_SAMPLE,Per-buffer autocorr result,freq=2612266178.266178,peak=0.025250427424907684,peak2=-0.05650045815855265,lag_off=-2.0,confirmed=False
2026-04-24T17:26:26.005331,AUTOCORR_SAMPLE,Per-buffer autocorr result,freq=2612266178.266178,peak=0.1197213102132082,peak2=0.1341353002935648,lag_off=-3.0,confirmed=False
2026-04-24T17:26:26.017272,AUTOCORR_SAMPLE,Per-buffer autocorr result,freq=2612266178.266178,peak=0.1640133000910282,peak2=0.02333676628768444,lag_off=-5.0,confirmed=False
2026-04-24T17:26:26.028797,AUTOCORR_SAMPLE,Per-buffer autocorr result,freq=2612266178.266178,peak=0.05885462835431099,peak2=0.03995359502732754,lag_off=5.0,confirmed=False
2026-04-24T17:26:26.030922,AUTOCORR_SAMPLE,Per-buffer autocorr result,freq=2612266178.266178,peak=0.114248126745224,peak2=0.036535998806357384,lag_off=1.0,confirmed=False
2026-04-24T17:26:26.045149,AUTOCORR_SAMPLE,Per-buffer autocorr result,freq=2612266178.266178,peak=0.0366367707028985,peak2=0.06986390892416239,lag_off=5.0,confirmed=False
2026-04-24T17:26:26.051697,AUTOCORR_SAMPLE,Per-buffer autocorr result,freq=2612266178.266178,peak=0.09925576113164425,peak2=0.10289251618087292,lag_off=5.0,confirmed=False
2026-04-24T17:26:26.061396,AUTOCORR_SAMPLE,Per-buffer autocorr result,freq=2612266178.266178,peak=-0.028783515095710754,peak2=-0.11281734146177769,lag_off=0.0,confirmed=False
2026-04-24T17:26:26.061578,AUTOCORR_RESULT,autocorr classification,freq=2612266178.266178,votes=0,total=10,score=0.0,confirmed=False
2026-04-24T17:26:26.095174,AUTOCORR_SAMPLE,Per-buffer autocorr result,freq=2635006105.006105,peak=0.02195585146546364,peak2=0.0166507875546813,lag_off=1.0,confirmed=False
2026-04-24T17:26:26.098761,AUTOCORR_SAMPLE,Per-buffer autocorr result,freq=2635006105.006105,peak=-0.05052013695240021,peak2=-0.0616128146648407,lag_off=-5.0,confirmed=False
2026-04-24T17:26:26.099455,AUTOCORR_SAMPLE,Per-buffer autocorr result,freq=2635006105.006105,peak=-0.23133583553135395,peak2=-0.34771473705768585,lag_off=-5.0,confirmed=False
2026-04-24T17:26:26.105405,AUTOCORR_SAMPLE,Per-buffer autocorr result,freq=2635006105.006105,peak=0.027619742788374424,peak2=-0.008965649642050266,lag_off=-6.0,confirmed=False
2026-04-24T17:26:26.110269,AUTOCORR_SAMPLE,Per-buffer autocorr result,freq=2635006105.006105,peak=0.010140996426343918,peak2=0.028754301369190216,lag_off=-4.0,confirmed=False
2026-04-24T17:26:26.111352,AUTOCORR_SAMPLE,Per-buffer autocorr result,freq=2635006105.006105,peak=-0.11266303807497025,peak2=-0.20012133941054344,lag_off=-5.0,confirmed=False
2026-04-24T17:26:26.116604,AUTOCORR_SAMPLE,Per-buffer autocorr result,freq=2635006105.006105,peak=0.13198844157159328,peak2=0.06406897120177746,lag_off=1.0,confirmed=False
2026-04-24T17:26:26.124696,AUTOCORR_SAMPLE,Per-buffer autocorr result,freq=2635006105.006105,peak=0.0235176682472229,peak2=-0.17775984480977058,lag_off=-5.0,confirmed=False
2026-04-24T17:26:26.134825,AUTOCORR_SAMPLE,Per-buffer autocorr result,freq=2635006105.006105,peak=0.012885179370641708,peak2=-0.03876160643994808,lag_off=3.0,confirmed=False
2026-04-24T17:26:26.135785,AUTOCORR_SAMPLE,Per-buffer autocorr result,freq=2635006105.006105,peak=0.014696084428578615,peak2=0.06497828708961606,lag_off=-2.0,confirmed=False
2026-04-24T17:26:26.142501,AUTOCORR_RESULT,autocorr classification,freq=2635006105.006105,votes=0,total=10,score=0.0,confirmed=False
2026-04-24T17:26:26.170061,AUTOCORR_SAMPLE,Per-buffer autocorr result,freq=2655533577.533578,peak=0.010140996426343918,peak2=0.028754301369190216,lag_off=-4.0,confirmed=False
2026-04-24T17:26:26.170749,AUTOCORR_SAMPLE,Per-buffer autocorr result,freq=2655533577.533578,peak=0.11158699542284012,peak2=0.018264757469296455,lag_off=-4.0,confirmed=False
2026-04-24T17:26:26.190856,AUTOCORR_SAMPLE,Per-buffer autocorr result,freq=2655533577.533578,peak=-0.034071750938892365,peak2=-0.1820768043398857,lag_off=-4.0,confirmed=False
2026-04-24T17:26:26.210181,AUTOCORR_SAMPLE,Per-buffer autocorr result,freq=2655533577.533578,peak=0.06298865098506212,peak2=0.048132614232599735,lag_off=-6.0,confirmed=False
2026-04-24T17:26:26.226460,AUTOCORR_SAMPLE,Per-buffer autocorr result,freq=2655533577.533578,peak=0.03378953039646149,peak2=-0.02291841059923172,lag_off=0.0,confirmed=False
2026-04-24T17:26:26.230521,AUTOCORR_SAMPLE,Per-buffer autocorr result,freq=2655533577.533578,peak=0.08187704347074032,peak2=0.07995874248445034,lag_off=-6.0,confirmed=False
2026-04-24T17:26:26.249280,AUTOCORR_SAMPLE,Per-buffer autocorr result,freq=2655533577.533578,peak=0.18260355293750763,peak2=0.10610564798116684,lag_off=4.0,confirmed=False
2026-04-24T17:26:26.255254,AUTOCORR_SAMPLE,Per-buffer autocorr result,freq=2655533577.533578,peak=-0.06701936759054661,peak2=-0.10198211669921875,lag_off=4.0,confirmed=False
2026-04-24T17:26:26.264298,AUTOCORR_SAMPLE,Per-buffer autocorr result,freq=2655533577.533578,peak=-0.024287424981594086,peak2=-0.10315941646695137,lag_off=3.0,confirmed=False
2026-04-24T17:26:26.275719,AUTOCORR_SAMPLE,Per-buffer autocorr result,freq=2655533577.533578,peak=-0.13351429253816605,peak2=-0.22856713458895683,lag_off=-4.0,confirmed=False
2026-04-24T17:26:26.278180,AUTOCORR_RESULT,autocorr classification,freq=2655533577.533578,votes=0,total=10,score=0.0,confirmed=False
2026-04-24T17:26:26.296117,AUTOCORR_SAMPLE,Per-buffer autocorr result,freq=2672244200.2442,peak=0.11158699542284012,peak2=0.018264757469296455,lag_off=-4.0,confirmed=False
2026-04-24T17:26:26.296970,AUTOCORR_SAMPLE,Per-buffer autocorr result,freq=2672244200.2442,peak=0.12936536269262433,peak2=0.14756259368732572,lag_off=-6.0,confirmed=False
2026-04-24T17:26:26.299526,AUTOCORR_SAMPLE,Per-buffer autocorr result,freq=2672244200.2442,peak=0.19606326892971992,peak2=0.04324699565768242,lag_off=4.0,confirmed=False
2026-04-24T17:26:26.301877,AUTOCORR_SAMPLE,Per-buffer autocorr result,freq=2672244200.2442,peak=0.0268839867785573,peak2=0.027185904793441296,lag_off=4.0,confirmed=False
2026-04-24T17:26:26.304769,AUTOCORR_SAMPLE,Per-buffer autocorr result,freq=2672244200.2442,peak=0.1414890307933092,peak2=0.06652502901852131,lag_off=2.0,confirmed=False
2026-04-24T17:26:26.307405,AUTOCORR_SAMPLE,Per-buffer autocorr result,freq=2672244200.2442,peak=0.14533742183994036,peak2=0.08875957543205004,lag_off=2.0,confirmed=False
2026-04-24T17:26:26.309974,AUTOCORR_SAMPLE,Per-buffer autocorr result,freq=2672244200.2442,peak=0.13090425822883844,peak2=0.09180849883705378,lag_off=-6.0,confirmed=False
2026-04-24T17:26:26.310649,AUTOCORR_SAMPLE,Per-buffer autocorr result,freq=2672244200.2442,peak=0.038535673171281815,peak2=0.028421275317668915,lag_off=3.0,confirmed=False
2026-04-24T17:26:26.312724,AUTOCORR_SAMPLE,Per-buffer autocorr result,freq=2672244200.2442,peak=0.09530181251466274,peak2=0.059792766347527504,lag_off=5.0,confirmed=False
2026-04-24T17:26:26.313442,AUTOCORR_SAMPLE,Per-buffer autocorr result,freq=2672244200.2442,peak=0.0685065584257245,peak2=0.06743349600583315,lag_off=-4.0,confirmed=False
2026-04-24T17:26:26.313519,AUTOCORR_RESULT,autocorr classification,freq=2672244200.2442,votes=0,total=10,score=0.0,confirmed=False
2026-04-24T17:26:26.906731,AUTOCORR_SAMPLE,Per-buffer autocorr result,freq=3136310134.3101344,peak=0.09974656347185373,peak2=0.0705890515819192,lag_off=-1.0,confirmed=False
2026-04-24T17:26:26.909384,AUTOCORR_SAMPLE,Per-buffer autocorr result,freq=3136310134.3101344,peak=0.1097821366856806,peak2=0.0681590658496134,lag_off=-6.0,confirmed=False
2026-04-24T17:26:26.912148,AUTOCORR_SAMPLE,Per-buffer autocorr result,freq=3136310134.3101344,peak=0.11331254057586193,peak2=0.06966886855661869,lag_off=0.0,confirmed=False
2026-04-24T17:26:26.912900,AUTOCORR_SAMPLE,Per-buffer autocorr result,freq=3136310134.3101344,peak=0.10128616634756327,peak2=0.12078325543552637,lag_off=-2.0,confirmed=False
2026-04-24T17:26:26.915233,AUTOCORR_SAMPLE,Per-buffer autocorr result,freq=3136310134.3101344,peak=0.06072452710941434,peak2=0.04129294352605939,lag_off=5.0,confirmed=False
2026-04-24T17:26:26.916007,AUTOCORR_SAMPLE,Per-buffer autocorr result,freq=3136310134.3101344,peak=0.0064169615507125854,peak2=-0.2162349447607994,lag_off=-3.0,confirmed=False
2026-04-24T17:26:26.918891,AUTOCORR_SAMPLE,Per-buffer autocorr result,freq=3136310134.3101344,peak=0.09207710763439536,peak2=0.08616130938753486,lag_off=4.0,confirmed=False
2026-04-24T17:26:26.919758,AUTOCORR_SAMPLE,Per-buffer autocorr result,freq=3136310134.3101344,peak=0.10083402879536152,peak2=0.08039603568613529,lag_off=5.0,confirmed=False
2026-04-24T17:26:26.922935,AUTOCORR_SAMPLE,Per-buffer autocorr result,freq=3136310134.3101344,peak=-0.12014995515346527,peak2=-0.33217860758304596,lag_off=-6.0,confirmed=False
2026-04-24T17:26:26.925505,AUTOCORR_SAMPLE,Per-buffer autocorr result,freq=3136310134.3101344,peak=0.0632632456254214,peak2=0.06549731711857021,lag_off=3.0,confirmed=False
2026-04-24T17:26:26.925671,AUTOCORR_RESULT,autocorr classification,freq=3136310134.3101344,votes=0,total=10,score=0.0,confirmed=False
2026-04-24T17:26:26.950252,AUTOCORR_SAMPLE,Per-buffer autocorr result,freq=3167050061.050061,peak=0.1097821366856806,peak2=0.0681590658496134,lag_off=-6.0,confirmed=False
2026-04-24T17:26:26.951113,AUTOCORR_SAMPLE,Per-buffer autocorr result,freq=3167050061.050061,peak=0.21577945072203875,peak2=0.017979906871914864,lag_off=-1.0,confirmed=False
2026-04-24T17:26:26.954142,AUTOCORR_SAMPLE,Per-buffer autocorr result,freq=3167050061.050061,peak=0.08830470219254494,peak2=0.23877537995576859,lag_off=1.0,confirmed=False
2026-04-24T17:26:26.957653,AUTOCORR_SAMPLE,Per-buffer autocorr result,freq=3167050061.050061,peak=0.011001710779964924,peak2=0.17013397067785263,lag_off=1.0,confirmed=False
2026-04-24T17:26:26.960413,AUTOCORR_SAMPLE,Per-buffer autocorr result,freq=3167050061.050061,peak=0.13230624329298735,peak2=0.024014637805521488,lag_off=1.0,confirmed=False
2026-04-24T17:26:26.961249,AUTOCORR_SAMPLE,Per-buffer autocorr result,freq=3167050061.050061,peak=0.044362591579556465,peak2=0.02638099156320095,lag_off=0.0,confirmed=False
2026-04-24T17:26:26.964188,AUTOCORR_SAMPLE,Per-buffer autocorr result,freq=3167050061.050061,peak=0.10074180038645864,peak2=0.10757809551432729,lag_off=0.0,confirmed=False
2026-04-24T17:26:26.967122,AUTOCORR_SAMPLE,Per-buffer autocorr result,freq=3167050061.050061,peak=0.15607336722314358,peak2=0.05845615081489086,lag_off=0.0,confirmed=False
2026-04-24T17:26:26.970243,AUTOCORR_SAMPLE,Per-buffer autocorr result,freq=3167050061.050061,peak=0.12203680630773306,peak2=0.09861500468105078,lag_off=-3.0,confirmed=False
2026-04-24T17:26:26.970932,AUTOCORR_SAMPLE,Per-buffer autocorr result,freq=3167050061.050061,peak=0.10991889424622059,peak2=0.03554440289735794,lag_off=-1.0,confirmed=False
2026-04-24T17:26:26.971051,AUTOCORR_RESULT,autocorr classification,freq=3167050061.050061,votes=0,total=10,score=0.0,confirmed=False
2026-04-24T17:26:27.239503,AUTOCORR_SAMPLE,Per-buffer autocorr result,freq=3366661782.6617827,peak=0.04826165456324816,peak2=0.022382687777280807,lag_off=-4.0,confirmed=False
2026-04-24T17:26:27.242339,AUTOCORR_SAMPLE,Per-buffer autocorr result,freq=3366661782.6617827,peak=0.023713831149507314,peak2=0.020688295655418187,lag_off=6.0,confirmed=False
2026-04-24T17:26:27.243070,AUTOCORR_SAMPLE,Per-buffer autocorr result,freq=3366661782.6617827,peak=0.2499180929735303,peak2=0.12449351418763399,lag_off=5.0,confirmed=False
2026-04-24T17:26:27.245765,AUTOCORR_SAMPLE,Per-buffer autocorr result,freq=3366661782.6617827,peak=0.03882486838847399,peak2=0.026362118311226368,lag_off=-6.0,confirmed=False
2026-04-24T17:26:27.248368,AUTOCORR_SAMPLE,Per-buffer autocorr result,freq=3366661782.6617827,peak=0.03532917331904173,peak2=0.028850273229181767,lag_off=-1.0,confirmed=False
2026-04-24T17:26:27.249255,AUTOCORR_SAMPLE,Per-buffer autocorr result,freq=3366661782.6617827,peak=0.13072112400550395,peak2=0.040874073398299515,lag_off=2.0,confirmed=False
2026-04-24T17:26:27.252408,AUTOCORR_SAMPLE,Per-buffer autocorr result,freq=3366661782.6617827,peak=0.0935630714520812,peak2=0.10952290799468756,lag_off=6.0,confirmed=False
2026-04-24T17:26:27.255422,AUTOCORR_SAMPLE,Per-buffer autocorr result,freq=3366661782.6617827,peak=0.0496293660835363,peak2=0.02941742358962074,lag_off=6.0,confirmed=False
2026-04-24T17:26:27.256030,AUTOCORR_SAMPLE,Per-buffer autocorr result,freq=3366661782.6617827,peak=0.20364109985530376,peak2=0.10298439674079418,lag_off=3.0,confirmed=False
2026-04-24T17:26:27.256619,AUTOCORR_SAMPLE,Per-buffer autocorr result,freq=3366661782.6617827,peak=0.11140439473092556,peak2=0.08527321554720402,lag_off=5.0,confirmed=False
2026-04-24T17:26:27.256690,AUTOCORR_RESULT,autocorr classification,freq=3366661782.6617827,votes=0,total=10,score=0.0,confirmed=False
2026-04-24T17:26:27.275763,AUTOCORR_SAMPLE,Per-buffer autocorr result,freq=3382312576.3125763,peak=0.023713831149507314,peak2=0.020688295655418187,lag_off=6.0,confirmed=False
2026-04-24T17:26:27.278360,AUTOCORR_SAMPLE,Per-buffer autocorr result,freq=3382312576.3125763,peak=0.11088936682790518,peak2=0.028271528892219067,lag_off=-5.0,confirmed=False
2026-04-24T17:26:27.281594,AUTOCORR_SAMPLE,Per-buffer autocorr result,freq=3382312576.3125763,peak=0.11538628675043583,peak2=0.08884635008871555,lag_off=-6.0,confirmed=False
2026-04-24T17:26:27.282395,AUTOCORR_SAMPLE,Per-buffer autocorr result,freq=3382312576.3125763,peak=0.17728689964860678,peak2=0.06217880826443434,lag_off=1.0,confirmed=False
2026-04-24T17:26:27.285244,AUTOCORR_SAMPLE,Per-buffer autocorr result,freq=3382312576.3125763,peak=0.09567355248145759,peak2=0.055308933136984706,lag_off=-6.0,confirmed=False
2026-04-24T17:26:27.288277,AUTOCORR_SAMPLE,Per-buffer autocorr result,freq=3382312576.3125763,peak=0.11572884488850832,peak2=0.08405846823006868,lag_off=0.0,confirmed=False
2026-04-24T17:26:27.288884,AUTOCORR_SAMPLE,Per-buffer autocorr result,freq=3382312576.3125763,peak=0.04677721671760082,peak2=0.020435167476534843,lag_off=0.0,confirmed=False
2026-04-24T17:26:27.291892,AUTOCORR_SAMPLE,Per-buffer autocorr result,freq=3382312576.3125763,peak=0.10358715848997235,peak2=0.04513806523755193,lag_off=-4.0,confirmed=False
2026-04-24T17:26:27.292687,AUTOCORR_SAMPLE,Per-buffer autocorr result,freq=3382312576.3125763,peak=0.08955769333988428,peak2=0.07093819323927164,lag_off=-1.0,confirmed=False
2026-04-24T17:26:27.295678,AUTOCORR_SAMPLE,Per-buffer autocorr result,freq=3382312576.3125763,peak=0.11082933470606804,peak2=0.13199982419610023,lag_off=-6.0,confirmed=False
2026-04-24T17:26:27.295841,AUTOCORR_RESULT,autocorr classification,freq=3382312576.3125763,votes=0,total=10,score=0.0,confirmed=False
2026-04-24T17:26:27.343965,AUTOCORR_SAMPLE,Per-buffer autocorr result,freq=3413958485.9584856,peak=0.10648011788725853,peak2=0.027053961530327797,lag_off=-3.0,confirmed=False
2026-04-24T17:26:27.346973,AUTOCORR_SAMPLE,Per-buffer autocorr result,freq=3413958485.9584856,peak=0.07133763749152422,peak2=0.18243995029479265,lag_off=2.0,confirmed=False
2026-04-24T17:26:27.347969,AUTOCORR_SAMPLE,Per-buffer autocorr result,freq=3413958485.9584856,peak=0.09346923604607582,peak2=0.07183127850294113,lag_off=0.0,confirmed=False
2026-04-24T17:26:27.350761,AUTOCORR_SAMPLE,Per-buffer autocorr result,freq=3413958485.9584856,peak=0.12993425643071532,peak2=0.0770551017485559,lag_off=-3.0,confirmed=False
2026-04-24T17:26:27.353423,AUTOCORR_SAMPLE,Per-buffer autocorr result,freq=3413958485.9584856,peak=0.08225903380662203,peak2=0.048269771970808506,lag_off=-1.0,confirmed=False
2026-04-24T17:26:27.356228,AUTOCORR_SAMPLE,Per-buffer autocorr result,freq=3413958485.9584856,peak=0.03937860298901796,peak2=0.24440740887075663,lag_off=-4.0,confirmed=False
2026-04-24T17:26:27.357038,AUTOCORR_SAMPLE,Per-buffer autocorr result,freq=3413958485.9584856,peak=0.10956193134188652,peak2=0.04479489475488663,lag_off=6.0,confirmed=False
2026-04-24T17:26:27.359398,AUTOCORR_SAMPLE,Per-buffer autocorr result,freq=3413958485.9584856,peak=0.051349605433642864,peak2=0.07692845445126295,lag_off=-4.0,confirmed=False
2026-04-24T17:26:27.360040,AUTOCORR_SAMPLE,Per-buffer autocorr result,freq=3413958485.9584856,peak=0.08299422869458795,peak2=0.07818496087566018,lag_off=2.0,confirmed=False
2026-04-24T17:26:27.360708,AUTOCORR_SAMPLE,Per-buffer autocorr result,freq=3413958485.9584856,peak=0.1641834620386362,peak2=0.0363763403147459,lag_off=-2.0,confirmed=False
2026-04-24T17:26:27.362883,AUTOCORR_RESULT,autocorr classification,freq=3413958485.9584856,votes=0,total=10,score=0.0,confirmed=False
2026-04-24T17:26:28.500739,AUTOCORR_SAMPLE,Per-buffer autocorr result,freq=4157467643.4676433,peak=0.05750751309096813,peak2=0.01738356426358223,lag_off=0.0,confirmed=False
2026-04-24T17:26:28.505318,AUTOCORR_SAMPLE,Per-buffer autocorr result,freq=4157467643.4676433,peak=0.06104541942477226,peak2=-0.005232933908700943,lag_off=3.0,confirmed=False
2026-04-24T17:26:28.506119,AUTOCORR_SAMPLE,Per-buffer autocorr result,freq=4157467643.4676433,peak=0.06809212011285126,peak2=0.04791380581445992,lag_off=-3.0,confirmed=False
2026-04-24T17:26:28.506781,AUTOCORR_SAMPLE,Per-buffer autocorr result,freq=4157467643.4676433,peak=0.07821661792695522,peak2=0.07278512232005596,lag_off=-4.0,confirmed=False
2026-04-24T17:26:28.507302,AUTOCORR_SAMPLE,Per-buffer autocorr result,freq=4157467643.4676433,peak=0.03830578178167343,peak2=0.06710844859480858,lag_off=-2.0,confirmed=False
2026-04-24T17:26:28.507808,AUTOCORR_SAMPLE,Per-buffer autocorr result,freq=4157467643.4676433,peak=0.08220694027841091,peak2=0.04031926952302456,lag_off=-1.0,confirmed=False
2026-04-24T17:26:28.508302,AUTOCORR_SAMPLE,Per-buffer autocorr result,freq=4157467643.4676433,peak=0.07288665324449539,peak2=0.006209272891283035,lag_off=6.0,confirmed=False
2026-04-24T17:26:28.509190,AUTOCORR_SAMPLE,Per-buffer autocorr result,freq=4157467643.4676433,peak=0.23036705376580358,peak2=0.11127733113244176,lag_off=6.0,confirmed=False
2026-04-24T17:26:28.510166,AUTOCORR_SAMPLE,Per-buffer autocorr result,freq=4157467643.4676433,peak=0.008701074868440628,peak2=-0.0064105503261089325,lag_off=-3.0,confirmed=False
2026-04-24T17:26:28.510825,AUTOCORR_SAMPLE,Per-buffer autocorr result,freq=4157467643.4676433,peak=0.06233545090071857,peak2=0.06564563210122287,lag_off=3.0,confirmed=False
2026-04-24T17:26:28.510879,AUTOCORR_RESULT,autocorr classification,freq=4157467643.4676433,votes=0,total=10,score=0.0,confirmed=False
2026-04-24T17:26:28.554762,AUTOCORR_SAMPLE,Per-buffer autocorr result,freq=4176842490.8424907,peak=0.06104541942477226,peak2=-0.005232933908700943,lag_off=3.0,confirmed=False
2026-04-24T17:26:28.557613,AUTOCORR_SAMPLE,Per-buffer autocorr result,freq=4176842490.8424907,peak=0.025810359162278473,peak2=0.17319736641366035,lag_off=-3.0,confirmed=False
2026-04-24T17:26:28.558533,AUTOCORR_SAMPLE,Per-buffer autocorr result,freq=4176842490.8424907,peak=0.06993500702083111,peak2=0.030709031969308853,lag_off=0.0,confirmed=False
2026-04-24T17:26:28.561255,AUTOCORR_SAMPLE,Per-buffer autocorr result,freq=4176842490.8424907,peak=0.04150578612461686,peak2=0.02637132303789258,lag_off=-5.0,confirmed=False
2026-04-24T17:26:28.563975,AUTOCORR_SAMPLE,Per-buffer autocorr result,freq=4176842490.8424907,peak=0.09470008360221982,peak2=0.09114237176254392,lag_off=6.0,confirmed=False
2026-04-24T17:26:28.564761,AUTOCORR_SAMPLE,Per-buffer autocorr result,freq=4176842490.8424907,peak=0.06150320917367935,peak2=0.04210839793086052,lag_off=-1.0,confirmed=False
2026-04-24T17:26:28.567723,AUTOCORR_SAMPLE,Per-buffer autocorr result,freq=4176842490.8424907,peak=0.1437000073492527,peak2=0.02083429042249918,lag_off=0.0,confirmed=False
2026-04-24T17:26:28.570641,AUTOCORR_SAMPLE,Per-buffer autocorr result,freq=4176842490.8424907,peak=0.028901802841573954,peak2=0.018539367709308863,lag_off=0.0,confirmed=False
2026-04-24T17:26:28.572942,AUTOCORR_SAMPLE,Per-buffer autocorr result,freq=4176842490.8424907,peak=0.0768489302136004,peak2=0.05291607463732362,lag_off=-2.0,confirmed=False
2026-04-24T17:26:28.573699,AUTOCORR_SAMPLE,Per-buffer autocorr result,freq=4176842490.8424907,peak=0.031109435483813286,peak2=0.02060701511800289,lag_off=1.0,confirmed=False
2026-04-24T17:26:28.573772,AUTOCORR_RESULT,autocorr classification,freq=4176842490.8424907,votes=0,total=10,score=0.0,confirmed=False
2026-04-24T17:26:29.633604,AUTOCORR_SAMPLE,Per-buffer autocorr result,freq=5021789987.789988,peak=0.0830160602927208,peak2=0.07049288973212242,lag_off=-3.0,confirmed=False
2026-04-24T17:26:29.636874,AUTOCORR_SAMPLE,Per-buffer autocorr result,freq=5021789987.789988,peak=0.0797970462590456,peak2=-0.0037699779495596886,lag_off=2.0,confirmed=False
2026-04-24T17:26:29.640007,AUTOCORR_SAMPLE,Per-buffer autocorr result,freq=5021789987.789988,peak=0.14585927710868418,peak2=0.015093019464984536,lag_off=1.0,confirmed=False
2026-04-24T17:26:29.640849,AUTOCORR_SAMPLE,Per-buffer autocorr result,freq=5021789987.789988,peak=0.08141310792416334,peak2=0.05343710910528898,lag_off=-2.0,confirmed=False
2026-04-24T17:26:29.643940,AUTOCORR_SAMPLE,Per-buffer autocorr result,freq=5021789987.789988,peak=0.07724557304754853,peak2=0.06472888821735978,lag_off=-4.0,confirmed=False
2026-04-24T17:26:29.646643,AUTOCORR_SAMPLE,Per-buffer autocorr result,freq=5021789987.789988,peak=0.06214896566234529,peak2=0.09316938347183168,lag_off=0.0,confirmed=False
2026-04-24T17:26:29.647246,AUTOCORR_SAMPLE,Per-buffer autocorr result,freq=5021789987.789988,peak=0.02913926960900426,peak2=0.1479920600540936,lag_off=2.0,confirmed=False
2026-04-24T17:26:29.649921,AUTOCORR_SAMPLE,Per-buffer autocorr result,freq=5021789987.789988,peak=0.10384080745279789,peak2=0.12131685949862003,lag_off=3.0,confirmed=False
2026-04-24T17:26:29.650684,AUTOCORR_SAMPLE,Per-buffer autocorr result,freq=5021789987.789988,peak=0.07825787551701069,peak2=0.042097246274352074,lag_off=-4.0,confirmed=False
2026-04-24T17:26:29.653673,AUTOCORR_SAMPLE,Per-buffer autocorr result,freq=5021789987.789988,peak=0.04749368829652667,peak2=0.017331767361611128,lag_off=0.0,confirmed=False
2026-04-24T17:26:29.653784,AUTOCORR_RESULT,autocorr classification,freq=5021789987.789988,votes=0,total=10,score=0.0,confirmed=False
2026-04-24T17:26:30.739963,AUTOCORR_SAMPLE,Per-buffer autocorr result,freq=5839177045.177046,peak=0.09911263734102249,peak2=0.04842047765851021,lag_off=3.0,confirmed=False
2026-04-24T17:26:30.743847,AUTOCORR_SAMPLE,Per-buffer autocorr result,freq=5839177045.177046,peak=0.25996917486190796,peak2=0.20957136154174805,lag_off=-1.0,confirmed=False
2026-04-24T17:26:30.744720,AUTOCORR_SAMPLE,Per-buffer autocorr result,freq=5839177045.177046,peak=0.21790489181876183,peak2=0.11786345019936562,lag_off=2.0,confirmed=False
2026-04-24T17:26:30.749167,AUTOCORR_SAMPLE,Per-buffer autocorr result,freq=5839177045.177046,peak=0.13013104465790093,peak2=0.13406468299217522,lag_off=0.0,confirmed=False
2026-04-24T17:26:30.750041,AUTOCORR_SAMPLE,Per-buffer autocorr result,freq=5839177045.177046,peak=0.2087237136438489,peak2=0.11509591806679964,lag_off=-3.0,confirmed=False
2026-04-24T17:26:30.754327,AUTOCORR_SAMPLE,Per-buffer autocorr result,freq=5839177045.177046,peak=0.26564235612750053,peak2=0.14195497706532478,lag_off=-5.0,confirmed=False
2026-04-24T17:26:30.758075,AUTOCORR_SAMPLE,Per-buffer autocorr result,freq=5839177045.177046,peak=0.37653935328125954,peak2=0.22656816616654396,lag_off=0.0,confirmed=True
2026-04-24T17:26:30.758809,AUTOCORR_SAMPLE,Per-buffer autocorr result,freq=5839177045.177046,peak=0.3838234730064869,peak2=0.2958260513842106,lag_off=-2.0,confirmed=False
2026-04-24T17:26:30.762443,AUTOCORR_SAMPLE,Per-buffer autocorr result,freq=5839177045.177046,peak=0.160426277667284,peak2=0.12382325157523155,lag_off=2.0,confirmed=False
2026-04-24T17:26:30.763045,AUTOCORR_SAMPLE,Per-buffer autocorr result,freq=5839177045.177046,peak=0.253007922321558,peak2=0.11979673430323601,lag_off=-1.0,confirmed=False
2026-04-24T17:26:30.763152,AUTOCORR_RESULT,autocorr classification,freq=5839177045.177046,votes=1,total=10,score=0.1,confirmed=False
2026-04-24T17:26:30.780843,AUTOCORR_SAMPLE,Per-buffer autocorr result,freq=5859347985.347986,peak=0.25996917486190796,peak2=0.20957136154174805,lag_off=-1.0,confirmed=False
2026-04-24T17:26:30.783682,AUTOCORR_SAMPLE,Per-buffer autocorr result,freq=5859347985.347986,peak=0.04162441875087097,peak2=0.01933450374053791,lag_off=-5.0,confirmed=False
2026-04-24T17:26:30.784826,AUTOCORR_SAMPLE,Per-buffer autocorr result,freq=5859347985.347986,peak=0.06650049751624465,peak2=0.007074593100696802,lag_off=-5.0,confirmed=False
2026-04-24T17:26:30.787662,AUTOCORR_SAMPLE,Per-buffer autocorr result,freq=5859347985.347986,peak=0.026904932223260403,peak2=0.14969705510884523,lag_off=0.0,confirmed=False
2026-04-24T17:26:30.788484,AUTOCORR_SAMPLE,Per-buffer autocorr result,freq=5859347985.347986,peak=0.24022389389574528,peak2=0.05100785382091999,lag_off=-3.0,confirmed=False
2026-04-24T17:26:30.791043,AUTOCORR_SAMPLE,Per-buffer autocorr result,freq=5859347985.347986,peak=0.03170884191058576,peak2=0.05651648319326341,lag_off=6.0,confirmed=False
2026-04-24T17:26:30.793480,AUTOCORR_SAMPLE,Per-buffer autocorr result,freq=5859347985.347986,peak=0.016440059058368206,peak2=0.04554983973503113,lag_off=-1.0,confirmed=False
2026-04-24T17:26:30.794262,AUTOCORR_SAMPLE,Per-buffer autocorr result,freq=5859347985.347986,peak=0.4258187348023057,peak2=0.05014991108328104,lag_off=-2.0,confirmed=False
2026-04-24T17:26:30.796782,AUTOCORR_SAMPLE,Per-buffer autocorr result,freq=5859347985.347986,peak=0.05760855879634619,peak2=0.045623364858329296,lag_off=2.0,confirmed=False
2026-04-24T17:26:30.797524,AUTOCORR_SAMPLE,Per-buffer autocorr result,freq=5859347985.347986,peak=0.028222423046827316,peak2=0.02275547757744789,lag_off=-1.0,confirmed=False
2026-04-24T17:26:30.797630,AUTOCORR_RESULT,autocorr classification,freq=5859347985.347986,votes=0,total=10,score=0.0,confirmed=False
