2026-04-24T17:14:54.316297,CYCLO_SAMPLE,Cyclo classification sample,freq=102029304.02930403,ratios=[0.718, 1.077, 0.954, 1.425],threshold=2.3,score=0,harmonics_above=0,max_spread_db=3.53
2026-04-24T17:14:54.317056,CYCLO_SAMPLE,Cyclo classification sample,freq=102029304.02930403,ratios=[1.255, 1.176, 0.726, 0.439],threshold=2.3,score=0,harmonics_above=0,max_spread_db=4.36
2026-04-24T17:14:54.320346,CYCLO_SAMPLE,Cyclo classification sample,freq=102029304.02930403,ratios=[1.113, 1.036, 1.446, 1.057],threshold=2.3,score=0,harmonics_above=0,max_spread_db=2.9
2026-04-24T17:14:54.322869,CYCLO_SAMPLE,Cyclo classification sample,freq=102029304.02930403,ratios=[1.037, 1.387, 1.925, 0.807],threshold=2.3,score=0,harmonics_above=0,max_spread_db=7.55
2026-04-24T17:14:54.323726,CYCLO_SAMPLE,Cyclo classification sample,freq=102029304.02930403,ratios=[1.249, 1.307, 0.518, 0.546],threshold=2.3,score=0,harmonics_above=0,max_spread_db=8.04
2026-04-24T17:14:54.324336,CYCLO_SAMPLE,Cyclo classification sample,freq=102029304.02930403,ratios=[1.369, 1.522, 0.369, 0.392],threshold=2.3,score=0,harmonics_above=0,max_spread_db=12.3
2026-04-24T17:14:54.327202,CYCLO_SAMPLE,Cyclo classification sample,freq=102029304.02930403,ratios=[1.898, 0.853, 1.499, 1.317],threshold=2.3,score=0,harmonics_above=0,max_spread_db=6.95
2026-04-24T17:14:54.330005,CYCLO_SAMPLE,Cyclo classification sample,freq=102029304.02930403,ratios=[2.704, 1.598, 2.305, 0.751],threshold=2.3,score=5.009733342770564,harmonics_above=2,max_spread_db=9.74
2026-04-24T17:14:54.330694,CYCLO_SAMPLE,Cyclo classification sample,freq=102029304.02930403,ratios=[1.066, 0.793, 0.528, 0.352],threshold=2.3,score=0,harmonics_above=0,max_spread_db=3.54
2026-04-24T17:14:54.333060,CYCLO_SAMPLE,Cyclo classification sample,freq=102029304.02930403,ratios=[1.945, 0.936, 0.771, 1.222],threshold=2.3,score=0,harmonics_above=0,max_spread_db=6.36
2026-04-24T17:14:54.333118,CYCLO_RESULT,Cyclo classification result,res=False,freq=102029304.02930403,votes=0,required=5
2026-04-24T17:14:54.348729,CYCLO_SAMPLE,Cyclo classification sample,freq=125780219.78021978,ratios=[1.255, 1.176, 0.726, 0.439],threshold=2.3,score=0,harmonics_above=0,max_spread_db=4.36
2026-04-24T17:14:54.351378,CYCLO_SAMPLE,Cyclo classification sample,freq=125780219.78021978,ratios=[0.437, 1.312, 0.339, 2.357],threshold=2.3,score=2.3572581331057045,harmonics_above=1,max_spread_db=16.84
2026-04-24T17:14:54.354011,CYCLO_SAMPLE,Cyclo classification sample,freq=125780219.78021978,ratios=[1.218, 1.686, 0.351, 2.762],threshold=2.3,score=2.762340691010836,harmonics_above=1,max_spread_db=17.92
2026-04-24T17:14:54.354857,CYCLO_SAMPLE,Cyclo classification sample,freq=125780219.78021978,ratios=[2.097, 0.236, 0.352, 1.402],threshold=2.3,score=0,harmonics_above=0,max_spread_db=18.96
2026-04-24T17:14:54.357692,CYCLO_SAMPLE,Cyclo classification sample,freq=125780219.78021978,ratios=[0.306, 0.845, 0.299, 1.589],threshold=2.3,score=0,harmonics_above=0,max_spread_db=14.52
2026-04-24T17:14:54.358393,CYCLO_SAMPLE,Cyclo classification sample,freq=125780219.78021978,ratios=[1.119, 1.394, 0.552, 1.403],threshold=2.3,score=0,harmonics_above=0,max_spread_db=8.1
2026-04-24T17:14:54.361546,CYCLO_SAMPLE,Cyclo classification sample,freq=125780219.78021978,ratios=[0.981, 0.843, 1.09, 0.921],threshold=2.3,score=0,harmonics_above=0,max_spread_db=2.23
2026-04-24T17:14:54.364362,CYCLO_SAMPLE,Cyclo classification sample,freq=125780219.78021978,ratios=[0.712, 1.52, 0.908, 1.025],threshold=2.3,score=0,harmonics_above=0,max_spread_db=6.58
2026-04-24T17:14:54.365170,CYCLO_SAMPLE,Cyclo classification sample,freq=125780219.78021978,ratios=[0.897, 1.614, 0.964, 2.32],threshold=2.3,score=2.3204710120829777,harmonics_above=1,max_spread_db=7.63
2026-04-24T17:14:54.368377,CYCLO_SAMPLE,Cyclo classification sample,freq=125780219.78021978,ratios=[0.393, 1.075, 0.448, 0.596],threshold=2.3,score=0,harmonics_above=0,max_spread_db=8.74
2026-04-24T17:14:54.368468,CYCLO_RESULT,Cyclo classification result,res=False,freq=125780219.78021978,votes=0,required=5
2026-04-24T17:14:54.383020,CYCLO_SAMPLE,Cyclo classification sample,freq=145804639.80463982,ratios=[0.102, 1.35, 1.687, 0.566],threshold=2.3,score=0,harmonics_above=0,max_spread_db=22.41
2026-04-24T17:14:54.385669,CYCLO_SAMPLE,Cyclo classification sample,freq=145804639.80463982,ratios=[0.645, 1.294, 1.135, 1.177],threshold=2.3,score=0,harmonics_above=0,max_spread_db=6.05
2026-04-24T17:14:54.388227,CYCLO_SAMPLE,Cyclo classification sample,freq=145804639.80463982,ratios=[1.594, 0.61, 0.688, 1.514],threshold=2.3,score=0,harmonics_above=0,max_spread_db=8.34
2026-04-24T17:14:54.391374,CYCLO_SAMPLE,Cyclo classification sample,freq=145804639.80463982,ratios=[1.625, 0.558, 1.031, 1.656],threshold=2.3,score=0,harmonics_above=0,max_spread_db=9.28
2026-04-24T17:14:54.392273,CYCLO_SAMPLE,Cyclo classification sample,freq=145804639.80463982,ratios=[1.452, 1.551, 2.414, 0.418],threshold=2.3,score=2.4141063919324917,harmonics_above=1,max_spread_db=15.23
2026-04-24T17:14:54.395525,CYCLO_SAMPLE,Cyclo classification sample,freq=145804639.80463982,ratios=[1.693, 1.55, 1.538, 0.668],threshold=2.3,score=0,harmonics_above=0,max_spread_db=7.24
2026-04-24T17:14:54.399840,CYCLO_SAMPLE,Cyclo classification sample,freq=145804639.80463982,ratios=[0.872, 0.264, 0.16, 0.934],threshold=2.3,score=0,harmonics_above=0,max_spread_db=15.35
2026-04-24T17:14:54.402903,CYCLO_SAMPLE,Cyclo classification sample,freq=145804639.80463982,ratios=[1.787, 0.235, 1.264, 1.242],threshold=2.3,score=0,harmonics_above=0,max_spread_db=17.61
2026-04-24T17:14:54.406596,CYCLO_SAMPLE,Cyclo classification sample,freq=145804639.80463982,ratios=[1.862, 1.281, 0.796, 1.054],threshold=2.3,score=0,harmonics_above=0,max_spread_db=4.13
2026-04-24T17:14:54.410731,CYCLO_SAMPLE,Cyclo classification sample,freq=145804639.80463982,ratios=[1.551, 0.479, 1.042, 2.11],threshold=2.3,score=0,harmonics_above=0,max_spread_db=10.2
2026-04-24T17:14:54.410886,CYCLO_RESULT,Cyclo classification result,res=False,freq=145804639.80463982,votes=0,required=5
2026-04-24T17:14:54.420299,CYCLO_SAMPLE,Cyclo classification sample,freq=162551892.55189255,ratios=[0.645, 1.294, 1.135, 1.177],threshold=2.3,score=0,harmonics_above=0,max_spread_db=6.05
2026-04-24T17:14:54.423356,CYCLO_SAMPLE,Cyclo classification sample,freq=162551892.55189255,ratios=[0.503, 1.149, 0.677, 1.176],threshold=2.3,score=0,harmonics_above=0,max_spread_db=7.18
2026-04-24T17:14:54.426509,CYCLO_SAMPLE,Cyclo classification sample,freq=162551892.55189255,ratios=[0.858, 0.168, 2.52, 0.809],threshold=2.3,score=2.519832844941063,harmonics_above=1,max_spread_db=23.55
2026-04-24T17:14:54.429420,CYCLO_SAMPLE,Cyclo classification sample,freq=162551892.55189255,ratios=[2.647, 0.638, 0.751, 0.554],threshold=2.3,score=2.647087110135287,harmonics_above=1,max_spread_db=12.36
2026-04-24T17:14:54.430251,CYCLO_SAMPLE,Cyclo classification sample,freq=162551892.55189255,ratios=[1.009, 1.149, 1.103, 0.776],threshold=2.3,score=0,harmonics_above=0,max_spread_db=3.06
2026-04-24T17:14:54.433000,CYCLO_SAMPLE,Cyclo classification sample,freq=162551892.55189255,ratios=[1.559, 0.716, 0.461, 0.365],threshold=2.3,score=0,harmonics_above=0,max_spread_db=6.76
2026-04-24T17:14:54.435768,CYCLO_SAMPLE,Cyclo classification sample,freq=162551892.55189255,ratios=[0.562, 0.38, 1.199, 1.304],threshold=2.3,score=0,harmonics_above=0,max_spread_db=9.99
2026-04-24T17:14:54.438575,CYCLO_SAMPLE,Cyclo classification sample,freq=162551892.55189255,ratios=[2.177, 1.516, 0.168, 0.788],threshold=2.3,score=0,harmonics_above=0,max_spread_db=19.13
2026-04-24T17:14:54.439235,CYCLO_SAMPLE,Cyclo classification sample,freq=162551892.55189255,ratios=[1.001, 0.883, 0.11, 1.113],threshold=2.3,score=0,harmonics_above=0,max_spread_db=20.08
2026-04-24T17:14:54.442414,CYCLO_SAMPLE,Cyclo classification sample,freq=162551892.55189255,ratios=[0.637, 0.654, 1.219, 1.653],threshold=2.3,score=0,harmonics_above=0,max_spread_db=5.41
2026-04-24T17:14:54.442504,CYCLO_RESULT,Cyclo classification result,res=False,freq=162551892.55189255,votes=0,required=5
2026-04-24T17:14:54.481954,CYCLO_SAMPLE,Cyclo classification sample,freq=196691086.69108668,ratios=[1.829, 0.066, 1.194, 0.864],threshold=2.3,score=0,harmonics_above=0,max_spread_db=28.88
2026-04-24T17:14:54.484618,CYCLO_SAMPLE,Cyclo classification sample,freq=196691086.69108668,ratios=[2.258, 0.383, 1.356, 1.193],threshold=2.3,score=0,harmonics_above=0,max_spread_db=15.4
2026-04-24T17:14:54.487082,CYCLO_SAMPLE,Cyclo classification sample,freq=196691086.69108668,ratios=[3.083, 4.271, 4.663, 0.506],threshold=2.3,score=12.017464663960308,harmonics_above=3,max_spread_db=19.3
2026-04-24T17:14:54.489588,CYCLO_SAMPLE,Cyclo classification sample,freq=196691086.69108668,ratios=[1.872, 0.832, 2.235, 2.077],threshold=2.3,score=0,harmonics_above=0,max_spread_db=8.59
2026-04-24T17:14:54.490377,CYCLO_SAMPLE,Cyclo classification sample,freq=196691086.69108668,ratios=[3.3, 3.451, 0.924, 0.162],threshold=2.3,score=6.750933615334736,harmonics_above=2,max_spread_db=15.12
2026-04-24T17:14:54.494336,CYCLO_SAMPLE,Cyclo classification sample,freq=196691086.69108668,ratios=[1.065, 0.672, 1.529, 0.986],threshold=2.3,score=0,harmonics_above=0,max_spread_db=7.14
2026-04-24T17:14:54.498183,CYCLO_SAMPLE,Cyclo classification sample,freq=196691086.69108668,ratios=[1.377, 2.382, 3.352, 1.855],threshold=2.3,score=5.734714745504683,harmonics_above=2,max_spread_db=5.14
2026-04-24T17:14:54.501645,CYCLO_SAMPLE,Cyclo classification sample,freq=196691086.69108668,ratios=[0.549, 1.604, 0.424, 2.082],threshold=2.3,score=0,harmonics_above=0,max_spread_db=13.82
2026-04-24T17:14:54.502406,CYCLO_SAMPLE,Cyclo classification sample,freq=196691086.69108668,ratios=[0.89, 2.342, 2.702, 0.268],threshold=2.3,score=5.043990894423825,harmonics_above=2,max_spread_db=20.08
2026-04-24T17:14:54.505724,CYCLO_SAMPLE,Cyclo classification sample,freq=196691086.69108668,ratios=[1.141, 0.641, 2.131, 0.14],threshold=2.3,score=0,harmonics_above=0,max_spread_db=23.63
2026-04-24T17:14:54.505816,CYCLO_RESULT,Cyclo classification result,res=False,freq=196691086.69108668,votes=0,required=5
2026-04-24T17:14:54.621363,CYCLO_SAMPLE,Cyclo classification sample,freq=246170940.17094016,ratios=[0.508, 1.544, 1.763, 1.106],threshold=2.3,score=0,harmonics_above=0,max_spread_db=9.65
2026-04-24T17:14:54.624918,CYCLO_SAMPLE,Cyclo classification sample,freq=246170940.17094016,ratios=[3.942, 2.318, 2.02, 0.391],threshold=2.3,score=6.259996761480877,harmonics_above=2,max_spread_db=14.26
2026-04-24T17:14:54.628667,CYCLO_SAMPLE,Cyclo classification sample,freq=246170940.17094016,ratios=[2.48, 1.176, 2.027, 0.533],threshold=2.3,score=2.4801205939560993,harmonics_above=1,max_spread_db=11.6
2026-04-24T17:14:54.631968,CYCLO_SAMPLE,Cyclo classification sample,freq=246170940.17094016,ratios=[4.152, 2.992, 2.596, 1.214],threshold=2.3,score=9.739009664473326,harmonics_above=3,max_spread_db=6.6
2026-04-24T17:14:54.634834,CYCLO_SAMPLE,Cyclo classification sample,freq=246170940.17094016,ratios=[2.123, 3.304, 0.927, 0.862],threshold=2.3,score=3.3038205191377656,harmonics_above=1,max_spread_db=11.04
2026-04-24T17:14:54.638309,CYCLO_SAMPLE,Cyclo classification sample,freq=246170940.17094016,ratios=[1.471, 3.488, 2.121, 1.22],threshold=2.3,score=3.488355156393359,harmonics_above=1,max_spread_db=7.5
2026-04-24T17:14:54.639145,CYCLO_SAMPLE,Cyclo classification sample,freq=246170940.17094016,ratios=[3.626, 4.059, 2.915, 1.014],threshold=2.3,score=10.600335828937267,harmonics_above=3,max_spread_db=9.17
2026-04-24T17:14:54.644259,CYCLO_SAMPLE,Cyclo classification sample,freq=246170940.17094016,ratios=[2.647, 1.853, 1.124, 0.353],threshold=2.3,score=2.646529598004274,harmonics_above=1,max_spread_db=10.07
2026-04-24T17:14:54.647215,CYCLO_SAMPLE,Cyclo classification sample,freq=246170940.17094016,ratios=[4.696, 4.726, 3.366, 0.359],threshold=2.3,score=12.78758296352184,harmonics_above=3,max_spread_db=19.44
2026-04-24T17:14:54.647973,CYCLO_SAMPLE,Cyclo classification sample,freq=246170940.17094016,ratios=[1.163, 0.934, 2.702, 1.178],threshold=2.3,score=2.702009899598045,harmonics_above=1,max_spread_db=9.23
2026-04-24T17:14:54.648153,CYCLO_RESULT,Cyclo classification result,res=False,freq=246170940.17094016,votes=2,required=5
2026-04-24T17:14:54.717524,CYCLO_SAMPLE,Cyclo classification sample,freq=294935286.93528694,ratios=[1.669, 1.452, 1.845, 1.016],threshold=2.3,score=0,harmonics_above=0,max_spread_db=5.18
2026-04-24T17:14:54.721056,CYCLO_SAMPLE,Cyclo classification sample,freq=294935286.93528694,ratios=[2.4, 2.016, 2.073, 0.654],threshold=2.3,score=2.400374568239234,harmonics_above=1,max_spread_db=10.01
2026-04-24T17:14:54.724754,CYCLO_SAMPLE,Cyclo classification sample,freq=294935286.93528694,ratios=[1.013, 0.227, 0.781, 2.052],threshold=2.3,score=0,harmonics_above=0,max_spread_db=12.99
2026-04-24T17:14:54.728679,CYCLO_SAMPLE,Cyclo classification sample,freq=294935286.93528694,ratios=[2.848, 1.367, 2.091, 1.105],threshold=2.3,score=2.8475677425040438,harmonics_above=1,max_spread_db=6.38
2026-04-24T17:14:54.729463,CYCLO_SAMPLE,Cyclo classification sample,freq=294935286.93528694,ratios=[2.428, 2.037, 1.701, 0.702],threshold=2.3,score=2.427915371110495,harmonics_above=1,max_spread_db=7.69
2026-04-24T17:14:54.733187,CYCLO_SAMPLE,Cyclo classification sample,freq=294935286.93528694,ratios=[2.753, 2.042, 1.147, 1.003],threshold=2.3,score=2.752618545539005,harmonics_above=1,max_spread_db=5.01
2026-04-24T17:14:54.733926,CYCLO_SAMPLE,Cyclo classification sample,freq=294935286.93528694,ratios=[2.284, 2.206, 0.863, 2.065],threshold=2.3,score=0,harmonics_above=0,max_spread_db=8.16
2026-04-24T17:14:54.738200,CYCLO_SAMPLE,Cyclo classification sample,freq=294935286.93528694,ratios=[3.802, 0.785, 0.237, 1.496],threshold=2.3,score=3.802137103894405,harmonics_above=1,max_spread_db=15.99
2026-04-24T17:14:54.748521,CYCLO_SAMPLE,Cyclo classification sample,freq=294935286.93528694,ratios=[3.821, 1.856, 0.802, 0.963],threshold=2.3,score=3.820759053269948,harmonics_above=1,max_spread_db=7.29
2026-04-24T17:14:54.749568,CYCLO_SAMPLE,Cyclo classification sample,freq=294935286.93528694,ratios=[1.177, 1.65, 2.137, 1.562],threshold=2.3,score=0,harmonics_above=0,max_spread_db=2.94
2026-04-24T17:14:54.754001,CYCLO_RESULT,Cyclo classification result,res=False,freq=294935286.93528694,votes=0,required=5
2026-04-24T17:14:54.762675,CYCLO_SAMPLE,Cyclo classification sample,freq=313238095.2380952,ratios=[2.4, 2.016, 2.073, 0.654],threshold=2.3,score=2.400374568239234,harmonics_above=1,max_spread_db=10.01
2026-04-24T17:14:54.765601,CYCLO_SAMPLE,Cyclo classification sample,freq=313238095.2380952,ratios=[1.341, 0.793, 0.534, 0.689],threshold=2.3,score=0,harmonics_above=0,max_spread_db=4.57
2026-04-24T17:14:54.768436,CYCLO_SAMPLE,Cyclo classification sample,freq=313238095.2380952,ratios=[1.688, 1.623, 0.726, 2.084],threshold=2.3,score=0,harmonics_above=0,max_spread_db=9.16
2026-04-24T17:14:54.771087,CYCLO_SAMPLE,Cyclo classification sample,freq=313238095.2380952,ratios=[1.754, 1.708, 0.609, 1.096],threshold=2.3,score=0,harmonics_above=0,max_spread_db=8.95
2026-04-24T17:14:54.771897,CYCLO_SAMPLE,Cyclo classification sample,freq=313238095.2380952,ratios=[0.505, 2.036, 3.118, 1.539],threshold=2.3,score=3.11840428683256,harmonics_above=1,max_spread_db=12.11
2026-04-24T17:14:54.775013,CYCLO_SAMPLE,Cyclo classification sample,freq=313238095.2380952,ratios=[1.371, 1.359, 0.663, 1.008],threshold=2.3,score=0,harmonics_above=0,max_spread_db=6.23
2026-04-24T17:14:54.778034,CYCLO_SAMPLE,Cyclo classification sample,freq=313238095.2380952,ratios=[2.357, 1.832, 0.668, 0.369],threshold=2.3,score=2.3572622017117535,harmonics_above=1,max_spread_db=8.77
2026-04-24T17:14:54.780898,CYCLO_SAMPLE,Cyclo classification sample,freq=313238095.2380952,ratios=[0.671, 0.581, 1.134, 0.666],threshold=2.3,score=0,harmonics_above=0,max_spread_db=5.81
2026-04-24T17:14:54.784083,CYCLO_SAMPLE,Cyclo classification sample,freq=313238095.2380952,ratios=[1.557, 0.4, 0.463, 0.427],threshold=2.3,score=0,harmonics_above=0,max_spread_db=11.8
2026-04-24T17:14:54.784840,CYCLO_SAMPLE,Cyclo classification sample,freq=313238095.2380952,ratios=[1.865, 1.824, 1.241, 0.778],threshold=2.3,score=0,harmonics_above=0,max_spread_db=4.06
2026-04-24T17:14:54.784957,CYCLO_RESULT,Cyclo classification result,res=False,freq=313238095.2380952,votes=0,required=5
2026-04-24T17:14:55.082672,CYCLO_SAMPLE,Cyclo classification sample,freq=523772893.7728938,ratios=[0.083, 0.076, 0.124, 0.111],threshold=2.3,score=0,harmonics_above=0,max_spread_db=4.29
2026-04-24T17:14:55.085650,CYCLO_SAMPLE,Cyclo classification sample,freq=523772893.7728938,ratios=[0.282, 0.573, 0.769, 0.473],threshold=2.3,score=0,harmonics_above=0,max_spread_db=6.16
2026-04-24T17:14:55.088699,CYCLO_SAMPLE,Cyclo classification sample,freq=523772893.7728938,ratios=[0.439, 0.262, 0.942, 0.517],threshold=2.3,score=0,harmonics_above=0,max_spread_db=11.11
2026-04-24T17:14:55.091416,CYCLO_SAMPLE,Cyclo classification sample,freq=523772893.7728938,ratios=[0.561, 0.456, 0.727, 0.486],threshold=2.3,score=0,harmonics_above=0,max_spread_db=4.05
2026-04-24T17:14:55.094063,CYCLO_SAMPLE,Cyclo classification sample,freq=523772893.7728938,ratios=[0.449, 0.205, 0.246, 0.46],threshold=2.3,score=0,harmonics_above=0,max_spread_db=6.81
2026-04-24T17:14:55.097122,CYCLO_SAMPLE,Cyclo classification sample,freq=523772893.7728938,ratios=[0.043, 0.044, 0.099, 0.08],threshold=2.3,score=0,harmonics_above=0,max_spread_db=6.95
2026-04-24T17:14:55.100032,CYCLO_SAMPLE,Cyclo classification sample,freq=523772893.7728938,ratios=[0.007, 0.009, 0.024, 0.039],threshold=2.3,score=0,harmonics_above=0,max_spread_db=8.74
2026-04-24T17:14:55.100723,CYCLO_SAMPLE,Cyclo classification sample,freq=523772893.7728938,ratios=[0.052, 0.057, 0.062, 0.075],threshold=2.3,score=0,harmonics_above=0,max_spread_db=1.67
2026-04-24T17:14:55.104388,CYCLO_SAMPLE,Cyclo classification sample,freq=523772893.7728938,ratios=[0.01, 0.021, 0.017, 0.033],threshold=2.3,score=0,harmonics_above=0,max_spread_db=6.77
2026-04-24T17:14:55.108479,CYCLO_SAMPLE,Cyclo classification sample,freq=523772893.7728938,ratios=[0.008, 0.012, 0.033, 0.021],threshold=2.3,score=0,harmonics_above=0,max_spread_db=8.96
2026-04-24T17:14:55.108619,CYCLO_RESULT,Cyclo classification result,res=False,freq=523772893.7728938,votes=0,required=5
2026-04-24T17:14:55.144743,CYCLO_SAMPLE,Cyclo classification sample,freq=564813186.8131869,ratios=[0.09, 0.204, 0.2, 0.253],threshold=2.3,score=0,harmonics_above=0,max_spread_db=7.15
2026-04-24T17:14:55.147512,CYCLO_SAMPLE,Cyclo classification sample,freq=564813186.8131869,ratios=[0.704, 0.684, 0.331, 0.42],threshold=2.3,score=0,harmonics_above=0,max_spread_db=6.3
2026-04-24T17:14:55.150243,CYCLO_SAMPLE,Cyclo classification sample,freq=564813186.8131869,ratios=[0.086, 0.522, 0.639, 0.474],threshold=2.3,score=0,harmonics_above=0,max_spread_db=15.66
2026-04-24T17:14:55.151020,CYCLO_SAMPLE,Cyclo classification sample,freq=564813186.8131869,ratios=[0.603, 0.09, 1.024, 0.162],threshold=2.3,score=0,harmonics_above=0,max_spread_db=21.09
2026-04-24T17:14:55.153708,CYCLO_SAMPLE,Cyclo classification sample,freq=564813186.8131869,ratios=[0.432, 0.273, 0.224, 0.697],threshold=2.3,score=0,harmonics_above=0,max_spread_db=9.84
2026-04-24T17:14:55.156402,CYCLO_SAMPLE,Cyclo classification sample,freq=564813186.8131869,ratios=[0.171, 0.517, 0.835, 0.764],threshold=2.3,score=0,harmonics_above=0,max_spread_db=9.63
2026-04-24T17:14:55.159134,CYCLO_SAMPLE,Cyclo classification sample,freq=564813186.8131869,ratios=[1.188, 1.667, 0.297, 0.442],threshold=2.3,score=0,harmonics_above=0,max_spread_db=14.99
2026-04-24T17:14:55.162151,CYCLO_SAMPLE,Cyclo classification sample,freq=564813186.8131869,ratios=[0.813, 0.576, 0.634, 0.379],threshold=2.3,score=0,harmonics_above=0,max_spread_db=4.47
2026-04-24T17:14:55.165212,CYCLO_SAMPLE,Cyclo classification sample,freq=564813186.8131869,ratios=[2.053, 0.447, 0.71, 0.385],threshold=2.3,score=0,harmonics_above=0,max_spread_db=13.24
2026-04-24T17:14:55.168058,CYCLO_SAMPLE,Cyclo classification sample,freq=564813186.8131869,ratios=[0.263, 1.674, 0.531, 0.74],threshold=2.3,score=0,harmonics_above=0,max_spread_db=16.08
2026-04-24T17:14:55.168207,CYCLO_RESULT,Cyclo classification result,res=False,freq=564813186.8131869,votes=0,required=5
2026-04-24T17:14:55.176255,CYCLO_SAMPLE,Cyclo classification sample,freq=584168498.1684982,ratios=[0.704, 0.684, 0.331, 0.42],threshold=2.3,score=0,harmonics_above=0,max_spread_db=6.3
2026-04-24T17:14:55.179258,CYCLO_SAMPLE,Cyclo classification sample,freq=584168498.1684982,ratios=[0.279, 1.375, 1.25, 0.633],threshold=2.3,score=0,harmonics_above=0,max_spread_db=13.86
2026-04-24T17:14:55.182019,CYCLO_SAMPLE,Cyclo classification sample,freq=584168498.1684982,ratios=[0.163, 1.495, 0.541, 0.536],threshold=2.3,score=0,harmonics_above=0,max_spread_db=19.26
2026-04-24T17:14:55.182718,CYCLO_SAMPLE,Cyclo classification sample,freq=584168498.1684982,ratios=[0.745, 0.419, 0.57, 0.977],threshold=2.3,score=0,harmonics_above=0,max_spread_db=5.0
2026-04-24T17:14:55.185521,CYCLO_SAMPLE,Cyclo classification sample,freq=584168498.1684982,ratios=[0.245, 0.291, 0.13, 0.326],threshold=2.3,score=0,harmonics_above=0,max_spread_db=8.0
2026-04-24T17:14:55.188435,CYCLO_SAMPLE,Cyclo classification sample,freq=584168498.1684982,ratios=[0.476, 0.186, 0.444, 0.626],threshold=2.3,score=0,harmonics_above=0,max_spread_db=8.14
2026-04-24T17:14:55.191216,CYCLO_SAMPLE,Cyclo classification sample,freq=584168498.1684982,ratios=[0.16, 0.856, 0.825, 0.645],threshold=2.3,score=0,harmonics_above=0,max_spread_db=14.59
2026-04-24T17:14:55.191835,CYCLO_SAMPLE,Cyclo classification sample,freq=584168498.1684982,ratios=[0.918, 1.089, 0.959, 1.597],threshold=2.3,score=0,harmonics_above=0,max_spread_db=4.43
2026-04-24T17:14:55.194711,CYCLO_SAMPLE,Cyclo classification sample,freq=584168498.1684982,ratios=[0.998, 0.985, 1.053, 1.153],threshold=2.3,score=0,harmonics_above=0,max_spread_db=0.79
2026-04-24T17:14:55.197410,CYCLO_SAMPLE,Cyclo classification sample,freq=584168498.1684982,ratios=[2.445, 1.331, 0.35, 2.12],threshold=2.3,score=2.444893772489998,harmonics_above=1,max_spread_db=15.65
2026-04-24T17:14:55.197495,CYCLO_RESULT,Cyclo classification result,res=False,freq=584168498.1684982,votes=0,required=5
2026-04-24T17:14:55.237882,CYCLO_SAMPLE,Cyclo classification sample,freq=618769230.7692307,ratios=[0.332, 0.483, 0.38, 0.405],threshold=2.3,score=0,harmonics_above=0,max_spread_db=3.27
2026-04-24T17:14:55.240963,CYCLO_SAMPLE,Cyclo classification sample,freq=618769230.7692307,ratios=[1.112, 1.356, 0.567, 0.955],threshold=2.3,score=0,harmonics_above=0,max_spread_db=7.58
2026-04-24T17:14:55.246324,CYCLO_SAMPLE,Cyclo classification sample,freq=618769230.7692307,ratios=[0.326, 0.81, 0.855, 0.697],threshold=2.3,score=0,harmonics_above=0,max_spread_db=7.91
2026-04-24T17:14:55.249464,CYCLO_SAMPLE,Cyclo classification sample,freq=618769230.7692307,ratios=[0.743, 1.778, 1.568, 0.481],threshold=2.3,score=0,harmonics_above=0,max_spread_db=10.26
2026-04-24T17:14:55.252603,CYCLO_SAMPLE,Cyclo classification sample,freq=618769230.7692307,ratios=[1.488, 0.674, 1.901, 0.943],threshold=2.3,score=0,harmonics_above=0,max_spread_db=9.01
2026-04-24T17:14:55.255485,CYCLO_SAMPLE,Cyclo classification sample,freq=618769230.7692307,ratios=[1.024, 0.357, 1.434, 1.618],threshold=2.3,score=0,harmonics_above=0,max_spread_db=12.09
2026-04-24T17:14:55.258342,CYCLO_SAMPLE,Cyclo classification sample,freq=618769230.7692307,ratios=[0.958, 0.524, 0.643, 0.383],threshold=2.3,score=0,harmonics_above=0,max_spread_db=5.25
2026-04-24T17:14:55.261193,CYCLO_SAMPLE,Cyclo classification sample,freq=618769230.7692307,ratios=[0.972, 0.769, 1.513, 0.929],threshold=2.3,score=0,harmonics_above=0,max_spread_db=5.88
2026-04-24T17:14:55.261830,CYCLO_SAMPLE,Cyclo classification sample,freq=618769230.7692307,ratios=[0.857, 0.583, 0.431, 1.352],threshold=2.3,score=0,harmonics_above=0,max_spread_db=9.93
2026-04-24T17:14:55.265188,CYCLO_SAMPLE,Cyclo classification sample,freq=618769230.7692307,ratios=[1.393, 1.213, 2.056, 0.886],threshold=2.3,score=0,harmonics_above=0,max_spread_db=7.31
2026-04-24T17:14:55.265259,CYCLO_RESULT,Cyclo classification result,res=False,freq=618769230.7692307,votes=0,required=5
2026-04-24T17:14:55.270627,CYCLO_SAMPLE,Cyclo classification sample,freq=638776556.7765567,ratios=[1.112, 1.356, 0.567, 0.955],threshold=2.3,score=0,harmonics_above=0,max_spread_db=7.58
2026-04-24T17:14:55.273650,CYCLO_SAMPLE,Cyclo classification sample,freq=638776556.7765567,ratios=[1.122, 0.34, 0.615, 0.602],threshold=2.3,score=0,harmonics_above=0,max_spread_db=10.38
2026-04-24T17:14:55.276593,CYCLO_SAMPLE,Cyclo classification sample,freq=638776556.7765567,ratios=[0.841, 1.105, 0.241, 1.651],threshold=2.3,score=0,harmonics_above=0,max_spread_db=16.7
2026-04-24T17:14:55.279551,CYCLO_SAMPLE,Cyclo classification sample,freq=638776556.7765567,ratios=[0.652, 1.119, 0.269, 0.877],threshold=2.3,score=0,harmonics_above=0,max_spread_db=12.39
2026-04-24T17:14:55.282570,CYCLO_SAMPLE,Cyclo classification sample,freq=638776556.7765567,ratios=[0.659, 1.697, 0.915, 0.73],threshold=2.3,score=0,harmonics_above=0,max_spread_db=8.22
2026-04-24T17:14:55.285447,CYCLO_SAMPLE,Cyclo classification sample,freq=638776556.7765567,ratios=[0.896, 0.094, 1.15, 1.284],threshold=2.3,score=0,harmonics_above=0,max_spread_db=21.79
2026-04-24T17:14:55.288478,CYCLO_SAMPLE,Cyclo classification sample,freq=638776556.7765567,ratios=[0.9, 0.763, 1.923, 1.725],threshold=2.3,score=0,harmonics_above=0,max_spread_db=8.03
2026-04-24T17:14:55.291755,CYCLO_SAMPLE,Cyclo classification sample,freq=638776556.7765567,ratios=[0.729, 1.351, 1.135, 0.994],threshold=2.3,score=0,harmonics_above=0,max_spread_db=5.36
2026-04-24T17:14:55.295336,CYCLO_SAMPLE,Cyclo classification sample,freq=638776556.7765567,ratios=[0.969, 1.422, 0.666, 0.419],threshold=2.3,score=0,harmonics_above=0,max_spread_db=6.58
2026-04-24T17:14:55.298861,CYCLO_SAMPLE,Cyclo classification sample,freq=638776556.7765567,ratios=[2.174, 0.626, 0.611, 0.177],threshold=2.3,score=0,harmonics_above=0,max_spread_db=10.81
2026-04-24T17:14:55.298997,CYCLO_RESULT,Cyclo classification result,res=False,freq=638776556.7765567,votes=0,required=5
2026-04-24T17:14:55.304878,CYCLO_SAMPLE,Cyclo classification sample,freq=665731379.7313797,ratios=[0.37, 1.785, 0.301, 1.051],threshold=2.3,score=0,harmonics_above=0,max_spread_db=15.47
2026-04-24T17:14:55.307743,CYCLO_SAMPLE,Cyclo classification sample,freq=665731379.7313797,ratios=[0.432, 1.531, 1.007, 0.9],threshold=2.3,score=0,harmonics_above=0,max_spread_db=10.99
2026-04-24T17:14:55.313010,CYCLO_SAMPLE,Cyclo classification sample,freq=665731379.7313797,ratios=[1.227, 0.996, 0.905, 1.556],threshold=2.3,score=0,harmonics_above=0,max_spread_db=4.7
2026-04-24T17:14:55.313668,CYCLO_SAMPLE,Cyclo classification sample,freq=665731379.7313797,ratios=[0.811, 0.999, 0.61, 1.581],threshold=2.3,score=0,harmonics_above=0,max_spread_db=8.26
2026-04-24T17:14:55.316614,CYCLO_SAMPLE,Cyclo classification sample,freq=665731379.7313797,ratios=[0.724, 1.12, 0.737, 1.11],threshold=2.3,score=0,harmonics_above=0,max_spread_db=3.79
2026-04-24T17:14:55.319546,CYCLO_SAMPLE,Cyclo classification sample,freq=665731379.7313797,ratios=[0.522, 0.925, 0.824, 1.381],threshold=2.3,score=0,harmonics_above=0,max_spread_db=4.98
2026-04-24T17:14:55.322353,CYCLO_SAMPLE,Cyclo classification sample,freq=665731379.7313797,ratios=[2.011, 2.308, 1.571, 1.027],threshold=2.3,score=2.308269672867302,harmonics_above=1,max_spread_db=3.69
2026-04-24T17:14:55.325234,CYCLO_SAMPLE,Cyclo classification sample,freq=665731379.7313797,ratios=[0.793, 2.015, 1.029, 1.573],threshold=2.3,score=0,harmonics_above=0,max_spread_db=8.1
2026-04-24T17:14:55.328380,CYCLO_SAMPLE,Cyclo classification sample,freq=665731379.7313797,ratios=[0.397, 1.537, 0.44, 0.877],threshold=2.3,score=0,harmonics_above=0,max_spread_db=11.76
2026-04-24T17:14:55.331143,CYCLO_SAMPLE,Cyclo classification sample,freq=665731379.7313797,ratios=[1.06, 1.521, 0.971, 0.931],threshold=2.3,score=0,harmonics_above=0,max_spread_db=3.9
2026-04-24T17:14:55.331274,CYCLO_RESULT,Cyclo classification result,res=False,freq=665731379.7313797,votes=0,required=5
2026-04-24T17:14:55.526632,CYCLO_SAMPLE,Cyclo classification sample,freq=762424908.4249084,ratios=[2.678, 2.597, 2.517, 3.447],threshold=2.3,score=11.239073678023402,harmonics_above=4,max_spread_db=2.73
2026-04-24T17:14:55.532691,CYCLO_SAMPLE,Cyclo classification sample,freq=762424908.4249084,ratios=[22.426, 18.523, 16.442, 13.905],threshold=2.3,score=71.29660374931291,harmonics_above=4,max_spread_db=1.66
2026-04-24T17:14:55.537970,CYCLO_SAMPLE,Cyclo classification sample,freq=762424908.4249084,ratios=[18.048, 20.57, 15.156, 7.916],threshold=2.3,score=61.689496554859595,harmonics_above=4,max_spread_db=5.64
2026-04-24T17:14:55.543216,CYCLO_SAMPLE,Cyclo classification sample,freq=762424908.4249084,ratios=[23.54, 19.015, 14.615, 15.421],threshold=2.3,score=72.59135837054299,harmonics_above=4,max_spread_db=2.29
2026-04-24T17:14:55.548056,CYCLO_SAMPLE,Cyclo classification sample,freq=762424908.4249084,ratios=[26.426, 21.917, 19.782, 16.723],threshold=2.3,score=84.84765154855214,harmonics_above=4,max_spread_db=1.62
2026-04-24T17:14:55.549008,CYCLO_SAMPLE,Cyclo classification sample,freq=762424908.4249084,ratios=[19.392, 18.192, 14.615, 9.507],threshold=2.3,score=61.70662917982778,harmonics_above=4,max_spread_db=3.74
2026-04-24T17:14:55.553116,CYCLO_SAMPLE,Cyclo classification sample,freq=762424908.4249084,ratios=[16.124, 17.302, 18.615, 14.83],threshold=2.3,score=66.87031083361927,harmonics_above=4,max_spread_db=1.97
2026-04-24T17:14:55.556646,CYCLO_SAMPLE,Cyclo classification sample,freq=762424908.4249084,ratios=[18.205, 17.325, 14.842, 10.629],threshold=2.3,score=61.001479850711235,harmonics_above=4,max_spread_db=2.9
2026-04-24T17:14:55.560326,CYCLO_SAMPLE,Cyclo classification sample,freq=762424908.4249084,ratios=[17.054, 13.425, 14.12, 10.66],threshold=2.3,score=55.25933331800807,harmonics_above=4,max_spread_db=2.44
2026-04-24T17:14:55.563837,CYCLO_SAMPLE,Cyclo classification sample,freq=762424908.4249084,ratios=[23.277, 19.5, 17.47, 14.566],threshold=2.3,score=74.81430670524522,harmonics_above=4,max_spread_db=1.58
2026-04-24T17:14:55.563992,CYCLO_RESULT,Cyclo classification result,res=True,freq=762424908.4249084,votes=10,required=5
2026-04-24T17:14:55.568940,CYCLO_SAMPLE,Cyclo classification sample,freq=783389499.3894994,ratios=[23.54, 19.015, 14.615, 15.421],threshold=2.3,score=72.59135837054299,harmonics_above=4,max_spread_db=2.29
2026-04-24T17:14:55.571648,CYCLO_SAMPLE,Cyclo classification sample,freq=783389499.3894994,ratios=[1.115, 0.342, 0.21, 1.187],threshold=2.3,score=0,harmonics_above=0,max_spread_db=15.04
2026-04-24T17:14:55.574513,CYCLO_SAMPLE,Cyclo classification sample,freq=783389499.3894994,ratios=[1.292, 0.167, 1.095, 0.514],threshold=2.3,score=0,harmonics_above=0,max_spread_db=17.78
2026-04-24T17:14:55.577283,CYCLO_SAMPLE,Cyclo classification sample,freq=783389499.3894994,ratios=[1.632, 0.502, 0.346, 0.471],threshold=2.3,score=0,harmonics_above=0,max_spread_db=10.24
2026-04-24T17:14:55.580232,CYCLO_SAMPLE,Cyclo classification sample,freq=783389499.3894994,ratios=[1.961, 1.565, 0.193, 1.383],threshold=2.3,score=0,harmonics_above=0,max_spread_db=18.16
2026-04-24T17:14:55.583203,CYCLO_SAMPLE,Cyclo classification sample,freq=783389499.3894994,ratios=[2.581, 0.693, 0.372, 0.489],threshold=2.3,score=2.5813374196285617,harmonics_above=1,max_spread_db=11.42
2026-04-24T17:14:55.586111,CYCLO_SAMPLE,Cyclo classification sample,freq=783389499.3894994,ratios=[0.433, 0.318, 0.499, 1.253],threshold=2.3,score=0,harmonics_above=0,max_spread_db=7.99
2026-04-24T17:14:55.588895,CYCLO_SAMPLE,Cyclo classification sample,freq=783389499.3894994,ratios=[1.016, 0.563, 0.72, 1.396],threshold=2.3,score=0,harmonics_above=0,max_spread_db=5.75
2026-04-24T17:14:55.591612,CYCLO_SAMPLE,Cyclo classification sample,freq=783389499.3894994,ratios=[0.494, 1.046, 1.117, 0.42],threshold=2.3,score=0,harmonics_above=0,max_spread_db=8.5
2026-04-24T17:14:55.592210,CYCLO_SAMPLE,Cyclo classification sample,freq=783389499.3894994,ratios=[1.204, 1.114, 0.524, 0.599],threshold=2.3,score=0,harmonics_above=0,max_spread_db=6.55
2026-04-24T17:14:55.592334,CYCLO_RESULT,Cyclo classification result,res=False,freq=783389499.3894994,votes=1,required=5
2026-04-24T17:14:55.925032,CYCLO_SAMPLE,Cyclo classification sample,freq=939677655.6776557,ratios=[0.781, 1.053, 0.805, 1.491],threshold=2.3,score=0,harmonics_above=0,max_spread_db=5.35
2026-04-24T17:14:55.931182,CYCLO_SAMPLE,Cyclo classification sample,freq=939677655.6776557,ratios=[1.343, 1.593, 0.384, 2.026],threshold=2.3,score=0,harmonics_above=0,max_spread_db=14.44
2026-04-24T17:14:55.940722,CYCLO_SAMPLE,Cyclo classification sample,freq=939677655.6776557,ratios=[0.81, 1.262, 0.678, 0.464],threshold=2.3,score=0,harmonics_above=0,max_spread_db=5.39
2026-04-24T17:14:55.947974,CYCLO_SAMPLE,Cyclo classification sample,freq=939677655.6776557,ratios=[2.097, 1.833, 0.507, 0.767],threshold=2.3,score=0,harmonics_above=0,max_spread_db=11.17
2026-04-24T17:14:55.953410,CYCLO_SAMPLE,Cyclo classification sample,freq=939677655.6776557,ratios=[2.648, 2.401, 2.561, 1.008],threshold=2.3,score=7.61043660397533,harmonics_above=3,max_spread_db=8.1
2026-04-24T17:14:55.957939,CYCLO_SAMPLE,Cyclo classification sample,freq=939677655.6776557,ratios=[2.809, 0.505, 1.608, 0.377],threshold=2.3,score=2.808691727502369,harmonics_above=1,max_spread_db=14.9
2026-04-24T17:14:55.958916,CYCLO_SAMPLE,Cyclo classification sample,freq=939677655.6776557,ratios=[5.719, 3.032, 2.343, 1.59],threshold=2.3,score=11.094137241481839,harmonics_above=3,max_spread_db=5.51
2026-04-24T17:14:55.963375,CYCLO_SAMPLE,Cyclo classification sample,freq=939677655.6776557,ratios=[1.674, 1.057, 0.45, 1.808],threshold=2.3,score=0,harmonics_above=0,max_spread_db=12.08
2026-04-24T17:14:55.967339,CYCLO_SAMPLE,Cyclo classification sample,freq=939677655.6776557,ratios=[0.199, 0.827, 0.877, 0.692],threshold=2.3,score=0,harmonics_above=0,max_spread_db=12.38
2026-04-24T17:14:55.970776,CYCLO_SAMPLE,Cyclo classification sample,freq=939677655.6776557,ratios=[5.501, 3.397, 2.033, 1.021],threshold=2.3,score=8.897319156366844,harmonics_above=2,max_spread_db=5.98
2026-04-24T17:14:55.970872,CYCLO_RESULT,Cyclo classification result,res=False,freq=939677655.6776557,votes=2,required=5
2026-04-24T17:14:55.975946,CYCLO_SAMPLE,Cyclo classification sample,freq=959299145.2991453,ratios=[5.719, 3.032, 2.343, 1.59],threshold=2.3,score=11.094137241481839,harmonics_above=3,max_spread_db=5.51
2026-04-24T17:14:55.979418,CYCLO_SAMPLE,Cyclo classification sample,freq=959299145.2991453,ratios=[1.092, 1.146, 0.889, 0.734],threshold=2.3,score=0,harmonics_above=0,max_spread_db=2.2
2026-04-24T17:14:55.982245,CYCLO_SAMPLE,Cyclo classification sample,freq=959299145.2991453,ratios=[0.504, 0.502, 0.341, 0.403],threshold=2.3,score=0,harmonics_above=0,max_spread_db=3.35
2026-04-24T17:14:55.985175,CYCLO_SAMPLE,Cyclo classification sample,freq=959299145.2991453,ratios=[0.694, 1.592, 0.585, 0.834],threshold=2.3,score=0,harmonics_above=0,max_spread_db=8.7
2026-04-24T17:14:55.988400,CYCLO_SAMPLE,Cyclo classification sample,freq=959299145.2991453,ratios=[2.119, 0.63, 0.283, 0.426],threshold=2.3,score=0,harmonics_above=0,max_spread_db=10.54
2026-04-24T17:14:55.991970,CYCLO_SAMPLE,Cyclo classification sample,freq=959299145.2991453,ratios=[0.422, 0.148, 0.417, 0.441],threshold=2.3,score=0,harmonics_above=0,max_spread_db=9.11
2026-04-24T17:14:55.993163,CYCLO_SAMPLE,Cyclo classification sample,freq=959299145.2991453,ratios=[3.484, 1.939, 1.444, 1.996],threshold=2.3,score=3.484062446134718,harmonics_above=1,max_spread_db=5.09
2026-04-24T17:14:55.997672,CYCLO_SAMPLE,Cyclo classification sample,freq=959299145.2991453,ratios=[0.215, 2.374, 0.792, 1.282],threshold=2.3,score=2.3741119416843435,harmonics_above=1,max_spread_db=20.86
2026-04-24T17:14:56.001708,CYCLO_SAMPLE,Cyclo classification sample,freq=959299145.2991453,ratios=[0.219, 2.037, 0.941, 1.045],threshold=2.3,score=0,harmonics_above=0,max_spread_db=19.36
2026-04-24T17:14:56.002480,CYCLO_SAMPLE,Cyclo classification sample,freq=959299145.2991453,ratios=[0.121, 0.203, 0.104, 0.085],threshold=2.3,score=0,harmonics_above=0,max_spread_db=5.79
2026-04-24T17:14:56.002593,CYCLO_RESULT,Cyclo classification result,res=False,freq=959299145.2991453,votes=1,required=5
2026-04-24T17:14:56.395385,CYCLO_SAMPLE,Cyclo classification sample,freq=1265912087.912088,ratios=[0.527, 0.36, 0.188, 0.908],threshold=2.3,score=0,harmonics_above=0,max_spread_db=13.69
2026-04-24T17:14:56.398368,CYCLO_SAMPLE,Cyclo classification sample,freq=1265912087.912088,ratios=[0.632, 0.455, 0.248, 0.688],threshold=2.3,score=0,harmonics_above=0,max_spread_db=8.86
2026-04-24T17:14:56.401648,CYCLO_SAMPLE,Cyclo classification sample,freq=1265912087.912088,ratios=[0.659, 0.84, 0.819, 1.099],threshold=2.3,score=0,harmonics_above=0,max_spread_db=2.56
2026-04-24T17:14:56.402349,CYCLO_SAMPLE,Cyclo classification sample,freq=1265912087.912088,ratios=[0.261, 0.823, 0.912, 0.49],threshold=2.3,score=0,harmonics_above=0,max_spread_db=9.98
2026-04-24T17:14:56.405030,CYCLO_SAMPLE,Cyclo classification sample,freq=1265912087.912088,ratios=[0.599, 0.701, 0.812, 0.717],threshold=2.3,score=0,harmonics_above=0,max_spread_db=1.37
2026-04-24T17:14:56.407669,CYCLO_SAMPLE,Cyclo classification sample,freq=1265912087.912088,ratios=[0.765, 0.332, 0.477, 0.237],threshold=2.3,score=0,harmonics_above=0,max_spread_db=7.25
2026-04-24T17:14:56.408532,CYCLO_SAMPLE,Cyclo classification sample,freq=1265912087.912088,ratios=[1.369, 0.63, 0.53, 0.523],threshold=2.3,score=0,harmonics_above=0,max_spread_db=6.75
2026-04-24T17:14:56.412304,CYCLO_SAMPLE,Cyclo classification sample,freq=1265912087.912088,ratios=[1.651, 0.244, 0.785, 1.022],threshold=2.3,score=0,harmonics_above=0,max_spread_db=16.62
2026-04-24T17:14:56.416056,CYCLO_SAMPLE,Cyclo classification sample,freq=1265912087.912088,ratios=[0.755, 0.104, 0.615, 0.767],threshold=2.3,score=0,harmonics_above=0,max_spread_db=17.23
2026-04-24T17:14:56.416638,CYCLO_SAMPLE,Cyclo classification sample,freq=1265912087.912088,ratios=[0.605, 0.228, 0.494, 0.1],threshold=2.3,score=0,harmonics_above=0,max_spread_db=13.86
2026-04-24T17:14:56.416730,CYCLO_RESULT,Cyclo classification result,res=False,freq=1265912087.912088,votes=0,required=5
2026-04-24T17:14:56.574987,CYCLO_SAMPLE,Cyclo classification sample,freq=1374776556.7765567,ratios=[3.615, 0.839, 2.306, 1.117],threshold=2.3,score=5.921532881335289,harmonics_above=2,max_spread_db=12.69
2026-04-24T17:14:56.575734,CYCLO_SAMPLE,Cyclo classification sample,freq=1374776556.7765567,ratios=[0.392, 0.12, 0.38, 0.322],threshold=2.3,score=0,harmonics_above=0,max_spread_db=10.25
2026-04-24T17:14:56.580375,CYCLO_SAMPLE,Cyclo classification sample,freq=1374776556.7765567,ratios=[0.725, 0.125, 1.078, 1.044],threshold=2.3,score=0,harmonics_above=0,max_spread_db=18.73
2026-04-24T17:14:56.584150,CYCLO_SAMPLE,Cyclo classification sample,freq=1374776556.7765567,ratios=[1.157, 0.644, 0.799, 0.447],threshold=2.3,score=0,harmonics_above=0,max_spread_db=5.09
2026-04-24T17:14:56.586911,CYCLO_SAMPLE,Cyclo classification sample,freq=1374776556.7765567,ratios=[1.009, 0.616, 0.841, 1.421],threshold=2.3,score=0,harmonics_above=0,max_spread_db=4.55
2026-04-24T17:14:56.589481,CYCLO_SAMPLE,Cyclo classification sample,freq=1374776556.7765567,ratios=[0.157, 0.142, 0.139, 0.081],threshold=2.3,score=0,harmonics_above=0,max_spread_db=4.75
2026-04-24T17:14:56.592170,CYCLO_SAMPLE,Cyclo classification sample,freq=1374776556.7765567,ratios=[0.854, 0.564, 0.912, 0.787],threshold=2.3,score=0,harmonics_above=0,max_spread_db=4.18
2026-04-24T17:14:56.594772,CYCLO_SAMPLE,Cyclo classification sample,freq=1374776556.7765567,ratios=[0.1, 0.204, 0.373, 0.235],threshold=2.3,score=0,harmonics_above=0,max_spread_db=6.16
2026-04-24T17:14:56.597560,CYCLO_SAMPLE,Cyclo classification sample,freq=1374776556.7765567,ratios=[0.219, 0.177, 0.155, 0.221],threshold=2.3,score=0,harmonics_above=0,max_spread_db=3.09
2026-04-24T17:14:56.600835,CYCLO_SAMPLE,Cyclo classification sample,freq=1374776556.7765567,ratios=[0.768, 0.462, 0.816, 0.355],threshold=2.3,score=0,harmonics_above=0,max_spread_db=7.24
2026-04-24T17:14:56.600913,CYCLO_RESULT,Cyclo classification result,res=False,freq=1374776556.7765567,votes=0,required=5
2026-04-24T17:14:57.424466,CYCLO_SAMPLE,Cyclo classification sample,freq=1807797313.7973137,ratios=[0.629, 0.371, 1.253, 1.715],threshold=2.3,score=0,harmonics_above=0,max_spread_db=10.57
2026-04-24T17:14:57.431474,CYCLO_SAMPLE,Cyclo classification sample,freq=1807797313.7973137,ratios=[0.259, 0.42, 2.024, 0.395],threshold=2.3,score=0,harmonics_above=0,max_spread_db=14.19
2026-04-24T17:14:57.431952,CYCLO_SAMPLE,Cyclo classification sample,freq=1807797313.7973137,ratios=[1.559, 0.547, 0.321, 0.391],threshold=2.3,score=0,harmonics_above=0,max_spread_db=9.1
2026-04-24T17:14:57.432379,CYCLO_SAMPLE,Cyclo classification sample,freq=1807797313.7973137,ratios=[1.563, 1.171, 0.899, 0.318],threshold=2.3,score=0,harmonics_above=0,max_spread_db=9.02
2026-04-24T17:14:57.432853,CYCLO_SAMPLE,Cyclo classification sample,freq=1807797313.7973137,ratios=[1.954, 0.539, 3.343, 1.407],threshold=2.3,score=3.3434145559645785,harmonics_above=1,max_spread_db=15.85
2026-04-24T17:14:57.433274,CYCLO_SAMPLE,Cyclo classification sample,freq=1807797313.7973137,ratios=[1.135, 0.088, 0.375, 1.306],threshold=2.3,score=0,harmonics_above=0,max_spread_db=22.26
2026-04-24T17:14:57.433732,CYCLO_SAMPLE,Cyclo classification sample,freq=1807797313.7973137,ratios=[1.182, 1.336, 0.688, 1.472],threshold=2.3,score=0,harmonics_above=0,max_spread_db=6.6
2026-04-24T17:14:57.434184,CYCLO_SAMPLE,Cyclo classification sample,freq=1807797313.7973137,ratios=[1.239, 0.519, 1.156, 1.835],threshold=2.3,score=0,harmonics_above=0,max_spread_db=7.56
2026-04-24T17:14:57.434638,CYCLO_SAMPLE,Cyclo classification sample,freq=1807797313.7973137,ratios=[4.022, 1.627, 1.579, 1.193],threshold=2.3,score=4.021581152223731,harmonics_above=1,max_spread_db=7.86
2026-04-24T17:14:57.435053,CYCLO_SAMPLE,Cyclo classification sample,freq=1807797313.7973137,ratios=[1.528, 2.793, 0.986, 4.106],threshold=2.3,score=6.898836627415726,harmonics_above=2,max_spread_db=12.39
2026-04-24T17:14:57.435098,CYCLO_RESULT,Cyclo classification result,res=False,freq=1807797313.7973137,votes=0,required=5
2026-04-24T17:14:57.522062,CYCLO_SAMPLE,Cyclo classification sample,freq=1827394383.3943834,ratios=[1.528, 2.793, 0.986, 4.106],threshold=2.3,score=6.898836627415726,harmonics_above=2,max_spread_db=12.39
2026-04-24T17:14:57.526591,CYCLO_SAMPLE,Cyclo classification sample,freq=1827394383.3943834,ratios=[1.7, 1.423, 0.667, 2.05],threshold=2.3,score=0,harmonics_above=0,max_spread_db=9.75
2026-04-24T17:14:57.531243,CYCLO_SAMPLE,Cyclo classification sample,freq=1827394383.3943834,ratios=[1.368, 0.53, 1.822, 2.776],threshold=2.3,score=2.775797128630483,harmonics_above=1,max_spread_db=10.72
2026-04-24T17:14:57.531985,CYCLO_SAMPLE,Cyclo classification sample,freq=1827394383.3943834,ratios=[0.324, 1.883, 2.124, 0.506],threshold=2.3,score=0,harmonics_above=0,max_spread_db=15.3
2026-04-24T17:14:57.541546,CYCLO_SAMPLE,Cyclo classification sample,freq=1827394383.3943834,ratios=[1.997, 0.661, 0.448, 1.094],threshold=2.3,score=0,harmonics_above=0,max_spread_db=9.61
2026-04-24T17:14:57.549902,CYCLO_SAMPLE,Cyclo classification sample,freq=1827394383.3943834,ratios=[1.345, 1.578, 0.309, 0.937],threshold=2.3,score=0,harmonics_above=0,max_spread_db=14.16
2026-04-24T17:14:57.561605,CYCLO_SAMPLE,Cyclo classification sample,freq=1827394383.3943834,ratios=[0.777, 1.287, 1.02, 0.469],threshold=2.3,score=0,harmonics_above=0,max_spread_db=6.74
2026-04-24T17:14:57.569550,CYCLO_SAMPLE,Cyclo classification sample,freq=1827394383.3943834,ratios=[0.614, 0.849, 0.793, 0.655],threshold=2.3,score=0,harmonics_above=0,max_spread_db=2.81
2026-04-24T17:14:57.576437,CYCLO_SAMPLE,Cyclo classification sample,freq=1827394383.3943834,ratios=[2.557, 1.11, 1.873, 1.748],threshold=2.3,score=2.5572606795670794,harmonics_above=1,max_spread_db=7.25
2026-04-24T17:14:57.583325,CYCLO_SAMPLE,Cyclo classification sample,freq=1827394383.3943834,ratios=[2.138, 1.807, 0.931, 0.267],threshold=2.3,score=0,harmonics_above=0,max_spread_db=10.84
2026-04-24T17:14:57.583422,CYCLO_RESULT,Cyclo classification result,res=False,freq=1827394383.3943834,votes=0,required=5
2026-04-24T17:14:57.586906,CYCLO_SAMPLE,Cyclo classification sample,freq=1835379731.3797312,ratios=[0.964, 0.931, 0.642, 0.657],threshold=2.3,score=0,harmonics_above=0,max_spread_db=3.23
2026-04-24T17:14:57.587646,CYCLO_SAMPLE,Cyclo classification sample,freq=1835379731.3797312,ratios=[3.775, 2.698, 0.372, 0.643],threshold=2.3,score=6.472999590260988,harmonics_above=2,max_spread_db=17.21
2026-04-24T17:14:57.590824,CYCLO_SAMPLE,Cyclo classification sample,freq=1835379731.3797312,ratios=[1.759, 0.63, 0.245, 0.837],threshold=2.3,score=0,harmonics_above=0,max_spread_db=10.65
2026-04-24T17:14:57.594103,CYCLO_SAMPLE,Cyclo classification sample,freq=1835379731.3797312,ratios=[1.024, 0.948, 3.002, 0.964],threshold=2.3,score=3.0019741393068693,harmonics_above=1,max_spread_db=10.01
2026-04-24T17:14:57.597530,CYCLO_SAMPLE,Cyclo classification sample,freq=1835379731.3797312,ratios=[9.896, 3.17, 0.988, 2.31],threshold=2.3,score=15.374865167487751,harmonics_above=3,max_spread_db=10.13
2026-04-24T17:14:57.601156,CYCLO_SAMPLE,Cyclo classification sample,freq=1835379731.3797312,ratios=[0.31, 1.277, 0.612, 0.778],threshold=2.3,score=0,harmonics_above=0,max_spread_db=12.29
2026-04-24T17:14:57.603654,CYCLO_SAMPLE,Cyclo classification sample,freq=1835379731.3797312,ratios=[1.359, 0.664, 1.294, 0.574],threshold=2.3,score=0,harmonics_above=0,max_spread_db=7.05
2026-04-24T17:14:57.606149,CYCLO_SAMPLE,Cyclo classification sample,freq=1835379731.3797312,ratios=[14.096, 4.434, 3.641, 4.319],threshold=2.3,score=26.489614266331646,harmonics_above=4,max_spread_db=10.05
2026-04-24T17:14:57.607099,CYCLO_SAMPLE,Cyclo classification sample,freq=1835379731.3797312,ratios=[0.615, 0.753, 0.877, 1.039],threshold=2.3,score=0,harmonics_above=0,max_spread_db=1.77
2026-04-24T17:14:57.612622,CYCLO_SAMPLE,Cyclo classification sample,freq=1835379731.3797312,ratios=[0.675, 1.091, 1.108, 0.72],threshold=2.3,score=0,harmonics_above=0,max_spread_db=4.16
2026-04-24T17:14:57.612814,CYCLO_RESULT,Cyclo classification result,res=False,freq=1835379731.3797312,votes=0,required=5
2026-04-24T17:14:57.660468,CYCLO_SAMPLE,Cyclo classification sample,freq=1875487179.4871793,ratios=[0.396, 0.837, 2.766, 0.804],threshold=2.3,score=2.7662235934945,harmonics_above=1,max_spread_db=10.73
2026-04-24T17:14:57.664524,CYCLO_SAMPLE,Cyclo classification sample,freq=1875487179.4871793,ratios=[0.96, 0.382, 0.349, 0.691],threshold=2.3,score=0,harmonics_above=0,max_spread_db=8.0
2026-04-24T17:14:57.667979,CYCLO_SAMPLE,Cyclo classification sample,freq=1875487179.4871793,ratios=[0.766, 0.173, 0.168, 1.356],threshold=2.3,score=0,harmonics_above=0,max_spread_db=18.14
2026-04-24T17:14:57.671302,CYCLO_SAMPLE,Cyclo classification sample,freq=1875487179.4871793,ratios=[3.321, 1.485, 1.246, 1.226],threshold=2.3,score=3.3207208486587496,harmonics_above=1,max_spread_db=6.99
2026-04-24T17:14:57.674878,CYCLO_SAMPLE,Cyclo classification sample,freq=1875487179.4871793,ratios=[0.275, 1.089, 0.695, 0.627],threshold=2.3,score=0,harmonics_above=0,max_spread_db=11.95
2026-04-24T17:14:57.678747,CYCLO_SAMPLE,Cyclo classification sample,freq=1875487179.4871793,ratios=[1.76, 1.594, 1.108, 1.527],threshold=2.3,score=0,harmonics_above=0,max_spread_db=3.16
2026-04-24T17:14:57.679627,CYCLO_SAMPLE,Cyclo classification sample,freq=1875487179.4871793,ratios=[1.074, 1.64, 1.28, 0.522],threshold=2.3,score=0,harmonics_above=0,max_spread_db=7.8
2026-04-24T17:14:57.683437,CYCLO_SAMPLE,Cyclo classification sample,freq=1875487179.4871793,ratios=[0.211, 1.193, 0.497, 0.615],threshold=2.3,score=0,harmonics_above=0,max_spread_db=15.05
2026-04-24T17:14:57.686779,CYCLO_SAMPLE,Cyclo classification sample,freq=1875487179.4871793,ratios=[1.124, 1.088, 0.546, 0.401],threshold=2.3,score=0,harmonics_above=0,max_spread_db=5.99
2026-04-24T17:14:57.690110,CYCLO_SAMPLE,Cyclo classification sample,freq=1875487179.4871793,ratios=[0.478, 0.816, 1.521, 1.344],threshold=2.3,score=0,harmonics_above=0,max_spread_db=5.41
2026-04-24T17:14:57.690228,CYCLO_RESULT,Cyclo classification result,res=False,freq=1875487179.4871793,votes=0,required=5
2026-04-24T17:14:57.700869,CYCLO_SAMPLE,Cyclo classification sample,freq=1894424908.4249084,ratios=[0.96, 0.382, 0.349, 0.691],threshold=2.3,score=0,harmonics_above=0,max_spread_db=8.0
2026-04-24T17:14:57.703624,CYCLO_SAMPLE,Cyclo classification sample,freq=1894424908.4249084,ratios=[0.439, 0.695, 0.621, 0.501],threshold=2.3,score=0,harmonics_above=0,max_spread_db=3.98
2026-04-24T17:14:57.704294,CYCLO_SAMPLE,Cyclo classification sample,freq=1894424908.4249084,ratios=[0.103, 0.182, 0.307, 0.218],threshold=2.3,score=0,harmonics_above=0,max_spread_db=4.91
2026-04-24T17:14:57.706954,CYCLO_SAMPLE,Cyclo classification sample,freq=1894424908.4249084,ratios=[0.104, 0.071, 0.142, 0.07],threshold=2.3,score=0,harmonics_above=0,max_spread_db=6.11
2026-04-24T17:14:57.709600,CYCLO_SAMPLE,Cyclo classification sample,freq=1894424908.4249084,ratios=[0.06, 0.066, 0.362, 0.302],threshold=2.3,score=0,harmonics_above=0,max_spread_db=14.74
2026-04-24T17:14:57.712280,CYCLO_SAMPLE,Cyclo classification sample,freq=1894424908.4249084,ratios=[0.431, 0.573, 0.397, 0.168],threshold=2.3,score=0,harmonics_above=0,max_spread_db=7.46
2026-04-24T17:14:57.713068,CYCLO_SAMPLE,Cyclo classification sample,freq=1894424908.4249084,ratios=[0.188, 0.139, 0.197, 0.14],threshold=2.3,score=0,harmonics_above=0,max_spread_db=3.04
2026-04-24T17:14:57.716057,CYCLO_SAMPLE,Cyclo classification sample,freq=1894424908.4249084,ratios=[0.67, 0.24, 0.091, 0.619],threshold=2.3,score=0,harmonics_above=0,max_spread_db=16.69
2026-04-24T17:14:57.718452,CYCLO_SAMPLE,Cyclo classification sample,freq=1894424908.4249084,ratios=[0.219, 0.265, 0.24, 0.217],threshold=2.3,score=0,harmonics_above=0,max_spread_db=1.65
2026-04-24T17:14:57.721033,CYCLO_SAMPLE,Cyclo classification sample,freq=1894424908.4249084,ratios=[0.041, 0.031, 0.034, 0.079],threshold=2.3,score=0,harmonics_above=0,max_spread_db=7.39
2026-04-24T17:14:57.722797,CYCLO_RESULT,Cyclo classification result,res=False,freq=1894424908.4249084,votes=0,required=5
2026-04-24T17:14:58.110434,CYCLO_SAMPLE,Cyclo classification sample,freq=2113633699.6336997,ratios=[0.456, 0.12, 0.447, 0.306],threshold=2.3,score=0,harmonics_above=0,max_spread_db=11.58
2026-04-24T17:14:58.111140,CYCLO_SAMPLE,Cyclo classification sample,freq=2113633699.6336997,ratios=[0.726, 1.481, 2.094, 0.956],threshold=2.3,score=0,harmonics_above=0,max_spread_db=6.81
2026-04-24T17:14:58.111738,CYCLO_SAMPLE,Cyclo classification sample,freq=2113633699.6336997,ratios=[0.547, 0.346, 0.501, 1.686],threshold=2.3,score=0,harmonics_above=0,max_spread_db=10.54
2026-04-24T17:14:58.112217,CYCLO_SAMPLE,Cyclo classification sample,freq=2113633699.6336997,ratios=[0.874, 0.755, 2.045, 2.324],threshold=2.3,score=2.323859784022092,harmonics_above=1,max_spread_db=8.65
2026-04-24T17:14:58.112842,CYCLO_SAMPLE,Cyclo classification sample,freq=2113633699.6336997,ratios=[1.612, 0.323, 0.382, 0.566],threshold=2.3,score=0,harmonics_above=0,max_spread_db=13.96
2026-04-24T17:14:58.113561,CYCLO_SAMPLE,Cyclo classification sample,freq=2113633699.6336997,ratios=[1.547, 1.764, 1.68, 0.672],threshold=2.3,score=0,harmonics_above=0,max_spread_db=7.96
2026-04-24T17:14:58.117186,CYCLO_SAMPLE,Cyclo classification sample,freq=2113633699.6336997,ratios=[0.555, 0.794, 2.504, 1.907],threshold=2.3,score=2.503525759133295,harmonics_above=1,max_spread_db=9.98
2026-04-24T17:14:58.120205,CYCLO_SAMPLE,Cyclo classification sample,freq=2113633699.6336997,ratios=[2.114, 1.942, 0.108, 1.59],threshold=2.3,score=0,harmonics_above=0,max_spread_db=25.13
2026-04-24T17:14:58.123705,CYCLO_SAMPLE,Cyclo classification sample,freq=2113633699.6336997,ratios=[1.266, 0.51, 0.902, 0.728],threshold=2.3,score=0,harmonics_above=0,max_spread_db=7.9
2026-04-24T17:14:58.124446,CYCLO_SAMPLE,Cyclo classification sample,freq=2113633699.6336997,ratios=[1.169, 1.679, 1.315, 1.498],threshold=2.3,score=0,harmonics_above=0,max_spread_db=3.14
2026-04-24T17:14:58.124511,CYCLO_RESULT,Cyclo classification result,res=False,freq=2113633699.6336997,votes=0,required=5
2026-04-24T17:14:58.207217,CYCLO_SAMPLE,Cyclo classification sample,freq=2144021978.0219781,ratios=[2.114, 1.942, 0.108, 1.59],threshold=2.3,score=0,harmonics_above=0,max_spread_db=25.13
2026-04-24T17:14:58.210244,CYCLO_SAMPLE,Cyclo classification sample,freq=2144021978.0219781,ratios=[4.17, 3.258, 1.76, 2.446],threshold=2.3,score=9.87423920053207,harmonics_above=3,max_spread_db=5.35
2026-04-24T17:14:58.213066,CYCLO_SAMPLE,Cyclo classification sample,freq=2144021978.0219781,ratios=[5.89, 1.495, 3.54, 0.809],threshold=2.3,score=9.429992651162715,harmonics_above=2,max_spread_db=12.82
2026-04-24T17:14:58.215980,CYCLO_SAMPLE,Cyclo classification sample,freq=2144021978.0219781,ratios=[7.073, 1.963, 2.105, 2.508],threshold=2.3,score=9.581073699765671,harmonics_above=2,max_spread_db=11.14
2026-04-24T17:14:58.218704,CYCLO_SAMPLE,Cyclo classification sample,freq=2144021978.0219781,ratios=[3.96, 0.939, 4.393, 1.227],threshold=2.3,score=8.353737652977586,harmonics_above=2,max_spread_db=13.41
2026-04-24T17:14:58.221582,CYCLO_SAMPLE,Cyclo classification sample,freq=2144021978.0219781,ratios=[4.591, 2.993, 4.683, 0.592],threshold=2.3,score=12.267652684919302,harmonics_above=3,max_spread_db=17.97
2026-04-24T17:14:58.224352,CYCLO_SAMPLE,Cyclo classification sample,freq=2144021978.0219781,ratios=[8.246, 2.735, 3.77, 2.134],threshold=2.3,score=14.750358522139406,harmonics_above=3,max_spread_db=9.59
2026-04-24T17:14:58.227048,CYCLO_SAMPLE,Cyclo classification sample,freq=2144021978.0219781,ratios=[4.815, 0.749, 1.769, 0.681],threshold=2.3,score=4.814561301291337,harmonics_above=1,max_spread_db=16.16
2026-04-24T17:14:58.229705,CYCLO_SAMPLE,Cyclo classification sample,freq=2144021978.0219781,ratios=[1.973, 1.753, 4.083, 1.442],threshold=2.3,score=4.082701463964906,harmonics_above=1,max_spread_db=9.04
2026-04-24T17:14:58.232560,CYCLO_SAMPLE,Cyclo classification sample,freq=2144021978.0219781,ratios=[5.683, 2.675, 5.399, 2.488],threshold=2.3,score=16.24494058070754,harmonics_above=4,max_spread_db=6.73
2026-04-24T17:14:58.232677,CYCLO_RESULT,Cyclo classification result,res=False,freq=2144021978.0219781,votes=3,required=5
2026-04-24T17:14:58.237787,CYCLO_SAMPLE,Cyclo classification sample,freq=2163982905.982906,ratios=[4.591, 2.993, 4.683, 0.592],threshold=2.3,score=12.267652684919302,harmonics_above=3,max_spread_db=17.97
2026-04-24T17:14:58.240638,CYCLO_SAMPLE,Cyclo classification sample,freq=2163982905.982906,ratios=[0.392, 1.998, 0.938, 1.26],threshold=2.3,score=0,harmonics_above=0,max_spread_db=14.15
2026-04-24T17:14:58.243762,CYCLO_SAMPLE,Cyclo classification sample,freq=2163982905.982906,ratios=[0.662, 0.542, 1.096, 1.633],threshold=2.3,score=0,harmonics_above=0,max_spread_db=6.11
2026-04-24T17:14:58.246871,CYCLO_SAMPLE,Cyclo classification sample,freq=2163982905.982906,ratios=[0.557, 0.852, 0.646, 2.617],threshold=2.3,score=2.6173461273452707,harmonics_above=1,max_spread_db=12.15
2026-04-24T17:14:58.253469,CYCLO_SAMPLE,Cyclo classification sample,freq=2163982905.982906,ratios=[2.246, 0.655, 0.362, 0.772],threshold=2.3,score=0,harmonics_above=0,max_spread_db=10.7
2026-04-24T17:14:58.254329,CYCLO_SAMPLE,Cyclo classification sample,freq=2163982905.982906,ratios=[1.584, 0.853, 1.406, 0.47],threshold=2.3,score=0,harmonics_above=0,max_spread_db=9.51
2026-04-24T17:14:58.259252,CYCLO_SAMPLE,Cyclo classification sample,freq=2163982905.982906,ratios=[1.026, 0.784, 1.484, 1.569],threshold=2.3,score=0,harmonics_above=0,max_spread_db=5.54
2026-04-24T17:14:58.267660,CYCLO_SAMPLE,Cyclo classification sample,freq=2163982905.982906,ratios=[0.115, 1.642, 0.954, 2.082],threshold=2.3,score=0,harmonics_above=0,max_spread_db=23.11
2026-04-24T17:14:58.277083,CYCLO_SAMPLE,Cyclo classification sample,freq=2163982905.982906,ratios=[1.702, 0.981, 0.209, 0.582],threshold=2.3,score=0,harmonics_above=0,max_spread_db=13.44
2026-04-24T17:14:58.284880,CYCLO_SAMPLE,Cyclo classification sample,freq=2163982905.982906,ratios=[0.458, 0.511, 1.26, 1.565],threshold=2.3,score=0,harmonics_above=0,max_spread_db=7.84
2026-04-24T17:14:58.284977,CYCLO_RESULT,Cyclo classification result,res=False,freq=2163982905.982906,votes=0,required=5
2026-04-24T17:14:58.309852,CYCLO_SAMPLE,Cyclo classification sample,freq=2187211233.211233,ratios=[0.392, 1.998, 0.938, 1.26],threshold=2.3,score=0,harmonics_above=0,max_spread_db=14.15
2026-04-24T17:14:58.310662,CYCLO_SAMPLE,Cyclo classification sample,freq=2187211233.211233,ratios=[0.027, 0.007, 0.032, 0.035],threshold=2.3,score=0,harmonics_above=0,max_spread_db=13.68
2026-04-24T17:14:58.313930,CYCLO_SAMPLE,Cyclo classification sample,freq=2187211233.211233,ratios=[0.056, 0.02, 0.076, 0.064],threshold=2.3,score=0,harmonics_above=0,max_spread_db=11.66
2026-04-24T17:14:58.317112,CYCLO_SAMPLE,Cyclo classification sample,freq=2187211233.211233,ratios=[0.191, 0.219, 0.175, 0.237],threshold=2.3,score=0,harmonics_above=0,max_spread_db=2.63
2026-04-24T17:14:58.320229,CYCLO_SAMPLE,Cyclo classification sample,freq=2187211233.211233,ratios=[0.079, 0.077, 0.081, 0.068],threshold=2.3,score=0,harmonics_above=0,max_spread_db=1.58
2026-04-24T17:14:58.323090,CYCLO_SAMPLE,Cyclo classification sample,freq=2187211233.211233,ratios=[0.21, 0.327, 0.201, 0.276],threshold=2.3,score=0,harmonics_above=0,max_spread_db=4.24
2026-04-24T17:14:58.326063,CYCLO_SAMPLE,Cyclo classification sample,freq=2187211233.211233,ratios=[0.1, 0.098, 0.104, 0.033],threshold=2.3,score=0,harmonics_above=0,max_spread_db=9.87
2026-04-24T17:14:58.329126,CYCLO_SAMPLE,Cyclo classification sample,freq=2187211233.211233,ratios=[0.153, 0.158, 0.16, 0.156],threshold=2.3,score=0,harmonics_above=0,max_spread_db=0.25
2026-04-24T17:14:58.331947,CYCLO_SAMPLE,Cyclo classification sample,freq=2187211233.211233,ratios=[0.007, 0.005, 0.022, 0.03],threshold=2.3,score=0,harmonics_above=0,max_spread_db=13.45
2026-04-24T17:14:58.334799,CYCLO_SAMPLE,Cyclo classification sample,freq=2187211233.211233,ratios=[0.775, 0.811, 0.74, 0.903],threshold=2.3,score=0,harmonics_above=0,max_spread_db=1.72
2026-04-24T17:14:58.334894,CYCLO_RESULT,Cyclo classification result,res=False,freq=2187211233.211233,votes=0,required=5
2026-04-24T17:14:58.719799,CYCLO_SAMPLE,Cyclo classification sample,freq=2421010989.010989,ratios=[0.313, 0.085, 0.522, 1.201],threshold=2.3,score=0,harmonics_above=0,max_spread_db=15.8
2026-04-24T17:14:58.722604,CYCLO_SAMPLE,Cyclo classification sample,freq=2421010989.010989,ratios=[2.006, 1.787, 0.279, 0.808],threshold=2.3,score=0,harmonics_above=0,max_spread_db=16.12
2026-04-24T17:14:58.725685,CYCLO_SAMPLE,Cyclo classification sample,freq=2421010989.010989,ratios=[16.567, 7.664, 4.76, 3.626],threshold=2.3,score=32.61798423857095,harmonics_above=4,max_spread_db=6.7
2026-04-24T17:14:58.729097,CYCLO_SAMPLE,Cyclo classification sample,freq=2421010989.010989,ratios=[0.006, 0.011, 0.022, 0.024],threshold=2.3,score=0,harmonics_above=0,max_spread_db=5.88
2026-04-24T17:14:58.731967,CYCLO_SAMPLE,Cyclo classification sample,freq=2421010989.010989,ratios=[0.256, 0.253, 0.254, 0.26],threshold=2.3,score=0,harmonics_above=0,max_spread_db=0.19
2026-04-24T17:14:58.734703,CYCLO_SAMPLE,Cyclo classification sample,freq=2421010989.010989,ratios=[1.323, 0.43, 0.409, 0.48],threshold=2.3,score=0,harmonics_above=0,max_spread_db=9.77
2026-04-24T17:14:58.740699,CYCLO_SAMPLE,Cyclo classification sample,freq=2421010989.010989,ratios=[0.46, 1.412, 1.203, 0.294],threshold=2.3,score=0,harmonics_above=0,max_spread_db=12.24
2026-04-24T17:14:58.746900,CYCLO_SAMPLE,Cyclo classification sample,freq=2421010989.010989,ratios=[12.573, 2.077, 3.398, 2.262],threshold=2.3,score=15.970631435513539,harmonics_above=2,max_spread_db=15.64
2026-04-24T17:14:58.750778,CYCLO_SAMPLE,Cyclo classification sample,freq=2421010989.010989,ratios=[2.939, 1.921, 0.399, 0.928],threshold=2.3,score=2.938707090953714,harmonics_above=1,max_spread_db=13.66
2026-04-24T17:14:58.751586,CYCLO_SAMPLE,Cyclo classification sample,freq=2421010989.010989,ratios=[0.404, 0.981, 0.799, 1.29],threshold=2.3,score=0,harmonics_above=0,max_spread_db=7.71
2026-04-24T17:14:58.755155,CYCLO_RESULT,Cyclo classification result,res=False,freq=2421010989.010989,votes=1,required=5
2026-04-24T17:14:58.758076,CYCLO_SAMPLE,Cyclo classification sample,freq=2446586080.5860806,ratios=[0.006, 0.011, 0.022, 0.024],threshold=2.3,score=0,harmonics_above=0,max_spread_db=5.88
2026-04-24T17:14:58.758847,CYCLO_SAMPLE,Cyclo classification sample,freq=2446586080.5860806,ratios=[0.296, 0.434, 0.381, 0.352],threshold=2.3,score=0,harmonics_above=0,max_spread_db=3.34
2026-04-24T17:14:58.761562,CYCLO_SAMPLE,Cyclo classification sample,freq=2446586080.5860806,ratios=[0.005, 0.01, 0.032, 0.018],threshold=2.3,score=0,harmonics_above=0,max_spread_db=10.53
2026-04-24T17:14:58.764331,CYCLO_SAMPLE,Cyclo classification sample,freq=2446586080.5860806,ratios=[0.228, 0.213, 0.222, 0.238],threshold=2.3,score=0,harmonics_above=0,max_spread_db=0.63
2026-04-24T17:14:58.767048,CYCLO_SAMPLE,Cyclo classification sample,freq=2446586080.5860806,ratios=[0.004, 0.008, 0.022, 0.016],threshold=2.3,score=0,harmonics_above=0,max_spread_db=8.77
2026-04-24T17:14:58.767730,CYCLO_SAMPLE,Cyclo classification sample,freq=2446586080.5860806,ratios=[0.083, 0.086, 0.088, 0.115],threshold=2.3,score=0,harmonics_above=0,max_spread_db=2.32
2026-04-24T17:14:58.770287,CYCLO_SAMPLE,Cyclo classification sample,freq=2446586080.5860806,ratios=[49.199, 22.508, 12.184, 11.102],threshold=2.3,score=94.99269675848318,harmonics_above=4,max_spread_db=6.79
2026-04-24T17:14:58.772769,CYCLO_SAMPLE,Cyclo classification sample,freq=2446586080.5860806,ratios=[0.139, 0.53, 0.75, 0.626],threshold=2.3,score=0,harmonics_above=0,max_spread_db=11.63
2026-04-24T17:14:58.776624,CYCLO_SAMPLE,Cyclo classification sample,freq=2446586080.5860806,ratios=[3.451, 1.045, 1.108, 1.41],threshold=2.3,score=3.4512391112649614,harmonics_above=1,max_spread_db=10.38
2026-04-24T17:14:58.777456,CYCLO_SAMPLE,Cyclo classification sample,freq=2446586080.5860806,ratios=[0.088, 0.094, 0.136, 0.123],threshold=2.3,score=0,harmonics_above=0,max_spread_db=3.26
2026-04-24T17:14:58.777624,CYCLO_RESULT,Cyclo classification result,res=False,freq=2446586080.5860806,votes=1,required=5
2026-04-24T17:14:58.794345,CYCLO_SAMPLE,Cyclo classification sample,freq=2462197802.1978025,ratios=[0.296, 0.434, 0.381, 0.352],threshold=2.3,score=0,harmonics_above=0,max_spread_db=3.34
2026-04-24T17:14:58.799318,CYCLO_SAMPLE,Cyclo classification sample,freq=2462197802.1978025,ratios=[1.375, 0.345, 0.57, 1.222],threshold=2.3,score=0,harmonics_above=0,max_spread_db=12.02
2026-04-24T17:14:58.800190,CYCLO_SAMPLE,Cyclo classification sample,freq=2462197802.1978025,ratios=[0.04, 0.101, 0.082, 0.096],threshold=2.3,score=0,harmonics_above=0,max_spread_db=8.02
2026-04-24T17:14:58.804631,CYCLO_SAMPLE,Cyclo classification sample,freq=2462197802.1978025,ratios=[0.018, 0.029, 0.028, 0.022],threshold=2.3,score=0,harmonics_above=0,max_spread_db=4.29
2026-04-24T17:14:58.812622,CYCLO_SAMPLE,Cyclo classification sample,freq=2462197802.1978025,ratios=[0.002, 0.015, 0.013, 0.017],threshold=2.3,score=0,harmonics_above=0,max_spread_db=17.94
2026-04-24T17:14:58.813401,CYCLO_SAMPLE,Cyclo classification sample,freq=2462197802.1978025,ratios=[0.046, 0.024, 0.061, 0.031],threshold=2.3,score=0,harmonics_above=0,max_spread_db=8.13
2026-04-24T17:14:58.818960,CYCLO_SAMPLE,Cyclo classification sample,freq=2462197802.1978025,ratios=[2.479, 0.39, 0.936, 1.396],threshold=2.3,score=2.4786024252356205,harmonics_above=1,max_spread_db=16.06
2026-04-24T17:14:58.825865,CYCLO_SAMPLE,Cyclo classification sample,freq=2462197802.1978025,ratios=[1.501, 0.936, 0.208, 0.167],threshold=2.3,score=0,harmonics_above=0,max_spread_db=13.07
2026-04-24T17:14:58.832053,CYCLO_SAMPLE,Cyclo classification sample,freq=2462197802.1978025,ratios=[0.002, 0.01, 0.024, 0.017],threshold=2.3,score=0,harmonics_above=0,max_spread_db=15.6
2026-04-24T17:14:58.844607,CYCLO_SAMPLE,Cyclo classification sample,freq=2462197802.1978025,ratios=[1.097, 0.823, 0.35, 0.539],threshold=2.3,score=0,harmonics_above=0,max_spread_db=7.43
2026-04-24T17:14:58.844795,CYCLO_RESULT,Cyclo classification result,res=False,freq=2462197802.1978025,votes=0,required=5
2026-04-24T17:14:58.860722,CYCLO_SAMPLE,Cyclo classification sample,freq=2486444444.4444447,ratios=[1.375, 0.345, 0.57, 1.222],threshold=2.3,score=0,harmonics_above=0,max_spread_db=12.02
2026-04-24T17:14:58.861471,CYCLO_SAMPLE,Cyclo classification sample,freq=2486444444.4444447,ratios=[0.008, 0.008, 0.015, 0.02],threshold=2.3,score=0,harmonics_above=0,max_spread_db=5.94
2026-04-24T17:14:58.866381,CYCLO_SAMPLE,Cyclo classification sample,freq=2486444444.4444447,ratios=[0.791, 1.338, 0.867, 0.929],threshold=2.3,score=0,harmonics_above=0,max_spread_db=4.56
2026-04-24T17:14:58.869058,CYCLO_SAMPLE,Cyclo classification sample,freq=2486444444.4444447,ratios=[0.239, 0.228, 0.225, 0.221],threshold=2.3,score=0,harmonics_above=0,max_spread_db=0.42
2026-04-24T17:14:58.869797,CYCLO_SAMPLE,Cyclo classification sample,freq=2486444444.4444447,ratios=[0.63, 1.204, 1.251, 0.084],threshold=2.3,score=0,harmonics_above=0,max_spread_db=23.44
2026-04-24T17:14:58.872269,CYCLO_SAMPLE,Cyclo classification sample,freq=2486444444.4444447,ratios=[1.013, 0.436, 0.368, 0.351],threshold=2.3,score=0,harmonics_above=0,max_spread_db=7.33
2026-04-24T17:14:58.874721,CYCLO_SAMPLE,Cyclo classification sample,freq=2486444444.4444447,ratios=[0.001, 0.008, 0.011, 0.009],threshold=2.3,score=0,harmonics_above=0,max_spread_db=14.43
2026-04-24T17:14:58.875462,CYCLO_SAMPLE,Cyclo classification sample,freq=2486444444.4444447,ratios=[1.668, 0.693, 0.449, 0.513],threshold=2.3,score=0,harmonics_above=0,max_spread_db=7.63
2026-04-24T17:14:58.877825,CYCLO_SAMPLE,Cyclo classification sample,freq=2486444444.4444447,ratios=[0.085, 0.074, 0.084, 0.081],threshold=2.3,score=0,harmonics_above=0,max_spread_db=1.17
2026-04-24T17:14:58.880288,CYCLO_SAMPLE,Cyclo classification sample,freq=2486444444.4444447,ratios=[1.319, 0.208, 0.12, 0.641],threshold=2.3,score=0,harmonics_above=0,max_spread_db=16.04
2026-04-24T17:14:58.880372,CYCLO_RESULT,Cyclo classification result,res=False,freq=2486444444.4444447,votes=0,required=5
2026-04-24T17:14:59.071103,CYCLO_SAMPLE,Cyclo classification sample,freq=2546070818.070818,ratios=[1.111, 0.636, 1.018, 0.457],threshold=2.3,score=0,harmonics_above=0,max_spread_db=6.96
2026-04-24T17:14:59.074246,CYCLO_SAMPLE,Cyclo classification sample,freq=2546070818.070818,ratios=[0.032, 0.019, 0.034, 0.039],threshold=2.3,score=0,harmonics_above=0,max_spread_db=5.0
2026-04-24T17:14:59.076950,CYCLO_SAMPLE,Cyclo classification sample,freq=2546070818.070818,ratios=[0.003, 0.005, 0.015, 0.019],threshold=2.3,score=0,harmonics_above=0,max_spread_db=9.45
2026-04-24T17:14:59.077657,CYCLO_SAMPLE,Cyclo classification sample,freq=2546070818.070818,ratios=[0.202, 0.115, 0.254, 0.232],threshold=2.3,score=0,harmonics_above=0,max_spread_db=6.87
2026-04-24T17:14:59.080463,CYCLO_SAMPLE,Cyclo classification sample,freq=2546070818.070818,ratios=[0.011, 0.015, 0.007, 0.024],threshold=2.3,score=0,harmonics_above=0,max_spread_db=10.94
2026-04-24T17:14:59.083178,CYCLO_SAMPLE,Cyclo classification sample,freq=2546070818.070818,ratios=[0.004, 0.005, 0.016, 0.037],threshold=2.3,score=0,harmonics_above=0,max_spread_db=10.14
2026-04-24T17:14:59.085929,CYCLO_SAMPLE,Cyclo classification sample,freq=2546070818.070818,ratios=[0.333, 1.051, 1.225, 1.737],threshold=2.3,score=0,harmonics_above=0,max_spread_db=9.99
2026-04-24T17:14:59.088532,CYCLO_SAMPLE,Cyclo classification sample,freq=2546070818.070818,ratios=[0.363, 0.444, 0.48, 0.474],threshold=2.3,score=0,harmonics_above=0,max_spread_db=1.77
2026-04-24T17:14:59.089292,CYCLO_SAMPLE,Cyclo classification sample,freq=2546070818.070818,ratios=[1.531, 0.707, 0.434, 0.556],threshold=2.3,score=0,harmonics_above=0,max_spread_db=6.71
2026-04-24T17:14:59.094651,CYCLO_SAMPLE,Cyclo classification sample,freq=2546070818.070818,ratios=[0.004, 0.007, 0.006, 0.012],threshold=2.3,score=0,harmonics_above=0,max_spread_db=5.81
2026-04-24T17:14:59.094730,CYCLO_RESULT,Cyclo classification result,res=False,freq=2546070818.070818,votes=0,required=5
2026-04-24T17:14:59.286587,CYCLO_SAMPLE,Cyclo classification sample,freq=2644564102.564102,ratios=[0.049, 0.055, 0.028, 0.029],threshold=2.3,score=0,harmonics_above=0,max_spread_db=5.83
2026-04-24T17:14:59.297974,CYCLO_SAMPLE,Cyclo classification sample,freq=2644564102.564102,ratios=[1.057, 0.154, 2.23, 1.268],threshold=2.3,score=0,harmonics_above=0,max_spread_db=23.23
2026-04-24T17:14:59.310820,CYCLO_SAMPLE,Cyclo classification sample,freq=2644564102.564102,ratios=[1.405, 0.507, 1.695, 0.906],threshold=2.3,score=0,harmonics_above=0,max_spread_db=10.48
2026-04-24T17:14:59.322764,CYCLO_SAMPLE,Cyclo classification sample,freq=2644564102.564102,ratios=[1.825, 1.519, 1.28, 1.851],threshold=2.3,score=0,harmonics_above=0,max_spread_db=3.2
2026-04-24T17:14:59.342016,CYCLO_SAMPLE,Cyclo classification sample,freq=2644564102.564102,ratios=[2.477, 1.831, 6.165, 0.874],threshold=2.3,score=8.642912962259855,harmonics_above=2,max_spread_db=16.97
2026-04-24T17:14:59.348227,CYCLO_SAMPLE,Cyclo classification sample,freq=2644564102.564102,ratios=[0.665, 0.685, 3.113, 0.463],threshold=2.3,score=3.1129237508091783,harmonics_above=1,max_spread_db=16.56
2026-04-24T17:14:59.369945,CYCLO_SAMPLE,Cyclo classification sample,freq=2644564102.564102,ratios=[1.158, 1.285, 4.61, 1.121],threshold=2.3,score=4.609520897611141,harmonics_above=1,max_spread_db=12.28
2026-04-24T17:14:59.389702,CYCLO_SAMPLE,Cyclo classification sample,freq=2644564102.564102,ratios=[0.216, 0.827, 1.314, 0.656],threshold=2.3,score=0,harmonics_above=0,max_spread_db=11.67
2026-04-24T17:14:59.431390,CYCLO_SAMPLE,Cyclo classification sample,freq=2644564102.564102,ratios=[1.711, 0.821, 1.696, 1.284],threshold=2.3,score=0,harmonics_above=0,max_spread_db=6.38
2026-04-24T17:14:59.478912,CYCLO_SAMPLE,Cyclo classification sample,freq=2644564102.564102,ratios=[1.897, 0.522, 2.784, 0.846],threshold=2.3,score=2.7843022707608904,harmonics_above=1,max_spread_db=14.54
2026-04-24T17:14:59.479111,CYCLO_RESULT,Cyclo classification result,res=False,freq=2644564102.564102,votes=0,required=5
2026-04-24T17:14:59.487952,CYCLO_SAMPLE,Cyclo classification sample,freq=2657394383.3943834,ratios=[1.825, 1.519, 1.28, 1.851],threshold=2.3,score=0,harmonics_above=0,max_spread_db=3.2
2026-04-24T17:14:59.495838,CYCLO_SAMPLE,Cyclo classification sample,freq=2657394383.3943834,ratios=[2.984, 1.051, 0.676, 1.838],threshold=2.3,score=2.984493591506492,harmonics_above=1,max_spread_db=9.07
2026-04-24T17:14:59.503747,CYCLO_SAMPLE,Cyclo classification sample,freq=2657394383.3943834,ratios=[3.497, 2.505, 1.504, 0.505],threshold=2.3,score=6.002797830427307,harmonics_above=2,max_spread_db=9.47
2026-04-24T17:14:59.510832,CYCLO_SAMPLE,Cyclo classification sample,freq=2657394383.3943834,ratios=[1.922, 2.805, 2.595, 1.446],threshold=2.3,score=5.399632302218146,harmonics_above=2,max_spread_db=5.08
2026-04-24T17:14:59.515606,CYCLO_SAMPLE,Cyclo classification sample,freq=2657394383.3943834,ratios=[0.27, 0.69, 1.523, 1.026],threshold=2.3,score=0,harmonics_above=0,max_spread_db=8.14
2026-04-24T17:14:59.519417,CYCLO_SAMPLE,Cyclo classification sample,freq=2657394383.3943834,ratios=[1.395, 1.388, 1.546, 1.067],threshold=2.3,score=0,harmonics_above=0,max_spread_db=3.23
2026-04-24T17:14:59.520125,CYCLO_SAMPLE,Cyclo classification sample,freq=2657394383.3943834,ratios=[1.168, 2.383, 1.138, 1.037],threshold=2.3,score=2.38332578026206,harmonics_above=1,max_spread_db=6.42
2026-04-24T17:14:59.524027,CYCLO_SAMPLE,Cyclo classification sample,freq=2657394383.3943834,ratios=[1.895, 1.431, 0.705, 0.698],threshold=2.3,score=0,harmonics_above=0,max_spread_db=6.15
2026-04-24T17:14:59.527513,CYCLO_SAMPLE,Cyclo classification sample,freq=2657394383.3943834,ratios=[2.093, 3.072, 1.041, 0.716],threshold=2.3,score=3.0722436696205886,harmonics_above=1,max_spread_db=9.4
2026-04-24T17:14:59.531266,CYCLO_SAMPLE,Cyclo classification sample,freq=2657394383.3943834,ratios=[3.037, 1.491, 1.711, 1.861],threshold=2.3,score=3.0365898434723446,harmonics_above=1,max_spread_db=6.18
2026-04-24T17:14:59.531385,CYCLO_RESULT,Cyclo classification result,res=False,freq=2657394383.3943834,votes=0,required=5
2026-04-24T17:14:59.535637,CYCLO_SAMPLE,Cyclo classification sample,freq=2672290598.2905984,ratios=[0.27, 0.69, 1.523, 1.026],threshold=2.3,score=0,harmonics_above=0,max_spread_db=8.14
2026-04-24T17:14:59.538105,CYCLO_SAMPLE,Cyclo classification sample,freq=2672290598.2905984,ratios=[0.003, 0.006, 0.01, 0.033],threshold=2.3,score=0,harmonics_above=0,max_spread_db=10.12
2026-04-24T17:14:59.540723,CYCLO_SAMPLE,Cyclo classification sample,freq=2672290598.2905984,ratios=[0.043, 0.039, 0.035, 0.021],threshold=2.3,score=0,harmonics_above=0,max_spread_db=4.58
2026-04-24T17:14:59.541300,CYCLO_SAMPLE,Cyclo classification sample,freq=2672290598.2905984,ratios=[0.06, 0.101, 0.046, 0.098],threshold=2.3,score=0,harmonics_above=0,max_spread_db=6.75
2026-04-24T17:14:59.541981,CYCLO_SAMPLE,Cyclo classification sample,freq=2672290598.2905984,ratios=[0.04, 0.035, 0.033, 0.035],threshold=2.3,score=0,harmonics_above=0,max_spread_db=1.14
2026-04-24T17:14:59.545199,CYCLO_SAMPLE,Cyclo classification sample,freq=2672290598.2905984,ratios=[0.125, 0.121, 0.1, 0.142],threshold=2.3,score=0,harmonics_above=0,max_spread_db=3.08
2026-04-24T17:14:59.548050,CYCLO_SAMPLE,Cyclo classification sample,freq=2672290598.2905984,ratios=[0.015, 0.023, 0.014, 0.024],threshold=2.3,score=0,harmonics_above=0,max_spread_db=4.55
2026-04-24T17:14:59.550684,CYCLO_SAMPLE,Cyclo classification sample,freq=2672290598.2905984,ratios=[0.005, 0.008, 0.015, 0.017],threshold=2.3,score=0,harmonics_above=0,max_spread_db=5.44
2026-04-24T17:14:59.553340,CYCLO_SAMPLE,Cyclo classification sample,freq=2672290598.2905984,ratios=[0.04, 0.045, 0.044, 0.065],threshold=2.3,score=0,harmonics_above=0,max_spread_db=3.35
2026-04-24T17:14:59.555664,CYCLO_SAMPLE,Cyclo classification sample,freq=2672290598.2905984,ratios=[0.009, 0.009, 0.025, 0.02],threshold=2.3,score=0,harmonics_above=0,max_spread_db=9.06
2026-04-24T17:14:59.555736,CYCLO_RESULT,Cyclo classification result,res=False,freq=2672290598.2905984,votes=0,required=5
2026-04-24T17:15:00.523942,CYCLO_SAMPLE,Cyclo classification sample,freq=3442691086.691087,ratios=[0.013, 0.012, 0.023, 0.006],threshold=2.3,score=0,harmonics_above=0,max_spread_db=11.72
2026-04-24T17:15:00.527010,CYCLO_SAMPLE,Cyclo classification sample,freq=3442691086.691087,ratios=[0.305, 0.22, 0.542, 0.274],threshold=2.3,score=0,harmonics_above=0,max_spread_db=7.85
2026-04-24T17:15:00.530040,CYCLO_SAMPLE,Cyclo classification sample,freq=3442691086.691087,ratios=[0.673, 0.296, 0.325, 0.386],threshold=2.3,score=0,harmonics_above=0,max_spread_db=7.13
2026-04-24T17:15:00.532908,CYCLO_SAMPLE,Cyclo classification sample,freq=3442691086.691087,ratios=[0.69, 0.496, 0.19, 0.325],threshold=2.3,score=0,harmonics_above=0,max_spread_db=8.34
2026-04-24T17:15:00.533679,CYCLO_SAMPLE,Cyclo classification sample,freq=3442691086.691087,ratios=[0.18, 0.679, 0.701, 0.742],threshold=2.3,score=0,harmonics_above=0,max_spread_db=11.53
2026-04-24T17:15:00.538383,CYCLO_SAMPLE,Cyclo classification sample,freq=3442691086.691087,ratios=[0.29, 0.533, 0.775, 0.635],threshold=2.3,score=0,harmonics_above=0,max_spread_db=5.28
2026-04-24T17:15:00.541164,CYCLO_SAMPLE,Cyclo classification sample,freq=3442691086.691087,ratios=[1.519, 0.542, 0.449, 0.786],threshold=2.3,score=0,harmonics_above=0,max_spread_db=8.95
2026-04-24T17:15:00.544311,CYCLO_SAMPLE,Cyclo classification sample,freq=3442691086.691087,ratios=[0.324, 0.734, 0.11, 0.671],threshold=2.3,score=0,harmonics_above=0,max_spread_db=16.45
2026-04-24T17:15:00.547360,CYCLO_SAMPLE,Cyclo classification sample,freq=3442691086.691087,ratios=[0.435, 0.856, 1.393, 1.156],threshold=2.3,score=0,harmonics_above=0,max_spread_db=5.88
2026-04-24T17:15:00.548089,CYCLO_SAMPLE,Cyclo classification sample,freq=3442691086.691087,ratios=[0.177, 0.847, 0.375, 0.644],threshold=2.3,score=0,harmonics_above=0,max_spread_db=13.61
2026-04-24T17:15:00.548259,CYCLO_RESULT,Cyclo classification result,res=False,freq=3442691086.691087,votes=0,required=5
2026-04-24T17:15:00.589808,CYCLO_SAMPLE,Cyclo classification sample,freq=3474908424.908425,ratios=[0.559, 0.845, 0.728, 0.443],threshold=2.3,score=0,harmonics_above=0,max_spread_db=4.31
2026-04-24T17:15:00.593218,CYCLO_SAMPLE,Cyclo classification sample,freq=3474908424.908425,ratios=[0.698, 0.209, 0.39, 0.577],threshold=2.3,score=0,harmonics_above=0,max_spread_db=10.46
2026-04-24T17:15:00.596326,CYCLO_SAMPLE,Cyclo classification sample,freq=3474908424.908425,ratios=[0.319, 0.737, 0.954, 1.304],threshold=2.3,score=0,harmonics_above=0,max_spread_db=7.27
2026-04-24T17:15:00.597051,CYCLO_SAMPLE,Cyclo classification sample,freq=3474908424.908425,ratios=[0.854, 0.294, 0.725, 0.874],threshold=2.3,score=0,harmonics_above=0,max_spread_db=9.25
2026-04-24T17:15:00.600028,CYCLO_SAMPLE,Cyclo classification sample,freq=3474908424.908425,ratios=[0.763, 0.267, 0.772, 0.695],threshold=2.3,score=0,harmonics_above=0,max_spread_db=9.23
2026-04-24T17:15:00.602661,CYCLO_SAMPLE,Cyclo classification sample,freq=3474908424.908425,ratios=[0.452, 0.977, 1.145, 0.237],threshold=2.3,score=0,harmonics_above=0,max_spread_db=13.68
2026-04-24T17:15:00.605494,CYCLO_SAMPLE,Cyclo classification sample,freq=3474908424.908425,ratios=[0.175, 0.071, 0.152, 0.307],threshold=2.3,score=0,harmonics_above=0,max_spread_db=7.76
2026-04-24T17:15:00.606268,CYCLO_SAMPLE,Cyclo classification sample,freq=3474908424.908425,ratios=[0.542, 0.636, 0.108, 0.932],threshold=2.3,score=0,harmonics_above=0,max_spread_db=18.72
2026-04-24T17:15:00.609598,CYCLO_SAMPLE,Cyclo classification sample,freq=3474908424.908425,ratios=[0.423, 0.292, 0.527, 0.525],threshold=2.3,score=0,harmonics_above=0,max_spread_db=5.12
2026-04-24T17:15:00.612396,CYCLO_SAMPLE,Cyclo classification sample,freq=3474908424.908425,ratios=[0.432, 0.129, 1.508, 0.57],threshold=2.3,score=0,harmonics_above=0,max_spread_db=21.36
2026-04-24T17:15:00.612498,CYCLO_RESULT,Cyclo classification result,res=False,freq=3474908424.908425,votes=0,required=5
2026-04-24T17:15:01.204314,CYCLO_SAMPLE,Cyclo classification sample,freq=3945159951.159951,ratios=[0.077, 0.08, 0.085, 0.025],threshold=2.3,score=0,harmonics_above=0,max_spread_db=10.64
2026-04-24T17:15:01.208270,CYCLO_SAMPLE,Cyclo classification sample,freq=3945159951.159951,ratios=[0.52, 0.901, 0.206, 0.346],threshold=2.3,score=0,harmonics_above=0,max_spread_db=12.84
2026-04-24T17:15:01.211371,CYCLO_SAMPLE,Cyclo classification sample,freq=3945159951.159951,ratios=[0.669, 0.923, 1.49, 0.882],threshold=2.3,score=0,harmonics_above=0,max_spread_db=4.56
2026-04-24T17:15:01.212081,CYCLO_SAMPLE,Cyclo classification sample,freq=3945159951.159951,ratios=[0.631, 0.278, 1.217, 0.695],threshold=2.3,score=0,harmonics_above=0,max_spread_db=12.81
2026-04-24T17:15:01.214533,CYCLO_SAMPLE,Cyclo classification sample,freq=3945159951.159951,ratios=[1.41, 0.67, 0.538, 0.479],threshold=2.3,score=0,harmonics_above=0,max_spread_db=6.47
2026-04-24T17:15:01.217675,CYCLO_SAMPLE,Cyclo classification sample,freq=3945159951.159951,ratios=[1.623, 1.303, 0.625, 0.385],threshold=2.3,score=0,harmonics_above=0,max_spread_db=6.39
2026-04-24T17:15:01.218282,CYCLO_SAMPLE,Cyclo classification sample,freq=3945159951.159951,ratios=[1.15, 0.142, 0.274, 1.426],threshold=2.3,score=0,harmonics_above=0,max_spread_db=18.19
2026-04-24T17:15:01.220938,CYCLO_SAMPLE,Cyclo classification sample,freq=3945159951.159951,ratios=[0.834, 0.831, 0.111, 0.808],threshold=2.3,score=0,harmonics_above=0,max_spread_db=17.49
2026-04-24T17:15:01.223560,CYCLO_SAMPLE,Cyclo classification sample,freq=3945159951.159951,ratios=[1.123, 0.788, 0.504, 0.338],threshold=2.3,score=0,harmonics_above=0,max_spread_db=3.88
2026-04-24T17:15:01.226330,CYCLO_SAMPLE,Cyclo classification sample,freq=3945159951.159951,ratios=[1.644, 0.174, 0.359, 1.134],threshold=2.3,score=0,harmonics_above=0,max_spread_db=19.5
2026-04-24T17:15:01.226476,CYCLO_RESULT,Cyclo classification result,res=False,freq=3945159951.159951,votes=0,required=5
2026-04-24T17:15:03.853364,CYCLO_SAMPLE,Cyclo classification sample,freq=5839518925.518925,ratios=[0.39, 0.267, 0.636, 0.313],threshold=2.3,score=0,harmonics_above=0,max_spread_db=7.54
2026-04-24T17:15:03.855946,CYCLO_SAMPLE,Cyclo classification sample,freq=5839518925.518925,ratios=[30.472, 25.549, 22.631, 19.049],threshold=2.3,score=97.70177600417693,harmonics_above=4,max_spread_db=1.53
2026-04-24T17:15:03.868018,CYCLO_SAMPLE,Cyclo classification sample,freq=5839518925.518925,ratios=[26.048, 26.12, 19.45, 10.43],threshold=2.3,score=82.04888209364512,harmonics_above=4,max_spread_db=5.41
2026-04-24T17:15:03.878361,CYCLO_SAMPLE,Cyclo classification sample,freq=5839518925.518925,ratios=[29.454, 24.113, 21.846, 18.56],threshold=2.3,score=93.97392844560805,harmonics_above=4,max_spread_db=1.74
2026-04-24T17:15:03.888913,CYCLO_SAMPLE,Cyclo classification sample,freq=5839518925.518925,ratios=[22.034, 25.219, 18.573, 8.898],threshold=2.3,score=74.72354657463677,harmonics_above=4,max_spread_db=6.39
2026-04-24T17:15:03.896937,CYCLO_SAMPLE,Cyclo classification sample,freq=5839518925.518925,ratios=[19.293, 17.189, 11.652, 16.785],threshold=2.3,score=64.91913231011202,harmonics_above=4,max_spread_db=3.38
2026-04-24T17:15:03.906033,CYCLO_SAMPLE,Cyclo classification sample,freq=5839518925.518925,ratios=[31.292, 25.662, 23.007, 19.6],threshold=2.3,score=99.5610009268976,harmonics_above=4,max_spread_db=1.72
2026-04-24T17:15:03.914255,CYCLO_SAMPLE,Cyclo classification sample,freq=5839518925.518925,ratios=[25.094, 22.065, 19.014, 13.635],threshold=2.3,score=79.80831998449212,harmonics_above=4,max_spread_db=2.89
2026-04-24T17:15:03.918755,CYCLO_SAMPLE,Cyclo classification sample,freq=5839518925.518925,ratios=[21.763, 25.236, 26.441, 20.867],threshold=2.3,score=94.30654038738372,harmonics_above=4,max_spread_db=2.06
2026-04-24T17:15:03.922280,CYCLO_SAMPLE,Cyclo classification sample,freq=5839518925.518925,ratios=[24.003, 25.2, 19.334, 11.315],threshold=2.3,score=79.85223749938646,harmonics_above=4,max_spread_db=4.65
2026-04-24T17:15:03.922357,CYCLO_RESULT,Cyclo classification result,res=True,freq=5839518925.518925,votes=9,required=5
2026-04-24T17:15:03.930310,CYCLO_SAMPLE,Cyclo classification sample,freq=5860554334.554335,ratios=[26.048, 26.12, 19.45, 10.43],threshold=2.3,score=82.04888209364512,harmonics_above=4,max_spread_db=5.41
2026-04-24T17:15:03.932804,CYCLO_SAMPLE,Cyclo classification sample,freq=5860554334.554335,ratios=[0.3, 0.288, 0.271, 0.283],threshold=2.3,score=0,harmonics_above=0,max_spread_db=0.52
2026-04-24T17:15:03.935355,CYCLO_SAMPLE,Cyclo classification sample,freq=5860554334.554335,ratios=[0.156, 0.062, 0.122, 0.138],threshold=2.3,score=0,harmonics_above=0,max_spread_db=7.95
2026-04-24T17:15:03.936139,CYCLO_SAMPLE,Cyclo classification sample,freq=5860554334.554335,ratios=[0.134, 0.219, 0.141, 0.126],threshold=2.3,score=0,harmonics_above=0,max_spread_db=4.26
2026-04-24T17:15:03.938534,CYCLO_SAMPLE,Cyclo classification sample,freq=5860554334.554335,ratios=[0.217, 0.414, 0.58, 0.671],threshold=2.3,score=0,harmonics_above=0,max_spread_db=5.61
2026-04-24T17:15:03.941182,CYCLO_SAMPLE,Cyclo classification sample,freq=5860554334.554335,ratios=[0.365, 0.351, 0.346, 0.396],threshold=2.3,score=0,harmonics_above=0,max_spread_db=1.17
2026-04-24T17:15:03.943656,CYCLO_SAMPLE,Cyclo classification sample,freq=5860554334.554335,ratios=[0.016, 0.007, 0.024, 0.01],threshold=2.3,score=0,harmonics_above=0,max_spread_db=10.27
2026-04-24T17:15:03.944276,CYCLO_SAMPLE,Cyclo classification sample,freq=5860554334.554335,ratios=[0.021, 0.016, 0.037, 0.039],threshold=2.3,score=0,harmonics_above=0,max_spread_db=7.54
2026-04-24T17:15:03.947191,CYCLO_SAMPLE,Cyclo classification sample,freq=5860554334.554335,ratios=[0.06, 0.074, 0.048, 0.087],threshold=2.3,score=0,harmonics_above=0,max_spread_db=5.18
2026-04-24T17:15:03.950027,CYCLO_SAMPLE,Cyclo classification sample,freq=5860554334.554335,ratios=[0.053, 0.023, 0.027, 0.073],threshold=2.3,score=0,harmonics_above=0,max_spread_db=8.6
2026-04-24T17:15:03.950109,CYCLO_RESULT,Cyclo classification result,res=False,freq=5860554334.554335,votes=1,required=5
