2026-04-24T17:42:17.289364,SDR_READ_ERROR,readStream failed,code=0
2026-04-24T17:42:17.351632,ZERO_BUFFER,All samples are zero
2026-04-24T17:42:17.380710,ZERO_BUFFER,All samples are zero
2026-04-24T17:42:17.384171,PLATEAU_CONFIRMED,Wideband signal detected,freq=145833943.83394384,bw=4.9609375,hits=5
2026-04-24T17:42:17.403715,VIDEO_REJECTED,autocorr rejected video,freq=145833943.83394384,score=0.0
2026-04-24T17:42:17.447618,PLATEAU_REJECTED,Not enough hits,hits=1,required=3,freq=160000000
2026-04-24T17:42:17.484592,PLATEAU_CONFIRMED,Wideband signal detected,freq=176451770.45177045,bw=9.66796875,hits=8
2026-04-24T17:42:17.559348,VIDEO_REJECTED,autocorr rejected video,freq=176451770.45177045,score=0.0
2026-04-24T17:42:17.673347,PLATEAU_CONFIRMED,Wideband signal detected,freq=205492063.4920635,bw=6.69921875,hits=7
2026-04-24T17:42:17.686013,VIDEO_REJECTED,autocorr rejected video,freq=205492063.4920635,score=0.0
2026-04-24T17:42:17.738887,PLATEAU_CONFIRMED,Wideband signal detected,freq=224798534.7985348,bw=6.71875,hits=10
2026-04-24T17:42:17.765339,VIDEO_REJECTED,autocorr rejected video,freq=224798534.7985348,score=0.0
2026-04-24T17:42:17.782174,PLATEAU_CONFIRMED,Wideband signal detected,freq=246610500.6105006,bw=7.0703125,hits=5
2026-04-24T17:42:17.807461,VIDEO_REJECTED,autocorr rejected video,freq=246610500.6105006,score=0.0
2026-04-24T17:42:17.829096,PLATEAU_CONFIRMED,Wideband signal detected,freq=265313797.3137973,bw=6.25,hits=8
2026-04-24T17:42:17.851003,VIDEO_REJECTED,autocorr rejected video,freq=265313797.3137973,score=0.0
2026-04-24T17:42:17.900022,PLATEAU_CONFIRMED,Wideband signal detected,freq=294485958.48595846,bw=5.9521484375,hits=6
2026-04-24T17:42:17.931496,VIDEO_REJECTED,autocorr rejected video,freq=294485958.48595846,score=0.0
2026-04-24T17:42:17.940673,PLATEAU_CONFIRMED,Wideband signal detected,freq=314092796.0927961,bw=5.60546875,hits=3
2026-04-24T17:42:17.966987,VIDEO_REJECTED,autocorr rejected video,freq=314092796.0927961,score=0.0
2026-04-24T17:42:18.073307,PLATEAU_CONFIRMED,Wideband signal detected,freq=393650793.6507937,bw=4.9609375,hits=6
2026-04-24T17:42:18.099886,VIDEO_REJECTED,autocorr rejected video,freq=393650793.6507937,score=0.0
2026-04-24T17:42:18.129574,PLATEAU_CONFIRMED,Wideband signal detected,freq=422170940.17094016,bw=4.6142578125,hits=5
2026-04-24T17:42:18.156858,VIDEO_REJECTED,autocorr rejected video,freq=422170940.17094016,score=0.0
2026-04-24T17:42:18.927150,PLATEAU_CONFIRMED,Wideband signal detected,freq=482004884.004884,bw=7.8955078125,hits=9
2026-04-24T17:42:19.197549,VIDEO_REJECTED,autocorr rejected video,freq=482004884.004884,score=0.0
2026-04-24T17:42:19.541068,PLATEAU_CONFIRMED,Wideband signal detected,freq=502004884.004884,bw=7.83203125,hits=10
2026-04-24T17:42:19.616993,VIDEO_REJECTED,autocorr rejected video,freq=502004884.004884,score=0.0
2026-04-24T17:42:19.765907,PLATEAU_CONFIRMED,Wideband signal detected,freq=528024420.02442,bw=3.955078125,hits=8
2026-04-24T17:42:19.908847,VIDEO_REJECTED,autocorr rejected video,freq=528024420.02442,score=0.0
2026-04-24T17:42:20.095426,PLATEAU_CONFIRMED,Wideband signal detected,freq=548056166.056166,bw=3.9013671875,hits=10
2026-04-24T17:42:20.112450,VIDEO_REJECTED,autocorr rejected video,freq=548056166.056166,score=0.0
2026-04-24T17:42:20.351210,PLATEAU_CONFIRMED,Wideband signal detected,freq=568053724.053724,bw=3.896484375,hits=10
2026-04-24T17:42:20.391089,VIDEO_REJECTED,autocorr rejected video,freq=568053724.053724,score=0.0
2026-04-24T17:42:20.595993,PLATEAU_CONFIRMED,Wideband signal detected,freq=571948717.948718,bw=3.9208984375,hits=10
2026-04-24T17:42:20.623286,VIDEO_REJECTED,autocorr rejected video,freq=571948717.948718,score=0.0
2026-04-24T17:42:20.647409,PLATEAU_CONFIRMED,Wideband signal detected,freq=591980463.980464,bw=7.34375,hits=6
2026-04-24T17:42:20.740806,VIDEO_REJECTED,autocorr rejected video,freq=591980463.980464,score=0.0
2026-04-24T17:42:21.215993,PLATEAU_CONFIRMED,Wideband signal detected,freq=626009768.009768,bw=7.7978515625,hits=8
2026-04-24T17:42:21.382685,VIDEO_REJECTED,autocorr rejected video,freq=626009768.009768,score=0.0
2026-04-24T17:42:21.548829,PLATEAU_CONFIRMED,Wideband signal detected,freq=646009768.009768,bw=7.79296875,hits=10
2026-04-24T17:42:21.572195,VIDEO_REJECTED,autocorr rejected video,freq=646009768.009768,score=0.0
2026-04-24T17:42:21.588279,PLATEAU_CONFIRMED,Wideband signal detected,freq=664757020.7570207,bw=8.1982421875,hits=6
2026-04-24T17:42:21.607428,VIDEO_REJECTED,autocorr rejected video,freq=664757020.7570207,score=0.0
2026-04-24T17:42:21.623615,PLATEAU_CONFIRMED,Wideband signal detected,freq=685404151.4041514,bw=5.6103515625,hits=4
2026-04-24T17:42:21.645383,VIDEO_REJECTED,autocorr rejected video,freq=685404151.4041514,score=0.0
2026-04-24T17:42:21.656233,PLATEAU_REJECTED,Not enough hits,hits=1,required=3,freq=700000000
2026-04-24T17:42:21.713986,PLATEAU_CONFIRMED,Wideband signal detected,freq=738849816.8498168,bw=3.41796875,hits=3
2026-04-24T17:42:21.737547,VIDEO_REJECTED,autocorr rejected video,freq=738849816.8498168,score=0.0
2026-04-24T17:42:21.747284,PLATEAU_CONFIRMED,Wideband signal detected,freq=761294261.2942613,bw=3.232421875,hits=4
2026-04-24T17:42:21.771254,VIDEO_REJECTED,autocorr rejected video,freq=761294261.2942613,score=0.0
2026-04-24T17:42:21.859822,PLATEAU_REJECTED,Not enough hits,hits=1,required=3,freq=840000000
2026-04-24T17:42:22.009144,PLATEAU_REJECTED,Not enough hits,hits=2,required=3,freq=940000000
2026-04-24T17:42:22.056301,PLATEAU_CONFIRMED,Wideband signal detected,freq=953743589.7435898,bw=9.8193359375,hits=10
2026-04-24T17:42:22.089113,VIDEO_REJECTED,autocorr rejected video,freq=953743589.7435898,score=0.0
2026-04-24T17:42:22.098562,PLATEAU_CONFIRMED,Wideband signal detected,freq=972100122.1001221,bw=6.552734375,hits=9
2026-04-24T17:42:22.119032,VIDEO_REJECTED,autocorr rejected video,freq=972100122.1001221,score=0.0
2026-04-24T17:42:22.368195,PLATEAU_CONFIRMED,Wideband signal detected,freq=1181677655.6776557,bw=3.61328125,hits=3
2026-04-24T17:42:22.388782,VIDEO_REJECTED,autocorr rejected video,freq=1181677655.6776557,score=0.0
2026-04-24T17:42:22.445732,PLATEAU_REJECTED,Not enough hits,hits=2,required=3,freq=1220000000
2026-04-24T17:42:22.743528,PLATEAU_CONFIRMED,Wideband signal detected,freq=1239726495.7264957,bw=9.2529296875,hits=8
2026-04-24T17:42:22.757381,VIDEO_CONFIRMED,autocorr confirmed video,freq=1239726495.7264957,score=0.9
2026-04-24T17:42:22.822911,PLATEAU_CONFIRMED,Wideband signal detected,freq=1262275946.2759461,bw=9.3505859375,hits=10
2026-04-24T17:42:22.852696,VIDEO_CONFIRMED,autocorr confirmed video,freq=1262275946.2759461,score=0.3
2026-04-24T17:42:23.394060,PLATEAU_CONFIRMED,Wideband signal detected,freq=1675147741.147741,bw=5.8544921875,hits=8
2026-04-24T17:42:23.418582,VIDEO_REJECTED,autocorr rejected video,freq=1675147741.147741,score=0.0
2026-04-24T17:42:23.531597,PLATEAU_REJECTED,Not enough hits,hits=1,required=3,freq=1780000000
2026-04-24T17:42:23.627356,PLATEAU_CONFIRMED,Wideband signal detected,freq=1807211233.2112331,bw=9.580078125,hits=4
2026-04-24T17:42:23.772899,VIDEO_REJECTED,autocorr rejected video,freq=1807211233.2112331,score=0.0
2026-04-24T17:42:23.927401,PLATEAU_CONFIRMED,Wideband signal detected,freq=1827833943.8339438,bw=4.609375,hits=10
2026-04-24T17:42:24.043945,VIDEO_REJECTED,autocorr rejected video,freq=1827833943.8339438,score=0.0
2026-04-24T17:42:24.061141,PLATEAU_CONFIRMED,Wideband signal detected,freq=1847987789.9877899,bw=9.2236328125,hits=10
2026-04-24T17:42:24.095353,VIDEO_REJECTED,autocorr rejected video,freq=1847987789.9877899,score=0.0
2026-04-24T17:42:24.105462,PLATEAU_CONFIRMED,Wideband signal detected,freq=1856329670.3296704,bw=9.6337890625,hits=9
2026-04-24T17:42:24.134540,VIDEO_REJECTED,autocorr rejected video,freq=1856329670.3296704,score=0.0
2026-04-24T17:42:24.160635,PLATEAU_CONFIRMED,Wideband signal detected,freq=1875330891.3308911,bw=8.8818359375,hits=8
2026-04-24T17:42:24.187813,VIDEO_REJECTED,autocorr rejected video,freq=1875330891.3308911,score=0.0
2026-04-24T17:42:24.200425,PLATEAU_CONFIRMED,Wideband signal detected,freq=1895811965.8119657,bw=8.8525390625,hits=8
2026-04-24T17:42:24.221230,VIDEO_REJECTED,autocorr rejected video,freq=1895811965.8119657,score=0.0
2026-04-24T17:42:24.260301,PLATEAU_CONFIRMED,Wideband signal detected,freq=1935494505.4945054,bw=4.8291015625,hits=4
2026-04-24T17:42:24.282949,VIDEO_REJECTED,autocorr rejected video,freq=1935494505.4945054,score=0.0
2026-04-24T17:42:24.398200,PLATEAU_REJECTED,Not enough hits,hits=1,required=3,freq=2040000000
2026-04-24T17:42:24.457395,PLATEAU_REJECTED,Not enough hits,hits=2,required=3,freq=2080000000
2026-04-24T17:42:24.487015,PLATEAU_REJECTED,Not enough hits,hits=1,required=3,freq=2100000000
2026-04-24T17:42:24.813319,PLATEAU_CONFIRMED,Wideband signal detected,freq=2144854700.854701,bw=9.23828125,hits=8
2026-04-24T17:42:24.910454,VIDEO_REJECTED,autocorr rejected video,freq=2144854700.854701,score=0.0
2026-04-24T17:42:24.928878,PLATEAU_CONFIRMED,Wideband signal detected,freq=2164510378.510379,bw=9.013671875,hits=10
2026-04-24T17:42:24.977360,VIDEO_REJECTED,autocorr rejected video,freq=2164510378.510379,score=0.0
2026-04-24T17:42:25.075171,PLATEAU_CONFIRMED,Wideband signal detected,freq=2186124542.124542,bw=7.8662109375,hits=10
2026-04-24T17:42:25.101647,VIDEO_REJECTED,autocorr rejected video,freq=2186124542.124542,score=0.0
2026-04-24T17:42:25.116252,PLATEAU_CONFIRMED,Wideband signal detected,freq=2207645909.64591,bw=2.744140625,hits=3
2026-04-24T17:42:25.136871,VIDEO_REJECTED,autocorr rejected video,freq=2207645909.64591,score=0.0
2026-04-24T17:42:25.365722,PLATEAU_CONFIRMED,Wideband signal detected,freq=2365658119.6581197,bw=7.1630859375,hits=3
2026-04-24T17:42:25.395440,VIDEO_REJECTED,autocorr rejected video,freq=2365658119.6581197,score=0.0
2026-04-24T17:42:25.412227,PLATEAU_CONFIRMED,Wideband signal detected,freq=2378043956.043956,bw=5.2099609375,hits=6
2026-04-24T17:42:25.504481,VIDEO_REJECTED,autocorr rejected video,freq=2378043956.043956,score=0.0
2026-04-24T17:42:25.674688,PLATEAU_CONFIRMED,Wideband signal detected,freq=2407255189.2551894,bw=5.986328125,hits=9
2026-04-24T17:42:25.806350,VIDEO_REJECTED,autocorr rejected video,freq=2407255189.2551894,score=0.0
2026-04-24T17:42:25.945002,PLATEAU_CONFIRMED,Wideband signal detected,freq=2412051282.051282,bw=4.150390625,hits=10
2026-04-24T17:42:25.953443,VIDEO_REJECTED,autocorr rejected video,freq=2412051282.051282,score=0.0
2026-04-24T17:42:26.026698,PLATEAU_CONFIRMED,Wideband signal detected,freq=2451963369.96337,bw=3.212890625,hits=5
2026-04-24T17:42:26.075132,VIDEO_REJECTED,autocorr rejected video,freq=2451963369.96337,score=0.0
2026-04-24T17:42:26.190474,PLATEAU_CONFIRMED,Wideband signal detected,freq=2479811965.811966,bw=9.9169921875,hits=6
2026-04-24T17:42:26.244469,VIDEO_CONFIRMED,autocorr confirmed video,freq=2479811965.811966,score=0.8
2026-04-24T17:42:26.253442,PLATEAU_CONFIRMED,Wideband signal detected,freq=2501599511.5995116,bw=9.736328125,hits=7
2026-04-24T17:42:26.272072,VIDEO_REJECTED,autocorr rejected video,freq=2501599511.5995116,score=0.1
2026-04-24T17:42:26.362368,PLATEAU_REJECTED,Not enough hits,hits=1,required=3,freq=2580000000
2026-04-24T17:42:26.391124,PLATEAU_CONFIRMED,Wideband signal detected,freq=2598993894.993895,bw=7.890625,hits=4
2026-04-24T17:42:26.444760,VIDEO_REJECTED,autocorr rejected video,freq=2598993894.993895,score=0.0
2026-04-24T17:42:26.474543,PLATEAU_CONFIRMED,Wideband signal detected,freq=2612608058.6080585,bw=4.833984375,hits=7
2026-04-24T17:42:26.508658,VIDEO_REJECTED,autocorr rejected video,freq=2612608058.6080585,score=0.0
2026-04-24T17:42:26.523805,PLATEAU_CONFIRMED,Wideband signal detected,freq=2632041514.041514,bw=3.349609375,hits=7
2026-04-24T17:42:26.549033,VIDEO_REJECTED,autocorr rejected video,freq=2632041514.041514,score=0.0
2026-04-24T17:42:26.660537,PLATEAU_CONFIRMED,Wideband signal detected,freq=2652451770.4517703,bw=8.759765625,hits=7
2026-04-24T17:42:26.719889,VIDEO_REJECTED,autocorr rejected video,freq=2652451770.4517703,score=0.0
2026-04-24T17:42:26.733796,PLATEAU_CONFIRMED,Wideband signal detected,freq=2672231990.2319903,bw=4.1064453125,hits=7
2026-04-24T17:42:26.756164,VIDEO_REJECTED,autocorr rejected video,freq=2672231990.2319903,score=0.0
2026-04-24T17:42:27.216416,PLATEAU_CONFIRMED,Wideband signal detected,freq=3040315018.315018,bw=6.6552734375,hits=3
2026-04-24T17:42:27.236055,VIDEO_REJECTED,autocorr rejected video,freq=3040315018.315018,score=0.0
2026-04-24T17:42:27.247069,PLATEAU_REJECTED,Not enough hits,hits=1,required=3,freq=3060000000
2026-04-24T17:42:27.724948,PLATEAU_CONFIRMED,Wideband signal detected,freq=3427025641.025641,bw=4.1748046875,hits=4
2026-04-24T17:42:27.747692,VIDEO_REJECTED,autocorr rejected video,freq=3427025641.025641,score=0.0
2026-04-24T17:42:27.775563,PLATEAU_CONFIRMED,Wideband signal detected,freq=3443601953.6019535,bw=9.2431640625,hits=3
2026-04-24T17:42:27.802250,VIDEO_REJECTED,autocorr rejected video,freq=3443601953.6019535,score=0.0
2026-04-24T17:42:27.821264,PLATEAU_CONFIRMED,Wideband signal detected,freq=3466927960.9279613,bw=6.7236328125,hits=10
2026-04-24T17:42:27.846799,VIDEO_REJECTED,autocorr rejected video,freq=3466927960.9279613,score=0.0
2026-04-24T17:42:27.864501,PLATEAU_CONFIRMED,Wideband signal detected,freq=3477716727.7167277,bw=7.4609375,hits=5
2026-04-24T17:42:27.893918,VIDEO_REJECTED,autocorr rejected video,freq=3477716727.7167277,score=0.0
2026-04-24T17:42:27.915197,PLATEAU_CONFIRMED,Wideband signal detected,freq=3493457875.4578753,bw=6.25,hits=9
2026-04-24T17:42:27.943403,VIDEO_REJECTED,autocorr rejected video,freq=3493457875.4578753,score=0.0
2026-04-24T17:42:27.954848,PLATEAU_CONFIRMED,Wideband signal detected,freq=3523714285.714286,bw=7.841796875,hits=7
2026-04-24T17:42:27.974313,VIDEO_REJECTED,autocorr rejected video,freq=3523714285.714286,score=0.0
2026-04-24T17:42:28.098113,PLATEAU_REJECTED,Not enough hits,hits=1,required=3,freq=3620000000
2026-04-24T17:42:28.291271,PLATEAU_CONFIRMED,Wideband signal detected,freq=3757848595.8485956,bw=7.3876953125,hits=3
2026-04-24T17:42:28.312309,VIDEO_REJECTED,autocorr rejected video,freq=3757848595.8485956,score=0.0
2026-04-24T17:42:28.378638,PLATEAU_REJECTED,Not enough hits,hits=1,required=3,freq=3820000000
2026-04-24T17:42:28.433789,PLATEAU_REJECTED,Not enough hits,hits=1,required=3,freq=3860000000
2026-04-24T17:42:28.550575,PLATEAU_CONFIRMED,Wideband signal detected,freq=3943982905.982906,bw=7.01171875,hits=7
2026-04-24T17:42:28.571671,VIDEO_REJECTED,autocorr rejected video,freq=3943982905.982906,score=0.0
2026-04-24T17:42:28.685089,PLATEAU_REJECTED,Not enough hits,hits=1,required=3,freq=4040000000
2026-04-24T17:42:28.838844,PLATEAU_REJECTED,Not enough hits,hits=1,required=3,freq=4160000000
2026-04-24T17:42:30.021544,PLATEAU_REJECTED,Not enough hits,hits=1,required=3,freq=5080000000
