2026-04-24T17:45:24.527278,SDR_READ_ERROR,readStream failed,code=0
2026-04-24T17:45:24.565234,PLATEAU_CONFIRMED,Wideband signal detected,freq=95714285.71428572,bw=7.32421875,hits=5
2026-04-24T17:45:24.592526,HARMONIC_RESULT,Harmonic classification result,freq=95714285.71428572,confirmed=False,confirmed_harmonics=0,required=3,hit_counts={1: 0, 2: 1, 3: 0, 4: 0},total_buffers=10
2026-04-24T17:45:24.592624,VIDEO_REJECTED,harmonic rejected video,freq=95714285.71428572,score=0
2026-04-24T17:45:24.599116,PLATEAU_REJECTED,Not enough hits,hits=1,required=3,freq=120000000
2026-04-24T17:45:24.659701,PLATEAU_CONFIRMED,Wideband signal detected,freq=165086691.08669108,bw=8.0078125,hits=4
2026-04-24T17:45:24.693956,HARMONIC_RESULT,Harmonic classification result,freq=165086691.08669108,confirmed=False,confirmed_harmonics=0,required=3,hit_counts={1: 0, 2: 0, 3: 0, 4: 0},total_buffers=10
2026-04-24T17:45:24.694037,VIDEO_REJECTED,harmonic rejected video,freq=165086691.08669108,score=0
2026-04-24T17:45:24.718975,PLATEAU_CONFIRMED,Wideband signal detected,freq=196678876.67887667,bw=2.8369140625,hits=6
2026-04-24T17:45:24.745483,HARMONIC_RESULT,Harmonic classification result,freq=196678876.67887667,confirmed=False,confirmed_harmonics=1,required=3,hit_counts={1: 1, 2: 4, 3: 0, 4: 0},total_buffers=10
2026-04-24T17:45:24.745571,VIDEO_REJECTED,harmonic rejected video,freq=196678876.67887667,score=1
2026-04-24T17:45:24.763491,PLATEAU_CONFIRMED,Wideband signal detected,freq=227030525.03052503,bw=5.4248046875,hits=5
2026-04-24T17:45:24.831672,PLATEAU_CONFIRMED,Wideband signal detected,freq=246239316.23931623,bw=6.279296875,hits=9
2026-04-24T17:45:24.832335,HARMONIC_RESULT,Harmonic classification result,freq=227030525.03052503,confirmed=False,confirmed_harmonics=0,required=3,hit_counts={1: 0, 2: 0, 3: 0, 4: 0},total_buffers=10
2026-04-24T17:45:24.832433,VIDEO_REJECTED,harmonic rejected video,freq=227030525.03052503,score=0
2026-04-24T17:45:24.864335,PLATEAU_REJECTED,Not enough hits,hits=2,required=3,freq=260000000
2026-04-24T17:45:24.868067,HARMONIC_RESULT,Harmonic classification result,freq=246239316.23931623,confirmed=False,confirmed_harmonics=0,required=3,hit_counts={1: 2, 2: 2, 3: 1, 4: 0},total_buffers=10
2026-04-24T17:45:24.868127,VIDEO_REJECTED,harmonic rejected video,freq=246239316.23931623,score=0
2026-04-24T17:45:24.923696,PLATEAU_CONFIRMED,Wideband signal detected,freq=294757020.7570208,bw=5.95703125,hits=5
2026-04-24T17:45:24.963885,PLATEAU_CONFIRMED,Wideband signal detected,freq=313487179.4871795,bw=5.2294921875,hits=6
2026-04-24T17:45:24.964665,HARMONIC_RESULT,Harmonic classification result,freq=294757020.7570208,confirmed=False,confirmed_harmonics=0,required=3,hit_counts={1: 2, 2: 1, 3: 1, 4: 0},total_buffers=10
2026-04-24T17:45:24.964713,VIDEO_REJECTED,harmonic rejected video,freq=294757020.7570208,score=0
2026-04-24T17:45:24.998825,HARMONIC_RESULT,Harmonic classification result,freq=313487179.4871795,confirmed=False,confirmed_harmonics=0,required=3,hit_counts={1: 0, 2: 0, 3: 0, 4: 0},total_buffers=10
2026-04-24T17:45:24.998922,VIDEO_REJECTED,harmonic rejected video,freq=313487179.4871795,score=0
2026-04-24T17:45:25.080309,PLATEAU_CONFIRMED,Wideband signal detected,freq=394256410.25641024,bw=4.3212890625,hits=6
2026-04-24T17:45:25.127726,HARMONIC_RESULT,Harmonic classification result,freq=394256410.25641024,confirmed=False,confirmed_harmonics=0,required=3,hit_counts={1: 0, 2: 0, 3: 0, 4: 0},total_buffers=10
2026-04-24T17:45:25.127810,VIDEO_REJECTED,harmonic rejected video,freq=394256410.25641024,score=0
2026-04-24T17:45:25.320611,PLATEAU_CONFIRMED,Wideband signal detected,freq=563892551.8925519,bw=8.4716796875,hits=4
2026-04-24T17:45:25.350831,HARMONIC_RESULT,Harmonic classification result,freq=563892551.8925519,confirmed=False,confirmed_harmonics=0,required=3,hit_counts={1: 0, 2: 0, 3: 0, 4: 0},total_buffers=10
2026-04-24T17:45:25.350895,VIDEO_REJECTED,harmonic rejected video,freq=563892551.8925519,score=0
2026-04-24T17:45:25.354089,PLATEAU_REJECTED,Not enough hits,hits=2,required=3,freq=580000000
2026-04-24T17:45:25.412774,PLATEAU_REJECTED,Not enough hits,hits=1,required=3,freq=620000000
2026-04-24T17:45:25.441066,PLATEAU_REJECTED,Not enough hits,hits=1,required=3,freq=640000000
2026-04-24T17:45:25.473584,PLATEAU_CONFIRMED,Wideband signal detected,freq=665853479.8534799,bw=5.2978515625,hits=7
2026-04-24T17:45:25.505857,HARMONIC_RESULT,Harmonic classification result,freq=665853479.8534799,confirmed=False,confirmed_harmonics=0,required=3,hit_counts={1: 1, 2: 0, 3: 0, 4: 0},total_buffers=10
2026-04-24T17:45:25.506000,VIDEO_REJECTED,harmonic rejected video,freq=665853479.8534799,score=0
2026-04-24T17:45:25.559135,PLATEAU_REJECTED,Not enough hits,hits=2,required=3,freq=720000000
2026-04-24T17:45:25.663302,PLATEAU_CONFIRMED,Wideband signal detected,freq=763101343.1013432,bw=5.8544921875,hits=8
2026-04-24T17:45:25.710932,HARMONIC_RESULT,Harmonic classification result,freq=763101343.1013432,confirmed=True,confirmed_harmonics=4,required=3,hit_counts={1: 9, 2: 9, 3: 9, 4: 8},total_buffers=10
2026-04-24T17:45:25.714468,VIDEO_CONFIRMED,harmonic confirmed video,freq=763101343.1013432,score=4
2026-04-24T17:45:25.714492,PLATEAU_CONFIRMED,Wideband signal detected,freq=783054945.0549451,bw=5.517578125,hits=8
2026-04-24T17:45:25.745547,HARMONIC_RESULT,Harmonic classification result,freq=783054945.0549451,confirmed=False,confirmed_harmonics=0,required=3,hit_counts={1: 1, 2: 1, 3: 1, 4: 1},total_buffers=10
2026-04-24T17:45:25.745658,VIDEO_REJECTED,harmonic rejected video,freq=783054945.0549451,score=0
2026-04-24T17:45:26.043620,PLATEAU_CONFIRMED,Wideband signal detected,freq=939675213.6752137,bw=8.88671875,hits=7
2026-04-24T17:45:26.089731,HARMONIC_RESULT,Harmonic classification result,freq=939675213.6752137,confirmed=False,confirmed_harmonics=0,required=3,hit_counts={1: 0, 2: 0, 3: 0, 4: 1},total_buffers=10
2026-04-24T17:45:26.089700,PLATEAU_CONFIRMED,Wideband signal detected,freq=958190476.1904762,bw=9.736328125,hits=8
2026-04-24T17:45:26.089822,VIDEO_REJECTED,harmonic rejected video,freq=939675213.6752137,score=0
2026-04-24T17:45:26.119213,HARMONIC_RESULT,Harmonic classification result,freq=958190476.1904762,confirmed=False,confirmed_harmonics=0,required=3,hit_counts={1: 0, 2: 0, 3: 0, 4: 1},total_buffers=10
2026-04-24T17:45:26.119325,VIDEO_REJECTED,harmonic rejected video,freq=958190476.1904762,score=0
2026-04-24T17:45:26.301825,PLATEAU_REJECTED,Not enough hits,hits=1,required=3,freq=1120000000
2026-04-24T17:45:26.590521,PLATEAU_CONFIRMED,Wideband signal detected,freq=1339697191.6971917,bw=8.0908203125,hits=8
2026-04-24T17:45:26.618270,HARMONIC_RESULT,Harmonic classification result,freq=1339697191.6971917,confirmed=False,confirmed_harmonics=0,required=3,hit_counts={1: 0, 2: 0, 3: 0, 4: 0},total_buffers=10
2026-04-24T17:45:26.618325,VIDEO_REJECTED,harmonic rejected video,freq=1339697191.6971917,score=0
2026-04-24T17:45:26.621696,PLATEAU_REJECTED,Not enough hits,hits=1,required=3,freq=1360000000
2026-04-24T17:45:26.699683,PLATEAU_CONFIRMED,Wideband signal detected,freq=1393406593.4065933,bw=6.9384765625,hits=10
2026-04-24T17:45:26.729344,HARMONIC_RESULT,Harmonic classification result,freq=1393406593.4065933,confirmed=False,confirmed_harmonics=0,required=3,hit_counts={1: 0, 2: 0, 3: 0, 4: 0},total_buffers=10
2026-04-24T17:45:26.729416,VIDEO_REJECTED,harmonic rejected video,freq=1393406593.4065933,score=0
2026-04-24T17:45:27.129397,PLATEAU_CONFIRMED,Wideband signal detected,freq=1714752136.7521367,bw=2.8564453125,hits=4
2026-04-24T17:45:27.155378,HARMONIC_RESULT,Harmonic classification result,freq=1714752136.7521367,confirmed=False,confirmed_harmonics=0,required=3,hit_counts={1: 0, 2: 0, 3: 0, 4: 0},total_buffers=10
2026-04-24T17:45:27.155482,VIDEO_REJECTED,harmonic rejected video,freq=1714752136.7521367,score=0
2026-04-24T17:45:27.562595,PLATEAU_CONFIRMED,Wideband signal detected,freq=1807821733.8217337,bw=4.43359375,hits=8
2026-04-24T17:45:27.814440,PLATEAU_CONFIRMED,Wideband signal detected,freq=1827914529.9145298,bw=4.3408203125,hits=10
2026-04-24T17:45:27.820514,HARMONIC_RESULT,Harmonic classification result,freq=1807821733.8217337,confirmed=False,confirmed_harmonics=0,required=3,hit_counts={1: 1, 2: 0, 3: 0, 4: 1},total_buffers=10
2026-04-24T17:45:27.830996,VIDEO_REJECTED,harmonic rejected video,freq=1807821733.8217337,score=0
2026-04-24T17:45:28.130673,PLATEAU_CONFIRMED,Wideband signal detected,freq=1847816849.8168497,bw=4.375,hits=10
2026-04-24T17:45:28.150616,HARMONIC_RESULT,Harmonic classification result,freq=1827914529.9145298,confirmed=False,confirmed_harmonics=0,required=3,hit_counts={1: 1, 2: 0, 3: 1, 4: 1},total_buffers=10
2026-04-24T17:45:28.150664,VIDEO_REJECTED,harmonic rejected video,freq=1827914529.9145298,score=0
2026-04-24T17:45:28.177329,HARMONIC_RESULT,Harmonic classification result,freq=1847816849.8168497,confirmed=False,confirmed_harmonics=0,required=3,hit_counts={1: 0, 2: 0, 3: 1, 4: 0},total_buffers=10
2026-04-24T17:45:28.177428,VIDEO_REJECTED,harmonic rejected video,freq=1847816849.8168497,score=0
2026-04-24T17:45:28.187542,PLATEAU_CONFIRMED,Wideband signal detected,freq=1867821733.8217337,bw=4.3603515625,hits=3
2026-04-24T17:45:28.232282,PLATEAU_CONFIRMED,Wideband signal detected,freq=1875623931.6239314,bw=8.095703125,hits=8
2026-04-24T17:45:28.232576,HARMONIC_RESULT,Harmonic classification result,freq=1867821733.8217337,confirmed=False,confirmed_harmonics=0,required=3,hit_counts={1: 0, 2: 0, 3: 0, 4: 0},total_buffers=10
2026-04-24T17:45:28.232641,VIDEO_REJECTED,harmonic rejected video,freq=1867821733.8217337,score=0
2026-04-24T17:45:28.271004,PLATEAU_CONFIRMED,Wideband signal detected,freq=1895411477.4114773,bw=6.7041015625,hits=9
2026-04-24T17:45:28.277179,HARMONIC_RESULT,Harmonic classification result,freq=1875623931.6239314,confirmed=False,confirmed_harmonics=0,required=3,hit_counts={1: 1, 2: 0, 3: 0, 4: 0},total_buffers=10
2026-04-24T17:45:28.277238,VIDEO_REJECTED,harmonic rejected video,freq=1875623931.6239314,score=0
2026-04-24T17:45:28.319023,HARMONIC_RESULT,Harmonic classification result,freq=1895411477.4114773,confirmed=False,confirmed_harmonics=0,required=3,hit_counts={1: 0, 2: 0, 3: 0, 4: 0},total_buffers=10
2026-04-24T17:45:28.319095,VIDEO_REJECTED,harmonic rejected video,freq=1895411477.4114773,score=0
2026-04-24T17:45:28.701326,PLATEAU_CONFIRMED,Wideband signal detected,freq=2114547008.5470085,bw=7.470703125,hits=7
2026-04-24T17:45:28.802092,HARMONIC_RESULT,Harmonic classification result,freq=2114547008.5470085,confirmed=False,confirmed_harmonics=0,required=3,hit_counts={1: 0, 2: 0, 3: 0, 4: 0},total_buffers=10
2026-04-24T17:45:28.802178,VIDEO_REJECTED,harmonic rejected video,freq=2114547008.5470085,score=0
2026-04-24T17:45:28.828755,PLATEAU_CONFIRMED,Wideband signal detected,freq=2144471306.4713066,bw=8.3642578125,hits=7
2026-04-24T17:45:28.873932,PLATEAU_CONFIRMED,Wideband signal detected,freq=2164583638.5836387,bw=8.1103515625,hits=8
2026-04-24T17:45:28.879892,HARMONIC_RESULT,Harmonic classification result,freq=2144471306.4713066,confirmed=False,confirmed_harmonics=0,required=3,hit_counts={1: 1, 2: 0, 3: 0, 4: 0},total_buffers=10
2026-04-24T17:45:28.879942,VIDEO_REJECTED,harmonic rejected video,freq=2144471306.4713066,score=0
2026-04-24T17:45:28.994135,PLATEAU_CONFIRMED,Wideband signal detected,freq=2187010989.010989,bw=4.2822265625,hits=7
2026-04-24T17:45:29.022395,HARMONIC_RESULT,Harmonic classification result,freq=2164583638.5836387,confirmed=False,confirmed_harmonics=0,required=3,hit_counts={1: 0, 2: 1, 3: 0, 4: 0},total_buffers=10
2026-04-24T17:45:29.022494,VIDEO_REJECTED,harmonic rejected video,freq=2164583638.5836387,score=0
2026-04-24T17:45:29.083217,PLATEAU_CONFIRMED,Wideband signal detected,freq=2206957264.957265,bw=4.0234375,hits=6
2026-04-24T17:45:29.086128,HARMONIC_RESULT,Harmonic classification result,freq=2187010989.010989,confirmed=False,confirmed_harmonics=0,required=3,hit_counts={1: 0, 2: 0, 3: 0, 4: 0},total_buffers=10
2026-04-24T17:45:29.086182,VIDEO_REJECTED,harmonic rejected video,freq=2187010989.010989,score=0
2026-04-24T17:45:29.117432,HARMONIC_RESULT,Harmonic classification result,freq=2206957264.957265,confirmed=False,confirmed_harmonics=0,required=3,hit_counts={1: 0, 2: 0, 3: 0, 4: 0},total_buffers=10
2026-04-24T17:45:29.117591,VIDEO_REJECTED,harmonic rejected video,freq=2206957264.957265,score=0
2026-04-24T17:45:29.427903,PLATEAU_CONFIRMED,Wideband signal detected,freq=2413032967.032967,bw=6.6552734375,hits=9
2026-04-24T17:45:29.503410,HARMONIC_RESULT,Harmonic classification result,freq=2413032967.032967,confirmed=False,confirmed_harmonics=0,required=3,hit_counts={1: 0, 2: 0, 3: 0, 4: 0},total_buffers=10
2026-04-24T17:45:29.503456,VIDEO_REJECTED,harmonic rejected video,freq=2413032967.032967,score=0
2026-04-24T17:45:29.507110,PLATEAU_CONFIRMED,Wideband signal detected,freq=2434056166.0561657,bw=6.40625,hits=8
2026-04-24T17:45:29.548460,PLATEAU_REJECTED,Not enough hits,hits=2,required=3,freq=2460000000
2026-04-24T17:45:29.549404,HARMONIC_RESULT,Harmonic classification result,freq=2434056166.0561657,confirmed=False,confirmed_harmonics=0,required=3,hit_counts={1: 0, 2: 0, 3: 0, 4: 0},total_buffers=10
2026-04-24T17:45:29.549518,VIDEO_REJECTED,harmonic rejected video,freq=2434056166.0561657,score=0
2026-04-24T17:45:29.844578,PLATEAU_CONFIRMED,Wideband signal detected,freq=2644788766.788767,bw=8.0810546875,hits=5
2026-04-24T17:45:29.967521,PLATEAU_CONFIRMED,Wideband signal detected,freq=2652393162.3931627,bw=8.3642578125,hits=8
2026-04-24T17:45:29.975497,HARMONIC_RESULT,Harmonic classification result,freq=2644788766.788767,confirmed=False,confirmed_harmonics=0,required=3,hit_counts={1: 2, 2: 0, 3: 3, 4: 0},total_buffers=10
2026-04-24T17:45:29.975594,VIDEO_REJECTED,harmonic rejected video,freq=2644788766.788767,score=0
2026-04-24T17:45:30.018357,PLATEAU_CONFIRMED,Wideband signal detected,freq=2672485958.485958,bw=3.427734375,hits=6
2026-04-24T17:45:30.021450,HARMONIC_RESULT,Harmonic classification result,freq=2652393162.3931627,confirmed=False,confirmed_harmonics=0,required=3,hit_counts={1: 1, 2: 0, 3: 0, 4: 0},total_buffers=10
2026-04-24T17:45:30.021511,VIDEO_REJECTED,harmonic rejected video,freq=2652393162.3931627,score=0
2026-04-24T17:45:30.052015,HARMONIC_RESULT,Harmonic classification result,freq=2672485958.485958,confirmed=False,confirmed_harmonics=0,required=3,hit_counts={1: 0, 2: 0, 3: 0, 4: 0},total_buffers=10
2026-04-24T17:45:30.052089,VIDEO_REJECTED,harmonic rejected video,freq=2672485958.485958,score=0
2026-04-24T17:45:30.871342,PLATEAU_REJECTED,Not enough hits,hits=1,required=3,freq=3360000000
2026-04-24T17:45:30.902690,PLATEAU_CONFIRMED,Wideband signal detected,freq=3384385836.3858366,bw=6.6357421875,hits=4
2026-04-24T17:45:30.934502,HARMONIC_RESULT,Harmonic classification result,freq=3384385836.3858366,confirmed=False,confirmed_harmonics=0,required=3,hit_counts={1: 0, 2: 0, 3: 0, 4: 0},total_buffers=10
2026-04-24T17:45:30.934593,VIDEO_REJECTED,harmonic rejected video,freq=3384385836.3858366,score=0
2026-04-24T17:45:30.938482,PLATEAU_REJECTED,Not enough hits,hits=1,required=3,freq=3400000000
2026-04-24T17:45:30.986991,PLATEAU_CONFIRMED,Wideband signal detected,freq=3413921855.921856,bw=5.908203125,hits=8
2026-04-24T17:45:31.016159,HARMONIC_RESULT,Harmonic classification result,freq=3413921855.921856,confirmed=False,confirmed_harmonics=0,required=3,hit_counts={1: 0, 2: 0, 3: 0, 4: 0},total_buffers=10
2026-04-24T17:45:31.016221,VIDEO_REJECTED,harmonic rejected video,freq=3413921855.921856,score=0
2026-04-24T17:45:31.045696,PLATEAU_REJECTED,Not enough hits,hits=1,required=3,freq=3460000000
2026-04-24T17:45:31.691319,PLATEAU_CONFIRMED,Wideband signal detected,freq=3934334554.3345547,bw=5.5029296875,hits=6
2026-04-24T17:45:31.725241,PLATEAU_REJECTED,Not enough hits,hits=1,required=3,freq=3960000000
2026-04-24T17:45:31.725848,HARMONIC_RESULT,Harmonic classification result,freq=3934334554.3345547,confirmed=False,confirmed_harmonics=0,required=3,hit_counts={1: 0, 2: 0, 3: 0, 4: 0},total_buffers=10
2026-04-24T17:45:31.725887,VIDEO_REJECTED,harmonic rejected video,freq=3934334554.3345547,score=0
2026-04-24T17:45:31.889635,PLATEAU_CONFIRMED,Wideband signal detected,freq=4075069597.0695972,bw=8.251953125,hits=4
2026-04-24T17:45:31.927698,PLATEAU_CONFIRMED,Wideband signal detected,freq=4106063492.063492,bw=5.9765625,hits=4
2026-04-24T17:45:31.928095,HARMONIC_RESULT,Harmonic classification result,freq=4075069597.0695972,confirmed=False,confirmed_harmonics=0,required=3,hit_counts={1: 0, 2: 0, 3: 0, 4: 0},total_buffers=10
2026-04-24T17:45:31.928191,VIDEO_REJECTED,harmonic rejected video,freq=4075069597.0695972,score=0
2026-04-24T17:45:31.977658,PLATEAU_CONFIRMED,Wideband signal detected,freq=4124642246.6422467,bw=8.837890625,hits=9
2026-04-24T17:45:31.978412,HARMONIC_RESULT,Harmonic classification result,freq=4106063492.063492,confirmed=False,confirmed_harmonics=0,required=3,hit_counts={1: 0, 2: 0, 3: 0, 4: 0},total_buffers=10
2026-04-24T17:45:31.978475,VIDEO_REJECTED,harmonic rejected video,freq=4106063492.063492,score=0
2026-04-24T17:45:32.015837,HARMONIC_RESULT,Harmonic classification result,freq=4124642246.6422467,confirmed=False,confirmed_harmonics=0,required=3,hit_counts={1: 0, 2: 0, 3: 0, 4: 0},total_buffers=10
2026-04-24T17:45:32.015933,PLATEAU_CONFIRMED,Wideband signal detected,freq=4144383394.3833942,bw=6.484375,hits=5
2026-04-24T17:45:32.015969,VIDEO_REJECTED,harmonic rejected video,freq=4124642246.6422467,score=0
2026-04-24T17:45:32.049067,PLATEAU_REJECTED,Not enough hits,hits=1,required=3,freq=4160000000
2026-04-24T17:45:32.049489,HARMONIC_RESULT,Harmonic classification result,freq=4144383394.3833942,confirmed=False,confirmed_harmonics=0,required=3,hit_counts={1: 0, 2: 0, 3: 0, 4: 0},total_buffers=10
2026-04-24T17:45:32.049639,VIDEO_REJECTED,harmonic rejected video,freq=4144383394.3833942,score=0
2026-04-24T17:45:32.080120,PLATEAU_CONFIRMED,Wideband signal detected,freq=4177594627.5946274,bw=6.8701171875,hits=3
2026-04-24T17:45:32.117938,PLATEAU_CONFIRMED,Wideband signal detected,freq=4196058608.058608,bw=7.744140625,hits=4
2026-04-24T17:45:32.118748,HARMONIC_RESULT,Harmonic classification result,freq=4177594627.5946274,confirmed=False,confirmed_harmonics=0,required=3,hit_counts={1: 0, 2: 0, 3: 0, 4: 0},total_buffers=10
2026-04-24T17:45:32.118801,VIDEO_REJECTED,harmonic rejected video,freq=4177594627.5946274,score=0
2026-04-24T17:45:32.160914,PLATEAU_CONFIRMED,Wideband signal detected,freq=4213633699.6336994,bw=5.693359375,hits=7
2026-04-24T17:45:32.164564,HARMONIC_RESULT,Harmonic classification result,freq=4196058608.058608,confirmed=False,confirmed_harmonics=0,required=3,hit_counts={1: 0, 2: 0, 3: 0, 4: 0},total_buffers=10
2026-04-24T17:45:32.164657,VIDEO_REJECTED,harmonic rejected video,freq=4196058608.058608,score=0
2026-04-24T17:45:32.192740,PLATEAU_CONFIRMED,Wideband signal detected,freq=4234566544.5665445,bw=3.505859375,hits=3
2026-04-24T17:45:32.196264,HARMONIC_RESULT,Harmonic classification result,freq=4213633699.6336994,confirmed=False,confirmed_harmonics=0,required=3,hit_counts={1: 0, 2: 0, 3: 0, 4: 0},total_buffers=10
2026-04-24T17:45:32.196337,VIDEO_REJECTED,harmonic rejected video,freq=4213633699.6336994,score=0
2026-04-24T17:45:32.227709,HARMONIC_RESULT,Harmonic classification result,freq=4234566544.5665445,confirmed=False,confirmed_harmonics=0,required=3,hit_counts={1: 0, 2: 0, 3: 0, 4: 0},total_buffers=10
2026-04-24T17:45:32.227829,VIDEO_REJECTED,harmonic rejected video,freq=4234566544.5665445,score=0
2026-04-24T17:45:33.229988,PLATEAU_CONFIRMED,Wideband signal detected,freq=5065194139.1941395,bw=5.458984375,hits=9
2026-04-24T17:45:33.267375,PLATEAU_CONFIRMED,Wideband signal detected,freq=5084437118.437119,bw=5.146484375,hits=5
2026-04-24T17:45:33.270645,HARMONIC_RESULT,Harmonic classification result,freq=5065194139.1941395,confirmed=False,confirmed_harmonics=0,required=3,hit_counts={1: 0, 2: 0, 3: 0, 4: 0},total_buffers=10
2026-04-24T17:45:33.270714,VIDEO_REJECTED,harmonic rejected video,freq=5065194139.1941395,score=0
2026-04-24T17:45:33.301778,HARMONIC_RESULT,Harmonic classification result,freq=5084437118.437119,confirmed=False,confirmed_harmonics=0,required=3,hit_counts={1: 0, 2: 0, 3: 0, 4: 0},total_buffers=10
2026-04-24T17:45:33.301852,VIDEO_REJECTED,harmonic rejected video,freq=5084437118.437119,score=0
2026-04-24T17:45:34.294006,PLATEAU_CONFIRMED,Wideband signal detected,freq=5839221001.221001,bw=5.8056640625,hits=8
2026-04-24T17:45:34.334937,HARMONIC_RESULT,Harmonic classification result,freq=5839221001.221001,confirmed=True,confirmed_harmonics=4,required=3,hit_counts={1: 9, 2: 9, 3: 9, 4: 9},total_buffers=10
2026-04-24T17:45:34.335054,VIDEO_CONFIRMED,harmonic confirmed video,freq=5839221001.221001,score=4
2026-04-24T17:45:34.339260,PLATEAU_CONFIRMED,Wideband signal detected,freq=5859211233.211233,bw=3.0615234375,hits=9
2026-04-24T17:45:34.366491,HARMONIC_RESULT,Harmonic classification result,freq=5859211233.211233,confirmed=False,confirmed_harmonics=0,required=3,hit_counts={1: 1, 2: 1, 3: 1, 4: 1},total_buffers=10
