2026-04-24T17:25:50.061622,AUTOCORR_SAMPLE,Per-buffer autocorr result,freq=98525030.52503052,peak=0.0949955006944947,peak2=0.05621803755639121,lag_off=0.0,confirmed=False
2026-04-24T17:25:50.062413,AUTOCORR_SAMPLE,Per-buffer autocorr result,freq=98525030.52503052,peak=0.1524656917899847,peak2=0.08243889175355434,lag_off=5.0,confirmed=False
2026-04-24T17:25:50.065803,AUTOCORR_SAMPLE,Per-buffer autocorr result,freq=98525030.52503052,peak=0.07532347831875086,peak2=0.04244261886924505,lag_off=-1.0,confirmed=False
2026-04-24T17:25:50.071735,AUTOCORR_SAMPLE,Per-buffer autocorr result,freq=98525030.52503052,peak=0.12513735704123974,peak2=-0.01998465834185481,lag_off=0.0,confirmed=False
2026-04-24T17:25:50.074896,AUTOCORR_SAMPLE,Per-buffer autocorr result,freq=98525030.52503052,peak=0.015636097639799118,peak2=-0.07287207245826721,lag_off=2.0,confirmed=False
2026-04-24T17:25:50.075704,AUTOCORR_SAMPLE,Per-buffer autocorr result,freq=98525030.52503052,peak=0.06240532360970974,peak2=0.07603482715785503,lag_off=3.0,confirmed=False
2026-04-24T17:25:50.078391,AUTOCORR_SAMPLE,Per-buffer autocorr result,freq=98525030.52503052,peak=0.10875826701521873,peak2=0.0872429646551609,lag_off=6.0,confirmed=False
2026-04-24T17:25:50.080889,AUTOCORR_SAMPLE,Per-buffer autocorr result,freq=98525030.52503052,peak=0.09759436408057809,peak2=0.047658099327236414,lag_off=3.0,confirmed=False
2026-04-24T17:25:50.081694,AUTOCORR_SAMPLE,Per-buffer autocorr result,freq=98525030.52503052,peak=0.16694865887984633,peak2=0.05462942784652114,lag_off=0.0,confirmed=False
2026-04-24T17:25:50.084198,AUTOCORR_SAMPLE,Per-buffer autocorr result,freq=98525030.52503052,peak=0.05971309123560786,peak2=0.07642559288069606,lag_off=-2.0,confirmed=False
2026-04-24T17:25:50.084249,AUTOCORR_RESULT,autocorr classification,freq=98525030.52503052,votes=0,total=10,score=0.0,confirmed=False
2026-04-24T17:25:50.127223,AUTOCORR_SAMPLE,Per-buffer autocorr result,freq=145824175.82417583,peak=-0.0033020153641700745,peak2=-0.004931852221488953,lag_off=-3.0,confirmed=False
2026-04-24T17:25:50.128080,AUTOCORR_SAMPLE,Per-buffer autocorr result,freq=145824175.82417583,peak=0.09996924758888781,peak2=0.07745064259506762,lag_off=-2.0,confirmed=False
2026-04-24T17:25:50.130937,AUTOCORR_SAMPLE,Per-buffer autocorr result,freq=145824175.82417583,peak=0.11919118836522102,peak2=-0.00040315091609954834,lag_off=1.0,confirmed=False
2026-04-24T17:25:50.131735,AUTOCORR_SAMPLE,Per-buffer autocorr result,freq=145824175.82417583,peak=0.0792662394233048,peak2=0.07027042331174016,lag_off=-5.0,confirmed=False
2026-04-24T17:25:50.134845,AUTOCORR_SAMPLE,Per-buffer autocorr result,freq=145824175.82417583,peak=0.06423643068410456,peak2=0.05543454200960696,lag_off=-4.0,confirmed=False
2026-04-24T17:25:50.138114,AUTOCORR_SAMPLE,Per-buffer autocorr result,freq=145824175.82417583,peak=0.09881915990263224,peak2=0.09641475323587656,lag_off=-5.0,confirmed=False
2026-04-24T17:25:50.141864,AUTOCORR_SAMPLE,Per-buffer autocorr result,freq=145824175.82417583,peak=0.06792779639363289,peak2=0.04144585505127907,lag_off=-6.0,confirmed=False
2026-04-24T17:25:50.142619,AUTOCORR_SAMPLE,Per-buffer autocorr result,freq=145824175.82417583,peak=0.13847533613443375,peak2=0.10647998750209808,lag_off=-3.0,confirmed=False
2026-04-24T17:25:50.143254,AUTOCORR_SAMPLE,Per-buffer autocorr result,freq=145824175.82417583,peak=0.08162068357341923,peak2=0.06899199416511692,lag_off=3.0,confirmed=False
2026-04-24T17:25:50.146838,AUTOCORR_SAMPLE,Per-buffer autocorr result,freq=145824175.82417583,peak=0.08895800542086363,peak2=0.02640420850366354,lag_off=0.0,confirmed=False
2026-04-24T17:25:50.146903,AUTOCORR_RESULT,autocorr classification,freq=145824175.82417583,votes=0,total=10,score=0.0,confirmed=False
2026-04-24T17:25:50.161886,AUTOCORR_SAMPLE,Per-buffer autocorr result,freq=160732600.73260075,peak=0.09996924758888781,peak2=0.07745064259506762,lag_off=-2.0,confirmed=False
2026-04-24T17:25:50.164781,AUTOCORR_SAMPLE,Per-buffer autocorr result,freq=160732600.73260075,peak=0.08669028431177139,peak2=0.09104713797569275,lag_off=0.0,confirmed=False
2026-04-24T17:25:50.165539,AUTOCORR_SAMPLE,Per-buffer autocorr result,freq=160732600.73260075,peak=0.11051279306411743,peak2=0.03128553554415703,lag_off=0.0,confirmed=False
2026-04-24T17:25:50.166158,AUTOCORR_SAMPLE,Per-buffer autocorr result,freq=160732600.73260075,peak=0.04866360407322645,peak2=0.11535254027694464,lag_off=6.0,confirmed=False
2026-04-24T17:25:50.169105,AUTOCORR_SAMPLE,Per-buffer autocorr result,freq=160732600.73260075,peak=0.08901139674708247,peak2=0.06296280352398753,lag_off=-3.0,confirmed=False
2026-04-24T17:25:50.171911,AUTOCORR_SAMPLE,Per-buffer autocorr result,freq=160732600.73260075,peak=0.12195850070565939,peak2=0.07075485493987799,lag_off=0.0,confirmed=False
2026-04-24T17:25:50.172756,AUTOCORR_SAMPLE,Per-buffer autocorr result,freq=160732600.73260075,peak=0.11183178587816656,peak2=0.08215561672113836,lag_off=-1.0,confirmed=False
2026-04-24T17:25:50.175313,AUTOCORR_SAMPLE,Per-buffer autocorr result,freq=160732600.73260075,peak=0.10183818498626351,peak2=0.056702537927776575,lag_off=-6.0,confirmed=False
2026-04-24T17:25:50.177851,AUTOCORR_SAMPLE,Per-buffer autocorr result,freq=160732600.73260075,peak=0.12595436070114374,peak2=0.025675599463284016,lag_off=-6.0,confirmed=False
2026-04-24T17:25:50.178972,AUTOCORR_SAMPLE,Per-buffer autocorr result,freq=160732600.73260075,peak=0.061836981447413564,peak2=0.07430513319559395,lag_off=1.0,confirmed=False
2026-04-24T17:25:50.179038,AUTOCORR_RESULT,autocorr classification,freq=160732600.73260075,votes=0,total=10,score=0.0,confirmed=False
2026-04-24T17:25:50.226246,AUTOCORR_SAMPLE,Per-buffer autocorr result,freq=196686202.68620268,peak=0.05827193986624479,peak2=0.08858831506222486,lag_off=3.0,confirmed=False
2026-04-24T17:25:50.226954,AUTOCORR_SAMPLE,Per-buffer autocorr result,freq=196686202.68620268,peak=-0.033031003549695015,peak2=0.0232793428003788,lag_off=5.0,confirmed=False
2026-04-24T17:25:50.230227,AUTOCORR_SAMPLE,Per-buffer autocorr result,freq=196686202.68620268,peak=0.034641217440366745,peak2=-0.06421819794923067,lag_off=1.0,confirmed=False
2026-04-24T17:25:50.230977,AUTOCORR_SAMPLE,Per-buffer autocorr result,freq=196686202.68620268,peak=-0.07687687501311302,peak2=0.022778216749429703,lag_off=-6.0,confirmed=False
2026-04-24T17:25:50.233791,AUTOCORR_SAMPLE,Per-buffer autocorr result,freq=196686202.68620268,peak=-0.026269100606441498,peak2=-0.11324818897992373,lag_off=-2.0,confirmed=False
2026-04-24T17:25:50.234478,AUTOCORR_SAMPLE,Per-buffer autocorr result,freq=196686202.68620268,peak=-0.01638356875628233,peak2=0.08555414993315935,lag_off=-3.0,confirmed=False
2026-04-24T17:25:50.237487,AUTOCORR_SAMPLE,Per-buffer autocorr result,freq=196686202.68620268,peak=0.08684963174164295,peak2=0.04277740605175495,lag_off=-2.0,confirmed=False
2026-04-24T17:25:50.238188,AUTOCORR_SAMPLE,Per-buffer autocorr result,freq=196686202.68620268,peak=0.1134972795844078,peak2=0.0841890424489975,lag_off=0.0,confirmed=False
2026-04-24T17:25:50.241042,AUTOCORR_SAMPLE,Per-buffer autocorr result,freq=196686202.68620268,peak=0.09574349224567413,peak2=0.046466290950775146,lag_off=-1.0,confirmed=False
2026-04-24T17:25:50.243997,AUTOCORR_SAMPLE,Per-buffer autocorr result,freq=196686202.68620268,peak=0.16281292447820306,peak2=0.13518995651975274,lag_off=3.0,confirmed=False
2026-04-24T17:25:50.244125,AUTOCORR_RESULT,autocorr classification,freq=196686202.68620268,votes=0,total=10,score=0.0,confirmed=False
2026-04-24T17:25:50.270940,AUTOCORR_SAMPLE,Per-buffer autocorr result,freq=226615384.6153846,peak=-0.033031003549695015,peak2=0.0232793428003788,lag_off=5.0,confirmed=False
2026-04-24T17:25:50.273808,AUTOCORR_SAMPLE,Per-buffer autocorr result,freq=226615384.6153846,peak=0.14230650383979082,peak2=0.04000099468976259,lag_off=4.0,confirmed=False
2026-04-24T17:25:50.277470,AUTOCORR_SAMPLE,Per-buffer autocorr result,freq=226615384.6153846,peak=0.051921093836426735,peak2=0.018978441134095192,lag_off=-1.0,confirmed=False
2026-04-24T17:25:50.278416,AUTOCORR_SAMPLE,Per-buffer autocorr result,freq=226615384.6153846,peak=0.0620535088237375,peak2=0.06281614280305803,lag_off=5.0,confirmed=False
2026-04-24T17:25:50.279139,AUTOCORR_SAMPLE,Per-buffer autocorr result,freq=226615384.6153846,peak=-0.030584181658923626,peak2=0.0809564096853137,lag_off=-5.0,confirmed=False
2026-04-24T17:25:50.283718,AUTOCORR_SAMPLE,Per-buffer autocorr result,freq=226615384.6153846,peak=0.040380265563726425,peak2=0.007426787167787552,lag_off=-3.0,confirmed=False
2026-04-24T17:25:50.284441,AUTOCORR_SAMPLE,Per-buffer autocorr result,freq=226615384.6153846,peak=0.018082961440086365,peak2=0.06757291220128536,lag_off=1.0,confirmed=False
2026-04-24T17:25:50.288957,AUTOCORR_SAMPLE,Per-buffer autocorr result,freq=226615384.6153846,peak=0.0711970254778862,peak2=0.03628501296043396,lag_off=-2.0,confirmed=False
2026-04-24T17:25:50.294686,AUTOCORR_SAMPLE,Per-buffer autocorr result,freq=226615384.6153846,peak=0.1351423803716898,peak2=0.061601096764206886,lag_off=6.0,confirmed=False
2026-04-24T17:25:50.295598,AUTOCORR_SAMPLE,Per-buffer autocorr result,freq=226615384.6153846,peak=0.03163445554673672,peak2=0.02869873307645321,lag_off=-5.0,confirmed=False
2026-04-24T17:25:50.300077,AUTOCORR_RESULT,autocorr classification,freq=226615384.6153846,votes=0,total=10,score=0.0,confirmed=False
2026-04-24T17:25:50.345207,AUTOCORR_SAMPLE,Per-buffer autocorr result,freq=247172161.17216116,peak=0.14230650383979082,peak2=0.04000099468976259,lag_off=4.0,confirmed=False
2026-04-24T17:25:50.346156,AUTOCORR_SAMPLE,Per-buffer autocorr result,freq=247172161.17216116,peak=-0.1328724529594183,peak2=-0.09724131226539612,lag_off=-4.0,confirmed=False
2026-04-24T17:25:50.349002,AUTOCORR_SAMPLE,Per-buffer autocorr result,freq=247172161.17216116,peak=0.11059453524649143,peak2=0.025573717430233955,lag_off=6.0,confirmed=False
2026-04-24T17:25:50.349602,AUTOCORR_SAMPLE,Per-buffer autocorr result,freq=247172161.17216116,peak=-0.09916282445192337,peak2=0.002733662724494934,lag_off=1.0,confirmed=False
2026-04-24T17:25:50.350254,AUTOCORR_SAMPLE,Per-buffer autocorr result,freq=247172161.17216116,peak=0.11150906980037689,peak2=-0.04687571246176958,lag_off=1.0,confirmed=False
2026-04-24T17:25:50.353343,AUTOCORR_SAMPLE,Per-buffer autocorr result,freq=247172161.17216116,peak=-0.07849736325442791,peak2=0.049501266330480576,lag_off=-4.0,confirmed=False
2026-04-24T17:25:50.356190,AUTOCORR_SAMPLE,Per-buffer autocorr result,freq=247172161.17216116,peak=0.11925400421023369,peak2=0.057585809379816055,lag_off=-4.0,confirmed=False
2026-04-24T17:25:50.356934,AUTOCORR_SAMPLE,Per-buffer autocorr result,freq=247172161.17216116,peak=-0.08781329914927483,peak2=0.0074046701192855835,lag_off=-3.0,confirmed=False
2026-04-24T17:25:50.357661,AUTOCORR_SAMPLE,Per-buffer autocorr result,freq=247172161.17216116,peak=-0.06476887129247189,peak2=0.13155797123908997,lag_off=6.0,confirmed=False
2026-04-24T17:25:50.360705,AUTOCORR_SAMPLE,Per-buffer autocorr result,freq=247172161.17216116,peak=0.022602315992116928,peak2=0.009080987423658371,lag_off=1.0,confirmed=False
2026-04-24T17:25:50.360820,AUTOCORR_RESULT,autocorr classification,freq=247172161.17216116,votes=0,total=10,score=0.0,confirmed=False
2026-04-24T17:25:50.440810,AUTOCORR_SAMPLE,Per-buffer autocorr result,freq=293824175.82417583,peak=0.052343142218887806,peak2=0.055664596147835255,lag_off=2.0,confirmed=False
2026-04-24T17:25:50.444094,AUTOCORR_SAMPLE,Per-buffer autocorr result,freq=293824175.82417583,peak=0.0014373082667589188,peak2=0.03794100880622864,lag_off=-4.0,confirmed=False
2026-04-24T17:25:50.447473,AUTOCORR_SAMPLE,Per-buffer autocorr result,freq=293824175.82417583,peak=0.055015549063682556,peak2=0.02173738181591034,lag_off=-5.0,confirmed=False
2026-04-24T17:25:50.448165,AUTOCORR_SAMPLE,Per-buffer autocorr result,freq=293824175.82417583,peak=0.033162052277475595,peak2=0.03710580104961991,lag_off=4.0,confirmed=False
2026-04-24T17:25:50.448842,AUTOCORR_SAMPLE,Per-buffer autocorr result,freq=293824175.82417583,peak=-0.028980834409594536,peak2=0.01252005249261856,lag_off=-5.0,confirmed=False
2026-04-24T17:25:50.452324,AUTOCORR_SAMPLE,Per-buffer autocorr result,freq=293824175.82417583,peak=0.06713446788489819,peak2=-0.01238282467238605,lag_off=3.0,confirmed=False
2026-04-24T17:25:50.455962,AUTOCORR_SAMPLE,Per-buffer autocorr result,freq=293824175.82417583,peak=-0.12325018551200628,peak2=-0.17659025266766548,lag_off=-1.0,confirmed=False
2026-04-24T17:25:50.456730,AUTOCORR_SAMPLE,Per-buffer autocorr result,freq=293824175.82417583,peak=0.11233097407966852,peak2=0.08540383074432611,lag_off=6.0,confirmed=False
2026-04-24T17:25:50.459738,AUTOCORR_SAMPLE,Per-buffer autocorr result,freq=293824175.82417583,peak=0.08371963538229465,peak2=0.08688081242144108,lag_off=-4.0,confirmed=False
2026-04-24T17:25:50.460534,AUTOCORR_SAMPLE,Per-buffer autocorr result,freq=293824175.82417583,peak=0.021246522665023804,peak2=0.04209751635789871,lag_off=6.0,confirmed=False
2026-04-24T17:25:50.460620,AUTOCORR_RESULT,autocorr classification,freq=293824175.82417583,votes=0,total=10,score=0.0,confirmed=False
2026-04-24T17:25:50.481165,AUTOCORR_SAMPLE,Per-buffer autocorr result,freq=313746031.74603176,peak=0.0014373082667589188,peak2=0.03794100880622864,lag_off=-4.0,confirmed=False
2026-04-24T17:25:50.484234,AUTOCORR_SAMPLE,Per-buffer autocorr result,freq=313746031.74603176,peak=0.06638611201196909,peak2=0.08332886267453432,lag_off=2.0,confirmed=False
2026-04-24T17:25:50.485177,AUTOCORR_SAMPLE,Per-buffer autocorr result,freq=313746031.74603176,peak=0.14001868711784482,peak2=0.06964366929605603,lag_off=3.0,confirmed=False
2026-04-24T17:25:50.488646,AUTOCORR_SAMPLE,Per-buffer autocorr result,freq=313746031.74603176,peak=0.034818080719560385,peak2=0.08411827450618148,lag_off=-4.0,confirmed=False
2026-04-24T17:25:50.489479,AUTOCORR_SAMPLE,Per-buffer autocorr result,freq=313746031.74603176,peak=0.1135237542912364,peak2=0.09931605588644743,lag_off=-4.0,confirmed=False
2026-04-24T17:25:50.492938,AUTOCORR_SAMPLE,Per-buffer autocorr result,freq=313746031.74603176,peak=0.03246196731925011,peak2=0.0018158294260501862,lag_off=6.0,confirmed=False
2026-04-24T17:25:50.493819,AUTOCORR_SAMPLE,Per-buffer autocorr result,freq=313746031.74603176,peak=0.04289180785417557,peak2=0.05832111835479736,lag_off=5.0,confirmed=False
2026-04-24T17:25:50.497075,AUTOCORR_SAMPLE,Per-buffer autocorr result,freq=313746031.74603176,peak=0.0869905548170209,peak2=0.11411786545068026,lag_off=4.0,confirmed=False
2026-04-24T17:25:50.500127,AUTOCORR_SAMPLE,Per-buffer autocorr result,freq=313746031.74603176,peak=0.0671550421975553,peak2=0.026068442966789007,lag_off=6.0,confirmed=False
2026-04-24T17:25:50.501037,AUTOCORR_SAMPLE,Per-buffer autocorr result,freq=313746031.74603176,peak=0.043738339096307755,peak2=0.06722396984696388,lag_off=-4.0,confirmed=False
2026-04-24T17:25:50.501168,AUTOCORR_RESULT,autocorr classification,freq=313746031.74603176,votes=0,total=10,score=0.0,confirmed=False
2026-04-24T17:25:50.607509,AUTOCORR_SAMPLE,Per-buffer autocorr result,freq=394581196.58119655,peak=0.1613284640479833,peak2=0.03258063388057053,lag_off=-1.0,confirmed=False
2026-04-24T17:25:50.610520,AUTOCORR_SAMPLE,Per-buffer autocorr result,freq=394581196.58119655,peak=0.09004056174308062,peak2=0.06307168770581484,lag_off=0.0,confirmed=False
2026-04-24T17:25:50.613465,AUTOCORR_SAMPLE,Per-buffer autocorr result,freq=394581196.58119655,peak=0.08793643675744534,peak2=0.09787910245358944,lag_off=-1.0,confirmed=False
2026-04-24T17:25:50.614201,AUTOCORR_SAMPLE,Per-buffer autocorr result,freq=394581196.58119655,peak=0.10701909335330129,peak2=0.03731263289228082,lag_off=-4.0,confirmed=False
2026-04-24T17:25:50.617060,AUTOCORR_SAMPLE,Per-buffer autocorr result,freq=394581196.58119655,peak=0.006996290758252144,peak2=0.047082239761948586,lag_off=-2.0,confirmed=False
2026-04-24T17:25:50.620147,AUTOCORR_SAMPLE,Per-buffer autocorr result,freq=394581196.58119655,peak=0.09240048564970493,peak2=0.06425112672150135,lag_off=3.0,confirmed=False
2026-04-24T17:25:50.623184,AUTOCORR_SAMPLE,Per-buffer autocorr result,freq=394581196.58119655,peak=0.12708277348428965,peak2=0.06840843427926302,lag_off=6.0,confirmed=False
2026-04-24T17:25:50.623968,AUTOCORR_SAMPLE,Per-buffer autocorr result,freq=394581196.58119655,peak=-0.011427875608205795,peak2=-0.04083179123699665,lag_off=-1.0,confirmed=False
2026-04-24T17:25:50.627250,AUTOCORR_SAMPLE,Per-buffer autocorr result,freq=394581196.58119655,peak=0.06801592884585261,peak2=0.055621359031647444,lag_off=4.0,confirmed=False
2026-04-24T17:25:50.628090,AUTOCORR_SAMPLE,Per-buffer autocorr result,freq=394581196.58119655,peak=0.12087866850197315,peak2=0.08288291282951832,lag_off=-2.0,confirmed=False
2026-04-24T17:25:50.628142,AUTOCORR_RESULT,autocorr classification,freq=394581196.58119655,votes=0,total=10,score=0.0,confirmed=False
2026-04-24T17:25:50.862940,AUTOCORR_SAMPLE,Per-buffer autocorr result,freq=564158730.1587301,peak=0.04833188280463219,peak2=0.0353053342550993,lag_off=-2.0,confirmed=False
2026-04-24T17:25:50.863917,AUTOCORR_SAMPLE,Per-buffer autocorr result,freq=564158730.1587301,peak=0.10999991931021214,peak2=0.13368633575737476,lag_off=6.0,confirmed=False
2026-04-24T17:25:50.868041,AUTOCORR_SAMPLE,Per-buffer autocorr result,freq=564158730.1587301,peak=0.014354984741657972,peak2=0.025331835728138685,lag_off=6.0,confirmed=False
2026-04-24T17:25:50.868847,AUTOCORR_SAMPLE,Per-buffer autocorr result,freq=564158730.1587301,peak=0.0747360186651349,peak2=0.07010978180915117,lag_off=2.0,confirmed=False
2026-04-24T17:25:50.872402,AUTOCORR_SAMPLE,Per-buffer autocorr result,freq=564158730.1587301,peak=0.09055051393806934,peak2=0.012365052476525307,lag_off=6.0,confirmed=False
2026-04-24T17:25:50.876120,AUTOCORR_SAMPLE,Per-buffer autocorr result,freq=564158730.1587301,peak=0.07737152930349112,peak2=-0.00709175132215023,lag_off=-2.0,confirmed=False
2026-04-24T17:25:50.876962,AUTOCORR_SAMPLE,Per-buffer autocorr result,freq=564158730.1587301,peak=0.11802456248551607,peak2=0.006531885825097561,lag_off=-6.0,confirmed=False
2026-04-24T17:25:50.877852,AUTOCORR_SAMPLE,Per-buffer autocorr result,freq=564158730.1587301,peak=0.046137332916259766,peak2=-0.0731415543705225,lag_off=-1.0,confirmed=False
2026-04-24T17:25:50.880625,AUTOCORR_SAMPLE,Per-buffer autocorr result,freq=564158730.1587301,peak=0.10411828011274338,peak2=-0.02673825714737177,lag_off=-6.0,confirmed=False
2026-04-24T17:25:50.881363,AUTOCORR_SAMPLE,Per-buffer autocorr result,freq=564158730.1587301,peak=0.14287390280514956,peak2=0.04145329166203737,lag_off=-3.0,confirmed=False
2026-04-24T17:25:50.881525,AUTOCORR_RESULT,autocorr classification,freq=564158730.1587301,votes=0,total=10,score=0.0,confirmed=False
2026-04-24T17:25:50.904522,AUTOCORR_SAMPLE,Per-buffer autocorr result,freq=584568986.5689867,peak=0.10999991931021214,peak2=0.13368633575737476,lag_off=6.0,confirmed=False
2026-04-24T17:25:50.907323,AUTOCORR_SAMPLE,Per-buffer autocorr result,freq=584568986.5689867,peak=0.0758311040699482,peak2=0.06517771258950233,lag_off=-3.0,confirmed=False
2026-04-24T17:25:50.908128,AUTOCORR_SAMPLE,Per-buffer autocorr result,freq=584568986.5689867,peak=0.05985145829617977,peak2=0.06699944473803043,lag_off=0.0,confirmed=False
2026-04-24T17:25:50.911199,AUTOCORR_SAMPLE,Per-buffer autocorr result,freq=584568986.5689867,peak=0.051881058141589165,peak2=0.035734398290514946,lag_off=5.0,confirmed=False
2026-04-24T17:25:50.911908,AUTOCORR_SAMPLE,Per-buffer autocorr result,freq=584568986.5689867,peak=0.12120268354192376,peak2=0.09883765736594796,lag_off=4.0,confirmed=False
2026-04-24T17:25:50.914889,AUTOCORR_SAMPLE,Per-buffer autocorr result,freq=584568986.5689867,peak=0.050315771251916885,peak2=0.013954751193523407,lag_off=5.0,confirmed=False
2026-04-24T17:25:50.918017,AUTOCORR_SAMPLE,Per-buffer autocorr result,freq=584568986.5689867,peak=0.07635825127363205,peak2=0.01814267784357071,lag_off=-5.0,confirmed=False
2026-04-24T17:25:50.919109,AUTOCORR_SAMPLE,Per-buffer autocorr result,freq=584568986.5689867,peak=0.06530052050948143,peak2=-0.048873094376176596,lag_off=-2.0,confirmed=False
2026-04-24T17:25:50.922756,AUTOCORR_SAMPLE,Per-buffer autocorr result,freq=584568986.5689867,peak=0.05041563417762518,peak2=0.015198572538793087,lag_off=5.0,confirmed=False
2026-04-24T17:25:50.923419,AUTOCORR_SAMPLE,Per-buffer autocorr result,freq=584568986.5689867,peak=0.09147237800061703,peak2=0.029007671400904655,lag_off=2.0,confirmed=False
2026-04-24T17:25:50.925953,AUTOCORR_RESULT,autocorr classification,freq=584568986.5689867,votes=0,total=10,score=0.0,confirmed=False
2026-04-24T17:25:50.941098,AUTOCORR_SAMPLE,Per-buffer autocorr result,freq=605257631.2576313,peak=0.11498325876891613,peak2=0.007183244451880455,lag_off=3.0,confirmed=False
2026-04-24T17:25:50.943959,AUTOCORR_SAMPLE,Per-buffer autocorr result,freq=605257631.2576313,peak=0.14659473998472095,peak2=0.06687384052202106,lag_off=-1.0,confirmed=False
2026-04-24T17:25:50.944721,AUTOCORR_SAMPLE,Per-buffer autocorr result,freq=605257631.2576313,peak=0.012001822557067499,peak2=0.007574973482405767,lag_off=0.0,confirmed=False
2026-04-24T17:25:50.947752,AUTOCORR_SAMPLE,Per-buffer autocorr result,freq=605257631.2576313,peak=0.029556654626503587,peak2=0.027092552045360208,lag_off=1.0,confirmed=False
2026-04-24T17:25:50.948466,AUTOCORR_SAMPLE,Per-buffer autocorr result,freq=605257631.2576313,peak=0.018924013478681445,peak2=0.017611958784982562,lag_off=1.0,confirmed=False
2026-04-24T17:25:50.951675,AUTOCORR_SAMPLE,Per-buffer autocorr result,freq=605257631.2576313,peak=0.014396082144230604,peak2=0.014684959780424833,lag_off=5.0,confirmed=False
2026-04-24T17:25:50.952802,AUTOCORR_SAMPLE,Per-buffer autocorr result,freq=605257631.2576313,peak=0.029509124346077442,peak2=0.025813372805714607,lag_off=3.0,confirmed=False
2026-04-24T17:25:50.957636,AUTOCORR_SAMPLE,Per-buffer autocorr result,freq=605257631.2576313,peak=0.18150640616659075,peak2=0.05696589837316424,lag_off=-4.0,confirmed=False
2026-04-24T17:25:50.961208,AUTOCORR_SAMPLE,Per-buffer autocorr result,freq=605257631.2576313,peak=0.09915165789425373,peak2=0.08432008512318134,lag_off=-6.0,confirmed=False
2026-04-24T17:25:50.962034,AUTOCORR_SAMPLE,Per-buffer autocorr result,freq=605257631.2576313,peak=0.03437867667526007,peak2=0.02033699583262205,lag_off=3.0,confirmed=False
2026-04-24T17:25:50.962202,AUTOCORR_RESULT,autocorr classification,freq=605257631.2576313,votes=0,total=10,score=0.0,confirmed=False
2026-04-24T17:25:50.980853,AUTOCORR_SAMPLE,Per-buffer autocorr result,freq=618981684.9816849,peak=0.14659473998472095,peak2=0.06687384052202106,lag_off=-1.0,confirmed=False
2026-04-24T17:25:50.984202,AUTOCORR_SAMPLE,Per-buffer autocorr result,freq=618981684.9816849,peak=0.05515356361865997,peak2=0.024729251861572266,lag_off=-5.0,confirmed=False
2026-04-24T17:25:50.985150,AUTOCORR_SAMPLE,Per-buffer autocorr result,freq=618981684.9816849,peak=0.09036605525761843,peak2=0.06619659531861544,lag_off=-4.0,confirmed=False
2026-04-24T17:25:50.988577,AUTOCORR_SAMPLE,Per-buffer autocorr result,freq=618981684.9816849,peak=0.09231240442022681,peak2=0.061890178825706244,lag_off=-5.0,confirmed=False
2026-04-24T17:25:50.991647,AUTOCORR_SAMPLE,Per-buffer autocorr result,freq=618981684.9816849,peak=0.13757616095244884,peak2=0.021859778091311455,lag_off=-3.0,confirmed=False
2026-04-24T17:25:50.992441,AUTOCORR_SAMPLE,Per-buffer autocorr result,freq=618981684.9816849,peak=0.1523733357898891,peak2=0.07006362034007907,lag_off=5.0,confirmed=False
2026-04-24T17:25:50.993158,AUTOCORR_SAMPLE,Per-buffer autocorr result,freq=618981684.9816849,peak=0.11555279046297073,peak2=0.07959261536598206,lag_off=-6.0,confirmed=False
2026-04-24T17:25:50.996407,AUTOCORR_SAMPLE,Per-buffer autocorr result,freq=618981684.9816849,peak=0.08511898526921868,peak2=0.05207257205620408,lag_off=-6.0,confirmed=False
2026-04-24T17:25:50.999738,AUTOCORR_SAMPLE,Per-buffer autocorr result,freq=618981684.9816849,peak=0.07518069026991725,peak2=0.0622355374507606,lag_off=-1.0,confirmed=False
2026-04-24T17:25:51.000608,AUTOCORR_SAMPLE,Per-buffer autocorr result,freq=618981684.9816849,peak=0.05686479061841965,peak2=0.02367769554257393,lag_off=-6.0,confirmed=False
2026-04-24T17:25:51.000693,AUTOCORR_RESULT,autocorr classification,freq=618981684.9816849,votes=0,total=10,score=0.0,confirmed=False
2026-04-24T17:25:51.018003,AUTOCORR_SAMPLE,Per-buffer autocorr result,freq=642532356.5323565,peak=0.05515356361865997,peak2=0.024729251861572266,lag_off=-5.0,confirmed=False
2026-04-24T17:25:51.018809,AUTOCORR_SAMPLE,Per-buffer autocorr result,freq=642532356.5323565,peak=0.08886660216376185,peak2=0.06239285273477435,lag_off=0.0,confirmed=False
2026-04-24T17:25:51.022089,AUTOCORR_SAMPLE,Per-buffer autocorr result,freq=642532356.5323565,peak=0.04296688921749592,peak2=0.012742806226015091,lag_off=3.0,confirmed=False
2026-04-24T17:25:51.022818,AUTOCORR_SAMPLE,Per-buffer autocorr result,freq=642532356.5323565,peak=0.06835652235895395,peak2=0.026639004237949848,lag_off=2.0,confirmed=False
2026-04-24T17:25:51.026108,AUTOCORR_SAMPLE,Per-buffer autocorr result,freq=642532356.5323565,peak=0.11505613289773464,peak2=0.04667285270988941,lag_off=-4.0,confirmed=False
2026-04-24T17:25:51.029442,AUTOCORR_SAMPLE,Per-buffer autocorr result,freq=642532356.5323565,peak=0.058200303465127945,peak2=-0.022216280922293663,lag_off=-6.0,confirmed=False
2026-04-24T17:25:51.030397,AUTOCORR_SAMPLE,Per-buffer autocorr result,freq=642532356.5323565,peak=0.09816920291632414,peak2=0.06998683419078588,lag_off=-3.0,confirmed=False
2026-04-24T17:25:51.033504,AUTOCORR_SAMPLE,Per-buffer autocorr result,freq=642532356.5323565,peak=0.06407183734700084,peak2=0.05091918585821986,lag_off=3.0,confirmed=False
2026-04-24T17:25:51.034339,AUTOCORR_SAMPLE,Per-buffer autocorr result,freq=642532356.5323565,peak=0.14336581993848085,peak2=0.049231153912842274,lag_off=-1.0,confirmed=False
2026-04-24T17:25:51.037917,AUTOCORR_SAMPLE,Per-buffer autocorr result,freq=642532356.5323565,peak=0.06298703537322581,peak2=0.07192414090968668,lag_off=-4.0,confirmed=False
2026-04-24T17:25:51.038090,AUTOCORR_RESULT,autocorr classification,freq=642532356.5323565,votes=0,total=10,score=0.0,confirmed=False
2026-04-24T17:25:51.057344,AUTOCORR_SAMPLE,Per-buffer autocorr result,freq=665335775.3357754,peak=0.08886660216376185,peak2=0.06239285273477435,lag_off=0.0,confirmed=False
2026-04-24T17:25:51.060255,AUTOCORR_SAMPLE,Per-buffer autocorr result,freq=665335775.3357754,peak=0.1650293441489339,peak2=0.020433458499610424,lag_off=-5.0,confirmed=False
2026-04-24T17:25:51.060977,AUTOCORR_SAMPLE,Per-buffer autocorr result,freq=665335775.3357754,peak=0.05965408217161894,peak2=0.07798971887677908,lag_off=-5.0,confirmed=False
2026-04-24T17:25:51.064118,AUTOCORR_SAMPLE,Per-buffer autocorr result,freq=665335775.3357754,peak=0.045004022074863315,peak2=0.08857490564696491,lag_off=6.0,confirmed=False
2026-04-24T17:25:51.067782,AUTOCORR_SAMPLE,Per-buffer autocorr result,freq=665335775.3357754,peak=0.03441397473216057,peak2=0.03292864188551903,lag_off=-5.0,confirmed=False
2026-04-24T17:25:51.070997,AUTOCORR_SAMPLE,Per-buffer autocorr result,freq=665335775.3357754,peak=0.09573310241103172,peak2=-0.011128931306302547,lag_off=-3.0,confirmed=False
2026-04-24T17:25:51.072034,AUTOCORR_SAMPLE,Per-buffer autocorr result,freq=665335775.3357754,peak=0.04231390357017517,peak2=0.009698525071144104,lag_off=2.0,confirmed=False
2026-04-24T17:25:51.075208,AUTOCORR_SAMPLE,Per-buffer autocorr result,freq=665335775.3357754,peak=0.06372157484292984,peak2=-0.06008876767009497,lag_off=-3.0,confirmed=False
2026-04-24T17:25:51.075867,AUTOCORR_SAMPLE,Per-buffer autocorr result,freq=665335775.3357754,peak=0.0939482320100069,peak2=0.05199919082224369,lag_off=0.0,confirmed=False
2026-04-24T17:25:51.079244,AUTOCORR_SAMPLE,Per-buffer autocorr result,freq=665335775.3357754,peak=0.07137678819708526,peak2=0.07075272011570632,lag_off=5.0,confirmed=False
2026-04-24T17:25:51.079391,AUTOCORR_RESULT,autocorr classification,freq=665335775.3357754,votes=0,total=10,score=0.0,confirmed=False
2026-04-24T17:25:51.093498,AUTOCORR_SAMPLE,Per-buffer autocorr result,freq=685545787.5457876,peak=0.14220331236720085,peak2=0.1519090123474598,lag_off=3.0,confirmed=False
2026-04-24T17:25:51.096643,AUTOCORR_SAMPLE,Per-buffer autocorr result,freq=685545787.5457876,peak=0.15340165793895721,peak2=0.039300039410591125,lag_off=-5.0,confirmed=False
2026-04-24T17:25:51.097578,AUTOCORR_SAMPLE,Per-buffer autocorr result,freq=685545787.5457876,peak=0.014305555261671543,peak2=0.06658739410340786,lag_off=5.0,confirmed=False
2026-04-24T17:25:51.100375,AUTOCORR_SAMPLE,Per-buffer autocorr result,freq=685545787.5457876,peak=0.04553579306229949,peak2=0.041800843086093664,lag_off=-6.0,confirmed=False
2026-04-24T17:25:51.101086,AUTOCORR_SAMPLE,Per-buffer autocorr result,freq=685545787.5457876,peak=0.024848892353475094,peak2=0.06067571323364973,lag_off=-1.0,confirmed=False
2026-04-24T17:25:51.104194,AUTOCORR_SAMPLE,Per-buffer autocorr result,freq=685545787.5457876,peak=0.14534110575914383,peak2=-0.014048086479306221,lag_off=0.0,confirmed=False
2026-04-24T17:25:51.106924,AUTOCORR_SAMPLE,Per-buffer autocorr result,freq=685545787.5457876,peak=0.01519661583006382,peak2=0.015665682032704353,lag_off=-2.0,confirmed=False
2026-04-24T17:25:51.107728,AUTOCORR_SAMPLE,Per-buffer autocorr result,freq=685545787.5457876,peak=0.099785759113729,peak2=0.06108820345252752,lag_off=3.0,confirmed=False
2026-04-24T17:25:51.110522,AUTOCORR_SAMPLE,Per-buffer autocorr result,freq=685545787.5457876,peak=0.13347197021357715,peak2=0.0677401393186301,lag_off=6.0,confirmed=False
2026-04-24T17:25:51.113733,AUTOCORR_SAMPLE,Per-buffer autocorr result,freq=685545787.5457876,peak=0.1149065513163805,peak2=0.06533548794686794,lag_off=6.0,confirmed=False
2026-04-24T17:25:51.113874,AUTOCORR_RESULT,autocorr classification,freq=685545787.5457876,votes=0,total=10,score=0.0,confirmed=False
2026-04-24T17:25:51.259801,AUTOCORR_SAMPLE,Per-buffer autocorr result,freq=763140415.1404152,peak=0.2480798615142703,peak2=0.11827684473246336,lag_off=-1.0,confirmed=False
2026-04-24T17:25:51.264302,AUTOCORR_SAMPLE,Per-buffer autocorr result,freq=763140415.1404152,peak=0.674705758690834,peak2=0.39815016090869904,lag_off=0.0,confirmed=True
2026-04-24T17:25:51.265069,AUTOCORR_SAMPLE,Per-buffer autocorr result,freq=763140415.1404152,peak=0.7732353881001472,peak2=0.4547036960721016,lag_off=0.0,confirmed=True
2026-04-24T17:25:51.270781,AUTOCORR_SAMPLE,Per-buffer autocorr result,freq=763140415.1404152,peak=0.675848513841629,peak2=0.39938637614250183,lag_off=0.0,confirmed=True
2026-04-24T17:25:51.276190,AUTOCORR_SAMPLE,Per-buffer autocorr result,freq=763140415.1404152,peak=0.3829373139888048,peak2=0.09252242930233479,lag_off=0.0,confirmed=False
2026-04-24T17:25:51.277120,AUTOCORR_SAMPLE,Per-buffer autocorr result,freq=763140415.1404152,peak=0.7679791375994682,peak2=0.4543319568037987,lag_off=0.0,confirmed=True
2026-04-24T17:25:51.281802,AUTOCORR_SAMPLE,Per-buffer autocorr result,freq=763140415.1404152,peak=0.7022206485271454,peak2=0.4758166968822479,lag_off=-1.0,confirmed=True
2026-04-24T17:25:51.286132,AUTOCORR_SAMPLE,Per-buffer autocorr result,freq=763140415.1404152,peak=0.7382641807198524,peak2=0.5211209133267403,lag_off=-1.0,confirmed=True
2026-04-24T17:25:51.287037,AUTOCORR_SAMPLE,Per-buffer autocorr result,freq=763140415.1404152,peak=0.6797555163502693,peak2=0.39746756106615067,lag_off=-1.0,confirmed=True
2026-04-24T17:25:51.290936,AUTOCORR_SAMPLE,Per-buffer autocorr result,freq=763140415.1404152,peak=0.5310237035155296,peak2=0.1773594692349434,lag_off=0.0,confirmed=True
2026-04-24T17:25:51.291012,AUTOCORR_RESULT,autocorr classification,freq=763140415.1404152,votes=8,total=10,score=0.8,confirmed=True
2026-04-24T17:25:51.304750,AUTOCORR_SAMPLE,Per-buffer autocorr result,freq=781831501.8315018,peak=0.674705758690834,peak2=0.39815016090869904,lag_off=0.0,confirmed=True
2026-04-24T17:25:51.307661,AUTOCORR_SAMPLE,Per-buffer autocorr result,freq=781831501.8315018,peak=0.051889508962631226,peak2=0.09728255867958069,lag_off=5.0,confirmed=False
2026-04-24T17:25:51.310514,AUTOCORR_SAMPLE,Per-buffer autocorr result,freq=781831501.8315018,peak=0.1267424109391868,peak2=0.06957097677513957,lag_off=-2.0,confirmed=False
2026-04-24T17:25:51.311154,AUTOCORR_SAMPLE,Per-buffer autocorr result,freq=781831501.8315018,peak=0.05782594904303551,peak2=0.004483472555875778,lag_off=1.0,confirmed=False
2026-04-24T17:25:51.311831,AUTOCORR_SAMPLE,Per-buffer autocorr result,freq=781831501.8315018,peak=0.1296317968517542,peak2=0.095665218308568,lag_off=-6.0,confirmed=False
2026-04-24T17:25:51.314522,AUTOCORR_SAMPLE,Per-buffer autocorr result,freq=781831501.8315018,peak=0.061750752851367,peak2=0.1068712417036295,lag_off=-5.0,confirmed=False
2026-04-24T17:25:51.315218,AUTOCORR_SAMPLE,Per-buffer autocorr result,freq=781831501.8315018,peak=0.15489191934466362,peak2=0.08029257133603096,lag_off=-5.0,confirmed=False
2026-04-24T17:25:51.318125,AUTOCORR_SAMPLE,Per-buffer autocorr result,freq=781831501.8315018,peak=0.05715454090386629,peak2=0.05694802198559046,lag_off=-2.0,confirmed=False
2026-04-24T17:25:51.320920,AUTOCORR_SAMPLE,Per-buffer autocorr result,freq=781831501.8315018,peak=0.1695629470050335,peak2=0.07571443915367126,lag_off=0.0,confirmed=False
2026-04-24T17:25:51.321873,AUTOCORR_SAMPLE,Per-buffer autocorr result,freq=781831501.8315018,peak=0.03721192665398121,peak2=0.03494204394519329,lag_off=6.0,confirmed=False
2026-04-24T17:25:51.323792,AUTOCORR_RESULT,autocorr classification,freq=781831501.8315018,votes=1,total=10,score=0.1,confirmed=False
2026-04-24T17:25:51.567482,AUTOCORR_SAMPLE,Per-buffer autocorr result,freq=939670329.6703297,peak=0.1547994010616094,peak2=0.015312481904402375,lag_off=-5.0,confirmed=False
2026-04-24T17:25:51.572900,AUTOCORR_SAMPLE,Per-buffer autocorr result,freq=939670329.6703297,peak=-0.08062972128391266,peak2=-0.1580568291246891,lag_off=-2.0,confirmed=False
2026-04-24T17:25:51.577737,AUTOCORR_SAMPLE,Per-buffer autocorr result,freq=939670329.6703297,peak=0.10866368561983109,peak2=0.11563511192798615,lag_off=-1.0,confirmed=False
2026-04-24T17:25:51.578521,AUTOCORR_SAMPLE,Per-buffer autocorr result,freq=939670329.6703297,peak=0.05098074767738581,peak2=0.040969871915876865,lag_off=1.0,confirmed=False
2026-04-24T17:25:51.579270,AUTOCORR_SAMPLE,Per-buffer autocorr result,freq=939670329.6703297,peak=0.12443610187619925,peak2=0.04277907218784094,lag_off=-3.0,confirmed=False
2026-04-24T17:25:51.583512,AUTOCORR_SAMPLE,Per-buffer autocorr result,freq=939670329.6703297,peak=0.12088380940258503,peak2=0.035552071407437325,lag_off=-4.0,confirmed=False
2026-04-24T17:25:51.587956,AUTOCORR_SAMPLE,Per-buffer autocorr result,freq=939670329.6703297,peak=-0.37669597938656807,peak2=-0.7018540799617767,lag_off=-6.0,confirmed=False
2026-04-24T17:25:51.589020,AUTOCORR_SAMPLE,Per-buffer autocorr result,freq=939670329.6703297,peak=0.05544888973236084,peak2=0.11051859706640244,lag_off=0.0,confirmed=False
2026-04-24T17:25:51.592959,AUTOCORR_SAMPLE,Per-buffer autocorr result,freq=939670329.6703297,peak=0.09508652286604047,peak2=0.10732353525236249,lag_off=-4.0,confirmed=False
2026-04-24T17:25:51.597073,AUTOCORR_SAMPLE,Per-buffer autocorr result,freq=939670329.6703297,peak=0.007022194564342499,peak2=0.10504165664315224,lag_off=-3.0,confirmed=False
2026-04-24T17:25:51.597164,AUTOCORR_RESULT,autocorr classification,freq=939670329.6703297,votes=0,total=10,score=0.0,confirmed=False
2026-04-24T17:25:51.613321,AUTOCORR_SAMPLE,Per-buffer autocorr result,freq=959455433.4554335,peak=-0.08062972128391266,peak2=-0.1580568291246891,lag_off=-2.0,confirmed=False
2026-04-24T17:25:51.615988,AUTOCORR_SAMPLE,Per-buffer autocorr result,freq=959455433.4554335,peak=0.03962592384777963,peak2=0.05330262682400644,lag_off=3.0,confirmed=False
2026-04-24T17:25:51.616810,AUTOCORR_SAMPLE,Per-buffer autocorr result,freq=959455433.4554335,peak=-0.2105923369526863,peak2=-0.15329963341355324,lag_off=4.0,confirmed=False
2026-04-24T17:25:51.617620,AUTOCORR_SAMPLE,Per-buffer autocorr result,freq=959455433.4554335,peak=-0.006835907697677612,peak2=-0.12827586755156517,lag_off=-4.0,confirmed=False
2026-04-24T17:25:51.621078,AUTOCORR_SAMPLE,Per-buffer autocorr result,freq=959455433.4554335,peak=-0.01240852102637291,peak2=-0.055677447468042374,lag_off=1.0,confirmed=False
2026-04-24T17:25:51.621815,AUTOCORR_SAMPLE,Per-buffer autocorr result,freq=959455433.4554335,peak=-0.012371890246868134,peak2=-0.22858788818120956,lag_off=4.0,confirmed=False
2026-04-24T17:25:51.624553,AUTOCORR_SAMPLE,Per-buffer autocorr result,freq=959455433.4554335,peak=0.11645611189305782,peak2=0.07156495563685894,lag_off=-5.0,confirmed=False
2026-04-24T17:25:51.625259,AUTOCORR_SAMPLE,Per-buffer autocorr result,freq=959455433.4554335,peak=0.02874376578256488,peak2=0.038928577210754156,lag_off=-3.0,confirmed=False
2026-04-24T17:25:51.628077,AUTOCORR_SAMPLE,Per-buffer autocorr result,freq=959455433.4554335,peak=-0.008507421240210533,peak2=0.039772200398147106,lag_off=-2.0,confirmed=False
2026-04-24T17:25:51.630833,AUTOCORR_SAMPLE,Per-buffer autocorr result,freq=959455433.4554335,peak=-0.10239960625767708,peak2=-0.2329716756939888,lag_off=-3.0,confirmed=False
2026-04-24T17:25:51.630944,AUTOCORR_RESULT,autocorr classification,freq=959455433.4554335,votes=0,total=10,score=0.0,confirmed=False
2026-04-24T17:25:53.052111,AUTOCORR_SAMPLE,Per-buffer autocorr result,freq=1807792429.7924297,peak=0.269092780072242,peak2=0.013963727746158838,lag_off=5.0,confirmed=False
2026-04-24T17:25:53.073462,AUTOCORR_SAMPLE,Per-buffer autocorr result,freq=1807792429.7924297,peak=0.06731379870325327,peak2=0.051943459548056126,lag_off=-6.0,confirmed=False
2026-04-24T17:25:53.087922,AUTOCORR_SAMPLE,Per-buffer autocorr result,freq=1807792429.7924297,peak=0.08342473767697811,peak2=0.0671881940215826,lag_off=4.0,confirmed=False
2026-04-24T17:25:53.088703,AUTOCORR_SAMPLE,Per-buffer autocorr result,freq=1807792429.7924297,peak=0.1251560216769576,peak2=0.12724222149699926,lag_off=-1.0,confirmed=False
2026-04-24T17:25:53.124353,AUTOCORR_SAMPLE,Per-buffer autocorr result,freq=1807792429.7924297,peak=-0.2767545422539115,peak2=-0.4599817097187042,lag_off=-6.0,confirmed=False
2026-04-24T17:25:53.125462,AUTOCORR_SAMPLE,Per-buffer autocorr result,freq=1807792429.7924297,peak=0.09410358569584787,peak2=0.0669317205902189,lag_off=-1.0,confirmed=False
2026-04-24T17:25:53.161666,AUTOCORR_SAMPLE,Per-buffer autocorr result,freq=1807792429.7924297,peak=-0.03607299644500017,peak2=0.037574417889118195,lag_off=-4.0,confirmed=False
2026-04-24T17:25:53.162653,AUTOCORR_SAMPLE,Per-buffer autocorr result,freq=1807792429.7924297,peak=0.1437048763036728,peak2=0.06301401555538177,lag_off=2.0,confirmed=False
2026-04-24T17:25:53.197462,AUTOCORR_SAMPLE,Per-buffer autocorr result,freq=1807792429.7924297,peak=0.04541534651070833,peak2=0.06981371436268091,lag_off=-4.0,confirmed=False
2026-04-24T17:25:53.198369,AUTOCORR_SAMPLE,Per-buffer autocorr result,freq=1807792429.7924297,peak=0.11990795424208045,peak2=0.10787609359249473,lag_off=-4.0,confirmed=False
2026-04-24T17:25:53.198471,AUTOCORR_RESULT,autocorr classification,freq=1807792429.7924297,votes=0,total=10,score=0.0,confirmed=False
2026-04-24T17:25:53.286002,AUTOCORR_SAMPLE,Per-buffer autocorr result,freq=1827851037.8510377,peak=0.06731379870325327,peak2=0.051943459548056126,lag_off=-6.0,confirmed=False
2026-04-24T17:25:53.289288,AUTOCORR_SAMPLE,Per-buffer autocorr result,freq=1827851037.8510377,peak=0.06969342543743551,peak2=0.050865949830040336,lag_off=-2.0,confirmed=False
2026-04-24T17:25:53.290172,AUTOCORR_SAMPLE,Per-buffer autocorr result,freq=1827851037.8510377,peak=-0.10484632477164268,peak2=-0.20163370668888092,lag_off=-5.0,confirmed=False
2026-04-24T17:25:53.293652,AUTOCORR_SAMPLE,Per-buffer autocorr result,freq=1827851037.8510377,peak=0.06672114005777985,peak2=0.11904205253813416,lag_off=-2.0,confirmed=False
2026-04-24T17:25:53.297073,AUTOCORR_SAMPLE,Per-buffer autocorr result,freq=1827851037.8510377,peak=0.039141684770584106,peak2=-0.11162220686674118,lag_off=-5.0,confirmed=False
2026-04-24T17:25:53.297887,AUTOCORR_SAMPLE,Per-buffer autocorr result,freq=1827851037.8510377,peak=0.06761247385293245,peak2=0.07436779607087374,lag_off=-2.0,confirmed=False
2026-04-24T17:25:53.301756,AUTOCORR_SAMPLE,Per-buffer autocorr result,freq=1827851037.8510377,peak=0.14888473507016897,peak2=0.10331617947667837,lag_off=-3.0,confirmed=False
2026-04-24T17:25:53.302492,AUTOCORR_SAMPLE,Per-buffer autocorr result,freq=1827851037.8510377,peak=0.0509852435789071,peak2=0.030166341399308294,lag_off=-1.0,confirmed=False
2026-04-24T17:25:53.308051,AUTOCORR_SAMPLE,Per-buffer autocorr result,freq=1827851037.8510377,peak=0.0805322639644146,peak2=0.06465914472937584,lag_off=5.0,confirmed=False
2026-04-24T17:25:53.308980,AUTOCORR_SAMPLE,Per-buffer autocorr result,freq=1827851037.8510377,peak=0.013514798134565353,peak2=0.032002922147512436,lag_off=1.0,confirmed=False
2026-04-24T17:25:53.309087,AUTOCORR_RESULT,autocorr classification,freq=1827851037.8510377,votes=0,total=10,score=0.0,confirmed=False
2026-04-24T17:25:53.343664,AUTOCORR_SAMPLE,Per-buffer autocorr result,freq=1847201465.2014651,peak=0.06969342543743551,peak2=0.050865949830040336,lag_off=-2.0,confirmed=False
2026-04-24T17:25:53.344335,AUTOCORR_SAMPLE,Per-buffer autocorr result,freq=1847201465.2014651,peak=-0.12914901599287987,peak2=-0.14728547539561987,lag_off=-3.0,confirmed=False
2026-04-24T17:25:53.348426,AUTOCORR_SAMPLE,Per-buffer autocorr result,freq=1847201465.2014651,peak=-0.026044590398669243,peak2=-0.0011127553880214691,lag_off=3.0,confirmed=False
2026-04-24T17:25:53.349149,AUTOCORR_SAMPLE,Per-buffer autocorr result,freq=1847201465.2014651,peak=-0.06290044728666544,peak2=-0.11058640107512474,lag_off=-3.0,confirmed=False
2026-04-24T17:25:53.352527,AUTOCORR_SAMPLE,Per-buffer autocorr result,freq=1847201465.2014651,peak=-0.002293112687766552,peak2=-0.028807460330426693,lag_off=-4.0,confirmed=False
2026-04-24T17:25:53.353199,AUTOCORR_SAMPLE,Per-buffer autocorr result,freq=1847201465.2014651,peak=-0.011583710089325905,peak2=-0.04131130874156952,lag_off=-6.0,confirmed=False
2026-04-24T17:25:53.356789,AUTOCORR_SAMPLE,Per-buffer autocorr result,freq=1847201465.2014651,peak=0.12911869771778584,peak2=0.07071500457823277,lag_off=-6.0,confirmed=False
2026-04-24T17:25:53.357641,AUTOCORR_SAMPLE,Per-buffer autocorr result,freq=1847201465.2014651,peak=0.0852144506352488,peak2=0.06914224443607964,lag_off=2.0,confirmed=False
2026-04-24T17:25:53.360970,AUTOCORR_SAMPLE,Per-buffer autocorr result,freq=1847201465.2014651,peak=0.031134864315390587,peak2=-0.11606785096228123,lag_off=3.0,confirmed=False
2026-04-24T17:25:53.365090,AUTOCORR_SAMPLE,Per-buffer autocorr result,freq=1847201465.2014651,peak=0.0009155310690402985,peak2=0.11900565214455128,lag_off=-2.0,confirmed=False
2026-04-24T17:25:53.365170,AUTOCORR_RESULT,autocorr classification,freq=1847201465.2014651,votes=0,total=10,score=0.0,confirmed=False
2026-04-24T17:25:53.386264,AUTOCORR_SAMPLE,Per-buffer autocorr result,freq=1854947496.947497,peak=-0.12914901599287987,peak2=-0.14728547539561987,lag_off=-3.0,confirmed=False
2026-04-24T17:25:53.389748,AUTOCORR_SAMPLE,Per-buffer autocorr result,freq=1854947496.947497,peak=0.08987897355109453,peak2=0.03994248155504465,lag_off=-3.0,confirmed=False
2026-04-24T17:25:53.390579,AUTOCORR_SAMPLE,Per-buffer autocorr result,freq=1854947496.947497,peak=0.04648786224424839,peak2=0.048789987340569496,lag_off=-3.0,confirmed=False
2026-04-24T17:25:53.393752,AUTOCORR_SAMPLE,Per-buffer autocorr result,freq=1854947496.947497,peak=-0.15608163177967072,peak2=-0.3374610170722008,lag_off=-2.0,confirmed=False
2026-04-24T17:25:53.397144,AUTOCORR_SAMPLE,Per-buffer autocorr result,freq=1854947496.947497,peak=0.1185532882809639,peak2=0.07415813207626343,lag_off=6.0,confirmed=False
2026-04-24T17:25:53.397857,AUTOCORR_SAMPLE,Per-buffer autocorr result,freq=1854947496.947497,peak=-0.022557377815246582,peak2=-0.09221508167684078,lag_off=2.0,confirmed=False
2026-04-24T17:25:53.402130,AUTOCORR_SAMPLE,Per-buffer autocorr result,freq=1854947496.947497,peak=0.11292613763362169,peak2=0.10224671382457018,lag_off=0.0,confirmed=False
2026-04-24T17:25:53.406530,AUTOCORR_SAMPLE,Per-buffer autocorr result,freq=1854947496.947497,peak=0.012688755989074707,peak2=-0.2116650715470314,lag_off=1.0,confirmed=False
2026-04-24T17:25:53.411017,AUTOCORR_SAMPLE,Per-buffer autocorr result,freq=1854947496.947497,peak=-0.15599125903099775,peak2=-0.22634294629096985,lag_off=-6.0,confirmed=False
2026-04-24T17:25:53.411750,AUTOCORR_SAMPLE,Per-buffer autocorr result,freq=1854947496.947497,peak=0.0780783612281084,peak2=0.01154492236673832,lag_off=-6.0,confirmed=False
2026-04-24T17:25:53.411819,AUTOCORR_RESULT,autocorr classification,freq=1854947496.947497,votes=0,total=10,score=0.0,confirmed=False
2026-04-24T17:25:53.434064,AUTOCORR_SAMPLE,Per-buffer autocorr result,freq=1875401709.4017093,peak=0.0351615808904171,peak2=-0.01941204071044922,lag_off=4.0,confirmed=False
2026-04-24T17:25:53.434935,AUTOCORR_SAMPLE,Per-buffer autocorr result,freq=1875401709.4017093,peak=-0.16766341030597687,peak2=-0.34758879989385605,lag_off=-2.0,confirmed=False
2026-04-24T17:25:53.438904,AUTOCORR_SAMPLE,Per-buffer autocorr result,freq=1875401709.4017093,peak=-0.07720960676670074,peak2=-0.3382589817047119,lag_off=-2.0,confirmed=False
2026-04-24T17:25:53.439751,AUTOCORR_SAMPLE,Per-buffer autocorr result,freq=1875401709.4017093,peak=-0.012459591031074524,peak2=-0.18073862046003342,lag_off=5.0,confirmed=False
2026-04-24T17:25:53.443389,AUTOCORR_SAMPLE,Per-buffer autocorr result,freq=1875401709.4017093,peak=-0.0897948145866394,peak2=-0.25337400287389755,lag_off=-6.0,confirmed=False
2026-04-24T17:25:53.444087,AUTOCORR_SAMPLE,Per-buffer autocorr result,freq=1875401709.4017093,peak=0.07150806114077568,peak2=0.03831915929913521,lag_off=1.0,confirmed=False
2026-04-24T17:25:53.447919,AUTOCORR_SAMPLE,Per-buffer autocorr result,freq=1875401709.4017093,peak=0.10605046525597572,peak2=0.007252052426338196,lag_off=-2.0,confirmed=False
2026-04-24T17:25:53.448594,AUTOCORR_SAMPLE,Per-buffer autocorr result,freq=1875401709.4017093,peak=0.00018292665481567383,peak2=-0.16075431928038597,lag_off=4.0,confirmed=False
2026-04-24T17:25:53.452518,AUTOCORR_SAMPLE,Per-buffer autocorr result,freq=1875401709.4017093,peak=0.006710991263389587,peak2=-0.17441268637776375,lag_off=-6.0,confirmed=False
2026-04-24T17:25:53.456231,AUTOCORR_SAMPLE,Per-buffer autocorr result,freq=1875401709.4017093,peak=-0.01477774977684021,peak2=-0.21228493750095367,lag_off=-4.0,confirmed=False
2026-04-24T17:25:53.456293,AUTOCORR_RESULT,autocorr classification,freq=1875401709.4017093,votes=0,total=10,score=0.0,confirmed=False
2026-04-24T17:25:53.469769,AUTOCORR_SAMPLE,Per-buffer autocorr result,freq=1895367521.3675213,peak=-0.16766341030597687,peak2=-0.34758879989385605,lag_off=-2.0,confirmed=False
2026-04-24T17:25:53.472830,AUTOCORR_SAMPLE,Per-buffer autocorr result,freq=1895367521.3675213,peak=0.03713436459656805,peak2=0.01425269281025976,lag_off=-6.0,confirmed=False
2026-04-24T17:25:53.473727,AUTOCORR_SAMPLE,Per-buffer autocorr result,freq=1895367521.3675213,peak=0.07148435059934855,peak2=0.03424378391355276,lag_off=5.0,confirmed=False
2026-04-24T17:25:53.476114,AUTOCORR_SAMPLE,Per-buffer autocorr result,freq=1895367521.3675213,peak=0.05894280085340142,peak2=0.01662045205011964,lag_off=0.0,confirmed=False
2026-04-24T17:25:53.476880,AUTOCORR_SAMPLE,Per-buffer autocorr result,freq=1895367521.3675213,peak=0.11956212669610977,peak2=0.03768802061676979,lag_off=5.0,confirmed=False
2026-04-24T17:25:53.479172,AUTOCORR_SAMPLE,Per-buffer autocorr result,freq=1895367521.3675213,peak=0.022363881347700953,peak2=0.022940120426937938,lag_off=-5.0,confirmed=False
2026-04-24T17:25:53.479947,AUTOCORR_SAMPLE,Per-buffer autocorr result,freq=1895367521.3675213,peak=0.13201900431886315,peak2=0.10573577741160989,lag_off=5.0,confirmed=False
2026-04-24T17:25:53.480802,AUTOCORR_SAMPLE,Per-buffer autocorr result,freq=1895367521.3675213,peak=0.09452577773481607,peak2=0.10154684726148844,lag_off=1.0,confirmed=False
2026-04-24T17:25:53.483729,AUTOCORR_SAMPLE,Per-buffer autocorr result,freq=1895367521.3675213,peak=0.08877597469836473,peak2=0.016506832093000412,lag_off=-1.0,confirmed=False
2026-04-24T17:25:53.486464,AUTOCORR_SAMPLE,Per-buffer autocorr result,freq=1895367521.3675213,peak=0.13918899395503104,peak2=0.1069305355194956,lag_off=6.0,confirmed=False
2026-04-24T17:25:53.486650,AUTOCORR_RESULT,autocorr classification,freq=1895367521.3675213,votes=0,total=10,score=0.0,confirmed=False
2026-04-24T17:25:53.939973,AUTOCORR_SAMPLE,Per-buffer autocorr result,freq=2112852258.852259,peak=0.08719420339912176,peak2=0.04045079182833433,lag_off=5.0,confirmed=False
2026-04-24T17:25:53.955765,AUTOCORR_SAMPLE,Per-buffer autocorr result,freq=2112852258.852259,peak=0.11756211332976818,peak2=0.041558077558875084,lag_off=5.0,confirmed=False
2026-04-24T17:25:53.961939,AUTOCORR_SAMPLE,Per-buffer autocorr result,freq=2112852258.852259,peak=0.14612537767970935,peak2=0.07753671106183901,lag_off=5.0,confirmed=False
2026-04-24T17:25:53.972320,AUTOCORR_SAMPLE,Per-buffer autocorr result,freq=2112852258.852259,peak=0.11841213842853904,peak2=0.0640643103979528,lag_off=-6.0,confirmed=False
2026-04-24T17:25:53.973641,AUTOCORR_SAMPLE,Per-buffer autocorr result,freq=2112852258.852259,peak=0.043570294976234436,peak2=0.09787268936634064,lag_off=5.0,confirmed=False
2026-04-24T17:25:53.974629,AUTOCORR_SAMPLE,Per-buffer autocorr result,freq=2112852258.852259,peak=0.0352848949842155,peak2=0.08048714278265834,lag_off=6.0,confirmed=False
2026-04-24T17:25:53.980427,AUTOCORR_SAMPLE,Per-buffer autocorr result,freq=2112852258.852259,peak=0.14391725149471313,peak2=0.06159196433145553,lag_off=-2.0,confirmed=False
2026-04-24T17:25:53.994923,AUTOCORR_SAMPLE,Per-buffer autocorr result,freq=2112852258.852259,peak=0.137586141936481,peak2=0.09326485078781843,lag_off=-3.0,confirmed=False
2026-04-24T17:25:53.999987,AUTOCORR_SAMPLE,Per-buffer autocorr result,freq=2112852258.852259,peak=0.07352339546196163,peak2=0.06564262579195201,lag_off=4.0,confirmed=False
2026-04-24T17:25:54.000887,AUTOCORR_SAMPLE,Per-buffer autocorr result,freq=2112852258.852259,peak=0.07606009440496564,peak2=0.057013284880667925,lag_off=1.0,confirmed=False
2026-04-24T17:25:54.000979,AUTOCORR_RESULT,autocorr classification,freq=2112852258.852259,votes=0,total=10,score=0.0,confirmed=False
2026-04-24T17:25:54.055112,AUTOCORR_SAMPLE,Per-buffer autocorr result,freq=2137533577.5335774,peak=0.11756211332976818,peak2=0.041558077558875084,lag_off=5.0,confirmed=False
2026-04-24T17:25:54.063602,AUTOCORR_SAMPLE,Per-buffer autocorr result,freq=2137533577.5335774,peak=-0.1398344673216343,peak2=-0.28184597939252853,lag_off=3.0,confirmed=False
2026-04-24T17:25:54.064429,AUTOCORR_SAMPLE,Per-buffer autocorr result,freq=2137533577.5335774,peak=0.025817926973104477,peak2=-0.08187285810709,lag_off=-6.0,confirmed=False
2026-04-24T17:25:54.076127,AUTOCORR_SAMPLE,Per-buffer autocorr result,freq=2137533577.5335774,peak=0.07089247554540634,peak2=-0.18266251683235168,lag_off=2.0,confirmed=False
2026-04-24T17:25:54.083197,AUTOCORR_SAMPLE,Per-buffer autocorr result,freq=2137533577.5335774,peak=0.06708650663495064,peak2=-0.041066755540668964,lag_off=-3.0,confirmed=False
2026-04-24T17:25:54.084036,AUTOCORR_SAMPLE,Per-buffer autocorr result,freq=2137533577.5335774,peak=0.11351623758673668,peak2=-0.10844841971993446,lag_off=-3.0,confirmed=False
2026-04-24T17:25:54.090710,AUTOCORR_SAMPLE,Per-buffer autocorr result,freq=2137533577.5335774,peak=0.05885348469018936,peak2=-0.09751249384135008,lag_off=4.0,confirmed=False
2026-04-24T17:25:54.091572,AUTOCORR_SAMPLE,Per-buffer autocorr result,freq=2137533577.5335774,peak=0.27406178414821625,peak2=0.16738997399806976,lag_off=1.0,confirmed=False
2026-04-24T17:25:54.097386,AUTOCORR_SAMPLE,Per-buffer autocorr result,freq=2137533577.5335774,peak=0.2523401081562042,peak2=0.2873240113258362,lag_off=3.0,confirmed=False
2026-04-24T17:25:54.102308,AUTOCORR_SAMPLE,Per-buffer autocorr result,freq=2137533577.5335774,peak=-0.029568705707788467,peak2=-0.14358346164226532,lag_off=1.0,confirmed=False
2026-04-24T17:25:54.102397,AUTOCORR_RESULT,autocorr classification,freq=2137533577.5335774,votes=0,total=10,score=0.0,confirmed=False
2026-04-24T17:25:54.118693,AUTOCORR_SAMPLE,Per-buffer autocorr result,freq=2163101343.101343,peak=0.11351623758673668,peak2=-0.10844841971993446,lag_off=-3.0,confirmed=False
2026-04-24T17:25:54.119510,AUTOCORR_SAMPLE,Per-buffer autocorr result,freq=2163101343.101343,peak=0.09277000231668353,peak2=0.07155554695054889,lag_off=2.0,confirmed=False
2026-04-24T17:25:54.123011,AUTOCORR_SAMPLE,Per-buffer autocorr result,freq=2163101343.101343,peak=0.12692237459123135,peak2=0.12835629098117352,lag_off=-3.0,confirmed=False
2026-04-24T17:25:54.125922,AUTOCORR_SAMPLE,Per-buffer autocorr result,freq=2163101343.101343,peak=0.12267664447426796,peak2=0.1095735915005207,lag_off=2.0,confirmed=False
2026-04-24T17:25:54.126584,AUTOCORR_SAMPLE,Per-buffer autocorr result,freq=2163101343.101343,peak=0.11578381713479757,peak2=0.08722647186368704,lag_off=-2.0,confirmed=False
2026-04-24T17:25:54.129671,AUTOCORR_SAMPLE,Per-buffer autocorr result,freq=2163101343.101343,peak=0.06282721739262342,peak2=0.07315721642225981,lag_off=-3.0,confirmed=False
2026-04-24T17:25:54.140321,AUTOCORR_SAMPLE,Per-buffer autocorr result,freq=2163101343.101343,peak=0.09279666561633348,peak2=0.09193762112408876,lag_off=-1.0,confirmed=False
2026-04-24T17:25:54.141351,AUTOCORR_SAMPLE,Per-buffer autocorr result,freq=2163101343.101343,peak=0.10916952136904001,peak2=0.06726496014744043,lag_off=6.0,confirmed=False
2026-04-24T17:25:54.155902,AUTOCORR_SAMPLE,Per-buffer autocorr result,freq=2163101343.101343,peak=0.15930871665477753,peak2=0.06423582136631012,lag_off=-5.0,confirmed=False
2026-04-24T17:25:54.156909,AUTOCORR_SAMPLE,Per-buffer autocorr result,freq=2163101343.101343,peak=0.12734417244791985,peak2=-0.008515911176800728,lag_off=2.0,confirmed=False
2026-04-24T17:25:54.157012,AUTOCORR_RESULT,autocorr classification,freq=2163101343.101343,votes=0,total=10,score=0.0,confirmed=False
2026-04-24T17:25:54.339800,AUTOCORR_SAMPLE,Per-buffer autocorr result,freq=2186315018.3150187,peak=0.09277000231668353,peak2=0.07155554695054889,lag_off=2.0,confirmed=False
2026-04-24T17:25:54.366747,AUTOCORR_SAMPLE,Per-buffer autocorr result,freq=2186315018.3150187,peak=0.10552934999577701,peak2=0.05855339462868869,lag_off=4.0,confirmed=False
2026-04-24T17:25:54.373329,AUTOCORR_SAMPLE,Per-buffer autocorr result,freq=2186315018.3150187,peak=0.0496824118308723,peak2=0.11119669629260898,lag_off=2.0,confirmed=False
2026-04-24T17:25:54.389428,AUTOCORR_SAMPLE,Per-buffer autocorr result,freq=2186315018.3150187,peak=-0.06144505925476551,peak2=0.09079516120254993,lag_off=1.0,confirmed=False
2026-04-24T17:25:54.420259,AUTOCORR_SAMPLE,Per-buffer autocorr result,freq=2186315018.3150187,peak=0.1401516618207097,peak2=0.025864248163998127,lag_off=0.0,confirmed=False
2026-04-24T17:25:54.433962,AUTOCORR_SAMPLE,Per-buffer autocorr result,freq=2186315018.3150187,peak=0.06718119140714407,peak2=0.10828766878694296,lag_off=0.0,confirmed=False
2026-04-24T17:25:54.450348,AUTOCORR_SAMPLE,Per-buffer autocorr result,freq=2186315018.3150187,peak=0.03900092327967286,peak2=0.1013797321356833,lag_off=2.0,confirmed=False
2026-04-24T17:25:54.456030,AUTOCORR_SAMPLE,Per-buffer autocorr result,freq=2186315018.3150187,peak=0.042028904892504215,peak2=0.09187564719468355,lag_off=-1.0,confirmed=False
2026-04-24T17:25:54.470165,AUTOCORR_SAMPLE,Per-buffer autocorr result,freq=2186315018.3150187,peak=0.12671078275889158,peak2=0.08351741265505552,lag_off=-5.0,confirmed=False
2026-04-24T17:25:54.484090,AUTOCORR_SAMPLE,Per-buffer autocorr result,freq=2186315018.3150187,peak=0.13934678048826754,peak2=0.1431310793850571,lag_off=2.0,confirmed=False
2026-04-24T17:25:54.484402,AUTOCORR_RESULT,autocorr classification,freq=2186315018.3150187,votes=0,total=10,score=0.0,confirmed=False
2026-04-24T17:25:54.505869,AUTOCORR_SAMPLE,Per-buffer autocorr result,freq=2207001221.001221,peak=0.03770249895751476,peak2=0.04160706140100956,lag_off=0.0,confirmed=False
2026-04-24T17:25:54.506649,AUTOCORR_SAMPLE,Per-buffer autocorr result,freq=2207001221.001221,peak=0.1273200260475278,peak2=0.12127490807324648,lag_off=-1.0,confirmed=False
2026-04-24T17:25:54.509409,AUTOCORR_SAMPLE,Per-buffer autocorr result,freq=2207001221.001221,peak=0.10903848777525127,peak2=0.1055148325394839,lag_off=-3.0,confirmed=False
2026-04-24T17:25:54.511784,AUTOCORR_SAMPLE,Per-buffer autocorr result,freq=2207001221.001221,peak=0.10347208008170128,peak2=0.050002846866846085,lag_off=2.0,confirmed=False
2026-04-24T17:25:54.512513,AUTOCORR_SAMPLE,Per-buffer autocorr result,freq=2207001221.001221,peak=0.14175606984645128,peak2=0.08725168276578188,lag_off=-5.0,confirmed=False
2026-04-24T17:25:54.513121,AUTOCORR_SAMPLE,Per-buffer autocorr result,freq=2207001221.001221,peak=0.046366585651412606,peak2=0.028760265791788697,lag_off=0.0,confirmed=False
2026-04-24T17:25:54.515603,AUTOCORR_SAMPLE,Per-buffer autocorr result,freq=2207001221.001221,peak=0.08408693870296702,peak2=0.06400218507042155,lag_off=1.0,confirmed=False
2026-04-24T17:25:54.516335,AUTOCORR_SAMPLE,Per-buffer autocorr result,freq=2207001221.001221,peak=0.08611854072660208,peak2=0.07686912920325994,lag_off=2.0,confirmed=False
2026-04-24T17:25:54.519191,AUTOCORR_SAMPLE,Per-buffer autocorr result,freq=2207001221.001221,peak=0.09613443887792528,peak2=0.06675446755252779,lag_off=4.0,confirmed=False
2026-04-24T17:25:54.521794,AUTOCORR_SAMPLE,Per-buffer autocorr result,freq=2207001221.001221,peak=0.11269435379654169,peak2=0.07748689595609903,lag_off=3.0,confirmed=False
2026-04-24T17:25:54.521854,AUTOCORR_RESULT,autocorr classification,freq=2207001221.001221,votes=0,total=10,score=0.0,confirmed=False
2026-04-24T17:25:54.896155,AUTOCORR_SAMPLE,Per-buffer autocorr result,freq=2465350427.350427,peak=-0.49303908832371235,peak2=-0.7855640053749084,lag_off=-6.0,confirmed=False
2026-04-24T17:25:54.899398,AUTOCORR_SAMPLE,Per-buffer autocorr result,freq=2465350427.350427,peak=0.0794149823486805,peak2=-0.0217062346637249,lag_off=-2.0,confirmed=False
2026-04-24T17:25:54.900379,AUTOCORR_SAMPLE,Per-buffer autocorr result,freq=2465350427.350427,peak=0.07903549820184708,peak2=0.048847634345293045,lag_off=6.0,confirmed=False
2026-04-24T17:25:54.903912,AUTOCORR_SAMPLE,Per-buffer autocorr result,freq=2465350427.350427,peak=0.11135744117200375,peak2=0.08178900741040707,lag_off=6.0,confirmed=False
2026-04-24T17:25:54.907511,AUTOCORR_SAMPLE,Per-buffer autocorr result,freq=2465350427.350427,peak=0.16388522274792194,peak2=0.1000047791749239,lag_off=-3.0,confirmed=False
2026-04-24T17:25:54.908341,AUTOCORR_SAMPLE,Per-buffer autocorr result,freq=2465350427.350427,peak=0.08228786778636277,peak2=0.08713535708375275,lag_off=-6.0,confirmed=False
2026-04-24T17:25:54.911548,AUTOCORR_SAMPLE,Per-buffer autocorr result,freq=2465350427.350427,peak=0.10677111055701971,peak2=0.061579457484185696,lag_off=6.0,confirmed=False
2026-04-24T17:25:54.914559,AUTOCORR_SAMPLE,Per-buffer autocorr result,freq=2465350427.350427,peak=0.14779988443478942,peak2=0.06538936635479331,lag_off=-1.0,confirmed=False
2026-04-24T17:25:54.915482,AUTOCORR_SAMPLE,Per-buffer autocorr result,freq=2465350427.350427,peak=0.08153411094099283,peak2=0.10328558925539255,lag_off=3.0,confirmed=False
2026-04-24T17:25:54.920473,AUTOCORR_SAMPLE,Per-buffer autocorr result,freq=2465350427.350427,peak=0.04820776032283902,peak2=0.07784721674397588,lag_off=-6.0,confirmed=False
2026-04-24T17:25:54.920675,AUTOCORR_RESULT,autocorr classification,freq=2465350427.350427,votes=0,total=10,score=0.0,confirmed=False
2026-04-24T17:25:54.986058,AUTOCORR_SAMPLE,Per-buffer autocorr result,freq=2487262515.262515,peak=0.05736338841961697,peak2=0.0652344127302058,lag_off=-6.0,confirmed=False
2026-04-24T17:25:54.988866,AUTOCORR_SAMPLE,Per-buffer autocorr result,freq=2487262515.262515,peak=0.10689045453909785,peak2=0.19004289770964533,lag_off=-4.0,confirmed=False
2026-04-24T17:25:54.989922,AUTOCORR_SAMPLE,Per-buffer autocorr result,freq=2487262515.262515,peak=0.08704145019873977,peak2=0.07275657122954726,lag_off=3.0,confirmed=False
2026-04-24T17:25:54.992423,AUTOCORR_SAMPLE,Per-buffer autocorr result,freq=2487262515.262515,peak=0.13071274431422353,peak2=0.03757973434403539,lag_off=-5.0,confirmed=False
2026-04-24T17:25:54.993311,AUTOCORR_SAMPLE,Per-buffer autocorr result,freq=2487262515.262515,peak=-0.006077244877815247,peak2=-0.02940051071345806,lag_off=-4.0,confirmed=False
2026-04-24T17:25:54.995807,AUTOCORR_SAMPLE,Per-buffer autocorr result,freq=2487262515.262515,peak=0.07340068090707064,peak2=0.08979495335370302,lag_off=-3.0,confirmed=False
2026-04-24T17:25:54.996519,AUTOCORR_SAMPLE,Per-buffer autocorr result,freq=2487262515.262515,peak=0.16571078728884459,peak2=0.07055139448493719,lag_off=-5.0,confirmed=False
2026-04-24T17:25:54.999120,AUTOCORR_SAMPLE,Per-buffer autocorr result,freq=2487262515.262515,peak=0.05533080734312534,peak2=0.02997211180627346,lag_off=-4.0,confirmed=False
2026-04-24T17:25:55.001899,AUTOCORR_SAMPLE,Per-buffer autocorr result,freq=2487262515.262515,peak=0.13521242327988148,peak2=0.04595044068992138,lag_off=-2.0,confirmed=False
2026-04-24T17:25:55.002946,AUTOCORR_SAMPLE,Per-buffer autocorr result,freq=2487262515.262515,peak=-0.3489202558994293,peak2=-0.39354638010263443,lag_off=-6.0,confirmed=False
2026-04-24T17:25:55.003058,AUTOCORR_RESULT,autocorr classification,freq=2487262515.262515,votes=0,total=10,score=0.0,confirmed=False
2026-04-24T17:25:55.227855,AUTOCORR_SAMPLE,Per-buffer autocorr result,freq=2612266178.266178,peak=0.12392416084185243,peak2=0.07742686802521348,lag_off=-5.0,confirmed=False
2026-04-24T17:25:55.238963,AUTOCORR_SAMPLE,Per-buffer autocorr result,freq=2612266178.266178,peak=0.10380192752927542,peak2=0.052866953425109386,lag_off=6.0,confirmed=False
2026-04-24T17:25:55.247466,AUTOCORR_SAMPLE,Per-buffer autocorr result,freq=2612266178.266178,peak=0.14627512311562896,peak2=0.09866580879315734,lag_off=6.0,confirmed=False
2026-04-24T17:25:55.258744,AUTOCORR_SAMPLE,Per-buffer autocorr result,freq=2612266178.266178,peak=0.021876119542866945,peak2=0.010166154243052006,lag_off=-2.0,confirmed=False
2026-04-24T17:25:55.259655,AUTOCORR_SAMPLE,Per-buffer autocorr result,freq=2612266178.266178,peak=0.1504395790398121,peak2=0.043282657861709595,lag_off=-6.0,confirmed=False
2026-04-24T17:25:55.270205,AUTOCORR_SAMPLE,Per-buffer autocorr result,freq=2612266178.266178,peak=0.1676376119721681,peak2=0.1158201724756509,lag_off=-2.0,confirmed=False
2026-04-24T17:25:55.279900,AUTOCORR_SAMPLE,Per-buffer autocorr result,freq=2612266178.266178,peak=0.021752990782260895,peak2=0.020858919247984886,lag_off=-2.0,confirmed=False
2026-04-24T17:25:55.280743,AUTOCORR_SAMPLE,Per-buffer autocorr result,freq=2612266178.266178,peak=0.17024302668869495,peak2=0.03360538883134723,lag_off=2.0,confirmed=False
2026-04-24T17:25:55.290275,AUTOCORR_SAMPLE,Per-buffer autocorr result,freq=2612266178.266178,peak=0.01150954449258279,peak2=0.07686869175813626,lag_off=-6.0,confirmed=False
2026-04-24T17:25:55.291077,AUTOCORR_SAMPLE,Per-buffer autocorr result,freq=2612266178.266178,peak=0.06385997333563864,peak2=0.043965026969090104,lag_off=-4.0,confirmed=False
2026-04-24T17:25:55.291239,AUTOCORR_RESULT,autocorr classification,freq=2612266178.266178,votes=0,total=10,score=0.0,confirmed=False
2026-04-24T17:25:55.348038,AUTOCORR_SAMPLE,Per-buffer autocorr result,freq=2634161172.1611724,peak=0.10380192752927542,peak2=0.052866953425109386,lag_off=6.0,confirmed=False
2026-04-24T17:25:55.353960,AUTOCORR_SAMPLE,Per-buffer autocorr result,freq=2634161172.1611724,peak=0.044476740062236786,peak2=-0.004644427448511124,lag_off=2.0,confirmed=False
2026-04-24T17:25:55.354762,AUTOCORR_SAMPLE,Per-buffer autocorr result,freq=2634161172.1611724,peak=0.08637997135519981,peak2=0.05467493459582329,lag_off=0.0,confirmed=False
2026-04-24T17:25:55.359370,AUTOCORR_SAMPLE,Per-buffer autocorr result,freq=2634161172.1611724,peak=-0.3356596902012825,peak2=-0.3076182082295418,lag_off=-5.0,confirmed=False
2026-04-24T17:25:55.364813,AUTOCORR_SAMPLE,Per-buffer autocorr result,freq=2634161172.1611724,peak=0.001983688212931156,peak2=0.1585561609826982,lag_off=-6.0,confirmed=False
2026-04-24T17:25:55.365648,AUTOCORR_SAMPLE,Per-buffer autocorr result,freq=2634161172.1611724,peak=-0.08076395094394684,peak2=-0.14947698637843132,lag_off=3.0,confirmed=False
2026-04-24T17:25:55.371907,AUTOCORR_SAMPLE,Per-buffer autocorr result,freq=2634161172.1611724,peak=0.01162138395011425,peak2=0.038406310603022575,lag_off=-5.0,confirmed=False
2026-04-24T17:25:55.372879,AUTOCORR_SAMPLE,Per-buffer autocorr result,freq=2634161172.1611724,peak=-0.052943093702197075,peak2=0.05129462480545044,lag_off=5.0,confirmed=False
2026-04-24T17:25:55.379277,AUTOCORR_SAMPLE,Per-buffer autocorr result,freq=2634161172.1611724,peak=0.07832647720351815,peak2=0.06158681074157357,lag_off=0.0,confirmed=False
2026-04-24T17:25:55.388169,AUTOCORR_SAMPLE,Per-buffer autocorr result,freq=2634161172.1611724,peak=0.055349888280034065,peak2=0.02872326783835888,lag_off=6.0,confirmed=False
2026-04-24T17:25:55.388272,AUTOCORR_RESULT,autocorr classification,freq=2634161172.1611724,votes=0,total=10,score=0.0,confirmed=False
2026-04-24T17:25:55.415520,AUTOCORR_SAMPLE,Per-buffer autocorr result,freq=2654258852.2588525,peak=0.044476740062236786,peak2=-0.004644427448511124,lag_off=2.0,confirmed=False
2026-04-24T17:25:55.419040,AUTOCORR_SAMPLE,Per-buffer autocorr result,freq=2654258852.2588525,peak=0.15185088757425547,peak2=0.08688272628933191,lag_off=5.0,confirmed=False
2026-04-24T17:25:55.422985,AUTOCORR_SAMPLE,Per-buffer autocorr result,freq=2654258852.2588525,peak=0.09113282104954123,peak2=0.10047673573717475,lag_off=-2.0,confirmed=False
2026-04-24T17:25:55.423869,AUTOCORR_SAMPLE,Per-buffer autocorr result,freq=2654258852.2588525,peak=0.08325712010264397,peak2=-0.049685193225741386,lag_off=6.0,confirmed=False
2026-04-24T17:25:55.427237,AUTOCORR_SAMPLE,Per-buffer autocorr result,freq=2654258852.2588525,peak=0.026497671380639076,peak2=0.014479802921414375,lag_off=0.0,confirmed=False
2026-04-24T17:25:55.430460,AUTOCORR_SAMPLE,Per-buffer autocorr result,freq=2654258852.2588525,peak=0.030638135969638824,peak2=0.015498068183660507,lag_off=1.0,confirmed=False
2026-04-24T17:25:55.431052,AUTOCORR_SAMPLE,Per-buffer autocorr result,freq=2654258852.2588525,peak=0.12001078203320503,peak2=0.07723654434084892,lag_off=-3.0,confirmed=False
2026-04-24T17:25:55.434485,AUTOCORR_SAMPLE,Per-buffer autocorr result,freq=2654258852.2588525,peak=-0.1662147045135498,peak2=-0.340899758040905,lag_off=-1.0,confirmed=False
2026-04-24T17:25:55.435278,AUTOCORR_SAMPLE,Per-buffer autocorr result,freq=2654258852.2588525,peak=0.19119769567623734,peak2=0.041990934405475855,lag_off=-6.0,confirmed=False
2026-04-24T17:25:55.439172,AUTOCORR_SAMPLE,Per-buffer autocorr result,freq=2654258852.2588525,peak=-0.18064772337675095,peak2=-0.39971964061260223,lag_off=-1.0,confirmed=False
2026-04-24T17:25:55.439292,AUTOCORR_RESULT,autocorr classification,freq=2654258852.2588525,votes=0,total=10,score=0.0,confirmed=False
2026-04-24T17:25:55.452401,AUTOCORR_SAMPLE,Per-buffer autocorr result,freq=2681853479.85348,peak=0.15185088757425547,peak2=0.08688272628933191,lag_off=5.0,confirmed=False
2026-04-24T17:25:55.455357,AUTOCORR_SAMPLE,Per-buffer autocorr result,freq=2681853479.85348,peak=0.158998214348685,peak2=0.08871924196137115,lag_off=-3.0,confirmed=False
2026-04-24T17:25:55.456004,AUTOCORR_SAMPLE,Per-buffer autocorr result,freq=2681853479.85348,peak=0.13854362700658385,peak2=0.05264600996451918,lag_off=2.0,confirmed=False
2026-04-24T17:25:55.458803,AUTOCORR_SAMPLE,Per-buffer autocorr result,freq=2681853479.85348,peak=0.06033774372190237,peak2=0.06164529826492071,lag_off=2.0,confirmed=False
2026-04-24T17:25:55.461185,AUTOCORR_SAMPLE,Per-buffer autocorr result,freq=2681853479.85348,peak=0.08340733131626621,peak2=0.06208220130065456,lag_off=-1.0,confirmed=False
2026-04-24T17:25:55.461925,AUTOCORR_SAMPLE,Per-buffer autocorr result,freq=2681853479.85348,peak=0.14462146745063365,peak2=0.04838787601329386,lag_off=6.0,confirmed=False
2026-04-24T17:25:55.464271,AUTOCORR_SAMPLE,Per-buffer autocorr result,freq=2681853479.85348,peak=0.08978086616843939,peak2=0.04789611604064703,lag_off=3.0,confirmed=False
2026-04-24T17:25:55.464898,AUTOCORR_SAMPLE,Per-buffer autocorr result,freq=2681853479.85348,peak=0.08551582088693976,peak2=0.08954537799581885,lag_off=0.0,confirmed=False
2026-04-24T17:25:55.467398,AUTOCORR_SAMPLE,Per-buffer autocorr result,freq=2681853479.85348,peak=0.055708838161081076,peak2=0.010568900033831596,lag_off=2.0,confirmed=False
2026-04-24T17:25:55.468092,AUTOCORR_SAMPLE,Per-buffer autocorr result,freq=2681853479.85348,peak=0.12131897266954184,peak2=0.07416639383882284,lag_off=2.0,confirmed=False
2026-04-24T17:25:55.469881,AUTOCORR_RESULT,autocorr classification,freq=2681853479.85348,votes=0,total=10,score=0.0,confirmed=False
2026-04-24T17:25:56.342799,AUTOCORR_SAMPLE,Per-buffer autocorr result,freq=3366722832.7228327,peak=0.03208940615877509,peak2=0.02305295644327998,lag_off=3.0,confirmed=False
2026-04-24T17:25:56.343625,AUTOCORR_SAMPLE,Per-buffer autocorr result,freq=3366722832.7228327,peak=0.07434510253369808,peak2=0.0025642216205596924,lag_off=2.0,confirmed=False
2026-04-24T17:25:56.346588,AUTOCORR_SAMPLE,Per-buffer autocorr result,freq=3366722832.7228327,peak=0.075585275888443,peak2=0.08513883873820305,lag_off=-3.0,confirmed=False
2026-04-24T17:25:56.349236,AUTOCORR_SAMPLE,Per-buffer autocorr result,freq=3366722832.7228327,peak=0.06023120880126953,peak2=0.11047317832708359,lag_off=6.0,confirmed=False
2026-04-24T17:25:56.350092,AUTOCORR_SAMPLE,Per-buffer autocorr result,freq=3366722832.7228327,peak=0.1186015335842967,peak2=0.08078118693083525,lag_off=2.0,confirmed=False
2026-04-24T17:25:56.353026,AUTOCORR_SAMPLE,Per-buffer autocorr result,freq=3366722832.7228327,peak=0.18361966870725155,peak2=0.16698273085057735,lag_off=6.0,confirmed=False
2026-04-24T17:25:56.355890,AUTOCORR_SAMPLE,Per-buffer autocorr result,freq=3366722832.7228327,peak=0.02968421671539545,peak2=0.17076291609555483,lag_off=-3.0,confirmed=False
2026-04-24T17:25:56.356725,AUTOCORR_SAMPLE,Per-buffer autocorr result,freq=3366722832.7228327,peak=0.21912068710662425,peak2=0.016774425515905023,lag_off=-4.0,confirmed=False
2026-04-24T17:25:56.357427,AUTOCORR_SAMPLE,Per-buffer autocorr result,freq=3366722832.7228327,peak=0.08014796487987041,peak2=0.11899690888822079,lag_off=-4.0,confirmed=False
2026-04-24T17:25:56.360105,AUTOCORR_SAMPLE,Per-buffer autocorr result,freq=3366722832.7228327,peak=0.18477480579167604,peak2=0.01643497496843338,lag_off=-1.0,confirmed=False
2026-04-24T17:25:56.360174,AUTOCORR_RESULT,autocorr classification,freq=3366722832.7228327,votes=0,total=10,score=0.0,confirmed=False
2026-04-24T17:25:56.437727,AUTOCORR_SAMPLE,Per-buffer autocorr result,freq=3414625152.6251526,peak=0.07334441132843494,peak2=0.08500996418297291,lag_off=-4.0,confirmed=False
2026-04-24T17:25:56.438619,AUTOCORR_SAMPLE,Per-buffer autocorr result,freq=3414625152.6251526,peak=0.14178356155753136,peak2=0.07530253008008003,lag_off=-5.0,confirmed=False
2026-04-24T17:25:56.441523,AUTOCORR_SAMPLE,Per-buffer autocorr result,freq=3414625152.6251526,peak=0.043938837479799986,peak2=0.02295317267999053,lag_off=-5.0,confirmed=False
2026-04-24T17:25:56.444233,AUTOCORR_SAMPLE,Per-buffer autocorr result,freq=3414625152.6251526,peak=0.15810271725058556,peak2=0.03256091382354498,lag_off=-2.0,confirmed=False
2026-04-24T17:25:56.445167,AUTOCORR_SAMPLE,Per-buffer autocorr result,freq=3414625152.6251526,peak=0.043733006343245506,peak2=0.046519560739398,lag_off=0.0,confirmed=False
2026-04-24T17:25:56.447906,AUTOCORR_SAMPLE,Per-buffer autocorr result,freq=3414625152.6251526,peak=0.259414155036211,peak2=0.033615438267588615,lag_off=4.0,confirmed=False
2026-04-24T17:25:56.448753,AUTOCORR_SAMPLE,Per-buffer autocorr result,freq=3414625152.6251526,peak=0.08484868798404932,peak2=0.0745582664385438,lag_off=3.0,confirmed=False
2026-04-24T17:25:56.452039,AUTOCORR_SAMPLE,Per-buffer autocorr result,freq=3414625152.6251526,peak=0.01042362826410681,peak2=0.019740021438337862,lag_off=3.0,confirmed=False
2026-04-24T17:25:56.453201,AUTOCORR_SAMPLE,Per-buffer autocorr result,freq=3414625152.6251526,peak=0.11101246252655983,peak2=0.20036379620432854,lag_off=-4.0,confirmed=False
2026-04-24T17:25:56.455804,AUTOCORR_SAMPLE,Per-buffer autocorr result,freq=3414625152.6251526,peak=0.029320274014025927,peak2=0.020163169596344233,lag_off=1.0,confirmed=False
2026-04-24T17:25:56.455978,AUTOCORR_RESULT,autocorr classification,freq=3414625152.6251526,votes=0,total=10,score=0.0,confirmed=False
2026-04-24T17:25:56.503568,AUTOCORR_SAMPLE,Per-buffer autocorr result,freq=3461035409.035409,peak=0.16019770503044128,peak2=0.012828274630010128,lag_off=0.0,confirmed=False
2026-04-24T17:25:56.504433,AUTOCORR_SAMPLE,Per-buffer autocorr result,freq=3461035409.035409,peak=0.1055586077272892,peak2=0.08996781334280968,lag_off=5.0,confirmed=False
2026-04-24T17:25:56.507418,AUTOCORR_SAMPLE,Per-buffer autocorr result,freq=3461035409.035409,peak=0.06929738400503993,peak2=0.027564325835555792,lag_off=4.0,confirmed=False
2026-04-24T17:25:56.508133,AUTOCORR_SAMPLE,Per-buffer autocorr result,freq=3461035409.035409,peak=0.06551068089902401,peak2=-0.03494585631415248,lag_off=-3.0,confirmed=False
2026-04-24T17:25:56.511018,AUTOCORR_SAMPLE,Per-buffer autocorr result,freq=3461035409.035409,peak=0.05057797906920314,peak2=0.12313016830012202,lag_off=1.0,confirmed=False
2026-04-24T17:25:56.511775,AUTOCORR_SAMPLE,Per-buffer autocorr result,freq=3461035409.035409,peak=0.09174214373342693,peak2=0.0717035464476794,lag_off=-6.0,confirmed=False
2026-04-24T17:25:56.512534,AUTOCORR_SAMPLE,Per-buffer autocorr result,freq=3461035409.035409,peak=0.026852408424019814,peak2=0.038472024723887444,lag_off=-5.0,confirmed=False
2026-04-24T17:25:56.515604,AUTOCORR_SAMPLE,Per-buffer autocorr result,freq=3461035409.035409,peak=0.16079712845385075,peak2=0.12058925814926624,lag_off=6.0,confirmed=False
2026-04-24T17:25:56.518549,AUTOCORR_SAMPLE,Per-buffer autocorr result,freq=3461035409.035409,peak=0.12547190766781569,peak2=0.092435616068542,lag_off=3.0,confirmed=False
2026-04-24T17:25:56.519351,AUTOCORR_SAMPLE,Per-buffer autocorr result,freq=3461035409.035409,peak=0.11947614327073097,peak2=0.04273248463869095,lag_off=2.0,confirmed=False
2026-04-24T17:25:56.519441,AUTOCORR_RESULT,autocorr classification,freq=3461035409.035409,votes=0,total=10,score=0.0,confirmed=False
2026-04-24T17:25:57.173846,AUTOCORR_SAMPLE,Per-buffer autocorr result,freq=3934678876.678877,peak=0.03718158812262118,peak2=0.04499052674509585,lag_off=4.0,confirmed=False
2026-04-24T17:25:57.176994,AUTOCORR_SAMPLE,Per-buffer autocorr result,freq=3934678876.678877,peak=0.06340883858501911,peak2=-0.012991342693567276,lag_off=-2.0,confirmed=False
2026-04-24T17:25:57.179766,AUTOCORR_SAMPLE,Per-buffer autocorr result,freq=3934678876.678877,peak=0.127935410477221,peak2=0.08339287433773279,lag_off=2.0,confirmed=False
2026-04-24T17:25:57.180589,AUTOCORR_SAMPLE,Per-buffer autocorr result,freq=3934678876.678877,peak=0.1512035844498314,peak2=0.025399862381163985,lag_off=-6.0,confirmed=False
2026-04-24T17:25:57.183591,AUTOCORR_SAMPLE,Per-buffer autocorr result,freq=3934678876.678877,peak=0.038592576049268246,peak2=0.12573433574289083,lag_off=-2.0,confirmed=False
2026-04-24T17:25:57.186287,AUTOCORR_SAMPLE,Per-buffer autocorr result,freq=3934678876.678877,peak=0.047938224859535694,peak2=0.08323913160711527,lag_off=-4.0,confirmed=False
2026-04-24T17:25:57.187035,AUTOCORR_SAMPLE,Per-buffer autocorr result,freq=3934678876.678877,peak=0.044242039788514376,peak2=0.0890669752843678,lag_off=3.0,confirmed=False
2026-04-24T17:25:57.189690,AUTOCORR_SAMPLE,Per-buffer autocorr result,freq=3934678876.678877,peak=0.13108443655073643,peak2=0.03219924494624138,lag_off=-4.0,confirmed=False
2026-04-24T17:25:57.190422,AUTOCORR_SAMPLE,Per-buffer autocorr result,freq=3934678876.678877,peak=0.12396252155303955,peak2=0.09961508959531784,lag_off=3.0,confirmed=False
2026-04-24T17:25:57.193296,AUTOCORR_SAMPLE,Per-buffer autocorr result,freq=3934678876.678877,peak=0.08571354486048222,peak2=0.11241793818771839,lag_off=5.0,confirmed=False
2026-04-24T17:25:57.193442,AUTOCORR_RESULT,autocorr classification,freq=3934678876.678877,votes=0,total=10,score=0.0,confirmed=False
2026-04-24T17:25:57.461725,AUTOCORR_SAMPLE,Per-buffer autocorr result,freq=4163416361.4163613,peak=0.07893184502609074,peak2=0.031055881874635816,lag_off=2.0,confirmed=False
2026-04-24T17:25:57.462506,AUTOCORR_SAMPLE,Per-buffer autocorr result,freq=4163416361.4163613,peak=0.012261476833373308,peak2=0.08783573471009731,lag_off=5.0,confirmed=False
2026-04-24T17:25:57.465114,AUTOCORR_SAMPLE,Per-buffer autocorr result,freq=4163416361.4163613,peak=0.09479570668190718,peak2=0.022067543119192123,lag_off=4.0,confirmed=False
2026-04-24T17:25:57.467669,AUTOCORR_SAMPLE,Per-buffer autocorr result,freq=4163416361.4163613,peak=0.1008517649024725,peak2=0.03720558062195778,lag_off=-1.0,confirmed=False
2026-04-24T17:25:57.468556,AUTOCORR_SAMPLE,Per-buffer autocorr result,freq=4163416361.4163613,peak=0.0582453478127718,peak2=0.011295199394226074,lag_off=3.0,confirmed=False
2026-04-24T17:25:57.471650,AUTOCORR_SAMPLE,Per-buffer autocorr result,freq=4163416361.4163613,peak=0.06396700581535697,peak2=0.029743242543190718,lag_off=2.0,confirmed=False
2026-04-24T17:25:57.472475,AUTOCORR_SAMPLE,Per-buffer autocorr result,freq=4163416361.4163613,peak=0.057058824226260185,peak2=-0.00984627939760685,lag_off=-3.0,confirmed=False
2026-04-24T17:25:57.475017,AUTOCORR_SAMPLE,Per-buffer autocorr result,freq=4163416361.4163613,peak=0.0435075550340116,peak2=0.024703215342015028,lag_off=-2.0,confirmed=False
2026-04-24T17:25:57.475792,AUTOCORR_SAMPLE,Per-buffer autocorr result,freq=4163416361.4163613,peak=0.37869604892330244,peak2=0.05717610410647467,lag_off=5.0,confirmed=False
2026-04-24T17:25:57.478528,AUTOCORR_SAMPLE,Per-buffer autocorr result,freq=4163416361.4163613,peak=0.144496220164001,peak2=0.03181327972561121,lag_off=-5.0,confirmed=False
2026-04-24T17:25:57.478601,AUTOCORR_RESULT,autocorr classification,freq=4163416361.4163613,votes=0,total=10,score=0.0,confirmed=False
2026-04-24T17:25:59.739587,AUTOCORR_SAMPLE,Per-buffer autocorr result,freq=5840190476.190475,peak=0.13669507950544357,peak2=0.08592154830694199,lag_off=6.0,confirmed=False
2026-04-24T17:25:59.740268,AUTOCORR_SAMPLE,Per-buffer autocorr result,freq=5840190476.190475,peak=0.6152290180325508,peak2=0.31016605347394943,lag_off=0.0,confirmed=True
2026-04-24T17:25:59.754838,AUTOCORR_SAMPLE,Per-buffer autocorr result,freq=5840190476.190475,peak=-0.15726888179779053,peak2=-0.5036201626062393,lag_off=0.0,confirmed=False
2026-04-24T17:25:59.755572,AUTOCORR_SAMPLE,Per-buffer autocorr result,freq=5840190476.190475,peak=0.844175435602665,peak2=0.5930004790425301,lag_off=0.0,confirmed=True
2026-04-24T17:25:59.766884,AUTOCORR_SAMPLE,Per-buffer autocorr result,freq=5840190476.190475,peak=0.7783423513174057,peak2=0.5175785273313522,lag_off=-1.0,confirmed=True
2026-04-24T17:25:59.768026,AUTOCORR_SAMPLE,Per-buffer autocorr result,freq=5840190476.190475,peak=0.6881416887044907,peak2=0.404142364859581,lag_off=0.0,confirmed=True
2026-04-24T17:25:59.779989,AUTOCORR_SAMPLE,Per-buffer autocorr result,freq=5840190476.190475,peak=0.7235573008656502,peak2=0.44448358565568924,lag_off=0.0,confirmed=True
2026-04-24T17:25:59.780893,AUTOCORR_SAMPLE,Per-buffer autocorr result,freq=5840190476.190475,peak=0.7887435108423233,peak2=0.4670129269361496,lag_off=0.0,confirmed=True
2026-04-24T17:25:59.793988,AUTOCORR_SAMPLE,Per-buffer autocorr result,freq=5840190476.190475,peak=0.76900564879179,peak2=0.46308835595846176,lag_off=-1.0,confirmed=True
2026-04-24T17:25:59.805059,AUTOCORR_SAMPLE,Per-buffer autocorr result,freq=5840190476.190475,peak=0.780455656349659,peak2=0.4561791494488716,lag_off=0.0,confirmed=True
2026-04-24T17:25:59.805134,AUTOCORR_RESULT,autocorr classification,freq=5840190476.190475,votes=8,total=10,score=0.8,confirmed=True
2026-04-24T17:25:59.840414,AUTOCORR_SAMPLE,Per-buffer autocorr result,freq=5860134310.13431,peak=0.7235573008656502,peak2=0.44448358565568924,lag_off=0.0,confirmed=True
2026-04-24T17:25:59.841313,AUTOCORR_SAMPLE,Per-buffer autocorr result,freq=5860134310.13431,peak=0.05071185063570738,peak2=0.011214968282729387,lag_off=5.0,confirmed=False
2026-04-24T17:25:59.844434,AUTOCORR_SAMPLE,Per-buffer autocorr result,freq=5860134310.13431,peak=0.0672712279483676,peak2=0.05994387622922659,lag_off=3.0,confirmed=False
2026-04-24T17:25:59.846917,AUTOCORR_SAMPLE,Per-buffer autocorr result,freq=5860134310.13431,peak=0.14269495010375977,peak2=0.1200881376862526,lag_off=-4.0,confirmed=False
2026-04-24T17:25:59.847506,AUTOCORR_SAMPLE,Per-buffer autocorr result,freq=5860134310.13431,peak=0.0832060407847166,peak2=0.016167452558875084,lag_off=-4.0,confirmed=False
2026-04-24T17:25:59.849868,AUTOCORR_SAMPLE,Per-buffer autocorr result,freq=5860134310.13431,peak=0.11323859271942638,peak2=0.07955570993362926,lag_off=0.0,confirmed=False
2026-04-24T17:25:59.852823,AUTOCORR_SAMPLE,Per-buffer autocorr result,freq=5860134310.13431,peak=0.0562699930742383,peak2=0.03307641576975584,lag_off=-2.0,confirmed=False
2026-04-24T17:25:59.853597,AUTOCORR_SAMPLE,Per-buffer autocorr result,freq=5860134310.13431,peak=0.16347523510921746,peak2=0.0682123425649479,lag_off=-4.0,confirmed=False
2026-04-24T17:25:59.856028,AUTOCORR_SAMPLE,Per-buffer autocorr result,freq=5860134310.13431,peak=0.0715967072173953,peak2=0.04077706765383482,lag_off=-5.0,confirmed=False
2026-04-24T17:25:59.856708,AUTOCORR_SAMPLE,Per-buffer autocorr result,freq=5860134310.13431,peak=0.04749670496676117,peak2=0.04076210281345993,lag_off=-5.0,confirmed=False
2026-04-24T17:25:59.856821,AUTOCORR_RESULT,autocorr classification,freq=5860134310.13431,votes=1,total=10,score=0.1,confirmed=False
