2026-04-24T17:24:48.601483,AUTOCORR_SAMPLE,Per-buffer autocorr result,freq=97980463.98046398,peak=0.11042682128027081,peak2=0.09530546562746167,lag_off=6.0,confirmed=False
2026-04-24T17:24:48.604210,AUTOCORR_SAMPLE,Per-buffer autocorr result,freq=97980463.98046398,peak=0.0679987808689475,peak2=0.059361389838159084,lag_off=1.0,confirmed=False
2026-04-24T17:24:48.605065,AUTOCORR_SAMPLE,Per-buffer autocorr result,freq=97980463.98046398,peak=0.05273837596178055,peak2=0.022744491696357727,lag_off=-4.0,confirmed=False
2026-04-24T17:24:48.605899,AUTOCORR_SAMPLE,Per-buffer autocorr result,freq=97980463.98046398,peak=0.13483804976567626,peak2=0.0601893006823957,lag_off=0.0,confirmed=False
2026-04-24T17:24:48.609389,AUTOCORR_SAMPLE,Per-buffer autocorr result,freq=97980463.98046398,peak=0.07245884276926517,peak2=0.05964704789221287,lag_off=3.0,confirmed=False
2026-04-24T17:24:48.611938,AUTOCORR_SAMPLE,Per-buffer autocorr result,freq=97980463.98046398,peak=0.10856980876997113,peak2=0.08221078710630536,lag_off=-6.0,confirmed=False
2026-04-24T17:24:48.612709,AUTOCORR_SAMPLE,Per-buffer autocorr result,freq=97980463.98046398,peak=-0.006190158426761627,peak2=0.040611498057842255,lag_off=0.0,confirmed=False
2026-04-24T17:24:48.615276,AUTOCORR_SAMPLE,Per-buffer autocorr result,freq=97980463.98046398,peak=0.04649830982089043,peak2=0.04452924802899361,lag_off=-3.0,confirmed=False
2026-04-24T17:24:48.615955,AUTOCORR_SAMPLE,Per-buffer autocorr result,freq=97980463.98046398,peak=0.04572725444450043,peak2=0.09015378131880425,lag_off=-3.0,confirmed=False
2026-04-24T17:24:48.618475,AUTOCORR_SAMPLE,Per-buffer autocorr result,freq=97980463.98046398,peak=0.05476857302710414,peak2=0.04673510743305087,lag_off=3.0,confirmed=False
2026-04-24T17:24:48.618564,AUTOCORR_RESULT,autocorr classification,freq=97980463.98046398,votes=0,total=10,score=0.0,confirmed=False
2026-04-24T17:24:48.638155,AUTOCORR_SAMPLE,Per-buffer autocorr result,freq=125272283.27228327,peak=0.0679987808689475,peak2=0.059361389838159084,lag_off=1.0,confirmed=False
2026-04-24T17:24:48.641707,AUTOCORR_SAMPLE,Per-buffer autocorr result,freq=125272283.27228327,peak=0.004942558705806732,peak2=0.012608963996171951,lag_off=-1.0,confirmed=False
2026-04-24T17:24:48.644627,AUTOCORR_SAMPLE,Per-buffer autocorr result,freq=125272283.27228327,peak=0.08091669157147408,peak2=0.04851825535297394,lag_off=6.0,confirmed=False
2026-04-24T17:24:48.645412,AUTOCORR_SAMPLE,Per-buffer autocorr result,freq=125272283.27228327,peak=-0.0003252178430557251,peak2=0.003384888172149658,lag_off=-4.0,confirmed=False
2026-04-24T17:24:48.648107,AUTOCORR_SAMPLE,Per-buffer autocorr result,freq=125272283.27228327,peak=0.07984218001365662,peak2=0.03565972298383713,lag_off=4.0,confirmed=False
2026-04-24T17:24:48.649126,AUTOCORR_SAMPLE,Per-buffer autocorr result,freq=125272283.27228327,peak=0.09234036412090063,peak2=0.056797279976308346,lag_off=1.0,confirmed=False
2026-04-24T17:24:48.654680,AUTOCORR_SAMPLE,Per-buffer autocorr result,freq=125272283.27228327,peak=-0.021786626428365707,peak2=-0.061889562755823135,lag_off=-4.0,confirmed=False
2026-04-24T17:24:48.655613,AUTOCORR_SAMPLE,Per-buffer autocorr result,freq=125272283.27228327,peak=0.038690436631441116,peak2=-0.0702642872929573,lag_off=-3.0,confirmed=False
2026-04-24T17:24:48.658937,AUTOCORR_SAMPLE,Per-buffer autocorr result,freq=125272283.27228327,peak=0.12463442597072572,peak2=0.07860055181663483,lag_off=-4.0,confirmed=False
2026-04-24T17:24:48.662638,AUTOCORR_SAMPLE,Per-buffer autocorr result,freq=125272283.27228327,peak=0.038038277882151306,peak2=0.07515707414131612,lag_off=0.0,confirmed=False
2026-04-24T17:24:48.662798,AUTOCORR_RESULT,autocorr classification,freq=125272283.27228327,votes=0,total=10,score=0.0,confirmed=False
2026-04-24T17:24:48.672107,AUTOCORR_SAMPLE,Per-buffer autocorr result,freq=142417582.41758242,peak=-0.04255333007313311,peak2=0.010938096791505814,lag_off=-5.0,confirmed=False
2026-04-24T17:24:48.675514,AUTOCORR_SAMPLE,Per-buffer autocorr result,freq=142417582.41758242,peak=0.05622048117220402,peak2=0.10940911807119846,lag_off=-2.0,confirmed=False
2026-04-24T17:24:48.678631,AUTOCORR_SAMPLE,Per-buffer autocorr result,freq=142417582.41758242,peak=0.09873381364741363,peak2=0.06988246846594848,lag_off=5.0,confirmed=False
2026-04-24T17:24:48.679455,AUTOCORR_SAMPLE,Per-buffer autocorr result,freq=142417582.41758242,peak=0.049571117386221886,peak2=0.005641177296638489,lag_off=-5.0,confirmed=False
2026-04-24T17:24:48.682737,AUTOCORR_SAMPLE,Per-buffer autocorr result,freq=142417582.41758242,peak=0.06263554282486439,peak2=0.04930769465863705,lag_off=6.0,confirmed=False
2026-04-24T17:24:48.683375,AUTOCORR_SAMPLE,Per-buffer autocorr result,freq=142417582.41758242,peak=0.04439779184758663,peak2=-0.019922511652112007,lag_off=-6.0,confirmed=False
2026-04-24T17:24:48.686005,AUTOCORR_SAMPLE,Per-buffer autocorr result,freq=142417582.41758242,peak=0.11646509263664484,peak2=0.06568681914359331,lag_off=5.0,confirmed=False
2026-04-24T17:24:48.686901,AUTOCORR_SAMPLE,Per-buffer autocorr result,freq=142417582.41758242,peak=0.07019706163555384,peak2=0.04676623363047838,lag_off=0.0,confirmed=False
2026-04-24T17:24:48.690630,AUTOCORR_SAMPLE,Per-buffer autocorr result,freq=142417582.41758242,peak=0.04984884709119797,peak2=0.05537347495555878,lag_off=-4.0,confirmed=False
2026-04-24T17:24:48.694207,AUTOCORR_SAMPLE,Per-buffer autocorr result,freq=142417582.41758242,peak=0.05098979361355305,peak2=0.011642985045909882,lag_off=1.0,confirmed=False
2026-04-24T17:24:48.694334,AUTOCORR_RESULT,autocorr classification,freq=142417582.41758242,votes=0,total=10,score=0.0,confirmed=False
2026-04-24T17:24:48.711222,AUTOCORR_SAMPLE,Per-buffer autocorr result,freq=161848595.84859586,peak=0.05622048117220402,peak2=0.10940911807119846,lag_off=-2.0,confirmed=False
2026-04-24T17:24:48.714724,AUTOCORR_SAMPLE,Per-buffer autocorr result,freq=161848595.84859586,peak=0.09619515581289306,peak2=0.03536229772726074,lag_off=5.0,confirmed=False
2026-04-24T17:24:48.715413,AUTOCORR_SAMPLE,Per-buffer autocorr result,freq=161848595.84859586,peak=0.0663648433983326,peak2=0.11312858760356903,lag_off=-5.0,confirmed=False
2026-04-24T17:24:48.718314,AUTOCORR_SAMPLE,Per-buffer autocorr result,freq=161848595.84859586,peak=0.052028070436790586,peak2=0.10295496438629925,lag_off=-3.0,confirmed=False
2026-04-24T17:24:48.719154,AUTOCORR_SAMPLE,Per-buffer autocorr result,freq=161848595.84859586,peak=0.06141940498491749,peak2=0.066860701830592,lag_off=0.0,confirmed=False
2026-04-24T17:24:48.719812,AUTOCORR_SAMPLE,Per-buffer autocorr result,freq=161848595.84859586,peak=0.01853131502866745,peak2=-0.032558517064899206,lag_off=-4.0,confirmed=False
2026-04-24T17:24:48.723239,AUTOCORR_SAMPLE,Per-buffer autocorr result,freq=161848595.84859586,peak=0.054265452548861504,peak2=0.01960873045027256,lag_off=-3.0,confirmed=False
2026-04-24T17:24:48.724117,AUTOCORR_SAMPLE,Per-buffer autocorr result,freq=161848595.84859586,peak=0.07063309848308563,peak2=0.05536217987537384,lag_off=-2.0,confirmed=False
2026-04-24T17:24:48.728043,AUTOCORR_SAMPLE,Per-buffer autocorr result,freq=161848595.84859586,peak=-0.009776693768799305,peak2=0.06605940498411655,lag_off=-5.0,confirmed=False
2026-04-24T17:24:48.731382,AUTOCORR_SAMPLE,Per-buffer autocorr result,freq=161848595.84859586,peak=0.07116320356726646,peak2=0.08283179625868797,lag_off=-2.0,confirmed=False
2026-04-24T17:24:48.731499,AUTOCORR_RESULT,autocorr classification,freq=161848595.84859586,votes=0,total=10,score=0.0,confirmed=False
2026-04-24T17:24:48.753328,AUTOCORR_SAMPLE,Per-buffer autocorr result,freq=176336996.33699632,peak=0.09619515581289306,peak2=0.03536229772726074,lag_off=5.0,confirmed=False
2026-04-24T17:24:48.755022,AUTOCORR_SAMPLE,Per-buffer autocorr result,freq=176336996.33699632,peak=0.10918071947526187,peak2=0.06598550162743777,lag_off=4.0,confirmed=False
2026-04-24T17:24:48.759047,AUTOCORR_SAMPLE,Per-buffer autocorr result,freq=176336996.33699632,peak=0.12240727734752,peak2=0.02860284340567887,lag_off=-3.0,confirmed=False
2026-04-24T17:24:48.760095,AUTOCORR_SAMPLE,Per-buffer autocorr result,freq=176336996.33699632,peak=0.08300986140966415,peak2=0.08129853010177612,lag_off=-4.0,confirmed=False
2026-04-24T17:24:48.763414,AUTOCORR_SAMPLE,Per-buffer autocorr result,freq=176336996.33699632,peak=0.14834275637986138,peak2=0.09963162784697488,lag_off=4.0,confirmed=False
2026-04-24T17:24:48.764188,AUTOCORR_SAMPLE,Per-buffer autocorr result,freq=176336996.33699632,peak=0.08467734791338444,peak2=0.04851769469678402,lag_off=-2.0,confirmed=False
2026-04-24T17:24:48.767416,AUTOCORR_SAMPLE,Per-buffer autocorr result,freq=176336996.33699632,peak=0.09142197389155626,peak2=0.05907362047582865,lag_off=-2.0,confirmed=False
2026-04-24T17:24:48.768227,AUTOCORR_SAMPLE,Per-buffer autocorr result,freq=176336996.33699632,peak=0.08470174111425877,peak2=0.029784267768263817,lag_off=-4.0,confirmed=False
2026-04-24T17:24:48.771269,AUTOCORR_SAMPLE,Per-buffer autocorr result,freq=176336996.33699632,peak=0.09550093207508326,peak2=0.09357673022896051,lag_off=-4.0,confirmed=False
2026-04-24T17:24:48.772305,AUTOCORR_SAMPLE,Per-buffer autocorr result,freq=176336996.33699632,peak=0.12760377838276327,peak2=0.08914402290247381,lag_off=-2.0,confirmed=False
2026-04-24T17:24:48.772435,AUTOCORR_RESULT,autocorr classification,freq=176336996.33699632,votes=0,total=10,score=0.0,confirmed=False
2026-04-24T17:24:48.851725,AUTOCORR_SAMPLE,Per-buffer autocorr result,freq=226971916.97191697,peak=0.06476758979260921,peak2=0.004015333950519562,lag_off=-1.0,confirmed=False
2026-04-24T17:24:48.855210,AUTOCORR_SAMPLE,Per-buffer autocorr result,freq=226971916.97191697,peak=0.16208300832659006,peak2=0.0512893283739686,lag_off=0.0,confirmed=False
2026-04-24T17:24:48.856133,AUTOCORR_SAMPLE,Per-buffer autocorr result,freq=226971916.97191697,peak=0.054091935977339745,peak2=0.039608290418982506,lag_off=-5.0,confirmed=False
2026-04-24T17:24:48.859227,AUTOCORR_SAMPLE,Per-buffer autocorr result,freq=226971916.97191697,peak=0.042130909860134125,peak2=0.0036454610526561737,lag_off=-4.0,confirmed=False
2026-04-24T17:24:48.860199,AUTOCORR_SAMPLE,Per-buffer autocorr result,freq=226971916.97191697,peak=-0.005404188297688961,peak2=0.023051612079143524,lag_off=6.0,confirmed=False
2026-04-24T17:24:48.863396,AUTOCORR_SAMPLE,Per-buffer autocorr result,freq=226971916.97191697,peak=0.037135057151317596,peak2=0.03576980531215668,lag_off=-3.0,confirmed=False
2026-04-24T17:24:48.864333,AUTOCORR_SAMPLE,Per-buffer autocorr result,freq=226971916.97191697,peak=0.1363595724105835,peak2=0.07651804387569427,lag_off=-5.0,confirmed=False
2026-04-24T17:24:48.868221,AUTOCORR_SAMPLE,Per-buffer autocorr result,freq=226971916.97191697,peak=0.03232385031878948,peak2=0.03419872187077999,lag_off=2.0,confirmed=False
2026-04-24T17:24:48.873243,AUTOCORR_SAMPLE,Per-buffer autocorr result,freq=226971916.97191697,peak=0.1250613173469901,peak2=0.05676206108182669,lag_off=-3.0,confirmed=False
2026-04-24T17:24:48.874290,AUTOCORR_SAMPLE,Per-buffer autocorr result,freq=226971916.97191697,peak=0.053161729127168655,peak2=0.10427587851881981,lag_off=1.0,confirmed=False
2026-04-24T17:24:48.879695,AUTOCORR_RESULT,autocorr classification,freq=226971916.97191697,votes=0,total=10,score=0.0,confirmed=False
2026-04-24T17:24:48.929167,AUTOCORR_SAMPLE,Per-buffer autocorr result,freq=247155067.15506715,peak=0.16208300832659006,peak2=0.0512893283739686,lag_off=0.0,confirmed=False
2026-04-24T17:24:48.932123,AUTOCORR_SAMPLE,Per-buffer autocorr result,freq=247155067.15506715,peak=-0.015297425910830498,peak2=0.07078919932246208,lag_off=-4.0,confirmed=False
2026-04-24T17:24:48.933070,AUTOCORR_SAMPLE,Per-buffer autocorr result,freq=247155067.15506715,peak=0.020635560154914856,peak2=-0.05070153810083866,lag_off=-1.0,confirmed=False
2026-04-24T17:24:48.936273,AUTOCORR_SAMPLE,Per-buffer autocorr result,freq=247155067.15506715,peak=-0.01083081669639796,peak2=0.14143320836592466,lag_off=1.0,confirmed=False
2026-04-24T17:24:48.937398,AUTOCORR_SAMPLE,Per-buffer autocorr result,freq=247155067.15506715,peak=-0.015333063900470734,peak2=-0.04539403319358826,lag_off=-4.0,confirmed=False
2026-04-24T17:24:48.943761,AUTOCORR_SAMPLE,Per-buffer autocorr result,freq=247155067.15506715,peak=0.0796570610255003,peak2=0.03696650080382824,lag_off=1.0,confirmed=False
2026-04-24T17:24:48.944510,AUTOCORR_SAMPLE,Per-buffer autocorr result,freq=247155067.15506715,peak=-0.059979766607284546,peak2=-0.05826428160071373,lag_off=-3.0,confirmed=False
2026-04-24T17:24:48.947401,AUTOCORR_SAMPLE,Per-buffer autocorr result,freq=247155067.15506715,peak=0.2127866130322218,peak2=0.04131872579455376,lag_off=2.0,confirmed=False
2026-04-24T17:24:48.948301,AUTOCORR_SAMPLE,Per-buffer autocorr result,freq=247155067.15506715,peak=-0.06338757835328579,peak2=0.10247181169688702,lag_off=-2.0,confirmed=False
2026-04-24T17:24:48.948999,AUTOCORR_SAMPLE,Per-buffer autocorr result,freq=247155067.15506715,peak=0.008685193955898285,peak2=-0.11581182293593884,lag_off=6.0,confirmed=False
2026-04-24T17:24:48.951296,AUTOCORR_RESULT,autocorr classification,freq=247155067.15506715,votes=0,total=10,score=0.0,confirmed=False
2026-04-24T17:24:49.029754,AUTOCORR_SAMPLE,Per-buffer autocorr result,freq=294820512.82051283,peak=0.08331812219694257,peak2=0.06208929466083646,lag_off=-4.0,confirmed=False
2026-04-24T17:24:49.032521,AUTOCORR_SAMPLE,Per-buffer autocorr result,freq=294820512.82051283,peak=-0.014595527201890945,peak2=-0.030059022828936577,lag_off=6.0,confirmed=False
2026-04-24T17:24:49.033438,AUTOCORR_SAMPLE,Per-buffer autocorr result,freq=294820512.82051283,peak=-0.13633674383163452,peak2=-0.010581225156784058,lag_off=-5.0,confirmed=False
2026-04-24T17:24:49.036362,AUTOCORR_SAMPLE,Per-buffer autocorr result,freq=294820512.82051283,peak=0.008085779845714569,peak2=-0.016243483871221542,lag_off=6.0,confirmed=False
2026-04-24T17:24:49.037065,AUTOCORR_SAMPLE,Per-buffer autocorr result,freq=294820512.82051283,peak=-0.11805152893066406,peak2=-0.02847428247332573,lag_off=2.0,confirmed=False
2026-04-24T17:24:49.040383,AUTOCORR_SAMPLE,Per-buffer autocorr result,freq=294820512.82051283,peak=0.09802011726424098,peak2=0.04587748972699046,lag_off=3.0,confirmed=False
2026-04-24T17:24:49.041101,AUTOCORR_SAMPLE,Per-buffer autocorr result,freq=294820512.82051283,peak=0.005986247211694717,peak2=0.08214124385267496,lag_off=6.0,confirmed=False
2026-04-24T17:24:49.044642,AUTOCORR_SAMPLE,Per-buffer autocorr result,freq=294820512.82051283,peak=0.009362529963254929,peak2=0.02837555482983589,lag_off=0.0,confirmed=False
2026-04-24T17:24:49.048016,AUTOCORR_SAMPLE,Per-buffer autocorr result,freq=294820512.82051283,peak=-0.01916618156246841,peak2=0.13345547136850655,lag_off=-2.0,confirmed=False
2026-04-24T17:24:49.048813,AUTOCORR_SAMPLE,Per-buffer autocorr result,freq=294820512.82051283,peak=-0.08449045568704605,peak2=-0.018393225967884064,lag_off=-3.0,confirmed=False
2026-04-24T17:24:49.048974,AUTOCORR_RESULT,autocorr classification,freq=294820512.82051283,votes=0,total=10,score=0.0,confirmed=False
2026-04-24T17:24:49.070975,AUTOCORR_SAMPLE,Per-buffer autocorr result,freq=313365079.36507934,peak=-0.014595527201890945,peak2=-0.030059022828936577,lag_off=6.0,confirmed=False
2026-04-24T17:24:49.074086,AUTOCORR_SAMPLE,Per-buffer autocorr result,freq=313365079.36507934,peak=0.03870310541242361,peak2=0.06944633554667234,lag_off=2.0,confirmed=False
2026-04-24T17:24:49.074814,AUTOCORR_SAMPLE,Per-buffer autocorr result,freq=313365079.36507934,peak=0.1131829844089225,peak2=0.0735006557079032,lag_off=-4.0,confirmed=False
2026-04-24T17:24:49.075453,AUTOCORR_SAMPLE,Per-buffer autocorr result,freq=313365079.36507934,peak=0.07024539448320866,peak2=0.00458982028067112,lag_off=-3.0,confirmed=False
2026-04-24T17:24:49.078378,AUTOCORR_SAMPLE,Per-buffer autocorr result,freq=313365079.36507934,peak=0.14485497493296862,peak2=0.029313757084310055,lag_off=2.0,confirmed=False
2026-04-24T17:24:49.081186,AUTOCORR_SAMPLE,Per-buffer autocorr result,freq=313365079.36507934,peak=0.061596091371029615,peak2=0.061888481955975294,lag_off=0.0,confirmed=False
2026-04-24T17:24:49.081923,AUTOCORR_SAMPLE,Per-buffer autocorr result,freq=313365079.36507934,peak=0.13630703487433493,peak2=0.07226866879500449,lag_off=-4.0,confirmed=False
2026-04-24T17:24:49.085154,AUTOCORR_SAMPLE,Per-buffer autocorr result,freq=313365079.36507934,peak=0.002764458302408457,peak2=0.05364849651232362,lag_off=5.0,confirmed=False
2026-04-24T17:24:49.088732,AUTOCORR_SAMPLE,Per-buffer autocorr result,freq=313365079.36507934,peak=0.06763442978262901,peak2=0.08239550516009331,lag_off=-4.0,confirmed=False
2026-04-24T17:24:49.089474,AUTOCORR_SAMPLE,Per-buffer autocorr result,freq=313365079.36507934,peak=0.037851616740226746,peak2=0.06650097668170929,lag_off=-2.0,confirmed=False
2026-04-24T17:24:49.089584,AUTOCORR_RESULT,autocorr classification,freq=313365079.36507934,votes=0,total=10,score=0.0,confirmed=False
2026-04-24T17:24:49.194140,AUTOCORR_SAMPLE,Per-buffer autocorr result,freq=394610500.6105006,peak=0.06320971087552607,peak2=0.0887601210270077,lag_off=-1.0,confirmed=False
2026-04-24T17:24:49.197863,AUTOCORR_SAMPLE,Per-buffer autocorr result,freq=394610500.6105006,peak=0.01741293608210981,peak2=0.07334687002003193,lag_off=0.0,confirmed=False
2026-04-24T17:24:49.200671,AUTOCORR_SAMPLE,Per-buffer autocorr result,freq=394610500.6105006,peak=0.04283924959599972,peak2=0.06567762605845928,lag_off=-6.0,confirmed=False
2026-04-24T17:24:49.201486,AUTOCORR_SAMPLE,Per-buffer autocorr result,freq=394610500.6105006,peak=0.06131593510508537,peak2=0.014813214540481567,lag_off=-5.0,confirmed=False
2026-04-24T17:24:49.204761,AUTOCORR_SAMPLE,Per-buffer autocorr result,freq=394610500.6105006,peak=0.05638653691858053,peak2=0.08673987444490194,lag_off=-2.0,confirmed=False
2026-04-24T17:24:49.205596,AUTOCORR_SAMPLE,Per-buffer autocorr result,freq=394610500.6105006,peak=0.0866773291490972,peak2=0.06573541602119803,lag_off=0.0,confirmed=False
2026-04-24T17:24:49.208878,AUTOCORR_SAMPLE,Per-buffer autocorr result,freq=394610500.6105006,peak=0.08369448594748974,peak2=0.10281052254140377,lag_off=-3.0,confirmed=False
2026-04-24T17:24:49.209689,AUTOCORR_SAMPLE,Per-buffer autocorr result,freq=394610500.6105006,peak=0.04018460772931576,peak2=0.04201007820665836,lag_off=5.0,confirmed=False
2026-04-24T17:24:49.213323,AUTOCORR_SAMPLE,Per-buffer autocorr result,freq=394610500.6105006,peak=0.0929727042093873,peak2=0.04728832934051752,lag_off=-2.0,confirmed=False
2026-04-24T17:24:49.216505,AUTOCORR_SAMPLE,Per-buffer autocorr result,freq=394610500.6105006,peak=0.0357879176735878,peak2=0.05364018678665161,lag_off=6.0,confirmed=False
2026-04-24T17:24:49.216660,AUTOCORR_RESULT,autocorr classification,freq=394610500.6105006,votes=0,total=10,score=0.0,confirmed=False
2026-04-24T17:24:49.462076,AUTOCORR_SAMPLE,Per-buffer autocorr result,freq=585697191.6971917,peak=0.07389222271740437,peak2=0.0064683277159929276,lag_off=3.0,confirmed=False
2026-04-24T17:24:49.464963,AUTOCORR_SAMPLE,Per-buffer autocorr result,freq=585697191.6971917,peak=0.14903372433036566,peak2=0.0854611387476325,lag_off=-3.0,confirmed=False
2026-04-24T17:24:49.467697,AUTOCORR_SAMPLE,Per-buffer autocorr result,freq=585697191.6971917,peak=0.13558127888245508,peak2=0.014580660208594054,lag_off=0.0,confirmed=False
2026-04-24T17:24:49.468472,AUTOCORR_SAMPLE,Per-buffer autocorr result,freq=585697191.6971917,peak=0.0719054180663079,peak2=0.025615154532715678,lag_off=-4.0,confirmed=False
2026-04-24T17:24:49.471443,AUTOCORR_SAMPLE,Per-buffer autocorr result,freq=585697191.6971917,peak=0.09874727251008153,peak2=0.04670041846111417,lag_off=-4.0,confirmed=False
2026-04-24T17:24:49.472298,AUTOCORR_SAMPLE,Per-buffer autocorr result,freq=585697191.6971917,peak=0.083145871758461,peak2=0.010134853422641754,lag_off=-2.0,confirmed=False
2026-04-24T17:24:49.475170,AUTOCORR_SAMPLE,Per-buffer autocorr result,freq=585697191.6971917,peak=0.06471573188900948,peak2=0.03313056007027626,lag_off=-3.0,confirmed=False
2026-04-24T17:24:49.475823,AUTOCORR_SAMPLE,Per-buffer autocorr result,freq=585697191.6971917,peak=0.07465962180867791,peak2=0.1090209917165339,lag_off=5.0,confirmed=False
2026-04-24T17:24:49.478749,AUTOCORR_SAMPLE,Per-buffer autocorr result,freq=585697191.6971917,peak=-0.005256876349449158,peak2=0.00041095539927482605,lag_off=-2.0,confirmed=False
2026-04-24T17:24:49.481701,AUTOCORR_SAMPLE,Per-buffer autocorr result,freq=585697191.6971917,peak=0.12790438160300255,peak2=-0.04346306435763836,lag_off=3.0,confirmed=False
2026-04-24T17:24:49.481848,AUTOCORR_RESULT,autocorr classification,freq=585697191.6971917,votes=0,total=10,score=0.0,confirmed=False
2026-04-24T17:24:49.525406,AUTOCORR_SAMPLE,Per-buffer autocorr result,freq=618231990.2319902,peak=0.09131839498877525,peak2=0.0713229589164257,lag_off=6.0,confirmed=False
2026-04-24T17:24:49.528194,AUTOCORR_SAMPLE,Per-buffer autocorr result,freq=618231990.2319902,peak=0.0196062084287405,peak2=0.03810666687786579,lag_off=-1.0,confirmed=False
2026-04-24T17:24:49.529186,AUTOCORR_SAMPLE,Per-buffer autocorr result,freq=618231990.2319902,peak=0.06708757672458887,peak2=0.05868536327034235,lag_off=-5.0,confirmed=False
2026-04-24T17:24:49.532383,AUTOCORR_SAMPLE,Per-buffer autocorr result,freq=618231990.2319902,peak=0.049959054216742516,peak2=0.02904561348259449,lag_off=5.0,confirmed=False
2026-04-24T17:24:49.533157,AUTOCORR_SAMPLE,Per-buffer autocorr result,freq=618231990.2319902,peak=0.05049532698467374,peak2=0.08181861089542508,lag_off=3.0,confirmed=False
2026-04-24T17:24:49.536425,AUTOCORR_SAMPLE,Per-buffer autocorr result,freq=618231990.2319902,peak=0.06733636185526848,peak2=0.057929690927267075,lag_off=-4.0,confirmed=False
2026-04-24T17:24:49.537143,AUTOCORR_SAMPLE,Per-buffer autocorr result,freq=618231990.2319902,peak=0.042333848774433136,peak2=-0.08150053024291992,lag_off=2.0,confirmed=False
2026-04-24T17:24:49.541164,AUTOCORR_SAMPLE,Per-buffer autocorr result,freq=618231990.2319902,peak=0.012879503890872002,peak2=0.037023235112428665,lag_off=3.0,confirmed=False
2026-04-24T17:24:49.544588,AUTOCORR_SAMPLE,Per-buffer autocorr result,freq=618231990.2319902,peak=0.04253195598721504,peak2=0.026625145226716995,lag_off=4.0,confirmed=False
2026-04-24T17:24:49.547247,AUTOCORR_SAMPLE,Per-buffer autocorr result,freq=618231990.2319902,peak=0.13226430444046855,peak2=0.06199304340407252,lag_off=5.0,confirmed=False
2026-04-24T17:24:49.547316,AUTOCORR_RESULT,autocorr classification,freq=618231990.2319902,votes=0,total=10,score=0.0,confirmed=False
2026-04-24T17:24:49.561282,AUTOCORR_SAMPLE,Per-buffer autocorr result,freq=646053724.053724,peak=0.0196062084287405,peak2=0.03810666687786579,lag_off=-1.0,confirmed=False
2026-04-24T17:24:49.562206,AUTOCORR_SAMPLE,Per-buffer autocorr result,freq=646053724.053724,peak=0.11472195840906352,peak2=0.057943572173826396,lag_off=-4.0,confirmed=False
2026-04-24T17:24:49.564959,AUTOCORR_SAMPLE,Per-buffer autocorr result,freq=646053724.053724,peak=0.05786919221282005,peak2=0.004155263304710388,lag_off=-6.0,confirmed=False
2026-04-24T17:24:49.567923,AUTOCORR_SAMPLE,Per-buffer autocorr result,freq=646053724.053724,peak=0.084927998483181,peak2=0.061321407556533813,lag_off=0.0,confirmed=False
2026-04-24T17:24:49.568765,AUTOCORR_SAMPLE,Per-buffer autocorr result,freq=646053724.053724,peak=0.08613257296383381,peak2=0.038565633818507195,lag_off=2.0,confirmed=False
2026-04-24T17:24:49.572026,AUTOCORR_SAMPLE,Per-buffer autocorr result,freq=646053724.053724,peak=0.10731558175757527,peak2=0.027480870950967073,lag_off=-2.0,confirmed=False
2026-04-24T17:24:49.575289,AUTOCORR_SAMPLE,Per-buffer autocorr result,freq=646053724.053724,peak=0.06933706719428301,peak2=0.04407657030969858,lag_off=0.0,confirmed=False
2026-04-24T17:24:49.576185,AUTOCORR_SAMPLE,Per-buffer autocorr result,freq=646053724.053724,peak=0.1123209772631526,peak2=0.08267512451857328,lag_off=-4.0,confirmed=False
2026-04-24T17:24:49.580065,AUTOCORR_SAMPLE,Per-buffer autocorr result,freq=646053724.053724,peak=0.07843531481921673,peak2=0.013193128630518913,lag_off=4.0,confirmed=False
2026-04-24T17:24:49.583509,AUTOCORR_SAMPLE,Per-buffer autocorr result,freq=646053724.053724,peak=0.07188460230827332,peak2=0.013824578374624252,lag_off=0.0,confirmed=False
2026-04-24T17:24:49.583697,AUTOCORR_RESULT,autocorr classification,freq=646053724.053724,votes=0,total=10,score=0.0,confirmed=False
2026-04-24T17:24:49.597283,AUTOCORR_SAMPLE,Per-buffer autocorr result,freq=664290598.2905983,peak=0.1167641393840313,peak2=0.0379633903503418,lag_off=-4.0,confirmed=False
2026-04-24T17:24:49.598170,AUTOCORR_SAMPLE,Per-buffer autocorr result,freq=664290598.2905983,peak=0.10931769898161292,peak2=0.06366711249575019,lag_off=3.0,confirmed=False
2026-04-24T17:24:49.600924,AUTOCORR_SAMPLE,Per-buffer autocorr result,freq=664290598.2905983,peak=0.1445727553218603,peak2=0.03574335016310215,lag_off=4.0,confirmed=False
2026-04-24T17:24:49.601755,AUTOCORR_SAMPLE,Per-buffer autocorr result,freq=664290598.2905983,peak=0.055686917155981064,peak2=0.013575691729784012,lag_off=-2.0,confirmed=False
2026-04-24T17:24:49.604484,AUTOCORR_SAMPLE,Per-buffer autocorr result,freq=664290598.2905983,peak=0.02835977077484131,peak2=0.011594265699386597,lag_off=-2.0,confirmed=False
2026-04-24T17:24:49.605355,AUTOCORR_SAMPLE,Per-buffer autocorr result,freq=664290598.2905983,peak=0.12221197783946991,peak2=0.08312595635652542,lag_off=0.0,confirmed=False
2026-04-24T17:24:49.608195,AUTOCORR_SAMPLE,Per-buffer autocorr result,freq=664290598.2905983,peak=0.08203831315040588,peak2=0.018898360431194305,lag_off=1.0,confirmed=False
2026-04-24T17:24:49.609000,AUTOCORR_SAMPLE,Per-buffer autocorr result,freq=664290598.2905983,peak=0.10894557507708669,peak2=0.08797739865258336,lag_off=-4.0,confirmed=False
2026-04-24T17:24:49.611948,AUTOCORR_SAMPLE,Per-buffer autocorr result,freq=664290598.2905983,peak=0.040479389019310474,peak2=0.13435182813555002,lag_off=6.0,confirmed=False
2026-04-24T17:24:49.612801,AUTOCORR_SAMPLE,Per-buffer autocorr result,freq=664290598.2905983,peak=0.11663960525766015,peak2=0.07186577329412103,lag_off=0.0,confirmed=False
2026-04-24T17:24:49.615008,AUTOCORR_RESULT,autocorr classification,freq=664290598.2905983,votes=0,total=10,score=0.0,confirmed=False
2026-04-24T17:24:50.138114,AUTOCORR_SAMPLE,Per-buffer autocorr result,freq=939675213.6752137,peak=0.10750074870884418,peak2=0.07266431488096714,lag_off=-3.0,confirmed=False
2026-04-24T17:24:50.142765,AUTOCORR_SAMPLE,Per-buffer autocorr result,freq=939675213.6752137,peak=0.03348412550985813,peak2=0.06631730310618877,lag_off=-4.0,confirmed=False
2026-04-24T17:24:50.143747,AUTOCORR_SAMPLE,Per-buffer autocorr result,freq=939675213.6752137,peak=0.23689894715789706,peak2=0.014063126989640296,lag_off=-2.0,confirmed=False
2026-04-24T17:24:50.144302,AUTOCORR_SAMPLE,Per-buffer autocorr result,freq=939675213.6752137,peak=0.08245543949306011,peak2=0.053554171696305275,lag_off=1.0,confirmed=False
2026-04-24T17:24:50.144811,AUTOCORR_SAMPLE,Per-buffer autocorr result,freq=939675213.6752137,peak=0.08535773307085037,peak2=0.08937536925077438,lag_off=-4.0,confirmed=False
2026-04-24T17:24:50.145215,AUTOCORR_SAMPLE,Per-buffer autocorr result,freq=939675213.6752137,peak=0.1307065775617957,peak2=0.052430654875934124,lag_off=-3.0,confirmed=False
2026-04-24T17:24:50.145651,AUTOCORR_SAMPLE,Per-buffer autocorr result,freq=939675213.6752137,peak=0.06363129685632885,peak2=0.07636453025043011,lag_off=-4.0,confirmed=False
2026-04-24T17:24:50.146072,AUTOCORR_SAMPLE,Per-buffer autocorr result,freq=939675213.6752137,peak=0.08267500065267086,peak2=0.012975145131349564,lag_off=0.0,confirmed=False
2026-04-24T17:24:50.146483,AUTOCORR_SAMPLE,Per-buffer autocorr result,freq=939675213.6752137,peak=-0.018088275101035833,peak2=0.10852554673328996,lag_off=0.0,confirmed=False
2026-04-24T17:24:50.146916,AUTOCORR_SAMPLE,Per-buffer autocorr result,freq=939675213.6752137,peak=0.02472773566842079,peak2=0.001352162566035986,lag_off=-5.0,confirmed=False
2026-04-24T17:24:50.146956,AUTOCORR_RESULT,autocorr classification,freq=939675213.6752137,votes=0,total=10,score=0.0,confirmed=False
2026-04-24T17:24:50.193692,AUTOCORR_SAMPLE,Per-buffer autocorr result,freq=958879120.8791208,peak=0.02472773566842079,peak2=0.001352162566035986,lag_off=-5.0,confirmed=False
2026-04-24T17:24:50.196624,AUTOCORR_SAMPLE,Per-buffer autocorr result,freq=958879120.8791208,peak=-0.09277952462434769,peak2=-0.33084332197904587,lag_off=-1.0,confirmed=False
2026-04-24T17:24:50.197281,AUTOCORR_SAMPLE,Per-buffer autocorr result,freq=958879120.8791208,peak=0.11388262268155813,peak2=0.06990159209817648,lag_off=-4.0,confirmed=False
2026-04-24T17:24:50.200094,AUTOCORR_SAMPLE,Per-buffer autocorr result,freq=958879120.8791208,peak=-0.06365680694580078,peak2=-0.18668191507458687,lag_off=-2.0,confirmed=False
2026-04-24T17:24:50.200768,AUTOCORR_SAMPLE,Per-buffer autocorr result,freq=958879120.8791208,peak=-0.1430752146989107,peak2=-0.21641818806529045,lag_off=-1.0,confirmed=False
2026-04-24T17:24:50.203585,AUTOCORR_SAMPLE,Per-buffer autocorr result,freq=958879120.8791208,peak=0.012536153197288513,peak2=-0.007841100916266441,lag_off=-5.0,confirmed=False
2026-04-24T17:24:50.204570,AUTOCORR_SAMPLE,Per-buffer autocorr result,freq=958879120.8791208,peak=0.06969655677676201,peak2=0.003496551886200905,lag_off=-4.0,confirmed=False
2026-04-24T17:24:50.207580,AUTOCORR_SAMPLE,Per-buffer autocorr result,freq=958879120.8791208,peak=0.02687129843980074,peak2=0.10037099476903677,lag_off=-1.0,confirmed=False
2026-04-24T17:24:50.208247,AUTOCORR_SAMPLE,Per-buffer autocorr result,freq=958879120.8791208,peak=-0.2087799273431301,peak2=-0.345420777797699,lag_off=-5.0,confirmed=False
2026-04-24T17:24:50.211244,AUTOCORR_SAMPLE,Per-buffer autocorr result,freq=958879120.8791208,peak=-0.035999562591314316,peak2=-0.09346462320536375,lag_off=2.0,confirmed=False
2026-04-24T17:24:50.211345,AUTOCORR_RESULT,autocorr classification,freq=958879120.8791208,votes=0,total=10,score=0.0,confirmed=False
2026-04-24T17:24:50.714890,AUTOCORR_SAMPLE,Per-buffer autocorr result,freq=1336224664.2246642,peak=0.011963613098487258,peak2=0.010755096329376101,lag_off=-3.0,confirmed=False
2026-04-24T17:24:50.715687,AUTOCORR_SAMPLE,Per-buffer autocorr result,freq=1336224664.2246642,peak=0.3124524559825659,peak2=0.03434843756258488,lag_off=-4.0,confirmed=False
2026-04-24T17:24:50.718077,AUTOCORR_SAMPLE,Per-buffer autocorr result,freq=1336224664.2246642,peak=0.0461281732423231,peak2=0.06464006833266467,lag_off=-4.0,confirmed=False
2026-04-24T17:24:50.718805,AUTOCORR_SAMPLE,Per-buffer autocorr result,freq=1336224664.2246642,peak=0.020009201485663652,peak2=0.03341515129432082,lag_off=-2.0,confirmed=False
2026-04-24T17:24:50.721898,AUTOCORR_SAMPLE,Per-buffer autocorr result,freq=1336224664.2246642,peak=0.01844001456629485,peak2=0.1578305111033842,lag_off=-5.0,confirmed=False
2026-04-24T17:24:50.723029,AUTOCORR_SAMPLE,Per-buffer autocorr result,freq=1336224664.2246642,peak=0.12762696016579866,peak2=0.09268216509371996,lag_off=-6.0,confirmed=False
2026-04-24T17:24:50.725504,AUTOCORR_SAMPLE,Per-buffer autocorr result,freq=1336224664.2246642,peak=0.054712651297450066,peak2=0.06250243820250034,lag_off=6.0,confirmed=False
2026-04-24T17:24:50.727873,AUTOCORR_SAMPLE,Per-buffer autocorr result,freq=1336224664.2246642,peak=0.06333054415881634,peak2=-0.005917635280638933,lag_off=-6.0,confirmed=False
2026-04-24T17:24:50.728529,AUTOCORR_SAMPLE,Per-buffer autocorr result,freq=1336224664.2246642,peak=0.06505444506183267,peak2=0.04526858264580369,lag_off=-4.0,confirmed=False
2026-04-24T17:24:50.729335,AUTOCORR_SAMPLE,Per-buffer autocorr result,freq=1336224664.2246642,peak=0.059659709222614765,peak2=0.04711574036628008,lag_off=-5.0,confirmed=False
2026-04-24T17:24:50.731169,AUTOCORR_RESULT,autocorr classification,freq=1336224664.2246642,votes=0,total=10,score=0.0,confirmed=False
2026-04-24T17:24:51.411329,AUTOCORR_SAMPLE,Per-buffer autocorr result,freq=1807428571.4285712,peak=0.12013748148456216,peak2=0.08634283253923059,lag_off=-3.0,confirmed=False
2026-04-24T17:24:51.414230,AUTOCORR_SAMPLE,Per-buffer autocorr result,freq=1807428571.4285712,peak=0.09242923185229301,peak2=0.15099450200796127,lag_off=-2.0,confirmed=False
2026-04-24T17:24:51.415046,AUTOCORR_SAMPLE,Per-buffer autocorr result,freq=1807428571.4285712,peak=-0.005707825068384409,peak2=-0.016899097245186567,lag_off=-4.0,confirmed=False
2026-04-24T17:24:51.419195,AUTOCORR_SAMPLE,Per-buffer autocorr result,freq=1807428571.4285712,peak=-0.06984871998429298,peak2=-0.04090158548206091,lag_off=3.0,confirmed=False
2026-04-24T17:24:51.419994,AUTOCORR_SAMPLE,Per-buffer autocorr result,freq=1807428571.4285712,peak=0.050930430414155126,peak2=0.011666377307847142,lag_off=-6.0,confirmed=False
2026-04-24T17:24:51.420852,AUTOCORR_SAMPLE,Per-buffer autocorr result,freq=1807428571.4285712,peak=0.006267717515584081,peak2=0.013519993517547846,lag_off=0.0,confirmed=False
2026-04-24T17:24:51.429290,AUTOCORR_SAMPLE,Per-buffer autocorr result,freq=1807428571.4285712,peak=0.16284246975556016,peak2=0.07673562550917268,lag_off=-2.0,confirmed=False
2026-04-24T17:24:51.440438,AUTOCORR_SAMPLE,Per-buffer autocorr result,freq=1807428571.4285712,peak=-0.06628202646970749,peak2=-0.19774704799056053,lag_off=-6.0,confirmed=False
2026-04-24T17:24:51.448903,AUTOCORR_SAMPLE,Per-buffer autocorr result,freq=1807428571.4285712,peak=0.07545411004684865,peak2=0.07564384653232992,lag_off=6.0,confirmed=False
2026-04-24T17:24:51.449785,AUTOCORR_SAMPLE,Per-buffer autocorr result,freq=1807428571.4285712,peak=-0.24192039668560028,peak2=-0.5085311979055405,lag_off=-2.0,confirmed=False
2026-04-24T17:24:51.458401,AUTOCORR_RESULT,autocorr classification,freq=1807428571.4285712,votes=0,total=10,score=0.0,confirmed=False
2026-04-24T17:24:51.601712,AUTOCORR_SAMPLE,Per-buffer autocorr result,freq=1827987789.98779,peak=0.050930430414155126,peak2=0.011666377307847142,lag_off=-6.0,confirmed=False
2026-04-24T17:24:51.618281,AUTOCORR_SAMPLE,Per-buffer autocorr result,freq=1827987789.98779,peak=0.09941238351166248,peak2=0.10558179952204227,lag_off=2.0,confirmed=False
2026-04-24T17:24:51.657721,AUTOCORR_SAMPLE,Per-buffer autocorr result,freq=1827987789.98779,peak=0.010839410126209259,peak2=0.024377262219786644,lag_off=-4.0,confirmed=False
2026-04-24T17:24:51.662855,AUTOCORR_SAMPLE,Per-buffer autocorr result,freq=1827987789.98779,peak=-0.33723846822977066,peak2=-0.692002147436142,lag_off=-6.0,confirmed=False
2026-04-24T17:24:51.679166,AUTOCORR_SAMPLE,Per-buffer autocorr result,freq=1827987789.98779,peak=0.08506955753546208,peak2=0.06479823391418904,lag_off=-6.0,confirmed=False
2026-04-24T17:24:51.692180,AUTOCORR_SAMPLE,Per-buffer autocorr result,freq=1827987789.98779,peak=0.029735315591096878,peak2=-0.14752139523625374,lag_off=6.0,confirmed=False
2026-04-24T17:24:51.703186,AUTOCORR_SAMPLE,Per-buffer autocorr result,freq=1827987789.98779,peak=-0.16540226340293884,peak2=-0.09955459926277399,lag_off=4.0,confirmed=False
2026-04-24T17:24:51.718819,AUTOCORR_SAMPLE,Per-buffer autocorr result,freq=1827987789.98779,peak=-0.25105851888656616,peak2=-0.0261540524661541,lag_off=3.0,confirmed=False
2026-04-24T17:24:51.729911,AUTOCORR_SAMPLE,Per-buffer autocorr result,freq=1827987789.98779,peak=0.09039603546261787,peak2=0.04848436638712883,lag_off=3.0,confirmed=False
2026-04-24T17:24:51.742404,AUTOCORR_SAMPLE,Per-buffer autocorr result,freq=1827987789.98779,peak=0.10947487037628889,peak2=0.032088122330605984,lag_off=-2.0,confirmed=False
2026-04-24T17:24:51.742562,AUTOCORR_RESULT,autocorr classification,freq=1827987789.98779,votes=0,total=10,score=0.0,confirmed=False
2026-04-24T17:24:51.859630,AUTOCORR_SAMPLE,Per-buffer autocorr result,freq=1847816849.8168497,peak=0.09941238351166248,peak2=0.10558179952204227,lag_off=2.0,confirmed=False
2026-04-24T17:24:51.882729,AUTOCORR_SAMPLE,Per-buffer autocorr result,freq=1847816849.8168497,peak=-0.0132402703166008,peak2=0.1339610442519188,lag_off=4.0,confirmed=False
2026-04-24T17:24:51.883780,AUTOCORR_SAMPLE,Per-buffer autocorr result,freq=1847816849.8168497,peak=0.1170981265604496,peak2=0.012180496007204056,lag_off=6.0,confirmed=False
2026-04-24T17:24:51.884391,AUTOCORR_SAMPLE,Per-buffer autocorr result,freq=1847816849.8168497,peak=-0.3226048368960619,peak2=-0.44148585200309753,lag_off=-6.0,confirmed=False
2026-04-24T17:24:51.890410,AUTOCORR_SAMPLE,Per-buffer autocorr result,freq=1847816849.8168497,peak=0.10458885505795479,peak2=0.14034658356104046,lag_off=4.0,confirmed=False
2026-04-24T17:24:51.891439,AUTOCORR_SAMPLE,Per-buffer autocorr result,freq=1847816849.8168497,peak=-0.01310693472623825,peak2=-0.07827871385961771,lag_off=-4.0,confirmed=False
2026-04-24T17:24:51.895041,AUTOCORR_SAMPLE,Per-buffer autocorr result,freq=1847816849.8168497,peak=-0.009932348504662514,peak2=0.09392000176012516,lag_off=6.0,confirmed=False
2026-04-24T17:24:51.896093,AUTOCORR_SAMPLE,Per-buffer autocorr result,freq=1847816849.8168497,peak=-0.1359879830852151,peak2=-0.2948025017976761,lag_off=-5.0,confirmed=False
2026-04-24T17:24:51.899991,AUTOCORR_SAMPLE,Per-buffer autocorr result,freq=1847816849.8168497,peak=-0.046887703239917755,peak2=-0.11878136172890663,lag_off=5.0,confirmed=False
2026-04-24T17:24:51.903018,AUTOCORR_SAMPLE,Per-buffer autocorr result,freq=1847816849.8168497,peak=0.027949338778853416,peak2=-0.03929986245930195,lag_off=-4.0,confirmed=False
2026-04-24T17:24:51.903138,AUTOCORR_RESULT,autocorr classification,freq=1847816849.8168497,votes=0,total=10,score=0.0,confirmed=False
2026-04-24T17:24:51.919528,AUTOCORR_SAMPLE,Per-buffer autocorr result,freq=1867724053.7240536,peak=-0.046887703239917755,peak2=-0.11878136172890663,lag_off=5.0,confirmed=False
2026-04-24T17:24:51.923015,AUTOCORR_SAMPLE,Per-buffer autocorr result,freq=1867724053.7240536,peak=-0.022595807909965515,peak2=-0.03113449364900589,lag_off=-1.0,confirmed=False
2026-04-24T17:24:51.924257,AUTOCORR_SAMPLE,Per-buffer autocorr result,freq=1867724053.7240536,peak=-0.041060879826545715,peak2=-0.14572931453585625,lag_off=-5.0,confirmed=False
2026-04-24T17:24:51.928644,AUTOCORR_SAMPLE,Per-buffer autocorr result,freq=1867724053.7240536,peak=0.09122778289020061,peak2=0.009097065776586533,lag_off=-1.0,confirmed=False
2026-04-24T17:24:51.929583,AUTOCORR_SAMPLE,Per-buffer autocorr result,freq=1867724053.7240536,peak=0.06916731409728527,peak2=0.04663151502609253,lag_off=3.0,confirmed=False
2026-04-24T17:24:51.934890,AUTOCORR_SAMPLE,Per-buffer autocorr result,freq=1867724053.7240536,peak=0.10455059818923473,peak2=0.15721016936004162,lag_off=-3.0,confirmed=False
2026-04-24T17:24:51.935899,AUTOCORR_SAMPLE,Per-buffer autocorr result,freq=1867724053.7240536,peak=-0.007970716804265976,peak2=0.07203235756605864,lag_off=5.0,confirmed=False
2026-04-24T17:24:51.941283,AUTOCORR_SAMPLE,Per-buffer autocorr result,freq=1867724053.7240536,peak=0.08004357665777206,peak2=0.0017691776156425476,lag_off=-5.0,confirmed=False
2026-04-24T17:24:51.942096,AUTOCORR_SAMPLE,Per-buffer autocorr result,freq=1867724053.7240536,peak=0.08327133860439062,peak2=0.037187534384429455,lag_off=0.0,confirmed=False
2026-04-24T17:24:51.947118,AUTOCORR_SAMPLE,Per-buffer autocorr result,freq=1867724053.7240536,peak=0.04451250843703747,peak2=0.06572863273322582,lag_off=-4.0,confirmed=False
2026-04-24T17:24:51.947259,AUTOCORR_RESULT,autocorr classification,freq=1867724053.7240536,votes=0,total=10,score=0.0,confirmed=False
2026-04-24T17:24:51.974417,AUTOCORR_SAMPLE,Per-buffer autocorr result,freq=1875282051.282051,peak=0.10455059818923473,peak2=0.15721016936004162,lag_off=-3.0,confirmed=False
2026-04-24T17:24:51.975100,AUTOCORR_SAMPLE,Per-buffer autocorr result,freq=1875282051.282051,peak=-0.09087345749139786,peak2=-0.24677085131406784,lag_off=0.0,confirmed=False
2026-04-24T17:24:51.978854,AUTOCORR_SAMPLE,Per-buffer autocorr result,freq=1875282051.282051,peak=0.05286688730120659,peak2=-0.06040542107075453,lag_off=-4.0,confirmed=False
2026-04-24T17:24:51.982753,AUTOCORR_SAMPLE,Per-buffer autocorr result,freq=1875282051.282051,peak=0.13659445755183697,peak2=0.09243444167077541,lag_off=6.0,confirmed=False
2026-04-24T17:24:51.983530,AUTOCORR_SAMPLE,Per-buffer autocorr result,freq=1875282051.282051,peak=0.08850233070552349,peak2=0.06950908713042736,lag_off=-6.0,confirmed=False
2026-04-24T17:24:51.987020,AUTOCORR_SAMPLE,Per-buffer autocorr result,freq=1875282051.282051,peak=0.08719988539814949,peak2=-0.034370191395282745,lag_off=1.0,confirmed=False
2026-04-24T17:24:51.987878,AUTOCORR_SAMPLE,Per-buffer autocorr result,freq=1875282051.282051,peak=0.052400462329387665,peak2=-0.12369965389370918,lag_off=-6.0,confirmed=False
2026-04-24T17:24:51.991789,AUTOCORR_SAMPLE,Per-buffer autocorr result,freq=1875282051.282051,peak=0.004279576241970062,peak2=-0.15346887335181236,lag_off=-6.0,confirmed=False
2026-04-24T17:24:51.992682,AUTOCORR_SAMPLE,Per-buffer autocorr result,freq=1875282051.282051,peak=0.0471486821770668,peak2=-0.034166235476732254,lag_off=4.0,confirmed=False
2026-04-24T17:24:51.996081,AUTOCORR_SAMPLE,Per-buffer autocorr result,freq=1875282051.282051,peak=0.04178619012236595,peak2=-0.005925921723246574,lag_off=6.0,confirmed=False
2026-04-24T17:24:51.996180,AUTOCORR_RESULT,autocorr classification,freq=1875282051.282051,votes=0,total=10,score=0.0,confirmed=False
2026-04-24T17:24:52.013438,AUTOCORR_SAMPLE,Per-buffer autocorr result,freq=1895367521.3675213,peak=-0.09087345749139786,peak2=-0.24677085131406784,lag_off=0.0,confirmed=False
2026-04-24T17:24:52.016118,AUTOCORR_SAMPLE,Per-buffer autocorr result,freq=1895367521.3675213,peak=0.03924411069601774,peak2=0.038196693174541,lag_off=-2.0,confirmed=False
2026-04-24T17:24:52.016907,AUTOCORR_SAMPLE,Per-buffer autocorr result,freq=1895367521.3675213,peak=0.14879468455910683,peak2=0.07953796163201332,lag_off=2.0,confirmed=False
2026-04-24T17:24:52.019833,AUTOCORR_SAMPLE,Per-buffer autocorr result,freq=1895367521.3675213,peak=0.06262042152229697,peak2=0.021111404174007475,lag_off=-6.0,confirmed=False
2026-04-24T17:24:52.022416,AUTOCORR_SAMPLE,Per-buffer autocorr result,freq=1895367521.3675213,peak=0.09095679147321789,peak2=0.07540044857341854,lag_off=-2.0,confirmed=False
2026-04-24T17:24:52.023390,AUTOCORR_SAMPLE,Per-buffer autocorr result,freq=1895367521.3675213,peak=0.03299406648147851,peak2=0.02898449741769582,lag_off=4.0,confirmed=False
2026-04-24T17:24:52.024190,AUTOCORR_SAMPLE,Per-buffer autocorr result,freq=1895367521.3675213,peak=0.0670973677188158,peak2=0.028278935700654984,lag_off=5.0,confirmed=False
2026-04-24T17:24:52.026861,AUTOCORR_SAMPLE,Per-buffer autocorr result,freq=1895367521.3675213,peak=0.08435231260955334,peak2=0.038949986919760704,lag_off=5.0,confirmed=False
2026-04-24T17:24:52.027486,AUTOCORR_SAMPLE,Per-buffer autocorr result,freq=1895367521.3675213,peak=0.06376151088625193,peak2=0.0368310222402215,lag_off=-6.0,confirmed=False
2026-04-24T17:24:52.030001,AUTOCORR_SAMPLE,Per-buffer autocorr result,freq=1895367521.3675213,peak=0.2696933578699827,peak2=0.026060106232762337,lag_off=6.0,confirmed=False
2026-04-24T17:24:52.030076,AUTOCORR_RESULT,autocorr classification,freq=1895367521.3675213,votes=0,total=10,score=0.0,confirmed=False
2026-04-24T17:24:52.377296,AUTOCORR_SAMPLE,Per-buffer autocorr result,freq=2114986568.986569,peak=0.022482466883957386,peak2=0.029976983554661274,lag_off=-5.0,confirmed=False
2026-04-24T17:24:52.385862,AUTOCORR_SAMPLE,Per-buffer autocorr result,freq=2114986568.986569,peak=0.09781914157792926,peak2=0.11385379685088992,lag_off=4.0,confirmed=False
2026-04-24T17:24:52.386652,AUTOCORR_SAMPLE,Per-buffer autocorr result,freq=2114986568.986569,peak=0.08708699233829975,peak2=0.06229760684072971,lag_off=-5.0,confirmed=False
2026-04-24T17:24:52.393848,AUTOCORR_SAMPLE,Per-buffer autocorr result,freq=2114986568.986569,peak=0.12401997298002243,peak2=0.09057237952947617,lag_off=5.0,confirmed=False
2026-04-24T17:24:52.398065,AUTOCORR_SAMPLE,Per-buffer autocorr result,freq=2114986568.986569,peak=0.13443022035062313,peak2=0.12900022976100445,lag_off=3.0,confirmed=False
2026-04-24T17:24:52.398982,AUTOCORR_SAMPLE,Per-buffer autocorr result,freq=2114986568.986569,peak=0.1060316483490169,peak2=0.09567137015983462,lag_off=1.0,confirmed=False
2026-04-24T17:24:52.402517,AUTOCORR_SAMPLE,Per-buffer autocorr result,freq=2114986568.986569,peak=0.11593851260840893,peak2=0.07102028094232082,lag_off=4.0,confirmed=False
2026-04-24T17:24:52.403230,AUTOCORR_SAMPLE,Per-buffer autocorr result,freq=2114986568.986569,peak=0.08175655268132687,peak2=0.07528549991548061,lag_off=1.0,confirmed=False
2026-04-24T17:24:52.407074,AUTOCORR_SAMPLE,Per-buffer autocorr result,freq=2114986568.986569,peak=0.0761537766084075,peak2=0.12138144206255674,lag_off=1.0,confirmed=False
2026-04-24T17:24:52.407894,AUTOCORR_SAMPLE,Per-buffer autocorr result,freq=2114986568.986569,peak=0.17914808727800846,peak2=0.12589475698769093,lag_off=-1.0,confirmed=False
2026-04-24T17:24:52.410762,AUTOCORR_RESULT,autocorr classification,freq=2114986568.986569,votes=0,total=10,score=0.0,confirmed=False
2026-04-24T17:24:52.457948,AUTOCORR_SAMPLE,Per-buffer autocorr result,freq=2143616605.6166055,peak=0.13443022035062313,peak2=0.12900022976100445,lag_off=3.0,confirmed=False
2026-04-24T17:24:52.462273,AUTOCORR_SAMPLE,Per-buffer autocorr result,freq=2143616605.6166055,peak=0.05446991167264059,peak2=0.06225838355021551,lag_off=0.0,confirmed=False
2026-04-24T17:24:52.466109,AUTOCORR_SAMPLE,Per-buffer autocorr result,freq=2143616605.6166055,peak=0.00021111592650413513,peak2=-0.12302570790052414,lag_off=-1.0,confirmed=False
2026-04-24T17:24:52.466964,AUTOCORR_SAMPLE,Per-buffer autocorr result,freq=2143616605.6166055,peak=0.1802731789648533,peak2=-0.028079260140657425,lag_off=-1.0,confirmed=False
2026-04-24T17:24:52.469978,AUTOCORR_SAMPLE,Per-buffer autocorr result,freq=2143616605.6166055,peak=0.13679996132850647,peak2=-0.030951805412769318,lag_off=0.0,confirmed=False
2026-04-24T17:24:52.470880,AUTOCORR_SAMPLE,Per-buffer autocorr result,freq=2143616605.6166055,peak=0.047236118465662,peak2=0.19636554270982742,lag_off=5.0,confirmed=False
2026-04-24T17:24:52.474316,AUTOCORR_SAMPLE,Per-buffer autocorr result,freq=2143616605.6166055,peak=0.03397805988788605,peak2=-0.28374820947647095,lag_off=1.0,confirmed=False
2026-04-24T17:24:52.476934,AUTOCORR_SAMPLE,Per-buffer autocorr result,freq=2143616605.6166055,peak=0.10253184521570802,peak2=0.048619354609400034,lag_off=-4.0,confirmed=False
2026-04-24T17:24:52.479831,AUTOCORR_SAMPLE,Per-buffer autocorr result,freq=2143616605.6166055,peak=0.20715107768774033,peak2=0.04682903178036213,lag_off=5.0,confirmed=False
2026-04-24T17:24:52.482791,AUTOCORR_SAMPLE,Per-buffer autocorr result,freq=2143616605.6166055,peak=-0.013430602848529816,peak2=-0.08221724285976961,lag_off=-5.0,confirmed=False
2026-04-24T17:24:52.482968,AUTOCORR_RESULT,autocorr classification,freq=2143616605.6166055,votes=0,total=10,score=0.0,confirmed=False
2026-04-24T17:24:52.495035,AUTOCORR_SAMPLE,Per-buffer autocorr result,freq=2157858363.858364,peak=0.05446991167264059,peak2=0.06225838355021551,lag_off=0.0,confirmed=False
2026-04-24T17:24:52.498685,AUTOCORR_SAMPLE,Per-buffer autocorr result,freq=2157858363.858364,peak=0.17886395659297705,peak2=0.06937218736857176,lag_off=4.0,confirmed=False
2026-04-24T17:24:52.501704,AUTOCORR_SAMPLE,Per-buffer autocorr result,freq=2157858363.858364,peak=0.04122130014002323,peak2=0.0753666590899229,lag_off=4.0,confirmed=False
2026-04-24T17:24:52.502548,AUTOCORR_SAMPLE,Per-buffer autocorr result,freq=2157858363.858364,peak=-0.02344106137752533,peak2=-0.1098790392279625,lag_off=-3.0,confirmed=False
2026-04-24T17:24:52.506459,AUTOCORR_SAMPLE,Per-buffer autocorr result,freq=2157858363.858364,peak=0.1008500074967742,peak2=0.06378866266459227,lag_off=4.0,confirmed=False
2026-04-24T17:24:52.511301,AUTOCORR_SAMPLE,Per-buffer autocorr result,freq=2157858363.858364,peak=0.10325910244137049,peak2=0.07041765842586756,lag_off=5.0,confirmed=False
2026-04-24T17:24:52.512114,AUTOCORR_SAMPLE,Per-buffer autocorr result,freq=2157858363.858364,peak=0.06851953398290789,peak2=0.0407451217979542,lag_off=-6.0,confirmed=False
2026-04-24T17:24:52.527708,AUTOCORR_SAMPLE,Per-buffer autocorr result,freq=2157858363.858364,peak=0.11253176163882017,peak2=0.07264236640185118,lag_off=0.0,confirmed=False
2026-04-24T17:24:52.544120,AUTOCORR_SAMPLE,Per-buffer autocorr result,freq=2157858363.858364,peak=0.1224236199632287,peak2=0.08595490548759699,lag_off=1.0,confirmed=False
2026-04-24T17:24:52.545981,AUTOCORR_SAMPLE,Per-buffer autocorr result,freq=2157858363.858364,peak=0.047443907242268324,peak2=0.07722362456843257,lag_off=-5.0,confirmed=False
2026-04-24T17:24:52.546046,AUTOCORR_RESULT,autocorr classification,freq=2157858363.858364,votes=0,total=10,score=0.0,confirmed=False
2026-04-24T17:24:52.643110,AUTOCORR_SAMPLE,Per-buffer autocorr result,freq=2187054945.054945,peak=0.17886395659297705,peak2=0.06937218736857176,lag_off=4.0,confirmed=False
2026-04-24T17:24:52.652709,AUTOCORR_SAMPLE,Per-buffer autocorr result,freq=2187054945.054945,peak=0.05421764380298555,peak2=0.1260607575532049,lag_off=-4.0,confirmed=False
2026-04-24T17:24:52.653598,AUTOCORR_SAMPLE,Per-buffer autocorr result,freq=2187054945.054945,peak=0.03873049886897206,peak2=0.08782674791291356,lag_off=-3.0,confirmed=False
2026-04-24T17:24:52.663687,AUTOCORR_SAMPLE,Per-buffer autocorr result,freq=2187054945.054945,peak=0.0730565907433629,peak2=0.03398237098008394,lag_off=0.0,confirmed=False
2026-04-24T17:24:52.669698,AUTOCORR_SAMPLE,Per-buffer autocorr result,freq=2187054945.054945,peak=0.07544789649546146,peak2=0.029854698106646538,lag_off=-5.0,confirmed=False
2026-04-24T17:24:52.674853,AUTOCORR_SAMPLE,Per-buffer autocorr result,freq=2187054945.054945,peak=0.13587993755936623,peak2=0.04145866259932518,lag_off=-1.0,confirmed=False
2026-04-24T17:24:52.684609,AUTOCORR_SAMPLE,Per-buffer autocorr result,freq=2187054945.054945,peak=0.013434849679470062,peak2=-0.16854024678468704,lag_off=3.0,confirmed=False
2026-04-24T17:24:52.685536,AUTOCORR_SAMPLE,Per-buffer autocorr result,freq=2187054945.054945,peak=0.046924509573727846,peak2=0.012762068305164576,lag_off=0.0,confirmed=False
2026-04-24T17:24:52.694899,AUTOCORR_SAMPLE,Per-buffer autocorr result,freq=2187054945.054945,peak=0.07205879129469395,peak2=0.12367857433855534,lag_off=0.0,confirmed=False
2026-04-24T17:24:52.700866,AUTOCORR_SAMPLE,Per-buffer autocorr result,freq=2187054945.054945,peak=0.1353302183561027,peak2=0.07788554159924388,lag_off=-5.0,confirmed=False
2026-04-24T17:24:52.704088,AUTOCORR_RESULT,autocorr classification,freq=2187054945.054945,votes=0,total=10,score=0.0,confirmed=False
2026-04-24T17:24:52.724413,AUTOCORR_SAMPLE,Per-buffer autocorr result,freq=2207304029.3040295,peak=0.013434849679470062,peak2=-0.16854024678468704,lag_off=3.0,confirmed=False
2026-04-24T17:24:52.725373,AUTOCORR_SAMPLE,Per-buffer autocorr result,freq=2207304029.3040295,peak=0.13307793904095888,peak2=0.07807686645537615,lag_off=-6.0,confirmed=False
2026-04-24T17:24:52.728021,AUTOCORR_SAMPLE,Per-buffer autocorr result,freq=2207304029.3040295,peak=0.10460686078295112,peak2=0.041922645177692175,lag_off=-3.0,confirmed=False
2026-04-24T17:24:52.728875,AUTOCORR_SAMPLE,Per-buffer autocorr result,freq=2207304029.3040295,peak=0.02315967157483101,peak2=0.02171963080763817,lag_off=3.0,confirmed=False
2026-04-24T17:24:52.731427,AUTOCORR_SAMPLE,Per-buffer autocorr result,freq=2207304029.3040295,peak=0.08168866578489542,peak2=0.06803972367197275,lag_off=2.0,confirmed=False
2026-04-24T17:24:52.732198,AUTOCORR_SAMPLE,Per-buffer autocorr result,freq=2207304029.3040295,peak=0.10965982358902693,peak2=0.09238681476563215,lag_off=-6.0,confirmed=False
2026-04-24T17:24:52.734913,AUTOCORR_SAMPLE,Per-buffer autocorr result,freq=2207304029.3040295,peak=0.1817956678569317,peak2=0.10459400340914726,lag_off=-4.0,confirmed=False
2026-04-24T17:24:52.735670,AUTOCORR_SAMPLE,Per-buffer autocorr result,freq=2207304029.3040295,peak=0.09495494700968266,peak2=0.06662486679852009,lag_off=0.0,confirmed=False
2026-04-24T17:24:52.738401,AUTOCORR_SAMPLE,Per-buffer autocorr result,freq=2207304029.3040295,peak=0.09393550723325461,peak2=0.12453785061370581,lag_off=-2.0,confirmed=False
2026-04-24T17:24:52.739350,AUTOCORR_SAMPLE,Per-buffer autocorr result,freq=2207304029.3040295,peak=0.03890540252905339,peak2=0.031205497565679252,lag_off=5.0,confirmed=False
2026-04-24T17:24:52.741653,AUTOCORR_RESULT,autocorr classification,freq=2207304029.3040295,votes=0,total=10,score=0.0,confirmed=False
2026-04-24T17:24:53.071356,AUTOCORR_SAMPLE,Per-buffer autocorr result,freq=2461023199.023199,peak=0.029365599155426025,peak2=0.027693171054124832,lag_off=-5.0,confirmed=False
2026-04-24T17:24:53.074348,AUTOCORR_SAMPLE,Per-buffer autocorr result,freq=2461023199.023199,peak=0.09944369364529848,peak2=0.07173233944922686,lag_off=2.0,confirmed=False
2026-04-24T17:24:53.075158,AUTOCORR_SAMPLE,Per-buffer autocorr result,freq=2461023199.023199,peak=-0.3472294248640537,peak2=-0.5668655335903168,lag_off=-5.0,confirmed=False
2026-04-24T17:24:53.077865,AUTOCORR_SAMPLE,Per-buffer autocorr result,freq=2461023199.023199,peak=0.11796750873327255,peak2=-0.06636834051460028,lag_off=-6.0,confirmed=False
2026-04-24T17:24:53.080326,AUTOCORR_SAMPLE,Per-buffer autocorr result,freq=2461023199.023199,peak=0.14829234895296395,peak2=0.09518833574838936,lag_off=-4.0,confirmed=False
2026-04-24T17:24:53.081129,AUTOCORR_SAMPLE,Per-buffer autocorr result,freq=2461023199.023199,peak=0.11822481220588088,peak2=0.08855599677190185,lag_off=1.0,confirmed=False
2026-04-24T17:24:53.083800,AUTOCORR_SAMPLE,Per-buffer autocorr result,freq=2461023199.023199,peak=0.07846418907865882,peak2=0.07967062434181571,lag_off=4.0,confirmed=False
2026-04-24T17:24:53.084476,AUTOCORR_SAMPLE,Per-buffer autocorr result,freq=2461023199.023199,peak=0.040254006162285805,peak2=0.050859419628977776,lag_off=5.0,confirmed=False
2026-04-24T17:24:53.087161,AUTOCORR_SAMPLE,Per-buffer autocorr result,freq=2461023199.023199,peak=0.04956113174557686,peak2=0.03434056043624878,lag_off=2.0,confirmed=False
2026-04-24T17:24:53.089963,AUTOCORR_SAMPLE,Per-buffer autocorr result,freq=2461023199.023199,peak=0.07515037339180708,peak2=0.06491728033870459,lag_off=-5.0,confirmed=False
2026-04-24T17:24:53.090122,AUTOCORR_RESULT,autocorr classification,freq=2461023199.023199,votes=0,total=10,score=0.0,confirmed=False
2026-04-24T17:24:53.131918,AUTOCORR_SAMPLE,Per-buffer autocorr result,freq=2493992673.992674,peak=0.03632869850844145,peak2=0.19284624699503183,lag_off=-4.0,confirmed=False
2026-04-24T17:24:53.134451,AUTOCORR_SAMPLE,Per-buffer autocorr result,freq=2493992673.992674,peak=0.15953438775613904,peak2=0.05850936518982053,lag_off=0.0,confirmed=False
2026-04-24T17:24:53.137029,AUTOCORR_SAMPLE,Per-buffer autocorr result,freq=2493992673.992674,peak=0.1811715392395854,peak2=0.07081747334450483,lag_off=0.0,confirmed=False
2026-04-24T17:24:53.137993,AUTOCORR_SAMPLE,Per-buffer autocorr result,freq=2493992673.992674,peak=0.09078835137188435,peak2=0.11556370742619038,lag_off=1.0,confirmed=False
2026-04-24T17:24:53.141192,AUTOCORR_SAMPLE,Per-buffer autocorr result,freq=2493992673.992674,peak=0.058911101426929235,peak2=0.1020645103417337,lag_off=1.0,confirmed=False
2026-04-24T17:24:53.143604,AUTOCORR_SAMPLE,Per-buffer autocorr result,freq=2493992673.992674,peak=0.14990073954686522,peak2=0.135913064237684,lag_off=-6.0,confirmed=False
2026-04-24T17:24:53.144322,AUTOCORR_SAMPLE,Per-buffer autocorr result,freq=2493992673.992674,peak=0.14489947445690632,peak2=0.06105181388556957,lag_off=3.0,confirmed=False
2026-04-24T17:24:53.144918,AUTOCORR_SAMPLE,Per-buffer autocorr result,freq=2493992673.992674,peak=0.13683507544919848,peak2=0.08937563700601459,lag_off=5.0,confirmed=False
2026-04-24T17:24:53.147511,AUTOCORR_SAMPLE,Per-buffer autocorr result,freq=2493992673.992674,peak=0.14464509021490812,peak2=0.0657036704942584,lag_off=-1.0,confirmed=False
2026-04-24T17:24:53.149909,AUTOCORR_SAMPLE,Per-buffer autocorr result,freq=2493992673.992674,peak=0.07065859530121088,peak2=0.09108864609152079,lag_off=-4.0,confirmed=False
2026-04-24T17:24:53.150043,AUTOCORR_RESULT,autocorr classification,freq=2493992673.992674,votes=0,total=10,score=0.0,confirmed=False
2026-04-24T17:24:53.373738,AUTOCORR_SAMPLE,Per-buffer autocorr result,freq=2644774114.7741146,peak=0.0335009703412652,peak2=0.01851787604391575,lag_off=-4.0,confirmed=False
2026-04-24T17:24:53.390229,AUTOCORR_SAMPLE,Per-buffer autocorr result,freq=2644774114.7741146,peak=-0.06594126156414859,peak2=-0.002376861870288849,lag_off=0.0,confirmed=False
2026-04-24T17:24:53.391236,AUTOCORR_SAMPLE,Per-buffer autocorr result,freq=2644774114.7741146,peak=-0.11515358090400696,peak2=-0.056051154620945454,lag_off=3.0,confirmed=False
2026-04-24T17:24:53.407080,AUTOCORR_SAMPLE,Per-buffer autocorr result,freq=2644774114.7741146,peak=-0.02476266399025917,peak2=-0.0862238482804969,lag_off=-3.0,confirmed=False
2026-04-24T17:24:53.413540,AUTOCORR_SAMPLE,Per-buffer autocorr result,freq=2644774114.7741146,peak=0.060196062084287405,peak2=0.09285868471488357,lag_off=4.0,confirmed=False
2026-04-24T17:24:53.419518,AUTOCORR_SAMPLE,Per-buffer autocorr result,freq=2644774114.7741146,peak=-0.056036993861198425,peak2=-0.19865865632891655,lag_off=-3.0,confirmed=False
2026-04-24T17:24:53.422302,AUTOCORR_SAMPLE,Per-buffer autocorr result,freq=2644774114.7741146,peak=-0.13026965409517288,peak2=-0.06326307728886604,lag_off=2.0,confirmed=False
2026-04-24T17:24:53.431642,AUTOCORR_SAMPLE,Per-buffer autocorr result,freq=2644774114.7741146,peak=0.07809552550315857,peak2=-0.08419698663055897,lag_off=-2.0,confirmed=False
2026-04-24T17:24:53.439408,AUTOCORR_SAMPLE,Per-buffer autocorr result,freq=2644774114.7741146,peak=0.0925363302230835,peak2=-0.044396376237273216,lag_off=6.0,confirmed=False
2026-04-24T17:24:53.440234,AUTOCORR_SAMPLE,Per-buffer autocorr result,freq=2644774114.7741146,peak=0.000484490767121315,peak2=-0.02389158369624056,lag_off=-1.0,confirmed=False
2026-04-24T17:24:53.453902,AUTOCORR_RESULT,autocorr classification,freq=2644774114.7741146,votes=0,total=10,score=0.0,confirmed=False
2026-04-24T17:24:53.554732,AUTOCORR_SAMPLE,Per-buffer autocorr result,freq=2652573870.5738707,peak=0.060196062084287405,peak2=0.09285868471488357,lag_off=4.0,confirmed=False
2026-04-24T17:24:53.562835,AUTOCORR_SAMPLE,Per-buffer autocorr result,freq=2652573870.5738707,peak=-0.033532656729221344,peak2=-0.10353568126447499,lag_off=-4.0,confirmed=False
2026-04-24T17:24:53.570401,AUTOCORR_SAMPLE,Per-buffer autocorr result,freq=2652573870.5738707,peak=0.06648276001214981,peak2=0.09234652295708656,lag_off=-2.0,confirmed=False
2026-04-24T17:24:53.571516,AUTOCORR_SAMPLE,Per-buffer autocorr result,freq=2652573870.5738707,peak=-0.16055425629019737,peak2=-0.3286186456680298,lag_off=-4.0,confirmed=False
2026-04-24T17:24:53.580824,AUTOCORR_SAMPLE,Per-buffer autocorr result,freq=2652573870.5738707,peak=0.04199644597247243,peak2=0.07713152142241597,lag_off=2.0,confirmed=False
2026-04-24T17:24:53.581728,AUTOCORR_SAMPLE,Per-buffer autocorr result,freq=2652573870.5738707,peak=0.20771611854434013,peak2=0.0852644145488739,lag_off=1.0,confirmed=False
2026-04-24T17:24:53.590304,AUTOCORR_SAMPLE,Per-buffer autocorr result,freq=2652573870.5738707,peak=0.07344444934278727,peak2=0.07154843304306269,lag_off=3.0,confirmed=False
2026-04-24T17:24:53.599041,AUTOCORR_SAMPLE,Per-buffer autocorr result,freq=2652573870.5738707,peak=0.05707994941622019,peak2=0.09978767205029726,lag_off=5.0,confirmed=False
2026-04-24T17:24:53.599837,AUTOCORR_SAMPLE,Per-buffer autocorr result,freq=2652573870.5738707,peak=0.09653068147599697,peak2=0.03686060197651386,lag_off=6.0,confirmed=False
2026-04-24T17:24:53.604683,AUTOCORR_SAMPLE,Per-buffer autocorr result,freq=2652573870.5738707,peak=0.1683445847593248,peak2=0.0680044456385076,lag_off=1.0,confirmed=False
2026-04-24T17:24:53.607747,AUTOCORR_RESULT,autocorr classification,freq=2652573870.5738707,votes=0,total=10,score=0.0,confirmed=False
2026-04-24T17:24:53.617594,AUTOCORR_SAMPLE,Per-buffer autocorr result,freq=2672129426.129426,peak=0.20771611854434013,peak2=0.0852644145488739,lag_off=1.0,confirmed=False
2026-04-24T17:24:53.620231,AUTOCORR_SAMPLE,Per-buffer autocorr result,freq=2672129426.129426,peak=0.15331481583416462,peak2=0.04656202532351017,lag_off=-6.0,confirmed=False
2026-04-24T17:24:53.621150,AUTOCORR_SAMPLE,Per-buffer autocorr result,freq=2672129426.129426,peak=0.13573694322258234,peak2=0.1144745284691453,lag_off=5.0,confirmed=False
2026-04-24T17:24:53.624296,AUTOCORR_SAMPLE,Per-buffer autocorr result,freq=2672129426.129426,peak=0.12695380486547947,peak2=0.11161213554441929,lag_off=-4.0,confirmed=False
2026-04-24T17:24:53.626873,AUTOCORR_SAMPLE,Per-buffer autocorr result,freq=2672129426.129426,peak=0.04321563383564353,peak2=0.03337468160316348,lag_off=-6.0,confirmed=False
2026-04-24T17:24:53.629265,AUTOCORR_SAMPLE,Per-buffer autocorr result,freq=2672129426.129426,peak=0.12795316381379962,peak2=0.08839363558217883,lag_off=3.0,confirmed=False
2026-04-24T17:24:53.630025,AUTOCORR_SAMPLE,Per-buffer autocorr result,freq=2672129426.129426,peak=0.019372184295207262,peak2=0.04096029931679368,lag_off=5.0,confirmed=False
2026-04-24T17:24:53.632728,AUTOCORR_SAMPLE,Per-buffer autocorr result,freq=2672129426.129426,peak=0.043452565325424075,peak2=0.037853174610063434,lag_off=1.0,confirmed=False
2026-04-24T17:24:53.635457,AUTOCORR_SAMPLE,Per-buffer autocorr result,freq=2672129426.129426,peak=0.10985755454748869,peak2=0.08751219790428877,lag_off=-1.0,confirmed=False
2026-04-24T17:24:53.636519,AUTOCORR_SAMPLE,Per-buffer autocorr result,freq=2672129426.129426,peak=0.08021282451227307,peak2=0.07962263422086835,lag_off=-4.0,confirmed=False
2026-04-24T17:24:53.636608,AUTOCORR_RESULT,autocorr classification,freq=2672129426.129426,votes=0,total=10,score=0.0,confirmed=False
2026-04-24T17:24:54.585943,AUTOCORR_SAMPLE,Per-buffer autocorr result,freq=3443692307.6923075,peak=0.07157681230455637,peak2=0.03676993120461702,lag_off=3.0,confirmed=False
2026-04-24T17:24:54.589183,AUTOCORR_SAMPLE,Per-buffer autocorr result,freq=3443692307.6923075,peak=0.057059097569435835,peak2=0.01224383944645524,lag_off=0.0,confirmed=False
2026-04-24T17:24:54.592113,AUTOCORR_SAMPLE,Per-buffer autocorr result,freq=3443692307.6923075,peak=0.025935976998880506,peak2=0.020849646301940084,lag_off=-2.0,confirmed=False
2026-04-24T17:24:54.592911,AUTOCORR_SAMPLE,Per-buffer autocorr result,freq=3443692307.6923075,peak=0.02653440786525607,peak2=0.030786856543272734,lag_off=-3.0,confirmed=False
2026-04-24T17:24:54.595645,AUTOCORR_SAMPLE,Per-buffer autocorr result,freq=3443692307.6923075,peak=0.07816714653745294,peak2=0.03886383259668946,lag_off=6.0,confirmed=False
2026-04-24T17:24:54.596446,AUTOCORR_SAMPLE,Per-buffer autocorr result,freq=3443692307.6923075,peak=0.1458731652237475,peak2=0.041757571045309305,lag_off=-4.0,confirmed=False
2026-04-24T17:24:54.599250,AUTOCORR_SAMPLE,Per-buffer autocorr result,freq=3443692307.6923075,peak=0.06641288474202156,peak2=0.06868945434689522,lag_off=0.0,confirmed=False
2026-04-24T17:24:54.600130,AUTOCORR_SAMPLE,Per-buffer autocorr result,freq=3443692307.6923075,peak=0.08372494578361511,peak2=0.08166881650686264,lag_off=-4.0,confirmed=False
2026-04-24T17:24:54.602984,AUTOCORR_SAMPLE,Per-buffer autocorr result,freq=3443692307.6923075,peak=0.057455381378531456,peak2=0.018818432465195656,lag_off=0.0,confirmed=False
2026-04-24T17:24:54.603802,AUTOCORR_SAMPLE,Per-buffer autocorr result,freq=3443692307.6923075,peak=0.11713643139228225,peak2=0.07422866439446807,lag_off=-2.0,confirmed=False
2026-04-24T17:24:54.606229,AUTOCORR_RESULT,autocorr classification,freq=3443692307.6923075,votes=0,total=10,score=0.0,confirmed=False
2026-04-24T17:24:54.708440,AUTOCORR_SAMPLE,Per-buffer autocorr result,freq=3494888888.888889,peak=0.06867226492613554,peak2=0.03361136745661497,lag_off=5.0,confirmed=False
2026-04-24T17:24:54.712136,AUTOCORR_SAMPLE,Per-buffer autocorr result,freq=3494888888.888889,peak=0.0995557326823473,peak2=0.12100072391331196,lag_off=-3.0,confirmed=False
2026-04-24T17:24:54.713372,AUTOCORR_SAMPLE,Per-buffer autocorr result,freq=3494888888.888889,peak=0.1393208261579275,peak2=0.15848186425864697,lag_off=-3.0,confirmed=False
2026-04-24T17:24:54.716782,AUTOCORR_SAMPLE,Per-buffer autocorr result,freq=3494888888.888889,peak=0.11280930391512811,peak2=0.08455123356543481,lag_off=-2.0,confirmed=False
2026-04-24T17:24:54.717486,AUTOCORR_SAMPLE,Per-buffer autocorr result,freq=3494888888.888889,peak=0.04836786352097988,peak2=0.05795668996870518,lag_off=-4.0,confirmed=False
2026-04-24T17:24:54.720587,AUTOCORR_SAMPLE,Per-buffer autocorr result,freq=3494888888.888889,peak=0.03638426982797682,peak2=0.055223614210262895,lag_off=5.0,confirmed=False
2026-04-24T17:24:54.721332,AUTOCORR_SAMPLE,Per-buffer autocorr result,freq=3494888888.888889,peak=0.09405987104400992,peak2=0.05330609669908881,lag_off=2.0,confirmed=False
2026-04-24T17:24:54.724650,AUTOCORR_SAMPLE,Per-buffer autocorr result,freq=3494888888.888889,peak=0.060233889147639275,peak2=0.017442769836634398,lag_off=-3.0,confirmed=False
2026-04-24T17:24:54.725422,AUTOCORR_SAMPLE,Per-buffer autocorr result,freq=3494888888.888889,peak=0.13960591983050108,peak2=0.0894902078434825,lag_off=5.0,confirmed=False
2026-04-24T17:24:54.728233,AUTOCORR_SAMPLE,Per-buffer autocorr result,freq=3494888888.888889,peak=0.1428060568869114,peak2=0.09457935765385628,lag_off=-4.0,confirmed=False
2026-04-24T17:24:54.728317,AUTOCORR_RESULT,autocorr classification,freq=3494888888.888889,votes=0,total=10,score=0.0,confirmed=False
2026-04-24T17:24:54.746665,AUTOCORR_SAMPLE,Per-buffer autocorr result,freq=3515196581.196581,peak=0.0995557326823473,peak2=0.12100072391331196,lag_off=-3.0,confirmed=False
2026-04-24T17:24:54.747658,AUTOCORR_SAMPLE,Per-buffer autocorr result,freq=3515196581.196581,peak=0.31646424904465675,peak2=0.03398513235151768,lag_off=-6.0,confirmed=False
2026-04-24T17:24:54.750405,AUTOCORR_SAMPLE,Per-buffer autocorr result,freq=3515196581.196581,peak=0.03181047138059512,peak2=0.015767661447171122,lag_off=2.0,confirmed=False
2026-04-24T17:24:54.751255,AUTOCORR_SAMPLE,Per-buffer autocorr result,freq=3515196581.196581,peak=0.02504797652363777,peak2=0.02829568274319172,lag_off=-3.0,confirmed=False
2026-04-24T17:24:54.754005,AUTOCORR_SAMPLE,Per-buffer autocorr result,freq=3515196581.196581,peak=0.02909999992698431,peak2=0.05674018245190382,lag_off=6.0,confirmed=False
2026-04-24T17:24:54.754770,AUTOCORR_SAMPLE,Per-buffer autocorr result,freq=3515196581.196581,peak=0.041934893997677136,peak2=0.16895990219927626,lag_off=-4.0,confirmed=False
2026-04-24T17:24:54.757686,AUTOCORR_SAMPLE,Per-buffer autocorr result,freq=3515196581.196581,peak=0.06385601405054331,peak2=0.06103745196014643,lag_off=-5.0,confirmed=False
2026-04-24T17:24:54.758423,AUTOCORR_SAMPLE,Per-buffer autocorr result,freq=3515196581.196581,peak=0.03673469228670001,peak2=0.04814735008403659,lag_off=-5.0,confirmed=False
2026-04-24T17:24:54.761019,AUTOCORR_SAMPLE,Per-buffer autocorr result,freq=3515196581.196581,peak=0.05369215086102486,peak2=0.02613258548080921,lag_off=6.0,confirmed=False
2026-04-24T17:24:54.761640,AUTOCORR_SAMPLE,Per-buffer autocorr result,freq=3515196581.196581,peak=0.05892774695530534,peak2=0.05712426686659455,lag_off=6.0,confirmed=False
2026-04-24T17:24:54.763559,AUTOCORR_RESULT,autocorr classification,freq=3515196581.196581,votes=0,total=10,score=0.0,confirmed=False
2026-04-24T17:24:55.286729,AUTOCORR_SAMPLE,Per-buffer autocorr result,freq=3934525030.5250306,peak=0.03314533457159996,peak2=0.03153630904853344,lag_off=1.0,confirmed=False
2026-04-24T17:24:55.291236,AUTOCORR_SAMPLE,Per-buffer autocorr result,freq=3934525030.5250306,peak=0.055067315232008696,peak2=0.06808970076963305,lag_off=-2.0,confirmed=False
2026-04-24T17:24:55.295283,AUTOCORR_SAMPLE,Per-buffer autocorr result,freq=3934525030.5250306,peak=0.07919187843799591,peak2=-0.11351773142814636,lag_off=-6.0,confirmed=False
2026-04-24T17:24:55.296321,AUTOCORR_SAMPLE,Per-buffer autocorr result,freq=3934525030.5250306,peak=0.0750818531960249,peak2=0.043168241158127785,lag_off=-3.0,confirmed=False
2026-04-24T17:24:55.300770,AUTOCORR_SAMPLE,Per-buffer autocorr result,freq=3934525030.5250306,peak=0.1537905156146735,peak2=0.11758666182868183,lag_off=1.0,confirmed=False
2026-04-24T17:24:55.301569,AUTOCORR_SAMPLE,Per-buffer autocorr result,freq=3934525030.5250306,peak=0.12175622023642063,peak2=0.0638666395097971,lag_off=0.0,confirmed=False
2026-04-24T17:24:55.305993,AUTOCORR_SAMPLE,Per-buffer autocorr result,freq=3934525030.5250306,peak=0.07090623024851084,peak2=0.09060182143002748,lag_off=-2.0,confirmed=False
2026-04-24T17:24:55.306779,AUTOCORR_SAMPLE,Per-buffer autocorr result,freq=3934525030.5250306,peak=0.11823115986771882,peak2=0.04097001370973885,lag_off=0.0,confirmed=False
2026-04-24T17:24:55.310264,AUTOCORR_SAMPLE,Per-buffer autocorr result,freq=3934525030.5250306,peak=0.07275952864438295,peak2=0.07298577297478914,lag_off=-6.0,confirmed=False
2026-04-24T17:24:55.310876,AUTOCORR_SAMPLE,Per-buffer autocorr result,freq=3934525030.5250306,peak=0.058201942942105234,peak2=0.03127380495425314,lag_off=-3.0,confirmed=False
2026-04-24T17:24:55.313811,AUTOCORR_RESULT,autocorr classification,freq=3934525030.5250306,votes=0,total=10,score=0.0,confirmed=False
2026-04-24T17:24:55.327637,AUTOCORR_SAMPLE,Per-buffer autocorr result,freq=3954158730.1587305,peak=0.055067315232008696,peak2=0.06808970076963305,lag_off=-2.0,confirmed=False
2026-04-24T17:24:55.330101,AUTOCORR_SAMPLE,Per-buffer autocorr result,freq=3954158730.1587305,peak=0.09053314989432693,peak2=0.07404826348647475,lag_off=-4.0,confirmed=False
2026-04-24T17:24:55.330831,AUTOCORR_SAMPLE,Per-buffer autocorr result,freq=3954158730.1587305,peak=0.13220104202628136,peak2=0.0957099162042141,lag_off=5.0,confirmed=False
2026-04-24T17:24:55.333544,AUTOCORR_SAMPLE,Per-buffer autocorr result,freq=3954158730.1587305,peak=0.029500063508749008,peak2=0.028546152636408806,lag_off=-5.0,confirmed=False
2026-04-24T17:24:55.336180,AUTOCORR_SAMPLE,Per-buffer autocorr result,freq=3954158730.1587305,peak=0.06082799145951867,peak2=0.018407711293548346,lag_off=6.0,confirmed=False
2026-04-24T17:24:55.337170,AUTOCORR_SAMPLE,Per-buffer autocorr result,freq=3954158730.1587305,peak=0.0501935426145792,peak2=0.045043809339404106,lag_off=4.0,confirmed=False
2026-04-24T17:24:55.339609,AUTOCORR_SAMPLE,Per-buffer autocorr result,freq=3954158730.1587305,peak=0.06112667731940746,peak2=0.09172823093831539,lag_off=-6.0,confirmed=False
2026-04-24T17:24:55.340341,AUTOCORR_SAMPLE,Per-buffer autocorr result,freq=3954158730.1587305,peak=0.0768982928711921,peak2=0.04831631598062813,lag_off=6.0,confirmed=False
2026-04-24T17:24:55.342771,AUTOCORR_SAMPLE,Per-buffer autocorr result,freq=3954158730.1587305,peak=0.08480597846210003,peak2=0.03702961653470993,lag_off=6.0,confirmed=False
2026-04-24T17:24:55.343617,AUTOCORR_SAMPLE,Per-buffer autocorr result,freq=3954158730.1587305,peak=0.10371135361492634,peak2=0.08264643885195255,lag_off=5.0,confirmed=False
2026-04-24T17:24:55.345465,AUTOCORR_RESULT,autocorr classification,freq=3954158730.1587305,votes=0,total=10,score=0.0,confirmed=False
2026-04-24T17:24:56.961075,AUTOCORR_SAMPLE,Per-buffer autocorr result,freq=5054805860.8058605,peak=0.04322755988687277,peak2=0.08065611775964499,lag_off=0.0,confirmed=False
2026-04-24T17:24:56.964415,AUTOCORR_SAMPLE,Per-buffer autocorr result,freq=5054805860.8058605,peak=0.11171875742729753,peak2=0.06936593947466463,lag_off=1.0,confirmed=False
2026-04-24T17:24:56.965187,AUTOCORR_SAMPLE,Per-buffer autocorr result,freq=5054805860.8058605,peak=0.0947743592550978,peak2=0.08915675559546798,lag_off=-5.0,confirmed=False
2026-04-24T17:24:56.968600,AUTOCORR_SAMPLE,Per-buffer autocorr result,freq=5054805860.8058605,peak=0.06276166951283813,peak2=0.01940092397853732,lag_off=3.0,confirmed=False
2026-04-24T17:24:56.971894,AUTOCORR_SAMPLE,Per-buffer autocorr result,freq=5054805860.8058605,peak=0.11137377237901092,peak2=0.04821291705593467,lag_off=1.0,confirmed=False
2026-04-24T17:24:56.972749,AUTOCORR_SAMPLE,Per-buffer autocorr result,freq=5054805860.8058605,peak=0.08911837018968072,peak2=0.05652646474482026,lag_off=4.0,confirmed=False
2026-04-24T17:24:56.976134,AUTOCORR_SAMPLE,Per-buffer autocorr result,freq=5054805860.8058605,peak=0.07558471942320466,peak2=0.06698467815294862,lag_off=1.0,confirmed=False
2026-04-24T17:24:56.976828,AUTOCORR_SAMPLE,Per-buffer autocorr result,freq=5054805860.8058605,peak=0.10803018626756966,peak2=0.04799683508463204,lag_off=1.0,confirmed=False
2026-04-24T17:24:56.979697,AUTOCORR_SAMPLE,Per-buffer autocorr result,freq=5054805860.8058605,peak=0.06487761810421944,peak2=0.028954025357961655,lag_off=-6.0,confirmed=False
2026-04-24T17:24:56.983192,AUTOCORR_SAMPLE,Per-buffer autocorr result,freq=5054805860.8058605,peak=0.09927227377193049,peak2=0.08166509150760248,lag_off=0.0,confirmed=False
2026-04-24T17:24:56.983333,AUTOCORR_RESULT,autocorr classification,freq=5054805860.8058605,votes=0,total=10,score=0.0,confirmed=False
