2026-04-24T17:25:39.561726,AUTOCORR_SAMPLE,Per-buffer autocorr result,freq=102029304.02930403,peak=0.06711708568036556,peak2=0.03219864331185818,lag_off=6.0,confirmed=False
2026-04-24T17:25:39.562657,AUTOCORR_SAMPLE,Per-buffer autocorr result,freq=102029304.02930403,peak=0.03306182101368904,peak2=-0.026791848242282867,lag_off=-6.0,confirmed=False
2026-04-24T17:25:39.566205,AUTOCORR_SAMPLE,Per-buffer autocorr result,freq=102029304.02930403,peak=0.08661957131698728,peak2=0.050794139970093966,lag_off=6.0,confirmed=False
2026-04-24T17:25:39.568938,AUTOCORR_SAMPLE,Per-buffer autocorr result,freq=102029304.02930403,peak=0.10873337741941214,peak2=0.053343518637120724,lag_off=-4.0,confirmed=False
2026-04-24T17:25:39.569769,AUTOCORR_SAMPLE,Per-buffer autocorr result,freq=102029304.02930403,peak=0.09197889175266027,peak2=0.07769268658012152,lag_off=-3.0,confirmed=False
2026-04-24T17:25:39.570624,AUTOCORR_SAMPLE,Per-buffer autocorr result,freq=102029304.02930403,peak=0.039802903309464455,peak2=0.057703977450728416,lag_off=1.0,confirmed=False
2026-04-24T17:25:39.573786,AUTOCORR_SAMPLE,Per-buffer autocorr result,freq=102029304.02930403,peak=0.048819440882653,peak2=0.045703388284891844,lag_off=-3.0,confirmed=False
2026-04-24T17:25:39.574481,AUTOCORR_SAMPLE,Per-buffer autocorr result,freq=102029304.02930403,peak=0.05437508842442185,peak2=0.025733905495144427,lag_off=-3.0,confirmed=False
2026-04-24T17:25:39.577591,AUTOCORR_SAMPLE,Per-buffer autocorr result,freq=102029304.02930403,peak=0.05957112554460764,peak2=0.025819123722612858,lag_off=4.0,confirmed=False
2026-04-24T17:25:39.580508,AUTOCORR_SAMPLE,Per-buffer autocorr result,freq=102029304.02930403,peak=0.08162515703588724,peak2=0.0588819058611989,lag_off=-3.0,confirmed=False
2026-04-24T17:25:39.580673,AUTOCORR_RESULT,autocorr classification,freq=102029304.02930403,votes=0,total=10,score=0.0,confirmed=False
2026-04-24T17:25:39.635343,AUTOCORR_SAMPLE,Per-buffer autocorr result,freq=145804639.80463982,peak=0.000566740520298481,peak2=0.05160069838166237,lag_off=1.0,confirmed=False
2026-04-24T17:25:39.638804,AUTOCORR_SAMPLE,Per-buffer autocorr result,freq=145804639.80463982,peak=0.08489255513995886,peak2=0.12058564182370901,lag_off=5.0,confirmed=False
2026-04-24T17:25:39.642189,AUTOCORR_SAMPLE,Per-buffer autocorr result,freq=145804639.80463982,peak=0.08134907018393278,peak2=0.05713796894997358,lag_off=2.0,confirmed=False
2026-04-24T17:25:39.643288,AUTOCORR_SAMPLE,Per-buffer autocorr result,freq=145804639.80463982,peak=0.04302323143929243,peak2=0.050207420252263546,lag_off=3.0,confirmed=False
2026-04-24T17:25:39.646942,AUTOCORR_SAMPLE,Per-buffer autocorr result,freq=145804639.80463982,peak=0.14559712633490562,peak2=0.09279158338904381,lag_off=1.0,confirmed=False
2026-04-24T17:25:39.648066,AUTOCORR_SAMPLE,Per-buffer autocorr result,freq=145804639.80463982,peak=0.1253281394019723,peak2=0.11769740376621485,lag_off=-1.0,confirmed=False
2026-04-24T17:25:39.651663,AUTOCORR_SAMPLE,Per-buffer autocorr result,freq=145804639.80463982,peak=0.04757224768400192,peak2=0.0422048382461071,lag_off=2.0,confirmed=False
2026-04-24T17:25:39.652804,AUTOCORR_SAMPLE,Per-buffer autocorr result,freq=145804639.80463982,peak=0.0812042155303061,peak2=0.10694392258301377,lag_off=-5.0,confirmed=False
2026-04-24T17:25:39.656513,AUTOCORR_SAMPLE,Per-buffer autocorr result,freq=145804639.80463982,peak=0.10716837085783482,peak2=0.16231066174805164,lag_off=-1.0,confirmed=False
2026-04-24T17:25:39.657582,AUTOCORR_SAMPLE,Per-buffer autocorr result,freq=145804639.80463982,peak=0.12989521119743586,peak2=0.048457265831530094,lag_off=-5.0,confirmed=False
2026-04-24T17:25:39.660474,AUTOCORR_RESULT,autocorr classification,freq=145804639.80463982,votes=0,total=10,score=0.0,confirmed=False
2026-04-24T17:25:39.678156,AUTOCORR_SAMPLE,Per-buffer autocorr result,freq=162551892.55189255,peak=0.08489255513995886,peak2=0.12058564182370901,lag_off=5.0,confirmed=False
2026-04-24T17:25:39.682283,AUTOCORR_SAMPLE,Per-buffer autocorr result,freq=162551892.55189255,peak=0.057296526385471225,peak2=0.05894644255749881,lag_off=1.0,confirmed=False
2026-04-24T17:25:39.683131,AUTOCORR_SAMPLE,Per-buffer autocorr result,freq=162551892.55189255,peak=0.10647630877792835,peak2=0.08544636704027653,lag_off=-6.0,confirmed=False
2026-04-24T17:25:39.687128,AUTOCORR_SAMPLE,Per-buffer autocorr result,freq=162551892.55189255,peak=0.06607158621773124,peak2=0.1450059092603624,lag_off=6.0,confirmed=False
2026-04-24T17:25:39.691133,AUTOCORR_SAMPLE,Per-buffer autocorr result,freq=162551892.55189255,peak=0.12814971711486578,peak2=0.07017874997109175,lag_off=1.0,confirmed=False
2026-04-24T17:25:39.692238,AUTOCORR_SAMPLE,Per-buffer autocorr result,freq=162551892.55189255,peak=0.04214968951418996,peak2=0.061032619792968035,lag_off=-4.0,confirmed=False
2026-04-24T17:25:39.695829,AUTOCORR_SAMPLE,Per-buffer autocorr result,freq=162551892.55189255,peak=0.10471009463071823,peak2=0.10635120421648026,lag_off=-6.0,confirmed=False
2026-04-24T17:25:39.696998,AUTOCORR_SAMPLE,Per-buffer autocorr result,freq=162551892.55189255,peak=0.14957613125443459,peak2=0.06949608772993088,lag_off=1.0,confirmed=False
2026-04-24T17:25:39.700639,AUTOCORR_SAMPLE,Per-buffer autocorr result,freq=162551892.55189255,peak=0.03665754944086075,peak2=0.13203123584389687,lag_off=2.0,confirmed=False
2026-04-24T17:25:39.704422,AUTOCORR_SAMPLE,Per-buffer autocorr result,freq=162551892.55189255,peak=0.10689733293838799,peak2=0.07802591589279473,lag_off=-1.0,confirmed=False
2026-04-24T17:25:39.704546,AUTOCORR_RESULT,autocorr classification,freq=162551892.55189255,votes=0,total=10,score=0.0,confirmed=False
2026-04-24T17:25:39.757652,AUTOCORR_SAMPLE,Per-buffer autocorr result,freq=196691086.69108668,peak=0.009796577505767345,peak2=0.028995621018111706,lag_off=3.0,confirmed=False
2026-04-24T17:25:39.761162,AUTOCORR_SAMPLE,Per-buffer autocorr result,freq=196691086.69108668,peak=0.008420538157224655,peak2=-0.03899195045232773,lag_off=3.0,confirmed=False
2026-04-24T17:25:39.762156,AUTOCORR_SAMPLE,Per-buffer autocorr result,freq=196691086.69108668,peak=0.10881562903523445,peak2=0.10423459857702255,lag_off=-1.0,confirmed=False
2026-04-24T17:25:39.765626,AUTOCORR_SAMPLE,Per-buffer autocorr result,freq=196691086.69108668,peak=-0.11125938594341278,peak2=-0.09479396790266037,lag_off=-2.0,confirmed=False
2026-04-24T17:25:39.766457,AUTOCORR_SAMPLE,Per-buffer autocorr result,freq=196691086.69108668,peak=0.029636758845299482,peak2=0.003955861087888479,lag_off=5.0,confirmed=False
2026-04-24T17:25:39.769980,AUTOCORR_SAMPLE,Per-buffer autocorr result,freq=196691086.69108668,peak=0.025207112543284893,peak2=0.10873055551201105,lag_off=0.0,confirmed=False
2026-04-24T17:25:39.770963,AUTOCORR_SAMPLE,Per-buffer autocorr result,freq=196691086.69108668,peak=0.19798165559768677,peak2=0.09104149043560028,lag_off=1.0,confirmed=False
2026-04-24T17:25:39.774805,AUTOCORR_SAMPLE,Per-buffer autocorr result,freq=196691086.69108668,peak=0.06700051808729768,peak2=0.09520730609074235,lag_off=1.0,confirmed=False
2026-04-24T17:25:39.778673,AUTOCORR_SAMPLE,Per-buffer autocorr result,freq=196691086.69108668,peak=0.16252166032791138,peak2=-0.02058965153992176,lag_off=-2.0,confirmed=False
2026-04-24T17:25:39.779580,AUTOCORR_SAMPLE,Per-buffer autocorr result,freq=196691086.69108668,peak=0.04681134968996048,peak2=-0.046643678564578295,lag_off=0.0,confirmed=False
2026-04-24T17:25:39.779793,AUTOCORR_RESULT,autocorr classification,freq=196691086.69108668,votes=0,total=10,score=0.0,confirmed=False
2026-04-24T17:25:39.902762,AUTOCORR_SAMPLE,Per-buffer autocorr result,freq=246393162.3931624,peak=0.011116677895188332,peak2=0.08032393641769886,lag_off=5.0,confirmed=False
2026-04-24T17:25:39.903662,AUTOCORR_SAMPLE,Per-buffer autocorr result,freq=246393162.3931624,peak=0.055056288838386536,peak2=-0.05758669879287481,lag_off=-4.0,confirmed=False
2026-04-24T17:25:39.907119,AUTOCORR_SAMPLE,Per-buffer autocorr result,freq=246393162.3931624,peak=0.07692801579833031,peak2=0.026994425803422928,lag_off=-4.0,confirmed=False
2026-04-24T17:25:39.908038,AUTOCORR_SAMPLE,Per-buffer autocorr result,freq=246393162.3931624,peak=0.11385716497898102,peak2=0.02457387000322342,lag_off=6.0,confirmed=False
2026-04-24T17:25:39.911679,AUTOCORR_SAMPLE,Per-buffer autocorr result,freq=246393162.3931624,peak=-0.014145756314974278,peak2=0.16552227549254894,lag_off=1.0,confirmed=False
2026-04-24T17:25:39.915386,AUTOCORR_SAMPLE,Per-buffer autocorr result,freq=246393162.3931624,peak=-0.035489458590745926,peak2=-0.01738879084587097,lag_off=-5.0,confirmed=False
2026-04-24T17:25:39.916322,AUTOCORR_SAMPLE,Per-buffer autocorr result,freq=246393162.3931624,peak=-0.036379508674144745,peak2=0.03493815287947655,lag_off=-1.0,confirmed=False
2026-04-24T17:25:39.920019,AUTOCORR_SAMPLE,Per-buffer autocorr result,freq=246393162.3931624,peak=-0.06424845187939354,peak2=0.0320453941822052,lag_off=-4.0,confirmed=False
2026-04-24T17:25:39.924207,AUTOCORR_SAMPLE,Per-buffer autocorr result,freq=246393162.3931624,peak=0.1360672190785408,peak2=-0.03910726308822632,lag_off=1.0,confirmed=False
2026-04-24T17:25:39.925116,AUTOCORR_SAMPLE,Per-buffer autocorr result,freq=246393162.3931624,peak=-0.009228132897987962,peak2=0.18107362720184028,lag_off=-4.0,confirmed=False
2026-04-24T17:25:39.925291,AUTOCORR_RESULT,autocorr classification,freq=246393162.3931624,votes=0,total=10,score=0.0,confirmed=False
2026-04-24T17:25:39.943522,AUTOCORR_SAMPLE,Per-buffer autocorr result,freq=264485958.4859585,peak=0.07692801579833031,peak2=0.026994425803422928,lag_off=-4.0,confirmed=False
2026-04-24T17:25:39.946767,AUTOCORR_SAMPLE,Per-buffer autocorr result,freq=264485958.4859585,peak=0.09551382716745138,peak2=0.08044625725597143,lag_off=-6.0,confirmed=False
2026-04-24T17:25:39.947653,AUTOCORR_SAMPLE,Per-buffer autocorr result,freq=264485958.4859585,peak=0.05516262317541987,peak2=0.06771912390831858,lag_off=4.0,confirmed=False
2026-04-24T17:25:39.950747,AUTOCORR_SAMPLE,Per-buffer autocorr result,freq=264485958.4859585,peak=0.11429128563031554,peak2=0.0053277467377483845,lag_off=-6.0,confirmed=False
2026-04-24T17:25:39.951515,AUTOCORR_SAMPLE,Per-buffer autocorr result,freq=264485958.4859585,peak=0.12698881386313587,peak2=0.07621087192092091,lag_off=5.0,confirmed=False
2026-04-24T17:25:39.954556,AUTOCORR_SAMPLE,Per-buffer autocorr result,freq=264485958.4859585,peak=0.09868191031273454,peak2=0.04957443324383348,lag_off=-6.0,confirmed=False
2026-04-24T17:25:39.955647,AUTOCORR_SAMPLE,Per-buffer autocorr result,freq=264485958.4859585,peak=0.06927325204014778,peak2=-0.0055558644235134125,lag_off=0.0,confirmed=False
2026-04-24T17:25:39.958758,AUTOCORR_SAMPLE,Per-buffer autocorr result,freq=264485958.4859585,peak=0.04585338570177555,peak2=0.023238277062773705,lag_off=-2.0,confirmed=False
2026-04-24T17:25:39.959597,AUTOCORR_SAMPLE,Per-buffer autocorr result,freq=264485958.4859585,peak=0.0970757333561778,peak2=0.038345891050994396,lag_off=-1.0,confirmed=False
2026-04-24T17:25:39.962704,AUTOCORR_SAMPLE,Per-buffer autocorr result,freq=264485958.4859585,peak=0.09537208918482065,peak2=0.04211499635130167,lag_off=6.0,confirmed=False
2026-04-24T17:25:39.962938,AUTOCORR_RESULT,autocorr classification,freq=264485958.4859585,votes=0,total=10,score=0.0,confirmed=False
2026-04-24T17:25:40.016095,AUTOCORR_SAMPLE,Per-buffer autocorr result,freq=294935286.93528694,peak=0.14524592692032456,peak2=0.0841808789409697,lag_off=2.0,confirmed=False
2026-04-24T17:25:40.019657,AUTOCORR_SAMPLE,Per-buffer autocorr result,freq=294935286.93528694,peak=0.039783500134944916,peak2=0.05827309936285019,lag_off=-1.0,confirmed=False
2026-04-24T17:25:40.020500,AUTOCORR_SAMPLE,Per-buffer autocorr result,freq=294935286.93528694,peak=-0.1278966348618269,peak2=-0.08623223751783371,lag_off=1.0,confirmed=False
2026-04-24T17:25:40.023860,AUTOCORR_SAMPLE,Per-buffer autocorr result,freq=294935286.93528694,peak=0.05858004838228226,peak2=-0.013487921329215169,lag_off=3.0,confirmed=False
2026-04-24T17:25:40.027340,AUTOCORR_SAMPLE,Per-buffer autocorr result,freq=294935286.93528694,peak=-0.09177900105714798,peak2=0.08531664311885834,lag_off=6.0,confirmed=False
2026-04-24T17:25:40.028129,AUTOCORR_SAMPLE,Per-buffer autocorr result,freq=294935286.93528694,peak=0.04352007247507572,peak2=0.06782550550997257,lag_off=-2.0,confirmed=False
2026-04-24T17:25:40.029077,AUTOCORR_SAMPLE,Per-buffer autocorr result,freq=294935286.93528694,peak=0.11398187279701233,peak2=0.06529492139816284,lag_off=-2.0,confirmed=False
2026-04-24T17:25:40.032966,AUTOCORR_SAMPLE,Per-buffer autocorr result,freq=294935286.93528694,peak=-0.10835172608494759,peak2=-0.05929936468601227,lag_off=-4.0,confirmed=False
2026-04-24T17:25:40.033962,AUTOCORR_SAMPLE,Per-buffer autocorr result,freq=294935286.93528694,peak=-0.03370039747096598,peak2=0.05333641334436834,lag_off=-5.0,confirmed=False
2026-04-24T17:25:40.038121,AUTOCORR_SAMPLE,Per-buffer autocorr result,freq=294935286.93528694,peak=-0.1232720478437841,peak2=-0.1082000732421875,lag_off=-5.0,confirmed=False
2026-04-24T17:25:40.038200,AUTOCORR_RESULT,autocorr classification,freq=294935286.93528694,votes=0,total=10,score=0.0,confirmed=False
2026-04-24T17:25:40.068059,AUTOCORR_SAMPLE,Per-buffer autocorr result,freq=313238095.2380952,peak=0.039783500134944916,peak2=0.05827309936285019,lag_off=-1.0,confirmed=False
2026-04-24T17:25:40.069195,AUTOCORR_SAMPLE,Per-buffer autocorr result,freq=313238095.2380952,peak=0.08513344172388315,peak2=0.0524572366848588,lag_off=-3.0,confirmed=False
2026-04-24T17:25:40.071899,AUTOCORR_SAMPLE,Per-buffer autocorr result,freq=313238095.2380952,peak=0.05214021448045969,peak2=0.048186869360506535,lag_off=5.0,confirmed=False
2026-04-24T17:25:40.074702,AUTOCORR_SAMPLE,Per-buffer autocorr result,freq=313238095.2380952,peak=0.01852014847099781,peak2=0.028759850189089775,lag_off=4.0,confirmed=False
2026-04-24T17:25:40.075597,AUTOCORR_SAMPLE,Per-buffer autocorr result,freq=313238095.2380952,peak=0.12138638645410538,peak2=0.1032986119389534,lag_off=-1.0,confirmed=False
2026-04-24T17:25:40.078361,AUTOCORR_SAMPLE,Per-buffer autocorr result,freq=313238095.2380952,peak=0.11747022718191147,peak2=0.04384571686387062,lag_off=-5.0,confirmed=False
2026-04-24T17:25:40.081362,AUTOCORR_SAMPLE,Per-buffer autocorr result,freq=313238095.2380952,peak=0.085347271990031,peak2=0.17059235973283648,lag_off=0.0,confirmed=False
2026-04-24T17:25:40.082290,AUTOCORR_SAMPLE,Per-buffer autocorr result,freq=313238095.2380952,peak=0.012507470324635506,peak2=0.017370974645018578,lag_off=2.0,confirmed=False
2026-04-24T17:25:40.085539,AUTOCORR_SAMPLE,Per-buffer autocorr result,freq=313238095.2380952,peak=0.06705301813781261,peak2=0.07370787672698498,lag_off=-3.0,confirmed=False
2026-04-24T17:25:40.088555,AUTOCORR_SAMPLE,Per-buffer autocorr result,freq=313238095.2380952,peak=0.02759259194135666,peak2=0.0182000994682312,lag_off=4.0,confirmed=False
2026-04-24T17:25:40.088756,AUTOCORR_RESULT,autocorr classification,freq=313238095.2380952,votes=0,total=10,score=0.0,confirmed=False
2026-04-24T17:25:40.360438,AUTOCORR_SAMPLE,Per-buffer autocorr result,freq=523772893.7728938,peak=0.017292696284130216,peak2=0.022125392453745008,lag_off=3.0,confirmed=False
2026-04-24T17:25:40.363198,AUTOCORR_SAMPLE,Per-buffer autocorr result,freq=523772893.7728938,peak=0.05532575072720647,peak2=0.005845349049195647,lag_off=6.0,confirmed=False
2026-04-24T17:25:40.363917,AUTOCORR_SAMPLE,Per-buffer autocorr result,freq=523772893.7728938,peak=0.05753475474193692,peak2=-0.005829451780300587,lag_off=1.0,confirmed=False
2026-04-24T17:25:40.366350,AUTOCORR_SAMPLE,Per-buffer autocorr result,freq=523772893.7728938,peak=0.08781267830636352,peak2=0.006118152174167335,lag_off=-1.0,confirmed=False
2026-04-24T17:25:40.367186,AUTOCORR_SAMPLE,Per-buffer autocorr result,freq=523772893.7728938,peak=0.05926295509561896,peak2=-0.0067895385436713696,lag_off=6.0,confirmed=False
2026-04-24T17:25:40.370652,AUTOCORR_SAMPLE,Per-buffer autocorr result,freq=523772893.7728938,peak=0.014455563388764858,peak2=0.015882302075624466,lag_off=-5.0,confirmed=False
2026-04-24T17:25:40.373858,AUTOCORR_SAMPLE,Per-buffer autocorr result,freq=523772893.7728938,peak=0.05554421269334853,peak2=0.02659857668913901,lag_off=0.0,confirmed=False
2026-04-24T17:25:40.374571,AUTOCORR_SAMPLE,Per-buffer autocorr result,freq=523772893.7728938,peak=0.0873924596235156,peak2=0.032550315372645855,lag_off=-6.0,confirmed=False
2026-04-24T17:25:40.377039,AUTOCORR_SAMPLE,Per-buffer autocorr result,freq=523772893.7728938,peak=0.02046181570040062,peak2=0.04670315358089283,lag_off=0.0,confirmed=False
2026-04-24T17:25:40.377801,AUTOCORR_SAMPLE,Per-buffer autocorr result,freq=523772893.7728938,peak=0.09083006950095296,peak2=0.05924592958763242,lag_off=-6.0,confirmed=False
2026-04-24T17:25:40.377886,AUTOCORR_RESULT,autocorr classification,freq=523772893.7728938,votes=0,total=10,score=0.0,confirmed=False
2026-04-24T17:25:40.425984,AUTOCORR_SAMPLE,Per-buffer autocorr result,freq=564813186.8131869,peak=0.024497767444700003,peak2=0.011500205378979445,lag_off=2.0,confirmed=False
2026-04-24T17:25:40.426637,AUTOCORR_SAMPLE,Per-buffer autocorr result,freq=564813186.8131869,peak=0.08732338901609182,peak2=0.006686239503324032,lag_off=-5.0,confirmed=False
2026-04-24T17:25:40.429363,AUTOCORR_SAMPLE,Per-buffer autocorr result,freq=564813186.8131869,peak=0.06638587010093033,peak2=0.054235679330304265,lag_off=-6.0,confirmed=False
2026-04-24T17:25:40.430169,AUTOCORR_SAMPLE,Per-buffer autocorr result,freq=564813186.8131869,peak=0.08479741215705872,peak2=0.12516119331121445,lag_off=2.0,confirmed=False
2026-04-24T17:25:40.433159,AUTOCORR_SAMPLE,Per-buffer autocorr result,freq=564813186.8131869,peak=0.05038049817085266,peak2=-0.02845452632755041,lag_off=5.0,confirmed=False
2026-04-24T17:25:40.434068,AUTOCORR_SAMPLE,Per-buffer autocorr result,freq=564813186.8131869,peak=0.09954453352838755,peak2=0.009885980747640133,lag_off=-1.0,confirmed=False
2026-04-24T17:25:40.437301,AUTOCORR_SAMPLE,Per-buffer autocorr result,freq=564813186.8131869,peak=-0.03640525043010712,peak2=-0.12647688388824463,lag_off=-2.0,confirmed=False
2026-04-24T17:25:40.438307,AUTOCORR_SAMPLE,Per-buffer autocorr result,freq=564813186.8131869,peak=0.029419608414173126,peak2=-0.010897178202867508,lag_off=6.0,confirmed=False
2026-04-24T17:25:40.441485,AUTOCORR_SAMPLE,Per-buffer autocorr result,freq=564813186.8131869,peak=0.07233540713787079,peak2=-0.04520339518785477,lag_off=0.0,confirmed=False
2026-04-24T17:25:40.444335,AUTOCORR_SAMPLE,Per-buffer autocorr result,freq=564813186.8131869,peak=0.07643214613199234,peak2=0.027854017913341522,lag_off=1.0,confirmed=False
2026-04-24T17:25:40.444474,AUTOCORR_RESULT,autocorr classification,freq=564813186.8131869,votes=0,total=10,score=0.0,confirmed=False
2026-04-24T17:25:40.460167,AUTOCORR_SAMPLE,Per-buffer autocorr result,freq=584168498.1684982,peak=0.08732338901609182,peak2=0.006686239503324032,lag_off=-5.0,confirmed=False
2026-04-24T17:25:40.460808,AUTOCORR_SAMPLE,Per-buffer autocorr result,freq=584168498.1684982,peak=0.09175768122076988,peak2=-0.08257537707686424,lag_off=-6.0,confirmed=False
2026-04-24T17:25:40.461447,AUTOCORR_SAMPLE,Per-buffer autocorr result,freq=584168498.1684982,peak=0.016614966094493866,peak2=-0.06617883872240782,lag_off=-6.0,confirmed=False
2026-04-24T17:25:40.464596,AUTOCORR_SAMPLE,Per-buffer autocorr result,freq=584168498.1684982,peak=0.09422758128494024,peak2=-0.0027649770490825176,lag_off=-4.0,confirmed=False
2026-04-24T17:25:40.467324,AUTOCORR_SAMPLE,Per-buffer autocorr result,freq=584168498.1684982,peak=0.06376216234639287,peak2=-0.013860172592103481,lag_off=3.0,confirmed=False
2026-04-24T17:25:40.468189,AUTOCORR_SAMPLE,Per-buffer autocorr result,freq=584168498.1684982,peak=0.14933613874018192,peak2=0.051958998665213585,lag_off=-3.0,confirmed=False
2026-04-24T17:25:40.468941,AUTOCORR_SAMPLE,Per-buffer autocorr result,freq=584168498.1684982,peak=0.0637182043865323,peak2=-0.00019737891852855682,lag_off=2.0,confirmed=False
2026-04-24T17:25:40.472736,AUTOCORR_SAMPLE,Per-buffer autocorr result,freq=584168498.1684982,peak=0.11380063043907285,peak2=0.024583509657531977,lag_off=-6.0,confirmed=False
2026-04-24T17:25:40.473413,AUTOCORR_SAMPLE,Per-buffer autocorr result,freq=584168498.1684982,peak=0.07585611566901207,peak2=0.008845102041959763,lag_off=3.0,confirmed=False
2026-04-24T17:25:40.476560,AUTOCORR_SAMPLE,Per-buffer autocorr result,freq=584168498.1684982,peak=0.0882698679342866,peak2=0.09763500187546015,lag_off=3.0,confirmed=False
2026-04-24T17:25:40.476653,AUTOCORR_RESULT,autocorr classification,freq=584168498.1684982,votes=0,total=10,score=0.0,confirmed=False
2026-04-24T17:25:40.528335,AUTOCORR_SAMPLE,Per-buffer autocorr result,freq=618769230.7692307,peak=0.03823808208107948,peak2=0.010128646274097264,lag_off=3.0,confirmed=False
2026-04-24T17:25:40.531260,AUTOCORR_SAMPLE,Per-buffer autocorr result,freq=618769230.7692307,peak=0.006212417967617512,peak2=0.024823016487061977,lag_off=2.0,confirmed=False
2026-04-24T17:25:40.532017,AUTOCORR_SAMPLE,Per-buffer autocorr result,freq=618769230.7692307,peak=0.04782592132687569,peak2=-0.03828849922865629,lag_off=5.0,confirmed=False
2026-04-24T17:25:40.532639,AUTOCORR_SAMPLE,Per-buffer autocorr result,freq=618769230.7692307,peak=0.0918346680700779,peak2=0.009287584573030472,lag_off=1.0,confirmed=False
2026-04-24T17:25:40.536299,AUTOCORR_SAMPLE,Per-buffer autocorr result,freq=618769230.7692307,peak=0.04753130325116217,peak2=0.04758679890073836,lag_off=5.0,confirmed=False
2026-04-24T17:25:40.539356,AUTOCORR_SAMPLE,Per-buffer autocorr result,freq=618769230.7692307,peak=0.05689501017332077,peak2=0.034522172063589096,lag_off=-3.0,confirmed=False
2026-04-24T17:25:40.542231,AUTOCORR_SAMPLE,Per-buffer autocorr result,freq=618769230.7692307,peak=0.11323259631171823,peak2=0.07463607052341104,lag_off=5.0,confirmed=False
2026-04-24T17:25:40.543421,AUTOCORR_SAMPLE,Per-buffer autocorr result,freq=618769230.7692307,peak=0.10050449054688215,peak2=0.03737711068242788,lag_off=-3.0,confirmed=False
2026-04-24T17:25:40.546400,AUTOCORR_SAMPLE,Per-buffer autocorr result,freq=618769230.7692307,peak=0.05981915630400181,peak2=0.10927730984985828,lag_off=-3.0,confirmed=False
2026-04-24T17:25:40.547044,AUTOCORR_SAMPLE,Per-buffer autocorr result,freq=618769230.7692307,peak=0.10732911853119731,peak2=0.06025797827169299,lag_off=0.0,confirmed=False
2026-04-24T17:25:40.549253,AUTOCORR_RESULT,autocorr classification,freq=618769230.7692307,votes=0,total=10,score=0.0,confirmed=False
2026-04-24T17:25:40.562607,AUTOCORR_SAMPLE,Per-buffer autocorr result,freq=638776556.7765567,peak=0.006212417967617512,peak2=0.024823016487061977,lag_off=2.0,confirmed=False
2026-04-24T17:25:40.565273,AUTOCORR_SAMPLE,Per-buffer autocorr result,freq=638776556.7765567,peak=0.07571596466004848,peak2=0.004699993878602982,lag_off=4.0,confirmed=False
2026-04-24T17:25:40.566075,AUTOCORR_SAMPLE,Per-buffer autocorr result,freq=638776556.7765567,peak=0.07874117558822036,peak2=0.05502703180536628,lag_off=5.0,confirmed=False
2026-04-24T17:25:40.566687,AUTOCORR_SAMPLE,Per-buffer autocorr result,freq=638776556.7765567,peak=0.08583399094641209,peak2=0.04559298790991306,lag_off=3.0,confirmed=False
2026-04-24T17:25:40.569816,AUTOCORR_SAMPLE,Per-buffer autocorr result,freq=638776556.7765567,peak=0.07939013745635748,peak2=0.043470448814332485,lag_off=1.0,confirmed=False
2026-04-24T17:25:40.572882,AUTOCORR_SAMPLE,Per-buffer autocorr result,freq=638776556.7765567,peak=0.13041572039946914,peak2=0.05919364234432578,lag_off=-3.0,confirmed=False
2026-04-24T17:25:40.573611,AUTOCORR_SAMPLE,Per-buffer autocorr result,freq=638776556.7765567,peak=0.09515505097806454,peak2=0.05588086508214474,lag_off=-3.0,confirmed=False
2026-04-24T17:25:40.576153,AUTOCORR_SAMPLE,Per-buffer autocorr result,freq=638776556.7765567,peak=0.11894879443570971,peak2=0.06951353652402759,lag_off=0.0,confirmed=False
2026-04-24T17:25:40.577031,AUTOCORR_SAMPLE,Per-buffer autocorr result,freq=638776556.7765567,peak=0.0972721017897129,peak2=0.04061456769704819,lag_off=3.0,confirmed=False
2026-04-24T17:25:40.579881,AUTOCORR_SAMPLE,Per-buffer autocorr result,freq=638776556.7765567,peak=0.06993854988832027,peak2=0.047001013648696244,lag_off=-3.0,confirmed=False
2026-04-24T17:25:40.579946,AUTOCORR_RESULT,autocorr classification,freq=638776556.7765567,votes=0,total=10,score=0.0,confirmed=False
2026-04-24T17:25:40.597898,AUTOCORR_SAMPLE,Per-buffer autocorr result,freq=663875457.8754579,peak=0.07571596466004848,peak2=0.004699993878602982,lag_off=4.0,confirmed=False
2026-04-24T17:25:40.601003,AUTOCORR_SAMPLE,Per-buffer autocorr result,freq=663875457.8754579,peak=0.10864133574068546,peak2=-0.015897835604846478,lag_off=3.0,confirmed=False
2026-04-24T17:25:40.601917,AUTOCORR_SAMPLE,Per-buffer autocorr result,freq=663875457.8754579,peak=0.05470895208418369,peak2=0.03914852626621723,lag_off=0.0,confirmed=False
2026-04-24T17:25:40.605162,AUTOCORR_SAMPLE,Per-buffer autocorr result,freq=663875457.8754579,peak=0.03592484071850777,peak2=0.017967980355024338,lag_off=-3.0,confirmed=False
2026-04-24T17:25:40.605899,AUTOCORR_SAMPLE,Per-buffer autocorr result,freq=663875457.8754579,peak=0.11415829509496689,peak2=0.009575903415679932,lag_off=-6.0,confirmed=False
2026-04-24T17:25:40.609007,AUTOCORR_SAMPLE,Per-buffer autocorr result,freq=663875457.8754579,peak=0.02824844012502581,peak2=0.08374564873520285,lag_off=5.0,confirmed=False
2026-04-24T17:25:40.612165,AUTOCORR_SAMPLE,Per-buffer autocorr result,freq=663875457.8754579,peak=0.11141110118478537,peak2=0.10728640016168356,lag_off=-2.0,confirmed=False
2026-04-24T17:25:40.612847,AUTOCORR_SAMPLE,Per-buffer autocorr result,freq=663875457.8754579,peak=0.15412141289561987,peak2=0.08695915248245001,lag_off=-4.0,confirmed=False
2026-04-24T17:25:40.616296,AUTOCORR_SAMPLE,Per-buffer autocorr result,freq=663875457.8754579,peak=0.06843041256070137,peak2=0.047878991812467575,lag_off=-1.0,confirmed=False
2026-04-24T17:25:40.619189,AUTOCORR_SAMPLE,Per-buffer autocorr result,freq=663875457.8754579,peak=0.09236999740824103,peak2=0.0394739112816751,lag_off=-5.0,confirmed=False
2026-04-24T17:25:40.619345,AUTOCORR_RESULT,autocorr classification,freq=663875457.8754579,votes=0,total=10,score=0.0,confirmed=False
2026-04-24T17:25:40.819453,AUTOCORR_SAMPLE,Per-buffer autocorr result,freq=762424908.4249084,peak=0.36489690840244293,peak2=0.22611582279205322,lag_off=-1.0,confirmed=True
2026-04-24T17:25:40.825773,AUTOCORR_SAMPLE,Per-buffer autocorr result,freq=762424908.4249084,peak=0.8184408694505692,peak2=0.5320111066102982,lag_off=-1.0,confirmed=True
2026-04-24T17:25:40.826855,AUTOCORR_SAMPLE,Per-buffer autocorr result,freq=762424908.4249084,peak=0.7602634429931641,peak2=0.5328143835067749,lag_off=0.0,confirmed=True
2026-04-24T17:25:40.832659,AUTOCORR_SAMPLE,Per-buffer autocorr result,freq=762424908.4249084,peak=0.24247124791145325,peak2=-0.12722770497202873,lag_off=-1.0,confirmed=False
2026-04-24T17:25:40.837967,AUTOCORR_SAMPLE,Per-buffer autocorr result,freq=762424908.4249084,peak=0.7797654494643211,peak2=0.46095340698957443,lag_off=0.0,confirmed=True
2026-04-24T17:25:40.838964,AUTOCORR_SAMPLE,Per-buffer autocorr result,freq=762424908.4249084,peak=0.6800435110926628,peak2=0.40423526614904404,lag_off=-1.0,confirmed=True
2026-04-24T17:25:40.843919,AUTOCORR_SAMPLE,Per-buffer autocorr result,freq=762424908.4249084,peak=0.7018716186285019,peak2=0.36525093019008636,lag_off=0.0,confirmed=True
2026-04-24T17:25:40.848583,AUTOCORR_SAMPLE,Per-buffer autocorr result,freq=762424908.4249084,peak=0.6761809289455414,peak2=0.3873802125453949,lag_off=0.0,confirmed=True
2026-04-24T17:25:40.853316,AUTOCORR_SAMPLE,Per-buffer autocorr result,freq=762424908.4249084,peak=0.511985294520855,peak2=0.29497428983449936,lag_off=0.0,confirmed=True
2026-04-24T17:25:40.854265,AUTOCORR_SAMPLE,Per-buffer autocorr result,freq=762424908.4249084,peak=0.7788097932934761,peak2=0.4639929011464119,lag_off=-1.0,confirmed=True
2026-04-24T17:25:40.854396,AUTOCORR_RESULT,autocorr classification,freq=762424908.4249084,votes=9,total=10,score=0.9,confirmed=True
2026-04-24T17:25:40.869817,AUTOCORR_SAMPLE,Per-buffer autocorr result,freq=783389499.3894994,peak=0.24247124791145325,peak2=-0.12722770497202873,lag_off=-1.0,confirmed=False
2026-04-24T17:25:40.870668,AUTOCORR_SAMPLE,Per-buffer autocorr result,freq=783389499.3894994,peak=0.039366310462355614,peak2=0.10753913037478924,lag_off=5.0,confirmed=False
2026-04-24T17:25:40.874062,AUTOCORR_SAMPLE,Per-buffer autocorr result,freq=783389499.3894994,peak=0.01109584141522646,peak2=0.036863879300653934,lag_off=5.0,confirmed=False
2026-04-24T17:25:40.876659,AUTOCORR_SAMPLE,Per-buffer autocorr result,freq=783389499.3894994,peak=0.039298956748098135,peak2=0.09648012509569526,lag_off=4.0,confirmed=False
2026-04-24T17:25:40.879336,AUTOCORR_SAMPLE,Per-buffer autocorr result,freq=783389499.3894994,peak=0.05543360859155655,peak2=0.02316264435648918,lag_off=2.0,confirmed=False
2026-04-24T17:25:40.880213,AUTOCORR_SAMPLE,Per-buffer autocorr result,freq=783389499.3894994,peak=0.10744929336942732,peak2=0.0015189817640930414,lag_off=-4.0,confirmed=False
2026-04-24T17:25:40.882717,AUTOCORR_SAMPLE,Per-buffer autocorr result,freq=783389499.3894994,peak=0.05911020003259182,peak2=0.06704792939126492,lag_off=4.0,confirmed=False
2026-04-24T17:25:40.886115,AUTOCORR_SAMPLE,Per-buffer autocorr result,freq=783389499.3894994,peak=0.1376498956233263,peak2=0.030600758269429207,lag_off=-6.0,confirmed=False
2026-04-24T17:25:40.889440,AUTOCORR_SAMPLE,Per-buffer autocorr result,freq=783389499.3894994,peak=0.06299294484779239,peak2=0.05581505177542567,lag_off=-1.0,confirmed=False
2026-04-24T17:25:40.890437,AUTOCORR_SAMPLE,Per-buffer autocorr result,freq=783389499.3894994,peak=0.10104676336050034,peak2=0.07793252915143967,lag_off=3.0,confirmed=False
2026-04-24T17:25:40.890505,AUTOCORR_RESULT,autocorr classification,freq=783389499.3894994,votes=0,total=10,score=0.0,confirmed=False
2026-04-24T17:25:41.215375,AUTOCORR_SAMPLE,Per-buffer autocorr result,freq=939677655.6776557,peak=0.10705457883886993,peak2=0.07779124635271728,lag_off=-4.0,confirmed=False
2026-04-24T17:25:41.222547,AUTOCORR_SAMPLE,Per-buffer autocorr result,freq=939677655.6776557,peak=0.07920290529727936,peak2=0.050620999187231064,lag_off=1.0,confirmed=False
2026-04-24T17:25:41.223290,AUTOCORR_SAMPLE,Per-buffer autocorr result,freq=939677655.6776557,peak=0.08387152245268226,peak2=0.07283233990892768,lag_off=5.0,confirmed=False
2026-04-24T17:25:41.224061,AUTOCORR_SAMPLE,Per-buffer autocorr result,freq=939677655.6776557,peak=0.0001506870612502098,peak2=-0.01691621821373701,lag_off=-4.0,confirmed=False
2026-04-24T17:25:41.231451,AUTOCORR_SAMPLE,Per-buffer autocorr result,freq=939677655.6776557,peak=0.1315219309180975,peak2=0.11233634315431118,lag_off=3.0,confirmed=False
2026-04-24T17:25:41.237692,AUTOCORR_SAMPLE,Per-buffer autocorr result,freq=939677655.6776557,peak=0.0813601731788367,peak2=0.043817222816869617,lag_off=-3.0,confirmed=False
2026-04-24T17:25:41.238451,AUTOCORR_SAMPLE,Per-buffer autocorr result,freq=939677655.6776557,peak=-0.36139751225709915,peak2=-0.6989005506038666,lag_off=-5.0,confirmed=False
2026-04-24T17:25:41.243717,AUTOCORR_SAMPLE,Per-buffer autocorr result,freq=939677655.6776557,peak=0.06138580432161689,peak2=0.08934283396229148,lag_off=4.0,confirmed=False
2026-04-24T17:25:41.248000,AUTOCORR_SAMPLE,Per-buffer autocorr result,freq=939677655.6776557,peak=0.0706016318872571,peak2=0.0963228540495038,lag_off=-3.0,confirmed=False
2026-04-24T17:25:41.248863,AUTOCORR_SAMPLE,Per-buffer autocorr result,freq=939677655.6776557,peak=-0.30709172412753105,peak2=-0.401060089468956,lag_off=-5.0,confirmed=False
2026-04-24T17:25:41.248966,AUTOCORR_RESULT,autocorr classification,freq=939677655.6776557,votes=0,total=10,score=0.0,confirmed=False
2026-04-24T17:25:41.267212,AUTOCORR_SAMPLE,Per-buffer autocorr result,freq=958954822.9548229,peak=0.0813601731788367,peak2=0.043817222816869617,lag_off=-3.0,confirmed=False
2026-04-24T17:25:41.270271,AUTOCORR_SAMPLE,Per-buffer autocorr result,freq=958954822.9548229,peak=-0.10041933506727219,peak2=-0.04555971547961235,lag_off=1.0,confirmed=False
2026-04-24T17:25:41.271136,AUTOCORR_SAMPLE,Per-buffer autocorr result,freq=958954822.9548229,peak=-0.07472110819071531,peak2=-0.09743950888514519,lag_off=-5.0,confirmed=False
2026-04-24T17:25:41.273820,AUTOCORR_SAMPLE,Per-buffer autocorr result,freq=958954822.9548229,peak=0.07744065672159195,peak2=0.045210100710392,lag_off=-1.0,confirmed=False
2026-04-24T17:25:41.274607,AUTOCORR_SAMPLE,Per-buffer autocorr result,freq=958954822.9548229,peak=-0.02106413245201111,peak2=-0.1475825384259224,lag_off=0.0,confirmed=False
2026-04-24T17:25:41.277436,AUTOCORR_SAMPLE,Per-buffer autocorr result,freq=958954822.9548229,peak=-0.016321896575391293,peak2=-0.030516168102622032,lag_off=-4.0,confirmed=False
2026-04-24T17:25:41.280851,AUTOCORR_SAMPLE,Per-buffer autocorr result,freq=958954822.9548229,peak=0.0018174797296524048,peak2=-0.05769440997391939,lag_off=2.0,confirmed=False
2026-04-24T17:25:41.281667,AUTOCORR_SAMPLE,Per-buffer autocorr result,freq=958954822.9548229,peak=0.02521105855703354,peak2=0.007834665477275848,lag_off=2.0,confirmed=False
2026-04-24T17:25:41.284389,AUTOCORR_SAMPLE,Per-buffer autocorr result,freq=958954822.9548229,peak=-0.07707317918539047,peak2=-0.2624570354819298,lag_off=-3.0,confirmed=False
2026-04-24T17:25:41.285170,AUTOCORR_SAMPLE,Per-buffer autocorr result,freq=958954822.9548229,peak=0.00756563525646925,peak2=-0.004785057622939348,lag_off=-4.0,confirmed=False
2026-04-24T17:25:41.285226,AUTOCORR_RESULT,autocorr classification,freq=958954822.9548229,votes=0,total=10,score=0.0,confirmed=False
2026-04-24T17:25:41.693263,AUTOCORR_SAMPLE,Per-buffer autocorr result,freq=1265912087.912088,peak=0.22901005670428276,peak2=0.011674915440380573,lag_off=1.0,confirmed=False
2026-04-24T17:25:41.696108,AUTOCORR_SAMPLE,Per-buffer autocorr result,freq=1265912087.912088,peak=0.13928634487092495,peak2=0.0779226254671812,lag_off=0.0,confirmed=False
2026-04-24T17:25:41.696948,AUTOCORR_SAMPLE,Per-buffer autocorr result,freq=1265912087.912088,peak=0.09836771432310343,peak2=0.04412286076694727,lag_off=-3.0,confirmed=False
2026-04-24T17:25:41.699357,AUTOCORR_SAMPLE,Per-buffer autocorr result,freq=1265912087.912088,peak=-0.018106088042259216,peak2=-0.11659625545144081,lag_off=-3.0,confirmed=False
2026-04-24T17:25:41.700164,AUTOCORR_SAMPLE,Per-buffer autocorr result,freq=1265912087.912088,peak=0.0960453674197197,peak2=0.09410399943590164,lag_off=2.0,confirmed=False
2026-04-24T17:25:41.702934,AUTOCORR_SAMPLE,Per-buffer autocorr result,freq=1265912087.912088,peak=0.08807010063901544,peak2=0.10057990858331323,lag_off=-6.0,confirmed=False
2026-04-24T17:25:41.703640,AUTOCORR_SAMPLE,Per-buffer autocorr result,freq=1265912087.912088,peak=0.11788482405245304,peak2=0.02203311212360859,lag_off=-5.0,confirmed=False
2026-04-24T17:25:41.704293,AUTOCORR_SAMPLE,Per-buffer autocorr result,freq=1265912087.912088,peak=0.18370563723146915,peak2=0.07353243418037891,lag_off=0.0,confirmed=False
2026-04-24T17:25:41.707034,AUTOCORR_SAMPLE,Per-buffer autocorr result,freq=1265912087.912088,peak=0.10261919558979571,peak2=0.036301018903031945,lag_off=-6.0,confirmed=False
2026-04-24T17:25:41.709733,AUTOCORR_SAMPLE,Per-buffer autocorr result,freq=1265912087.912088,peak=0.11444746842607856,peak2=0.0827785818837583,lag_off=-5.0,confirmed=False
2026-04-24T17:25:41.709834,AUTOCORR_RESULT,autocorr classification,freq=1265912087.912088,votes=0,total=10,score=0.0,confirmed=False
2026-04-24T17:25:41.913735,AUTOCORR_SAMPLE,Per-buffer autocorr result,freq=1374776556.7765567,peak=0.04096272215247154,peak2=0.05945796798914671,lag_off=-2.0,confirmed=False
2026-04-24T17:25:41.917394,AUTOCORR_SAMPLE,Per-buffer autocorr result,freq=1374776556.7765567,peak=0.06627872679382563,peak2=0.11393074039369822,lag_off=0.0,confirmed=False
2026-04-24T17:25:41.918515,AUTOCORR_SAMPLE,Per-buffer autocorr result,freq=1374776556.7765567,peak=0.05671381298452616,peak2=0.1587834106758237,lag_off=-6.0,confirmed=False
2026-04-24T17:25:41.922054,AUTOCORR_SAMPLE,Per-buffer autocorr result,freq=1374776556.7765567,peak=0.06585919857025146,peak2=-0.09009614959359169,lag_off=0.0,confirmed=False
2026-04-24T17:25:41.925578,AUTOCORR_SAMPLE,Per-buffer autocorr result,freq=1374776556.7765567,peak=0.09628362953662872,peak2=0.07128025591373444,lag_off=-6.0,confirmed=False
2026-04-24T17:25:41.926786,AUTOCORR_SAMPLE,Per-buffer autocorr result,freq=1374776556.7765567,peak=0.0706737614236772,peak2=0.04247979959473014,lag_off=0.0,confirmed=False
2026-04-24T17:25:41.930187,AUTOCORR_SAMPLE,Per-buffer autocorr result,freq=1374776556.7765567,peak=0.08681903406977654,peak2=0.0388578437268734,lag_off=-1.0,confirmed=False
2026-04-24T17:25:41.931230,AUTOCORR_SAMPLE,Per-buffer autocorr result,freq=1374776556.7765567,peak=0.019102785270661116,peak2=0.036288651172071695,lag_off=4.0,confirmed=False
2026-04-24T17:25:41.934649,AUTOCORR_SAMPLE,Per-buffer autocorr result,freq=1374776556.7765567,peak=0.029023220762610435,peak2=0.2648741900920868,lag_off=-4.0,confirmed=False
2026-04-24T17:25:41.935708,AUTOCORR_SAMPLE,Per-buffer autocorr result,freq=1374776556.7765567,peak=0.0932541536167264,peak2=0.031975516118109226,lag_off=5.0,confirmed=False
2026-04-24T17:25:41.938384,AUTOCORR_RESULT,autocorr classification,freq=1374776556.7765567,votes=0,total=10,score=0.0,confirmed=False
2026-04-24T17:25:42.851800,AUTOCORR_SAMPLE,Per-buffer autocorr result,freq=1807797313.7973137,peak=0.08192696748301387,peak2=0.07619517622515559,lag_off=-1.0,confirmed=False
2026-04-24T17:25:42.857877,AUTOCORR_SAMPLE,Per-buffer autocorr result,freq=1807797313.7973137,peak=0.00954701378941536,peak2=0.0796503946185112,lag_off=-4.0,confirmed=False
2026-04-24T17:25:42.865175,AUTOCORR_SAMPLE,Per-buffer autocorr result,freq=1807797313.7973137,peak=0.06950991787016392,peak2=-0.014270862564444542,lag_off=-3.0,confirmed=False
2026-04-24T17:25:42.865896,AUTOCORR_SAMPLE,Per-buffer autocorr result,freq=1807797313.7973137,peak=0.058629944222047925,peak2=0.055736637907102704,lag_off=2.0,confirmed=False
2026-04-24T17:25:42.866605,AUTOCORR_SAMPLE,Per-buffer autocorr result,freq=1807797313.7973137,peak=-0.021756507456302643,peak2=-0.1431720219552517,lag_off=3.0,confirmed=False
2026-04-24T17:25:42.867379,AUTOCORR_SAMPLE,Per-buffer autocorr result,freq=1807797313.7973137,peak=0.046889323741197586,peak2=0.08313606306910515,lag_off=6.0,confirmed=False
2026-04-24T17:25:42.868034,AUTOCORR_SAMPLE,Per-buffer autocorr result,freq=1807797313.7973137,peak=0.1403016820549965,peak2=0.1773543581366539,lag_off=-6.0,confirmed=False
2026-04-24T17:25:42.868597,AUTOCORR_SAMPLE,Per-buffer autocorr result,freq=1807797313.7973137,peak=0.15819217171519995,peak2=0.06399339716881514,lag_off=-2.0,confirmed=False
2026-04-24T17:25:42.869152,AUTOCORR_SAMPLE,Per-buffer autocorr result,freq=1807797313.7973137,peak=0.06582397798774764,peak2=0.07431527058361098,lag_off=3.0,confirmed=False
2026-04-24T17:25:42.869670,AUTOCORR_SAMPLE,Per-buffer autocorr result,freq=1807797313.7973137,peak=0.024695292115211487,peak2=0.0026994869112968445,lag_off=-3.0,confirmed=False
2026-04-24T17:25:42.869716,AUTOCORR_RESULT,autocorr classification,freq=1807797313.7973137,votes=0,total=10,score=0.0,confirmed=False
2026-04-24T17:25:42.967252,AUTOCORR_SAMPLE,Per-buffer autocorr result,freq=1827694749.6947496,peak=0.06582397798774764,peak2=0.07431527058361098,lag_off=3.0,confirmed=False
2026-04-24T17:25:42.968147,AUTOCORR_SAMPLE,Per-buffer autocorr result,freq=1827694749.6947496,peak=0.09315110743045807,peak2=0.05300184711813927,lag_off=1.0,confirmed=False
2026-04-24T17:25:42.971186,AUTOCORR_SAMPLE,Per-buffer autocorr result,freq=1827694749.6947496,peak=0.09450869006104767,peak2=0.09358309698291123,lag_off=-1.0,confirmed=False
2026-04-24T17:25:42.971947,AUTOCORR_SAMPLE,Per-buffer autocorr result,freq=1827694749.6947496,peak=0.04163577833969612,peak2=0.06111824193794746,lag_off=-2.0,confirmed=False
2026-04-24T17:25:42.975234,AUTOCORR_SAMPLE,Per-buffer autocorr result,freq=1827694749.6947496,peak=-0.050866056233644485,peak2=-0.1384410858154297,lag_off=-1.0,confirmed=False
2026-04-24T17:25:42.976025,AUTOCORR_SAMPLE,Per-buffer autocorr result,freq=1827694749.6947496,peak=0.0686605836963281,peak2=0.06817213108297437,lag_off=-3.0,confirmed=False
2026-04-24T17:25:42.976892,AUTOCORR_SAMPLE,Per-buffer autocorr result,freq=1827694749.6947496,peak=0.024332953616976738,peak2=0.010018646717071533,lag_off=-1.0,confirmed=False
2026-04-24T17:25:42.980445,AUTOCORR_SAMPLE,Per-buffer autocorr result,freq=1827694749.6947496,peak=0.09885768871754408,peak2=0.09397948812693357,lag_off=5.0,confirmed=False
2026-04-24T17:25:42.983888,AUTOCORR_SAMPLE,Per-buffer autocorr result,freq=1827694749.6947496,peak=0.16151288524270058,peak2=0.07070448622107506,lag_off=3.0,confirmed=False
2026-04-24T17:25:42.984782,AUTOCORR_SAMPLE,Per-buffer autocorr result,freq=1827694749.6947496,peak=-0.20961750019341707,peak2=-0.31830622255802155,lag_off=-6.0,confirmed=False
2026-04-24T17:25:42.984962,AUTOCORR_RESULT,autocorr classification,freq=1827694749.6947496,votes=0,total=10,score=0.0,confirmed=False
2026-04-24T17:25:43.020799,AUTOCORR_SAMPLE,Per-buffer autocorr result,freq=1835523809.5238094,peak=0.09315110743045807,peak2=0.05300184711813927,lag_off=1.0,confirmed=False
2026-04-24T17:25:43.021606,AUTOCORR_SAMPLE,Per-buffer autocorr result,freq=1835523809.5238094,peak=0.0031727561727166176,peak2=-0.06946966331452131,lag_off=-6.0,confirmed=False
2026-04-24T17:25:43.027366,AUTOCORR_SAMPLE,Per-buffer autocorr result,freq=1835523809.5238094,peak=0.06510102842003107,peak2=0.08431767392903566,lag_off=3.0,confirmed=False
2026-04-24T17:25:43.028183,AUTOCORR_SAMPLE,Per-buffer autocorr result,freq=1835523809.5238094,peak=-0.013380522606894374,peak2=0.04086144361644983,lag_off=-4.0,confirmed=False
2026-04-24T17:25:43.031478,AUTOCORR_SAMPLE,Per-buffer autocorr result,freq=1835523809.5238094,peak=0.08040671050548553,peak2=0.11005267594009638,lag_off=3.0,confirmed=False
2026-04-24T17:25:43.034927,AUTOCORR_SAMPLE,Per-buffer autocorr result,freq=1835523809.5238094,peak=0.05163571797311306,peak2=0.08323044888675213,lag_off=-5.0,confirmed=False
2026-04-24T17:25:43.035823,AUTOCORR_SAMPLE,Per-buffer autocorr result,freq=1835523809.5238094,peak=0.09629075322300196,peak2=0.1123625123873353,lag_off=5.0,confirmed=False
2026-04-24T17:25:43.039157,AUTOCORR_SAMPLE,Per-buffer autocorr result,freq=1835523809.5238094,peak=-0.030758462846279144,peak2=0.14674987271428108,lag_off=-6.0,confirmed=False
2026-04-24T17:25:43.040010,AUTOCORR_SAMPLE,Per-buffer autocorr result,freq=1835523809.5238094,peak=0.07885191217064857,peak2=0.06498653814196587,lag_off=6.0,confirmed=False
2026-04-24T17:25:43.042982,AUTOCORR_SAMPLE,Per-buffer autocorr result,freq=1835523809.5238094,peak=0.09938717354089022,peak2=0.1200764300301671,lag_off=4.0,confirmed=False
2026-04-24T17:25:43.043088,AUTOCORR_RESULT,autocorr classification,freq=1835523809.5238094,votes=0,total=10,score=0.0,confirmed=False
2026-04-24T17:25:43.098561,AUTOCORR_SAMPLE,Per-buffer autocorr result,freq=1875128205.128205,peak=0.16547347605228424,peak2=0.09583126753568649,lag_off=-5.0,confirmed=False
2026-04-24T17:25:43.102079,AUTOCORR_SAMPLE,Per-buffer autocorr result,freq=1875128205.128205,peak=0.07879387587308884,peak2=-0.08997503388673067,lag_off=-4.0,confirmed=False
2026-04-24T17:25:43.103070,AUTOCORR_SAMPLE,Per-buffer autocorr result,freq=1875128205.128205,peak=0.2733298987150192,peak2=0.006521746516227722,lag_off=-4.0,confirmed=False
2026-04-24T17:25:43.106499,AUTOCORR_SAMPLE,Per-buffer autocorr result,freq=1875128205.128205,peak=0.0796773792244494,peak2=0.08475959161296487,lag_off=-2.0,confirmed=False
2026-04-24T17:25:43.107291,AUTOCORR_SAMPLE,Per-buffer autocorr result,freq=1875128205.128205,peak=0.32956942915916443,peak2=0.08814077079296112,lag_off=1.0,confirmed=False
2026-04-24T17:25:43.110744,AUTOCORR_SAMPLE,Per-buffer autocorr result,freq=1875128205.128205,peak=0.18896226584911346,peak2=0.07171575725078583,lag_off=1.0,confirmed=False
2026-04-24T17:25:43.111604,AUTOCORR_SAMPLE,Per-buffer autocorr result,freq=1875128205.128205,peak=0.014652542769908905,peak2=-0.12174205295741558,lag_off=6.0,confirmed=False
2026-04-24T17:25:43.115035,AUTOCORR_SAMPLE,Per-buffer autocorr result,freq=1875128205.128205,peak=0.14834901690483093,peak2=-0.11848352663218975,lag_off=1.0,confirmed=False
2026-04-24T17:25:43.115903,AUTOCORR_SAMPLE,Per-buffer autocorr result,freq=1875128205.128205,peak=0.13590741448570043,peak2=0.052747025270946324,lag_off=-6.0,confirmed=False
2026-04-24T17:25:43.119372,AUTOCORR_SAMPLE,Per-buffer autocorr result,freq=1875128205.128205,peak=-0.019704613834619522,peak2=-0.020503077656030655,lag_off=1.0,confirmed=False
2026-04-24T17:25:43.119515,AUTOCORR_RESULT,autocorr classification,freq=1875128205.128205,votes=0,total=10,score=0.0,confirmed=False
2026-04-24T17:25:43.136627,AUTOCORR_SAMPLE,Per-buffer autocorr result,freq=1894615384.6153846,peak=0.225641168653965,peak2=0.08261501044034958,lag_off=1.0,confirmed=False
2026-04-24T17:25:43.137469,AUTOCORR_SAMPLE,Per-buffer autocorr result,freq=1894615384.6153846,peak=0.06571742263622582,peak2=0.03183099371381104,lag_off=4.0,confirmed=False
2026-04-24T17:25:43.143311,AUTOCORR_SAMPLE,Per-buffer autocorr result,freq=1894615384.6153846,peak=0.03665512742009014,peak2=0.037981394096277654,lag_off=2.0,confirmed=False
2026-04-24T17:25:43.146264,AUTOCORR_SAMPLE,Per-buffer autocorr result,freq=1894615384.6153846,peak=0.06312918057665229,peak2=0.02397231152281165,lag_off=-6.0,confirmed=False
2026-04-24T17:25:43.148783,AUTOCORR_SAMPLE,Per-buffer autocorr result,freq=1894615384.6153846,peak=0.07264718227088451,peak2=0.025863494724035263,lag_off=1.0,confirmed=False
2026-04-24T17:25:43.149708,AUTOCORR_SAMPLE,Per-buffer autocorr result,freq=1894615384.6153846,peak=0.02376209245994687,peak2=0.023565819952636957,lag_off=-1.0,confirmed=False
2026-04-24T17:25:43.152027,AUTOCORR_SAMPLE,Per-buffer autocorr result,freq=1894615384.6153846,peak=0.03858194255735725,peak2=0.08381563925649971,lag_off=3.0,confirmed=False
2026-04-24T17:25:43.156249,AUTOCORR_SAMPLE,Per-buffer autocorr result,freq=1894615384.6153846,peak=0.035671592224389315,peak2=0.05133464792743325,lag_off=-1.0,confirmed=False
2026-04-24T17:25:43.156863,AUTOCORR_SAMPLE,Per-buffer autocorr result,freq=1894615384.6153846,peak=0.09269687812775373,peak2=0.033581565134227276,lag_off=5.0,confirmed=False
2026-04-24T17:25:43.159682,AUTOCORR_SAMPLE,Per-buffer autocorr result,freq=1894615384.6153846,peak=0.12876086169853806,peak2=0.08155647898092866,lag_off=-5.0,confirmed=False
2026-04-24T17:25:43.159851,AUTOCORR_RESULT,autocorr classification,freq=1894615384.6153846,votes=0,total=10,score=0.0,confirmed=False
2026-04-24T17:25:43.555023,AUTOCORR_SAMPLE,Per-buffer autocorr result,freq=2113633699.6336997,peak=0.17194657027721405,peak2=0.044790346175432205,lag_off=0.0,confirmed=False
2026-04-24T17:25:43.558763,AUTOCORR_SAMPLE,Per-buffer autocorr result,freq=2113633699.6336997,peak=0.0858920868486166,peak2=0.04951914958655834,lag_off=-5.0,confirmed=False
2026-04-24T17:25:43.559517,AUTOCORR_SAMPLE,Per-buffer autocorr result,freq=2113633699.6336997,peak=0.06480070389807224,peak2=0.05272381193935871,lag_off=3.0,confirmed=False
2026-04-24T17:25:43.560381,AUTOCORR_SAMPLE,Per-buffer autocorr result,freq=2113633699.6336997,peak=0.09243518952280283,peak2=0.07894588354974985,lag_off=4.0,confirmed=False
2026-04-24T17:25:43.563724,AUTOCORR_SAMPLE,Per-buffer autocorr result,freq=2113633699.6336997,peak=0.05460188677534461,peak2=0.06384038319811225,lag_off=4.0,confirmed=False
2026-04-24T17:25:43.567115,AUTOCORR_SAMPLE,Per-buffer autocorr result,freq=2113633699.6336997,peak=0.07783756218850613,peak2=0.12258311174809933,lag_off=0.0,confirmed=False
2026-04-24T17:25:43.567916,AUTOCORR_SAMPLE,Per-buffer autocorr result,freq=2113633699.6336997,peak=0.1319443031679839,peak2=0.07871886040084064,lag_off=3.0,confirmed=False
2026-04-24T17:25:43.571713,AUTOCORR_SAMPLE,Per-buffer autocorr result,freq=2113633699.6336997,peak=0.11892549507319927,peak2=0.04917588271200657,lag_off=3.0,confirmed=False
2026-04-24T17:25:43.572757,AUTOCORR_SAMPLE,Per-buffer autocorr result,freq=2113633699.6336997,peak=0.08401121012866497,peak2=0.05246932990849018,lag_off=2.0,confirmed=False
2026-04-24T17:25:43.582327,AUTOCORR_SAMPLE,Per-buffer autocorr result,freq=2113633699.6336997,peak=0.027023006230592728,peak2=-0.010211572051048279,lag_off=2.0,confirmed=False
2026-04-24T17:25:43.582468,AUTOCORR_RESULT,autocorr classification,freq=2113633699.6336997,votes=0,total=10,score=0.0,confirmed=False
2026-04-24T17:25:43.660578,AUTOCORR_SAMPLE,Per-buffer autocorr result,freq=2144021978.0219781,peak=0.11892549507319927,peak2=0.04917588271200657,lag_off=3.0,confirmed=False
2026-04-24T17:25:43.663695,AUTOCORR_SAMPLE,Per-buffer autocorr result,freq=2144021978.0219781,peak=0.030913484748452902,peak2=0.0033826776780188084,lag_off=-5.0,confirmed=False
2026-04-24T17:25:43.664364,AUTOCORR_SAMPLE,Per-buffer autocorr result,freq=2144021978.0219781,peak=0.049932897090911865,peak2=-0.1405779905617237,lag_off=-3.0,confirmed=False
2026-04-24T17:25:43.667720,AUTOCORR_SAMPLE,Per-buffer autocorr result,freq=2144021978.0219781,peak=-0.11347497999668121,peak2=-0.24932991713285446,lag_off=3.0,confirmed=False
2026-04-24T17:25:43.671016,AUTOCORR_SAMPLE,Per-buffer autocorr result,freq=2144021978.0219781,peak=0.04797862097620964,peak2=0.16088277101516724,lag_off=-4.0,confirmed=False
2026-04-24T17:25:43.671807,AUTOCORR_SAMPLE,Per-buffer autocorr result,freq=2144021978.0219781,peak=0.05379830300807953,peak2=-0.2907352149486542,lag_off=-1.0,confirmed=False
2026-04-24T17:25:43.674756,AUTOCORR_SAMPLE,Per-buffer autocorr result,freq=2144021978.0219781,peak=0.1969335675239563,peak2=0.06934581324458122,lag_off=6.0,confirmed=False
2026-04-24T17:25:43.677427,AUTOCORR_SAMPLE,Per-buffer autocorr result,freq=2144021978.0219781,peak=-0.06198857817798853,peak2=-0.05754131730645895,lag_off=5.0,confirmed=False
2026-04-24T17:25:43.678211,AUTOCORR_SAMPLE,Per-buffer autocorr result,freq=2144021978.0219781,peak=-0.02361580915749073,peak2=0.1088933739811182,lag_off=0.0,confirmed=False
2026-04-24T17:25:43.681107,AUTOCORR_SAMPLE,Per-buffer autocorr result,freq=2144021978.0219781,peak=0.16780329123139381,peak2=0.12626096978783607,lag_off=0.0,confirmed=False
2026-04-24T17:25:43.681176,AUTOCORR_RESULT,autocorr classification,freq=2144021978.0219781,votes=0,total=10,score=0.0,confirmed=False
2026-04-24T17:25:43.694657,AUTOCORR_SAMPLE,Per-buffer autocorr result,freq=2163982905.982906,peak=0.05379830300807953,peak2=-0.2907352149486542,lag_off=-1.0,confirmed=False
2026-04-24T17:25:43.697589,AUTOCORR_SAMPLE,Per-buffer autocorr result,freq=2163982905.982906,peak=0.09148846287280321,peak2=0.10125341732054949,lag_off=-5.0,confirmed=False
2026-04-24T17:25:43.698311,AUTOCORR_SAMPLE,Per-buffer autocorr result,freq=2163982905.982906,peak=0.043419777415692806,peak2=0.12796611245721579,lag_off=0.0,confirmed=False
2026-04-24T17:25:43.701018,AUTOCORR_SAMPLE,Per-buffer autocorr result,freq=2163982905.982906,peak=0.1240387768484652,peak2=0.10989962378516793,lag_off=-2.0,confirmed=False
2026-04-24T17:25:43.701849,AUTOCORR_SAMPLE,Per-buffer autocorr result,freq=2163982905.982906,peak=0.10255900491029024,peak2=0.06271772552281618,lag_off=-2.0,confirmed=False
2026-04-24T17:25:43.705264,AUTOCORR_SAMPLE,Per-buffer autocorr result,freq=2163982905.982906,peak=0.08533628657460213,peak2=0.04722553491592407,lag_off=2.0,confirmed=False
2026-04-24T17:25:43.708458,AUTOCORR_SAMPLE,Per-buffer autocorr result,freq=2163982905.982906,peak=0.16856088815256953,peak2=0.0802852245979011,lag_off=4.0,confirmed=False
2026-04-24T17:25:43.712743,AUTOCORR_SAMPLE,Per-buffer autocorr result,freq=2163982905.982906,peak=0.0371670126914978,peak2=-0.013419926166534424,lag_off=-4.0,confirmed=False
2026-04-24T17:25:43.713717,AUTOCORR_SAMPLE,Per-buffer autocorr result,freq=2163982905.982906,peak=0.0889991195872426,peak2=0.019922939129173756,lag_off=-2.0,confirmed=False
2026-04-24T17:25:43.718423,AUTOCORR_SAMPLE,Per-buffer autocorr result,freq=2163982905.982906,peak=0.08625229075551033,peak2=0.08642338588833809,lag_off=-2.0,confirmed=False
2026-04-24T17:25:43.718516,AUTOCORR_RESULT,autocorr classification,freq=2163982905.982906,votes=0,total=10,score=0.0,confirmed=False
2026-04-24T17:25:43.766078,AUTOCORR_SAMPLE,Per-buffer autocorr result,freq=2187211233.211233,peak=0.09148846287280321,peak2=0.10125341732054949,lag_off=-5.0,confirmed=False
2026-04-24T17:25:43.769770,AUTOCORR_SAMPLE,Per-buffer autocorr result,freq=2187211233.211233,peak=0.06669765236438252,peak2=0.05967204170883633,lag_off=3.0,confirmed=False
2026-04-24T17:25:43.770823,AUTOCORR_SAMPLE,Per-buffer autocorr result,freq=2187211233.211233,peak=0.10574008384719491,peak2=0.08320969948545098,lag_off=-5.0,confirmed=False
2026-04-24T17:25:43.774623,AUTOCORR_SAMPLE,Per-buffer autocorr result,freq=2187211233.211233,peak=0.03458429826423526,peak2=0.019105492625385523,lag_off=1.0,confirmed=False
2026-04-24T17:25:43.778084,AUTOCORR_SAMPLE,Per-buffer autocorr result,freq=2187211233.211233,peak=0.12181722838431597,peak2=0.09930222947150469,lag_off=-5.0,confirmed=False
2026-04-24T17:25:43.781123,AUTOCORR_SAMPLE,Per-buffer autocorr result,freq=2187211233.211233,peak=0.011845356319099665,peak2=0.024141569156199694,lag_off=-2.0,confirmed=False
2026-04-24T17:25:43.782023,AUTOCORR_SAMPLE,Per-buffer autocorr result,freq=2187211233.211233,peak=0.09909076523035765,peak2=0.08963845949620008,lag_off=-2.0,confirmed=False
2026-04-24T17:25:43.784787,AUTOCORR_SAMPLE,Per-buffer autocorr result,freq=2187211233.211233,peak=0.033450320828706026,peak2=0.030536113772541285,lag_off=1.0,confirmed=False
2026-04-24T17:25:43.785634,AUTOCORR_SAMPLE,Per-buffer autocorr result,freq=2187211233.211233,peak=0.10838114190846682,peak2=0.0927452864125371,lag_off=0.0,confirmed=False
2026-04-24T17:25:43.789356,AUTOCORR_SAMPLE,Per-buffer autocorr result,freq=2187211233.211233,peak=0.23926833271980286,peak2=0.03252233378589153,lag_off=-3.0,confirmed=False
2026-04-24T17:25:43.789430,AUTOCORR_RESULT,autocorr classification,freq=2187211233.211233,votes=0,total=10,score=0.0,confirmed=False
2026-04-24T17:25:44.178461,AUTOCORR_SAMPLE,Per-buffer autocorr result,freq=2421010989.010989,peak=0.03809731174260378,peak2=0.08178987074643373,lag_off=-1.0,confirmed=False
2026-04-24T17:25:44.181136,AUTOCORR_SAMPLE,Per-buffer autocorr result,freq=2421010989.010989,peak=0.009475121391005814,peak2=0.13334415305871516,lag_off=1.0,confirmed=False
2026-04-24T17:25:44.181956,AUTOCORR_SAMPLE,Per-buffer autocorr result,freq=2421010989.010989,peak=-0.39866673201322556,peak2=-0.488421767950058,lag_off=-6.0,confirmed=False
2026-04-24T17:25:44.184593,AUTOCORR_SAMPLE,Per-buffer autocorr result,freq=2421010989.010989,peak=0.11253056302666664,peak2=0.08363040909171104,lag_off=-2.0,confirmed=False
2026-04-24T17:25:44.185370,AUTOCORR_SAMPLE,Per-buffer autocorr result,freq=2421010989.010989,peak=0.04396436060778797,peak2=0.03962834249250591,lag_off=-6.0,confirmed=False
2026-04-24T17:25:44.187839,AUTOCORR_SAMPLE,Per-buffer autocorr result,freq=2421010989.010989,peak=0.12919406371656805,peak2=0.04497821780387312,lag_off=6.0,confirmed=False
2026-04-24T17:25:44.190340,AUTOCORR_SAMPLE,Per-buffer autocorr result,freq=2421010989.010989,peak=0.08526526764035225,peak2=0.006161188706755638,lag_off=2.0,confirmed=False
2026-04-24T17:25:44.191224,AUTOCORR_SAMPLE,Per-buffer autocorr result,freq=2421010989.010989,peak=-0.4892577975988388,peak2=-0.4466123729944229,lag_off=-6.0,confirmed=False
2026-04-24T17:25:44.193556,AUTOCORR_SAMPLE,Per-buffer autocorr result,freq=2421010989.010989,peak=-0.21899544820189476,peak2=-0.2579440250992775,lag_off=5.0,confirmed=False
2026-04-24T17:25:44.194330,AUTOCORR_SAMPLE,Per-buffer autocorr result,freq=2421010989.010989,peak=0.05025756312534213,peak2=0.06953353388234973,lag_off=-5.0,confirmed=False
2026-04-24T17:25:44.194434,AUTOCORR_RESULT,autocorr classification,freq=2421010989.010989,votes=0,total=10,score=0.0,confirmed=False
2026-04-24T17:25:44.216463,AUTOCORR_SAMPLE,Per-buffer autocorr result,freq=2446586080.5860806,peak=0.11253056302666664,peak2=0.08363040909171104,lag_off=-2.0,confirmed=False
2026-04-24T17:25:44.219162,AUTOCORR_SAMPLE,Per-buffer autocorr result,freq=2446586080.5860806,peak=0.05684987991116941,peak2=0.010376932797953486,lag_off=-3.0,confirmed=False
2026-04-24T17:25:44.219962,AUTOCORR_SAMPLE,Per-buffer autocorr result,freq=2446586080.5860806,peak=0.19534367183223367,peak2=0.08982086787000299,lag_off=6.0,confirmed=False
2026-04-24T17:25:44.222595,AUTOCORR_SAMPLE,Per-buffer autocorr result,freq=2446586080.5860806,peak=0.026785215828567743,peak2=0.03684967057779431,lag_off=5.0,confirmed=False
2026-04-24T17:25:44.223242,AUTOCORR_SAMPLE,Per-buffer autocorr result,freq=2446586080.5860806,peak=0.11662839772179723,peak2=0.07946251006796956,lag_off=1.0,confirmed=False
2026-04-24T17:25:44.225698,AUTOCORR_SAMPLE,Per-buffer autocorr result,freq=2446586080.5860806,peak=0.03478422900661826,peak2=0.023149467539042234,lag_off=3.0,confirmed=False
2026-04-24T17:25:44.226479,AUTOCORR_SAMPLE,Per-buffer autocorr result,freq=2446586080.5860806,peak=-0.469046987593174,peak2=-0.8753474950790405,lag_off=-6.0,confirmed=False
2026-04-24T17:25:44.228991,AUTOCORR_SAMPLE,Per-buffer autocorr result,freq=2446586080.5860806,peak=0.028237008955329657,peak2=0.18994585191830993,lag_off=0.0,confirmed=False
2026-04-24T17:25:44.229636,AUTOCORR_SAMPLE,Per-buffer autocorr result,freq=2446586080.5860806,peak=-0.2069789618253708,peak2=-0.5804368257522583,lag_off=-4.0,confirmed=False
2026-04-24T17:25:44.232048,AUTOCORR_SAMPLE,Per-buffer autocorr result,freq=2446586080.5860806,peak=0.05838284082710743,peak2=0.035812798887491226,lag_off=6.0,confirmed=False
2026-04-24T17:25:44.232148,AUTOCORR_RESULT,autocorr classification,freq=2446586080.5860806,votes=0,total=10,score=0.0,confirmed=False
2026-04-24T17:25:44.255179,AUTOCORR_SAMPLE,Per-buffer autocorr result,freq=2462197802.1978025,peak=0.05684987991116941,peak2=0.010376932797953486,lag_off=-3.0,confirmed=False
2026-04-24T17:25:44.255898,AUTOCORR_SAMPLE,Per-buffer autocorr result,freq=2462197802.1978025,peak=0.03936140611767769,peak2=0.16448964923620224,lag_off=4.0,confirmed=False
2026-04-24T17:25:44.260678,AUTOCORR_SAMPLE,Per-buffer autocorr result,freq=2462197802.1978025,peak=0.09091944387182593,peak2=0.11027623107656837,lag_off=0.0,confirmed=False
2026-04-24T17:25:44.264888,AUTOCORR_SAMPLE,Per-buffer autocorr result,freq=2462197802.1978025,peak=0.09922808455303311,peak2=0.07444220082834363,lag_off=0.0,confirmed=False
2026-04-24T17:25:44.265641,AUTOCORR_SAMPLE,Per-buffer autocorr result,freq=2462197802.1978025,peak=0.17241793498396873,peak2=0.049861617386341095,lag_off=-5.0,confirmed=False
2026-04-24T17:25:44.266294,AUTOCORR_SAMPLE,Per-buffer autocorr result,freq=2462197802.1978025,peak=-0.0008436194621026516,peak2=-0.00674180593341589,lag_off=2.0,confirmed=False
2026-04-24T17:25:44.270530,AUTOCORR_SAMPLE,Per-buffer autocorr result,freq=2462197802.1978025,peak=-0.14864326268434525,peak2=-0.4014764428138733,lag_off=-5.0,confirmed=False
2026-04-24T17:25:44.274839,AUTOCORR_SAMPLE,Per-buffer autocorr result,freq=2462197802.1978025,peak=-0.007098327565472573,peak2=-0.008833232976030558,lag_off=-2.0,confirmed=False
2026-04-24T17:25:44.275735,AUTOCORR_SAMPLE,Per-buffer autocorr result,freq=2462197802.1978025,peak=0.11195980152115226,peak2=0.09571835538372397,lag_off=4.0,confirmed=False
2026-04-24T17:25:44.281182,AUTOCORR_SAMPLE,Per-buffer autocorr result,freq=2462197802.1978025,peak=0.11717463051900268,peak2=0.08247209107503295,lag_off=1.0,confirmed=False
2026-04-24T17:25:44.281258,AUTOCORR_RESULT,autocorr classification,freq=2462197802.1978025,votes=0,total=10,score=0.0,confirmed=False
2026-04-24T17:25:44.320830,AUTOCORR_SAMPLE,Per-buffer autocorr result,freq=2486444444.4444447,peak=0.03936140611767769,peak2=0.16448964923620224,lag_off=4.0,confirmed=False
2026-04-24T17:25:44.323669,AUTOCORR_SAMPLE,Per-buffer autocorr result,freq=2486444444.4444447,peak=0.07155114971101284,peak2=0.0801765751093626,lag_off=5.0,confirmed=False
2026-04-24T17:25:44.324600,AUTOCORR_SAMPLE,Per-buffer autocorr result,freq=2486444444.4444447,peak=0.11823584325611591,peak2=0.07735343463718891,lag_off=-6.0,confirmed=False
2026-04-24T17:25:44.327249,AUTOCORR_SAMPLE,Per-buffer autocorr result,freq=2486444444.4444447,peak=0.050160106271505356,peak2=0.06403468176722527,lag_off=-6.0,confirmed=False
2026-04-24T17:25:44.329936,AUTOCORR_SAMPLE,Per-buffer autocorr result,freq=2486444444.4444447,peak=0.0657363934442401,peak2=0.06510315369814634,lag_off=1.0,confirmed=False
2026-04-24T17:25:44.330722,AUTOCORR_SAMPLE,Per-buffer autocorr result,freq=2486444444.4444447,peak=0.09673768864013255,peak2=0.062477572122588754,lag_off=-5.0,confirmed=False
2026-04-24T17:25:44.333107,AUTOCORR_SAMPLE,Per-buffer autocorr result,freq=2486444444.4444447,peak=0.05026844053645618,peak2=0.0907373605587054,lag_off=2.0,confirmed=False
2026-04-24T17:25:44.334069,AUTOCORR_SAMPLE,Per-buffer autocorr result,freq=2486444444.4444447,peak=0.1238068025559187,peak2=0.09400901012122631,lag_off=-1.0,confirmed=False
2026-04-24T17:25:44.336848,AUTOCORR_SAMPLE,Per-buffer autocorr result,freq=2486444444.4444447,peak=0.09740150882862508,peak2=0.12446891679428518,lag_off=0.0,confirmed=False
2026-04-24T17:25:44.339844,AUTOCORR_SAMPLE,Per-buffer autocorr result,freq=2486444444.4444447,peak=0.2602450679987669,peak2=0.10068743489682674,lag_off=-6.0,confirmed=False
2026-04-24T17:25:44.339982,AUTOCORR_RESULT,autocorr classification,freq=2486444444.4444447,votes=0,total=10,score=0.0,confirmed=False
2026-04-24T17:25:44.530855,AUTOCORR_SAMPLE,Per-buffer autocorr result,freq=2546070818.070818,peak=0.07813865132629871,peak2=0.08377870358526707,lag_off=-6.0,confirmed=False
2026-04-24T17:25:44.533591,AUTOCORR_SAMPLE,Per-buffer autocorr result,freq=2546070818.070818,peak=0.12053475389257073,peak2=0.11760192969813943,lag_off=5.0,confirmed=False
2026-04-24T17:25:44.534302,AUTOCORR_SAMPLE,Per-buffer autocorr result,freq=2546070818.070818,peak=0.18254857417196035,peak2=0.13516043778508902,lag_off=5.0,confirmed=False
2026-04-24T17:25:44.537645,AUTOCORR_SAMPLE,Per-buffer autocorr result,freq=2546070818.070818,peak=0.05784849543124437,peak2=0.1788099529221654,lag_off=-3.0,confirmed=False
2026-04-24T17:25:44.540918,AUTOCORR_SAMPLE,Per-buffer autocorr result,freq=2546070818.070818,peak=0.07032008189707994,peak2=0.08995239902287722,lag_off=0.0,confirmed=False
2026-04-24T17:25:44.541732,AUTOCORR_SAMPLE,Per-buffer autocorr result,freq=2546070818.070818,peak=0.11799310322385281,peak2=0.06386967177968472,lag_off=-3.0,confirmed=False
2026-04-24T17:25:44.542291,AUTOCORR_SAMPLE,Per-buffer autocorr result,freq=2546070818.070818,peak=0.1180035350844264,peak2=0.10696080606430769,lag_off=-2.0,confirmed=False
2026-04-24T17:25:44.543176,AUTOCORR_SAMPLE,Per-buffer autocorr result,freq=2546070818.070818,peak=0.02123056072741747,peak2=0.05289412662386894,lag_off=-3.0,confirmed=False
2026-04-24T17:25:44.546663,AUTOCORR_SAMPLE,Per-buffer autocorr result,freq=2546070818.070818,peak=0.08437400218099356,peak2=0.0636822460219264,lag_off=-6.0,confirmed=False
2026-04-24T17:25:44.549242,AUTOCORR_SAMPLE,Per-buffer autocorr result,freq=2546070818.070818,peak=0.13598930230364203,peak2=0.10984101286157966,lag_off=3.0,confirmed=False
2026-04-24T17:25:44.551211,AUTOCORR_RESULT,autocorr classification,freq=2546070818.070818,votes=0,total=10,score=0.0,confirmed=False
2026-04-24T17:25:44.750690,AUTOCORR_SAMPLE,Per-buffer autocorr result,freq=2644564102.564102,peak=0.0262027052231133,peak2=0.09161926480010152,lag_off=-3.0,confirmed=False
2026-04-24T17:25:44.753924,AUTOCORR_SAMPLE,Per-buffer autocorr result,freq=2644564102.564102,peak=0.025834416272118688,peak2=0.03336622309871018,lag_off=-5.0,confirmed=False
2026-04-24T17:25:44.754628,AUTOCORR_SAMPLE,Per-buffer autocorr result,freq=2644564102.564102,peak=0.10294687934219837,peak2=0.0299516711384058,lag_off=-4.0,confirmed=False
2026-04-24T17:25:44.755479,AUTOCORR_SAMPLE,Per-buffer autocorr result,freq=2644564102.564102,peak=-0.030701547861099243,peak2=-0.15056753158569336,lag_off=-1.0,confirmed=False
2026-04-24T17:25:44.758108,AUTOCORR_SAMPLE,Per-buffer autocorr result,freq=2644564102.564102,peak=-0.018390893936157227,peak2=-0.196521807461977,lag_off=-2.0,confirmed=False
2026-04-24T17:25:44.758976,AUTOCORR_SAMPLE,Per-buffer autocorr result,freq=2644564102.564102,peak=0.15497473627328873,peak2=0.04689482972025871,lag_off=2.0,confirmed=False
2026-04-24T17:25:44.761966,AUTOCORR_SAMPLE,Per-buffer autocorr result,freq=2644564102.564102,peak=0.07040813053026795,peak2=0.07192556047812104,lag_off=-4.0,confirmed=False
2026-04-24T17:25:44.762770,AUTOCORR_SAMPLE,Per-buffer autocorr result,freq=2644564102.564102,peak=0.06653231382369995,peak2=-0.01915211696177721,lag_off=5.0,confirmed=False
2026-04-24T17:25:44.766631,AUTOCORR_SAMPLE,Per-buffer autocorr result,freq=2644564102.564102,peak=0.028290549758821726,peak2=-0.009907504776492715,lag_off=3.0,confirmed=False
2026-04-24T17:25:44.767436,AUTOCORR_SAMPLE,Per-buffer autocorr result,freq=2644564102.564102,peak=-0.0014862101525068283,peak2=0.05869852378964424,lag_off=1.0,confirmed=False
2026-04-24T17:25:44.770676,AUTOCORR_RESULT,autocorr classification,freq=2644564102.564102,votes=0,total=10,score=0.0,confirmed=False
2026-04-24T17:25:44.875905,AUTOCORR_SAMPLE,Per-buffer autocorr result,freq=2652500610.5006104,peak=-0.018390893936157227,peak2=-0.196521807461977,lag_off=-2.0,confirmed=False
2026-04-24T17:25:44.886958,AUTOCORR_SAMPLE,Per-buffer autocorr result,freq=2652500610.5006104,peak=0.12354455515742302,peak2=0.08826132491230965,lag_off=-5.0,confirmed=False
2026-04-24T17:25:44.897025,AUTOCORR_SAMPLE,Per-buffer autocorr result,freq=2652500610.5006104,peak=-0.2264755479991436,peak2=-0.3878784328699112,lag_off=-6.0,confirmed=False
2026-04-24T17:25:44.898021,AUTOCORR_SAMPLE,Per-buffer autocorr result,freq=2652500610.5006104,peak=-0.007896486669778824,peak2=-0.01576405018568039,lag_off=0.0,confirmed=False
2026-04-24T17:25:44.906254,AUTOCORR_SAMPLE,Per-buffer autocorr result,freq=2652500610.5006104,peak=0.07921725325286388,peak2=0.0951704066246748,lag_off=0.0,confirmed=False
2026-04-24T17:25:44.914272,AUTOCORR_SAMPLE,Per-buffer autocorr result,freq=2652500610.5006104,peak=0.11962429154664278,peak2=0.07010918203741312,lag_off=-4.0,confirmed=False
2026-04-24T17:25:44.915208,AUTOCORR_SAMPLE,Per-buffer autocorr result,freq=2652500610.5006104,peak=0.09090419206768274,peak2=0.052009657956659794,lag_off=2.0,confirmed=False
2026-04-24T17:25:44.921674,AUTOCORR_SAMPLE,Per-buffer autocorr result,freq=2652500610.5006104,peak=0.07228893786668777,peak2=-0.04340334050357342,lag_off=-5.0,confirmed=False
2026-04-24T17:25:44.928156,AUTOCORR_SAMPLE,Per-buffer autocorr result,freq=2652500610.5006104,peak=0.07078788336366415,peak2=0.011568441055715084,lag_off=3.0,confirmed=False
2026-04-24T17:25:44.934241,AUTOCORR_SAMPLE,Per-buffer autocorr result,freq=2652500610.5006104,peak=-0.10418612975627184,peak2=-0.15639611706137657,lag_off=1.0,confirmed=False
2026-04-24T17:25:44.934364,AUTOCORR_RESULT,autocorr classification,freq=2652500610.5006104,votes=0,total=10,score=0.0,confirmed=False
2026-04-24T17:25:44.948013,AUTOCORR_SAMPLE,Per-buffer autocorr result,freq=2672166056.166056,peak=0.11962429154664278,peak2=0.07010918203741312,lag_off=-4.0,confirmed=False
2026-04-24T17:25:44.948580,AUTOCORR_SAMPLE,Per-buffer autocorr result,freq=2672166056.166056,peak=0.08127527218312025,peak2=0.08841951470822096,lag_off=-2.0,confirmed=False
2026-04-24T17:25:44.949141,AUTOCORR_SAMPLE,Per-buffer autocorr result,freq=2672166056.166056,peak=0.15920078824274242,peak2=0.09665661375038326,lag_off=-1.0,confirmed=False
2026-04-24T17:25:44.952966,AUTOCORR_SAMPLE,Per-buffer autocorr result,freq=2672166056.166056,peak=0.08270046627148986,peak2=0.0617895252071321,lag_off=-2.0,confirmed=False
2026-04-24T17:25:44.956269,AUTOCORR_SAMPLE,Per-buffer autocorr result,freq=2672166056.166056,peak=0.10319870617240667,peak2=0.07232788112014532,lag_off=3.0,confirmed=False
2026-04-24T17:25:44.956970,AUTOCORR_SAMPLE,Per-buffer autocorr result,freq=2672166056.166056,peak=0.047029060777276754,peak2=0.023971896152943373,lag_off=1.0,confirmed=False
2026-04-24T17:25:44.959938,AUTOCORR_SAMPLE,Per-buffer autocorr result,freq=2672166056.166056,peak=0.06634283438324928,peak2=0.06613273546099663,lag_off=-4.0,confirmed=False
2026-04-24T17:25:44.960635,AUTOCORR_SAMPLE,Per-buffer autocorr result,freq=2672166056.166056,peak=0.09692934836493805,peak2=0.08948174800025299,lag_off=-2.0,confirmed=False
2026-04-24T17:25:44.963054,AUTOCORR_SAMPLE,Per-buffer autocorr result,freq=2672166056.166056,peak=0.1767954791430384,peak2=0.05291732051409781,lag_off=3.0,confirmed=False
2026-04-24T17:25:44.963698,AUTOCORR_SAMPLE,Per-buffer autocorr result,freq=2672166056.166056,peak=0.11196853267028928,peak2=0.1408361871726811,lag_off=3.0,confirmed=False
2026-04-24T17:25:44.963767,AUTOCORR_RESULT,autocorr classification,freq=2672166056.166056,votes=0,total=10,score=0.0,confirmed=False
2026-04-24T17:25:45.966064,AUTOCORR_SAMPLE,Per-buffer autocorr result,freq=3442691086.691087,peak=0.06706491019576788,peak2=0.1011936841532588,lag_off=5.0,confirmed=False
2026-04-24T17:25:45.969722,AUTOCORR_SAMPLE,Per-buffer autocorr result,freq=3442691086.691087,peak=0.29867732897400856,peak2=0.027258139103651047,lag_off=1.0,confirmed=False
2026-04-24T17:25:45.970927,AUTOCORR_SAMPLE,Per-buffer autocorr result,freq=3442691086.691087,peak=0.10086049512028694,peak2=0.05251282826066017,lag_off=-3.0,confirmed=False
2026-04-24T17:25:45.974830,AUTOCORR_SAMPLE,Per-buffer autocorr result,freq=3442691086.691087,peak=0.1013518450781703,peak2=0.11293848883360624,lag_off=4.0,confirmed=False
2026-04-24T17:25:45.975963,AUTOCORR_SAMPLE,Per-buffer autocorr result,freq=3442691086.691087,peak=0.06160385371185839,peak2=0.052258780458942056,lag_off=4.0,confirmed=False
2026-04-24T17:25:45.979840,AUTOCORR_SAMPLE,Per-buffer autocorr result,freq=3442691086.691087,peak=0.12355301296338439,peak2=0.058653374668210745,lag_off=-2.0,confirmed=False
2026-04-24T17:25:45.983935,AUTOCORR_SAMPLE,Per-buffer autocorr result,freq=3442691086.691087,peak=0.08673362573608756,peak2=0.10162643482908607,lag_off=-5.0,confirmed=False
2026-04-24T17:25:45.984971,AUTOCORR_SAMPLE,Per-buffer autocorr result,freq=3442691086.691087,peak=0.11668157391250134,peak2=0.07385964505374432,lag_off=2.0,confirmed=False
2026-04-24T17:25:45.988778,AUTOCORR_SAMPLE,Per-buffer autocorr result,freq=3442691086.691087,peak=0.18379238399211317,peak2=0.0892958507174626,lag_off=-3.0,confirmed=False
2026-04-24T17:25:45.990055,AUTOCORR_SAMPLE,Per-buffer autocorr result,freq=3442691086.691087,peak=0.029917477862909436,peak2=0.02213838999159634,lag_off=-5.0,confirmed=False
2026-04-24T17:25:45.992861,AUTOCORR_RESULT,autocorr classification,freq=3442691086.691087,votes=0,total=10,score=0.0,confirmed=False
2026-04-24T17:25:46.056917,AUTOCORR_SAMPLE,Per-buffer autocorr result,freq=3483118437.1184373,peak=0.09389235591515899,peak2=0.019713374320417643,lag_off=-4.0,confirmed=False
2026-04-24T17:25:46.061371,AUTOCORR_SAMPLE,Per-buffer autocorr result,freq=3483118437.1184373,peak=0.062758315121755,peak2=0.07946246094070375,lag_off=-3.0,confirmed=False
2026-04-24T17:25:46.062811,AUTOCORR_SAMPLE,Per-buffer autocorr result,freq=3483118437.1184373,peak=0.03197588212788105,peak2=0.09195217676460743,lag_off=2.0,confirmed=False
2026-04-24T17:25:46.067013,AUTOCORR_SAMPLE,Per-buffer autocorr result,freq=3483118437.1184373,peak=0.15772476978600025,peak2=0.06483342312276363,lag_off=4.0,confirmed=False
2026-04-24T17:25:46.068169,AUTOCORR_SAMPLE,Per-buffer autocorr result,freq=3483118437.1184373,peak=0.0324866470618872,peak2=0.056704315982642584,lag_off=-5.0,confirmed=False
2026-04-24T17:25:46.072670,AUTOCORR_SAMPLE,Per-buffer autocorr result,freq=3483118437.1184373,peak=0.11033670138567686,peak2=0.08110734354704618,lag_off=-6.0,confirmed=False
2026-04-24T17:25:46.073743,AUTOCORR_SAMPLE,Per-buffer autocorr result,freq=3483118437.1184373,peak=0.19317089579999447,peak2=0.1295586060732603,lag_off=-6.0,confirmed=False
2026-04-24T17:25:46.078344,AUTOCORR_SAMPLE,Per-buffer autocorr result,freq=3483118437.1184373,peak=0.11271375603973866,peak2=0.09600466676056385,lag_off=5.0,confirmed=False
2026-04-24T17:25:46.079530,AUTOCORR_SAMPLE,Per-buffer autocorr result,freq=3483118437.1184373,peak=0.1465992508456111,peak2=0.11985572706907988,lag_off=2.0,confirmed=False
2026-04-24T17:25:46.084247,AUTOCORR_SAMPLE,Per-buffer autocorr result,freq=3483118437.1184373,peak=0.0325221954844892,peak2=0.09768264694139361,lag_off=5.0,confirmed=False
2026-04-24T17:25:46.084505,AUTOCORR_RESULT,autocorr classification,freq=3483118437.1184373,votes=0,total=10,score=0.0,confirmed=False
2026-04-24T17:25:46.814064,AUTOCORR_SAMPLE,Per-buffer autocorr result,freq=3945159951.159951,peak=0.03389172680908814,peak2=0.03019881487125531,lag_off=5.0,confirmed=False
2026-04-24T17:25:46.816961,AUTOCORR_SAMPLE,Per-buffer autocorr result,freq=3945159951.159951,peak=0.15988012962043285,peak2=0.024599160067737103,lag_off=6.0,confirmed=False
2026-04-24T17:25:46.818049,AUTOCORR_SAMPLE,Per-buffer autocorr result,freq=3945159951.159951,peak=0.1026455219835043,peak2=0.08526643179357052,lag_off=1.0,confirmed=False
2026-04-24T17:25:46.821342,AUTOCORR_SAMPLE,Per-buffer autocorr result,freq=3945159951.159951,peak=0.06399418017826974,peak2=0.07202663621865213,lag_off=-6.0,confirmed=False
2026-04-24T17:25:46.823914,AUTOCORR_SAMPLE,Per-buffer autocorr result,freq=3945159951.159951,peak=0.12328385189175606,peak2=0.06282800808548927,lag_off=-4.0,confirmed=False
2026-04-24T17:25:46.824569,AUTOCORR_SAMPLE,Per-buffer autocorr result,freq=3945159951.159951,peak=0.1914195716381073,peak2=0.0846567377448082,lag_off=-4.0,confirmed=False
2026-04-24T17:25:46.827266,AUTOCORR_SAMPLE,Per-buffer autocorr result,freq=3945159951.159951,peak=0.05446976641542278,peak2=0.07204430023557507,lag_off=2.0,confirmed=False
2026-04-24T17:25:46.829909,AUTOCORR_SAMPLE,Per-buffer autocorr result,freq=3945159951.159951,peak=0.08821330359205604,peak2=0.020762985106557608,lag_off=1.0,confirmed=False
2026-04-24T17:25:46.830555,AUTOCORR_SAMPLE,Per-buffer autocorr result,freq=3945159951.159951,peak=0.12678886158391833,peak2=0.08615855826064944,lag_off=-6.0,confirmed=False
2026-04-24T17:25:46.833057,AUTOCORR_SAMPLE,Per-buffer autocorr result,freq=3945159951.159951,peak=0.1335395914502442,peak2=0.046672765631228685,lag_off=-4.0,confirmed=False
2026-04-24T17:25:46.833202,AUTOCORR_RESULT,autocorr classification,freq=3945159951.159951,votes=0,total=10,score=0.0,confirmed=False
2026-04-24T17:25:49.342618,AUTOCORR_SAMPLE,Per-buffer autocorr result,freq=5839518925.518925,peak=0.053345588967204094,peak2=0.036544330418109894,lag_off=-6.0,confirmed=False
2026-04-24T17:25:49.354931,AUTOCORR_SAMPLE,Per-buffer autocorr result,freq=5839518925.518925,peak=0.8287305235862732,peak2=0.5378938913345337,lag_off=-1.0,confirmed=True
2026-04-24T17:25:49.355699,AUTOCORR_SAMPLE,Per-buffer autocorr result,freq=5839518925.518925,peak=0.6830289512872696,peak2=0.35398463904857635,lag_off=-1.0,confirmed=True
2026-04-24T17:25:49.367395,AUTOCORR_SAMPLE,Per-buffer autocorr result,freq=5839518925.518925,peak=0.7778075560927391,peak2=0.45455198734998703,lag_off=0.0,confirmed=True
2026-04-24T17:25:49.368209,AUTOCORR_SAMPLE,Per-buffer autocorr result,freq=5839518925.518925,peak=0.6764260157942772,peak2=0.37331490963697433,lag_off=0.0,confirmed=True
2026-04-24T17:25:49.378270,AUTOCORR_SAMPLE,Per-buffer autocorr result,freq=5839518925.518925,peak=0.2160506248474121,peak2=-0.20335334539413452,lag_off=-1.0,confirmed=False
2026-04-24T17:25:49.384147,AUTOCORR_SAMPLE,Per-buffer autocorr result,freq=5839518925.518925,peak=0.7670268788933754,peak2=0.46522266417741776,lag_off=0.0,confirmed=True
2026-04-24T17:25:49.389573,AUTOCORR_SAMPLE,Per-buffer autocorr result,freq=5839518925.518925,peak=0.6823745742440224,peak2=0.40068937093019485,lag_off=-1.0,confirmed=True
2026-04-24T17:25:49.397414,AUTOCORR_SAMPLE,Per-buffer autocorr result,freq=5839518925.518925,peak=0.7462013214826584,peak2=0.4714183956384659,lag_off=0.0,confirmed=True
2026-04-24T17:25:49.398152,AUTOCORR_SAMPLE,Per-buffer autocorr result,freq=5839518925.518925,peak=0.7452497407793999,peak2=0.4828997477889061,lag_off=0.0,confirmed=True
2026-04-24T17:25:49.398222,AUTOCORR_RESULT,autocorr classification,freq=5839518925.518925,votes=8,total=10,score=0.8,confirmed=True
2026-04-24T17:25:49.428453,AUTOCORR_SAMPLE,Per-buffer autocorr result,freq=5860554334.554335,peak=0.6830289512872696,peak2=0.35398463904857635,lag_off=-1.0,confirmed=True
2026-04-24T17:25:49.429104,AUTOCORR_SAMPLE,Per-buffer autocorr result,freq=5860554334.554335,peak=0.043532360810786486,peak2=0.035199147183448076,lag_off=-5.0,confirmed=False
2026-04-24T17:25:49.429726,AUTOCORR_SAMPLE,Per-buffer autocorr result,freq=5860554334.554335,peak=0.1500835595652461,peak2=0.0871183155104518,lag_off=-6.0,confirmed=False
2026-04-24T17:25:49.431999,AUTOCORR_SAMPLE,Per-buffer autocorr result,freq=5860554334.554335,peak=0.037592446780763566,peak2=0.04654105601366609,lag_off=-6.0,confirmed=False
2026-04-24T17:25:49.432672,AUTOCORR_SAMPLE,Per-buffer autocorr result,freq=5860554334.554335,peak=0.05643237102776766,peak2=0.012439650483429432,lag_off=-5.0,confirmed=False
2026-04-24T17:25:49.435187,AUTOCORR_SAMPLE,Per-buffer autocorr result,freq=5860554334.554335,peak=0.033299234695732594,peak2=0.03135503362864256,lag_off=6.0,confirmed=False
2026-04-24T17:25:49.436613,AUTOCORR_SAMPLE,Per-buffer autocorr result,freq=5860554334.554335,peak=0.07175078988075256,peak2=0.07166057825088501,lag_off=-6.0,confirmed=False
2026-04-24T17:25:49.439031,AUTOCORR_SAMPLE,Per-buffer autocorr result,freq=5860554334.554335,peak=0.07966702309931861,peak2=0.03506195051159011,lag_off=-3.0,confirmed=False
2026-04-24T17:25:49.441434,AUTOCORR_SAMPLE,Per-buffer autocorr result,freq=5860554334.554335,peak=0.1567005286924541,peak2=0.06666039256379008,lag_off=1.0,confirmed=False
2026-04-24T17:25:49.444152,AUTOCORR_SAMPLE,Per-buffer autocorr result,freq=5860554334.554335,peak=0.16735698515549302,peak2=0.05774284014478326,lag_off=-4.0,confirmed=False
2026-04-24T17:25:49.444286,AUTOCORR_RESULT,autocorr classification,freq=5860554334.554335,votes=1,total=10,score=0.1,confirmed=False
