2026-04-24T17:15:14.906274,CYCLO_SAMPLE,Cyclo classification sample,freq=94459096.45909646,ratios=[1.164, 0.284, 0.469, 1.787],threshold=2.3,score=0,harmonics_above=0,max_spread_db=12.24
2026-04-24T17:15:14.909604,CYCLO_SAMPLE,Cyclo classification sample,freq=94459096.45909646,ratios=[0.86, 1.005, 0.972, 1.016],threshold=2.3,score=0,harmonics_above=0,max_spread_db=1.35
2026-04-24T17:15:14.910647,CYCLO_SAMPLE,Cyclo classification sample,freq=94459096.45909646,ratios=[1.193, 0.549, 1.655, 0.204],threshold=2.3,score=0,harmonics_above=0,max_spread_db=18.17
2026-04-24T17:15:14.913599,CYCLO_SAMPLE,Cyclo classification sample,freq=94459096.45909646,ratios=[1.619, 0.32, 1.921, 1.74],threshold=2.3,score=0,harmonics_above=0,max_spread_db=15.57
2026-04-24T17:15:14.914348,CYCLO_SAMPLE,Cyclo classification sample,freq=94459096.45909646,ratios=[0.346, 1.767, 2.109, 1.014],threshold=2.3,score=0,harmonics_above=0,max_spread_db=14.17
2026-04-24T17:15:14.914996,CYCLO_SAMPLE,Cyclo classification sample,freq=94459096.45909646,ratios=[2.731, 0.319, 0.434, 0.612],threshold=2.3,score=2.730730407473763,harmonics_above=1,max_spread_db=18.64
2026-04-24T17:15:14.917843,CYCLO_SAMPLE,Cyclo classification sample,freq=94459096.45909646,ratios=[1.301, 0.765, 1.0, 1.191],threshold=2.3,score=0,harmonics_above=0,max_spread_db=4.61
2026-04-24T17:15:14.918610,CYCLO_SAMPLE,Cyclo classification sample,freq=94459096.45909646,ratios=[0.618, 0.511, 1.738, 0.534],threshold=2.3,score=0,harmonics_above=0,max_spread_db=10.63
2026-04-24T17:15:14.921423,CYCLO_SAMPLE,Cyclo classification sample,freq=94459096.45909646,ratios=[2.089, 2.305, 1.055, 0.977],threshold=2.3,score=2.3045034794516392,harmonics_above=1,max_spread_db=6.78
2026-04-24T17:15:14.924396,CYCLO_SAMPLE,Cyclo classification sample,freq=94459096.45909646,ratios=[1.077, 0.507, 0.736, 0.584],threshold=2.3,score=0,harmonics_above=0,max_spread_db=6.54
2026-04-24T17:15:14.924470,CYCLO_RESULT,Cyclo classification result,res=False,freq=94459096.45909646,votes=0,required=5
2026-04-24T17:15:14.979819,CYCLO_SAMPLE,Cyclo classification sample,freq=144769230.76923078,ratios=[0.794, 0.944, 2.011, 1.347],threshold=2.3,score=0,harmonics_above=0,max_spread_db=6.57
2026-04-24T17:15:14.980469,CYCLO_SAMPLE,Cyclo classification sample,freq=144769230.76923078,ratios=[2.081, 0.642, 0.588, 1.716],threshold=2.3,score=0,harmonics_above=0,max_spread_db=10.21
2026-04-24T17:15:14.983337,CYCLO_SAMPLE,Cyclo classification sample,freq=144769230.76923078,ratios=[1.053, 0.966, 1.899, 0.835],threshold=2.3,score=0,harmonics_above=0,max_spread_db=7.14
2026-04-24T17:15:14.986259,CYCLO_SAMPLE,Cyclo classification sample,freq=144769230.76923078,ratios=[1.645, 0.897, 0.953, 1.658],threshold=2.3,score=0,harmonics_above=0,max_spread_db=5.26
2026-04-24T17:15:14.989434,CYCLO_SAMPLE,Cyclo classification sample,freq=144769230.76923078,ratios=[0.863, 0.989, 0.397, 0.973],threshold=2.3,score=0,harmonics_above=0,max_spread_db=7.92
2026-04-24T17:15:14.992840,CYCLO_SAMPLE,Cyclo classification sample,freq=144769230.76923078,ratios=[0.533, 2.051, 1.507, 1.39],threshold=2.3,score=0,harmonics_above=0,max_spread_db=11.71
2026-04-24T17:15:14.993918,CYCLO_SAMPLE,Cyclo classification sample,freq=144769230.76923078,ratios=[1.424, 1.18, 0.778, 1.876],threshold=2.3,score=0,harmonics_above=0,max_spread_db=7.65
2026-04-24T17:15:14.997260,CYCLO_SAMPLE,Cyclo classification sample,freq=144769230.76923078,ratios=[1.409, 1.421, 1.654, 2.174],threshold=2.3,score=0,harmonics_above=0,max_spread_db=2.37
2026-04-24T17:15:15.000347,CYCLO_SAMPLE,Cyclo classification sample,freq=144769230.76923078,ratios=[0.523, 0.74, 0.134, 1.402],threshold=2.3,score=0,harmonics_above=0,max_spread_db=20.41
2026-04-24T17:15:15.000931,CYCLO_SAMPLE,Cyclo classification sample,freq=144769230.76923078,ratios=[1.051, 1.06, 1.68, 1.622],threshold=2.3,score=0,harmonics_above=0,max_spread_db=4.0
2026-04-24T17:15:15.001084,CYCLO_RESULT,Cyclo classification result,res=False,freq=144769230.76923078,votes=0,required=5
2026-04-24T17:15:15.071939,CYCLO_SAMPLE,Cyclo classification sample,freq=196605616.6056166,ratios=[1.327, 1.459, 2.248, 0.392],threshold=2.3,score=0,harmonics_above=0,max_spread_db=15.17
2026-04-24T17:15:15.074722,CYCLO_SAMPLE,Cyclo classification sample,freq=196605616.6056166,ratios=[2.093, 1.958, 2.458, 0.612],threshold=2.3,score=2.458068893110794,harmonics_above=1,max_spread_db=12.07
2026-04-24T17:15:15.077780,CYCLO_SAMPLE,Cyclo classification sample,freq=196605616.6056166,ratios=[4.774, 2.049, 0.817, 0.873],threshold=2.3,score=4.774231267119265,harmonics_above=1,max_spread_db=7.99
2026-04-24T17:15:15.080594,CYCLO_SAMPLE,Cyclo classification sample,freq=196605616.6056166,ratios=[1.728, 2.031, 1.084, 2.011],threshold=2.3,score=0,harmonics_above=0,max_spread_db=5.45
2026-04-24T17:15:15.083801,CYCLO_SAMPLE,Cyclo classification sample,freq=196605616.6056166,ratios=[2.056, 2.038, 0.886, 1.055],threshold=2.3,score=0,harmonics_above=0,max_spread_db=7.24
2026-04-24T17:15:15.087038,CYCLO_SAMPLE,Cyclo classification sample,freq=196605616.6056166,ratios=[1.688, 2.804, 2.534, 0.783],threshold=2.3,score=5.338137111145512,harmonics_above=2,max_spread_db=10.21
2026-04-24T17:15:15.090821,CYCLO_SAMPLE,Cyclo classification sample,freq=196605616.6056166,ratios=[1.271, 0.823, 0.24, 0.811],threshold=2.3,score=0,harmonics_above=0,max_spread_db=10.72
2026-04-24T17:15:15.095878,CYCLO_SAMPLE,Cyclo classification sample,freq=196605616.6056166,ratios=[1.874, 1.994, 1.786, 0.737],threshold=2.3,score=0,harmonics_above=0,max_spread_db=7.69
2026-04-24T17:15:15.101706,CYCLO_SAMPLE,Cyclo classification sample,freq=196605616.6056166,ratios=[1.921, 1.175, 0.789, 0.733],threshold=2.3,score=0,harmonics_above=0,max_spread_db=4.27
2026-04-24T17:15:15.109313,CYCLO_SAMPLE,Cyclo classification sample,freq=196605616.6056166,ratios=[1.066, 1.077, 2.287, 0.254],threshold=2.3,score=0,harmonics_above=0,max_spread_db=19.1
2026-04-24T17:15:15.109475,CYCLO_RESULT,Cyclo classification result,res=False,freq=196605616.6056166,votes=0,required=5
2026-04-24T17:15:15.116955,CYCLO_SAMPLE,Cyclo classification sample,freq=226854700.85470086,ratios=[2.093, 1.958, 2.458, 0.612],threshold=2.3,score=2.458068893110794,harmonics_above=1,max_spread_db=12.07
2026-04-24T17:15:15.119976,CYCLO_SAMPLE,Cyclo classification sample,freq=226854700.85470086,ratios=[1.554, 1.218, 2.525, 1.68],threshold=2.3,score=2.5247001839254453,harmonics_above=1,max_spread_db=6.33
2026-04-24T17:15:15.123070,CYCLO_SAMPLE,Cyclo classification sample,freq=226854700.85470086,ratios=[1.938, 0.916, 1.077, 0.497],threshold=2.3,score=0,harmonics_above=0,max_spread_db=6.72
2026-04-24T17:15:15.126654,CYCLO_SAMPLE,Cyclo classification sample,freq=226854700.85470086,ratios=[2.621, 0.817, 0.428, 0.177],threshold=2.3,score=2.621402509481238,harmonics_above=1,max_spread_db=10.13
2026-04-24T17:15:15.131856,CYCLO_SAMPLE,Cyclo classification sample,freq=226854700.85470086,ratios=[2.372, 1.878, 0.783, 1.027],threshold=2.3,score=2.3719764273195643,harmonics_above=1,max_spread_db=7.59
2026-04-24T17:15:15.136691,CYCLO_SAMPLE,Cyclo classification sample,freq=226854700.85470086,ratios=[1.711, 1.457, 1.82, 0.157],threshold=2.3,score=0,harmonics_above=0,max_spread_db=21.29
2026-04-24T17:15:15.142856,CYCLO_SAMPLE,Cyclo classification sample,freq=226854700.85470086,ratios=[1.857, 2.178, 0.734, 0.888],threshold=2.3,score=0,harmonics_above=0,max_spread_db=9.44
2026-04-24T17:15:15.150750,CYCLO_SAMPLE,Cyclo classification sample,freq=226854700.85470086,ratios=[0.148, 2.207, 1.226, 0.602],threshold=2.3,score=0,harmonics_above=0,max_spread_db=23.48
2026-04-24T17:15:15.160947,CYCLO_SAMPLE,Cyclo classification sample,freq=226854700.85470086,ratios=[0.32, 0.84, 1.312, 1.118],threshold=2.3,score=0,harmonics_above=0,max_spread_db=8.39
2026-04-24T17:15:15.174857,CYCLO_SAMPLE,Cyclo classification sample,freq=226854700.85470086,ratios=[2.392, 0.456, 1.116, 0.587],threshold=2.3,score=2.3918357581497722,harmonics_above=1,max_spread_db=14.39
2026-04-24T17:15:15.175013,CYCLO_RESULT,Cyclo classification result,res=False,freq=226854700.85470086,votes=0,required=5
2026-04-24T17:15:15.188248,CYCLO_SAMPLE,Cyclo classification sample,freq=246932844.93284494,ratios=[1.554, 1.218, 2.525, 1.68],threshold=2.3,score=2.5247001839254453,harmonics_above=1,max_spread_db=6.33
2026-04-24T17:15:15.192026,CYCLO_SAMPLE,Cyclo classification sample,freq=246932844.93284494,ratios=[2.705, 3.799, 1.998, 2.486],threshold=2.3,score=8.99056472571839,harmonics_above=3,max_spread_db=5.58
2026-04-24T17:15:15.198096,CYCLO_SAMPLE,Cyclo classification sample,freq=246932844.93284494,ratios=[3.226, 3.641, 1.822, 0.964],threshold=2.3,score=6.867032262178758,harmonics_above=2,max_spread_db=6.01
2026-04-24T17:15:15.201142,CYCLO_SAMPLE,Cyclo classification sample,freq=246932844.93284494,ratios=[1.336, 1.95, 2.99, 1.299],threshold=2.3,score=2.9901184407881387,harmonics_above=1,max_spread_db=7.24
2026-04-24T17:15:15.204090,CYCLO_SAMPLE,Cyclo classification sample,freq=246932844.93284494,ratios=[4.137, 3.666, 1.578, 0.315],threshold=2.3,score=7.802856749403821,harmonics_above=2,max_spread_db=14.01
2026-04-24T17:15:15.206941,CYCLO_SAMPLE,Cyclo classification sample,freq=246932844.93284494,ratios=[2.621, 1.628, 2.41, 0.342],threshold=2.3,score=5.031093149043126,harmonics_above=2,max_spread_db=16.96
2026-04-24T17:15:15.209954,CYCLO_SAMPLE,Cyclo classification sample,freq=246932844.93284494,ratios=[5.392, 2.935, 1.766, 0.647],threshold=2.3,score=8.326071534131215,harmonics_above=2,max_spread_db=8.72
2026-04-24T17:15:15.213027,CYCLO_SAMPLE,Cyclo classification sample,freq=246932844.93284494,ratios=[2.099, 4.135, 0.333, 1.408],threshold=2.3,score=4.135373674167417,harmonics_above=1,max_spread_db=21.88
2026-04-24T17:15:15.215736,CYCLO_SAMPLE,Cyclo classification sample,freq=246932844.93284494,ratios=[1.676, 4.684, 0.187, 1.239],threshold=2.3,score=4.683911982733357,harmonics_above=1,max_spread_db=27.98
2026-04-24T17:15:15.218343,CYCLO_SAMPLE,Cyclo classification sample,freq=246932844.93284494,ratios=[3.134, 4.128, 2.129, 0.393],threshold=2.3,score=7.26163975063044,harmonics_above=2,max_spread_db=14.67
2026-04-24T17:15:15.218451,CYCLO_RESULT,Cyclo classification result,res=False,freq=246932844.93284494,votes=1,required=5
2026-04-24T17:15:15.281399,CYCLO_SAMPLE,Cyclo classification sample,freq=294036630.03663003,ratios=[0.552, 0.467, 0.678, 0.495],threshold=2.3,score=0,harmonics_above=0,max_spread_db=3.24
2026-04-24T17:15:15.284288,CYCLO_SAMPLE,Cyclo classification sample,freq=294036630.03663003,ratios=[2.924, 1.162, 1.298, 0.311],threshold=2.3,score=2.924263652758189,harmonics_above=1,max_spread_db=12.42
2026-04-24T17:15:15.286945,CYCLO_SAMPLE,Cyclo classification sample,freq=294036630.03663003,ratios=[5.048, 1.141, 2.768, 1.675],threshold=2.3,score=7.816290169332474,harmonics_above=2,max_spread_db=12.92
2026-04-24T17:15:15.289750,CYCLO_SAMPLE,Cyclo classification sample,freq=294036630.03663003,ratios=[1.702, 2.142, 1.431, 1.242],threshold=2.3,score=0,harmonics_above=0,max_spread_db=3.5
2026-04-24T17:15:15.292887,CYCLO_SAMPLE,Cyclo classification sample,freq=294036630.03663003,ratios=[2.432, 3.434, 0.203, 1.299],threshold=2.3,score=5.8664903427754105,harmonics_above=2,max_spread_db=24.55
2026-04-24T17:15:15.296419,CYCLO_SAMPLE,Cyclo classification sample,freq=294036630.03663003,ratios=[0.96, 1.873, 0.465, 1.384],threshold=2.3,score=0,harmonics_above=0,max_spread_db=12.09
2026-04-24T17:15:15.297297,CYCLO_SAMPLE,Cyclo classification sample,freq=294036630.03663003,ratios=[1.357, 0.578, 1.854, 1.199],threshold=2.3,score=0,harmonics_above=0,max_spread_db=10.13
2026-04-24T17:15:15.304860,CYCLO_SAMPLE,Cyclo classification sample,freq=294036630.03663003,ratios=[5.389, 4.441, 2.55, 1.346],threshold=2.3,score=12.380113338445403,harmonics_above=3,max_spread_db=5.55
2026-04-24T17:15:15.309590,CYCLO_SAMPLE,Cyclo classification sample,freq=294036630.03663003,ratios=[3.565, 1.133, 1.298, 1.498],threshold=2.3,score=3.564811765500259,harmonics_above=1,max_spread_db=9.95
2026-04-24T17:15:15.314378,CYCLO_SAMPLE,Cyclo classification sample,freq=294036630.03663003,ratios=[4.842, 3.55, 0.824, 0.747],threshold=2.3,score=8.391899742295191,harmonics_above=2,max_spread_db=12.68
2026-04-24T17:15:15.314504,CYCLO_RESULT,Cyclo classification result,res=False,freq=294036630.03663003,votes=1,required=5
2026-04-24T17:15:15.320965,CYCLO_SAMPLE,Cyclo classification sample,freq=313746031.74603176,ratios=[2.924, 1.162, 1.298, 0.311],threshold=2.3,score=2.924263652758189,harmonics_above=1,max_spread_db=12.42
2026-04-24T17:15:15.325889,CYCLO_SAMPLE,Cyclo classification sample,freq=313746031.74603176,ratios=[1.812, 2.051, 0.407, 0.132],threshold=2.3,score=0,harmonics_above=0,max_spread_db=14.04
2026-04-24T17:15:15.326838,CYCLO_SAMPLE,Cyclo classification sample,freq=313746031.74603176,ratios=[2.115, 1.575, 1.039, 1.509],threshold=2.3,score=0,harmonics_above=0,max_spread_db=3.62
2026-04-24T17:15:15.330099,CYCLO_SAMPLE,Cyclo classification sample,freq=313746031.74603176,ratios=[1.06, 1.678, 1.588, 1.487],threshold=2.3,score=0,harmonics_above=0,max_spread_db=3.99
2026-04-24T17:15:15.332856,CYCLO_SAMPLE,Cyclo classification sample,freq=313746031.74603176,ratios=[1.197, 0.535, 0.75, 0.07],threshold=2.3,score=0,harmonics_above=0,max_spread_db=20.57
2026-04-24T17:15:15.335776,CYCLO_SAMPLE,Cyclo classification sample,freq=313746031.74603176,ratios=[1.735, 1.358, 1.747, 0.311],threshold=2.3,score=0,harmonics_above=0,max_spread_db=14.98
2026-04-24T17:15:15.338638,CYCLO_SAMPLE,Cyclo classification sample,freq=313746031.74603176,ratios=[0.713, 0.489, 1.349, 1.45],threshold=2.3,score=0,harmonics_above=0,max_spread_db=8.81
2026-04-24T17:15:15.339426,CYCLO_SAMPLE,Cyclo classification sample,freq=313746031.74603176,ratios=[0.485, 1.457, 0.868, 1.662],threshold=2.3,score=0,harmonics_above=0,max_spread_db=9.56
2026-04-24T17:15:15.342395,CYCLO_SAMPLE,Cyclo classification sample,freq=313746031.74603176,ratios=[1.537, 1.417, 1.605, 0.308],threshold=2.3,score=0,harmonics_above=0,max_spread_db=14.33
2026-04-24T17:15:15.345335,CYCLO_SAMPLE,Cyclo classification sample,freq=313746031.74603176,ratios=[1.733, 0.46, 0.876, 1.494],threshold=2.3,score=0,harmonics_above=0,max_spread_db=11.53
2026-04-24T17:15:15.347601,CYCLO_RESULT,Cyclo classification result,res=False,freq=313746031.74603176,votes=0,required=5
2026-04-24T17:15:15.703626,CYCLO_SAMPLE,Cyclo classification sample,freq=585272283.2722833,ratios=[0.246, 0.232, 0.342, 0.156],threshold=2.3,score=0,harmonics_above=0,max_spread_db=6.8
2026-04-24T17:15:15.704499,CYCLO_SAMPLE,Cyclo classification sample,freq=585272283.2722833,ratios=[0.597, 0.675, 1.403, 0.548],threshold=2.3,score=0,harmonics_above=0,max_spread_db=8.17
2026-04-24T17:15:15.710617,CYCLO_SAMPLE,Cyclo classification sample,freq=585272283.2722833,ratios=[2.352, 0.29, 0.999, 1.702],threshold=2.3,score=2.352467309826928,harmonics_above=1,max_spread_db=18.18
2026-04-24T17:15:15.711653,CYCLO_SAMPLE,Cyclo classification sample,freq=585272283.2722833,ratios=[0.334, 1.518, 0.849, 0.551],threshold=2.3,score=0,harmonics_above=0,max_spread_db=13.16
2026-04-24T17:15:15.714690,CYCLO_SAMPLE,Cyclo classification sample,freq=585272283.2722833,ratios=[0.644, 0.644, 0.646, 0.898],threshold=2.3,score=0,harmonics_above=0,max_spread_db=2.86
2026-04-24T17:15:15.717726,CYCLO_SAMPLE,Cyclo classification sample,freq=585272283.2722833,ratios=[0.702, 0.109, 0.556, 0.377],threshold=2.3,score=0,harmonics_above=0,max_spread_db=16.2
2026-04-24T17:15:15.721094,CYCLO_SAMPLE,Cyclo classification sample,freq=585272283.2722833,ratios=[0.641, 0.106, 0.382, 0.288],threshold=2.3,score=0,harmonics_above=0,max_spread_db=15.65
2026-04-24T17:15:15.725540,CYCLO_SAMPLE,Cyclo classification sample,freq=585272283.2722833,ratios=[0.427, 0.372, 1.124, 1.089],threshold=2.3,score=0,harmonics_above=0,max_spread_db=9.6
2026-04-24T17:15:15.728435,CYCLO_SAMPLE,Cyclo classification sample,freq=585272283.2722833,ratios=[0.995, 1.456, 1.578, 0.958],threshold=2.3,score=0,harmonics_above=0,max_spread_db=4.34
2026-04-24T17:15:15.729124,CYCLO_SAMPLE,Cyclo classification sample,freq=585272283.2722833,ratios=[1.133, 0.526, 0.426, 1.816],threshold=2.3,score=0,harmonics_above=0,max_spread_db=12.59
2026-04-24T17:15:15.729204,CYCLO_RESULT,Cyclo classification result,res=False,freq=585272283.2722833,votes=0,required=5
2026-04-24T17:15:15.736119,CYCLO_SAMPLE,Cyclo classification sample,freq=603474969.4749695,ratios=[0.597, 0.675, 1.403, 0.548],threshold=2.3,score=0,harmonics_above=0,max_spread_db=8.17
2026-04-24T17:15:15.738699,CYCLO_SAMPLE,Cyclo classification sample,freq=603474969.4749695,ratios=[0.01, 0.009, 0.025, 0.017],threshold=2.3,score=0,harmonics_above=0,max_spread_db=8.61
2026-04-24T17:15:15.741247,CYCLO_SAMPLE,Cyclo classification sample,freq=603474969.4749695,ratios=[0.012, 0.03, 0.056, 0.033],threshold=2.3,score=0,harmonics_above=0,max_spread_db=8.1
2026-04-24T17:15:15.744124,CYCLO_SAMPLE,Cyclo classification sample,freq=603474969.4749695,ratios=[0.011, 0.012, 0.076, 0.022],threshold=2.3,score=0,harmonics_above=0,max_spread_db=16.07
2026-04-24T17:15:15.744745,CYCLO_SAMPLE,Cyclo classification sample,freq=603474969.4749695,ratios=[0.01, 0.017, 0.06, 0.029],threshold=2.3,score=0,harmonics_above=0,max_spread_db=11.17
2026-04-24T17:15:15.747468,CYCLO_SAMPLE,Cyclo classification sample,freq=603474969.4749695,ratios=[0.003, 0.016, 0.054, 0.033],threshold=2.3,score=0,harmonics_above=0,max_spread_db=14.9
2026-04-24T17:15:15.751015,CYCLO_SAMPLE,Cyclo classification sample,freq=603474969.4749695,ratios=[0.002, 0.02, 0.046, 0.037],threshold=2.3,score=0,harmonics_above=0,max_spread_db=19.3
2026-04-24T17:15:15.751808,CYCLO_SAMPLE,Cyclo classification sample,freq=603474969.4749695,ratios=[0.009, 0.014, 0.051, 0.04],threshold=2.3,score=0,harmonics_above=0,max_spread_db=11.24
2026-04-24T17:15:15.755285,CYCLO_SAMPLE,Cyclo classification sample,freq=603474969.4749695,ratios=[0.007, 0.001, 0.024, 0.044],threshold=2.3,score=0,harmonics_above=0,max_spread_db=24.94
2026-04-24T17:15:15.758787,CYCLO_SAMPLE,Cyclo classification sample,freq=603474969.4749695,ratios=[0.007, 0.027, 0.049, 0.023],threshold=2.3,score=0,harmonics_above=0,max_spread_db=12.13
2026-04-24T17:15:15.758878,CYCLO_RESULT,Cyclo classification result,res=False,freq=603474969.4749695,votes=0,required=5
2026-04-24T17:15:15.771929,CYCLO_SAMPLE,Cyclo classification sample,freq=620043956.043956,ratios=[0.01, 0.009, 0.025, 0.017],threshold=2.3,score=0,harmonics_above=0,max_spread_db=8.61
2026-04-24T17:15:15.777478,CYCLO_SAMPLE,Cyclo classification sample,freq=620043956.043956,ratios=[1.027, 0.882, 1.74, 0.958],threshold=2.3,score=0,harmonics_above=0,max_spread_db=5.9
2026-04-24T17:15:15.780275,CYCLO_SAMPLE,Cyclo classification sample,freq=620043956.043956,ratios=[1.086, 0.563, 0.663, 1.129],threshold=2.3,score=0,harmonics_above=0,max_spread_db=5.71
2026-04-24T17:15:15.782853,CYCLO_SAMPLE,Cyclo classification sample,freq=620043956.043956,ratios=[0.389, 0.383, 0.866, 0.902],threshold=2.3,score=0,harmonics_above=0,max_spread_db=7.08
2026-04-24T17:15:15.783661,CYCLO_SAMPLE,Cyclo classification sample,freq=620043956.043956,ratios=[0.49, 0.948, 1.406, 1.829],threshold=2.3,score=0,harmonics_above=0,max_spread_db=5.73
2026-04-24T17:15:15.786761,CYCLO_SAMPLE,Cyclo classification sample,freq=620043956.043956,ratios=[0.773, 1.297, 1.803, 0.142],threshold=2.3,score=0,harmonics_above=0,max_spread_db=22.08
2026-04-24T17:15:15.789605,CYCLO_SAMPLE,Cyclo classification sample,freq=620043956.043956,ratios=[0.397, 0.498, 0.948, 1.628],threshold=2.3,score=0,harmonics_above=0,max_spread_db=5.6
2026-04-24T17:15:15.792620,CYCLO_SAMPLE,Cyclo classification sample,freq=620043956.043956,ratios=[0.772, 1.241, 0.564, 1.102],threshold=2.3,score=0,harmonics_above=0,max_spread_db=6.85
2026-04-24T17:15:15.795310,CYCLO_SAMPLE,Cyclo classification sample,freq=620043956.043956,ratios=[1.343, 1.001, 1.327, 1.752],threshold=2.3,score=0,harmonics_above=0,max_spread_db=2.55
2026-04-24T17:15:15.798251,CYCLO_SAMPLE,Cyclo classification sample,freq=620043956.043956,ratios=[0.933, 1.51, 0.849, 0.486],threshold=2.3,score=0,harmonics_above=0,max_spread_db=4.99
2026-04-24T17:15:15.798339,CYCLO_RESULT,Cyclo classification result,res=False,freq=620043956.043956,votes=0,required=5
2026-04-24T17:15:15.835560,CYCLO_SAMPLE,Cyclo classification sample,freq=664774114.7741147,ratios=[0.089, 0.334, 1.263, 0.366],threshold=2.3,score=0,harmonics_above=0,max_spread_db=11.55
2026-04-24T17:15:15.838675,CYCLO_SAMPLE,Cyclo classification sample,freq=664774114.7741147,ratios=[1.152, 1.141, 1.375, 1.008],threshold=2.3,score=0,harmonics_above=0,max_spread_db=2.7
2026-04-24T17:15:15.844326,CYCLO_SAMPLE,Cyclo classification sample,freq=664774114.7741147,ratios=[0.102, 1.392, 1.392, 0.694],threshold=2.3,score=0,harmonics_above=0,max_spread_db=22.71
2026-04-24T17:15:15.847154,CYCLO_SAMPLE,Cyclo classification sample,freq=664774114.7741147,ratios=[0.815, 1.848, 0.395, 1.01],threshold=2.3,score=0,harmonics_above=0,max_spread_db=13.41
2026-04-24T17:15:15.850121,CYCLO_SAMPLE,Cyclo classification sample,freq=664774114.7741147,ratios=[1.061, 1.303, 0.618, 0.295],threshold=2.3,score=0,harmonics_above=0,max_spread_db=6.47
2026-04-24T17:15:15.853243,CYCLO_SAMPLE,Cyclo classification sample,freq=664774114.7741147,ratios=[1.14, 2.298, 1.688, 0.874],threshold=2.3,score=0,harmonics_above=0,max_spread_db=6.09
2026-04-24T17:15:15.854269,CYCLO_SAMPLE,Cyclo classification sample,freq=664774114.7741147,ratios=[1.434, 1.055, 0.595, 1.528],threshold=2.3,score=0,harmonics_above=0,max_spread_db=8.2
2026-04-24T17:15:15.857605,CYCLO_SAMPLE,Cyclo classification sample,freq=664774114.7741147,ratios=[0.434, 1.222, 0.618, 1.25],threshold=2.3,score=0,harmonics_above=0,max_spread_db=8.99
2026-04-24T17:15:15.860933,CYCLO_SAMPLE,Cyclo classification sample,freq=664774114.7741147,ratios=[1.48, 1.536, 1.876, 1.545],threshold=2.3,score=0,harmonics_above=0,max_spread_db=1.74
2026-04-24T17:15:15.864335,CYCLO_SAMPLE,Cyclo classification sample,freq=664774114.7741147,ratios=[0.166, 1.073, 1.489, 1.987],threshold=2.3,score=0,harmonics_above=0,max_spread_db=16.23
2026-04-24T17:15:15.864413,CYCLO_RESULT,Cyclo classification result,res=False,freq=664774114.7741147,votes=0,required=5
2026-04-24T17:15:15.871698,CYCLO_SAMPLE,Cyclo classification sample,freq=685726495.7264957,ratios=[1.152, 1.141, 1.375, 1.008],threshold=2.3,score=0,harmonics_above=0,max_spread_db=2.7
2026-04-24T17:15:15.874799,CYCLO_SAMPLE,Cyclo classification sample,freq=685726495.7264957,ratios=[0.678, 1.341, 0.871, 1.424],threshold=2.3,score=0,harmonics_above=0,max_spread_db=5.93
2026-04-24T17:15:15.875654,CYCLO_SAMPLE,Cyclo classification sample,freq=685726495.7264957,ratios=[0.413, 1.995, 1.385, 0.369],threshold=2.3,score=0,harmonics_above=0,max_spread_db=13.67
2026-04-24T17:15:15.878312,CYCLO_SAMPLE,Cyclo classification sample,freq=685726495.7264957,ratios=[0.97, 0.482, 0.909, 0.687],threshold=2.3,score=0,harmonics_above=0,max_spread_db=6.08
2026-04-24T17:15:15.881228,CYCLO_SAMPLE,Cyclo classification sample,freq=685726495.7264957,ratios=[0.981, 0.39, 1.381, 1.618],threshold=2.3,score=0,harmonics_above=0,max_spread_db=10.97
2026-04-24T17:15:15.884102,CYCLO_SAMPLE,Cyclo classification sample,freq=685726495.7264957,ratios=[1.393, 1.416, 0.982, 0.261],threshold=2.3,score=0,harmonics_above=0,max_spread_db=11.5
2026-04-24T17:15:15.886962,CYCLO_SAMPLE,Cyclo classification sample,freq=685726495.7264957,ratios=[1.326, 2.318, 0.681, 1.13],threshold=2.3,score=2.3175859240676453,harmonics_above=1,max_spread_db=10.64
2026-04-24T17:15:15.889643,CYCLO_SAMPLE,Cyclo classification sample,freq=685726495.7264957,ratios=[1.216, 1.258, 1.073, 1.199],threshold=2.3,score=0,harmonics_above=0,max_spread_db=1.38
2026-04-24T17:15:15.890337,CYCLO_SAMPLE,Cyclo classification sample,freq=685726495.7264957,ratios=[1.52, 1.447, 1.648, 0.217],threshold=2.3,score=0,harmonics_above=0,max_spread_db=17.63
2026-04-24T17:15:15.893172,CYCLO_SAMPLE,Cyclo classification sample,freq=685726495.7264957,ratios=[1.441, 1.305, 0.39, 1.273],threshold=2.3,score=0,harmonics_above=0,max_spread_db=10.5
2026-04-24T17:15:15.893300,CYCLO_RESULT,Cyclo classification result,res=False,freq=685726495.7264957,votes=0,required=5
2026-04-24T17:15:16.015182,CYCLO_SAMPLE,Cyclo classification sample,freq=763289377.2893773,ratios=[2.155, 1.54, 1.468, 0.977],threshold=2.3,score=0,harmonics_above=0,max_spread_db=3.54
2026-04-24T17:15:16.018967,CYCLO_SAMPLE,Cyclo classification sample,freq=763289377.2893773,ratios=[14.912, 12.351, 11.063, 9.363],threshold=2.3,score=47.688435576903984,harmonics_above=4,max_spread_db=1.64
2026-04-24T17:15:16.020042,CYCLO_SAMPLE,Cyclo classification sample,freq=763289377.2893773,ratios=[13.467, 11.446, 9.238, 8.557],threshold=2.3,score=42.70840374725743,harmonics_above=4,max_spread_db=1.86
2026-04-24T17:15:16.024685,CYCLO_SAMPLE,Cyclo classification sample,freq=763289377.2893773,ratios=[11.247, 9.335, 8.398, 6.945],threshold=2.3,score=35.92536959684458,harmonics_above=4,max_spread_db=1.65
2026-04-24T17:15:16.028589,CYCLO_SAMPLE,Cyclo classification sample,freq=763289377.2893773,ratios=[12.062, 9.594, 7.545, 7.176],threshold=2.3,score=36.37685017343352,harmonics_above=4,max_spread_db=2.09
2026-04-24T17:15:16.032038,CYCLO_SAMPLE,Cyclo classification sample,freq=763289377.2893773,ratios=[8.556, 8.605, 8.354, 7.752],threshold=2.3,score=33.26552902288802,harmonics_above=4,max_spread_db=0.65
2026-04-24T17:15:16.035136,CYCLO_SAMPLE,Cyclo classification sample,freq=763289377.2893773,ratios=[14.526, 11.817, 10.682, 9.036],threshold=2.3,score=46.06151176364419,harmonics_above=4,max_spread_db=1.79
2026-04-24T17:15:16.035823,CYCLO_SAMPLE,Cyclo classification sample,freq=763289377.2893773,ratios=[15.833, 12.886, 11.71, 9.96],threshold=2.3,score=50.38804225000372,harmonics_above=4,max_spread_db=1.79
2026-04-24T17:15:16.038908,CYCLO_SAMPLE,Cyclo classification sample,freq=763289377.2893773,ratios=[14.716, 12.073, 10.876, 9.243],threshold=2.3,score=46.907930252046015,harmonics_above=4,max_spread_db=1.72
2026-04-24T17:15:16.042198,CYCLO_SAMPLE,Cyclo classification sample,freq=763289377.2893773,ratios=[11.687, 9.815, 8.712, 7.399],threshold=2.3,score=37.61266238187841,harmonics_above=4,max_spread_db=1.52
2026-04-24T17:15:16.042313,CYCLO_RESULT,Cyclo classification result,res=True,freq=763289377.2893773,votes=9,required=5
2026-04-24T17:15:16.054888,CYCLO_SAMPLE,Cyclo classification sample,freq=783333333.3333334,ratios=[14.912, 12.351, 11.063, 9.363],threshold=2.3,score=47.688435576903984,harmonics_above=4,max_spread_db=1.64
2026-04-24T17:15:16.055574,CYCLO_SAMPLE,Cyclo classification sample,freq=783333333.3333334,ratios=[1.294, 0.868, 1.299, 1.137],threshold=2.3,score=0,harmonics_above=0,max_spread_db=3.5
2026-04-24T17:15:16.058253,CYCLO_SAMPLE,Cyclo classification sample,freq=783333333.3333334,ratios=[2.288, 0.196, 2.082, 0.632],threshold=2.3,score=0,harmonics_above=0,max_spread_db=21.34
2026-04-24T17:15:16.060818,CYCLO_SAMPLE,Cyclo classification sample,freq=783333333.3333334,ratios=[0.77, 0.858, 0.928, 1.141],threshold=2.3,score=0,harmonics_above=0,max_spread_db=1.79
2026-04-24T17:15:16.063427,CYCLO_SAMPLE,Cyclo classification sample,freq=783333333.3333334,ratios=[1.057, 1.243, 1.316, 0.804],threshold=2.3,score=0,harmonics_above=0,max_spread_db=4.28
2026-04-24T17:15:16.064311,CYCLO_SAMPLE,Cyclo classification sample,freq=783333333.3333334,ratios=[0.885, 1.067, 2.068, 0.862],threshold=2.3,score=0,harmonics_above=0,max_spread_db=7.59
2026-04-24T17:15:16.066794,CYCLO_SAMPLE,Cyclo classification sample,freq=783333333.3333334,ratios=[0.699, 1.141, 0.325, 1.787],threshold=2.3,score=0,harmonics_above=0,max_spread_db=14.82
2026-04-24T17:15:16.069482,CYCLO_SAMPLE,Cyclo classification sample,freq=783333333.3333334,ratios=[0.932, 0.874, 1.144, 0.185],threshold=2.3,score=0,harmonics_above=0,max_spread_db=15.83
2026-04-24T17:15:16.072404,CYCLO_SAMPLE,Cyclo classification sample,freq=783333333.3333334,ratios=[1.327, 0.557, 1.569, 1.203],threshold=2.3,score=0,harmonics_above=0,max_spread_db=8.99
2026-04-24T17:15:16.075437,CYCLO_SAMPLE,Cyclo classification sample,freq=783333333.3333334,ratios=[1.395, 1.212, 0.473, 0.855],threshold=2.3,score=0,harmonics_above=0,max_spread_db=8.18
2026-04-24T17:15:16.075594,CYCLO_RESULT,Cyclo classification result,res=False,freq=783333333.3333334,votes=1,required=5
2026-04-24T17:15:16.433907,CYCLO_SAMPLE,Cyclo classification sample,freq=939655677.6556777,ratios=[0.004, 0.01, 0.013, 0.016],threshold=2.3,score=0,harmonics_above=0,max_spread_db=7.93
2026-04-24T17:15:16.434483,CYCLO_SAMPLE,Cyclo classification sample,freq=939655677.6556777,ratios=[0.944, 0.914, 1.313, 0.207],threshold=2.3,score=0,harmonics_above=0,max_spread_db=16.06
2026-04-24T17:15:16.435066,CYCLO_SAMPLE,Cyclo classification sample,freq=939655677.6556777,ratios=[0.954, 2.467, 0.756, 2.175],threshold=2.3,score=2.467336041478797,harmonics_above=1,max_spread_db=10.27
2026-04-24T17:15:16.435624,CYCLO_SAMPLE,Cyclo classification sample,freq=939655677.6556777,ratios=[12.022, 7.545, 2.736, 0.875],threshold=2.3,score=22.3025247010722,harmonics_above=3,max_spread_db=9.9
2026-04-24T17:15:16.436395,CYCLO_SAMPLE,Cyclo classification sample,freq=939655677.6556777,ratios=[0.643, 1.618, 1.375, 0.237],threshold=2.3,score=0,harmonics_above=0,max_spread_db=15.27
2026-04-24T17:15:16.437321,CYCLO_SAMPLE,Cyclo classification sample,freq=939655677.6556777,ratios=[1.205, 1.176, 0.21, 0.333],threshold=2.3,score=0,harmonics_above=0,max_spread_db=14.95
2026-04-24T17:15:16.442977,CYCLO_SAMPLE,Cyclo classification sample,freq=939655677.6556777,ratios=[7.412, 5.029, 1.836, 1.893],threshold=2.3,score=12.44160742131104,harmonics_above=2,max_spread_db=8.75
2026-04-24T17:15:16.447910,CYCLO_SAMPLE,Cyclo classification sample,freq=939655677.6556777,ratios=[2.626, 1.694, 1.767, 1.813],threshold=2.3,score=2.626341998599871,harmonics_above=1,max_spread_db=3.81
2026-04-24T17:15:16.452659,CYCLO_SAMPLE,Cyclo classification sample,freq=939655677.6556777,ratios=[0.348, 0.511, 0.832, 0.812],threshold=2.3,score=0,harmonics_above=0,max_spread_db=4.24
2026-04-24T17:15:16.453423,CYCLO_SAMPLE,Cyclo classification sample,freq=939655677.6556777,ratios=[0.871, 0.805, 0.678, 0.67],threshold=2.3,score=0,harmonics_above=0,max_spread_db=1.49
2026-04-24T17:15:16.456935,CYCLO_RESULT,Cyclo classification result,res=False,freq=939655677.6556777,votes=1,required=5
2026-04-24T17:15:16.476779,CYCLO_SAMPLE,Cyclo classification sample,freq=959401709.4017094,ratios=[0.348, 0.511, 0.832, 0.812],threshold=2.3,score=0,harmonics_above=0,max_spread_db=4.24
2026-04-24T17:15:16.479963,CYCLO_SAMPLE,Cyclo classification sample,freq=959401709.4017094,ratios=[1.757, 0.988, 1.842, 0.601],threshold=2.3,score=0,harmonics_above=0,max_spread_db=9.73
2026-04-24T17:15:16.482928,CYCLO_SAMPLE,Cyclo classification sample,freq=959401709.4017094,ratios=[1.792, 2.366, 1.89, 0.638],threshold=2.3,score=2.36648970100557,harmonics_above=1,max_spread_db=9.44
2026-04-24T17:15:16.483477,CYCLO_SAMPLE,Cyclo classification sample,freq=959401709.4017094,ratios=[0.769, 1.657, 1.163, 1.494],threshold=2.3,score=0,harmonics_above=0,max_spread_db=6.67
2026-04-24T17:15:16.486498,CYCLO_SAMPLE,Cyclo classification sample,freq=959401709.4017094,ratios=[1.036, 0.769, 0.839, 0.198],threshold=2.3,score=0,harmonics_above=0,max_spread_db=12.56
2026-04-24T17:15:16.489502,CYCLO_SAMPLE,Cyclo classification sample,freq=959401709.4017094,ratios=[3.312, 0.799, 0.809, 0.832],threshold=2.3,score=3.311597841054536,harmonics_above=1,max_spread_db=12.35
2026-04-24T17:15:16.492511,CYCLO_SAMPLE,Cyclo classification sample,freq=959401709.4017094,ratios=[2.14, 0.637, 0.901, 1.54],threshold=2.3,score=0,harmonics_above=0,max_spread_db=10.53
2026-04-24T17:15:16.498593,CYCLO_SAMPLE,Cyclo classification sample,freq=959401709.4017094,ratios=[0.483, 0.692, 1.042, 0.684],threshold=2.3,score=0,harmonics_above=0,max_spread_db=3.66
2026-04-24T17:15:16.501696,CYCLO_SAMPLE,Cyclo classification sample,freq=959401709.4017094,ratios=[1.203, 3.079, 0.777, 1.626],threshold=2.3,score=3.0794246429293533,harmonics_above=1,max_spread_db=11.96
2026-04-24T17:15:16.504554,CYCLO_SAMPLE,Cyclo classification sample,freq=959401709.4017094,ratios=[2.736, 1.401, 1.001, 0.826],threshold=2.3,score=2.7359643022702125,harmonics_above=1,max_spread_db=5.81
2026-04-24T17:15:16.504769,CYCLO_RESULT,Cyclo classification result,res=False,freq=959401709.4017094,votes=0,required=5
2026-04-24T17:15:17.006359,CYCLO_SAMPLE,Cyclo classification sample,freq=1337567765.5677657,ratios=[0.094, 0.134, 0.142, 0.077],threshold=2.3,score=0,harmonics_above=0,max_spread_db=5.31
2026-04-24T17:15:17.009519,CYCLO_SAMPLE,Cyclo classification sample,freq=1337567765.5677657,ratios=[0.07, 0.007, 0.038, 0.022],threshold=2.3,score=0,harmonics_above=0,max_spread_db=19.45
2026-04-24T17:15:17.012282,CYCLO_SAMPLE,Cyclo classification sample,freq=1337567765.5677657,ratios=[0.813, 1.336, 0.405, 1.318],threshold=2.3,score=0,harmonics_above=0,max_spread_db=10.36
2026-04-24T17:15:17.015012,CYCLO_SAMPLE,Cyclo classification sample,freq=1337567765.5677657,ratios=[0.98, 1.825, 1.004, 0.733],threshold=2.3,score=0,harmonics_above=0,max_spread_db=5.41
2026-04-24T17:15:17.017494,CYCLO_SAMPLE,Cyclo classification sample,freq=1337567765.5677657,ratios=[0.11, 0.122, 0.157, 0.193],threshold=2.3,score=0,harmonics_above=0,max_spread_db=2.16
2026-04-24T17:15:17.017974,CYCLO_SAMPLE,Cyclo classification sample,freq=1337567765.5677657,ratios=[0.593, 0.419, 0.534, 0.645],threshold=2.3,score=0,harmonics_above=0,max_spread_db=3.01
2026-04-24T17:15:17.018757,CYCLO_SAMPLE,Cyclo classification sample,freq=1337567765.5677657,ratios=[0.729, 2.292, 0.562, 1.924],threshold=2.3,score=0,harmonics_above=0,max_spread_db=12.22
2026-04-24T17:15:17.021311,CYCLO_SAMPLE,Cyclo classification sample,freq=1337567765.5677657,ratios=[1.895, 2.326, 1.198, 1.414],threshold=2.3,score=2.326092494206043,harmonics_above=1,max_spread_db=5.76
2026-04-24T17:15:17.024365,CYCLO_SAMPLE,Cyclo classification sample,freq=1337567765.5677657,ratios=[0.059, 0.101, 0.558, 0.531],threshold=2.3,score=0,harmonics_above=0,max_spread_db=14.84
2026-04-24T17:15:17.025128,CYCLO_SAMPLE,Cyclo classification sample,freq=1337567765.5677657,ratios=[0.066, 0.073, 0.076, 0.033],threshold=2.3,score=0,harmonics_above=0,max_spread_db=7.34
2026-04-24T17:15:17.025195,CYCLO_RESULT,Cyclo classification result,res=False,freq=1337567765.5677657,votes=0,required=5
2026-04-24T17:15:17.799892,CYCLO_SAMPLE,Cyclo classification sample,freq=1807743589.7435896,ratios=[0.042, 0.049, 0.032, 0.035],threshold=2.3,score=0,harmonics_above=0,max_spread_db=3.6
2026-04-24T17:15:17.803216,CYCLO_SAMPLE,Cyclo classification sample,freq=1807743589.7435896,ratios=[3.015, 0.936, 2.567, 0.766],threshold=2.3,score=5.581624173294367,harmonics_above=2,max_spread_db=10.51
2026-04-24T17:15:17.808095,CYCLO_SAMPLE,Cyclo classification sample,freq=1807743589.7435896,ratios=[2.656, 3.059, 2.325, 0.984],threshold=2.3,score=8.039470036264351,harmonics_above=3,max_spread_db=7.46
2026-04-24T17:15:17.812993,CYCLO_SAMPLE,Cyclo classification sample,freq=1807743589.7435896,ratios=[5.522, 2.467, 1.214, 1.804],threshold=2.3,score=7.988997243876048,harmonics_above=2,max_spread_db=7.0
2026-04-24T17:15:17.819038,CYCLO_SAMPLE,Cyclo classification sample,freq=1807743589.7435896,ratios=[2.443, 1.074, 2.122, 0.692],threshold=2.3,score=2.443121579322734,harmonics_above=1,max_spread_db=9.74
2026-04-24T17:15:17.830716,CYCLO_SAMPLE,Cyclo classification sample,freq=1807743589.7435896,ratios=[2.032, 1.668, 3.298, 1.141],threshold=2.3,score=3.2979510476424814,harmonics_above=1,max_spread_db=9.22
2026-04-24T17:15:17.839482,CYCLO_SAMPLE,Cyclo classification sample,freq=1807743589.7435896,ratios=[3.998, 2.963, 2.809, 0.691],threshold=2.3,score=9.769374812730764,harmonics_above=3,max_spread_db=12.18
2026-04-24T17:15:17.892037,CYCLO_SAMPLE,Cyclo classification sample,freq=1807743589.7435896,ratios=[3.369, 1.952, 6.7, 5.095],threshold=2.3,score=15.164010899417093,harmonics_above=3,max_spread_db=10.71
2026-04-24T17:15:17.913035,CYCLO_SAMPLE,Cyclo classification sample,freq=1807743589.7435896,ratios=[0.458, 0.65, 2.045, 1.137],threshold=2.3,score=0,harmonics_above=0,max_spread_db=9.96
2026-04-24T17:15:17.944224,CYCLO_SAMPLE,Cyclo classification sample,freq=1807743589.7435896,ratios=[0.743, 0.345, 3.26, 0.758],threshold=2.3,score=3.2598482821719426,harmonics_above=1,max_spread_db=19.51
2026-04-24T17:15:17.944371,CYCLO_RESULT,Cyclo classification result,res=False,freq=1807743589.7435896,votes=1,required=5
2026-04-24T17:15:17.990728,CYCLO_SAMPLE,Cyclo classification sample,freq=1827782661.7826617,ratios=[0.458, 0.65, 2.045, 1.137],threshold=2.3,score=0,harmonics_above=0,max_spread_db=9.96
2026-04-24T17:15:18.005218,CYCLO_SAMPLE,Cyclo classification sample,freq=1827782661.7826617,ratios=[2.44, 2.536, 6.248, 2.621],threshold=2.3,score=13.845658948108705,harmonics_above=4,max_spread_db=7.83
2026-04-24T17:15:18.038413,CYCLO_SAMPLE,Cyclo classification sample,freq=1827782661.7826617,ratios=[2.72, 2.631, 2.363, 0.437],threshold=2.3,score=7.714778764199039,harmonics_above=3,max_spread_db=14.65
2026-04-24T17:15:18.072285,CYCLO_SAMPLE,Cyclo classification sample,freq=1827782661.7826617,ratios=[3.308, 1.134, 2.222, 1.876],threshold=2.3,score=3.307640806409422,harmonics_above=1,max_spread_db=9.3
2026-04-24T17:15:18.087065,CYCLO_SAMPLE,Cyclo classification sample,freq=1827782661.7826617,ratios=[1.227, 2.286, 2.379, 1.556],threshold=2.3,score=2.3789503863223493,harmonics_above=1,max_spread_db=5.4
2026-04-24T17:15:18.091173,CYCLO_SAMPLE,Cyclo classification sample,freq=1827782661.7826617,ratios=[1.189, 1.191, 0.94, 0.251],threshold=2.3,score=0,harmonics_above=0,max_spread_db=11.46
2026-04-24T17:15:18.094447,CYCLO_SAMPLE,Cyclo classification sample,freq=1827782661.7826617,ratios=[1.629, 0.372, 0.759, 0.264],threshold=2.3,score=0,harmonics_above=0,max_spread_db=12.83
2026-04-24T17:15:18.097789,CYCLO_SAMPLE,Cyclo classification sample,freq=1827782661.7826617,ratios=[0.41, 0.964, 1.178, 0.372],threshold=2.3,score=0,harmonics_above=0,max_spread_db=10.02
2026-04-24T17:15:18.103151,CYCLO_SAMPLE,Cyclo classification sample,freq=1827782661.7826617,ratios=[5.269, 1.371, 1.474, 0.774],threshold=2.3,score=5.2689796719633435,harmonics_above=1,max_spread_db=11.7
2026-04-24T17:15:18.107876,CYCLO_SAMPLE,Cyclo classification sample,freq=1827782661.7826617,ratios=[3.589, 1.107, 2.923, 1.974],threshold=2.3,score=6.512666882693731,harmonics_above=2,max_spread_db=10.22
2026-04-24T17:15:18.108013,CYCLO_RESULT,Cyclo classification result,res=False,freq=1827782661.7826617,votes=1,required=5
2026-04-24T17:15:18.112131,CYCLO_SAMPLE,Cyclo classification sample,freq=1847846153.8461537,ratios=[1.629, 0.372, 0.759, 0.264],threshold=2.3,score=0,harmonics_above=0,max_spread_db=12.83
2026-04-24T17:15:18.115856,CYCLO_SAMPLE,Cyclo classification sample,freq=1847846153.8461537,ratios=[21.208, 9.404, 4.697, 4.569],threshold=2.3,score=39.87812103064561,harmonics_above=4,max_spread_db=7.06
2026-04-24T17:15:18.116773,CYCLO_SAMPLE,Cyclo classification sample,freq=1847846153.8461537,ratios=[0.168, 1.351, 1.14, 0.622],threshold=2.3,score=0,harmonics_above=0,max_spread_db=18.11
2026-04-24T17:15:18.120244,CYCLO_SAMPLE,Cyclo classification sample,freq=1847846153.8461537,ratios=[2.827, 0.574, 0.71, 1.143],threshold=2.3,score=2.826814978664716,harmonics_above=1,max_spread_db=13.86
2026-04-24T17:15:18.123406,CYCLO_SAMPLE,Cyclo classification sample,freq=1847846153.8461537,ratios=[3.028, 1.703, 1.135, 0.901],threshold=2.3,score=3.0284306912105574,harmonics_above=1,max_spread_db=5.0
2026-04-24T17:15:18.127051,CYCLO_SAMPLE,Cyclo classification sample,freq=1847846153.8461537,ratios=[2.348, 1.216, 1.11, 0.909],threshold=2.3,score=2.3481950691517945,harmonics_above=1,max_spread_db=5.71
2026-04-24T17:15:18.130700,CYCLO_SAMPLE,Cyclo classification sample,freq=1847846153.8461537,ratios=[1.349, 0.724, 0.494, 1.325],threshold=2.3,score=0,harmonics_above=0,max_spread_db=8.57
2026-04-24T17:15:18.131422,CYCLO_SAMPLE,Cyclo classification sample,freq=1847846153.8461537,ratios=[1.985, 1.412, 0.752, 0.789],threshold=2.3,score=0,harmonics_above=0,max_spread_db=5.47
2026-04-24T17:15:18.134720,CYCLO_SAMPLE,Cyclo classification sample,freq=1847846153.8461537,ratios=[4.792, 2.524, 0.766, 2.395],threshold=2.3,score=9.711246609719023,harmonics_above=3,max_spread_db=10.36
2026-04-24T17:15:18.137256,CYCLO_SAMPLE,Cyclo classification sample,freq=1847846153.8461537,ratios=[0.944, 2.642, 0.697, 1.457],threshold=2.3,score=2.641570572439778,harmonics_above=1,max_spread_db=11.57
2026-04-24T17:15:18.137408,CYCLO_RESULT,Cyclo classification result,res=False,freq=1847846153.8461537,votes=1,required=5
2026-04-24T17:15:18.205163,CYCLO_SAMPLE,Cyclo classification sample,freq=1875448107.4481072,ratios=[0.327, 1.779, 0.964, 1.228],threshold=2.3,score=0,harmonics_above=0,max_spread_db=14.71
2026-04-24T17:15:18.209544,CYCLO_SAMPLE,Cyclo classification sample,freq=1875448107.4481072,ratios=[1.126, 0.337, 0.472, 1.687],threshold=2.3,score=0,harmonics_above=0,max_spread_db=11.06
2026-04-24T17:15:18.213858,CYCLO_SAMPLE,Cyclo classification sample,freq=1875448107.4481072,ratios=[0.991, 1.769, 1.36, 0.223],threshold=2.3,score=0,harmonics_above=0,max_spread_db=15.72
2026-04-24T17:15:18.218128,CYCLO_SAMPLE,Cyclo classification sample,freq=1875448107.4481072,ratios=[0.497, 1.073, 0.824, 0.981],threshold=2.3,score=0,harmonics_above=0,max_spread_db=6.68
2026-04-24T17:15:18.219158,CYCLO_SAMPLE,Cyclo classification sample,freq=1875448107.4481072,ratios=[1.117, 0.315, 0.622, 0.632],threshold=2.3,score=0,harmonics_above=0,max_spread_db=10.99
2026-04-24T17:15:18.223060,CYCLO_SAMPLE,Cyclo classification sample,freq=1875448107.4481072,ratios=[2.724, 1.005, 2.086, 1.57],threshold=2.3,score=2.7240357991551085,harmonics_above=1,max_spread_db=8.66
2026-04-24T17:15:18.226849,CYCLO_SAMPLE,Cyclo classification sample,freq=1875448107.4481072,ratios=[1.698, 0.428, 0.301, 0.475],threshold=2.3,score=0,harmonics_above=0,max_spread_db=11.96
2026-04-24T17:15:18.227682,CYCLO_SAMPLE,Cyclo classification sample,freq=1875448107.4481072,ratios=[0.687, 0.63, 0.904, 0.695],threshold=2.3,score=0,harmonics_above=0,max_spread_db=3.14
2026-04-24T17:15:18.231434,CYCLO_SAMPLE,Cyclo classification sample,freq=1875448107.4481072,ratios=[1.171, 0.343, 1.473, 0.656],threshold=2.3,score=0,harmonics_above=0,max_spread_db=12.67
2026-04-24T17:15:18.234780,CYCLO_SAMPLE,Cyclo classification sample,freq=1875448107.4481072,ratios=[0.58, 0.746, 0.63, 0.709],threshold=2.3,score=0,harmonics_above=0,max_spread_db=2.19
2026-04-24T17:15:18.234901,CYCLO_RESULT,Cyclo classification result,res=False,freq=1875448107.4481072,votes=0,required=5
2026-04-24T17:15:18.245975,CYCLO_SAMPLE,Cyclo classification sample,freq=1895233211.233211,ratios=[1.112, 1.103, 1.415, 0.97],threshold=2.3,score=0,harmonics_above=0,max_spread_db=3.28
2026-04-24T17:15:18.248443,CYCLO_SAMPLE,Cyclo classification sample,freq=1895233211.233211,ratios=[0.479, 0.454, 0.433, 0.48],threshold=2.3,score=0,harmonics_above=0,max_spread_db=0.88
2026-04-24T17:15:18.251276,CYCLO_SAMPLE,Cyclo classification sample,freq=1895233211.233211,ratios=[0.244, 0.241, 0.243, 0.241],threshold=2.3,score=0,harmonics_above=0,max_spread_db=0.13
2026-04-24T17:15:18.254046,CYCLO_SAMPLE,Cyclo classification sample,freq=1895233211.233211,ratios=[0.024, 0.02, 0.022, 0.031],threshold=2.3,score=0,harmonics_above=0,max_spread_db=3.02
2026-04-24T17:15:18.254739,CYCLO_SAMPLE,Cyclo classification sample,freq=1895233211.233211,ratios=[0.039, 0.036, 0.019, 0.024],threshold=2.3,score=0,harmonics_above=0,max_spread_db=5.34
2026-04-24T17:15:18.257430,CYCLO_SAMPLE,Cyclo classification sample,freq=1895233211.233211,ratios=[0.006, 0.017, 0.011, 0.021],threshold=2.3,score=0,harmonics_above=0,max_spread_db=8.53
2026-04-24T17:15:18.259934,CYCLO_SAMPLE,Cyclo classification sample,freq=1895233211.233211,ratios=[0.009, 0.013, 0.01, 0.028],threshold=2.3,score=0,harmonics_above=0,max_spread_db=9.04
2026-04-24T17:15:18.262400,CYCLO_SAMPLE,Cyclo classification sample,freq=1895233211.233211,ratios=[0.054, 0.056, 0.068, 0.052],threshold=2.3,score=0,harmonics_above=0,max_spread_db=2.32
2026-04-24T17:15:18.265039,CYCLO_SAMPLE,Cyclo classification sample,freq=1895233211.233211,ratios=[0.001, 0.009, 0.016, 0.038],threshold=2.3,score=0,harmonics_above=0,max_spread_db=17.63
2026-04-24T17:15:18.265785,CYCLO_SAMPLE,Cyclo classification sample,freq=1895233211.233211,ratios=[0.292, 0.282, 0.293, 0.296],threshold=2.3,score=0,harmonics_above=0,max_spread_db=0.33
2026-04-24T17:15:18.267693,CYCLO_RESULT,Cyclo classification result,res=False,freq=1895233211.233211,votes=0,required=5
2026-04-24T17:15:18.581927,CYCLO_SAMPLE,Cyclo classification sample,freq=2114175824.1758242,ratios=[0.056, 0.1, 0.078, 0.04],threshold=2.3,score=0,harmonics_above=0,max_spread_db=5.83
2026-04-24T17:15:18.582930,CYCLO_SAMPLE,Cyclo classification sample,freq=2114175824.1758242,ratios=[1.536, 0.871, 0.568, 0.607],threshold=2.3,score=0,harmonics_above=0,max_spread_db=4.93
2026-04-24T17:15:18.587196,CYCLO_SAMPLE,Cyclo classification sample,freq=2114175824.1758242,ratios=[2.616, 1.071, 1.878, 1.385],threshold=2.3,score=2.616377926771612,harmonics_above=1,max_spread_db=7.76
2026-04-24T17:15:18.590973,CYCLO_SAMPLE,Cyclo classification sample,freq=2114175824.1758242,ratios=[3.317, 1.361, 1.392, 0.766],threshold=2.3,score=3.3171660017639684,harmonics_above=1,max_spread_db=7.74
2026-04-24T17:15:18.594422,CYCLO_SAMPLE,Cyclo classification sample,freq=2114175824.1758242,ratios=[1.029, 0.828, 1.468, 0.366],threshold=2.3,score=0,harmonics_above=0,max_spread_db=12.06
2026-04-24T17:15:18.598544,CYCLO_SAMPLE,Cyclo classification sample,freq=2114175824.1758242,ratios=[1.277, 0.382, 0.844, 0.695],threshold=2.3,score=0,harmonics_above=0,max_spread_db=10.49
2026-04-24T17:15:18.602327,CYCLO_SAMPLE,Cyclo classification sample,freq=2114175824.1758242,ratios=[1.251, 1.104, 0.28, 1.291],threshold=2.3,score=0,harmonics_above=0,max_spread_db=13.29
2026-04-24T17:15:18.605201,CYCLO_SAMPLE,Cyclo classification sample,freq=2114175824.1758242,ratios=[1.698, 0.557, 1.58, 1.322],threshold=2.3,score=0,harmonics_above=0,max_spread_db=9.69
2026-04-24T17:15:18.606160,CYCLO_SAMPLE,Cyclo classification sample,freq=2114175824.1758242,ratios=[1.263, 0.349, 0.99, 0.863],threshold=2.3,score=0,harmonics_above=0,max_spread_db=11.17
2026-04-24T17:15:18.613177,CYCLO_SAMPLE,Cyclo classification sample,freq=2114175824.1758242,ratios=[0.59, 1.241, 0.91, 0.655],threshold=2.3,score=0,harmonics_above=0,max_spread_db=6.46
2026-04-24T17:15:18.613289,CYCLO_RESULT,Cyclo classification result,res=False,freq=2114175824.1758242,votes=0,required=5
2026-04-24T17:15:18.625194,CYCLO_SAMPLE,Cyclo classification sample,freq=2135216117.2161171,ratios=[1.536, 0.871, 0.568, 0.607],threshold=2.3,score=0,harmonics_above=0,max_spread_db=4.93
2026-04-24T17:15:18.626256,CYCLO_SAMPLE,Cyclo classification sample,freq=2135216117.2161171,ratios=[3.391, 1.437, 0.752, 1.154],threshold=2.3,score=3.3908922475502887,harmonics_above=1,max_spread_db=7.45
2026-04-24T17:15:18.630209,CYCLO_SAMPLE,Cyclo classification sample,freq=2135216117.2161171,ratios=[7.006, 0.562, 4.605, 1.357],threshold=2.3,score=11.61183066415153,harmonics_above=2,max_spread_db=21.92
2026-04-24T17:15:18.635926,CYCLO_SAMPLE,Cyclo classification sample,freq=2135216117.2161171,ratios=[8.421, 0.238, 4.856, 1.299],threshold=2.3,score=13.276394152377037,harmonics_above=2,max_spread_db=30.96
2026-04-24T17:15:18.636766,CYCLO_SAMPLE,Cyclo classification sample,freq=2135216117.2161171,ratios=[5.685, 1.32, 1.15, 0.657],threshold=2.3,score=5.685431714396389,harmonics_above=1,max_spread_db=12.69
2026-04-24T17:15:18.646643,CYCLO_SAMPLE,Cyclo classification sample,freq=2135216117.2161171,ratios=[7.848, 1.337, 3.154, 2.314],threshold=2.3,score=13.31659204878687,harmonics_above=3,max_spread_db=15.37
2026-04-24T17:15:18.647523,CYCLO_SAMPLE,Cyclo classification sample,freq=2135216117.2161171,ratios=[5.444, 1.749, 5.304, 1.375],threshold=2.3,score=10.748369401023883,harmonics_above=2,max_spread_db=11.73
2026-04-24T17:15:18.652230,CYCLO_SAMPLE,Cyclo classification sample,freq=2135216117.2161171,ratios=[5.066, 0.36, 3.625, 2.378],threshold=2.3,score=11.068794559068577,harmonics_above=3,max_spread_db=22.97
2026-04-24T17:15:18.657851,CYCLO_SAMPLE,Cyclo classification sample,freq=2135216117.2161171,ratios=[8.648, 2.699, 3.062, 0.55],threshold=2.3,score=14.409869586522627,harmonics_above=3,max_spread_db=14.91
2026-04-24T17:15:18.665916,CYCLO_SAMPLE,Cyclo classification sample,freq=2135216117.2161171,ratios=[5.09, 0.391, 1.978, 0.886],threshold=2.3,score=5.090045539827591,harmonics_above=1,max_spread_db=22.29
2026-04-24T17:15:18.666063,CYCLO_RESULT,Cyclo classification result,res=False,freq=2135216117.2161171,votes=0,required=5
2026-04-24T17:15:18.673611,CYCLO_SAMPLE,Cyclo classification sample,freq=2156598290.5982904,ratios=[3.391, 1.437, 0.752, 1.154],threshold=2.3,score=3.3908922475502887,harmonics_above=1,max_spread_db=7.45
2026-04-24T17:15:18.677189,CYCLO_SAMPLE,Cyclo classification sample,freq=2156598290.5982904,ratios=[1.321, 2.865, 0.108, 2.333],threshold=2.3,score=5.198072388318566,harmonics_above=2,max_spread_db=28.51
2026-04-24T17:15:18.680625,CYCLO_SAMPLE,Cyclo classification sample,freq=2156598290.5982904,ratios=[1.009, 0.588, 0.702, 1.177],threshold=2.3,score=0,harmonics_above=0,max_spread_db=4.68
2026-04-24T17:15:18.681413,CYCLO_SAMPLE,Cyclo classification sample,freq=2156598290.5982904,ratios=[1.201, 0.958, 0.574, 0.441],threshold=2.3,score=0,harmonics_above=0,max_spread_db=4.46
2026-04-24T17:15:18.692167,CYCLO_SAMPLE,Cyclo classification sample,freq=2156598290.5982904,ratios=[0.547, 1.829, 1.106, 0.813],threshold=2.3,score=0,harmonics_above=0,max_spread_db=10.48
2026-04-24T17:15:18.726879,CYCLO_SAMPLE,Cyclo classification sample,freq=2156598290.5982904,ratios=[1.05, 1.115, 1.205, 1.316],threshold=2.3,score=0,harmonics_above=0,max_spread_db=0.76
2026-04-24T17:15:18.745182,CYCLO_SAMPLE,Cyclo classification sample,freq=2156598290.5982904,ratios=[0.929, 1.259, 1.472, 0.751],threshold=2.3,score=0,harmonics_above=0,max_spread_db=5.84
2026-04-24T17:15:18.774952,CYCLO_SAMPLE,Cyclo classification sample,freq=2156598290.5982904,ratios=[1.066, 1.354, 1.157, 1.294],threshold=2.3,score=0,harmonics_above=0,max_spread_db=2.07
2026-04-24T17:15:18.808686,CYCLO_SAMPLE,Cyclo classification sample,freq=2156598290.5982904,ratios=[1.309, 0.506, 2.58, 1.494],threshold=2.3,score=2.579746297098809,harmonics_above=1,max_spread_db=14.16
2026-04-24T17:15:18.841595,CYCLO_SAMPLE,Cyclo classification sample,freq=2156598290.5982904,ratios=[0.954, 0.904, 1.019, 0.749],threshold=2.3,score=0,harmonics_above=0,max_spread_db=2.68
2026-04-24T17:15:18.842104,CYCLO_RESULT,Cyclo classification result,res=False,freq=2156598290.5982904,votes=0,required=5
2026-04-24T17:15:18.853502,CYCLO_SAMPLE,Cyclo classification sample,freq=2186879120.879121,ratios=[1.321, 2.865, 0.108, 2.333],threshold=2.3,score=5.198072388318566,harmonics_above=2,max_spread_db=28.51
2026-04-24T17:15:18.866184,CYCLO_SAMPLE,Cyclo classification sample,freq=2186879120.879121,ratios=[0.453, 0.505, 0.362, 2.156],threshold=2.3,score=0,harmonics_above=0,max_spread_db=15.49
2026-04-24T17:15:18.873128,CYCLO_SAMPLE,Cyclo classification sample,freq=2186879120.879121,ratios=[0.638, 1.509, 0.264, 0.496],threshold=2.3,score=0,harmonics_above=0,max_spread_db=15.14
2026-04-24T17:15:18.879898,CYCLO_SAMPLE,Cyclo classification sample,freq=2186879120.879121,ratios=[1.021, 1.636, 0.889, 0.889],threshold=2.3,score=0,harmonics_above=0,max_spread_db=5.3
2026-04-24T17:15:18.891543,CYCLO_SAMPLE,Cyclo classification sample,freq=2186879120.879121,ratios=[0.747, 0.551, 0.637, 0.9],threshold=2.3,score=0,harmonics_above=0,max_spread_db=2.99
2026-04-24T17:15:18.899411,CYCLO_SAMPLE,Cyclo classification sample,freq=2186879120.879121,ratios=[1.045, 0.306, 0.261, 1.33],threshold=2.3,score=0,harmonics_above=0,max_spread_db=14.15
2026-04-24T17:15:18.911659,CYCLO_SAMPLE,Cyclo classification sample,freq=2186879120.879121,ratios=[0.898, 0.278, 0.454, 0.491],threshold=2.3,score=0,harmonics_above=0,max_spread_db=10.19
2026-04-24T17:15:18.918444,CYCLO_SAMPLE,Cyclo classification sample,freq=2186879120.879121,ratios=[1.349, 0.311, 0.709, 1.219],threshold=2.3,score=0,harmonics_above=0,max_spread_db=12.74
2026-04-24T17:15:18.923625,CYCLO_SAMPLE,Cyclo classification sample,freq=2186879120.879121,ratios=[0.455, 0.748, 1.227, 0.881],threshold=2.3,score=0,harmonics_above=0,max_spread_db=4.31
2026-04-24T17:15:18.927647,CYCLO_SAMPLE,Cyclo classification sample,freq=2186879120.879121,ratios=[0.089, 0.063, 0.088, 0.082],threshold=2.3,score=0,harmonics_above=0,max_spread_db=3.06
2026-04-24T17:15:18.927797,CYCLO_RESULT,Cyclo classification result,res=False,freq=2186879120.879121,votes=0,required=5
2026-04-24T17:15:18.932382,CYCLO_SAMPLE,Cyclo classification sample,freq=2207294261.294261,ratios=[1.045, 0.306, 0.261, 1.33],threshold=2.3,score=0,harmonics_above=0,max_spread_db=14.15
2026-04-24T17:15:18.935627,CYCLO_SAMPLE,Cyclo classification sample,freq=2207294261.294261,ratios=[0.349, 0.333, 0.334, 0.377],threshold=2.3,score=0,harmonics_above=0,max_spread_db=1.06
2026-04-24T17:15:18.938434,CYCLO_SAMPLE,Cyclo classification sample,freq=2207294261.294261,ratios=[0.075, 0.053, 0.002, 0.06],threshold=2.3,score=0,harmonics_above=0,max_spread_db=28.31
2026-04-24T17:15:18.941123,CYCLO_SAMPLE,Cyclo classification sample,freq=2207294261.294261,ratios=[0.064, 0.037, 0.052, 0.029],threshold=2.3,score=0,harmonics_above=0,max_spread_db=4.96
2026-04-24T17:15:18.945710,CYCLO_SAMPLE,Cyclo classification sample,freq=2207294261.294261,ratios=[0.11, 0.102, 0.101, 0.094],threshold=2.3,score=0,harmonics_above=0,max_spread_db=0.68
2026-04-24T17:15:18.946546,CYCLO_SAMPLE,Cyclo classification sample,freq=2207294261.294261,ratios=[0.001, 0.022, 0.011, 0.016],threshold=2.3,score=0,harmonics_above=0,max_spread_db=23.56
2026-04-24T17:15:18.949075,CYCLO_SAMPLE,Cyclo classification sample,freq=2207294261.294261,ratios=[0.009, 0.017, 0.022, 0.024],threshold=2.3,score=0,harmonics_above=0,max_spread_db=6.2
2026-04-24T17:15:18.951663,CYCLO_SAMPLE,Cyclo classification sample,freq=2207294261.294261,ratios=[0.003, 0.014, 0.011, 0.013],threshold=2.3,score=0,harmonics_above=0,max_spread_db=13.47
2026-04-24T17:15:18.954033,CYCLO_SAMPLE,Cyclo classification sample,freq=2207294261.294261,ratios=[0.116, 0.119, 0.127, 0.118],threshold=2.3,score=0,harmonics_above=0,max_spread_db=0.59
2026-04-24T17:15:18.956974,CYCLO_SAMPLE,Cyclo classification sample,freq=2207294261.294261,ratios=[0.018, 0.034, 0.025, 0.029],threshold=2.3,score=0,harmonics_above=0,max_spread_db=5.85
2026-04-24T17:15:18.957123,CYCLO_RESULT,Cyclo classification result,res=False,freq=2207294261.294261,votes=0,required=5
2026-04-24T17:15:19.040210,CYCLO_SAMPLE,Cyclo classification sample,freq=2280075702.075702,ratios=[0.003, 0.007, 0.024, 0.04],threshold=2.3,score=0,harmonics_above=0,max_spread_db=11.3
2026-04-24T17:15:19.042849,CYCLO_SAMPLE,Cyclo classification sample,freq=2280075702.075702,ratios=[0.007, 0.016, 0.018, 0.02],threshold=2.3,score=0,harmonics_above=0,max_spread_db=7.86
2026-04-24T17:15:19.045842,CYCLO_SAMPLE,Cyclo classification sample,freq=2280075702.075702,ratios=[0.008, 0.009, 0.035, 0.013],threshold=2.3,score=0,harmonics_above=0,max_spread_db=12.02
2026-04-24T17:15:19.048361,CYCLO_SAMPLE,Cyclo classification sample,freq=2280075702.075702,ratios=[0.02, 0.023, 0.013, 0.013],threshold=2.3,score=0,harmonics_above=0,max_spread_db=4.88
2026-04-24T17:15:19.051048,CYCLO_SAMPLE,Cyclo classification sample,freq=2280075702.075702,ratios=[0.206, 0.182, 0.167, 0.22],threshold=2.3,score=0,harmonics_above=0,max_spread_db=2.4
2026-04-24T17:15:19.051660,CYCLO_SAMPLE,Cyclo classification sample,freq=2280075702.075702,ratios=[0.003, 0.011, 0.044, 0.017],threshold=2.3,score=0,harmonics_above=0,max_spread_db=12.22
2026-04-24T17:15:19.054274,CYCLO_SAMPLE,Cyclo classification sample,freq=2280075702.075702,ratios=[0.005, 0.003, 0.007, 0.021],threshold=2.3,score=0,harmonics_above=0,max_spread_db=9.24
2026-04-24T17:15:19.057397,CYCLO_SAMPLE,Cyclo classification sample,freq=2280075702.075702,ratios=[0.086, 0.081, 0.06, 0.076],threshold=2.3,score=0,harmonics_above=0,max_spread_db=2.64
2026-04-24T17:15:19.060207,CYCLO_SAMPLE,Cyclo classification sample,freq=2280075702.075702,ratios=[0.002, 0.005, 0.006, 0.011],threshold=2.3,score=0,harmonics_above=0,max_spread_db=6.92
2026-04-24T17:15:19.061011,CYCLO_SAMPLE,Cyclo classification sample,freq=2280075702.075702,ratios=[0.006, 0.017, 0.018, 0.012],threshold=2.3,score=0,harmonics_above=0,max_spread_db=8.67
2026-04-24T17:15:19.061072,CYCLO_RESULT,Cyclo classification result,res=False,freq=2280075702.075702,votes=0,required=5
2026-04-24T17:15:19.339205,CYCLO_SAMPLE,Cyclo classification sample,freq=2434586080.5860806,ratios=[1.204, 0.918, 0.99, 0.904],threshold=2.3,score=0,harmonics_above=0,max_spread_db=2.35
2026-04-24T17:15:19.340139,CYCLO_SAMPLE,Cyclo classification sample,freq=2434586080.5860806,ratios=[2.589, 1.058, 1.837, 2.076],threshold=2.3,score=2.588922462750375,harmonics_above=1,max_spread_db=7.77
2026-04-24T17:15:19.345790,CYCLO_SAMPLE,Cyclo classification sample,freq=2434586080.5860806,ratios=[0.003, 0.021, 0.006, 0.026],threshold=2.3,score=0,harmonics_above=0,max_spread_db=16.54
2026-04-24T17:15:19.357164,CYCLO_SAMPLE,Cyclo classification sample,freq=2434586080.5860806,ratios=[34.22, 12.325, 11.193, 5.185],threshold=2.3,score=62.92265071353433,harmonics_above=4,max_spread_db=8.87
2026-04-24T17:15:19.358854,CYCLO_SAMPLE,Cyclo classification sample,freq=2434586080.5860806,ratios=[0.235, 0.24, 0.232, 0.243],threshold=2.3,score=0,harmonics_above=0,max_spread_db=0.41
2026-04-24T17:15:19.365446,CYCLO_SAMPLE,Cyclo classification sample,freq=2434586080.5860806,ratios=[0.049, 0.078, 0.042, 0.014],threshold=2.3,score=0,harmonics_above=0,max_spread_db=9.57
2026-04-24T17:15:19.372627,CYCLO_SAMPLE,Cyclo classification sample,freq=2434586080.5860806,ratios=[0.019, 0.001, 0.021, 0.025],threshold=2.3,score=0,harmonics_above=0,max_spread_db=24.16
2026-04-24T17:15:19.380371,CYCLO_SAMPLE,Cyclo classification sample,freq=2434586080.5860806,ratios=[0.038, 0.149, 0.102, 0.105],threshold=2.3,score=0,harmonics_above=0,max_spread_db=11.95
2026-04-24T17:15:19.386713,CYCLO_SAMPLE,Cyclo classification sample,freq=2434586080.5860806,ratios=[0.6, 0.864, 0.694, 0.443],threshold=2.3,score=0,harmonics_above=0,max_spread_db=3.91
2026-04-24T17:15:19.393137,CYCLO_SAMPLE,Cyclo classification sample,freq=2434586080.5860806,ratios=[1.606, 0.642, 0.25, 2.124],threshold=2.3,score=0,harmonics_above=0,max_spread_db=18.59
2026-04-24T17:15:19.393245,CYCLO_RESULT,Cyclo classification result,res=False,freq=2434586080.5860806,votes=1,required=5
2026-04-24T17:15:19.399774,CYCLO_SAMPLE,Cyclo classification sample,freq=2463499389.4993896,ratios=[34.22, 12.325, 11.193, 5.185],threshold=2.3,score=62.92265071353433,harmonics_above=4,max_spread_db=8.87
2026-04-24T17:15:19.404494,CYCLO_SAMPLE,Cyclo classification sample,freq=2463499389.4993896,ratios=[5.847, 4.469, 1.105, 0.78],threshold=2.3,score=10.315632033079488,harmonics_above=2,max_spread_db=12.14
2026-04-24T17:15:19.405324,CYCLO_SAMPLE,Cyclo classification sample,freq=2463499389.4993896,ratios=[0.437, 0.422, 0.432, 0.429],threshold=2.3,score=0,harmonics_above=0,max_spread_db=0.28
2026-04-24T17:15:19.408507,CYCLO_SAMPLE,Cyclo classification sample,freq=2463499389.4993896,ratios=[1.93, 1.827, 1.283, 0.674],threshold=2.3,score=0,harmonics_above=0,max_spread_db=5.58
2026-04-24T17:15:19.411550,CYCLO_SAMPLE,Cyclo classification sample,freq=2463499389.4993896,ratios=[0.007, 0.014, 0.013, 0.036],threshold=2.3,score=0,harmonics_above=0,max_spread_db=8.44
2026-04-24T17:15:19.417302,CYCLO_SAMPLE,Cyclo classification sample,freq=2463499389.4993896,ratios=[0.002, 0.008, 0.029, 0.037],threshold=2.3,score=0,harmonics_above=0,max_spread_db=11.79
2026-04-24T17:15:19.418139,CYCLO_SAMPLE,Cyclo classification sample,freq=2463499389.4993896,ratios=[0.264, 0.295, 0.248, 0.281],threshold=2.3,score=0,harmonics_above=0,max_spread_db=1.49
2026-04-24T17:15:19.421563,CYCLO_SAMPLE,Cyclo classification sample,freq=2463499389.4993896,ratios=[0.022, 0.029, 0.029, 0.037],threshold=2.3,score=0,harmonics_above=0,max_spread_db=2.56
2026-04-24T17:15:19.427609,CYCLO_SAMPLE,Cyclo classification sample,freq=2463499389.4993896,ratios=[0.016, 0.014, 0.002, 0.008],threshold=2.3,score=0,harmonics_above=0,max_spread_db=15.36
2026-04-24T17:15:19.428215,CYCLO_SAMPLE,Cyclo classification sample,freq=2463499389.4993896,ratios=[0.012, 0.019, 0.018, 0.012],threshold=2.3,score=0,harmonics_above=0,max_spread_db=4.14
2026-04-24T17:15:19.428359,CYCLO_RESULT,Cyclo classification result,res=False,freq=2463499389.4993896,votes=1,required=5
2026-04-24T17:15:19.432681,CYCLO_SAMPLE,Cyclo classification sample,freq=2481013431.013431,ratios=[5.847, 4.469, 1.105, 0.78],threshold=2.3,score=10.315632033079488,harmonics_above=2,max_spread_db=12.14
2026-04-24T17:15:19.435512,CYCLO_SAMPLE,Cyclo classification sample,freq=2481013431.013431,ratios=[0.051, 0.062, 0.065, 0.084],threshold=2.3,score=0,harmonics_above=0,max_spread_db=2.25
2026-04-24T17:15:19.438288,CYCLO_SAMPLE,Cyclo classification sample,freq=2481013431.013431,ratios=[0.049, 0.052, 0.036, 0.06],threshold=2.3,score=0,harmonics_above=0,max_spread_db=4.44
2026-04-24T17:15:19.440788,CYCLO_SAMPLE,Cyclo classification sample,freq=2481013431.013431,ratios=[0.362, 0.757, 0.491, 0.689],threshold=2.3,score=0,harmonics_above=0,max_spread_db=6.4
2026-04-24T17:15:19.443756,CYCLO_SAMPLE,Cyclo classification sample,freq=2481013431.013431,ratios=[0.048, 0.05, 0.042, 0.035],threshold=2.3,score=0,harmonics_above=0,max_spread_db=1.67
2026-04-24T17:15:19.446311,CYCLO_SAMPLE,Cyclo classification sample,freq=2481013431.013431,ratios=[1.001, 0.669, 0.542, 0.464],threshold=2.3,score=0,harmonics_above=0,max_spread_db=3.5
2026-04-24T17:15:19.448861,CYCLO_SAMPLE,Cyclo classification sample,freq=2481013431.013431,ratios=[0.012, 0.025, 0.013, 0.006],threshold=2.3,score=0,harmonics_above=0,max_spread_db=7.16
2026-04-24T17:15:19.449554,CYCLO_SAMPLE,Cyclo classification sample,freq=2481013431.013431,ratios=[0.002, 0.015, 0.013, 0.008],threshold=2.3,score=0,harmonics_above=0,max_spread_db=17.77
2026-04-24T17:15:19.452180,CYCLO_SAMPLE,Cyclo classification sample,freq=2481013431.013431,ratios=[0.74, 0.116, 0.85, 0.739],threshold=2.3,score=0,harmonics_above=0,max_spread_db=17.27
2026-04-24T17:15:19.454796,CYCLO_SAMPLE,Cyclo classification sample,freq=2481013431.013431,ratios=[0.037, 0.036, 0.056, 0.033],threshold=2.3,score=0,harmonics_above=0,max_spread_db=4.47
2026-04-24T17:15:19.454869,CYCLO_RESULT,Cyclo classification result,res=False,freq=2481013431.013431,votes=0,required=5
2026-04-24T17:15:19.656677,CYCLO_SAMPLE,Cyclo classification sample,freq=2644031746.031746,ratios=[0.058, 0.042, 0.04, 0.039],threshold=2.3,score=0,harmonics_above=0,max_spread_db=2.89
2026-04-24T17:15:19.661091,CYCLO_SAMPLE,Cyclo classification sample,freq=2644031746.031746,ratios=[1.38, 1.478, 2.276, 0.146],threshold=2.3,score=0,harmonics_above=0,max_spread_db=23.86
2026-04-24T17:15:19.664969,CYCLO_SAMPLE,Cyclo classification sample,freq=2644031746.031746,ratios=[3.538, 0.831, 2.044, 0.438],threshold=2.3,score=3.537778358782558,harmonics_above=1,max_spread_db=13.39
2026-04-24T17:15:19.665700,CYCLO_SAMPLE,Cyclo classification sample,freq=2644031746.031746,ratios=[3.672, 1.219, 1.137, 2.91],threshold=2.3,score=6.582959024242781,harmonics_above=2,max_spread_db=9.58
2026-04-24T17:15:19.671126,CYCLO_SAMPLE,Cyclo classification sample,freq=2644031746.031746,ratios=[1.686, 0.805, 2.198, 1.908],threshold=2.3,score=0,harmonics_above=0,max_spread_db=8.73
2026-04-24T17:15:19.677662,CYCLO_SAMPLE,Cyclo classification sample,freq=2644031746.031746,ratios=[1.534, 2.227, 0.284, 0.505],threshold=2.3,score=0,harmonics_above=0,max_spread_db=17.89
2026-04-24T17:15:19.688200,CYCLO_SAMPLE,Cyclo classification sample,freq=2644031746.031746,ratios=[2.613, 3.651, 2.619, 1.609],threshold=2.3,score=8.88278004554361,harmonics_above=3,max_spread_db=4.23
2026-04-24T17:15:19.698425,CYCLO_SAMPLE,Cyclo classification sample,freq=2644031746.031746,ratios=[1.485, 1.469, 5.353, 2.13],threshold=2.3,score=5.352533059231701,harmonics_above=1,max_spread_db=11.23
2026-04-24T17:15:19.710931,CYCLO_SAMPLE,Cyclo classification sample,freq=2644031746.031746,ratios=[2.249, 0.748, 2.296, 1.294],threshold=2.3,score=0,harmonics_above=0,max_spread_db=9.74
2026-04-24T17:15:19.732717,CYCLO_SAMPLE,Cyclo classification sample,freq=2644031746.031746,ratios=[2.89, 0.139, 1.983, 1.092],threshold=2.3,score=2.8902080201678473,harmonics_above=1,max_spread_db=26.38
2026-04-24T17:15:19.732829,CYCLO_RESULT,Cyclo classification result,res=False,freq=2644031746.031746,votes=1,required=5
2026-04-24T17:15:19.743597,CYCLO_SAMPLE,Cyclo classification sample,freq=2656315018.315018,ratios=[1.38, 1.478, 2.276, 0.146],threshold=2.3,score=0,harmonics_above=0,max_spread_db=23.86
2026-04-24T17:15:19.746776,CYCLO_SAMPLE,Cyclo classification sample,freq=2656315018.315018,ratios=[2.254, 1.46, 3.09, 0.613],threshold=2.3,score=3.0902625713996286,harmonics_above=1,max_spread_db=14.05
2026-04-24T17:15:19.750426,CYCLO_SAMPLE,Cyclo classification sample,freq=2656315018.315018,ratios=[1.287, 2.069, 2.753, 1.62],threshold=2.3,score=2.753369803332838,harmonics_above=1,max_spread_db=4.61
2026-04-24T17:15:19.751158,CYCLO_SAMPLE,Cyclo classification sample,freq=2656315018.315018,ratios=[0.899, 0.998, 1.461, 1.392],threshold=2.3,score=0,harmonics_above=0,max_spread_db=3.31
2026-04-24T17:15:19.753982,CYCLO_SAMPLE,Cyclo classification sample,freq=2656315018.315018,ratios=[0.723, 1.079, 2.141, 1.816],threshold=2.3,score=0,harmonics_above=0,max_spread_db=5.95
2026-04-24T17:15:19.754855,CYCLO_SAMPLE,Cyclo classification sample,freq=2656315018.315018,ratios=[2.163, 1.34, 1.14, 1.962],threshold=2.3,score=0,harmonics_above=0,max_spread_db=4.72
2026-04-24T17:15:19.757756,CYCLO_SAMPLE,Cyclo classification sample,freq=2656315018.315018,ratios=[1.243, 1.009, 0.893, 1.865],threshold=2.3,score=0,harmonics_above=0,max_spread_db=6.4
2026-04-24T17:15:19.760774,CYCLO_SAMPLE,Cyclo classification sample,freq=2656315018.315018,ratios=[2.115, 0.376, 2.304, 0.894],threshold=2.3,score=2.303628949190628,harmonics_above=1,max_spread_db=15.74
2026-04-24T17:15:19.761566,CYCLO_SAMPLE,Cyclo classification sample,freq=2656315018.315018,ratios=[0.749, 0.69, 0.875, 0.493],threshold=2.3,score=0,harmonics_above=0,max_spread_db=4.98
2026-04-24T17:15:19.768201,CYCLO_SAMPLE,Cyclo classification sample,freq=2656315018.315018,ratios=[0.957, 0.354, 0.762, 2.553],threshold=2.3,score=2.552546154818304,harmonics_above=1,max_spread_db=10.5
2026-04-24T17:15:19.768293,CYCLO_RESULT,Cyclo classification result,res=False,freq=2656315018.315018,votes=0,required=5
2026-04-24T17:15:19.780844,CYCLO_SAMPLE,Cyclo classification sample,freq=2680134310.1343102,ratios=[2.254, 1.46, 3.09, 0.613],threshold=2.3,score=3.0902625713996286,harmonics_above=1,max_spread_db=14.05
2026-04-24T17:15:19.781597,CYCLO_SAMPLE,Cyclo classification sample,freq=2680134310.1343102,ratios=[0.001, 0.006, 0.026, 0.001],threshold=2.3,score=0,harmonics_above=0,max_spread_db=28.35
2026-04-24T17:15:19.784209,CYCLO_SAMPLE,Cyclo classification sample,freq=2680134310.1343102,ratios=[0.066, 0.051, 0.054, 0.05],threshold=2.3,score=0,harmonics_above=0,max_spread_db=2.18
2026-04-24T17:15:19.786846,CYCLO_SAMPLE,Cyclo classification sample,freq=2680134310.1343102,ratios=[0.061, 0.02, 0.068, 0.053],threshold=2.3,score=0,harmonics_above=0,max_spread_db=10.63
2026-04-24T17:15:19.787528,CYCLO_SAMPLE,Cyclo classification sample,freq=2680134310.1343102,ratios=[0.032, 0.046, 0.034, 0.037],threshold=2.3,score=0,harmonics_above=0,max_spread_db=3.22
2026-04-24T17:15:19.792676,CYCLO_SAMPLE,Cyclo classification sample,freq=2680134310.1343102,ratios=[0.025, 0.032, 0.038, 0.038],threshold=2.3,score=0,harmonics_above=0,max_spread_db=2.3
2026-04-24T17:15:19.793530,CYCLO_SAMPLE,Cyclo classification sample,freq=2680134310.1343102,ratios=[0.06, 0.073, 0.014, 0.079],threshold=2.3,score=0,harmonics_above=0,max_spread_db=14.69
2026-04-24T17:15:19.796501,CYCLO_SAMPLE,Cyclo classification sample,freq=2680134310.1343102,ratios=[0.011, 0.007, 0.03, 0.023],threshold=2.3,score=0,harmonics_above=0,max_spread_db=13.03
2026-04-24T17:15:19.799320,CYCLO_SAMPLE,Cyclo classification sample,freq=2680134310.1343102,ratios=[0.002, 0.014, 0.013, 0.016],threshold=2.3,score=0,harmonics_above=0,max_spread_db=15.4
2026-04-24T17:15:19.801972,CYCLO_SAMPLE,Cyclo classification sample,freq=2680134310.1343102,ratios=[0.008, 0.006, 0.011, 0.034],threshold=2.3,score=0,harmonics_above=0,max_spread_db=10.05
2026-04-24T17:15:19.802055,CYCLO_RESULT,Cyclo classification result,res=False,freq=2680134310.1343102,votes=0,required=5
2026-04-24T17:15:20.393930,CYCLO_SAMPLE,Cyclo classification sample,freq=3136412698.4126983,ratios=[1.009, 0.592, 0.685, 0.681],threshold=2.3,score=0,harmonics_above=0,max_spread_db=4.62
2026-04-24T17:15:20.396666,CYCLO_SAMPLE,Cyclo classification sample,freq=3136412698.4126983,ratios=[0.251, 1.015, 0.568, 0.762],threshold=2.3,score=0,harmonics_above=0,max_spread_db=12.13
2026-04-24T17:15:20.399243,CYCLO_SAMPLE,Cyclo classification sample,freq=3136412698.4126983,ratios=[1.183, 0.79, 0.594, 0.308],threshold=2.3,score=0,harmonics_above=0,max_spread_db=5.7
2026-04-24T17:15:20.400051,CYCLO_SAMPLE,Cyclo classification sample,freq=3136412698.4126983,ratios=[0.25, 1.259, 0.354, 0.712],threshold=2.3,score=0,harmonics_above=0,max_spread_db=14.05
2026-04-24T17:15:20.402863,CYCLO_SAMPLE,Cyclo classification sample,freq=3136412698.4126983,ratios=[1.029, 0.609, 1.252, 1.301],threshold=2.3,score=0,harmonics_above=0,max_spread_db=6.26
2026-04-24T17:15:20.405721,CYCLO_SAMPLE,Cyclo classification sample,freq=3136412698.4126983,ratios=[0.484, 1.203, 0.91, 0.136],threshold=2.3,score=0,harmonics_above=0,max_spread_db=16.48
2026-04-24T17:15:20.408651,CYCLO_SAMPLE,Cyclo classification sample,freq=3136412698.4126983,ratios=[1.276, 1.037, 1.301, 1.468],threshold=2.3,score=0,harmonics_above=0,max_spread_db=1.97
2026-04-24T17:15:20.413551,CYCLO_SAMPLE,Cyclo classification sample,freq=3136412698.4126983,ratios=[1.074, 0.463, 0.327, 1.09],threshold=2.3,score=0,harmonics_above=0,max_spread_db=10.46
2026-04-24T17:15:20.414380,CYCLO_SAMPLE,Cyclo classification sample,freq=3136412698.4126983,ratios=[0.163, 1.219, 0.343, 0.416],threshold=2.3,score=0,harmonics_above=0,max_spread_db=17.49
2026-04-24T17:15:20.416745,CYCLO_SAMPLE,Cyclo classification sample,freq=3136412698.4126983,ratios=[1.956, 1.027, 0.744, 1.239],threshold=2.3,score=0,harmonics_above=0,max_spread_db=5.59
2026-04-24T17:15:20.416807,CYCLO_RESULT,Cyclo classification result,res=False,freq=3136412698.4126983,votes=0,required=5
2026-04-24T17:15:20.848308,CYCLO_SAMPLE,Cyclo classification sample,freq=3465086691.086691,ratios=[1.047, 0.756, 1.088, 0.256],threshold=2.3,score=0,harmonics_above=0,max_spread_db=12.59
2026-04-24T17:15:20.851635,CYCLO_SAMPLE,Cyclo classification sample,freq=3465086691.086691,ratios=[0.484, 0.554, 1.229, 0.765],threshold=2.3,score=0,harmonics_above=0,max_spread_db=6.92
2026-04-24T17:15:20.852423,CYCLO_SAMPLE,Cyclo classification sample,freq=3465086691.086691,ratios=[1.148, 1.375, 1.721, 0.403],threshold=2.3,score=0,harmonics_above=0,max_spread_db=12.61
2026-04-24T17:15:20.855290,CYCLO_SAMPLE,Cyclo classification sample,freq=3465086691.086691,ratios=[0.532, 0.127, 0.359, 0.134],threshold=2.3,score=0,harmonics_above=0,max_spread_db=12.47
2026-04-24T17:15:20.856182,CYCLO_SAMPLE,Cyclo classification sample,freq=3465086691.086691,ratios=[0.79, 1.043, 0.944, 1.294],threshold=2.3,score=0,harmonics_above=0,max_spread_db=2.74
2026-04-24T17:15:20.862840,CYCLO_SAMPLE,Cyclo classification sample,freq=3465086691.086691,ratios=[0.333, 0.279, 0.455, 0.39],threshold=2.3,score=0,harmonics_above=0,max_spread_db=4.25
2026-04-24T17:15:20.863575,CYCLO_SAMPLE,Cyclo classification sample,freq=3465086691.086691,ratios=[0.926, 0.909, 0.375, 1.0],threshold=2.3,score=0,harmonics_above=0,max_spread_db=8.51
2026-04-24T17:15:20.866566,CYCLO_SAMPLE,Cyclo classification sample,freq=3465086691.086691,ratios=[1.2, 0.711, 0.515, 0.527],threshold=2.3,score=0,harmonics_above=0,max_spread_db=4.54
2026-04-24T17:15:20.867216,CYCLO_SAMPLE,Cyclo classification sample,freq=3465086691.086691,ratios=[0.456, 0.427, 0.363, 0.53],threshold=2.3,score=0,harmonics_above=0,max_spread_db=3.28
2026-04-24T17:15:20.869920,CYCLO_SAMPLE,Cyclo classification sample,freq=3465086691.086691,ratios=[1.292, 0.623, 0.243, 0.629],threshold=2.3,score=0,harmonics_above=0,max_spread_db=8.25
2026-04-24T17:15:20.870000,CYCLO_RESULT,Cyclo classification result,res=False,freq=3465086691.086691,votes=0,required=5
2026-04-24T17:15:20.927233,CYCLO_SAMPLE,Cyclo classification sample,freq=3494893772.893773,ratios=[1.289, 0.467, 1.14, 0.604],threshold=2.3,score=0,harmonics_above=0,max_spread_db=8.82
2026-04-24T17:15:20.935242,CYCLO_SAMPLE,Cyclo classification sample,freq=3494893772.893773,ratios=[0.363, 0.917, 0.26, 0.952],threshold=2.3,score=0,harmonics_above=0,max_spread_db=11.28
2026-04-24T17:15:20.940202,CYCLO_SAMPLE,Cyclo classification sample,freq=3494893772.893773,ratios=[0.43, 0.522, 0.845, 1.619],threshold=2.3,score=0,harmonics_above=0,max_spread_db=5.65
2026-04-24T17:15:20.944541,CYCLO_SAMPLE,Cyclo classification sample,freq=3494893772.893773,ratios=[0.499, 0.412, 0.523, 0.376],threshold=2.3,score=0,harmonics_above=0,max_spread_db=2.86
2026-04-24T17:15:20.945408,CYCLO_SAMPLE,Cyclo classification sample,freq=3494893772.893773,ratios=[0.357, 0.786, 0.391, 0.31],threshold=2.3,score=0,harmonics_above=0,max_spread_db=6.85
2026-04-24T17:15:20.949797,CYCLO_SAMPLE,Cyclo classification sample,freq=3494893772.893773,ratios=[0.436, 0.945, 0.514, 1.021],threshold=2.3,score=0,harmonics_above=0,max_spread_db=6.72
2026-04-24T17:15:20.953339,CYCLO_SAMPLE,Cyclo classification sample,freq=3494893772.893773,ratios=[0.646, 1.21, 0.201, 0.803],threshold=2.3,score=0,harmonics_above=0,max_spread_db=15.58
2026-04-24T17:15:20.954040,CYCLO_SAMPLE,Cyclo classification sample,freq=3494893772.893773,ratios=[0.21, 0.279, 0.454, 0.343],threshold=2.3,score=0,harmonics_above=0,max_spread_db=4.23
2026-04-24T17:15:20.957295,CYCLO_SAMPLE,Cyclo classification sample,freq=3494893772.893773,ratios=[0.816, 0.69, 0.959, 0.384],threshold=2.3,score=0,harmonics_above=0,max_spread_db=7.96
2026-04-24T17:15:20.958104,CYCLO_SAMPLE,Cyclo classification sample,freq=3494893772.893773,ratios=[0.729, 0.428, 0.152, 0.544],threshold=2.3,score=0,harmonics_above=0,max_spread_db=11.07
2026-04-24T17:15:20.958198,CYCLO_RESULT,Cyclo classification result,res=False,freq=3494893772.893773,votes=0,required=5
2026-04-24T17:15:20.968196,CYCLO_SAMPLE,Cyclo classification sample,freq=3515157509.1575093,ratios=[0.363, 0.917, 0.26, 0.952],threshold=2.3,score=0,harmonics_above=0,max_spread_db=11.28
2026-04-24T17:15:20.971358,CYCLO_SAMPLE,Cyclo classification sample,freq=3515157509.1575093,ratios=[0.62, 0.642, 0.315, 0.823],threshold=2.3,score=0,harmonics_above=0,max_spread_db=8.35
2026-04-24T17:15:20.974183,CYCLO_SAMPLE,Cyclo classification sample,freq=3515157509.1575093,ratios=[0.595, 1.011, 1.474, 0.409],threshold=2.3,score=0,harmonics_above=0,max_spread_db=11.13
2026-04-24T17:15:20.975042,CYCLO_SAMPLE,Cyclo classification sample,freq=3515157509.1575093,ratios=[0.695, 0.321, 0.191, 0.473],threshold=2.3,score=0,harmonics_above=0,max_spread_db=7.88
2026-04-24T17:15:20.977877,CYCLO_SAMPLE,Cyclo classification sample,freq=3515157509.1575093,ratios=[0.367, 0.131, 0.57, 0.448],threshold=2.3,score=0,harmonics_above=0,max_spread_db=12.78
2026-04-24T17:15:20.980831,CYCLO_SAMPLE,Cyclo classification sample,freq=3515157509.1575093,ratios=[0.274, 0.215, 0.381, 0.136],threshold=2.3,score=0,harmonics_above=0,max_spread_db=8.92
2026-04-24T17:15:20.983696,CYCLO_SAMPLE,Cyclo classification sample,freq=3515157509.1575093,ratios=[0.635, 0.474, 0.231, 0.283],threshold=2.3,score=0,harmonics_above=0,max_spread_db=6.24
2026-04-24T17:15:20.986399,CYCLO_SAMPLE,Cyclo classification sample,freq=3515157509.1575093,ratios=[0.575, 0.323, 0.254, 0.475],threshold=2.3,score=0,harmonics_above=0,max_spread_db=5.44
2026-04-24T17:15:20.989222,CYCLO_SAMPLE,Cyclo classification sample,freq=3515157509.1575093,ratios=[0.042, 0.014, 0.013, 0.027],threshold=2.3,score=0,harmonics_above=0,max_spread_db=9.58
2026-04-24T17:15:20.992439,CYCLO_SAMPLE,Cyclo classification sample,freq=3515157509.1575093,ratios=[0.681, 0.205, 0.58, 0.552],threshold=2.3,score=0,harmonics_above=0,max_spread_db=10.41
2026-04-24T17:15:20.992546,CYCLO_RESULT,Cyclo classification result,res=False,freq=3515157509.1575093,votes=0,required=5
2026-04-24T17:15:21.706608,CYCLO_SAMPLE,Cyclo classification sample,freq=4074361416.3614163,ratios=[1.078, 0.397, 0.678, 0.983],threshold=2.3,score=0,harmonics_above=0,max_spread_db=8.68
2026-04-24T17:15:21.707475,CYCLO_SAMPLE,Cyclo classification sample,freq=4074361416.3614163,ratios=[0.438, 2.091, 0.672, 1.734],threshold=2.3,score=0,harmonics_above=0,max_spread_db=13.58
2026-04-24T17:15:21.710624,CYCLO_SAMPLE,Cyclo classification sample,freq=4074361416.3614163,ratios=[2.161, 0.798, 1.404, 1.366],threshold=2.3,score=0,harmonics_above=0,max_spread_db=8.65
2026-04-24T17:15:21.713456,CYCLO_SAMPLE,Cyclo classification sample,freq=4074361416.3614163,ratios=[0.131, 0.245, 0.347, 0.775],threshold=2.3,score=0,harmonics_above=0,max_spread_db=6.99
2026-04-24T17:15:21.714194,CYCLO_SAMPLE,Cyclo classification sample,freq=4074361416.3614163,ratios=[1.239, 0.167, 0.884, 0.698],threshold=2.3,score=0,harmonics_above=0,max_spread_db=17.4
2026-04-24T17:15:21.717271,CYCLO_SAMPLE,Cyclo classification sample,freq=4074361416.3614163,ratios=[2.033, 1.113, 0.571, 0.608],threshold=2.3,score=0,harmonics_above=0,max_spread_db=5.8
2026-04-24T17:15:21.720410,CYCLO_SAMPLE,Cyclo classification sample,freq=4074361416.3614163,ratios=[0.513, 0.759, 0.169, 1.0],threshold=2.3,score=0,harmonics_above=0,max_spread_db=15.42
2026-04-24T17:15:21.726930,CYCLO_SAMPLE,Cyclo classification sample,freq=4074361416.3614163,ratios=[1.061, 0.843, 0.309, 1.221],threshold=2.3,score=0,harmonics_above=0,max_spread_db=11.94
2026-04-24T17:15:21.727855,CYCLO_SAMPLE,Cyclo classification sample,freq=4074361416.3614163,ratios=[1.223, 0.981, 0.995, 0.217],threshold=2.3,score=0,harmonics_above=0,max_spread_db=13.21
2026-04-24T17:15:21.731597,CYCLO_SAMPLE,Cyclo classification sample,freq=4074361416.3614163,ratios=[0.309, 0.615, 1.395, 0.762],threshold=2.3,score=0,harmonics_above=0,max_spread_db=7.12
2026-04-24T17:15:21.731678,CYCLO_RESULT,Cyclo classification result,res=False,freq=4074361416.3614163,votes=0,required=5
2026-04-24T17:15:21.742972,CYCLO_SAMPLE,Cyclo classification sample,freq=4106009768.009768,ratios=[0.438, 2.091, 0.672, 1.734],threshold=2.3,score=0,harmonics_above=0,max_spread_db=13.58
2026-04-24T17:15:21.746033,CYCLO_SAMPLE,Cyclo classification sample,freq=4106009768.009768,ratios=[0.896, 0.572, 0.695, 0.698],threshold=2.3,score=0,harmonics_above=0,max_spread_db=3.89
2026-04-24T17:15:21.748870,CYCLO_SAMPLE,Cyclo classification sample,freq=4106009768.009768,ratios=[0.386, 0.511, 0.32, 0.175],threshold=2.3,score=0,harmonics_above=0,max_spread_db=5.27
2026-04-24T17:15:21.749572,CYCLO_SAMPLE,Cyclo classification sample,freq=4106009768.009768,ratios=[0.837, 0.204, 0.678, 0.328],threshold=2.3,score=0,harmonics_above=0,max_spread_db=12.28
2026-04-24T17:15:21.752338,CYCLO_SAMPLE,Cyclo classification sample,freq=4106009768.009768,ratios=[1.335, 0.505, 0.402, 0.817],threshold=2.3,score=0,harmonics_above=0,max_spread_db=8.45
2026-04-24T17:15:21.753007,CYCLO_SAMPLE,Cyclo classification sample,freq=4106009768.009768,ratios=[0.929, 0.787, 0.142, 0.151],threshold=2.3,score=0,harmonics_above=0,max_spread_db=14.88
2026-04-24T17:15:21.756121,CYCLO_SAMPLE,Cyclo classification sample,freq=4106009768.009768,ratios=[0.638, 0.305, 0.806, 1.148],threshold=2.3,score=0,harmonics_above=0,max_spread_db=8.43
2026-04-24T17:15:21.759412,CYCLO_SAMPLE,Cyclo classification sample,freq=4106009768.009768,ratios=[0.141, 0.16, 0.091, 0.132],threshold=2.3,score=0,harmonics_above=0,max_spread_db=4.88
2026-04-24T17:15:21.763310,CYCLO_SAMPLE,Cyclo classification sample,freq=4106009768.009768,ratios=[0.332, 0.33, 0.35, 0.387],threshold=2.3,score=0,harmonics_above=0,max_spread_db=0.86
2026-04-24T17:15:21.767935,CYCLO_SAMPLE,Cyclo classification sample,freq=4106009768.009768,ratios=[0.606, 0.755, 0.4, 0.198],threshold=2.3,score=0,harmonics_above=0,max_spread_db=6.1
2026-04-24T17:15:21.768043,CYCLO_RESULT,Cyclo classification result,res=False,freq=4106009768.009768,votes=0,required=5
2026-04-24T17:15:21.779852,CYCLO_SAMPLE,Cyclo classification sample,freq=4123572649.5726495,ratios=[0.054, 0.122, 0.438, 0.413],threshold=2.3,score=0,harmonics_above=0,max_spread_db=11.09
2026-04-24T17:15:21.784876,CYCLO_SAMPLE,Cyclo classification sample,freq=4123572649.5726495,ratios=[0.477, 0.344, 0.066, 0.194],threshold=2.3,score=0,harmonics_above=0,max_spread_db=14.35
2026-04-24T17:15:21.787869,CYCLO_SAMPLE,Cyclo classification sample,freq=4123572649.5726495,ratios=[0.338, 0.229, 0.669, 0.435],threshold=2.3,score=0,harmonics_above=0,max_spread_db=9.29
2026-04-24T17:15:21.791191,CYCLO_SAMPLE,Cyclo classification sample,freq=4123572649.5726495,ratios=[0.49, 0.646, 0.69, 0.334],threshold=2.3,score=0,harmonics_above=0,max_spread_db=6.3
2026-04-24T17:15:21.794434,CYCLO_SAMPLE,Cyclo classification sample,freq=4123572649.5726495,ratios=[0.561, 1.062, 1.037, 0.282],threshold=2.3,score=0,harmonics_above=0,max_spread_db=11.31
2026-04-24T17:15:21.797534,CYCLO_SAMPLE,Cyclo classification sample,freq=4123572649.5726495,ratios=[0.168, 0.164, 0.631, 0.617],threshold=2.3,score=0,harmonics_above=0,max_spread_db=11.7
2026-04-24T17:15:21.798282,CYCLO_SAMPLE,Cyclo classification sample,freq=4123572649.5726495,ratios=[0.702, 0.555, 0.956, 0.431],threshold=2.3,score=0,harmonics_above=0,max_spread_db=6.93
2026-04-24T17:15:21.801982,CYCLO_SAMPLE,Cyclo classification sample,freq=4123572649.5726495,ratios=[1.302, 0.793, 0.879, 0.621],threshold=2.3,score=0,harmonics_above=0,max_spread_db=4.31
2026-04-24T17:15:21.809715,CYCLO_SAMPLE,Cyclo classification sample,freq=4123572649.5726495,ratios=[1.271, 0.094, 0.293, 1.325],threshold=2.3,score=0,harmonics_above=0,max_spread_db=22.58
2026-04-24T17:15:21.813656,CYCLO_SAMPLE,Cyclo classification sample,freq=4123572649.5726495,ratios=[0.561, 0.581, 0.515, 1.728],threshold=2.3,score=0,harmonics_above=0,max_spread_db=10.51
2026-04-24T17:15:21.815009,CYCLO_RESULT,Cyclo classification result,res=False,freq=4123572649.5726495,votes=0,required=5
2026-04-24T17:15:21.818405,CYCLO_SAMPLE,Cyclo classification sample,freq=4139050061.050061,ratios=[0.477, 0.344, 0.066, 0.194],threshold=2.3,score=0,harmonics_above=0,max_spread_db=14.35
2026-04-24T17:15:21.821308,CYCLO_SAMPLE,Cyclo classification sample,freq=4139050061.050061,ratios=[0.814, 0.616, 1.195, 0.2],threshold=2.3,score=0,harmonics_above=0,max_spread_db=15.5
2026-04-24T17:15:21.824381,CYCLO_SAMPLE,Cyclo classification sample,freq=4139050061.050061,ratios=[0.495, 0.883, 1.038, 0.614],threshold=2.3,score=0,harmonics_above=0,max_spread_db=5.03
2026-04-24T17:15:21.827640,CYCLO_SAMPLE,Cyclo classification sample,freq=4139050061.050061,ratios=[0.959, 0.574, 0.685, 0.667],threshold=2.3,score=0,harmonics_above=0,max_spread_db=4.45
2026-04-24T17:15:21.828505,CYCLO_SAMPLE,Cyclo classification sample,freq=4139050061.050061,ratios=[0.431, 0.211, 1.606, 0.039],threshold=2.3,score=0,harmonics_above=0,max_spread_db=32.2
2026-04-24T17:15:21.831594,CYCLO_SAMPLE,Cyclo classification sample,freq=4139050061.050061,ratios=[1.436, 1.396, 0.546, 0.872],threshold=2.3,score=0,harmonics_above=0,max_spread_db=8.15
2026-04-24T17:15:21.834432,CYCLO_SAMPLE,Cyclo classification sample,freq=4139050061.050061,ratios=[0.956, 0.256, 0.25, 0.62],threshold=2.3,score=0,harmonics_above=0,max_spread_db=11.45
2026-04-24T17:15:21.837387,CYCLO_SAMPLE,Cyclo classification sample,freq=4139050061.050061,ratios=[1.088, 1.148, 0.985, 1.775],threshold=2.3,score=0,harmonics_above=0,max_spread_db=5.11
2026-04-24T17:15:21.840522,CYCLO_SAMPLE,Cyclo classification sample,freq=4139050061.050061,ratios=[1.126, 0.217, 0.391, 0.162],threshold=2.3,score=0,harmonics_above=0,max_spread_db=14.31
2026-04-24T17:15:21.844043,CYCLO_SAMPLE,Cyclo classification sample,freq=4139050061.050061,ratios=[1.231, 0.518, 0.835, 0.953],threshold=2.3,score=0,harmonics_above=0,max_spread_db=7.51
2026-04-24T17:15:21.844175,CYCLO_RESULT,Cyclo classification result,res=False,freq=4139050061.050061,votes=0,required=5
2026-04-24T17:15:21.886403,CYCLO_SAMPLE,Cyclo classification sample,freq=4176500610.5006104,ratios=[1.058, 0.128, 0.962, 1.419],threshold=2.3,score=0,harmonics_above=0,max_spread_db=18.37
2026-04-24T17:15:21.890218,CYCLO_SAMPLE,Cyclo classification sample,freq=4176500610.5006104,ratios=[0.331, 0.368, 0.996, 0.858],threshold=2.3,score=0,harmonics_above=0,max_spread_db=8.66
2026-04-24T17:15:21.893431,CYCLO_SAMPLE,Cyclo classification sample,freq=4176500610.5006104,ratios=[0.379, 0.14, 0.526, 0.086],threshold=2.3,score=0,harmonics_above=0,max_spread_db=15.76
2026-04-24T17:15:21.896384,CYCLO_SAMPLE,Cyclo classification sample,freq=4176500610.5006104,ratios=[0.74, 1.416, 0.485, 0.948],threshold=2.3,score=0,harmonics_above=0,max_spread_db=9.31
2026-04-24T17:15:21.897416,CYCLO_SAMPLE,Cyclo classification sample,freq=4176500610.5006104,ratios=[0.377, 0.411, 0.569, 1.621],threshold=2.3,score=0,harmonics_above=0,max_spread_db=9.09
2026-04-24T17:15:21.900389,CYCLO_SAMPLE,Cyclo classification sample,freq=4176500610.5006104,ratios=[1.363, 0.59, 0.025, 0.618],threshold=2.3,score=0,harmonics_above=0,max_spread_db=27.82
2026-04-24T17:15:21.903937,CYCLO_SAMPLE,Cyclo classification sample,freq=4176500610.5006104,ratios=[1.458, 1.425, 0.862, 0.335],threshold=2.3,score=0,harmonics_above=0,max_spread_db=8.2
2026-04-24T17:15:21.908288,CYCLO_SAMPLE,Cyclo classification sample,freq=4176500610.5006104,ratios=[1.325, 0.881, 0.477, 0.583],threshold=2.3,score=0,harmonics_above=0,max_spread_db=5.32
2026-04-24T17:15:21.912607,CYCLO_SAMPLE,Cyclo classification sample,freq=4176500610.5006104,ratios=[0.469, 0.322, 0.334, 0.505],threshold=2.3,score=0,harmonics_above=0,max_spread_db=3.59
2026-04-24T17:15:21.913373,CYCLO_SAMPLE,Cyclo classification sample,freq=4176500610.5006104,ratios=[0.114, 0.079, 0.103, 0.136],threshold=2.3,score=0,harmonics_above=0,max_spread_db=3.22
2026-04-24T17:15:21.915760,CYCLO_RESULT,Cyclo classification result,res=False,freq=4176500610.5006104,votes=0,required=5
2026-04-24T17:15:23.053856,CYCLO_SAMPLE,Cyclo classification sample,freq=5037013431.013431,ratios=[1.192, 0.513, 0.897, 0.708],threshold=2.3,score=0,harmonics_above=0,max_spread_db=7.32
2026-04-24T17:15:23.058200,CYCLO_SAMPLE,Cyclo classification sample,freq=5037013431.013431,ratios=[1.347, 0.555, 0.618, 0.738],threshold=2.3,score=0,harmonics_above=0,max_spread_db=7.7
2026-04-24T17:15:23.062429,CYCLO_SAMPLE,Cyclo classification sample,freq=5037013431.013431,ratios=[0.977, 0.635, 1.37, 1.164],threshold=2.3,score=0,harmonics_above=0,max_spread_db=6.68
2026-04-24T17:15:23.067090,CYCLO_SAMPLE,Cyclo classification sample,freq=5037013431.013431,ratios=[0.577, 0.297, 0.69, 1.044],threshold=2.3,score=0,harmonics_above=0,max_spread_db=7.32
2026-04-24T17:15:23.075313,CYCLO_SAMPLE,Cyclo classification sample,freq=5037013431.013431,ratios=[0.549, 0.904, 1.006, 1.533],threshold=2.3,score=0,harmonics_above=0,max_spread_db=4.34
2026-04-24T17:15:23.076383,CYCLO_SAMPLE,Cyclo classification sample,freq=5037013431.013431,ratios=[1.317, 1.379, 0.52, 0.96],threshold=2.3,score=0,harmonics_above=0,max_spread_db=8.48
2026-04-24T17:15:23.086990,CYCLO_SAMPLE,Cyclo classification sample,freq=5037013431.013431,ratios=[0.676, 0.74, 0.546, 0.865],threshold=2.3,score=0,harmonics_above=0,max_spread_db=3.99
2026-04-24T17:15:23.129212,CYCLO_SAMPLE,Cyclo classification sample,freq=5037013431.013431,ratios=[1.028, 0.866, 1.022, 1.059],threshold=2.3,score=0,harmonics_above=0,max_spread_db=1.49
2026-04-24T17:15:23.150790,CYCLO_SAMPLE,Cyclo classification sample,freq=5037013431.013431,ratios=[0.517, 0.849, 0.566, 1.306],threshold=2.3,score=0,harmonics_above=0,max_spread_db=7.26
2026-04-24T17:15:23.188134,CYCLO_SAMPLE,Cyclo classification sample,freq=5037013431.013431,ratios=[0.735, 0.299, 1.203, 0.963],threshold=2.3,score=0,harmonics_above=0,max_spread_db=12.09
2026-04-24T17:15:23.198729,CYCLO_RESULT,Cyclo classification result,res=False,freq=5037013431.013431,votes=0,required=5
2026-04-24T17:15:23.266568,CYCLO_SAMPLE,Cyclo classification sample,freq=5054808302.808303,ratios=[1.347, 0.555, 0.618, 0.738],threshold=2.3,score=0,harmonics_above=0,max_spread_db=7.7
2026-04-24T17:15:23.267018,CYCLO_SAMPLE,Cyclo classification sample,freq=5054808302.808303,ratios=[1.42, 0.079, 1.362, 1.225],threshold=2.3,score=0,harmonics_above=0,max_spread_db=25.1
2026-04-24T17:15:23.267442,CYCLO_SAMPLE,Cyclo classification sample,freq=5054808302.808303,ratios=[0.91, 1.014, 0.871, 1.344],threshold=2.3,score=0,harmonics_above=0,max_spread_db=3.77
2026-04-24T17:15:23.267879,CYCLO_SAMPLE,Cyclo classification sample,freq=5054808302.808303,ratios=[0.873, 0.273, 0.841, 0.377],threshold=2.3,score=0,harmonics_above=0,max_spread_db=10.11
2026-04-24T17:15:23.268312,CYCLO_SAMPLE,Cyclo classification sample,freq=5054808302.808303,ratios=[1.232, 1.628, 1.276, 0.446],threshold=2.3,score=0,harmonics_above=0,max_spread_db=9.14
2026-04-24T17:15:23.268750,CYCLO_SAMPLE,Cyclo classification sample,freq=5054808302.808303,ratios=[1.169, 0.613, 0.626, 0.735],threshold=2.3,score=0,harmonics_above=0,max_spread_db=5.61
2026-04-24T17:15:23.269151,CYCLO_SAMPLE,Cyclo classification sample,freq=5054808302.808303,ratios=[0.989, 0.553, 1.486, 1.495],threshold=2.3,score=0,harmonics_above=0,max_spread_db=8.59
2026-04-24T17:15:23.269566,CYCLO_SAMPLE,Cyclo classification sample,freq=5054808302.808303,ratios=[1.109, 0.65, 0.619, 0.681],threshold=2.3,score=0,harmonics_above=0,max_spread_db=4.63
2026-04-24T17:15:23.269971,CYCLO_SAMPLE,Cyclo classification sample,freq=5054808302.808303,ratios=[0.774, 1.107, 0.496, 1.24],threshold=2.3,score=0,harmonics_above=0,max_spread_db=7.96
2026-04-24T17:15:23.270362,CYCLO_SAMPLE,Cyclo classification sample,freq=5054808302.808303,ratios=[1.228, 0.73, 1.449, 1.064],threshold=2.3,score=0,harmonics_above=0,max_spread_db=5.96
2026-04-24T17:15:23.270404,CYCLO_RESULT,Cyclo classification result,res=False,freq=5054808302.808303,votes=0,required=5
2026-04-24T17:15:23.319013,CYCLO_SAMPLE,Cyclo classification sample,freq=5074092796.092796,ratios=[1.109, 0.65, 0.619, 0.681],threshold=2.3,score=0,harmonics_above=0,max_spread_db=4.63
2026-04-24T17:15:23.321924,CYCLO_SAMPLE,Cyclo classification sample,freq=5074092796.092796,ratios=[0.785, 0.638, 0.529, 0.28],threshold=2.3,score=0,harmonics_above=0,max_spread_db=5.51
2026-04-24T17:15:23.324516,CYCLO_SAMPLE,Cyclo classification sample,freq=5074092796.092796,ratios=[0.324, 0.293, 0.203, 0.382],threshold=2.3,score=0,harmonics_above=0,max_spread_db=5.47
2026-04-24T17:15:23.327339,CYCLO_SAMPLE,Cyclo classification sample,freq=5074092796.092796,ratios=[0.264, 0.98, 0.75, 0.456],threshold=2.3,score=0,harmonics_above=0,max_spread_db=11.41
2026-04-24T17:15:23.329846,CYCLO_SAMPLE,Cyclo classification sample,freq=5074092796.092796,ratios=[0.09, 0.041, 0.121, 0.096],threshold=2.3,score=0,harmonics_above=0,max_spread_db=9.33
2026-04-24T17:15:23.332770,CYCLO_SAMPLE,Cyclo classification sample,freq=5074092796.092796,ratios=[0.487, 0.897, 0.311, 0.686],threshold=2.3,score=0,harmonics_above=0,max_spread_db=9.21
2026-04-24T17:15:23.333406,CYCLO_SAMPLE,Cyclo classification sample,freq=5074092796.092796,ratios=[0.549, 0.368, 0.594, 0.398],threshold=2.3,score=0,harmonics_above=0,max_spread_db=4.17
2026-04-24T17:15:23.336271,CYCLO_SAMPLE,Cyclo classification sample,freq=5074092796.092796,ratios=[0.288, 0.229, 0.412, 0.419],threshold=2.3,score=0,harmonics_above=0,max_spread_db=5.09
2026-04-24T17:15:23.338761,CYCLO_SAMPLE,Cyclo classification sample,freq=5074092796.092796,ratios=[0.429, 0.165, 0.401, 0.16],threshold=2.3,score=0,harmonics_above=0,max_spread_db=8.29
2026-04-24T17:15:23.341444,CYCLO_SAMPLE,Cyclo classification sample,freq=5074092796.092796,ratios=[0.521, 0.864, 0.504, 0.835],threshold=2.3,score=0,harmonics_above=0,max_spread_db=4.69
2026-04-24T17:15:23.341581,CYCLO_RESULT,Cyclo classification result,res=False,freq=5074092796.092796,votes=0,required=5
2026-04-24T17:15:23.404643,CYCLO_SAMPLE,Cyclo classification sample,freq=5133960927.960928,ratios=[1.083, 0.872, 0.778, 0.496],threshold=2.3,score=0,harmonics_above=0,max_spread_db=3.91
2026-04-24T17:15:23.407367,CYCLO_SAMPLE,Cyclo classification sample,freq=5133960927.960928,ratios=[0.342, 1.591, 0.38, 1.108],threshold=2.3,score=0,harmonics_above=0,max_spread_db=13.35
2026-04-24T17:15:23.408137,CYCLO_SAMPLE,Cyclo classification sample,freq=5133960927.960928,ratios=[0.395, 1.659, 0.684, 0.907],threshold=2.3,score=0,harmonics_above=0,max_spread_db=12.47
2026-04-24T17:15:23.410658,CYCLO_SAMPLE,Cyclo classification sample,freq=5133960927.960928,ratios=[1.062, 0.53, 1.093, 0.847],threshold=2.3,score=0,harmonics_above=0,max_spread_db=6.29
2026-04-24T17:15:23.413240,CYCLO_SAMPLE,Cyclo classification sample,freq=5133960927.960928,ratios=[0.463, 0.163, 1.055, 1.761],threshold=2.3,score=0,harmonics_above=0,max_spread_db=16.23
2026-04-24T17:15:23.414002,CYCLO_SAMPLE,Cyclo classification sample,freq=5133960927.960928,ratios=[1.167, 0.364, 0.616, 0.901],threshold=2.3,score=0,harmonics_above=0,max_spread_db=10.11
2026-04-24T17:15:23.416460,CYCLO_SAMPLE,Cyclo classification sample,freq=5133960927.960928,ratios=[1.286, 1.229, 1.136, 1.409],threshold=2.3,score=0,harmonics_above=0,max_spread_db=1.87
2026-04-24T17:15:23.419087,CYCLO_SAMPLE,Cyclo classification sample,freq=5133960927.960928,ratios=[1.075, 0.23, 1.183, 1.33],threshold=2.3,score=0,harmonics_above=0,max_spread_db=14.23
2026-04-24T17:15:23.421710,CYCLO_SAMPLE,Cyclo classification sample,freq=5133960927.960928,ratios=[2.348, 1.066, 0.387, 0.62],threshold=2.3,score=2.3477940979507825,harmonics_above=1,max_spread_db=8.79
2026-04-24T17:15:23.424784,CYCLO_SAMPLE,Cyclo classification sample,freq=5133960927.960928,ratios=[0.286, 0.361, 0.02, 1.15],threshold=2.3,score=0,harmonics_above=0,max_spread_db=35.23
2026-04-24T17:15:23.424974,CYCLO_RESULT,Cyclo classification result,res=False,freq=5133960927.960928,votes=0,required=5
2026-04-24T17:15:24.534133,CYCLO_SAMPLE,Cyclo classification sample,freq=5839951159.95116,ratios=[0.027, 0.021, 0.045, 0.008],threshold=2.3,score=0,harmonics_above=0,max_spread_db=15.11
2026-04-24T17:15:24.559101,CYCLO_SAMPLE,Cyclo classification sample,freq=5839951159.95116,ratios=[37.925, 34.053, 36.745, 10.532],threshold=2.3,score=119.25478113537224,harmonics_above=4,max_spread_db=10.85
2026-04-24T17:15:24.565074,CYCLO_SAMPLE,Cyclo classification sample,freq=5839951159.95116,ratios=[51.179, 42.898, 38.077, 32.068],threshold=2.3,score=164.22221608969068,harmonics_above=4,max_spread_db=1.53
2026-04-24T17:15:24.582163,CYCLO_SAMPLE,Cyclo classification sample,freq=5839951159.95116,ratios=[49.11, 41.02, 36.618, 30.548],threshold=2.3,score=157.29678928587805,harmonics_above=4,max_spread_db=1.57
2026-04-24T17:15:24.605484,CYCLO_SAMPLE,Cyclo classification sample,freq=5839951159.95116,ratios=[52.814, 44.429, 39.52, 33.232],threshold=2.3,score=169.99537581320638,harmonics_above=4,max_spread_db=1.51
2026-04-24T17:15:24.606431,CYCLO_SAMPLE,Cyclo classification sample,freq=5839951159.95116,ratios=[50.04, 41.568, 37.239, 31.456],threshold=2.3,score=160.3028579130415,harmonics_above=4,max_spread_db=1.61
2026-04-24T17:15:24.625733,CYCLO_SAMPLE,Cyclo classification sample,freq=5839951159.95116,ratios=[44.967, 32.106, 45.898, 8.193],threshold=2.3,score=131.16312421858834,harmonics_above=4,max_spread_db=14.97
2026-04-24T17:15:24.641857,CYCLO_SAMPLE,Cyclo classification sample,freq=5839951159.95116,ratios=[50.102, 41.022, 37.181, 31.679],threshold=2.3,score=159.98410976563537,harmonics_above=4,max_spread_db=1.74
2026-04-24T17:15:24.657249,CYCLO_SAMPLE,Cyclo classification sample,freq=5839951159.95116,ratios=[52.271, 42.648, 38.929, 32.946],threshold=2.3,score=166.79364145957567,harmonics_above=4,max_spread_db=1.77
2026-04-24T17:15:24.667973,CYCLO_SAMPLE,Cyclo classification sample,freq=5839951159.95116,ratios=[50.22, 41.359, 37.442, 31.505],threshold=2.3,score=160.52571064083355,harmonics_above=4,max_spread_db=1.69
2026-04-24T17:15:24.668157,CYCLO_RESULT,Cyclo classification result,res=True,freq=5839951159.95116,votes=7,required=5
2026-04-24T17:15:24.686727,CYCLO_SAMPLE,Cyclo classification sample,freq=5860632478.632479,ratios=[44.967, 32.106, 45.898, 8.193],threshold=2.3,score=131.16312421858834,harmonics_above=4,max_spread_db=14.97
2026-04-24T17:15:24.689656,CYCLO_SAMPLE,Cyclo classification sample,freq=5860632478.632479,ratios=[0.13, 0.089, 0.112, 0.186],threshold=2.3,score=0,harmonics_above=0,max_spread_db=4.36
2026-04-24T17:15:24.692545,CYCLO_SAMPLE,Cyclo classification sample,freq=5860632478.632479,ratios=[0.158, 0.276, 0.467, 0.553],threshold=2.3,score=0,harmonics_above=0,max_spread_db=4.84
2026-04-24T17:15:24.693346,CYCLO_SAMPLE,Cyclo classification sample,freq=5860632478.632479,ratios=[0.009, 0.005, 0.021, 0.017],threshold=2.3,score=0,harmonics_above=0,max_spread_db=12.08
2026-04-24T17:15:24.695964,CYCLO_SAMPLE,Cyclo classification sample,freq=5860632478.632479,ratios=[0.014, 0.022, 0.023, 0.01],threshold=2.3,score=0,harmonics_above=0,max_spread_db=7.82
2026-04-24T17:15:24.696695,CYCLO_SAMPLE,Cyclo classification sample,freq=5860632478.632479,ratios=[0.052, 0.101, 0.106, 0.062],threshold=2.3,score=0,harmonics_above=0,max_spread_db=5.82
2026-04-24T17:15:24.699222,CYCLO_SAMPLE,Cyclo classification sample,freq=5860632478.632479,ratios=[0.349, 0.349, 0.285, 0.323],threshold=2.3,score=0,harmonics_above=0,max_spread_db=1.75
2026-04-24T17:15:24.701972,CYCLO_SAMPLE,Cyclo classification sample,freq=5860632478.632479,ratios=[0.091, 0.087, 0.069, 0.056],threshold=2.3,score=0,harmonics_above=0,max_spread_db=1.97
2026-04-24T17:15:24.702996,CYCLO_SAMPLE,Cyclo classification sample,freq=5860632478.632479,ratios=[0.122, 0.116, 0.123, 0.177],threshold=2.3,score=0,harmonics_above=0,max_spread_db=3.15
2026-04-24T17:15:24.705915,CYCLO_SAMPLE,Cyclo classification sample,freq=5860632478.632479,ratios=[0.41, 0.392, 0.352, 0.436],threshold=2.3,score=0,harmonics_above=0,max_spread_db=1.87
2026-04-24T17:15:24.706011,CYCLO_RESULT,Cyclo classification result,res=False,freq=5860632478.632479,votes=0,required=5
