2026-04-24T17:52:45.020080,SDR_READ_ERROR,readStream failed,code=0
2026-04-24T17:52:45.079702,ZERO_BUFFER,All samples are zero
2026-04-24T17:52:45.107356,ZERO_BUFFER,All samples are zero
2026-04-24T17:52:45.110946,PLATEAU_CONFIRMED,Wideband signal detected,freq=145833943.83394384,bw=4.9609375,hits=5
2026-04-24T17:52:45.146583,HARMONIC_RESULT,Harmonic classification result,freq=145833943.83394384,confirmed=False,confirmed_harmonics=0,required=3,hit_counts={1: 1, 2: 0, 3: 0, 4: 0},total_buffers=10
2026-04-24T17:52:45.146663,VIDEO_REJECTED,harmonic rejected video,freq=145833943.83394384,score=0
2026-04-24T17:52:45.175495,PLATEAU_REJECTED,Not enough hits,hits=1,required=3,freq=160000000
2026-04-24T17:52:45.211010,PLATEAU_CONFIRMED,Wideband signal detected,freq=176451770.45177045,bw=9.66796875,hits=8
2026-04-24T17:52:45.399304,PLATEAU_CONFIRMED,Wideband signal detected,freq=205492063.4920635,bw=6.69921875,hits=7
2026-04-24T17:52:45.410586,HARMONIC_RESULT,Harmonic classification result,freq=176451770.45177045,confirmed=False,confirmed_harmonics=0,required=3,hit_counts={1: 0, 2: 0, 3: 0, 4: 0},total_buffers=10
2026-04-24T17:52:45.410640,VIDEO_REJECTED,harmonic rejected video,freq=176451770.45177045,score=0
2026-04-24T17:52:45.445434,PLATEAU_CONFIRMED,Wideband signal detected,freq=225482295.48229548,bw=6.7724609375,hits=10
2026-04-24T17:52:45.452044,HARMONIC_RESULT,Harmonic classification result,freq=205492063.4920635,confirmed=False,confirmed_harmonics=0,required=3,hit_counts={1: 0, 2: 1, 3: 0, 4: 0},total_buffers=10
2026-04-24T17:52:45.452119,VIDEO_REJECTED,harmonic rejected video,freq=205492063.4920635,score=0
2026-04-24T17:52:45.515395,PLATEAU_CONFIRMED,Wideband signal detected,freq=246092796.0927961,bw=7.1826171875,hits=7
2026-04-24T17:52:45.527546,HARMONIC_RESULT,Harmonic classification result,freq=225482295.48229548,confirmed=False,confirmed_harmonics=0,required=3,hit_counts={1: 2, 2: 1, 3: 0, 4: 0},total_buffers=10
2026-04-24T17:52:45.527648,VIDEO_REJECTED,harmonic rejected video,freq=225482295.48229548,score=0
2026-04-24T17:52:45.555911,PLATEAU_CONFIRMED,Wideband signal detected,freq=265023199.02319902,bw=5.15625,hits=9
2026-04-24T17:52:45.565832,HARMONIC_RESULT,Harmonic classification result,freq=246092796.0927961,confirmed=False,confirmed_harmonics=0,required=3,hit_counts={1: 0, 2: 1, 3: 0, 4: 0},total_buffers=10
2026-04-24T17:52:45.565898,VIDEO_REJECTED,harmonic rejected video,freq=246092796.0927961,score=0
2026-04-24T17:52:45.600054,HARMONIC_RESULT,Harmonic classification result,freq=265023199.02319902,confirmed=False,confirmed_harmonics=0,required=3,hit_counts={1: 1, 2: 1, 3: 0, 4: 0},total_buffers=10
2026-04-24T17:52:45.600102,VIDEO_REJECTED,harmonic rejected video,freq=265023199.02319902,score=0
2026-04-24T17:52:45.622081,PLATEAU_CONFIRMED,Wideband signal detected,freq=293638583.63858366,bw=4.16015625,hits=6
2026-04-24T17:52:45.658118,PLATEAU_CONFIRMED,Wideband signal detected,freq=313863247.8632479,bw=5.6103515625,hits=6
2026-04-24T17:52:45.658405,HARMONIC_RESULT,Harmonic classification result,freq=293638583.63858366,confirmed=False,confirmed_harmonics=0,required=3,hit_counts={1: 1, 2: 1, 3: 0, 4: 0},total_buffers=10
2026-04-24T17:52:45.658471,VIDEO_REJECTED,harmonic rejected video,freq=293638583.63858366,score=0
2026-04-24T17:52:45.694948,HARMONIC_RESULT,Harmonic classification result,freq=313863247.8632479,confirmed=False,confirmed_harmonics=0,required=3,hit_counts={1: 0, 2: 1, 3: 0, 4: 0},total_buffers=10
2026-04-24T17:52:45.695025,VIDEO_REJECTED,harmonic rejected video,freq=313863247.8632479,score=0
2026-04-24T17:52:45.779103,PLATEAU_CONFIRMED,Wideband signal detected,freq=393650793.6507937,bw=4.9609375,hits=6
2026-04-24T17:52:45.832485,PLATEAU_CONFIRMED,Wideband signal detected,freq=422170940.17094016,bw=4.6142578125,hits=5
2026-04-24T17:52:45.832781,HARMONIC_RESULT,Harmonic classification result,freq=393650793.6507937,confirmed=False,confirmed_harmonics=0,required=3,hit_counts={1: 3, 2: 0, 3: 0, 4: 0},total_buffers=10
2026-04-24T17:52:45.832835,VIDEO_REJECTED,harmonic rejected video,freq=393650793.6507937,score=0
2026-04-24T17:52:45.865911,HARMONIC_RESULT,Harmonic classification result,freq=422170940.17094016,confirmed=False,confirmed_harmonics=0,required=3,hit_counts={1: 0, 2: 0, 3: 0, 4: 0},total_buffers=10
2026-04-24T17:52:45.866013,VIDEO_REJECTED,harmonic rejected video,freq=422170940.17094016,score=0
2026-04-24T17:52:46.564788,PLATEAU_CONFIRMED,Wideband signal detected,freq=482004884.004884,bw=7.8955078125,hits=9
2026-04-24T17:52:47.097290,HARMONIC_RESULT,Harmonic classification result,freq=482004884.004884,confirmed=False,confirmed_harmonics=0,required=3,hit_counts={1: 1, 2: 1, 3: 0, 4: 0},total_buffers=10
2026-04-24T17:52:47.099265,VIDEO_REJECTED,harmonic rejected video,freq=482004884.004884,score=0
2026-04-24T17:52:47.213987,PLATEAU_CONFIRMED,Wideband signal detected,freq=502004884.004884,bw=7.87109375,hits=10
2026-04-24T17:52:47.221810,HARMONIC_RESULT,Harmonic classification result,freq=502004884.004884,confirmed=False,confirmed_harmonics=0,required=3,hit_counts={1: 0, 2: 0, 3: 0, 4: 0},total_buffers=10
2026-04-24T17:52:47.221845,VIDEO_REJECTED,harmonic rejected video,freq=502004884.004884,score=0
2026-04-24T17:52:47.444915,PLATEAU_CONFIRMED,Wideband signal detected,freq=528031746.03174603,bw=3.935546875,hits=9
2026-04-24T17:52:47.761853,PLATEAU_CONFIRMED,Wideband signal detected,freq=548051282.051282,bw=3.90625,hits=10
2026-04-24T17:52:47.762570,HARMONIC_RESULT,Harmonic classification result,freq=528031746.03174603,confirmed=False,confirmed_harmonics=0,required=3,hit_counts={1: 0, 2: 0, 3: 0, 4: 0},total_buffers=10
2026-04-24T17:52:47.762638,VIDEO_REJECTED,harmonic rejected video,freq=528031746.03174603,score=0
2026-04-24T17:52:48.001671,PLATEAU_CONFIRMED,Wideband signal detected,freq=568053724.053724,bw=3.896484375,hits=10
2026-04-24T17:52:48.017840,HARMONIC_RESULT,Harmonic classification result,freq=548051282.051282,confirmed=False,confirmed_harmonics=0,required=3,hit_counts={1: 0, 2: 1, 3: 0, 4: 0},total_buffers=10
2026-04-24T17:52:48.018010,VIDEO_REJECTED,harmonic rejected video,freq=548051282.051282,score=0
2026-04-24T17:52:48.258060,PLATEAU_CONFIRMED,Wideband signal detected,freq=571948717.948718,bw=4.1162109375,hits=10
2026-04-24T17:52:48.285992,HARMONIC_RESULT,Harmonic classification result,freq=568053724.053724,confirmed=False,confirmed_harmonics=0,required=3,hit_counts={1: 0, 2: 0, 3: 0, 4: 0},total_buffers=10
2026-04-24T17:52:48.286069,VIDEO_REJECTED,harmonic rejected video,freq=568053724.053724,score=0
2026-04-24T17:52:48.421975,PLATEAU_CONFIRMED,Wideband signal detected,freq=608056166.056166,bw=4.6826171875,hits=9
2026-04-24T17:52:48.435064,HARMONIC_RESULT,Harmonic classification result,freq=571948717.948718,confirmed=False,confirmed_harmonics=0,required=3,hit_counts={1: 0, 2: 0, 3: 1, 4: 1},total_buffers=10
2026-04-24T17:52:48.435146,VIDEO_REJECTED,harmonic rejected video,freq=571948717.948718,score=0
2026-04-24T17:52:48.944261,PLATEAU_CONFIRMED,Wideband signal detected,freq=625931623.9316239,bw=9.9267578125,hits=8
2026-04-24T17:52:48.945805,HARMONIC_RESULT,Harmonic classification result,freq=608056166.056166,confirmed=False,confirmed_harmonics=0,required=3,hit_counts={1: 1, 2: 1, 3: 0, 4: 0},total_buffers=10
2026-04-24T17:52:48.945970,VIDEO_REJECTED,harmonic rejected video,freq=608056166.056166,score=0
2026-04-24T17:52:49.240256,PLATEAU_CONFIRMED,Wideband signal detected,freq=646009768.009768,bw=7.79296875,hits=10
2026-04-24T17:52:49.240494,HARMONIC_RESULT,Harmonic classification result,freq=625931623.9316239,confirmed=False,confirmed_harmonics=0,required=3,hit_counts={1: 0, 2: 0, 3: 0, 4: 0},total_buffers=10
2026-04-24T17:52:49.240565,VIDEO_REJECTED,harmonic rejected video,freq=625931623.9316239,score=0
2026-04-24T17:52:49.249994,HARMONIC_RESULT,Harmonic classification result,freq=646009768.009768,confirmed=False,confirmed_harmonics=0,required=3,hit_counts={1: 0, 2: 0, 3: 0, 4: 0},total_buffers=10
2026-04-24T17:52:49.250040,VIDEO_REJECTED,harmonic rejected video,freq=646009768.009768,score=0
2026-04-24T17:52:49.293290,PLATEAU_CONFIRMED,Wideband signal detected,freq=665926739.9267399,bw=7.626953125,hits=7
2026-04-24T17:52:49.325992,PLATEAU_CONFIRMED,Wideband signal detected,freq=685404151.4041514,bw=5.6103515625,hits=4
2026-04-24T17:52:49.326779,HARMONIC_RESULT,Harmonic classification result,freq=665926739.9267399,confirmed=False,confirmed_harmonics=0,required=3,hit_counts={1: 0, 2: 0, 3: 0, 4: 0},total_buffers=10
2026-04-24T17:52:49.326831,VIDEO_REJECTED,harmonic rejected video,freq=665926739.9267399,score=0
2026-04-24T17:52:49.361582,HARMONIC_RESULT,Harmonic classification result,freq=685404151.4041514,confirmed=False,confirmed_harmonics=0,required=3,hit_counts={1: 1, 2: 0, 3: 0, 4: 0},total_buffers=10
2026-04-24T17:52:49.361636,VIDEO_REJECTED,harmonic rejected video,freq=685404151.4041514,score=0
2026-04-24T17:52:49.410020,PLATEAU_CONFIRMED,Wideband signal detected,freq=738849816.8498168,bw=3.41796875,hits=3
2026-04-24T17:52:49.441929,PLATEAU_CONFIRMED,Wideband signal detected,freq=761294261.2942613,bw=3.232421875,hits=4
2026-04-24T17:52:49.442355,HARMONIC_RESULT,Harmonic classification result,freq=738849816.8498168,confirmed=False,confirmed_harmonics=0,required=3,hit_counts={1: 0, 2: 0, 3: 1, 4: 0},total_buffers=10
2026-04-24T17:52:49.442428,VIDEO_REJECTED,harmonic rejected video,freq=738849816.8498168,score=0
2026-04-24T17:52:49.472840,HARMONIC_RESULT,Harmonic classification result,freq=761294261.2942613,confirmed=False,confirmed_harmonics=0,required=3,hit_counts={1: 1, 2: 0, 3: 0, 4: 0},total_buffers=10
2026-04-24T17:52:49.472920,VIDEO_REJECTED,harmonic rejected video,freq=761294261.2942613,score=0
2026-04-24T17:52:49.546857,PLATEAU_REJECTED,Not enough hits,hits=1,required=3,freq=840000000
2026-04-24T17:52:49.690428,PLATEAU_REJECTED,Not enough hits,hits=2,required=3,freq=940000000
2026-04-24T17:52:49.735049,PLATEAU_CONFIRMED,Wideband signal detected,freq=953743589.7435898,bw=9.8193359375,hits=10
2026-04-24T17:52:49.774626,PLATEAU_CONFIRMED,Wideband signal detected,freq=972100122.1001221,bw=6.552734375,hits=9
2026-04-24T17:52:49.774896,HARMONIC_RESULT,Harmonic classification result,freq=953743589.7435898,confirmed=False,confirmed_harmonics=0,required=3,hit_counts={1: 1, 2: 0, 3: 0, 4: 0},total_buffers=10
2026-04-24T17:52:49.775029,VIDEO_REJECTED,harmonic rejected video,freq=953743589.7435898,score=0
2026-04-24T17:52:49.804162,HARMONIC_RESULT,Harmonic classification result,freq=972100122.1001221,confirmed=False,confirmed_harmonics=0,required=3,hit_counts={1: 0, 2: 0, 3: 0, 4: 0},total_buffers=10
2026-04-24T17:52:49.804213,VIDEO_REJECTED,harmonic rejected video,freq=972100122.1001221,score=0
2026-04-24T17:52:50.035117,PLATEAU_CONFIRMED,Wideband signal detected,freq=1181677655.6776557,bw=3.61328125,hits=3
2026-04-24T17:52:50.064087,HARMONIC_RESULT,Harmonic classification result,freq=1181677655.6776557,confirmed=False,confirmed_harmonics=0,required=3,hit_counts={1: 0, 2: 1, 3: 0, 4: 0},total_buffers=10
2026-04-24T17:52:50.064170,VIDEO_REJECTED,harmonic rejected video,freq=1181677655.6776557,score=0
2026-04-24T17:52:50.114517,PLATEAU_CONFIRMED,Wideband signal detected,freq=1213208791.2087913,bw=6.5966796875,hits=6
2026-04-24T17:52:50.411979,PLATEAU_CONFIRMED,Wideband signal detected,freq=1239726495.7264957,bw=9.2529296875,hits=8
2026-04-24T17:52:50.424642,HARMONIC_RESULT,Harmonic classification result,freq=1213208791.2087913,confirmed=False,confirmed_harmonics=1,required=3,hit_counts={1: 5, 2: 3, 3: 1, 4: 1},total_buffers=10
2026-04-24T17:52:50.424691,VIDEO_REJECTED,harmonic rejected video,freq=1213208791.2087913,score=1
2026-04-24T17:52:50.429823,HARMONIC_RESULT,Harmonic classification result,freq=1239726495.7264957,confirmed=True,confirmed_harmonics=4,required=3,hit_counts={1: 6, 2: 6, 3: 6, 4: 6},total_buffers=10
2026-04-24T17:52:50.429937,VIDEO_CONFIRMED,harmonic confirmed video,freq=1239726495.7264957,score=4
2026-04-24T17:52:50.503938,PLATEAU_CONFIRMED,Wideband signal detected,freq=1258610500.6105006,bw=9.7216796875,hits=9
2026-04-24T17:52:50.544657,HARMONIC_RESULT,Harmonic classification result,freq=1258610500.6105006,confirmed=False,confirmed_harmonics=1,required=3,hit_counts={1: 4, 2: 3, 3: 3, 4: 2},total_buffers=10
2026-04-24T17:52:50.544715,VIDEO_REJECTED,harmonic rejected video,freq=1258610500.6105006,score=1
2026-04-24T17:52:51.065209,PLATEAU_CONFIRMED,Wideband signal detected,freq=1675147741.147741,bw=5.8544921875,hits=8
2026-04-24T17:52:51.092982,HARMONIC_RESULT,Harmonic classification result,freq=1675147741.147741,confirmed=False,confirmed_harmonics=0,required=3,hit_counts={1: 0, 2: 0, 3: 0, 4: 0},total_buffers=10
2026-04-24T17:52:51.093053,VIDEO_REJECTED,harmonic rejected video,freq=1675147741.147741,score=0
2026-04-24T17:52:51.206029,PLATEAU_REJECTED,Not enough hits,hits=1,required=3,freq=1780000000
2026-04-24T17:52:51.299423,PLATEAU_CONFIRMED,Wideband signal detected,freq=1807211233.2112331,bw=9.580078125,hits=4
2026-04-24T17:52:51.575869,PLATEAU_CONFIRMED,Wideband signal detected,freq=1827728937.7289376,bw=4.619140625,hits=10
2026-04-24T17:52:51.576889,HARMONIC_RESULT,Harmonic classification result,freq=1807211233.2112331,confirmed=False,confirmed_harmonics=0,required=3,hit_counts={1: 1, 2: 0, 3: 0, 4: 0},total_buffers=10
2026-04-24T17:52:51.576969,VIDEO_REJECTED,harmonic rejected video,freq=1807211233.2112331,score=0
2026-04-24T17:52:51.593132,HARMONIC_RESULT,Harmonic classification result,freq=1827728937.7289376,confirmed=False,confirmed_harmonics=0,required=3,hit_counts={1: 0, 2: 1, 3: 0, 4: 1},total_buffers=10
2026-04-24T17:52:51.593167,VIDEO_REJECTED,harmonic rejected video,freq=1827728937.7289376,score=0
2026-04-24T17:52:51.653774,PLATEAU_CONFIRMED,Wideband signal detected,freq=1834197802.197802,bw=7.34375,hits=10
2026-04-24T17:52:51.695346,PLATEAU_CONFIRMED,Wideband signal detected,freq=1858693528.6935287,bw=8.1982421875,hits=7
2026-04-24T17:52:51.696185,HARMONIC_RESULT,Harmonic classification result,freq=1834197802.197802,confirmed=False,confirmed_harmonics=0,required=3,hit_counts={1: 1, 2: 0, 3: 0, 4: 1},total_buffers=10
2026-04-24T17:52:51.696321,VIDEO_REJECTED,harmonic rejected video,freq=1834197802.197802,score=0
2026-04-24T17:52:51.749491,PLATEAU_CONFIRMED,Wideband signal detected,freq=1875330891.3308911,bw=8.8818359375,hits=8
2026-04-24T17:52:51.754360,HARMONIC_RESULT,Harmonic classification result,freq=1858693528.6935287,confirmed=False,confirmed_harmonics=0,required=3,hit_counts={1: 2, 2: 1, 3: 2, 4: 1},total_buffers=10
2026-04-24T17:52:51.754411,VIDEO_REJECTED,harmonic rejected video,freq=1858693528.6935287,score=0
2026-04-24T17:52:51.792357,PLATEAU_CONFIRMED,Wideband signal detected,freq=1896090354.0903542,bw=9.140625,hits=8
2026-04-24T17:52:51.798589,HARMONIC_RESULT,Harmonic classification result,freq=1875330891.3308911,confirmed=False,confirmed_harmonics=0,required=3,hit_counts={1: 0, 2: 1, 3: 0, 4: 0},total_buffers=10
2026-04-24T17:52:51.798677,VIDEO_REJECTED,harmonic rejected video,freq=1875330891.3308911,score=0
2026-04-24T17:52:51.832922,HARMONIC_RESULT,Harmonic classification result,freq=1896090354.0903542,confirmed=False,confirmed_harmonics=0,required=3,hit_counts={1: 0, 2: 0, 3: 0, 4: 0},total_buffers=10
2026-04-24T17:52:51.832989,VIDEO_REJECTED,harmonic rejected video,freq=1896090354.0903542,score=0
2026-04-24T17:52:51.850943,PLATEAU_CONFIRMED,Wideband signal detected,freq=1935606837.6068375,bw=5.4345703125,hits=3
2026-04-24T17:52:51.891434,PLATEAU_CONFIRMED,Wideband signal detected,freq=1956070818.0708182,bw=7.3193359375,hits=8
2026-04-24T17:52:51.894593,HARMONIC_RESULT,Harmonic classification result,freq=1935606837.6068375,confirmed=False,confirmed_harmonics=0,required=3,hit_counts={1: 0, 2: 0, 3: 0, 4: 0},total_buffers=10
2026-04-24T17:52:51.894640,VIDEO_REJECTED,harmonic rejected video,freq=1935606837.6068375,score=0
2026-04-24T17:52:51.926410,HARMONIC_RESULT,Harmonic classification result,freq=1956070818.0708182,confirmed=False,confirmed_harmonics=0,required=3,hit_counts={1: 0, 2: 0, 3: 0, 4: 0},total_buffers=10
2026-04-24T17:52:51.928429,VIDEO_REJECTED,harmonic rejected video,freq=1956070818.0708182,score=0
2026-04-24T17:52:52.002110,PLATEAU_REJECTED,Not enough hits,hits=1,required=3,freq=2040000000
2026-04-24T17:52:52.062275,PLATEAU_REJECTED,Not enough hits,hits=2,required=3,freq=2080000000
2026-04-24T17:52:52.092860,PLATEAU_REJECTED,Not enough hits,hits=1,required=3,freq=2100000000
2026-04-24T17:52:52.403799,PLATEAU_CONFIRMED,Wideband signal detected,freq=2144854700.854701,bw=9.23828125,hits=8
2026-04-24T17:52:52.514861,PLATEAU_CONFIRMED,Wideband signal detected,freq=2164510378.510379,bw=9.013671875,hits=10
2026-04-24T17:52:52.521266,HARMONIC_RESULT,Harmonic classification result,freq=2144854700.854701,confirmed=False,confirmed_harmonics=0,required=3,hit_counts={1: 0, 2: 0, 3: 0, 4: 0},total_buffers=10
2026-04-24T17:52:52.521363,VIDEO_REJECTED,harmonic rejected video,freq=2144854700.854701,score=0
2026-04-24T17:52:52.624795,PLATEAU_CONFIRMED,Wideband signal detected,freq=2186884004.884005,bw=5.5126953125,hits=7
2026-04-24T17:52:52.641709,HARMONIC_RESULT,Harmonic classification result,freq=2164510378.510379,confirmed=False,confirmed_harmonics=0,required=3,hit_counts={1: 0, 2: 0, 3: 0, 4: 0},total_buffers=10
2026-04-24T17:52:52.641792,VIDEO_REJECTED,harmonic rejected video,freq=2164510378.510379,score=0
2026-04-24T17:52:52.672985,PLATEAU_CONFIRMED,Wideband signal detected,freq=2207440781.4407816,bw=3.623046875,hits=5
2026-04-24T17:52:52.684400,HARMONIC_RESULT,Harmonic classification result,freq=2186884004.884005,confirmed=False,confirmed_harmonics=0,required=3,hit_counts={1: 0, 2: 0, 3: 0, 4: 1},total_buffers=10
2026-04-24T17:52:52.684511,VIDEO_REJECTED,harmonic rejected video,freq=2186884004.884005,score=0
2026-04-24T17:52:52.713199,HARMONIC_RESULT,Harmonic classification result,freq=2207440781.4407816,confirmed=False,confirmed_harmonics=0,required=3,hit_counts={1: 0, 2: 0, 3: 0, 4: 0},total_buffers=10
2026-04-24T17:52:52.713295,VIDEO_REJECTED,harmonic rejected video,freq=2207440781.4407816,score=0
2026-04-24T17:52:52.916948,PLATEAU_CONFIRMED,Wideband signal detected,freq=2365658119.6581197,bw=7.1630859375,hits=3
2026-04-24T17:52:52.964992,PLATEAU_CONFIRMED,Wideband signal detected,freq=2378043956.043956,bw=5.2099609375,hits=6
2026-04-24T17:52:52.965863,HARMONIC_RESULT,Harmonic classification result,freq=2365658119.6581197,confirmed=False,confirmed_harmonics=0,required=3,hit_counts={1: 1, 2: 0, 3: 0, 4: 0},total_buffers=10
2026-04-24T17:52:52.965966,VIDEO_REJECTED,harmonic rejected video,freq=2365658119.6581197,score=0
2026-04-24T17:52:53.247884,PLATEAU_CONFIRMED,Wideband signal detected,freq=2407255189.2551894,bw=5.48828125,hits=9
2026-04-24T17:52:53.281020,HARMONIC_RESULT,Harmonic classification result,freq=2378043956.043956,confirmed=False,confirmed_harmonics=0,required=3,hit_counts={1: 0, 2: 0, 3: 0, 4: 0},total_buffers=10
2026-04-24T17:52:53.281174,VIDEO_REJECTED,harmonic rejected video,freq=2378043956.043956,score=0
2026-04-24T17:52:53.489666,PLATEAU_CONFIRMED,Wideband signal detected,freq=2412190476.1904764,bw=5.1708984375,hits=10
2026-04-24T17:52:53.498401,HARMONIC_RESULT,Harmonic classification result,freq=2407255189.2551894,confirmed=False,confirmed_harmonics=0,required=3,hit_counts={1: 0, 2: 0, 3: 1, 4: 1},total_buffers=10
2026-04-24T17:52:53.498479,VIDEO_REJECTED,harmonic rejected video,freq=2407255189.2551894,score=0
2026-04-24T17:52:53.518276,PLATEAU_REJECTED,Not enough hits,hits=1,required=3,freq=2440000000
2026-04-24T17:52:53.525452,HARMONIC_RESULT,Harmonic classification result,freq=2412190476.1904764,confirmed=False,confirmed_harmonics=0,required=3,hit_counts={1: 0, 2: 0, 3: 0, 4: 0},total_buffers=10
2026-04-24T17:52:53.525498,VIDEO_REJECTED,harmonic rejected video,freq=2412190476.1904764,score=0
2026-04-24T17:52:53.705483,PLATEAU_CONFIRMED,Wideband signal detected,freq=2479811965.811966,bw=9.9169921875,hits=6
2026-04-24T17:52:53.740693,HARMONIC_RESULT,Harmonic classification result,freq=2479811965.811966,confirmed=False,confirmed_harmonics=1,required=3,hit_counts={1: 4, 2: 3, 3: 3, 4: 2},total_buffers=10
2026-04-24T17:52:53.740772,VIDEO_REJECTED,harmonic rejected video,freq=2479811965.811966,score=1
2026-04-24T17:52:53.744222,PLATEAU_CONFIRMED,Wideband signal detected,freq=2498136752.136752,bw=6.7626953125,hits=8
2026-04-24T17:52:53.769251,HARMONIC_RESULT,Harmonic classification result,freq=2498136752.136752,confirmed=False,confirmed_harmonics=0,required=3,hit_counts={1: 0, 2: 1, 3: 0, 4: 0},total_buffers=10
2026-04-24T17:52:53.769362,VIDEO_REJECTED,harmonic rejected video,freq=2498136752.136752,score=0
2026-04-24T17:52:53.856799,PLATEAU_REJECTED,Not enough hits,hits=1,required=3,freq=2580000000
2026-04-24T17:52:53.885433,PLATEAU_CONFIRMED,Wideband signal detected,freq=2598993894.993895,bw=7.890625,hits=4
2026-04-24T17:52:53.970627,PLATEAU_CONFIRMED,Wideband signal detected,freq=2612608058.6080585,bw=4.833984375,hits=7
2026-04-24T17:52:53.970974,HARMONIC_RESULT,Harmonic classification result,freq=2598993894.993895,confirmed=False,confirmed_harmonics=0,required=3,hit_counts={1: 0, 2: 0, 3: 0, 4: 0},total_buffers=10
2026-04-24T17:52:53.971030,VIDEO_REJECTED,harmonic rejected video,freq=2598993894.993895,score=0
2026-04-24T17:52:54.002003,PLATEAU_CONFIRMED,Wideband signal detected,freq=2643455433.4554334,bw=4.306640625,hits=4
2026-04-24T17:52:54.002589,HARMONIC_RESULT,Harmonic classification result,freq=2612608058.6080585,confirmed=False,confirmed_harmonics=0,required=3,hit_counts={1: 0, 2: 0, 3: 0, 4: 0},total_buffers=10
2026-04-24T17:52:54.002732,VIDEO_REJECTED,harmonic rejected video,freq=2612608058.6080585,score=0
2026-04-24T17:52:54.143136,PLATEAU_CONFIRMED,Wideband signal detected,freq=2653597069.5970697,bw=8.759765625,hits=6
2026-04-24T17:52:54.144163,HARMONIC_RESULT,Harmonic classification result,freq=2643455433.4554334,confirmed=False,confirmed_harmonics=1,required=3,hit_counts={1: 4, 2: 1, 3: 2, 4: 1},total_buffers=10
2026-04-24T17:52:54.144236,VIDEO_REJECTED,harmonic rejected video,freq=2643455433.4554334,score=1
2026-04-24T17:52:54.207765,PLATEAU_CONFIRMED,Wideband signal detected,freq=2672644688.6446886,bw=3.671875,hits=8
2026-04-24T17:52:54.210862,HARMONIC_RESULT,Harmonic classification result,freq=2653597069.5970697,confirmed=False,confirmed_harmonics=0,required=3,hit_counts={1: 1, 2: 1, 3: 0, 4: 2},total_buffers=10
2026-04-24T17:52:54.210951,VIDEO_REJECTED,harmonic rejected video,freq=2653597069.5970697,score=0
2026-04-24T17:52:54.240350,HARMONIC_RESULT,Harmonic classification result,freq=2672644688.6446886,confirmed=False,confirmed_harmonics=0,required=3,hit_counts={1: 0, 2: 0, 3: 0, 4: 0},total_buffers=10
2026-04-24T17:52:54.240466,VIDEO_REJECTED,harmonic rejected video,freq=2672644688.6446886,score=0
2026-04-24T17:52:54.666258,PLATEAU_CONFIRMED,Wideband signal detected,freq=3040315018.315018,bw=6.6552734375,hits=3
2026-04-24T17:52:54.693210,HARMONIC_RESULT,Harmonic classification result,freq=3040315018.315018,confirmed=False,confirmed_harmonics=0,required=3,hit_counts={1: 0, 2: 0, 3: 0, 4: 0},total_buffers=10
2026-04-24T17:52:54.693254,VIDEO_REJECTED,harmonic rejected video,freq=3040315018.315018,score=0
2026-04-24T17:52:54.696761,PLATEAU_REJECTED,Not enough hits,hits=1,required=3,freq=3060000000
2026-04-24T17:52:55.174575,PLATEAU_CONFIRMED,Wideband signal detected,freq=3427025641.025641,bw=4.1748046875,hits=4
2026-04-24T17:52:55.222057,PLATEAU_CONFIRMED,Wideband signal detected,freq=3443601953.6019535,bw=9.2431640625,hits=3
2026-04-24T17:52:55.222820,HARMONIC_RESULT,Harmonic classification result,freq=3427025641.025641,confirmed=False,confirmed_harmonics=0,required=3,hit_counts={1: 0, 2: 0, 3: 0, 4: 0},total_buffers=10
2026-04-24T17:52:55.222905,VIDEO_REJECTED,harmonic rejected video,freq=3427025641.025641,score=0
2026-04-24T17:52:55.268612,HARMONIC_RESULT,Harmonic classification result,freq=3443601953.6019535,confirmed=False,confirmed_harmonics=0,required=3,hit_counts={1: 0, 2: 0, 3: 0, 4: 0},total_buffers=10
2026-04-24T17:52:55.268652,VIDEO_REJECTED,harmonic rejected video,freq=3443601953.6019535,score=0
2026-04-24T17:52:55.269143,PLATEAU_CONFIRMED,Wideband signal detected,freq=3466927960.9279613,bw=6.7236328125,hits=10
2026-04-24T17:52:55.311718,PLATEAU_CONFIRMED,Wideband signal detected,freq=3478317460.3174605,bw=9.2236328125,hits=5
2026-04-24T17:52:55.312187,HARMONIC_RESULT,Harmonic classification result,freq=3466927960.9279613,confirmed=False,confirmed_harmonics=0,required=3,hit_counts={1: 0, 2: 0, 3: 0, 4: 0},total_buffers=10
2026-04-24T17:52:55.312323,VIDEO_REJECTED,harmonic rejected video,freq=3466927960.9279613,score=0
2026-04-24T17:52:55.376916,PLATEAU_CONFIRMED,Wideband signal detected,freq=3493438339.438339,bw=7.3046875,hits=9
2026-04-24T17:52:55.377480,HARMONIC_RESULT,Harmonic classification result,freq=3478317460.3174605,confirmed=False,confirmed_harmonics=0,required=3,hit_counts={1: 0, 2: 0, 3: 0, 4: 0},total_buffers=10
2026-04-24T17:52:55.377602,VIDEO_REJECTED,harmonic rejected video,freq=3478317460.3174605,score=0
2026-04-24T17:52:55.411474,HARMONIC_RESULT,Harmonic classification result,freq=3493438339.438339,confirmed=False,confirmed_harmonics=0,required=3,hit_counts={1: 0, 2: 0, 3: 0, 4: 0},total_buffers=10
2026-04-24T17:52:55.411594,VIDEO_REJECTED,harmonic rejected video,freq=3493438339.438339,score=0
2026-04-24T17:52:55.435478,PLATEAU_REJECTED,Not enough hits,hits=1,required=3,freq=3540000000
2026-04-24T17:52:55.547779,PLATEAU_REJECTED,Not enough hits,hits=1,required=3,freq=3620000000
2026-04-24T17:52:55.730634,PLATEAU_CONFIRMED,Wideband signal detected,freq=3757848595.8485956,bw=7.3876953125,hits=3
2026-04-24T17:52:55.762429,HARMONIC_RESULT,Harmonic classification result,freq=3757848595.8485956,confirmed=False,confirmed_harmonics=0,required=3,hit_counts={1: 0, 2: 0, 3: 0, 4: 0},total_buffers=10
2026-04-24T17:52:55.762564,VIDEO_REJECTED,harmonic rejected video,freq=3757848595.8485956,score=0
2026-04-24T17:52:55.817567,PLATEAU_REJECTED,Not enough hits,hits=1,required=3,freq=3820000000
2026-04-24T17:52:55.872136,PLATEAU_REJECTED,Not enough hits,hits=1,required=3,freq=3860000000
2026-04-24T17:52:55.988459,PLATEAU_CONFIRMED,Wideband signal detected,freq=3943982905.982906,bw=7.01171875,hits=7
2026-04-24T17:52:56.018480,HARMONIC_RESULT,Harmonic classification result,freq=3943982905.982906,confirmed=False,confirmed_harmonics=0,required=3,hit_counts={1: 0, 2: 1, 3: 0, 4: 0},total_buffers=10
2026-04-24T17:52:56.018571,VIDEO_REJECTED,harmonic rejected video,freq=3943982905.982906,score=0
2026-04-24T17:52:56.119619,PLATEAU_REJECTED,Not enough hits,hits=1,required=3,freq=4040000000
2026-04-24T17:52:56.273167,PLATEAU_REJECTED,Not enough hits,hits=1,required=3,freq=4160000000
2026-04-24T17:52:57.439584,PLATEAU_REJECTED,Not enough hits,hits=1,required=3,freq=5080000000
