2026-04-24T17:24:28.883198,AUTOCORR_SAMPLE,Per-buffer autocorr result,freq=106092796.09279609,peak=0.02542803157120943,peak2=0.10640316549688578,lag_off=2.0,confirmed=False
2026-04-24T17:24:28.886444,AUTOCORR_SAMPLE,Per-buffer autocorr result,freq=106092796.09279609,peak=0.06889315135776997,peak2=0.07543091662228107,lag_off=-1.0,confirmed=False
2026-04-24T17:24:28.889441,AUTOCORR_SAMPLE,Per-buffer autocorr result,freq=106092796.09279609,peak=0.01543876901268959,peak2=0.10019644349813461,lag_off=0.0,confirmed=False
2026-04-24T17:24:28.890523,AUTOCORR_SAMPLE,Per-buffer autocorr result,freq=106092796.09279609,peak=0.09015578962862492,peak2=0.02684645913541317,lag_off=-6.0,confirmed=False
2026-04-24T17:24:28.894272,AUTOCORR_SAMPLE,Per-buffer autocorr result,freq=106092796.09279609,peak=0.05450487323105335,peak2=0.14803257770836353,lag_off=3.0,confirmed=False
2026-04-24T17:24:28.898253,AUTOCORR_SAMPLE,Per-buffer autocorr result,freq=106092796.09279609,peak=0.05103052780032158,peak2=0.07634786143898964,lag_off=1.0,confirmed=False
2026-04-24T17:24:28.899069,AUTOCORR_SAMPLE,Per-buffer autocorr result,freq=106092796.09279609,peak=-0.06640692055225372,peak2=0.16443529352545738,lag_off=5.0,confirmed=False
2026-04-24T17:24:28.902805,AUTOCORR_SAMPLE,Per-buffer autocorr result,freq=106092796.09279609,peak=0.0842323208344169,peak2=0.13988964800955728,lag_off=3.0,confirmed=False
2026-04-24T17:24:28.903575,AUTOCORR_SAMPLE,Per-buffer autocorr result,freq=106092796.09279609,peak=0.08515844866633415,peak2=0.051937274634838104,lag_off=-6.0,confirmed=False
2026-04-24T17:24:28.907867,AUTOCORR_SAMPLE,Per-buffer autocorr result,freq=106092796.09279609,peak=0.09541127854026854,peak2=0.1431595014873892,lag_off=3.0,confirmed=False
2026-04-24T17:24:28.907951,AUTOCORR_RESULT,autocorr classification,freq=106092796.09279609,votes=0,total=10,score=0.0,confirmed=False
2026-04-24T17:24:28.925123,AUTOCORR_SAMPLE,Per-buffer autocorr result,freq=126317460.31746031,peak=0.01543876901268959,peak2=0.10019644349813461,lag_off=0.0,confirmed=False
2026-04-24T17:24:28.928376,AUTOCORR_SAMPLE,Per-buffer autocorr result,freq=126317460.31746031,peak=0.04828329384326935,peak2=-0.0268404521048069,lag_off=1.0,confirmed=False
2026-04-24T17:24:28.931667,AUTOCORR_SAMPLE,Per-buffer autocorr result,freq=126317460.31746031,peak=0.06249418016523123,peak2=0.07923801895231009,lag_off=0.0,confirmed=False
2026-04-24T17:24:28.932611,AUTOCORR_SAMPLE,Per-buffer autocorr result,freq=126317460.31746031,peak=0.07939251139760017,peak2=-0.01805642619729042,lag_off=-6.0,confirmed=False
2026-04-24T17:24:28.935597,AUTOCORR_SAMPLE,Per-buffer autocorr result,freq=126317460.31746031,peak=0.07852696441113949,peak2=-0.011050635017454624,lag_off=0.0,confirmed=False
2026-04-24T17:24:28.936471,AUTOCORR_SAMPLE,Per-buffer autocorr result,freq=126317460.31746031,peak=0.09875740064308047,peak2=0.05485661653801799,lag_off=4.0,confirmed=False
2026-04-24T17:24:28.939832,AUTOCORR_SAMPLE,Per-buffer autocorr result,freq=126317460.31746031,peak=0.04905592370778322,peak2=0.019354511983692646,lag_off=-1.0,confirmed=False
2026-04-24T17:24:28.943143,AUTOCORR_SAMPLE,Per-buffer autocorr result,freq=126317460.31746031,peak=0.043954177759587765,peak2=0.08643933292478323,lag_off=4.0,confirmed=False
2026-04-24T17:24:28.944097,AUTOCORR_SAMPLE,Per-buffer autocorr result,freq=126317460.31746031,peak=0.10076838172972202,peak2=0.06532630883157253,lag_off=-2.0,confirmed=False
2026-04-24T17:24:28.947378,AUTOCORR_SAMPLE,Per-buffer autocorr result,freq=126317460.31746031,peak=0.038810063153505325,peak2=-0.01824340596795082,lag_off=5.0,confirmed=False
2026-04-24T17:24:28.947444,AUTOCORR_RESULT,autocorr classification,freq=126317460.31746031,votes=0,total=10,score=0.0,confirmed=False
2026-04-24T17:24:28.965397,AUTOCORR_SAMPLE,Per-buffer autocorr result,freq=144676434.67643467,peak=0.03750928025692701,peak2=0.031479465775191784,lag_off=1.0,confirmed=False
2026-04-24T17:24:28.966213,AUTOCORR_SAMPLE,Per-buffer autocorr result,freq=144676434.67643467,peak=0.0714380033314228,peak2=0.027692385017871857,lag_off=0.0,confirmed=False
2026-04-24T17:24:28.969982,AUTOCORR_SAMPLE,Per-buffer autocorr result,freq=144676434.67643467,peak=0.026042690500617027,peak2=0.011307133361697197,lag_off=1.0,confirmed=False
2026-04-24T17:24:28.973219,AUTOCORR_SAMPLE,Per-buffer autocorr result,freq=144676434.67643467,peak=0.03214013110846281,peak2=0.08470944594591856,lag_off=1.0,confirmed=False
2026-04-24T17:24:28.974320,AUTOCORR_SAMPLE,Per-buffer autocorr result,freq=144676434.67643467,peak=0.020733816549181938,peak2=0.08581015281379223,lag_off=-4.0,confirmed=False
2026-04-24T17:24:28.977146,AUTOCORR_SAMPLE,Per-buffer autocorr result,freq=144676434.67643467,peak=0.1124416571110487,peak2=0.013555949553847313,lag_off=2.0,confirmed=False
2026-04-24T17:24:28.977849,AUTOCORR_SAMPLE,Per-buffer autocorr result,freq=144676434.67643467,peak=0.04297551512718201,peak2=-0.049946585204452276,lag_off=6.0,confirmed=False
2026-04-24T17:24:28.980988,AUTOCORR_SAMPLE,Per-buffer autocorr result,freq=144676434.67643467,peak=0.08676114678382874,peak2=0.1022130623459816,lag_off=-4.0,confirmed=False
2026-04-24T17:24:28.984157,AUTOCORR_SAMPLE,Per-buffer autocorr result,freq=144676434.67643467,peak=-0.006581883877515793,peak2=-0.04118863772600889,lag_off=6.0,confirmed=False
2026-04-24T17:24:28.984988,AUTOCORR_SAMPLE,Per-buffer autocorr result,freq=144676434.67643467,peak=0.11123194918036461,peak2=0.05736054107546806,lag_off=-6.0,confirmed=False
2026-04-24T17:24:28.988044,AUTOCORR_RESULT,autocorr classification,freq=144676434.67643467,votes=0,total=10,score=0.0,confirmed=False
2026-04-24T17:24:29.120368,AUTOCORR_SAMPLE,Per-buffer autocorr result,freq=226879120.8791209,peak=0.028971433639526367,peak2=-0.004128683358430862,lag_off=0.0,confirmed=False
2026-04-24T17:24:29.124186,AUTOCORR_SAMPLE,Per-buffer autocorr result,freq=226879120.8791209,peak=0.08372999168932438,peak2=0.042801858857274055,lag_off=0.0,confirmed=False
2026-04-24T17:24:29.127563,AUTOCORR_SAMPLE,Per-buffer autocorr result,freq=226879120.8791209,peak=0.08582134172320366,peak2=0.06836305931210518,lag_off=0.0,confirmed=False
2026-04-24T17:24:29.128583,AUTOCORR_SAMPLE,Per-buffer autocorr result,freq=226879120.8791209,peak=0.09511406347155571,peak2=0.05185193940997124,lag_off=-4.0,confirmed=False
2026-04-24T17:24:29.132053,AUTOCORR_SAMPLE,Per-buffer autocorr result,freq=226879120.8791209,peak=-0.02038802858442068,peak2=0.057230180129408836,lag_off=-6.0,confirmed=False
2026-04-24T17:24:29.135830,AUTOCORR_SAMPLE,Per-buffer autocorr result,freq=226879120.8791209,peak=0.09749004431068897,peak2=0.05825113691389561,lag_off=5.0,confirmed=False
2026-04-24T17:24:29.136619,AUTOCORR_SAMPLE,Per-buffer autocorr result,freq=226879120.8791209,peak=0.08150356262922287,peak2=0.05644173175096512,lag_off=1.0,confirmed=False
2026-04-24T17:24:29.141839,AUTOCORR_SAMPLE,Per-buffer autocorr result,freq=226879120.8791209,peak=-0.0029207970947027206,peak2=-0.06477755308151245,lag_off=5.0,confirmed=False
2026-04-24T17:24:29.148824,AUTOCORR_SAMPLE,Per-buffer autocorr result,freq=226879120.8791209,peak=0.021793641615659,peak2=0.09911480220034719,lag_off=1.0,confirmed=False
2026-04-24T17:24:29.149823,AUTOCORR_SAMPLE,Per-buffer autocorr result,freq=226879120.8791209,peak=0.05719163455069065,peak2=0.012957340106368065,lag_off=0.0,confirmed=False
2026-04-24T17:24:29.149898,AUTOCORR_RESULT,autocorr classification,freq=226879120.8791209,votes=0,total=10,score=0.0,confirmed=False
2026-04-24T17:24:29.200657,AUTOCORR_SAMPLE,Per-buffer autocorr result,freq=246407814.4078144,peak=0.08372999168932438,peak2=0.042801858857274055,lag_off=0.0,confirmed=False
2026-04-24T17:24:29.203773,AUTOCORR_SAMPLE,Per-buffer autocorr result,freq=246407814.4078144,peak=0.1454425547271967,peak2=0.015171792358160019,lag_off=1.0,confirmed=False
2026-04-24T17:24:29.207521,AUTOCORR_SAMPLE,Per-buffer autocorr result,freq=246407814.4078144,peak=0.051024847663939,peak2=0.1403815085068345,lag_off=1.0,confirmed=False
2026-04-24T17:24:29.208682,AUTOCORR_SAMPLE,Per-buffer autocorr result,freq=246407814.4078144,peak=0.071159977465868,peak2=0.026526231318712234,lag_off=-4.0,confirmed=False
2026-04-24T17:24:29.211776,AUTOCORR_SAMPLE,Per-buffer autocorr result,freq=246407814.4078144,peak=0.026283659040927887,peak2=0.0721195638179779,lag_off=1.0,confirmed=False
2026-04-24T17:24:29.214843,AUTOCORR_SAMPLE,Per-buffer autocorr result,freq=246407814.4078144,peak=0.01853000372648239,peak2=0.019105277955532074,lag_off=-4.0,confirmed=False
2026-04-24T17:24:29.215759,AUTOCORR_SAMPLE,Per-buffer autocorr result,freq=246407814.4078144,peak=-0.023082919418811798,peak2=0.0029341336339712143,lag_off=6.0,confirmed=False
2026-04-24T17:24:29.218786,AUTOCORR_SAMPLE,Per-buffer autocorr result,freq=246407814.4078144,peak=-0.012980658560991287,peak2=0.04122740775346756,lag_off=6.0,confirmed=False
2026-04-24T17:24:29.219594,AUTOCORR_SAMPLE,Per-buffer autocorr result,freq=246407814.4078144,peak=0.12083041295409203,peak2=-0.03911457024514675,lag_off=6.0,confirmed=False
2026-04-24T17:24:29.222686,AUTOCORR_SAMPLE,Per-buffer autocorr result,freq=246407814.4078144,peak=0.027323913294821978,peak2=0.19305498013272882,lag_off=2.0,confirmed=False
2026-04-24T17:24:29.222765,AUTOCORR_RESULT,autocorr classification,freq=246407814.4078144,votes=0,total=10,score=0.0,confirmed=False
2026-04-24T17:24:29.234981,AUTOCORR_SAMPLE,Per-buffer autocorr result,freq=266610500.6105006,peak=0.026283659040927887,peak2=0.0721195638179779,lag_off=1.0,confirmed=False
2026-04-24T17:24:29.237747,AUTOCORR_SAMPLE,Per-buffer autocorr result,freq=266610500.6105006,peak=0.14244605344720185,peak2=0.06662841630168259,lag_off=-1.0,confirmed=False
2026-04-24T17:24:29.238591,AUTOCORR_SAMPLE,Per-buffer autocorr result,freq=266610500.6105006,peak=0.13278617337346077,peak2=0.020661447197198868,lag_off=0.0,confirmed=False
2026-04-24T17:24:29.242039,AUTOCORR_SAMPLE,Per-buffer autocorr result,freq=266610500.6105006,peak=0.105742322281003,peak2=-0.011838356032967567,lag_off=-5.0,confirmed=False
2026-04-24T17:24:29.244570,AUTOCORR_SAMPLE,Per-buffer autocorr result,freq=266610500.6105006,peak=0.09987541078589857,peak2=0.0875794196035713,lag_off=-2.0,confirmed=False
2026-04-24T17:24:29.245199,AUTOCORR_SAMPLE,Per-buffer autocorr result,freq=266610500.6105006,peak=0.048591305734589696,peak2=0.0745838035363704,lag_off=3.0,confirmed=False
2026-04-24T17:24:29.247660,AUTOCORR_SAMPLE,Per-buffer autocorr result,freq=266610500.6105006,peak=0.07245358638465405,peak2=0.016052676364779472,lag_off=5.0,confirmed=False
2026-04-24T17:24:29.250018,AUTOCORR_SAMPLE,Per-buffer autocorr result,freq=266610500.6105006,peak=0.10963644459843636,peak2=0.06585772708058357,lag_off=6.0,confirmed=False
2026-04-24T17:24:29.250646,AUTOCORR_SAMPLE,Per-buffer autocorr result,freq=266610500.6105006,peak=0.12531032878905535,peak2=0.05737345386296511,lag_off=-6.0,confirmed=False
2026-04-24T17:24:29.251290,AUTOCORR_SAMPLE,Per-buffer autocorr result,freq=266610500.6105006,peak=0.1155833825469017,peak2=-0.04368843312840909,lag_off=-1.0,confirmed=False
2026-04-24T17:24:29.253123,AUTOCORR_RESULT,autocorr classification,freq=266610500.6105006,votes=0,total=10,score=0.0,confirmed=False
2026-04-24T17:24:29.300857,AUTOCORR_SAMPLE,Per-buffer autocorr result,freq=294058608.05860806,peak=0.081591272726655,peak2=0.09895902313292027,lag_off=1.0,confirmed=False
2026-04-24T17:24:29.303911,AUTOCORR_SAMPLE,Per-buffer autocorr result,freq=294058608.05860806,peak=0.012092173099517822,peak2=-0.06610983796417713,lag_off=5.0,confirmed=False
2026-04-24T17:24:29.304855,AUTOCORR_SAMPLE,Per-buffer autocorr result,freq=294058608.05860806,peak=-0.08989417925477028,peak2=0.020544886589050293,lag_off=3.0,confirmed=False
2026-04-24T17:24:29.308184,AUTOCORR_SAMPLE,Per-buffer autocorr result,freq=294058608.05860806,peak=-0.009594634175300598,peak2=0.016198568046092987,lag_off=-1.0,confirmed=False
2026-04-24T17:24:29.311480,AUTOCORR_SAMPLE,Per-buffer autocorr result,freq=294058608.05860806,peak=-0.012288096128031611,peak2=0.05627307761460543,lag_off=-3.0,confirmed=False
2026-04-24T17:24:29.312244,AUTOCORR_SAMPLE,Per-buffer autocorr result,freq=294058608.05860806,peak=-0.010271012783050537,peak2=-0.010357070714235306,lag_off=-1.0,confirmed=False
2026-04-24T17:24:29.315705,AUTOCORR_SAMPLE,Per-buffer autocorr result,freq=294058608.05860806,peak=-0.008857771521434188,peak2=-0.018486695596948266,lag_off=4.0,confirmed=False
2026-04-24T17:24:29.318901,AUTOCORR_SAMPLE,Per-buffer autocorr result,freq=294058608.05860806,peak=-0.08789503201842308,peak2=0.014962740242481232,lag_off=-5.0,confirmed=False
2026-04-24T17:24:29.319806,AUTOCORR_SAMPLE,Per-buffer autocorr result,freq=294058608.05860806,peak=0.03722638823091984,peak2=0.004141231998801231,lag_off=1.0,confirmed=False
2026-04-24T17:24:29.323912,AUTOCORR_SAMPLE,Per-buffer autocorr result,freq=294058608.05860806,peak=-0.02710743434727192,peak2=0.12294924631714821,lag_off=2.0,confirmed=False
2026-04-24T17:24:29.324102,AUTOCORR_RESULT,autocorr classification,freq=294058608.05860806,votes=0,total=10,score=0.0,confirmed=False
2026-04-24T17:24:29.340986,AUTOCORR_SAMPLE,Per-buffer autocorr result,freq=313941391.94139194,peak=-0.023348085582256317,peak2=0.1088833250105381,lag_off=-3.0,confirmed=False
2026-04-24T17:24:29.344039,AUTOCORR_SAMPLE,Per-buffer autocorr result,freq=313941391.94139194,peak=0.12755950540304184,peak2=0.09207358211278915,lag_off=-6.0,confirmed=False
2026-04-24T17:24:29.346457,AUTOCORR_SAMPLE,Per-buffer autocorr result,freq=313941391.94139194,peak=0.0981098203919828,peak2=0.06865377863869071,lag_off=-5.0,confirmed=False
2026-04-24T17:24:29.347258,AUTOCORR_SAMPLE,Per-buffer autocorr result,freq=313941391.94139194,peak=0.06680773897096515,peak2=0.09311463264748454,lag_off=6.0,confirmed=False
2026-04-24T17:24:29.349834,AUTOCORR_SAMPLE,Per-buffer autocorr result,freq=313941391.94139194,peak=0.10000977851450443,peak2=0.06427098996937275,lag_off=-3.0,confirmed=False
2026-04-24T17:24:29.350740,AUTOCORR_SAMPLE,Per-buffer autocorr result,freq=313941391.94139194,peak=0.0851918957196176,peak2=0.12278296565636992,lag_off=2.0,confirmed=False
2026-04-24T17:24:29.353328,AUTOCORR_SAMPLE,Per-buffer autocorr result,freq=313941391.94139194,peak=0.03571578487753868,peak2=0.07457464188337326,lag_off=5.0,confirmed=False
2026-04-24T17:24:29.354178,AUTOCORR_SAMPLE,Per-buffer autocorr result,freq=313941391.94139194,peak=0.04963540472090244,peak2=0.02495507337152958,lag_off=6.0,confirmed=False
2026-04-24T17:24:29.356945,AUTOCORR_SAMPLE,Per-buffer autocorr result,freq=313941391.94139194,peak=0.015033585950732231,peak2=0.05335262976586819,lag_off=-4.0,confirmed=False
2026-04-24T17:24:29.357747,AUTOCORR_SAMPLE,Per-buffer autocorr result,freq=313941391.94139194,peak=0.07287373405415565,peak2=0.06374585640151054,lag_off=6.0,confirmed=False
2026-04-24T17:24:29.357829,AUTOCORR_RESULT,autocorr classification,freq=313941391.94139194,votes=0,total=10,score=0.0,confirmed=False
2026-04-24T17:24:29.461781,AUTOCORR_SAMPLE,Per-buffer autocorr result,freq=394673992.6739927,peak=0.08491482050158083,peak2=0.06586150289513171,lag_off=4.0,confirmed=False
2026-04-24T17:24:29.464853,AUTOCORR_SAMPLE,Per-buffer autocorr result,freq=394673992.6739927,peak=0.028531182557344437,peak2=0.014118414372205734,lag_off=6.0,confirmed=False
2026-04-24T17:24:29.465617,AUTOCORR_SAMPLE,Per-buffer autocorr result,freq=394673992.6739927,peak=0.14071105527909822,peak2=0.10546360272201127,lag_off=-2.0,confirmed=False
2026-04-24T17:24:29.466593,AUTOCORR_SAMPLE,Per-buffer autocorr result,freq=394673992.6739927,peak=0.1240598619915545,peak2=0.058450514916330576,lag_off=1.0,confirmed=False
2026-04-24T17:24:29.469379,AUTOCORR_SAMPLE,Per-buffer autocorr result,freq=394673992.6739927,peak=0.08871604315936565,peak2=0.001024891622364521,lag_off=0.0,confirmed=False
2026-04-24T17:24:29.470224,AUTOCORR_SAMPLE,Per-buffer autocorr result,freq=394673992.6739927,peak=0.036185890436172485,peak2=0.031386345624923706,lag_off=6.0,confirmed=False
2026-04-24T17:24:29.473538,AUTOCORR_SAMPLE,Per-buffer autocorr result,freq=394673992.6739927,peak=0.13089659134857357,peak2=0.03827650169841945,lag_off=-2.0,confirmed=False
2026-04-24T17:24:29.474485,AUTOCORR_SAMPLE,Per-buffer autocorr result,freq=394673992.6739927,peak=0.06628816574811935,peak2=0.0663914829492569,lag_off=-3.0,confirmed=False
2026-04-24T17:24:29.478122,AUTOCORR_SAMPLE,Per-buffer autocorr result,freq=394673992.6739927,peak=0.057499468326568604,peak2=0.04935207962989807,lag_off=1.0,confirmed=False
2026-04-24T17:24:29.478911,AUTOCORR_SAMPLE,Per-buffer autocorr result,freq=394673992.6739927,peak=0.09156561363488436,peak2=0.08581205923110247,lag_off=5.0,confirmed=False
2026-04-24T17:24:29.478981,AUTOCORR_RESULT,autocorr classification,freq=394673992.6739927,votes=0,total=10,score=0.0,confirmed=False
2026-04-24T17:24:29.744567,AUTOCORR_SAMPLE,Per-buffer autocorr result,freq=581467643.4676435,peak=0.015680725686252117,peak2=0.016452488489449024,lag_off=-1.0,confirmed=False
2026-04-24T17:24:29.745394,AUTOCORR_SAMPLE,Per-buffer autocorr result,freq=581467643.4676435,peak=0.06940806889906526,peak2=0.03782795602455735,lag_off=-1.0,confirmed=False
2026-04-24T17:24:29.748309,AUTOCORR_SAMPLE,Per-buffer autocorr result,freq=581467643.4676435,peak=0.09398533590137959,peak2=-0.007060868665575981,lag_off=3.0,confirmed=False
2026-04-24T17:24:29.748903,AUTOCORR_SAMPLE,Per-buffer autocorr result,freq=581467643.4676435,peak=0.15705033391714096,peak2=0.03583795577287674,lag_off=-1.0,confirmed=False
2026-04-24T17:24:29.751649,AUTOCORR_SAMPLE,Per-buffer autocorr result,freq=581467643.4676435,peak=0.10534381796605885,peak2=0.03883034666068852,lag_off=3.0,confirmed=False
2026-04-24T17:24:29.752371,AUTOCORR_SAMPLE,Per-buffer autocorr result,freq=581467643.4676435,peak=0.06120893359184265,peak2=0.005295260809361935,lag_off=0.0,confirmed=False
2026-04-24T17:24:29.755542,AUTOCORR_SAMPLE,Per-buffer autocorr result,freq=581467643.4676435,peak=0.1340601834235713,peak2=0.017315780627541244,lag_off=5.0,confirmed=False
2026-04-24T17:24:29.756962,AUTOCORR_SAMPLE,Per-buffer autocorr result,freq=581467643.4676435,peak=0.09030091483145952,peak2=0.022074411623179913,lag_off=5.0,confirmed=False
2026-04-24T17:24:29.760387,AUTOCORR_SAMPLE,Per-buffer autocorr result,freq=581467643.4676435,peak=0.04719380382448435,peak2=0.008636574260890484,lag_off=-5.0,confirmed=False
2026-04-24T17:24:29.761024,AUTOCORR_SAMPLE,Per-buffer autocorr result,freq=581467643.4676435,peak=0.024085108190774918,peak2=0.013915378600358963,lag_off=1.0,confirmed=False
2026-04-24T17:24:29.763317,AUTOCORR_RESULT,autocorr classification,freq=581467643.4676435,votes=0,total=10,score=0.0,confirmed=False
2026-04-24T17:24:29.780404,AUTOCORR_SAMPLE,Per-buffer autocorr result,freq=603811965.8119658,peak=0.07204995397478342,peak2=0.02549142111092806,lag_off=1.0,confirmed=False
2026-04-24T17:24:29.781215,AUTOCORR_SAMPLE,Per-buffer autocorr result,freq=603811965.8119658,peak=0.153401784831658,peak2=0.11229427927173674,lag_off=0.0,confirmed=False
2026-04-24T17:24:29.783772,AUTOCORR_SAMPLE,Per-buffer autocorr result,freq=603811965.8119658,peak=0.09424823382869363,peak2=0.06479590991511941,lag_off=2.0,confirmed=False
2026-04-24T17:24:29.784478,AUTOCORR_SAMPLE,Per-buffer autocorr result,freq=603811965.8119658,peak=0.12571525678504258,peak2=0.09476495638955384,lag_off=-1.0,confirmed=False
2026-04-24T17:24:29.786930,AUTOCORR_SAMPLE,Per-buffer autocorr result,freq=603811965.8119658,peak=0.1545866709202528,peak2=0.12596594356000423,lag_off=0.0,confirmed=False
2026-04-24T17:24:29.787721,AUTOCORR_SAMPLE,Per-buffer autocorr result,freq=603811965.8119658,peak=0.17433036817237735,peak2=0.08347090287134051,lag_off=0.0,confirmed=False
2026-04-24T17:24:29.791683,AUTOCORR_SAMPLE,Per-buffer autocorr result,freq=603811965.8119658,peak=0.13372157234698534,peak2=0.0935518341138959,lag_off=2.0,confirmed=False
2026-04-24T17:24:29.792476,AUTOCORR_SAMPLE,Per-buffer autocorr result,freq=603811965.8119658,peak=0.14054519799537957,peak2=0.07159699616022408,lag_off=-3.0,confirmed=False
2026-04-24T17:24:29.795180,AUTOCORR_SAMPLE,Per-buffer autocorr result,freq=603811965.8119658,peak=0.10496499575674534,peak2=0.08043539710342884,lag_off=-2.0,confirmed=False
2026-04-24T17:24:29.795871,AUTOCORR_SAMPLE,Per-buffer autocorr result,freq=603811965.8119658,peak=0.11963237472809851,peak2=0.06138774403370917,lag_off=6.0,confirmed=False
2026-04-24T17:24:29.795920,AUTOCORR_RESULT,autocorr classification,freq=603811965.8119658,votes=0,total=10,score=0.0,confirmed=False
2026-04-24T17:24:29.811905,AUTOCORR_SAMPLE,Per-buffer autocorr result,freq=617511599.5115995,peak=0.153401784831658,peak2=0.11229427927173674,lag_off=0.0,confirmed=False
2026-04-24T17:24:29.814832,AUTOCORR_SAMPLE,Per-buffer autocorr result,freq=617511599.5115995,peak=-0.0006003454327583313,peak2=-0.044916483806446195,lag_off=-3.0,confirmed=False
2026-04-24T17:24:29.815721,AUTOCORR_SAMPLE,Per-buffer autocorr result,freq=617511599.5115995,peak=0.10928306682035327,peak2=0.05565164936706424,lag_off=-2.0,confirmed=False
2026-04-24T17:24:29.818726,AUTOCORR_SAMPLE,Per-buffer autocorr result,freq=617511599.5115995,peak=0.005627073347568512,peak2=-0.02063104696571827,lag_off=3.0,confirmed=False
2026-04-24T17:24:29.821391,AUTOCORR_SAMPLE,Per-buffer autocorr result,freq=617511599.5115995,peak=0.06894718110561371,peak2=-0.004277990199625492,lag_off=1.0,confirmed=False
2026-04-24T17:24:29.822430,AUTOCORR_SAMPLE,Per-buffer autocorr result,freq=617511599.5115995,peak=0.10900302091613412,peak2=0.044269746635109186,lag_off=0.0,confirmed=False
2026-04-24T17:24:29.826147,AUTOCORR_SAMPLE,Per-buffer autocorr result,freq=617511599.5115995,peak=0.12057459447532892,peak2=0.09402245376259089,lag_off=3.0,confirmed=False
2026-04-24T17:24:29.826865,AUTOCORR_SAMPLE,Per-buffer autocorr result,freq=617511599.5115995,peak=0.04225729685276747,peak2=0.05109712388366461,lag_off=-5.0,confirmed=False
2026-04-24T17:24:29.829263,AUTOCORR_SAMPLE,Per-buffer autocorr result,freq=617511599.5115995,peak=0.18059268267825246,peak2=0.05324972840026021,lag_off=-6.0,confirmed=False
2026-04-24T17:24:29.829947,AUTOCORR_SAMPLE,Per-buffer autocorr result,freq=617511599.5115995,peak=0.058811677154153585,peak2=0.06149595743045211,lag_off=2.0,confirmed=False
2026-04-24T17:24:29.830024,AUTOCORR_RESULT,autocorr classification,freq=617511599.5115995,votes=0,total=10,score=0.0,confirmed=False
2026-04-24T17:24:29.878214,AUTOCORR_SAMPLE,Per-buffer autocorr result,freq=664647130.6471306,peak=0.07222815323621035,peak2=0.03315529506653547,lag_off=0.0,confirmed=False
2026-04-24T17:24:29.879062,AUTOCORR_SAMPLE,Per-buffer autocorr result,freq=664647130.6471306,peak=0.015164252370595932,peak2=0.03609014116227627,lag_off=0.0,confirmed=False
2026-04-24T17:24:29.882019,AUTOCORR_SAMPLE,Per-buffer autocorr result,freq=664647130.6471306,peak=0.09923057537525892,peak2=0.061434525065124035,lag_off=-3.0,confirmed=False
2026-04-24T17:24:29.884637,AUTOCORR_SAMPLE,Per-buffer autocorr result,freq=664647130.6471306,peak=0.12464272044599056,peak2=0.12868878059089184,lag_off=-2.0,confirmed=False
2026-04-24T17:24:29.885506,AUTOCORR_SAMPLE,Per-buffer autocorr result,freq=664647130.6471306,peak=0.08827383350580931,peak2=0.05947577115148306,lag_off=6.0,confirmed=False
2026-04-24T17:24:29.888525,AUTOCORR_SAMPLE,Per-buffer autocorr result,freq=664647130.6471306,peak=0.025082694366574287,peak2=0.03351440839469433,lag_off=3.0,confirmed=False
2026-04-24T17:24:29.889231,AUTOCORR_SAMPLE,Per-buffer autocorr result,freq=664647130.6471306,peak=0.11332192504778504,peak2=0.06781580531969666,lag_off=-5.0,confirmed=False
2026-04-24T17:24:29.892691,AUTOCORR_SAMPLE,Per-buffer autocorr result,freq=664647130.6471306,peak=0.1200291313289199,peak2=0.05479359850869514,lag_off=4.0,confirmed=False
2026-04-24T17:24:29.895526,AUTOCORR_SAMPLE,Per-buffer autocorr result,freq=664647130.6471306,peak=0.08760910667479038,peak2=0.0369705930352211,lag_off=6.0,confirmed=False
2026-04-24T17:24:29.896371,AUTOCORR_SAMPLE,Per-buffer autocorr result,freq=664647130.6471306,peak=0.10878139548003674,peak2=0.09979247115552425,lag_off=0.0,confirmed=False
2026-04-24T17:24:29.896448,AUTOCORR_RESULT,autocorr classification,freq=664647130.6471306,votes=0,total=10,score=0.0,confirmed=False
2026-04-24T17:24:29.911738,AUTOCORR_SAMPLE,Per-buffer autocorr result,freq=686039072.039072,peak=0.015164252370595932,peak2=0.03609014116227627,lag_off=0.0,confirmed=False
2026-04-24T17:24:29.914433,AUTOCORR_SAMPLE,Per-buffer autocorr result,freq=686039072.039072,peak=0.13977091293781996,peak2=0.022537176497280598,lag_off=6.0,confirmed=False
2026-04-24T17:24:29.915164,AUTOCORR_SAMPLE,Per-buffer autocorr result,freq=686039072.039072,peak=0.042081127874553204,peak2=0.030975299887359142,lag_off=-5.0,confirmed=False
2026-04-24T17:24:29.918145,AUTOCORR_SAMPLE,Per-buffer autocorr result,freq=686039072.039072,peak=0.1542604435235262,peak2=0.044651130214333534,lag_off=-1.0,confirmed=False
2026-04-24T17:24:29.919017,AUTOCORR_SAMPLE,Per-buffer autocorr result,freq=686039072.039072,peak=0.09623804362490773,peak2=0.042349804658442736,lag_off=1.0,confirmed=False
2026-04-24T17:24:29.922211,AUTOCORR_SAMPLE,Per-buffer autocorr result,freq=686039072.039072,peak=0.05374816991388798,peak2=0.04329925961792469,lag_off=-2.0,confirmed=False
2026-04-24T17:24:29.925283,AUTOCORR_SAMPLE,Per-buffer autocorr result,freq=686039072.039072,peak=0.08675137802492827,peak2=0.12223667546641082,lag_off=6.0,confirmed=False
2026-04-24T17:24:29.925980,AUTOCORR_SAMPLE,Per-buffer autocorr result,freq=686039072.039072,peak=0.09153332002460957,peak2=0.04650632478296757,lag_off=1.0,confirmed=False
2026-04-24T17:24:29.928304,AUTOCORR_SAMPLE,Per-buffer autocorr result,freq=686039072.039072,peak=0.07743485178798437,peak2=0.04845963325351477,lag_off=4.0,confirmed=False
2026-04-24T17:24:29.928999,AUTOCORR_SAMPLE,Per-buffer autocorr result,freq=686039072.039072,peak=0.09252930153161287,peak2=0.003735192120075226,lag_off=-3.0,confirmed=False
2026-04-24T17:24:29.929158,AUTOCORR_RESULT,autocorr classification,freq=686039072.039072,votes=0,total=10,score=0.0,confirmed=False
2026-04-24T17:24:30.354204,AUTOCORR_SAMPLE,Per-buffer autocorr result,freq=939343101.3431014,peak=0.1049253148958087,peak2=0.033743551932275295,lag_off=-2.0,confirmed=False
2026-04-24T17:24:30.359523,AUTOCORR_SAMPLE,Per-buffer autocorr result,freq=939343101.3431014,peak=0.06694870488718152,peak2=0.07824473874643445,lag_off=-2.0,confirmed=False
2026-04-24T17:24:30.364781,AUTOCORR_SAMPLE,Per-buffer autocorr result,freq=939343101.3431014,peak=-0.3763286732137203,peak2=-0.48589421808719635,lag_off=-6.0,confirmed=False
2026-04-24T17:24:30.365585,AUTOCORR_SAMPLE,Per-buffer autocorr result,freq=939343101.3431014,peak=0.09350524004548788,peak2=0.07674866821616888,lag_off=1.0,confirmed=False
2026-04-24T17:24:30.370326,AUTOCORR_SAMPLE,Per-buffer autocorr result,freq=939343101.3431014,peak=0.038046788598876446,peak2=0.06959319877205417,lag_off=0.0,confirmed=False
2026-04-24T17:24:30.371171,AUTOCORR_SAMPLE,Per-buffer autocorr result,freq=939343101.3431014,peak=-0.009365575097035617,peak2=0.05892385571496561,lag_off=-1.0,confirmed=False
2026-04-24T17:24:30.376058,AUTOCORR_SAMPLE,Per-buffer autocorr result,freq=939343101.3431014,peak=0.07795460161287338,peak2=0.1066783630521968,lag_off=-4.0,confirmed=False
2026-04-24T17:24:30.376901,AUTOCORR_SAMPLE,Per-buffer autocorr result,freq=939343101.3431014,peak=0.07434916356578469,peak2=0.16135801980271935,lag_off=-6.0,confirmed=False
2026-04-24T17:24:30.381697,AUTOCORR_SAMPLE,Per-buffer autocorr result,freq=939343101.3431014,peak=0.04884675331413746,peak2=0.12318658083677292,lag_off=4.0,confirmed=False
2026-04-24T17:24:30.382640,AUTOCORR_SAMPLE,Per-buffer autocorr result,freq=939343101.3431014,peak=0.09088902571238577,peak2=0.04854257428087294,lag_off=-1.0,confirmed=False
2026-04-24T17:24:30.382745,AUTOCORR_RESULT,autocorr classification,freq=939343101.3431014,votes=0,total=10,score=0.0,confirmed=False
2026-04-24T17:24:30.402706,AUTOCORR_SAMPLE,Per-buffer autocorr result,freq=959365079.3650794,peak=-0.009365575097035617,peak2=0.05892385571496561,lag_off=-1.0,confirmed=False
2026-04-24T17:24:30.406033,AUTOCORR_SAMPLE,Per-buffer autocorr result,freq=959365079.3650794,peak=-0.030530594289302826,peak2=-0.27477434277534485,lag_off=1.0,confirmed=False
2026-04-24T17:24:30.409575,AUTOCORR_SAMPLE,Per-buffer autocorr result,freq=959365079.3650794,peak=-0.15912488289177418,peak2=-0.19174211844801903,lag_off=6.0,confirmed=False
2026-04-24T17:24:30.410631,AUTOCORR_SAMPLE,Per-buffer autocorr result,freq=959365079.3650794,peak=-0.16855580359697342,peak2=-0.03497336432337761,lag_off=-3.0,confirmed=False
2026-04-24T17:24:30.413581,AUTOCORR_SAMPLE,Per-buffer autocorr result,freq=959365079.3650794,peak=0.057994719594717026,peak2=-0.03075317619368434,lag_off=-3.0,confirmed=False
2026-04-24T17:24:30.416263,AUTOCORR_SAMPLE,Per-buffer autocorr result,freq=959365079.3650794,peak=-0.13170066429302096,peak2=0.14903239952400327,lag_off=4.0,confirmed=False
2026-04-24T17:24:30.417010,AUTOCORR_SAMPLE,Per-buffer autocorr result,freq=959365079.3650794,peak=-0.1429475104669109,peak2=-0.1712901834398508,lag_off=-1.0,confirmed=False
2026-04-24T17:24:30.419879,AUTOCORR_SAMPLE,Per-buffer autocorr result,freq=959365079.3650794,peak=0.07397652603685856,peak2=0.07853253372013569,lag_off=1.0,confirmed=False
2026-04-24T17:24:30.423332,AUTOCORR_SAMPLE,Per-buffer autocorr result,freq=959365079.3650794,peak=0.041801086626946926,peak2=-0.0023839036002755165,lag_off=-1.0,confirmed=False
2026-04-24T17:24:30.426687,AUTOCORR_SAMPLE,Per-buffer autocorr result,freq=959365079.3650794,peak=0.07707455335184932,peak2=0.028444200288504362,lag_off=0.0,confirmed=False
2026-04-24T17:24:30.426847,AUTOCORR_RESULT,autocorr classification,freq=959365079.3650794,votes=0,total=10,score=0.0,confirmed=False
2026-04-24T17:24:31.337441,AUTOCORR_SAMPLE,Per-buffer autocorr result,freq=1566542124.5421245,peak=0.050604252523044124,peak2=0.017043132713297382,lag_off=-5.0,confirmed=False
2026-04-24T17:24:31.353721,AUTOCORR_SAMPLE,Per-buffer autocorr result,freq=1566542124.5421245,peak=0.10224736109375954,peak2=0.005826113745570183,lag_off=-4.0,confirmed=False
2026-04-24T17:24:31.361239,AUTOCORR_SAMPLE,Per-buffer autocorr result,freq=1566542124.5421245,peak=0.01902002259157598,peak2=0.01614168449304998,lag_off=-3.0,confirmed=False
2026-04-24T17:24:31.362121,AUTOCORR_SAMPLE,Per-buffer autocorr result,freq=1566542124.5421245,peak=0.010005224496126175,peak2=0.01946914568543434,lag_off=-6.0,confirmed=False
2026-04-24T17:24:31.376332,AUTOCORR_SAMPLE,Per-buffer autocorr result,freq=1566542124.5421245,peak=0.0063209012150764465,peak2=-0.13825031369924545,lag_off=0.0,confirmed=False
2026-04-24T17:24:31.387454,AUTOCORR_SAMPLE,Per-buffer autocorr result,freq=1566542124.5421245,peak=-0.27539411187171936,peak2=-0.6680528074502945,lag_off=-5.0,confirmed=False
2026-04-24T17:24:31.390772,AUTOCORR_SAMPLE,Per-buffer autocorr result,freq=1566542124.5421245,peak=-0.28958385065197945,peak2=-0.46515560150146484,lag_off=-4.0,confirmed=False
2026-04-24T17:24:31.403031,AUTOCORR_SAMPLE,Per-buffer autocorr result,freq=1566542124.5421245,peak=0.05907039437443018,peak2=0.02532223891466856,lag_off=5.0,confirmed=False
2026-04-24T17:24:31.409222,AUTOCORR_SAMPLE,Per-buffer autocorr result,freq=1566542124.5421245,peak=0.07108883140608668,peak2=0.013065857347100973,lag_off=1.0,confirmed=False
2026-04-24T17:24:31.414004,AUTOCORR_SAMPLE,Per-buffer autocorr result,freq=1566542124.5421245,peak=0.11455985717475414,peak2=0.0640376303344965,lag_off=-2.0,confirmed=False
2026-04-24T17:24:31.414070,AUTOCORR_RESULT,autocorr classification,freq=1566542124.5421245,votes=0,total=10,score=0.0,confirmed=False
2026-04-24T17:24:31.437465,AUTOCORR_SAMPLE,Per-buffer autocorr result,freq=1586996336.996337,peak=0.0063209012150764465,peak2=-0.13825031369924545,lag_off=0.0,confirmed=False
2026-04-24T17:24:31.440653,AUTOCORR_SAMPLE,Per-buffer autocorr result,freq=1586996336.996337,peak=0.054964618757367134,peak2=0.02435345947742462,lag_off=-5.0,confirmed=False
2026-04-24T17:24:31.441870,AUTOCORR_SAMPLE,Per-buffer autocorr result,freq=1586996336.996337,peak=0.019034247379750013,peak2=0.023968135472387075,lag_off=4.0,confirmed=False
2026-04-24T17:24:31.445445,AUTOCORR_SAMPLE,Per-buffer autocorr result,freq=1586996336.996337,peak=0.03856951557099819,peak2=0.0314056146889925,lag_off=1.0,confirmed=False
2026-04-24T17:24:31.446381,AUTOCORR_SAMPLE,Per-buffer autocorr result,freq=1586996336.996337,peak=0.05017043021507561,peak2=0.01641286094672978,lag_off=5.0,confirmed=False
2026-04-24T17:24:31.449847,AUTOCORR_SAMPLE,Per-buffer autocorr result,freq=1586996336.996337,peak=0.023153700749389827,peak2=0.03772742010187358,lag_off=6.0,confirmed=False
2026-04-24T17:24:31.450703,AUTOCORR_SAMPLE,Per-buffer autocorr result,freq=1586996336.996337,peak=0.1455241782241501,peak2=0.07421055861050263,lag_off=-4.0,confirmed=False
2026-04-24T17:24:31.454174,AUTOCORR_SAMPLE,Per-buffer autocorr result,freq=1586996336.996337,peak=0.04094209894537926,peak2=0.03071838617324829,lag_off=0.0,confirmed=False
2026-04-24T17:24:31.455052,AUTOCORR_SAMPLE,Per-buffer autocorr result,freq=1586996336.996337,peak=0.024889663687645225,peak2=0.017505989304481773,lag_off=-2.0,confirmed=False
2026-04-24T17:24:31.458266,AUTOCORR_SAMPLE,Per-buffer autocorr result,freq=1586996336.996337,peak=0.12318537243118044,peak2=0.23277547814359423,lag_off=-2.0,confirmed=False
2026-04-24T17:24:31.458459,AUTOCORR_RESULT,autocorr classification,freq=1586996336.996337,votes=0,total=10,score=0.0,confirmed=False
2026-04-24T17:24:31.990131,AUTOCORR_SAMPLE,Per-buffer autocorr result,freq=1807811965.8119657,peak=0.04897102148970589,peak2=0.01744047919055447,lag_off=1.0,confirmed=False
2026-04-24T17:24:32.016638,AUTOCORR_SAMPLE,Per-buffer autocorr result,freq=1807811965.8119657,peak=0.07999922521412373,peak2=-0.0014908183366060257,lag_off=1.0,confirmed=False
2026-04-24T17:24:32.022204,AUTOCORR_SAMPLE,Per-buffer autocorr result,freq=1807811965.8119657,peak=-0.15977856889367104,peak2=-0.20477373152971268,lag_off=-2.0,confirmed=False
2026-04-24T17:24:32.048931,AUTOCORR_SAMPLE,Per-buffer autocorr result,freq=1807811965.8119657,peak=0.08241653814911842,peak2=-0.01250491663813591,lag_off=1.0,confirmed=False
2026-04-24T17:24:32.056619,AUTOCORR_SAMPLE,Per-buffer autocorr result,freq=1807811965.8119657,peak=0.1306539406068623,peak2=0.012031526770442724,lag_off=-3.0,confirmed=False
2026-04-24T17:24:32.093766,AUTOCORR_SAMPLE,Per-buffer autocorr result,freq=1807811965.8119657,peak=0.07182579301297665,peak2=0.0193826574832201,lag_off=-2.0,confirmed=False
2026-04-24T17:24:32.094966,AUTOCORR_SAMPLE,Per-buffer autocorr result,freq=1807811965.8119657,peak=0.04049809277057648,peak2=-0.013157479465007782,lag_off=5.0,confirmed=False
2026-04-24T17:24:32.132391,AUTOCORR_SAMPLE,Per-buffer autocorr result,freq=1807811965.8119657,peak=-0.10407978296279907,peak2=-0.29040607810020447,lag_off=3.0,confirmed=False
2026-04-24T17:24:32.168856,AUTOCORR_SAMPLE,Per-buffer autocorr result,freq=1807811965.8119657,peak=0.06566690793260932,peak2=0.04812014615163207,lag_off=3.0,confirmed=False
2026-04-24T17:24:32.169871,AUTOCORR_SAMPLE,Per-buffer autocorr result,freq=1807811965.8119657,peak=-0.0545215830206871,peak2=-0.16224588453769684,lag_off=4.0,confirmed=False
2026-04-24T17:24:32.169969,AUTOCORR_RESULT,autocorr classification,freq=1807811965.8119657,votes=0,total=10,score=0.0,confirmed=False
2026-04-24T17:24:32.346063,AUTOCORR_SAMPLE,Per-buffer autocorr result,freq=1827860805.8608057,peak=0.07182579301297665,peak2=0.0193826574832201,lag_off=-2.0,confirmed=False
2026-04-24T17:24:32.346933,AUTOCORR_SAMPLE,Per-buffer autocorr result,freq=1827860805.8608057,peak=0.08294028602540493,peak2=0.020783379673957825,lag_off=-1.0,confirmed=False
2026-04-24T17:24:32.350482,AUTOCORR_SAMPLE,Per-buffer autocorr result,freq=1827860805.8608057,peak=0.14980531367473304,peak2=0.02782888407818973,lag_off=-2.0,confirmed=False
2026-04-24T17:24:32.351029,AUTOCORR_SAMPLE,Per-buffer autocorr result,freq=1827860805.8608057,peak=-0.01207207515835762,peak2=-0.010754108428955078,lag_off=3.0,confirmed=False
2026-04-24T17:24:32.351549,AUTOCORR_SAMPLE,Per-buffer autocorr result,freq=1827860805.8608057,peak=0.05593355372548103,peak2=0.04177769273519516,lag_off=2.0,confirmed=False
2026-04-24T17:24:32.352064,AUTOCORR_SAMPLE,Per-buffer autocorr result,freq=1827860805.8608057,peak=-0.32109855115413666,peak2=-0.10882886126637459,lag_off=-3.0,confirmed=False
2026-04-24T17:24:32.352600,AUTOCORR_SAMPLE,Per-buffer autocorr result,freq=1827860805.8608057,peak=-0.02273057194543071,peak2=0.02870260924100876,lag_off=-4.0,confirmed=False
2026-04-24T17:24:32.353144,AUTOCORR_SAMPLE,Per-buffer autocorr result,freq=1827860805.8608057,peak=-0.031611980870366096,peak2=0.0023169219493865967,lag_off=0.0,confirmed=False
2026-04-24T17:24:32.353658,AUTOCORR_SAMPLE,Per-buffer autocorr result,freq=1827860805.8608057,peak=-0.08506533689796925,peak2=-0.1561921462416649,lag_off=-4.0,confirmed=False
2026-04-24T17:24:32.354153,AUTOCORR_SAMPLE,Per-buffer autocorr result,freq=1827860805.8608057,peak=0.042106302455067635,peak2=0.056584181264042854,lag_off=-1.0,confirmed=False
2026-04-24T17:24:32.354198,AUTOCORR_RESULT,autocorr classification,freq=1827860805.8608057,votes=0,total=10,score=0.0,confirmed=False
2026-04-24T17:24:32.402475,AUTOCORR_SAMPLE,Per-buffer autocorr result,freq=1840737484.7374847,peak=0.042106302455067635,peak2=0.056584181264042854,lag_off=-1.0,confirmed=False
2026-04-24T17:24:32.406195,AUTOCORR_SAMPLE,Per-buffer autocorr result,freq=1840737484.7374847,peak=0.0435993280261755,peak2=0.017117252573370934,lag_off=-3.0,confirmed=False
2026-04-24T17:24:32.407176,AUTOCORR_SAMPLE,Per-buffer autocorr result,freq=1840737484.7374847,peak=0.04937451891601086,peak2=0.011490961536765099,lag_off=3.0,confirmed=False
2026-04-24T17:24:32.410277,AUTOCORR_SAMPLE,Per-buffer autocorr result,freq=1840737484.7374847,peak=-0.2849958688020706,peak2=-0.6048078238964081,lag_off=-6.0,confirmed=False
2026-04-24T17:24:32.411311,AUTOCORR_SAMPLE,Per-buffer autocorr result,freq=1840737484.7374847,peak=0.06959053338505328,peak2=0.03359627933241427,lag_off=-2.0,confirmed=False
2026-04-24T17:24:32.414361,AUTOCORR_SAMPLE,Per-buffer autocorr result,freq=1840737484.7374847,peak=-0.24297484755516052,peak2=-0.31671929359436035,lag_off=-5.0,confirmed=False
2026-04-24T17:24:32.415067,AUTOCORR_SAMPLE,Per-buffer autocorr result,freq=1840737484.7374847,peak=0.155400138348341,peak2=0.04574901331216097,lag_off=2.0,confirmed=False
2026-04-24T17:24:32.417956,AUTOCORR_SAMPLE,Per-buffer autocorr result,freq=1840737484.7374847,peak=0.07827863842248917,peak2=0.02702309563755989,lag_off=5.0,confirmed=False
2026-04-24T17:24:32.420663,AUTOCORR_SAMPLE,Per-buffer autocorr result,freq=1840737484.7374847,peak=0.0864273626357317,peak2=0.07766850502230227,lag_off=6.0,confirmed=False
2026-04-24T17:24:32.421388,AUTOCORR_SAMPLE,Per-buffer autocorr result,freq=1840737484.7374847,peak=0.06757356598973274,peak2=0.04945853352546692,lag_off=-6.0,confirmed=False
2026-04-24T17:24:32.421526,AUTOCORR_RESULT,autocorr classification,freq=1840737484.7374847,votes=0,total=10,score=0.0,confirmed=False
2026-04-24T17:24:32.438036,AUTOCORR_SAMPLE,Per-buffer autocorr result,freq=1862351648.3516483,peak=0.0435993280261755,peak2=0.017117252573370934,lag_off=-3.0,confirmed=False
2026-04-24T17:24:32.441839,AUTOCORR_SAMPLE,Per-buffer autocorr result,freq=1862351648.3516483,peak=0.03335293382406235,peak2=0.04953537508845329,lag_off=5.0,confirmed=False
2026-04-24T17:24:32.442565,AUTOCORR_SAMPLE,Per-buffer autocorr result,freq=1862351648.3516483,peak=-0.010216332972049713,peak2=-0.0962013890966773,lag_off=1.0,confirmed=False
2026-04-24T17:24:32.445636,AUTOCORR_SAMPLE,Per-buffer autocorr result,freq=1862351648.3516483,peak=0.11648785322904587,peak2=0.09721385687589645,lag_off=-2.0,confirmed=False
2026-04-24T17:24:32.446406,AUTOCORR_SAMPLE,Per-buffer autocorr result,freq=1862351648.3516483,peak=0.07678548339754343,peak2=0.016732568852603436,lag_off=3.0,confirmed=False
2026-04-24T17:24:32.450188,AUTOCORR_SAMPLE,Per-buffer autocorr result,freq=1862351648.3516483,peak=0.15767987165600061,peak2=0.09586838725954294,lag_off=-3.0,confirmed=False
2026-04-24T17:24:32.450947,AUTOCORR_SAMPLE,Per-buffer autocorr result,freq=1862351648.3516483,peak=-0.2923766225576401,peak2=-0.1715095154941082,lag_off=-2.0,confirmed=False
2026-04-24T17:24:32.455100,AUTOCORR_SAMPLE,Per-buffer autocorr result,freq=1862351648.3516483,peak=-0.04611264169216156,peak2=-0.06842930242419243,lag_off=4.0,confirmed=False
2026-04-24T17:24:32.456165,AUTOCORR_SAMPLE,Per-buffer autocorr result,freq=1862351648.3516483,peak=0.1916994098573923,peak2=0.07869062758982182,lag_off=1.0,confirmed=False
2026-04-24T17:24:32.460803,AUTOCORR_SAMPLE,Per-buffer autocorr result,freq=1862351648.3516483,peak=-0.21262053027749062,peak2=-0.24590440094470978,lag_off=-6.0,confirmed=False
2026-04-24T17:24:32.460889,AUTOCORR_RESULT,autocorr classification,freq=1862351648.3516483,votes=0,total=10,score=0.0,confirmed=False
2026-04-24T17:24:32.486398,AUTOCORR_SAMPLE,Per-buffer autocorr result,freq=1875284493.2844932,peak=0.06589678581804037,peak2=0.034335765056312084,lag_off=0.0,confirmed=False
2026-04-24T17:24:32.490742,AUTOCORR_SAMPLE,Per-buffer autocorr result,freq=1875284493.2844932,peak=0.10847197938710451,peak2=0.13297015894204378,lag_off=-1.0,confirmed=False
2026-04-24T17:24:32.491906,AUTOCORR_SAMPLE,Per-buffer autocorr result,freq=1875284493.2844932,peak=0.07829999178647995,peak2=-0.06729281670413911,lag_off=1.0,confirmed=False
2026-04-24T17:24:32.495893,AUTOCORR_SAMPLE,Per-buffer autocorr result,freq=1875284493.2844932,peak=0.1067909374833107,peak2=-0.0026338398456573486,lag_off=1.0,confirmed=False
2026-04-24T17:24:32.496469,AUTOCORR_SAMPLE,Per-buffer autocorr result,freq=1875284493.2844932,peak=0.02270789071917534,peak2=0.017250286415219307,lag_off=-5.0,confirmed=False
2026-04-24T17:24:32.500832,AUTOCORR_SAMPLE,Per-buffer autocorr result,freq=1875284493.2844932,peak=0.16569283325225115,peak2=0.04373725224286318,lag_off=-1.0,confirmed=False
2026-04-24T17:24:32.504725,AUTOCORR_SAMPLE,Per-buffer autocorr result,freq=1875284493.2844932,peak=0.016006840392947197,peak2=0.08317412994801998,lag_off=-1.0,confirmed=False
2026-04-24T17:24:32.505518,AUTOCORR_SAMPLE,Per-buffer autocorr result,freq=1875284493.2844932,peak=0.05426355078816414,peak2=0.044992003589868546,lag_off=6.0,confirmed=False
2026-04-24T17:24:32.509354,AUTOCORR_SAMPLE,Per-buffer autocorr result,freq=1875284493.2844932,peak=0.010002143681049347,peak2=-0.056054317159578204,lag_off=5.0,confirmed=False
2026-04-24T17:24:32.510027,AUTOCORR_SAMPLE,Per-buffer autocorr result,freq=1875284493.2844932,peak=0.11940759420394897,peak2=-0.01404508575797081,lag_off=-4.0,confirmed=False
2026-04-24T17:24:32.510171,AUTOCORR_RESULT,autocorr classification,freq=1875284493.2844932,votes=0,total=10,score=0.0,confirmed=False
2026-04-24T17:24:32.528026,AUTOCORR_SAMPLE,Per-buffer autocorr result,freq=1895162393.162393,peak=0.10847197938710451,peak2=0.13297015894204378,lag_off=-1.0,confirmed=False
2026-04-24T17:24:32.530606,AUTOCORR_SAMPLE,Per-buffer autocorr result,freq=1895162393.162393,peak=0.02686205180361867,peak2=0.05670104594901204,lag_off=0.0,confirmed=False
2026-04-24T17:24:32.531405,AUTOCORR_SAMPLE,Per-buffer autocorr result,freq=1895162393.162393,peak=0.056100614834576845,peak2=0.10303847165778279,lag_off=-3.0,confirmed=False
2026-04-24T17:24:32.533976,AUTOCORR_SAMPLE,Per-buffer autocorr result,freq=1895162393.162393,peak=0.21969617391005158,peak2=0.031189097557216883,lag_off=5.0,confirmed=False
2026-04-24T17:24:32.536643,AUTOCORR_SAMPLE,Per-buffer autocorr result,freq=1895162393.162393,peak=0.05628289049491286,peak2=0.02798469504341483,lag_off=4.0,confirmed=False
2026-04-24T17:24:32.537623,AUTOCORR_SAMPLE,Per-buffer autocorr result,freq=1895162393.162393,peak=0.05294690281152725,peak2=0.04829432815313339,lag_off=2.0,confirmed=False
2026-04-24T17:24:32.541045,AUTOCORR_SAMPLE,Per-buffer autocorr result,freq=1895162393.162393,peak=0.16529872082173824,peak2=0.11985093168914318,lag_off=2.0,confirmed=False
2026-04-24T17:24:32.543474,AUTOCORR_SAMPLE,Per-buffer autocorr result,freq=1895162393.162393,peak=0.0951939383521676,peak2=0.095979661680758,lag_off=-6.0,confirmed=False
2026-04-24T17:24:32.544664,AUTOCORR_SAMPLE,Per-buffer autocorr result,freq=1895162393.162393,peak=0.12095579318702221,peak2=0.07437094114720821,lag_off=5.0,confirmed=False
2026-04-24T17:24:32.547116,AUTOCORR_SAMPLE,Per-buffer autocorr result,freq=1895162393.162393,peak=0.09140179259702563,peak2=0.12219624919816852,lag_off=-4.0,confirmed=False
2026-04-24T17:24:32.547204,AUTOCORR_RESULT,autocorr classification,freq=1895162393.162393,votes=0,total=10,score=0.0,confirmed=False
2026-04-24T17:24:33.000474,AUTOCORR_SAMPLE,Per-buffer autocorr result,freq=2112808302.8083029,peak=0.045525191351771355,peak2=0.055603308603167534,lag_off=-5.0,confirmed=False
2026-04-24T17:24:33.001294,AUTOCORR_SAMPLE,Per-buffer autocorr result,freq=2112808302.8083029,peak=0.11277694697491825,peak2=0.050038863671943545,lag_off=1.0,confirmed=False
2026-04-24T17:24:33.013587,AUTOCORR_SAMPLE,Per-buffer autocorr result,freq=2112808302.8083029,peak=-0.07124911993741989,peak2=-0.20321134850382805,lag_off=-2.0,confirmed=False
2026-04-24T17:24:33.014330,AUTOCORR_SAMPLE,Per-buffer autocorr result,freq=2112808302.8083029,peak=0.1166677912697196,peak2=0.07161930110305548,lag_off=0.0,confirmed=False
2026-04-24T17:24:33.015013,AUTOCORR_SAMPLE,Per-buffer autocorr result,freq=2112808302.8083029,peak=0.11600487912073731,peak2=0.06434731418266892,lag_off=2.0,confirmed=False
2026-04-24T17:24:33.015542,AUTOCORR_SAMPLE,Per-buffer autocorr result,freq=2112808302.8083029,peak=0.08779767155647278,peak2=-0.049088018015027046,lag_off=-3.0,confirmed=False
2026-04-24T17:24:33.016061,AUTOCORR_SAMPLE,Per-buffer autocorr result,freq=2112808302.8083029,peak=0.06236957013607025,peak2=0.05387689918279648,lag_off=3.0,confirmed=False
2026-04-24T17:24:33.016600,AUTOCORR_SAMPLE,Per-buffer autocorr result,freq=2112808302.8083029,peak=0.10082293301820755,peak2=0.03748879209160805,lag_off=-5.0,confirmed=False
2026-04-24T17:24:33.017096,AUTOCORR_SAMPLE,Per-buffer autocorr result,freq=2112808302.8083029,peak=0.13917413726449013,peak2=0.011921603232622147,lag_off=-3.0,confirmed=False
2026-04-24T17:24:33.017604,AUTOCORR_SAMPLE,Per-buffer autocorr result,freq=2112808302.8083029,peak=0.05128023022552952,peak2=0.07217352831503376,lag_off=-6.0,confirmed=False
2026-04-24T17:24:33.017649,AUTOCORR_RESULT,autocorr classification,freq=2112808302.8083029,votes=0,total=10,score=0.0,confirmed=False
2026-04-24T17:24:33.078848,AUTOCORR_SAMPLE,Per-buffer autocorr result,freq=2143699633.6996336,peak=0.11277694697491825,peak2=0.050038863671943545,lag_off=1.0,confirmed=False
2026-04-24T17:24:33.092668,AUTOCORR_SAMPLE,Per-buffer autocorr result,freq=2143699633.6996336,peak=-0.2444341704249382,peak2=-0.1943390592932701,lag_off=-6.0,confirmed=False
2026-04-24T17:24:33.103852,AUTOCORR_SAMPLE,Per-buffer autocorr result,freq=2143699633.6996336,peak=0.009455237537622452,peak2=0.016264881938695908,lag_off=5.0,confirmed=False
2026-04-24T17:24:33.109124,AUTOCORR_SAMPLE,Per-buffer autocorr result,freq=2143699633.6996336,peak=0.2504408173263073,peak2=0.13351811841130257,lag_off=2.0,confirmed=False
2026-04-24T17:24:33.120319,AUTOCORR_SAMPLE,Per-buffer autocorr result,freq=2143699633.6996336,peak=-0.012769453227519989,peak2=-0.14147705025970936,lag_off=2.0,confirmed=False
2026-04-24T17:24:33.128741,AUTOCORR_SAMPLE,Per-buffer autocorr result,freq=2143699633.6996336,peak=-0.16385599225759506,peak2=-0.21637750416994095,lag_off=2.0,confirmed=False
2026-04-24T17:24:33.129843,AUTOCORR_SAMPLE,Per-buffer autocorr result,freq=2143699633.6996336,peak=-0.2411061553284526,peak2=-0.3863724619150162,lag_off=0.0,confirmed=False
2026-04-24T17:24:33.135542,AUTOCORR_SAMPLE,Per-buffer autocorr result,freq=2143699633.6996336,peak=0.10347719863057137,peak2=0.10569189488887787,lag_off=-3.0,confirmed=False
2026-04-24T17:24:33.140799,AUTOCORR_SAMPLE,Per-buffer autocorr result,freq=2143699633.6996336,peak=0.18965446576476097,peak2=-0.08235372975468636,lag_off=0.0,confirmed=False
2026-04-24T17:24:33.141832,AUTOCORR_SAMPLE,Per-buffer autocorr result,freq=2143699633.6996336,peak=0.1033899188041687,peak2=-0.15022932551801205,lag_off=-1.0,confirmed=False
2026-04-24T17:24:33.141951,AUTOCORR_RESULT,autocorr classification,freq=2143699633.6996336,votes=0,total=10,score=0.0,confirmed=False
2026-04-24T17:24:33.155141,AUTOCORR_SAMPLE,Per-buffer autocorr result,freq=2164305250.30525,peak=-0.2444341704249382,peak2=-0.1943390592932701,lag_off=-6.0,confirmed=False
2026-04-24T17:24:33.158447,AUTOCORR_SAMPLE,Per-buffer autocorr result,freq=2164305250.30525,peak=-0.036688417196273804,peak2=-0.18128878623247147,lag_off=1.0,confirmed=False
2026-04-24T17:24:33.159337,AUTOCORR_SAMPLE,Per-buffer autocorr result,freq=2164305250.30525,peak=0.04861692804843187,peak2=0.06400551740080118,lag_off=-5.0,confirmed=False
2026-04-24T17:24:33.162027,AUTOCORR_SAMPLE,Per-buffer autocorr result,freq=2164305250.30525,peak=0.0418294295668602,peak2=0.019372474402189255,lag_off=0.0,confirmed=False
2026-04-24T17:24:33.162717,AUTOCORR_SAMPLE,Per-buffer autocorr result,freq=2164305250.30525,peak=0.10692778043448925,peak2=0.06695781834423542,lag_off=-4.0,confirmed=False
2026-04-24T17:24:33.165447,AUTOCORR_SAMPLE,Per-buffer autocorr result,freq=2164305250.30525,peak=0.09843555092811584,peak2=0.04619140177965164,lag_off=-4.0,confirmed=False
2026-04-24T17:24:33.169571,AUTOCORR_SAMPLE,Per-buffer autocorr result,freq=2164305250.30525,peak=0.060585579834878445,peak2=0.05318851675838232,lag_off=2.0,confirmed=False
2026-04-24T17:24:33.170362,AUTOCORR_SAMPLE,Per-buffer autocorr result,freq=2164305250.30525,peak=0.12404896854422987,peak2=0.08147062896750867,lag_off=-3.0,confirmed=False
2026-04-24T17:24:33.176459,AUTOCORR_SAMPLE,Per-buffer autocorr result,freq=2164305250.30525,peak=0.08291947655379772,peak2=0.06020687334239483,lag_off=4.0,confirmed=False
2026-04-24T17:24:33.182674,AUTOCORR_SAMPLE,Per-buffer autocorr result,freq=2164305250.30525,peak=0.10900418041273952,peak2=0.11109795002266765,lag_off=0.0,confirmed=False
2026-04-24T17:24:33.191091,AUTOCORR_RESULT,autocorr classification,freq=2164305250.30525,votes=0,total=10,score=0.0,confirmed=False
2026-04-24T17:24:33.278470,AUTOCORR_SAMPLE,Per-buffer autocorr result,freq=2187191697.191697,peak=-0.036688417196273804,peak2=-0.18128878623247147,lag_off=1.0,confirmed=False
2026-04-24T17:24:33.282372,AUTOCORR_SAMPLE,Per-buffer autocorr result,freq=2187191697.191697,peak=0.01572497747838497,peak2=0.1983963204547763,lag_off=6.0,confirmed=False
2026-04-24T17:24:33.285713,AUTOCORR_SAMPLE,Per-buffer autocorr result,freq=2187191697.191697,peak=0.12751295696943998,peak2=0.07178590726107359,lag_off=-1.0,confirmed=False
2026-04-24T17:24:33.286627,AUTOCORR_SAMPLE,Per-buffer autocorr result,freq=2187191697.191697,peak=0.09019014798104763,peak2=0.06953557766973972,lag_off=6.0,confirmed=False
2026-04-24T17:24:33.289913,AUTOCORR_SAMPLE,Per-buffer autocorr result,freq=2187191697.191697,peak=0.10514214346767403,peak2=0.07163551906705834,lag_off=5.0,confirmed=False
2026-04-24T17:24:33.290668,AUTOCORR_SAMPLE,Per-buffer autocorr result,freq=2187191697.191697,peak=0.207662935834378,peak2=0.07608574954792857,lag_off=3.0,confirmed=False
2026-04-24T17:24:33.294012,AUTOCORR_SAMPLE,Per-buffer autocorr result,freq=2187191697.191697,peak=0.08623659610748291,peak2=-0.02935994742438197,lag_off=-5.0,confirmed=False
2026-04-24T17:24:33.297104,AUTOCORR_SAMPLE,Per-buffer autocorr result,freq=2187191697.191697,peak=0.20315216109156609,peak2=0.0552729032933712,lag_off=-5.0,confirmed=False
2026-04-24T17:24:33.298084,AUTOCORR_SAMPLE,Per-buffer autocorr result,freq=2187191697.191697,peak=0.21058698208071291,peak2=0.008919598767533898,lag_off=2.0,confirmed=False
2026-04-24T17:24:33.300867,AUTOCORR_SAMPLE,Per-buffer autocorr result,freq=2187191697.191697,peak=0.026500800624489784,peak2=0.017105805687606335,lag_off=-5.0,confirmed=False
2026-04-24T17:24:33.300931,AUTOCORR_RESULT,autocorr classification,freq=2187191697.191697,votes=0,total=10,score=0.0,confirmed=False
2026-04-24T17:24:33.602880,AUTOCORR_SAMPLE,Per-buffer autocorr result,freq=2413926739.9267397,peak=0.1530070537701249,peak2=0.13454762939363718,lag_off=5.0,confirmed=False
2026-04-24T17:24:33.603705,AUTOCORR_SAMPLE,Per-buffer autocorr result,freq=2413926739.9267397,peak=-0.44800636917352676,peak2=-0.8994930982589722,lag_off=-6.0,confirmed=False
2026-04-24T17:24:33.608022,AUTOCORR_SAMPLE,Per-buffer autocorr result,freq=2413926739.9267397,peak=0.07265865616500378,peak2=0.07195856980979443,lag_off=-6.0,confirmed=False
2026-04-24T17:24:33.608933,AUTOCORR_SAMPLE,Per-buffer autocorr result,freq=2413926739.9267397,peak=0.11941950873006135,peak2=0.08227674767840654,lag_off=4.0,confirmed=False
2026-04-24T17:24:33.613438,AUTOCORR_SAMPLE,Per-buffer autocorr result,freq=2413926739.9267397,peak=0.09155634790658951,peak2=0.12111833691596985,lag_off=3.0,confirmed=False
2026-04-24T17:24:33.618014,AUTOCORR_SAMPLE,Per-buffer autocorr result,freq=2413926739.9267397,peak=-0.16201931610703468,peak2=-0.22484173625707626,lag_off=-6.0,confirmed=False
2026-04-24T17:24:33.623220,AUTOCORR_SAMPLE,Per-buffer autocorr result,freq=2413926739.9267397,peak=0.15092889103107154,peak2=0.0498840871732682,lag_off=3.0,confirmed=False
2026-04-24T17:24:33.628427,AUTOCORR_SAMPLE,Per-buffer autocorr result,freq=2413926739.9267397,peak=-0.44329795241355896,peak2=-0.852456271648407,lag_off=-6.0,confirmed=False
2026-04-24T17:24:33.633667,AUTOCORR_SAMPLE,Per-buffer autocorr result,freq=2413926739.9267397,peak=0.03908216021955013,peak2=0.05187877081334591,lag_off=2.0,confirmed=False
2026-04-24T17:24:33.634623,AUTOCORR_SAMPLE,Per-buffer autocorr result,freq=2413926739.9267397,peak=0.061403729720041156,peak2=0.1583802818786353,lag_off=-2.0,confirmed=False
2026-04-24T17:24:33.638974,AUTOCORR_RESULT,autocorr classification,freq=2413926739.9267397,votes=0,total=10,score=0.0,confirmed=False
2026-04-24T17:24:33.712386,AUTOCORR_SAMPLE,Per-buffer autocorr result,freq=2483567765.5677657,peak=-0.015169661492109299,peak2=0.10459180176258087,lag_off=6.0,confirmed=False
2026-04-24T17:24:33.715061,AUTOCORR_SAMPLE,Per-buffer autocorr result,freq=2483567765.5677657,peak=0.09426908101886511,peak2=0.14688780065625906,lag_off=6.0,confirmed=False
2026-04-24T17:24:33.715656,AUTOCORR_SAMPLE,Per-buffer autocorr result,freq=2483567765.5677657,peak=0.08921377596561797,peak2=0.08399055388872512,lag_off=-5.0,confirmed=False
2026-04-24T17:24:33.718225,AUTOCORR_SAMPLE,Per-buffer autocorr result,freq=2483567765.5677657,peak=-0.22627140581607819,peak2=-0.49277862906455994,lag_off=-3.0,confirmed=False
2026-04-24T17:24:33.720570,AUTOCORR_SAMPLE,Per-buffer autocorr result,freq=2483567765.5677657,peak=0.122296083252877,peak2=0.08897400973364711,lag_off=3.0,confirmed=False
2026-04-24T17:24:33.721395,AUTOCORR_SAMPLE,Per-buffer autocorr result,freq=2483567765.5677657,peak=0.1568524776957929,peak2=0.0776627822779119,lag_off=-4.0,confirmed=False
2026-04-24T17:24:33.724228,AUTOCORR_SAMPLE,Per-buffer autocorr result,freq=2483567765.5677657,peak=0.02909543551504612,peak2=0.04186822101473808,lag_off=-1.0,confirmed=False
2026-04-24T17:24:33.726827,AUTOCORR_SAMPLE,Per-buffer autocorr result,freq=2483567765.5677657,peak=0.12428868241840973,peak2=0.12780811317497864,lag_off=4.0,confirmed=False
2026-04-24T17:24:33.727507,AUTOCORR_SAMPLE,Per-buffer autocorr result,freq=2483567765.5677657,peak=0.10265821125358343,peak2=0.06185740511864424,lag_off=6.0,confirmed=False
2026-04-24T17:24:33.730046,AUTOCORR_SAMPLE,Per-buffer autocorr result,freq=2483567765.5677657,peak=0.08009884937200695,peak2=0.06787808670196682,lag_off=-4.0,confirmed=False
2026-04-24T17:24:33.730121,AUTOCORR_RESULT,autocorr classification,freq=2483567765.5677657,votes=0,total=10,score=0.0,confirmed=False
2026-04-24T17:24:33.906716,AUTOCORR_SAMPLE,Per-buffer autocorr result,freq=2612285714.285714,peak=0.20701260585337877,peak2=0.1893179239705205,lag_off=6.0,confirmed=False
2026-04-24T17:24:33.908003,AUTOCORR_SAMPLE,Per-buffer autocorr result,freq=2612285714.285714,peak=0.05938732624053955,peak2=0.032102884724736214,lag_off=-1.0,confirmed=False
2026-04-24T17:24:33.916928,AUTOCORR_SAMPLE,Per-buffer autocorr result,freq=2612285714.285714,peak=0.1755155250430107,peak2=0.211511991918087,lag_off=6.0,confirmed=False
2026-04-24T17:24:33.917654,AUTOCORR_SAMPLE,Per-buffer autocorr result,freq=2612285714.285714,peak=0.1119353249669075,peak2=0.06532300263643265,lag_off=2.0,confirmed=False
2026-04-24T17:24:33.922845,AUTOCORR_SAMPLE,Per-buffer autocorr result,freq=2612285714.285714,peak=0.2651329478248954,peak2=0.0984153589233756,lag_off=-2.0,confirmed=False
2026-04-24T17:24:33.928189,AUTOCORR_SAMPLE,Per-buffer autocorr result,freq=2612285714.285714,peak=0.02275588922202587,peak2=0.02351938933134079,lag_off=-3.0,confirmed=False
2026-04-24T17:24:33.933764,AUTOCORR_SAMPLE,Per-buffer autocorr result,freq=2612285714.285714,peak=0.10035212151706219,peak2=0.14145552180707455,lag_off=-5.0,confirmed=False
2026-04-24T17:24:33.934606,AUTOCORR_SAMPLE,Per-buffer autocorr result,freq=2612285714.285714,peak=0.03999556181952357,peak2=0.01391207566484809,lag_off=-4.0,confirmed=False
2026-04-24T17:24:33.939604,AUTOCORR_SAMPLE,Per-buffer autocorr result,freq=2612285714.285714,peak=0.06423687748610973,peak2=0.05560070835053921,lag_off=-5.0,confirmed=False
2026-04-24T17:24:33.945559,AUTOCORR_SAMPLE,Per-buffer autocorr result,freq=2612285714.285714,peak=0.02076941356062889,peak2=0.04570237826555967,lag_off=0.0,confirmed=False
2026-04-24T17:24:33.953750,AUTOCORR_RESULT,autocorr classification,freq=2612285714.285714,votes=0,total=10,score=0.0,confirmed=False
2026-04-24T17:24:34.011426,AUTOCORR_SAMPLE,Per-buffer autocorr result,freq=2644803418.8034186,peak=0.05938732624053955,peak2=0.032102884724736214,lag_off=-1.0,confirmed=False
2026-04-24T17:24:34.015297,AUTOCORR_SAMPLE,Per-buffer autocorr result,freq=2644803418.8034186,peak=-0.03942330926656723,peak2=-0.23027947545051575,lag_off=-4.0,confirmed=False
2026-04-24T17:24:34.016102,AUTOCORR_SAMPLE,Per-buffer autocorr result,freq=2644803418.8034186,peak=0.03943149745464325,peak2=0.012363206595182419,lag_off=-6.0,confirmed=False
2026-04-24T17:24:34.018774,AUTOCORR_SAMPLE,Per-buffer autocorr result,freq=2644803418.8034186,peak=0.022452913224697113,peak2=-0.03621531464159489,lag_off=-2.0,confirmed=False
2026-04-24T17:24:34.019529,AUTOCORR_SAMPLE,Per-buffer autocorr result,freq=2644803418.8034186,peak=-0.007091328501701355,peak2=-0.03470095805823803,lag_off=-1.0,confirmed=False
2026-04-24T17:24:34.022758,AUTOCORR_SAMPLE,Per-buffer autocorr result,freq=2644803418.8034186,peak=0.04583137854933739,peak2=-0.019254270941019058,lag_off=5.0,confirmed=False
2026-04-24T17:24:34.026127,AUTOCORR_SAMPLE,Per-buffer autocorr result,freq=2644803418.8034186,peak=-0.2471977211534977,peak2=-0.32755279541015625,lag_off=-2.0,confirmed=False
2026-04-24T17:24:34.026934,AUTOCORR_SAMPLE,Per-buffer autocorr result,freq=2644803418.8034186,peak=-0.030711516737937927,peak2=-0.12365776859223843,lag_off=-4.0,confirmed=False
2026-04-24T17:24:34.027644,AUTOCORR_SAMPLE,Per-buffer autocorr result,freq=2644803418.8034186,peak=-0.13032605964690447,peak2=-0.2016446888446808,lag_off=-1.0,confirmed=False
2026-04-24T17:24:34.032209,AUTOCORR_SAMPLE,Per-buffer autocorr result,freq=2644803418.8034186,peak=-0.17267240211367607,peak2=-0.384624719619751,lag_off=-5.0,confirmed=False
2026-04-24T17:24:34.032346,AUTOCORR_RESULT,autocorr classification,freq=2644803418.8034186,votes=0,total=10,score=0.0,confirmed=False
2026-04-24T17:24:34.086241,AUTOCORR_SAMPLE,Per-buffer autocorr result,freq=2652525030.5250306,peak=-0.007091328501701355,peak2=-0.03470095805823803,lag_off=-1.0,confirmed=False
2026-04-24T17:24:34.089773,AUTOCORR_SAMPLE,Per-buffer autocorr result,freq=2652525030.5250306,peak=0.04814116656780243,peak2=0.05053506791591644,lag_off=5.0,confirmed=False
2026-04-24T17:24:34.090847,AUTOCORR_SAMPLE,Per-buffer autocorr result,freq=2652525030.5250306,peak=0.10228633404767606,peak2=0.05388108910119627,lag_off=-1.0,confirmed=False
2026-04-24T17:24:34.093872,AUTOCORR_SAMPLE,Per-buffer autocorr result,freq=2652525030.5250306,peak=0.0289149209856987,peak2=-0.058748023584485054,lag_off=-3.0,confirmed=False
2026-04-24T17:24:34.096830,AUTOCORR_SAMPLE,Per-buffer autocorr result,freq=2652525030.5250306,peak=0.08686931617558002,peak2=0.03322918154299259,lag_off=0.0,confirmed=False
2026-04-24T17:24:34.097513,AUTOCORR_SAMPLE,Per-buffer autocorr result,freq=2652525030.5250306,peak=-0.17065027356147766,peak2=-0.33600082993507385,lag_off=-1.0,confirmed=False
2026-04-24T17:24:34.100755,AUTOCORR_SAMPLE,Per-buffer autocorr result,freq=2652525030.5250306,peak=0.06619217665866017,peak2=0.06893620314076543,lag_off=6.0,confirmed=False
2026-04-24T17:24:34.101537,AUTOCORR_SAMPLE,Per-buffer autocorr result,freq=2652525030.5250306,peak=0.06857391749508679,peak2=0.1159955591429025,lag_off=3.0,confirmed=False
2026-04-24T17:24:34.104581,AUTOCORR_SAMPLE,Per-buffer autocorr result,freq=2652525030.5250306,peak=0.09575004875659943,peak2=0.11089692264795303,lag_off=0.0,confirmed=False
2026-04-24T17:24:34.105334,AUTOCORR_SAMPLE,Per-buffer autocorr result,freq=2652525030.5250306,peak=0.008102662861347198,peak2=0.01399245485663414,lag_off=-6.0,confirmed=False
2026-04-24T17:24:34.105427,AUTOCORR_RESULT,autocorr classification,freq=2652525030.5250306,votes=0,total=10,score=0.0,confirmed=False
2026-04-24T17:24:34.735808,AUTOCORR_SAMPLE,Per-buffer autocorr result,freq=3168358974.3589745,peak=0.10543790645897388,peak2=0.042916836217045784,lag_off=0.0,confirmed=False
2026-04-24T17:24:34.736589,AUTOCORR_SAMPLE,Per-buffer autocorr result,freq=3168358974.3589745,peak=0.2839764356613159,peak2=0.096927709877491,lag_off=0.0,confirmed=False
2026-04-24T17:24:34.739812,AUTOCORR_SAMPLE,Per-buffer autocorr result,freq=3168358974.3589745,peak=0.03689372120425105,peak2=0.02942674933001399,lag_off=6.0,confirmed=False
2026-04-24T17:24:34.742875,AUTOCORR_SAMPLE,Per-buffer autocorr result,freq=3168358974.3589745,peak=0.06054443120956421,peak2=0.09423254802823067,lag_off=-1.0,confirmed=False
2026-04-24T17:24:34.743594,AUTOCORR_SAMPLE,Per-buffer autocorr result,freq=3168358974.3589745,peak=0.10916237998753786,peak2=0.04032451566308737,lag_off=-2.0,confirmed=False
2026-04-24T17:24:34.746168,AUTOCORR_SAMPLE,Per-buffer autocorr result,freq=3168358974.3589745,peak=0.20500631257891655,peak2=0.1183515377342701,lag_off=-6.0,confirmed=False
2026-04-24T17:24:34.748445,AUTOCORR_SAMPLE,Per-buffer autocorr result,freq=3168358974.3589745,peak=0.28732792288064957,peak2=0.02661063289269805,lag_off=2.0,confirmed=False
2026-04-24T17:24:34.749192,AUTOCORR_SAMPLE,Per-buffer autocorr result,freq=3168358974.3589745,peak=0.19475772976875305,peak2=0.11708298325538635,lag_off=-3.0,confirmed=False
2026-04-24T17:24:34.751644,AUTOCORR_SAMPLE,Per-buffer autocorr result,freq=3168358974.3589745,peak=0.08517428487539291,peak2=0.13344606757164001,lag_off=-4.0,confirmed=False
2026-04-24T17:24:34.752323,AUTOCORR_SAMPLE,Per-buffer autocorr result,freq=3168358974.3589745,peak=0.14454321470111609,peak2=0.16167087759822607,lag_off=5.0,confirmed=False
2026-04-24T17:24:34.754075,AUTOCORR_RESULT,autocorr classification,freq=3168358974.3589745,votes=0,total=10,score=0.0,confirmed=False
2026-04-24T17:24:36.050335,AUTOCORR_SAMPLE,Per-buffer autocorr result,freq=4157653235.6532354,peak=0.041737450286746025,peak2=0.08964657969772816,lag_off=-6.0,confirmed=False
2026-04-24T17:24:36.053398,AUTOCORR_SAMPLE,Per-buffer autocorr result,freq=4157653235.6532354,peak=0.1138591505587101,peak2=0.040452903136610985,lag_off=0.0,confirmed=False
2026-04-24T17:24:36.054444,AUTOCORR_SAMPLE,Per-buffer autocorr result,freq=4157653235.6532354,peak=0.04272585082799196,peak2=0.09471868630498648,lag_off=-2.0,confirmed=False
2026-04-24T17:24:36.060189,AUTOCORR_SAMPLE,Per-buffer autocorr result,freq=4157653235.6532354,peak=0.07842824794352055,peak2=0.11350773833692074,lag_off=-3.0,confirmed=False
2026-04-24T17:24:36.061154,AUTOCORR_SAMPLE,Per-buffer autocorr result,freq=4157653235.6532354,peak=0.07146819494664669,peak2=0.07526077516376972,lag_off=-6.0,confirmed=False
2026-04-24T17:24:36.064061,AUTOCORR_SAMPLE,Per-buffer autocorr result,freq=4157653235.6532354,peak=0.05735291470773518,peak2=0.07609614287503064,lag_off=3.0,confirmed=False
2026-04-24T17:24:36.064734,AUTOCORR_SAMPLE,Per-buffer autocorr result,freq=4157653235.6532354,peak=0.10449907230213284,peak2=0.07249733852222562,lag_off=6.0,confirmed=False
2026-04-24T17:24:36.068346,AUTOCORR_SAMPLE,Per-buffer autocorr result,freq=4157653235.6532354,peak=0.1423627780750394,peak2=0.08189052809029818,lag_off=-2.0,confirmed=False
2026-04-24T17:24:36.068977,AUTOCORR_SAMPLE,Per-buffer autocorr result,freq=4157653235.6532354,peak=0.11362316738814116,peak2=0.06822069268673658,lag_off=-3.0,confirmed=False
2026-04-24T17:24:36.072474,AUTOCORR_SAMPLE,Per-buffer autocorr result,freq=4157653235.6532354,peak=0.07812144793570042,peak2=0.10544478334486485,lag_off=5.0,confirmed=False
2026-04-24T17:24:36.072641,AUTOCORR_RESULT,autocorr classification,freq=4157653235.6532354,votes=0,total=10,score=0.0,confirmed=False
2026-04-24T17:24:37.254213,AUTOCORR_SAMPLE,Per-buffer autocorr result,freq=5084442002.442002,peak=0.1318692178465426,peak2=0.11460274318233132,lag_off=-3.0,confirmed=False
2026-04-24T17:24:37.254935,AUTOCORR_SAMPLE,Per-buffer autocorr result,freq=5084442002.442002,peak=0.09551681112498045,peak2=0.02142300270497799,lag_off=-4.0,confirmed=False
2026-04-24T17:24:37.257789,AUTOCORR_SAMPLE,Per-buffer autocorr result,freq=5084442002.442002,peak=0.06291351655090693,peak2=0.10265228339994792,lag_off=2.0,confirmed=False
2026-04-24T17:24:37.260397,AUTOCORR_SAMPLE,Per-buffer autocorr result,freq=5084442002.442002,peak=0.04282102803699672,peak2=0.07137324730865657,lag_off=0.0,confirmed=False
2026-04-24T17:24:37.261112,AUTOCORR_SAMPLE,Per-buffer autocorr result,freq=5084442002.442002,peak=0.05819079652428627,peak2=-0.00858277641236782,lag_off=-2.0,confirmed=False
2026-04-24T17:24:37.264908,AUTOCORR_SAMPLE,Per-buffer autocorr result,freq=5084442002.442002,peak=0.10862826355150901,peak2=0.18133165486506186,lag_off=-2.0,confirmed=False
2026-04-24T17:24:37.268170,AUTOCORR_SAMPLE,Per-buffer autocorr result,freq=5084442002.442002,peak=0.02873441530391574,peak2=0.0750398407690227,lag_off=-6.0,confirmed=False
2026-04-24T17:24:37.268800,AUTOCORR_SAMPLE,Per-buffer autocorr result,freq=5084442002.442002,peak=0.15569980535656214,peak2=0.13362714741379023,lag_off=-6.0,confirmed=False
2026-04-24T17:24:37.269422,AUTOCORR_SAMPLE,Per-buffer autocorr result,freq=5084442002.442002,peak=0.16980755515396595,peak2=0.027597240172326565,lag_off=5.0,confirmed=False
2026-04-24T17:24:37.272658,AUTOCORR_SAMPLE,Per-buffer autocorr result,freq=5084442002.442002,peak=0.09281911514699459,peak2=0.03834548033773899,lag_off=-4.0,confirmed=False
2026-04-24T17:24:37.274507,AUTOCORR_RESULT,autocorr classification,freq=5084442002.442002,votes=0,total=10,score=0.0,confirmed=False
