2026-04-24T17:26:31.413343,AUTOCORR_SAMPLE,Per-buffer autocorr result,freq=125384615.38461539,peak=0.12366496509639546,peak2=0.044994448486249894,lag_off=5.0,confirmed=False
2026-04-24T17:26:31.416326,AUTOCORR_SAMPLE,Per-buffer autocorr result,freq=125384615.38461539,peak=-0.03310376778244972,peak2=0.05870399437844753,lag_off=-4.0,confirmed=False
2026-04-24T17:26:31.416996,AUTOCORR_SAMPLE,Per-buffer autocorr result,freq=125384615.38461539,peak=0.09634393826127052,peak2=0.11966896429657936,lag_off=-3.0,confirmed=False
2026-04-24T17:26:31.420257,AUTOCORR_SAMPLE,Per-buffer autocorr result,freq=125384615.38461539,peak=0.08244303613901138,peak2=0.06541356444358826,lag_off=0.0,confirmed=False
2026-04-24T17:26:31.420992,AUTOCORR_SAMPLE,Per-buffer autocorr result,freq=125384615.38461539,peak=0.14731450751423836,peak2=0.12927746400237083,lag_off=6.0,confirmed=False
2026-04-24T17:26:31.421671,AUTOCORR_SAMPLE,Per-buffer autocorr result,freq=125384615.38461539,peak=0.037153120152652264,peak2=0.10074262600392103,lag_off=1.0,confirmed=False
2026-04-24T17:26:31.424345,AUTOCORR_SAMPLE,Per-buffer autocorr result,freq=125384615.38461539,peak=0.09389331564307213,peak2=0.11658024415373802,lag_off=-2.0,confirmed=False
2026-04-24T17:26:31.427772,AUTOCORR_SAMPLE,Per-buffer autocorr result,freq=125384615.38461539,peak=0.11484733410179615,peak2=0.03304317593574524,lag_off=-3.0,confirmed=False
2026-04-24T17:26:31.428467,AUTOCORR_SAMPLE,Per-buffer autocorr result,freq=125384615.38461539,peak=0.0035487322602421045,peak2=0.08372003049589694,lag_off=6.0,confirmed=False
2026-04-24T17:26:31.429052,AUTOCORR_SAMPLE,Per-buffer autocorr result,freq=125384615.38461539,peak=0.13331987895071507,peak2=0.11602615751326084,lag_off=2.0,confirmed=False
2026-04-24T17:26:31.430813,AUTOCORR_RESULT,autocorr classification,freq=125384615.38461539,votes=0,total=10,score=0.0,confirmed=False
2026-04-24T17:26:31.476043,AUTOCORR_SAMPLE,Per-buffer autocorr result,freq=158620268.6202686,peak=0.1313834860920906,peak2=0.06870045140385628,lag_off=-2.0,confirmed=False
2026-04-24T17:26:31.479084,AUTOCORR_SAMPLE,Per-buffer autocorr result,freq=158620268.6202686,peak=0.06406534695997834,peak2=0.09736928576603532,lag_off=-5.0,confirmed=False
2026-04-24T17:26:31.481869,AUTOCORR_SAMPLE,Per-buffer autocorr result,freq=158620268.6202686,peak=0.10306213703006506,peak2=0.05082132946699858,lag_off=2.0,confirmed=False
2026-04-24T17:26:31.482714,AUTOCORR_SAMPLE,Per-buffer autocorr result,freq=158620268.6202686,peak=0.12031593173742294,peak2=0.030807295814156532,lag_off=-6.0,confirmed=False
2026-04-24T17:26:31.486159,AUTOCORR_SAMPLE,Per-buffer autocorr result,freq=158620268.6202686,peak=0.1496716127730906,peak2=0.06517893681302667,lag_off=0.0,confirmed=False
2026-04-24T17:26:31.486989,AUTOCORR_SAMPLE,Per-buffer autocorr result,freq=158620268.6202686,peak=0.07786667719483376,peak2=0.07395046576857567,lag_off=-4.0,confirmed=False
2026-04-24T17:26:31.491141,AUTOCORR_SAMPLE,Per-buffer autocorr result,freq=158620268.6202686,peak=0.08474407345056534,peak2=0.0935315191745758,lag_off=4.0,confirmed=False
2026-04-24T17:26:31.494553,AUTOCORR_SAMPLE,Per-buffer autocorr result,freq=158620268.6202686,peak=0.08267650566995144,peak2=0.007710447534918785,lag_off=1.0,confirmed=False
2026-04-24T17:26:31.495204,AUTOCORR_SAMPLE,Per-buffer autocorr result,freq=158620268.6202686,peak=0.09090530127286911,peak2=0.16926413029432297,lag_off=-3.0,confirmed=False
2026-04-24T17:26:31.498215,AUTOCORR_SAMPLE,Per-buffer autocorr result,freq=158620268.6202686,peak=0.08752982132136822,peak2=0.04156520403921604,lag_off=-1.0,confirmed=False
2026-04-24T17:26:31.498323,AUTOCORR_RESULT,autocorr classification,freq=158620268.6202686,votes=0,total=10,score=0.0,confirmed=False
2026-04-24T17:26:31.702815,AUTOCORR_SAMPLE,Per-buffer autocorr result,freq=245777777.7777778,peak=0.08960612863302231,peak2=0.002369377762079239,lag_off=3.0,confirmed=False
2026-04-24T17:26:31.707009,AUTOCORR_SAMPLE,Per-buffer autocorr result,freq=245777777.7777778,peak=0.1437968024984002,peak2=0.07807292882353067,lag_off=-4.0,confirmed=False
2026-04-24T17:26:31.707866,AUTOCORR_SAMPLE,Per-buffer autocorr result,freq=245777777.7777778,peak=0.020476090256124735,peak2=0.15472766757011414,lag_off=-2.0,confirmed=False
2026-04-24T17:26:31.708723,AUTOCORR_SAMPLE,Per-buffer autocorr result,freq=245777777.7777778,peak=0.0001796931028366089,peak2=0.08715802803635597,lag_off=-4.0,confirmed=False
2026-04-24T17:26:31.712827,AUTOCORR_SAMPLE,Per-buffer autocorr result,freq=245777777.7777778,peak=0.09160824213176966,peak2=0.07215279433876276,lag_off=0.0,confirmed=False
2026-04-24T17:26:31.713654,AUTOCORR_SAMPLE,Per-buffer autocorr result,freq=245777777.7777778,peak=-0.14730495074763894,peak2=-0.026889413595199585,lag_off=-3.0,confirmed=False
2026-04-24T17:26:31.718459,AUTOCORR_SAMPLE,Per-buffer autocorr result,freq=245777777.7777778,peak=0.0675804540514946,peak2=-0.04069310054183006,lag_off=-2.0,confirmed=False
2026-04-24T17:26:31.719522,AUTOCORR_SAMPLE,Per-buffer autocorr result,freq=245777777.7777778,peak=-0.10576978884637356,peak2=-0.08970188722014427,lag_off=-4.0,confirmed=False
2026-04-24T17:26:31.723709,AUTOCORR_SAMPLE,Per-buffer autocorr result,freq=245777777.7777778,peak=0.0810711570084095,peak2=-0.027941953390836716,lag_off=-4.0,confirmed=False
2026-04-24T17:26:31.724677,AUTOCORR_SAMPLE,Per-buffer autocorr result,freq=245777777.7777778,peak=0.09564064256846905,peak2=0.125957315787673,lag_off=-4.0,confirmed=False
2026-04-24T17:26:31.724762,AUTOCORR_RESULT,autocorr classification,freq=245777777.7777778,votes=0,total=10,score=0.0,confirmed=False
2026-04-24T17:26:31.750181,AUTOCORR_SAMPLE,Per-buffer autocorr result,freq=265877899.8778999,peak=0.0810711570084095,peak2=-0.027941953390836716,lag_off=-4.0,confirmed=False
2026-04-24T17:26:31.751411,AUTOCORR_SAMPLE,Per-buffer autocorr result,freq=265877899.8778999,peak=0.01384660229086876,peak2=0.001860218122601509,lag_off=4.0,confirmed=False
2026-04-24T17:26:31.755309,AUTOCORR_SAMPLE,Per-buffer autocorr result,freq=265877899.8778999,peak=0.10517669562250376,peak2=0.03244519326835871,lag_off=3.0,confirmed=False
2026-04-24T17:26:31.758624,AUTOCORR_SAMPLE,Per-buffer autocorr result,freq=265877899.8778999,peak=0.0831045345403254,peak2=0.08597757527604699,lag_off=-2.0,confirmed=False
2026-04-24T17:26:31.759531,AUTOCORR_SAMPLE,Per-buffer autocorr result,freq=265877899.8778999,peak=0.11394175235182047,peak2=0.0499874884262681,lag_off=5.0,confirmed=False
2026-04-24T17:26:31.763127,AUTOCORR_SAMPLE,Per-buffer autocorr result,freq=265877899.8778999,peak=0.006425649859011173,peak2=0.04858740419149399,lag_off=-1.0,confirmed=False
2026-04-24T17:26:31.766823,AUTOCORR_SAMPLE,Per-buffer autocorr result,freq=265877899.8778999,peak=-0.031716711702756584,peak2=-0.01395564153790474,lag_off=-4.0,confirmed=False
2026-04-24T17:26:31.767994,AUTOCORR_SAMPLE,Per-buffer autocorr result,freq=265877899.8778999,peak=0.05463442765176296,peak2=-0.011942202225327492,lag_off=5.0,confirmed=False
2026-04-24T17:26:31.771472,AUTOCORR_SAMPLE,Per-buffer autocorr result,freq=265877899.8778999,peak=0.11891163419932127,peak2=0.051080609671771526,lag_off=-4.0,confirmed=False
2026-04-24T17:26:31.772615,AUTOCORR_SAMPLE,Per-buffer autocorr result,freq=265877899.8778999,peak=0.11031039617955685,peak2=0.0580118615180254,lag_off=0.0,confirmed=False
2026-04-24T17:26:31.772710,AUTOCORR_RESULT,autocorr classification,freq=265877899.8778999,votes=0,total=10,score=0.0,confirmed=False
2026-04-24T17:26:31.839929,AUTOCORR_SAMPLE,Per-buffer autocorr result,freq=294244200.2442002,peak=0.1428276248916518,peak2=0.09182512990082614,lag_off=-4.0,confirmed=False
2026-04-24T17:26:31.844143,AUTOCORR_SAMPLE,Per-buffer autocorr result,freq=294244200.2442002,peak=0.13423825334757566,peak2=0.04039210360497236,lag_off=4.0,confirmed=False
2026-04-24T17:26:31.845520,AUTOCORR_SAMPLE,Per-buffer autocorr result,freq=294244200.2442002,peak=-0.10139407217502594,peak2=-0.08108928194269538,lag_off=2.0,confirmed=False
2026-04-24T17:26:31.850372,AUTOCORR_SAMPLE,Per-buffer autocorr result,freq=294244200.2442002,peak=0.047895437106490135,peak2=0.07971678115427494,lag_off=-1.0,confirmed=False
2026-04-24T17:26:31.851352,AUTOCORR_SAMPLE,Per-buffer autocorr result,freq=294244200.2442002,peak=0.046358126448467374,peak2=0.036084770457819104,lag_off=5.0,confirmed=False
2026-04-24T17:26:31.856096,AUTOCORR_SAMPLE,Per-buffer autocorr result,freq=294244200.2442002,peak=0.04040256328880787,peak2=0.021248238161206245,lag_off=6.0,confirmed=False
2026-04-24T17:26:31.861181,AUTOCORR_SAMPLE,Per-buffer autocorr result,freq=294244200.2442002,peak=0.06940366886556149,peak2=0.016800981713458896,lag_off=-1.0,confirmed=False
2026-04-24T17:26:31.862557,AUTOCORR_SAMPLE,Per-buffer autocorr result,freq=294244200.2442002,peak=-0.015793009661138058,peak2=0.07210947386920452,lag_off=5.0,confirmed=False
2026-04-24T17:26:31.867552,AUTOCORR_SAMPLE,Per-buffer autocorr result,freq=294244200.2442002,peak=0.038255687803030014,peak2=-0.06296060234308243,lag_off=1.0,confirmed=False
2026-04-24T17:26:31.872805,AUTOCORR_SAMPLE,Per-buffer autocorr result,freq=294244200.2442002,peak=0.10923375748097897,peak2=0.030621252488344908,lag_off=6.0,confirmed=False
2026-04-24T17:26:31.873029,AUTOCORR_RESULT,autocorr classification,freq=294244200.2442002,votes=0,total=10,score=0.0,confirmed=False
2026-04-24T17:26:31.896861,AUTOCORR_SAMPLE,Per-buffer autocorr result,freq=313897435.8974359,peak=0.13423825334757566,peak2=0.04039210360497236,lag_off=4.0,confirmed=False
2026-04-24T17:26:31.900984,AUTOCORR_SAMPLE,Per-buffer autocorr result,freq=313897435.8974359,peak=0.09647430898621678,peak2=0.08127405913546681,lag_off=3.0,confirmed=False
2026-04-24T17:26:31.902148,AUTOCORR_SAMPLE,Per-buffer autocorr result,freq=313897435.8974359,peak=0.05216304038185626,peak2=0.08786793251056224,lag_off=-6.0,confirmed=False
2026-04-24T17:26:31.905613,AUTOCORR_SAMPLE,Per-buffer autocorr result,freq=313897435.8974359,peak=0.08055533096194267,peak2=0.020807204768061638,lag_off=-2.0,confirmed=False
2026-04-24T17:26:31.906623,AUTOCORR_SAMPLE,Per-buffer autocorr result,freq=313897435.8974359,peak=0.05337002873420715,peak2=-0.020825497806072235,lag_off=5.0,confirmed=False
2026-04-24T17:26:31.910225,AUTOCORR_SAMPLE,Per-buffer autocorr result,freq=313897435.8974359,peak=0.11351009178906679,peak2=0.03811242897063494,lag_off=3.0,confirmed=False
2026-04-24T17:26:31.911125,AUTOCORR_SAMPLE,Per-buffer autocorr result,freq=313897435.8974359,peak=0.07340352423489094,peak2=-0.01098680729046464,lag_off=-2.0,confirmed=False
2026-04-24T17:26:31.914832,AUTOCORR_SAMPLE,Per-buffer autocorr result,freq=313897435.8974359,peak=0.11971130780875683,peak2=0.05967605300247669,lag_off=-6.0,confirmed=False
2026-04-24T17:26:31.919088,AUTOCORR_SAMPLE,Per-buffer autocorr result,freq=313897435.8974359,peak=0.04325704765506089,peak2=0.05690380674786866,lag_off=-4.0,confirmed=False
2026-04-24T17:26:31.919921,AUTOCORR_SAMPLE,Per-buffer autocorr result,freq=313897435.8974359,peak=0.07741894875653088,peak2=0.10108632897026837,lag_off=3.0,confirmed=False
2026-04-24T17:26:31.920134,AUTOCORR_RESULT,autocorr classification,freq=313897435.8974359,votes=0,total=10,score=0.0,confirmed=False
2026-04-24T17:26:32.052903,AUTOCORR_SAMPLE,Per-buffer autocorr result,freq=393641025.64102566,peak=0.1313156266696751,peak2=0.03650336945429444,lag_off=4.0,confirmed=False
2026-04-24T17:26:32.053707,AUTOCORR_SAMPLE,Per-buffer autocorr result,freq=393641025.64102566,peak=0.007716679014265537,peak2=0.051919969730079174,lag_off=4.0,confirmed=False
2026-04-24T17:26:32.057270,AUTOCORR_SAMPLE,Per-buffer autocorr result,freq=393641025.64102566,peak=0.13881273893639445,peak2=0.12451280979439616,lag_off=3.0,confirmed=False
2026-04-24T17:26:32.058347,AUTOCORR_SAMPLE,Per-buffer autocorr result,freq=393641025.64102566,peak=0.020661942660808563,peak2=0.04099852591753006,lag_off=-2.0,confirmed=False
2026-04-24T17:26:32.061709,AUTOCORR_SAMPLE,Per-buffer autocorr result,freq=393641025.64102566,peak=0.08743241056799889,peak2=0.11418091133236885,lag_off=-4.0,confirmed=False
2026-04-24T17:26:32.065263,AUTOCORR_SAMPLE,Per-buffer autocorr result,freq=393641025.64102566,peak=0.10234941728413105,peak2=0.04925675131380558,lag_off=-5.0,confirmed=False
2026-04-24T17:26:32.066324,AUTOCORR_SAMPLE,Per-buffer autocorr result,freq=393641025.64102566,peak=0.12833737768232822,peak2=0.1030255425721407,lag_off=3.0,confirmed=False
2026-04-24T17:26:32.070359,AUTOCORR_SAMPLE,Per-buffer autocorr result,freq=393641025.64102566,peak=0.17445093020796776,peak2=0.08990855887532234,lag_off=-4.0,confirmed=False
2026-04-24T17:26:32.078312,AUTOCORR_SAMPLE,Per-buffer autocorr result,freq=393641025.64102566,peak=0.1330199835356325,peak2=0.07187177217565477,lag_off=-2.0,confirmed=False
2026-04-24T17:26:32.079433,AUTOCORR_SAMPLE,Per-buffer autocorr result,freq=393641025.64102566,peak=0.10153590654954314,peak2=0.017418091651052237,lag_off=1.0,confirmed=False
2026-04-24T17:26:32.079567,AUTOCORR_RESULT,autocorr classification,freq=393641025.64102566,votes=0,total=10,score=0.0,confirmed=False
2026-04-24T17:26:32.315145,AUTOCORR_SAMPLE,Per-buffer autocorr result,freq=564273504.2735043,peak=0.12322365026921034,peak2=0.06451732199639082,lag_off=4.0,confirmed=False
2026-04-24T17:26:32.318678,AUTOCORR_SAMPLE,Per-buffer autocorr result,freq=564273504.2735043,peak=0.04339416977018118,peak2=0.033724560402333736,lag_off=-1.0,confirmed=False
2026-04-24T17:26:32.319356,AUTOCORR_SAMPLE,Per-buffer autocorr result,freq=564273504.2735043,peak=0.13229548977687955,peak2=0.04135725321248174,lag_off=2.0,confirmed=False
2026-04-24T17:26:32.322545,AUTOCORR_SAMPLE,Per-buffer autocorr result,freq=564273504.2735043,peak=0.0434272326529026,peak2=-0.018385852687060833,lag_off=-5.0,confirmed=False
2026-04-24T17:26:32.323463,AUTOCORR_SAMPLE,Per-buffer autocorr result,freq=564273504.2735043,peak=0.09423426492139697,peak2=0.029602866154164076,lag_off=-1.0,confirmed=False
2026-04-24T17:26:32.326615,AUTOCORR_SAMPLE,Per-buffer autocorr result,freq=564273504.2735043,peak=0.06101895123720169,peak2=0.028253402560949326,lag_off=-2.0,confirmed=False
2026-04-24T17:26:32.330130,AUTOCORR_SAMPLE,Per-buffer autocorr result,freq=564273504.2735043,peak=0.07081746496260166,peak2=0.05941777117550373,lag_off=0.0,confirmed=False
2026-04-24T17:26:32.330997,AUTOCORR_SAMPLE,Per-buffer autocorr result,freq=564273504.2735043,peak=0.02564721181988716,peak2=-0.06326653063297272,lag_off=4.0,confirmed=False
2026-04-24T17:26:32.334236,AUTOCORR_SAMPLE,Per-buffer autocorr result,freq=564273504.2735043,peak=0.07821590453386307,peak2=0.02336716651916504,lag_off=-1.0,confirmed=False
2026-04-24T17:26:32.335077,AUTOCORR_SAMPLE,Per-buffer autocorr result,freq=564273504.2735043,peak=0.11630120128393173,peak2=0.06826342642307281,lag_off=1.0,confirmed=False
2026-04-24T17:26:32.335201,AUTOCORR_RESULT,autocorr classification,freq=564273504.2735043,votes=0,total=10,score=0.0,confirmed=False
2026-04-24T17:26:32.353526,AUTOCORR_SAMPLE,Per-buffer autocorr result,freq=586376068.3760684,peak=0.04339416977018118,peak2=0.033724560402333736,lag_off=-1.0,confirmed=False
2026-04-24T17:26:32.356316,AUTOCORR_SAMPLE,Per-buffer autocorr result,freq=586376068.3760684,peak=0.06115901283919811,peak2=0.011855563148856163,lag_off=3.0,confirmed=False
2026-04-24T17:26:32.357278,AUTOCORR_SAMPLE,Per-buffer autocorr result,freq=586376068.3760684,peak=0.027277549728751183,peak2=0.03713041730225086,lag_off=2.0,confirmed=False
2026-04-24T17:26:32.360043,AUTOCORR_SAMPLE,Per-buffer autocorr result,freq=586376068.3760684,peak=0.1132606198079884,peak2=0.07159066246822476,lag_off=-5.0,confirmed=False
2026-04-24T17:26:32.360741,AUTOCORR_SAMPLE,Per-buffer autocorr result,freq=586376068.3760684,peak=0.09964971523731947,peak2=0.07342129480093718,lag_off=5.0,confirmed=False
2026-04-24T17:26:32.363596,AUTOCORR_SAMPLE,Per-buffer autocorr result,freq=586376068.3760684,peak=0.10169393196702003,peak2=0.07983004301786423,lag_off=-3.0,confirmed=False
2026-04-24T17:26:32.366611,AUTOCORR_SAMPLE,Per-buffer autocorr result,freq=586376068.3760684,peak=0.13276998326182365,peak2=-0.009240878745913506,lag_off=0.0,confirmed=False
2026-04-24T17:26:32.367673,AUTOCORR_SAMPLE,Per-buffer autocorr result,freq=586376068.3760684,peak=0.10759794060140848,peak2=0.044581943191587925,lag_off=-1.0,confirmed=False
2026-04-24T17:26:32.371153,AUTOCORR_SAMPLE,Per-buffer autocorr result,freq=586376068.3760684,peak=0.05041061341762543,peak2=0.0034036897122859955,lag_off=-2.0,confirmed=False
2026-04-24T17:26:32.371951,AUTOCORR_SAMPLE,Per-buffer autocorr result,freq=586376068.3760684,peak=0.047387395054101944,peak2=-0.04420437756925821,lag_off=-1.0,confirmed=False
2026-04-24T17:26:32.374032,AUTOCORR_RESULT,autocorr classification,freq=586376068.3760684,votes=0,total=10,score=0.0,confirmed=False
2026-04-24T17:26:32.387900,AUTOCORR_SAMPLE,Per-buffer autocorr result,freq=601804639.8046398,peak=0.06115901283919811,peak2=0.011855563148856163,lag_off=3.0,confirmed=False
2026-04-24T17:26:32.390778,AUTOCORR_SAMPLE,Per-buffer autocorr result,freq=601804639.8046398,peak=0.10931553575210273,peak2=0.09961770358495414,lag_off=-1.0,confirmed=False
2026-04-24T17:26:32.391564,AUTOCORR_SAMPLE,Per-buffer autocorr result,freq=601804639.8046398,peak=0.11391030822414905,peak2=0.06594870809931308,lag_off=6.0,confirmed=False
2026-04-24T17:26:32.394279,AUTOCORR_SAMPLE,Per-buffer autocorr result,freq=601804639.8046398,peak=0.10557010490447283,peak2=0.06283796299248934,lag_off=0.0,confirmed=False
2026-04-24T17:26:32.395079,AUTOCORR_SAMPLE,Per-buffer autocorr result,freq=601804639.8046398,peak=0.11350351315923035,peak2=0.0813533638138324,lag_off=-1.0,confirmed=False
2026-04-24T17:26:32.397935,AUTOCORR_SAMPLE,Per-buffer autocorr result,freq=601804639.8046398,peak=0.08920575818046927,peak2=0.0656935959123075,lag_off=4.0,confirmed=False
2026-04-24T17:26:32.398783,AUTOCORR_SAMPLE,Per-buffer autocorr result,freq=601804639.8046398,peak=0.1051241944078356,peak2=0.07934260764159262,lag_off=2.0,confirmed=False
2026-04-24T17:26:32.401884,AUTOCORR_SAMPLE,Per-buffer autocorr result,freq=601804639.8046398,peak=0.09732118481770158,peak2=0.044212734792381525,lag_off=4.0,confirmed=False
2026-04-24T17:26:32.402887,AUTOCORR_SAMPLE,Per-buffer autocorr result,freq=601804639.8046398,peak=0.1315621378889773,peak2=0.07971922485739924,lag_off=-2.0,confirmed=False
2026-04-24T17:26:32.406207,AUTOCORR_SAMPLE,Per-buffer autocorr result,freq=601804639.8046398,peak=0.08945999713614583,peak2=0.04154853941872716,lag_off=3.0,confirmed=False
2026-04-24T17:26:32.406348,AUTOCORR_RESULT,autocorr classification,freq=601804639.8046398,votes=0,total=10,score=0.0,confirmed=False
2026-04-24T17:26:32.424627,AUTOCORR_SAMPLE,Per-buffer autocorr result,freq=617614163.6141636,peak=0.10931553575210273,peak2=0.09961770358495414,lag_off=-1.0,confirmed=False
2026-04-24T17:26:32.425363,AUTOCORR_SAMPLE,Per-buffer autocorr result,freq=617614163.6141636,peak=0.08050081878900528,peak2=-0.0010897144675254822,lag_off=3.0,confirmed=False
2026-04-24T17:26:32.428536,AUTOCORR_SAMPLE,Per-buffer autocorr result,freq=617614163.6141636,peak=0.06228645518422127,peak2=0.08400950580835342,lag_off=1.0,confirmed=False
2026-04-24T17:26:32.431219,AUTOCORR_SAMPLE,Per-buffer autocorr result,freq=617614163.6141636,peak=0.02007564902305603,peak2=-0.02079908922314644,lag_off=4.0,confirmed=False
2026-04-24T17:26:32.432352,AUTOCORR_SAMPLE,Per-buffer autocorr result,freq=617614163.6141636,peak=0.04997429111972451,peak2=0.06018629902973771,lag_off=-6.0,confirmed=False
2026-04-24T17:26:32.435656,AUTOCORR_SAMPLE,Per-buffer autocorr result,freq=617614163.6141636,peak=0.02506978251039982,peak2=0.0039013121277093887,lag_off=6.0,confirmed=False
2026-04-24T17:26:32.436369,AUTOCORR_SAMPLE,Per-buffer autocorr result,freq=617614163.6141636,peak=0.09382986277341843,peak2=0.08228421211242676,lag_off=3.0,confirmed=False
2026-04-24T17:26:32.439681,AUTOCORR_SAMPLE,Per-buffer autocorr result,freq=617614163.6141636,peak=0.03493261430412531,peak2=0.06581176538020372,lag_off=-3.0,confirmed=False
2026-04-24T17:26:32.442658,AUTOCORR_SAMPLE,Per-buffer autocorr result,freq=617614163.6141636,peak=0.09529175143688917,peak2=0.05863297265022993,lag_off=6.0,confirmed=False
2026-04-24T17:26:32.443611,AUTOCORR_SAMPLE,Per-buffer autocorr result,freq=617614163.6141636,peak=0.08361110626719892,peak2=0.05527735291980207,lag_off=-6.0,confirmed=False
2026-04-24T17:26:32.443693,AUTOCORR_RESULT,autocorr classification,freq=617614163.6141636,votes=0,total=10,score=0.0,confirmed=False
2026-04-24T17:26:32.463324,AUTOCORR_SAMPLE,Per-buffer autocorr result,freq=640070818.0708181,peak=0.08050081878900528,peak2=-0.0010897144675254822,lag_off=3.0,confirmed=False
2026-04-24T17:26:32.464260,AUTOCORR_SAMPLE,Per-buffer autocorr result,freq=640070818.0708181,peak=0.028232689946889877,peak2=-0.031389559619128704,lag_off=-3.0,confirmed=False
2026-04-24T17:26:32.467691,AUTOCORR_SAMPLE,Per-buffer autocorr result,freq=640070818.0708181,peak=0.09143491834402084,peak2=-0.007249973714351654,lag_off=4.0,confirmed=False
2026-04-24T17:26:32.470836,AUTOCORR_SAMPLE,Per-buffer autocorr result,freq=640070818.0708181,peak=0.09196121525019407,peak2=0.07875299733132124,lag_off=-4.0,confirmed=False
2026-04-24T17:26:32.471766,AUTOCORR_SAMPLE,Per-buffer autocorr result,freq=640070818.0708181,peak=0.02574921026825905,peak2=0.03329327702522278,lag_off=-5.0,confirmed=False
2026-04-24T17:26:32.474463,AUTOCORR_SAMPLE,Per-buffer autocorr result,freq=640070818.0708181,peak=0.058225959772244096,peak2=0.006849323632195592,lag_off=2.0,confirmed=False
2026-04-24T17:26:32.475336,AUTOCORR_SAMPLE,Per-buffer autocorr result,freq=640070818.0708181,peak=0.06798648787662387,peak2=0.05164046538993716,lag_off=4.0,confirmed=False
2026-04-24T17:26:32.478439,AUTOCORR_SAMPLE,Per-buffer autocorr result,freq=640070818.0708181,peak=0.021448561106808484,peak2=0.012846540776081383,lag_off=-3.0,confirmed=False
2026-04-24T17:26:32.479130,AUTOCORR_SAMPLE,Per-buffer autocorr result,freq=640070818.0708181,peak=0.0529576325789094,peak2=0.02637383248656988,lag_off=-3.0,confirmed=False
2026-04-24T17:26:32.482332,AUTOCORR_SAMPLE,Per-buffer autocorr result,freq=640070818.0708181,peak=0.030645457562059164,peak2=0.07724944083020091,lag_off=-4.0,confirmed=False
2026-04-24T17:26:32.482419,AUTOCORR_RESULT,autocorr classification,freq=640070818.0708181,votes=0,total=10,score=0.0,confirmed=False
2026-04-24T17:26:32.497371,AUTOCORR_SAMPLE,Per-buffer autocorr result,freq=664105006.1050061,peak=0.02496190625242889,peak2=0.016758035635575652,lag_off=1.0,confirmed=False
2026-04-24T17:26:32.500558,AUTOCORR_SAMPLE,Per-buffer autocorr result,freq=664105006.1050061,peak=0.02875666320323944,peak2=-0.07408700883388519,lag_off=-5.0,confirmed=False
2026-04-24T17:26:32.501583,AUTOCORR_SAMPLE,Per-buffer autocorr result,freq=664105006.1050061,peak=0.033345429226756096,peak2=0.047138387337327003,lag_off=2.0,confirmed=False
2026-04-24T17:26:32.504802,AUTOCORR_SAMPLE,Per-buffer autocorr result,freq=664105006.1050061,peak=0.11370832845568657,peak2=0.03176276013255119,lag_off=-4.0,confirmed=False
2026-04-24T17:26:32.505648,AUTOCORR_SAMPLE,Per-buffer autocorr result,freq=664105006.1050061,peak=0.0528869666159153,peak2=0.018974654376506805,lag_off=3.0,confirmed=False
2026-04-24T17:26:32.508373,AUTOCORR_SAMPLE,Per-buffer autocorr result,freq=664105006.1050061,peak=0.10193715430796146,peak2=0.0225124079734087,lag_off=2.0,confirmed=False
2026-04-24T17:26:32.509024,AUTOCORR_SAMPLE,Per-buffer autocorr result,freq=664105006.1050061,peak=0.03404559660702944,peak2=0.013190067373216152,lag_off=-1.0,confirmed=False
2026-04-24T17:26:32.512175,AUTOCORR_SAMPLE,Per-buffer autocorr result,freq=664105006.1050061,peak=0.10610849689692259,peak2=0.09829410444945097,lag_off=2.0,confirmed=False
2026-04-24T17:26:32.515102,AUTOCORR_SAMPLE,Per-buffer autocorr result,freq=664105006.1050061,peak=0.137915862724185,peak2=0.05561957322061062,lag_off=3.0,confirmed=False
2026-04-24T17:26:32.515892,AUTOCORR_SAMPLE,Per-buffer autocorr result,freq=664105006.1050061,peak=0.08141319267451763,peak2=0.009037584066390991,lag_off=-2.0,confirmed=False
2026-04-24T17:26:32.516145,AUTOCORR_RESULT,autocorr classification,freq=664105006.1050061,votes=0,total=10,score=0.0,confirmed=False
2026-04-24T17:26:32.531912,AUTOCORR_SAMPLE,Per-buffer autocorr result,freq=685040293.040293,peak=0.13356786966323853,peak2=0.11762988567352295,lag_off=0.0,confirmed=False
2026-04-24T17:26:32.532843,AUTOCORR_SAMPLE,Per-buffer autocorr result,freq=685040293.040293,peak=0.11717910412698984,peak2=0.07780818734318018,lag_off=-2.0,confirmed=False
2026-04-24T17:26:32.535890,AUTOCORR_SAMPLE,Per-buffer autocorr result,freq=685040293.040293,peak=0.10285176523029804,peak2=0.04667080007493496,lag_off=-1.0,confirmed=False
2026-04-24T17:26:32.538881,AUTOCORR_SAMPLE,Per-buffer autocorr result,freq=685040293.040293,peak=0.1319690477102995,peak2=-0.014022454619407654,lag_off=6.0,confirmed=False
2026-04-24T17:26:32.539454,AUTOCORR_SAMPLE,Per-buffer autocorr result,freq=685040293.040293,peak=0.10690591717138886,peak2=0.0301717990078032,lag_off=4.0,confirmed=False
2026-04-24T17:26:32.540150,AUTOCORR_SAMPLE,Per-buffer autocorr result,freq=685040293.040293,peak=0.037170809926465154,peak2=0.05573066440410912,lag_off=-6.0,confirmed=False
2026-04-24T17:26:32.542520,AUTOCORR_SAMPLE,Per-buffer autocorr result,freq=685040293.040293,peak=0.07409918564371765,peak2=0.008119052974507213,lag_off=-5.0,confirmed=False
2026-04-24T17:26:32.543300,AUTOCORR_SAMPLE,Per-buffer autocorr result,freq=685040293.040293,peak=0.05177674791775644,peak2=0.02603971748612821,lag_off=-5.0,confirmed=False
2026-04-24T17:26:32.546035,AUTOCORR_SAMPLE,Per-buffer autocorr result,freq=685040293.040293,peak=0.04393576271831989,peak2=0.01095627062022686,lag_off=-2.0,confirmed=False
2026-04-24T17:26:32.546847,AUTOCORR_SAMPLE,Per-buffer autocorr result,freq=685040293.040293,peak=0.05964888632297516,peak2=-0.02236760052619502,lag_off=1.0,confirmed=False
2026-04-24T17:26:32.546977,AUTOCORR_RESULT,autocorr classification,freq=685040293.040293,votes=0,total=10,score=0.0,confirmed=False
2026-04-24T17:26:32.595239,AUTOCORR_SAMPLE,Per-buffer autocorr result,freq=724417582.4175824,peak=0.12677235493902117,peak2=0.04783284256700426,lag_off=-2.0,confirmed=False
2026-04-24T17:26:32.596143,AUTOCORR_SAMPLE,Per-buffer autocorr result,freq=724417582.4175824,peak=0.07467198558151722,peak2=0.02892199717462063,lag_off=-4.0,confirmed=False
2026-04-24T17:26:32.598896,AUTOCORR_SAMPLE,Per-buffer autocorr result,freq=724417582.4175824,peak=0.07977326028048992,peak2=0.02839508093893528,lag_off=-1.0,confirmed=False
2026-04-24T17:26:32.599799,AUTOCORR_SAMPLE,Per-buffer autocorr result,freq=724417582.4175824,peak=0.0930427834391594,peak2=0.04676836356520653,lag_off=-1.0,confirmed=False
2026-04-24T17:26:32.602754,AUTOCORR_SAMPLE,Per-buffer autocorr result,freq=724417582.4175824,peak=0.041533540934324265,peak2=0.0671328566968441,lag_off=1.0,confirmed=False
2026-04-24T17:26:32.603609,AUTOCORR_SAMPLE,Per-buffer autocorr result,freq=724417582.4175824,peak=0.08750416897237301,peak2=0.09021664969623089,lag_off=-3.0,confirmed=False
2026-04-24T17:26:32.606393,AUTOCORR_SAMPLE,Per-buffer autocorr result,freq=724417582.4175824,peak=0.014210304245352745,peak2=0.0916173905134201,lag_off=-5.0,confirmed=False
2026-04-24T17:26:32.609255,AUTOCORR_SAMPLE,Per-buffer autocorr result,freq=724417582.4175824,peak=0.07254583761096,peak2=-0.005868278443813324,lag_off=0.0,confirmed=False
2026-04-24T17:26:32.610085,AUTOCORR_SAMPLE,Per-buffer autocorr result,freq=724417582.4175824,peak=0.023496022447943687,peak2=0.034971656277775764,lag_off=6.0,confirmed=False
2026-04-24T17:26:32.612604,AUTOCORR_SAMPLE,Per-buffer autocorr result,freq=724417582.4175824,peak=-0.040025923401117325,peak2=-0.017137322574853897,lag_off=4.0,confirmed=False
2026-04-24T17:26:32.612710,AUTOCORR_RESULT,autocorr classification,freq=724417582.4175824,votes=0,total=10,score=0.0,confirmed=False
2026-04-24T17:26:32.660952,AUTOCORR_SAMPLE,Per-buffer autocorr result,freq=763308913.3089134,peak=0.1307963077124441,peak2=0.0618609804805601,lag_off=-5.0,confirmed=False
2026-04-24T17:26:32.661720,AUTOCORR_SAMPLE,Per-buffer autocorr result,freq=763308913.3089134,peak=0.028979428112506866,peak2=0.03664174675941467,lag_off=-5.0,confirmed=False
2026-04-24T17:26:32.665400,AUTOCORR_SAMPLE,Per-buffer autocorr result,freq=763308913.3089134,peak=0.14376017986796796,peak2=0.10071974038146436,lag_off=-1.0,confirmed=False
2026-04-24T17:26:32.668524,AUTOCORR_SAMPLE,Per-buffer autocorr result,freq=763308913.3089134,peak=0.046784400939941406,peak2=-0.08243955299258232,lag_off=-2.0,confirmed=False
2026-04-24T17:26:32.669411,AUTOCORR_SAMPLE,Per-buffer autocorr result,freq=763308913.3089134,peak=5.790591239929199e-05,peak2=-0.12176146078854799,lag_off=-1.0,confirmed=False
2026-04-24T17:26:32.672126,AUTOCORR_SAMPLE,Per-buffer autocorr result,freq=763308913.3089134,peak=0.16670425422489643,peak2=0.02048940397799015,lag_off=-2.0,confirmed=False
2026-04-24T17:26:32.673068,AUTOCORR_SAMPLE,Per-buffer autocorr result,freq=763308913.3089134,peak=0.1661800667643547,peak2=0.2512945607304573,lag_off=1.0,confirmed=False
2026-04-24T17:26:32.676008,AUTOCORR_SAMPLE,Per-buffer autocorr result,freq=763308913.3089134,peak=0.06993420794606209,peak2=-0.014796735718846321,lag_off=2.0,confirmed=False
2026-04-24T17:26:32.676875,AUTOCORR_SAMPLE,Per-buffer autocorr result,freq=763308913.3089134,peak=0.05426655616611242,peak2=0.05300880130380392,lag_off=-2.0,confirmed=False
2026-04-24T17:26:32.679484,AUTOCORR_SAMPLE,Per-buffer autocorr result,freq=763308913.3089134,peak=0.02839856781065464,peak2=0.0534882340580225,lag_off=6.0,confirmed=False
2026-04-24T17:26:32.679633,AUTOCORR_RESULT,autocorr classification,freq=763308913.3089134,votes=0,total=10,score=0.0,confirmed=False
2026-04-24T17:26:32.942712,AUTOCORR_SAMPLE,Per-buffer autocorr result,freq=939482295.4822955,peak=0.1592546822503209,peak2=0.03779682982712984,lag_off=2.0,confirmed=False
2026-04-24T17:26:32.946822,AUTOCORR_SAMPLE,Per-buffer autocorr result,freq=939482295.4822955,peak=0.02378181740641594,peak2=0.038615111261606216,lag_off=1.0,confirmed=False
2026-04-24T17:26:32.947589,AUTOCORR_SAMPLE,Per-buffer autocorr result,freq=939482295.4822955,peak=0.0536082461476326,peak2=0.06790105253458023,lag_off=4.0,confirmed=False
2026-04-24T17:26:32.951661,AUTOCORR_SAMPLE,Per-buffer autocorr result,freq=939482295.4822955,peak=0.1196745652705431,peak2=0.13987218774855137,lag_off=4.0,confirmed=False
2026-04-24T17:26:32.952504,AUTOCORR_SAMPLE,Per-buffer autocorr result,freq=939482295.4822955,peak=0.04799972474575043,peak2=-0.08094205148518085,lag_off=-5.0,confirmed=False
2026-04-24T17:26:32.956210,AUTOCORR_SAMPLE,Per-buffer autocorr result,freq=939482295.4822955,peak=0.08578654285520315,peak2=0.12535474076867104,lag_off=-1.0,confirmed=False
2026-04-24T17:26:32.957058,AUTOCORR_SAMPLE,Per-buffer autocorr result,freq=939482295.4822955,peak=-0.028616342693567276,peak2=-0.023054521530866623,lag_off=5.0,confirmed=False
2026-04-24T17:26:32.960637,AUTOCORR_SAMPLE,Per-buffer autocorr result,freq=939482295.4822955,peak=0.06751984148286283,peak2=0.08335529058240354,lag_off=-3.0,confirmed=False
2026-04-24T17:26:32.961318,AUTOCORR_SAMPLE,Per-buffer autocorr result,freq=939482295.4822955,peak=-0.2706201230175793,peak2=-0.3946675509214401,lag_off=-4.0,confirmed=False
2026-04-24T17:26:32.962034,AUTOCORR_SAMPLE,Per-buffer autocorr result,freq=939482295.4822955,peak=0.08765693195164204,peak2=0.1557298693805933,lag_off=-1.0,confirmed=False
2026-04-24T17:26:32.965128,AUTOCORR_RESULT,autocorr classification,freq=939482295.4822955,votes=0,total=10,score=0.0,confirmed=False
2026-04-24T17:26:32.982020,AUTOCORR_SAMPLE,Per-buffer autocorr result,freq=958185592.1855922,peak=0.02378181740641594,peak2=0.038615111261606216,lag_off=1.0,confirmed=False
2026-04-24T17:26:32.985045,AUTOCORR_SAMPLE,Per-buffer autocorr result,freq=958185592.1855922,peak=4.503130912780762e-05,peak2=-0.015818139538168907,lag_off=6.0,confirmed=False
2026-04-24T17:26:32.985955,AUTOCORR_SAMPLE,Per-buffer autocorr result,freq=958185592.1855922,peak=-0.11344612017273903,peak2=-0.23240457475185394,lag_off=0.0,confirmed=False
2026-04-24T17:26:32.989188,AUTOCORR_SAMPLE,Per-buffer autocorr result,freq=958185592.1855922,peak=-0.019837722647935152,peak2=-0.009434264153242111,lag_off=6.0,confirmed=False
2026-04-24T17:26:32.989900,AUTOCORR_SAMPLE,Per-buffer autocorr result,freq=958185592.1855922,peak=0.03022971749305725,peak2=-0.18306618183851242,lag_off=3.0,confirmed=False
2026-04-24T17:26:32.992814,AUTOCORR_SAMPLE,Per-buffer autocorr result,freq=958185592.1855922,peak=0.07272779196500778,peak2=-0.06754598021507263,lag_off=1.0,confirmed=False
2026-04-24T17:26:32.993644,AUTOCORR_SAMPLE,Per-buffer autocorr result,freq=958185592.1855922,peak=-0.04513902310281992,peak2=-0.07209330331534147,lag_off=0.0,confirmed=False
2026-04-24T17:26:32.996151,AUTOCORR_SAMPLE,Per-buffer autocorr result,freq=958185592.1855922,peak=-0.07718432508409023,peak2=-0.06186118465848267,lag_off=5.0,confirmed=False
2026-04-24T17:26:32.996853,AUTOCORR_SAMPLE,Per-buffer autocorr result,freq=958185592.1855922,peak=-0.0012072399258613586,peak2=0.05320188030600548,lag_off=2.0,confirmed=False
2026-04-24T17:26:32.999189,AUTOCORR_SAMPLE,Per-buffer autocorr result,freq=958185592.1855922,peak=-0.17422917857766151,peak2=-0.32698263972997665,lag_off=-4.0,confirmed=False
2026-04-24T17:26:32.999256,AUTOCORR_RESULT,autocorr classification,freq=958185592.1855922,votes=0,total=10,score=0.0,confirmed=False
2026-04-24T17:26:33.519891,AUTOCORR_SAMPLE,Per-buffer autocorr result,freq=1359533577.5335774,peak=0.1135696608107537,peak2=0.04321003216318786,lag_off=-4.0,confirmed=False
2026-04-24T17:26:33.520701,AUTOCORR_SAMPLE,Per-buffer autocorr result,freq=1359533577.5335774,peak=0.01949849142692983,peak2=0.032692223554477096,lag_off=6.0,confirmed=False
2026-04-24T17:26:33.523351,AUTOCORR_SAMPLE,Per-buffer autocorr result,freq=1359533577.5335774,peak=0.14742510672658682,peak2=0.036139692179858685,lag_off=3.0,confirmed=False
2026-04-24T17:26:33.524038,AUTOCORR_SAMPLE,Per-buffer autocorr result,freq=1359533577.5335774,peak=0.11815794990980066,peak2=0.10423566089593805,lag_off=4.0,confirmed=False
2026-04-24T17:26:33.526946,AUTOCORR_SAMPLE,Per-buffer autocorr result,freq=1359533577.5335774,peak=0.11667883396148682,peak2=0.058009520173072815,lag_off=-5.0,confirmed=False
2026-04-24T17:26:33.529480,AUTOCORR_SAMPLE,Per-buffer autocorr result,freq=1359533577.5335774,peak=0.20166031550616026,peak2=0.08972093742340803,lag_off=-3.0,confirmed=False
2026-04-24T17:26:33.530292,AUTOCORR_SAMPLE,Per-buffer autocorr result,freq=1359533577.5335774,peak=0.16175805404782295,peak2=0.10271315649151802,lag_off=-1.0,confirmed=False
2026-04-24T17:26:33.530996,AUTOCORR_SAMPLE,Per-buffer autocorr result,freq=1359533577.5335774,peak=0.09837083332240582,peak2=0.12652876041829586,lag_off=2.0,confirmed=False
2026-04-24T17:26:33.533789,AUTOCORR_SAMPLE,Per-buffer autocorr result,freq=1359533577.5335774,peak=0.10242236684280215,peak2=0.07196048180776415,lag_off=3.0,confirmed=False
2026-04-24T17:26:33.536533,AUTOCORR_SAMPLE,Per-buffer autocorr result,freq=1359533577.5335774,peak=0.04517662012949586,peak2=0.03898255014792085,lag_off=-2.0,confirmed=False
2026-04-24T17:26:33.536674,AUTOCORR_RESULT,autocorr classification,freq=1359533577.5335774,votes=0,total=10,score=0.0,confirmed=False
2026-04-24T17:26:33.790168,AUTOCORR_SAMPLE,Per-buffer autocorr result,freq=1567982905.9829059,peak=0.05950532527640462,peak2=0.0766109642572701,lag_off=2.0,confirmed=False
2026-04-24T17:26:33.792935,AUTOCORR_SAMPLE,Per-buffer autocorr result,freq=1567982905.9829059,peak=0.16416869312524796,peak2=0.07437283545732498,lag_off=-1.0,confirmed=False
2026-04-24T17:26:33.793683,AUTOCORR_SAMPLE,Per-buffer autocorr result,freq=1567982905.9829059,peak=0.14346359111368656,peak2=0.06470082141458988,lag_off=0.0,confirmed=False
2026-04-24T17:26:33.796153,AUTOCORR_SAMPLE,Per-buffer autocorr result,freq=1567982905.9829059,peak=0.11627815291285515,peak2=0.01411515660583973,lag_off=1.0,confirmed=False
2026-04-24T17:26:33.796951,AUTOCORR_SAMPLE,Per-buffer autocorr result,freq=1567982905.9829059,peak=0.11215955950319767,peak2=0.05431344173848629,lag_off=0.0,confirmed=False
2026-04-24T17:26:33.799376,AUTOCORR_SAMPLE,Per-buffer autocorr result,freq=1567982905.9829059,peak=0.12630475498735905,peak2=-0.008564799791201949,lag_off=-4.0,confirmed=False
2026-04-24T17:26:33.800134,AUTOCORR_SAMPLE,Per-buffer autocorr result,freq=1567982905.9829059,peak=0.04144182521849871,peak2=0.011356725823134184,lag_off=-2.0,confirmed=False
2026-04-24T17:26:33.802698,AUTOCORR_SAMPLE,Per-buffer autocorr result,freq=1567982905.9829059,peak=0.1712858434766531,peak2=0.09187479875981808,lag_off=3.0,confirmed=False
2026-04-24T17:26:33.805436,AUTOCORR_SAMPLE,Per-buffer autocorr result,freq=1567982905.9829059,peak=0.121295350138098,peak2=0.08209017897024751,lag_off=4.0,confirmed=False
2026-04-24T17:26:33.806232,AUTOCORR_SAMPLE,Per-buffer autocorr result,freq=1567982905.9829059,peak=0.006518545793369412,peak2=0.0102704840246588,lag_off=-1.0,confirmed=False
2026-04-24T17:26:33.807993,AUTOCORR_RESULT,autocorr classification,freq=1567982905.9829059,votes=0,total=10,score=0.0,confirmed=False
2026-04-24T17:26:33.979135,AUTOCORR_SAMPLE,Per-buffer autocorr result,freq=1675973137.9731379,peak=-0.3079337924718857,peak2=-0.656660407781601,lag_off=-5.0,confirmed=False
2026-04-24T17:26:33.982409,AUTOCORR_SAMPLE,Per-buffer autocorr result,freq=1675973137.9731379,peak=0.11080029886215925,peak2=0.07354965340346098,lag_off=-5.0,confirmed=False
2026-04-24T17:26:33.983139,AUTOCORR_SAMPLE,Per-buffer autocorr result,freq=1675973137.9731379,peak=0.09781955182552338,peak2=-0.007864388870075345,lag_off=-5.0,confirmed=False
2026-04-24T17:26:33.985655,AUTOCORR_SAMPLE,Per-buffer autocorr result,freq=1675973137.9731379,peak=0.08755246421787888,peak2=0.054868022562004626,lag_off=1.0,confirmed=False
2026-04-24T17:26:33.986266,AUTOCORR_SAMPLE,Per-buffer autocorr result,freq=1675973137.9731379,peak=0.03318128874525428,peak2=0.053359593730419874,lag_off=2.0,confirmed=False
2026-04-24T17:26:33.988988,AUTOCORR_SAMPLE,Per-buffer autocorr result,freq=1675973137.9731379,peak=0.024969023652374744,peak2=0.028902077116072178,lag_off=2.0,confirmed=False
2026-04-24T17:26:33.991620,AUTOCORR_SAMPLE,Per-buffer autocorr result,freq=1675973137.9731379,peak=0.05680904816836119,peak2=0.01847146824002266,lag_off=1.0,confirmed=False
2026-04-24T17:26:33.992427,AUTOCORR_SAMPLE,Per-buffer autocorr result,freq=1675973137.9731379,peak=0.11764826625585556,peak2=0.06989037990570068,lag_off=-5.0,confirmed=False
2026-04-24T17:26:33.994883,AUTOCORR_SAMPLE,Per-buffer autocorr result,freq=1675973137.9731379,peak=0.09919731505215168,peak2=-0.041158527135849,lag_off=-5.0,confirmed=False
2026-04-24T17:26:33.995540,AUTOCORR_SAMPLE,Per-buffer autocorr result,freq=1675973137.9731379,peak=0.08980790642090142,peak2=0.01231665094383061,lag_off=4.0,confirmed=False
2026-04-24T17:26:33.995603,AUTOCORR_RESULT,autocorr classification,freq=1675973137.9731379,votes=0,total=10,score=0.0,confirmed=False
2026-04-24T17:26:34.443504,AUTOCORR_SAMPLE,Per-buffer autocorr result,freq=1807787545.7875457,peak=0.031471400521695614,peak2=0.03869584295898676,lag_off=3.0,confirmed=False
2026-04-24T17:26:34.465390,AUTOCORR_SAMPLE,Per-buffer autocorr result,freq=1807787545.7875457,peak=-0.019670835230499506,peak2=0.07140263682231307,lag_off=3.0,confirmed=False
2026-04-24T17:26:34.478862,AUTOCORR_SAMPLE,Per-buffer autocorr result,freq=1807787545.7875457,peak=0.020635690540075302,peak2=-0.011327452957630157,lag_off=-4.0,confirmed=False
2026-04-24T17:26:34.500621,AUTOCORR_SAMPLE,Per-buffer autocorr result,freq=1807787545.7875457,peak=0.06802440097089857,peak2=0.04881041531916708,lag_off=-1.0,confirmed=False
2026-04-24T17:26:34.516439,AUTOCORR_SAMPLE,Per-buffer autocorr result,freq=1807787545.7875457,peak=0.09022491332143545,peak2=0.07572568487375975,lag_off=3.0,confirmed=False
2026-04-24T17:26:34.517427,AUTOCORR_SAMPLE,Per-buffer autocorr result,freq=1807787545.7875457,peak=0.08472863212227821,peak2=0.04300396516919136,lag_off=-4.0,confirmed=False
2026-04-24T17:26:34.551019,AUTOCORR_SAMPLE,Per-buffer autocorr result,freq=1807787545.7875457,peak=0.09304182231426239,peak2=0.01565103977918625,lag_off=-4.0,confirmed=False
2026-04-24T17:26:34.562144,AUTOCORR_SAMPLE,Per-buffer autocorr result,freq=1807787545.7875457,peak=0.09517973475158215,peak2=0.07185882143676281,lag_off=-6.0,confirmed=False
2026-04-24T17:26:34.580868,AUTOCORR_SAMPLE,Per-buffer autocorr result,freq=1807787545.7875457,peak=0.06397982221096754,peak2=0.030029534362256527,lag_off=3.0,confirmed=False
2026-04-24T17:26:34.591948,AUTOCORR_SAMPLE,Per-buffer autocorr result,freq=1807787545.7875457,peak=0.040137920528650284,peak2=0.046899426728487015,lag_off=-2.0,confirmed=False
2026-04-24T17:26:34.612581,AUTOCORR_RESULT,autocorr classification,freq=1807787545.7875457,votes=0,total=10,score=0.0,confirmed=False
2026-04-24T17:26:34.697860,AUTOCORR_SAMPLE,Per-buffer autocorr result,freq=1820532356.5323565,peak=0.06397982221096754,peak2=0.030029534362256527,lag_off=3.0,confirmed=False
2026-04-24T17:26:34.705065,AUTOCORR_SAMPLE,Per-buffer autocorr result,freq=1820532356.5323565,peak=0.09108243999071419,peak2=0.01608055573888123,lag_off=-5.0,confirmed=False
2026-04-24T17:26:34.706130,AUTOCORR_SAMPLE,Per-buffer autocorr result,freq=1820532356.5323565,peak=0.09945331141352654,peak2=0.08095625415444374,lag_off=-3.0,confirmed=False
2026-04-24T17:26:34.713032,AUTOCORR_SAMPLE,Per-buffer autocorr result,freq=1820532356.5323565,peak=0.10558600071817636,peak2=0.09894196782261133,lag_off=5.0,confirmed=False
2026-04-24T17:26:34.722517,AUTOCORR_SAMPLE,Per-buffer autocorr result,freq=1820532356.5323565,peak=0.14464822737500072,peak2=0.019691532012075186,lag_off=0.0,confirmed=False
2026-04-24T17:26:34.733620,AUTOCORR_SAMPLE,Per-buffer autocorr result,freq=1820532356.5323565,peak=0.0609755537007004,peak2=0.07243140623904765,lag_off=4.0,confirmed=False
2026-04-24T17:26:34.750303,AUTOCORR_SAMPLE,Per-buffer autocorr result,freq=1820532356.5323565,peak=0.00042806752026081085,peak2=0.02055313065648079,lag_off=4.0,confirmed=False
2026-04-24T17:26:34.777160,AUTOCORR_SAMPLE,Per-buffer autocorr result,freq=1820532356.5323565,peak=0.07056068442761898,peak2=0.04329701326787472,lag_off=3.0,confirmed=False
2026-04-24T17:26:34.781992,AUTOCORR_SAMPLE,Per-buffer autocorr result,freq=1820532356.5323565,peak=0.05957447551190853,peak2=0.013795079663395882,lag_off=-2.0,confirmed=False
2026-04-24T17:26:34.796706,AUTOCORR_SAMPLE,Per-buffer autocorr result,freq=1820532356.5323565,peak=0.17308766022324562,peak2=0.11269484087824821,lag_off=-2.0,confirmed=False
2026-04-24T17:26:34.796775,AUTOCORR_RESULT,autocorr classification,freq=1820532356.5323565,votes=0,total=10,score=0.0,confirmed=False
2026-04-24T17:26:34.875224,AUTOCORR_SAMPLE,Per-buffer autocorr result,freq=1834642246.6422467,peak=0.05957447551190853,peak2=0.013795079663395882,lag_off=-2.0,confirmed=False
2026-04-24T17:26:34.875905,AUTOCORR_SAMPLE,Per-buffer autocorr result,freq=1834642246.6422467,peak=-0.1363960262387991,peak2=-0.22472605109214783,lag_off=-5.0,confirmed=False
2026-04-24T17:26:34.881713,AUTOCORR_SAMPLE,Per-buffer autocorr result,freq=1834642246.6422467,peak=0.06935555627569556,peak2=0.05979953845962882,lag_off=3.0,confirmed=False
2026-04-24T17:26:34.889607,AUTOCORR_SAMPLE,Per-buffer autocorr result,freq=1834642246.6422467,peak=0.011774084181524813,peak2=-0.03266292717307806,lag_off=3.0,confirmed=False
2026-04-24T17:26:34.900656,AUTOCORR_SAMPLE,Per-buffer autocorr result,freq=1834642246.6422467,peak=0.15059045422822237,peak2=0.1245407359674573,lag_off=-4.0,confirmed=False
2026-04-24T17:26:34.903046,AUTOCORR_SAMPLE,Per-buffer autocorr result,freq=1834642246.6422467,peak=-0.15990320965647697,peak2=-0.21351509541273117,lag_off=-5.0,confirmed=False
2026-04-24T17:26:34.915819,AUTOCORR_SAMPLE,Per-buffer autocorr result,freq=1834642246.6422467,peak=0.10357408411800861,peak2=0.0881084781140089,lag_off=0.0,confirmed=False
2026-04-24T17:26:34.928274,AUTOCORR_SAMPLE,Per-buffer autocorr result,freq=1834642246.6422467,peak=0.09249866975005716,peak2=0.034053402370773256,lag_off=2.0,confirmed=False
2026-04-24T17:26:34.933696,AUTOCORR_SAMPLE,Per-buffer autocorr result,freq=1834642246.6422467,peak=0.027318768203258514,peak2=0.16357803344726562,lag_off=6.0,confirmed=False
2026-04-24T17:26:34.934797,AUTOCORR_SAMPLE,Per-buffer autocorr result,freq=1834642246.6422467,peak=0.04011621361132711,peak2=0.0680873062228784,lag_off=-6.0,confirmed=False
2026-04-24T17:26:34.934875,AUTOCORR_RESULT,autocorr classification,freq=1834642246.6422467,votes=0,total=10,score=0.0,confirmed=False
2026-04-24T17:26:34.953975,AUTOCORR_SAMPLE,Per-buffer autocorr result,freq=1861184371.184371,peak=0.04011621361132711,peak2=0.0680873062228784,lag_off=-6.0,confirmed=False
2026-04-24T17:26:34.957953,AUTOCORR_SAMPLE,Per-buffer autocorr result,freq=1861184371.184371,peak=0.025534186512231827,peak2=0.02421128749847412,lag_off=2.0,confirmed=False
2026-04-24T17:26:34.958787,AUTOCORR_SAMPLE,Per-buffer autocorr result,freq=1861184371.184371,peak=-0.019848734140396118,peak2=0.05155712738633156,lag_off=-6.0,confirmed=False
2026-04-24T17:26:34.959645,AUTOCORR_SAMPLE,Per-buffer autocorr result,freq=1861184371.184371,peak=-0.28983158618211746,peak2=-0.4867687225341797,lag_off=-5.0,confirmed=False
2026-04-24T17:26:34.963780,AUTOCORR_SAMPLE,Per-buffer autocorr result,freq=1861184371.184371,peak=-0.0006245523691177368,peak2=-0.28215233981609344,lag_off=-6.0,confirmed=False
2026-04-24T17:26:34.964552,AUTOCORR_SAMPLE,Per-buffer autocorr result,freq=1861184371.184371,peak=0.11108837369829416,peak2=0.0033747805282473564,lag_off=3.0,confirmed=False
2026-04-24T17:26:34.968948,AUTOCORR_SAMPLE,Per-buffer autocorr result,freq=1861184371.184371,peak=0.018487095832824707,peak2=-0.10326109826564789,lag_off=-5.0,confirmed=False
2026-04-24T17:26:34.972931,AUTOCORR_SAMPLE,Per-buffer autocorr result,freq=1861184371.184371,peak=0.10418265638872981,peak2=0.11979505745694041,lag_off=-5.0,confirmed=False
2026-04-24T17:26:34.973701,AUTOCORR_SAMPLE,Per-buffer autocorr result,freq=1861184371.184371,peak=0.12416257010772824,peak2=0.045781117398291826,lag_off=4.0,confirmed=False
2026-04-24T17:26:34.977967,AUTOCORR_SAMPLE,Per-buffer autocorr result,freq=1861184371.184371,peak=0.08053236082196236,peak2=0.09952935948967934,lag_off=5.0,confirmed=False
2026-04-24T17:26:34.978048,AUTOCORR_RESULT,autocorr classification,freq=1861184371.184371,votes=0,total=10,score=0.0,confirmed=False
2026-04-24T17:26:35.001460,AUTOCORR_SAMPLE,Per-buffer autocorr result,freq=1876559218.5592186,peak=0.025534186512231827,peak2=0.02421128749847412,lag_off=2.0,confirmed=False
2026-04-24T17:26:35.005194,AUTOCORR_SAMPLE,Per-buffer autocorr result,freq=1876559218.5592186,peak=0.18262669816613197,peak2=0.06671333871781826,lag_off=6.0,confirmed=False
2026-04-24T17:26:35.005864,AUTOCORR_SAMPLE,Per-buffer autocorr result,freq=1876559218.5592186,peak=0.06593787670135498,peak2=-0.06978515349328518,lag_off=1.0,confirmed=False
2026-04-24T17:26:35.009276,AUTOCORR_SAMPLE,Per-buffer autocorr result,freq=1876559218.5592186,peak=-0.13585032522678375,peak2=-0.3205588087439537,lag_off=-4.0,confirmed=False
2026-04-24T17:26:35.012770,AUTOCORR_SAMPLE,Per-buffer autocorr result,freq=1876559218.5592186,peak=0.005004461854696274,peak2=0.03851321339607239,lag_off=-6.0,confirmed=False
2026-04-24T17:26:35.013602,AUTOCORR_SAMPLE,Per-buffer autocorr result,freq=1876559218.5592186,peak=-0.08775648474693298,peak2=-0.17103250324726105,lag_off=-1.0,confirmed=False
2026-04-24T17:26:35.017421,AUTOCORR_SAMPLE,Per-buffer autocorr result,freq=1876559218.5592186,peak=0.04220931977033615,peak2=0.00407390296459198,lag_off=6.0,confirmed=False
2026-04-24T17:26:35.018191,AUTOCORR_SAMPLE,Per-buffer autocorr result,freq=1876559218.5592186,peak=0.048775918781757355,peak2=-0.11582940816879272,lag_off=-2.0,confirmed=False
2026-04-24T17:26:35.021645,AUTOCORR_SAMPLE,Per-buffer autocorr result,freq=1876559218.5592186,peak=-0.02551870048046112,peak2=-0.2902144193649292,lag_off=-2.0,confirmed=False
2026-04-24T17:26:35.022431,AUTOCORR_SAMPLE,Per-buffer autocorr result,freq=1876559218.5592186,peak=0.16737868636846542,peak2=0.04171724617481232,lag_off=3.0,confirmed=False
2026-04-24T17:26:35.022503,AUTOCORR_RESULT,autocorr classification,freq=1876559218.5592186,votes=0,total=10,score=0.0,confirmed=False
2026-04-24T17:26:35.038339,AUTOCORR_SAMPLE,Per-buffer autocorr result,freq=1894605616.6056166,peak=0.18262669816613197,peak2=0.06671333871781826,lag_off=6.0,confirmed=False
2026-04-24T17:26:35.039202,AUTOCORR_SAMPLE,Per-buffer autocorr result,freq=1894605616.6056166,peak=0.17760317330248654,peak2=0.04562077973969281,lag_off=-3.0,confirmed=False
2026-04-24T17:26:35.041963,AUTOCORR_SAMPLE,Per-buffer autocorr result,freq=1894605616.6056166,peak=0.04553427638893481,peak2=0.14112075137381908,lag_off=3.0,confirmed=False
2026-04-24T17:26:35.044463,AUTOCORR_SAMPLE,Per-buffer autocorr result,freq=1894605616.6056166,peak=0.14472909734467976,peak2=0.027823620446724817,lag_off=6.0,confirmed=False
2026-04-24T17:26:35.045170,AUTOCORR_SAMPLE,Per-buffer autocorr result,freq=1894605616.6056166,peak=0.059668434550985694,peak2=0.05655579431913793,lag_off=-5.0,confirmed=False
2026-04-24T17:26:35.047799,AUTOCORR_SAMPLE,Per-buffer autocorr result,freq=1894605616.6056166,peak=0.04132463887799531,peak2=0.018951495294459164,lag_off=5.0,confirmed=False
2026-04-24T17:26:35.048523,AUTOCORR_SAMPLE,Per-buffer autocorr result,freq=1894605616.6056166,peak=0.14477396942675114,peak2=0.12064957059919834,lag_off=-6.0,confirmed=False
2026-04-24T17:26:35.051583,AUTOCORR_SAMPLE,Per-buffer autocorr result,freq=1894605616.6056166,peak=0.05944961681962013,peak2=0.018246041610836983,lag_off=2.0,confirmed=False
2026-04-24T17:26:35.054179,AUTOCORR_SAMPLE,Per-buffer autocorr result,freq=1894605616.6056166,peak=0.054132546996697783,peak2=0.043960597133263946,lag_off=-2.0,confirmed=False
2026-04-24T17:26:35.054842,AUTOCORR_SAMPLE,Per-buffer autocorr result,freq=1894605616.6056166,peak=0.08693360490724444,peak2=0.07636273605749011,lag_off=-4.0,confirmed=False
2026-04-24T17:26:35.055016,AUTOCORR_RESULT,autocorr classification,freq=1894605616.6056166,votes=0,total=10,score=0.0,confirmed=False
2026-04-24T17:26:35.368226,AUTOCORR_SAMPLE,Per-buffer autocorr result,freq=2142376068.3760684,peak=0.053010473027825356,peak2=0.013917388394474983,lag_off=-4.0,confirmed=False
2026-04-24T17:26:35.368952,AUTOCORR_SAMPLE,Per-buffer autocorr result,freq=2142376068.3760684,peak=0.1798991709947586,peak2=-0.09441036079078913,lag_off=-3.0,confirmed=False
2026-04-24T17:26:35.372104,AUTOCORR_SAMPLE,Per-buffer autocorr result,freq=2142376068.3760684,peak=0.024783741682767868,peak2=0.05111199989914894,lag_off=4.0,confirmed=False
2026-04-24T17:26:35.372919,AUTOCORR_SAMPLE,Per-buffer autocorr result,freq=2142376068.3760684,peak=0.16740545630455017,peak2=0.2680394649505615,lag_off=2.0,confirmed=False
2026-04-24T17:26:35.375728,AUTOCORR_SAMPLE,Per-buffer autocorr result,freq=2142376068.3760684,peak=0.030943013727664948,peak2=-0.08350040577352047,lag_off=-5.0,confirmed=False
2026-04-24T17:26:35.378193,AUTOCORR_SAMPLE,Per-buffer autocorr result,freq=2142376068.3760684,peak=-0.07350410521030426,peak2=0.09088174626231194,lag_off=4.0,confirmed=False
2026-04-24T17:26:35.378909,AUTOCORR_SAMPLE,Per-buffer autocorr result,freq=2142376068.3760684,peak=0.3238116353750229,peak2=0.11271829158067703,lag_off=0.0,confirmed=False
2026-04-24T17:26:35.381569,AUTOCORR_SAMPLE,Per-buffer autocorr result,freq=2142376068.3760684,peak=-0.28712625056505203,peak2=-0.20012701489031315,lag_off=-5.0,confirmed=False
2026-04-24T17:26:35.382266,AUTOCORR_SAMPLE,Per-buffer autocorr result,freq=2142376068.3760684,peak=-0.09581512957811356,peak2=-0.18624988943338394,lag_off=-2.0,confirmed=False
2026-04-24T17:26:35.384789,AUTOCORR_SAMPLE,Per-buffer autocorr result,freq=2142376068.3760684,peak=0.03646246716380119,peak2=-0.11610003188252449,lag_off=-3.0,confirmed=False
2026-04-24T17:26:35.384834,AUTOCORR_RESULT,autocorr classification,freq=2142376068.3760684,votes=0,total=10,score=0.0,confirmed=False
2026-04-24T17:26:35.611697,AUTOCORR_SAMPLE,Per-buffer autocorr result,freq=2186468864.4688644,peak=0.05949383042752743,peak2=0.10157143510878086,lag_off=-3.0,confirmed=False
2026-04-24T17:26:35.622844,AUTOCORR_SAMPLE,Per-buffer autocorr result,freq=2186468864.4688644,peak=0.14068960770964622,peak2=0.053843606263399124,lag_off=5.0,confirmed=False
2026-04-24T17:26:35.626039,AUTOCORR_SAMPLE,Per-buffer autocorr result,freq=2186468864.4688644,peak=0.07486322522163391,peak2=-0.1417825147509575,lag_off=-6.0,confirmed=False
2026-04-24T17:26:35.637294,AUTOCORR_SAMPLE,Per-buffer autocorr result,freq=2186468864.4688644,peak=0.10002586618065834,peak2=0.05583091452717781,lag_off=-6.0,confirmed=False
2026-04-24T17:26:35.640985,AUTOCORR_SAMPLE,Per-buffer autocorr result,freq=2186468864.4688644,peak=0.07234837859869003,peak2=0.04763511195778847,lag_off=-4.0,confirmed=False
2026-04-24T17:26:35.652794,AUTOCORR_SAMPLE,Per-buffer autocorr result,freq=2186468864.4688644,peak=0.10067537100985646,peak2=0.07206075312569737,lag_off=0.0,confirmed=False
2026-04-24T17:26:35.662860,AUTOCORR_SAMPLE,Per-buffer autocorr result,freq=2186468864.4688644,peak=0.08979054540395737,peak2=0.08872852474451065,lag_off=0.0,confirmed=False
2026-04-24T17:26:35.663899,AUTOCORR_SAMPLE,Per-buffer autocorr result,freq=2186468864.4688644,peak=0.10660058259963989,peak2=0.07044136896729469,lag_off=-3.0,confirmed=False
2026-04-24T17:26:35.670893,AUTOCORR_SAMPLE,Per-buffer autocorr result,freq=2186468864.4688644,peak=0.06530869612470269,peak2=0.07867696741595864,lag_off=-4.0,confirmed=False
2026-04-24T17:26:35.671785,AUTOCORR_SAMPLE,Per-buffer autocorr result,freq=2186468864.4688644,peak=-0.07179135084152222,peak2=-0.17147737368941307,lag_off=-2.0,confirmed=False
2026-04-24T17:26:35.676842,AUTOCORR_RESULT,autocorr classification,freq=2186468864.4688644,votes=0,total=10,score=0.0,confirmed=False
2026-04-24T17:26:35.694090,AUTOCORR_SAMPLE,Per-buffer autocorr result,freq=2207206349.2063494,peak=0.1297162480186671,peak2=0.0821086026262492,lag_off=-6.0,confirmed=False
2026-04-24T17:26:35.696744,AUTOCORR_SAMPLE,Per-buffer autocorr result,freq=2207206349.2063494,peak=0.127001759596169,peak2=0.0795926870778203,lag_off=0.0,confirmed=False
2026-04-24T17:26:35.697581,AUTOCORR_SAMPLE,Per-buffer autocorr result,freq=2207206349.2063494,peak=0.04963160492479801,peak2=0.13046510331332684,lag_off=6.0,confirmed=False
2026-04-24T17:26:35.700262,AUTOCORR_SAMPLE,Per-buffer autocorr result,freq=2207206349.2063494,peak=0.1594650336774066,peak2=0.08618860330898315,lag_off=5.0,confirmed=False
2026-04-24T17:26:35.703059,AUTOCORR_SAMPLE,Per-buffer autocorr result,freq=2207206349.2063494,peak=0.07267023762688041,peak2=0.06242739548906684,lag_off=-5.0,confirmed=False
2026-04-24T17:26:35.703859,AUTOCORR_SAMPLE,Per-buffer autocorr result,freq=2207206349.2063494,peak=0.056529127061367035,peak2=0.02819904498755932,lag_off=6.0,confirmed=False
2026-04-24T17:26:35.706266,AUTOCORR_SAMPLE,Per-buffer autocorr result,freq=2207206349.2063494,peak=0.028904126957058907,peak2=0.026108024641871452,lag_off=1.0,confirmed=False
2026-04-24T17:26:35.707029,AUTOCORR_SAMPLE,Per-buffer autocorr result,freq=2207206349.2063494,peak=0.08137976936995983,peak2=0.12900853715837002,lag_off=0.0,confirmed=False
2026-04-24T17:26:35.709533,AUTOCORR_SAMPLE,Per-buffer autocorr result,freq=2207206349.2063494,peak=0.15960072493180633,peak2=0.15297155594453216,lag_off=4.0,confirmed=False
2026-04-24T17:26:35.710172,AUTOCORR_SAMPLE,Per-buffer autocorr result,freq=2207206349.2063494,peak=0.12188266916200519,peak2=0.0834474484436214,lag_off=3.0,confirmed=False
2026-04-24T17:26:35.710228,AUTOCORR_RESULT,autocorr classification,freq=2207206349.2063494,votes=0,total=10,score=0.0,confirmed=False
2026-04-24T17:26:36.032558,AUTOCORR_SAMPLE,Per-buffer autocorr result,freq=2444251526.2515264,peak=0.058513933850917965,peak2=0.0766943190828897,lag_off=-4.0,confirmed=False
2026-04-24T17:26:36.035332,AUTOCORR_SAMPLE,Per-buffer autocorr result,freq=2444251526.2515264,peak=0.17431868240237236,peak2=0.0335092693567276,lag_off=-1.0,confirmed=False
2026-04-24T17:26:36.038949,AUTOCORR_SAMPLE,Per-buffer autocorr result,freq=2444251526.2515264,peak=0.10036870604380965,peak2=0.07638112222775817,lag_off=1.0,confirmed=False
2026-04-24T17:26:36.039850,AUTOCORR_SAMPLE,Per-buffer autocorr result,freq=2444251526.2515264,peak=0.11816624365746975,peak2=0.09285133890807629,lag_off=3.0,confirmed=False
2026-04-24T17:26:36.042904,AUTOCORR_SAMPLE,Per-buffer autocorr result,freq=2444251526.2515264,peak=-0.4238457828760147,peak2=-0.9228589236736298,lag_off=-6.0,confirmed=False
2026-04-24T17:26:36.043917,AUTOCORR_SAMPLE,Per-buffer autocorr result,freq=2444251526.2515264,peak=0.14381046942435205,peak2=0.039617441361770034,lag_off=3.0,confirmed=False
2026-04-24T17:26:36.047105,AUTOCORR_SAMPLE,Per-buffer autocorr result,freq=2444251526.2515264,peak=0.07625288888812065,peak2=0.031678298488259315,lag_off=-6.0,confirmed=False
2026-04-24T17:26:36.047765,AUTOCORR_SAMPLE,Per-buffer autocorr result,freq=2444251526.2515264,peak=0.13000909332185984,peak2=0.08289685938507318,lag_off=6.0,confirmed=False
2026-04-24T17:26:36.050543,AUTOCORR_SAMPLE,Per-buffer autocorr result,freq=2444251526.2515264,peak=0.041629198007285595,peak2=0.08983063045889139,lag_off=-2.0,confirmed=False
2026-04-24T17:26:36.051495,AUTOCORR_SAMPLE,Per-buffer autocorr result,freq=2444251526.2515264,peak=0.015230832621455193,peak2=-0.03271191846579313,lag_off=0.0,confirmed=False
2026-04-24T17:26:36.051663,AUTOCORR_RESULT,autocorr classification,freq=2444251526.2515264,votes=0,total=10,score=0.0,confirmed=False
2026-04-24T17:26:36.320333,AUTOCORR_SAMPLE,Per-buffer autocorr result,freq=2612139194.139194,peak=0.1201104954816401,peak2=0.10632437327876687,lag_off=-3.0,confirmed=False
2026-04-24T17:26:36.323431,AUTOCORR_SAMPLE,Per-buffer autocorr result,freq=2612139194.139194,peak=0.10946419183164835,peak2=0.05072952155023813,lag_off=-2.0,confirmed=False
2026-04-24T17:26:36.324210,AUTOCORR_SAMPLE,Per-buffer autocorr result,freq=2612139194.139194,peak=0.11231464985758066,peak2=0.04701030720025301,lag_off=3.0,confirmed=False
2026-04-24T17:26:36.326762,AUTOCORR_SAMPLE,Per-buffer autocorr result,freq=2612139194.139194,peak=0.14690946601331234,peak2=0.0418106522411108,lag_off=2.0,confirmed=False
2026-04-24T17:26:36.327390,AUTOCORR_SAMPLE,Per-buffer autocorr result,freq=2612139194.139194,peak=0.031580083072185516,peak2=0.016215775161981583,lag_off=-3.0,confirmed=False
2026-04-24T17:26:36.331190,AUTOCORR_SAMPLE,Per-buffer autocorr result,freq=2612139194.139194,peak=0.015452154446393251,peak2=0.022772416938096285,lag_off=-1.0,confirmed=False
2026-04-24T17:26:36.331974,AUTOCORR_SAMPLE,Per-buffer autocorr result,freq=2612139194.139194,peak=0.10568947903811932,peak2=0.001794871874153614,lag_off=-1.0,confirmed=False
2026-04-24T17:26:36.345192,AUTOCORR_SAMPLE,Per-buffer autocorr result,freq=2612139194.139194,peak=0.13953271508216858,peak2=0.041030243039131165,lag_off=-6.0,confirmed=False
2026-04-24T17:26:36.366723,AUTOCORR_SAMPLE,Per-buffer autocorr result,freq=2612139194.139194,peak=0.15206467639654875,peak2=0.06155064236372709,lag_off=1.0,confirmed=False
2026-04-24T17:26:36.367677,AUTOCORR_SAMPLE,Per-buffer autocorr result,freq=2612139194.139194,peak=0.0746694328263402,peak2=0.07996311504393816,lag_off=1.0,confirmed=False
2026-04-24T17:26:36.383127,AUTOCORR_RESULT,autocorr classification,freq=2612139194.139194,votes=0,total=10,score=0.0,confirmed=False
2026-04-24T17:26:36.695277,AUTOCORR_SAMPLE,Per-buffer autocorr result,freq=2645086691.086691,peak=0.10946419183164835,peak2=0.05072952155023813,lag_off=-2.0,confirmed=False
2026-04-24T17:26:36.709597,AUTOCORR_SAMPLE,Per-buffer autocorr result,freq=2645086691.086691,peak=-0.033535297960042953,peak2=-0.09864490339532495,lag_off=-6.0,confirmed=False
2026-04-24T17:26:36.710591,AUTOCORR_SAMPLE,Per-buffer autocorr result,freq=2645086691.086691,peak=-0.21587658859789371,peak2=-0.3546873480081558,lag_off=-2.0,confirmed=False
2026-04-24T17:26:36.711465,AUTOCORR_SAMPLE,Per-buffer autocorr result,freq=2645086691.086691,peak=0.06429696828126907,peak2=0.07466553896665573,lag_off=4.0,confirmed=False
2026-04-24T17:26:36.712207,AUTOCORR_SAMPLE,Per-buffer autocorr result,freq=2645086691.086691,peak=0.12609357200562954,peak2=0.09099393896758556,lag_off=2.0,confirmed=False
2026-04-24T17:26:36.713112,AUTOCORR_SAMPLE,Per-buffer autocorr result,freq=2645086691.086691,peak=0.1469471910968423,peak2=0.09424787852913141,lag_off=0.0,confirmed=False
2026-04-24T17:26:36.714120,AUTOCORR_SAMPLE,Per-buffer autocorr result,freq=2645086691.086691,peak=-0.0013846103101968765,peak2=0.038588279858231544,lag_off=6.0,confirmed=False
2026-04-24T17:26:36.720463,AUTOCORR_SAMPLE,Per-buffer autocorr result,freq=2645086691.086691,peak=-0.025120016187429428,peak2=0.011456593871116638,lag_off=5.0,confirmed=False
2026-04-24T17:26:36.726169,AUTOCORR_SAMPLE,Per-buffer autocorr result,freq=2645086691.086691,peak=-0.018328938633203506,peak2=-0.09521310590207577,lag_off=-4.0,confirmed=False
2026-04-24T17:26:36.733717,AUTOCORR_SAMPLE,Per-buffer autocorr result,freq=2645086691.086691,peak=-0.17315493151545525,peak2=-0.3192121237516403,lag_off=-2.0,confirmed=False
2026-04-24T17:26:36.734006,AUTOCORR_RESULT,autocorr classification,freq=2645086691.086691,votes=0,total=10,score=0.0,confirmed=False
2026-04-24T17:26:36.867465,AUTOCORR_SAMPLE,Per-buffer autocorr result,freq=2662571428.571429,peak=-0.018328938633203506,peak2=-0.09521310590207577,lag_off=-4.0,confirmed=False
2026-04-24T17:26:36.877584,AUTOCORR_SAMPLE,Per-buffer autocorr result,freq=2662571428.571429,peak=0.09241775184636936,peak2=0.07955765485530719,lag_off=5.0,confirmed=False
2026-04-24T17:26:36.878546,AUTOCORR_SAMPLE,Per-buffer autocorr result,freq=2662571428.571429,peak=0.09111268434207886,peak2=0.06073244276922196,lag_off=-1.0,confirmed=False
2026-04-24T17:26:36.888809,AUTOCORR_SAMPLE,Per-buffer autocorr result,freq=2662571428.571429,peak=0.12845088727772236,peak2=0.10510447062551975,lag_off=0.0,confirmed=False
2026-04-24T17:26:36.889953,AUTOCORR_SAMPLE,Per-buffer autocorr result,freq=2662571428.571429,peak=0.04510556161403656,peak2=-0.11267437040805817,lag_off=2.0,confirmed=False
2026-04-24T17:26:36.900461,AUTOCORR_SAMPLE,Per-buffer autocorr result,freq=2662571428.571429,peak=0.0925320505630225,peak2=0.052634236169978976,lag_off=-3.0,confirmed=False
2026-04-24T17:26:36.901688,AUTOCORR_SAMPLE,Per-buffer autocorr result,freq=2662571428.571429,peak=-0.13461114093661308,peak2=-0.1013745334930718,lag_off=-5.0,confirmed=False
2026-04-24T17:26:36.908974,AUTOCORR_SAMPLE,Per-buffer autocorr result,freq=2662571428.571429,peak=0.06735616480000317,peak2=0.07223650370724499,lag_off=3.0,confirmed=False
2026-04-24T17:26:36.914471,AUTOCORR_SAMPLE,Per-buffer autocorr result,freq=2662571428.571429,peak=-0.005234625190496445,peak2=0.05568482354283333,lag_off=1.0,confirmed=False
2026-04-24T17:26:36.919774,AUTOCORR_SAMPLE,Per-buffer autocorr result,freq=2662571428.571429,peak=0.06525165867060423,peak2=0.06589486729353666,lag_off=6.0,confirmed=False
2026-04-24T17:26:36.919921,AUTOCORR_RESULT,autocorr classification,freq=2662571428.571429,votes=0,total=10,score=0.0,confirmed=False
2026-04-24T17:26:36.937004,AUTOCORR_SAMPLE,Per-buffer autocorr result,freq=2672593406.5934067,peak=0.1355625670403242,peak2=0.12232904694974422,lag_off=-2.0,confirmed=False
2026-04-24T17:26:36.937833,AUTOCORR_SAMPLE,Per-buffer autocorr result,freq=2672593406.5934067,peak=0.4251644341275096,peak2=0.02772084716707468,lag_off=-5.0,confirmed=False
2026-04-24T17:26:36.940843,AUTOCORR_SAMPLE,Per-buffer autocorr result,freq=2672593406.5934067,peak=0.1110243562143296,peak2=0.045378754613921046,lag_off=-2.0,confirmed=False
2026-04-24T17:26:36.944067,AUTOCORR_SAMPLE,Per-buffer autocorr result,freq=2672593406.5934067,peak=0.13006902113556862,peak2=0.1019902341067791,lag_off=-5.0,confirmed=False
2026-04-24T17:26:36.944857,AUTOCORR_SAMPLE,Per-buffer autocorr result,freq=2672593406.5934067,peak=0.11929900501854718,peak2=0.1150712848175317,lag_off=-4.0,confirmed=False
2026-04-24T17:26:36.947860,AUTOCORR_SAMPLE,Per-buffer autocorr result,freq=2672593406.5934067,peak=0.07722390070557594,peak2=0.13068198785185814,lag_off=-3.0,confirmed=False
2026-04-24T17:26:36.950817,AUTOCORR_SAMPLE,Per-buffer autocorr result,freq=2672593406.5934067,peak=0.11899128975346684,peak2=0.10922996373847127,lag_off=0.0,confirmed=False
2026-04-24T17:26:36.951752,AUTOCORR_SAMPLE,Per-buffer autocorr result,freq=2672593406.5934067,peak=0.08173198695294559,peak2=0.05470565031282604,lag_off=-5.0,confirmed=False
2026-04-24T17:26:36.954510,AUTOCORR_SAMPLE,Per-buffer autocorr result,freq=2672593406.5934067,peak=0.09141590911895037,peak2=0.1178953917697072,lag_off=-3.0,confirmed=False
2026-04-24T17:26:36.955466,AUTOCORR_SAMPLE,Per-buffer autocorr result,freq=2672593406.5934067,peak=0.08117936714552343,peak2=0.14511188282631338,lag_off=5.0,confirmed=False
2026-04-24T17:26:36.955632,AUTOCORR_RESULT,autocorr classification,freq=2672593406.5934067,votes=0,total=10,score=0.0,confirmed=False
2026-04-24T17:26:37.962723,AUTOCORR_SAMPLE,Per-buffer autocorr result,freq=3457042735.042735,peak=0.0718275757972151,peak2=0.06512106978334486,lag_off=1.0,confirmed=False
2026-04-24T17:26:37.963513,AUTOCORR_SAMPLE,Per-buffer autocorr result,freq=3457042735.042735,peak=0.10212521348148584,peak2=0.026270953007042408,lag_off=-6.0,confirmed=False
2026-04-24T17:26:37.966721,AUTOCORR_SAMPLE,Per-buffer autocorr result,freq=3457042735.042735,peak=0.08091657608747482,peak2=0.08545061200857162,lag_off=4.0,confirmed=False
2026-04-24T17:26:37.970268,AUTOCORR_SAMPLE,Per-buffer autocorr result,freq=3457042735.042735,peak=0.037517690332606435,peak2=0.07637282949872315,lag_off=-1.0,confirmed=False
2026-04-24T17:26:37.971113,AUTOCORR_SAMPLE,Per-buffer autocorr result,freq=3457042735.042735,peak=0.1392218228429556,peak2=0.020191111601889133,lag_off=-5.0,confirmed=False
2026-04-24T17:26:37.973823,AUTOCORR_SAMPLE,Per-buffer autocorr result,freq=3457042735.042735,peak=0.1188101558946073,peak2=0.029781495686620474,lag_off=2.0,confirmed=False
2026-04-24T17:26:37.974461,AUTOCORR_SAMPLE,Per-buffer autocorr result,freq=3457042735.042735,peak=0.08525240980088711,peak2=0.058602502569556236,lag_off=4.0,confirmed=False
2026-04-24T17:26:37.977225,AUTOCORR_SAMPLE,Per-buffer autocorr result,freq=3457042735.042735,peak=0.13827975653111935,peak2=0.07229328714311123,lag_off=-3.0,confirmed=False
2026-04-24T17:26:37.979805,AUTOCORR_SAMPLE,Per-buffer autocorr result,freq=3457042735.042735,peak=0.02925783783211955,peak2=0.06365385480239638,lag_off=3.0,confirmed=False
2026-04-24T17:26:37.980660,AUTOCORR_SAMPLE,Per-buffer autocorr result,freq=3457042735.042735,peak=0.018203881045337766,peak2=0.04439905512845144,lag_off=2.0,confirmed=False
2026-04-24T17:26:37.980748,AUTOCORR_RESULT,autocorr classification,freq=3457042735.042735,votes=0,total=10,score=0.0,confirmed=False
2026-04-24T17:26:38.545003,AUTOCORR_SAMPLE,Per-buffer autocorr result,freq=3905875457.875458,peak=0.10003612004220486,peak2=0.12708119861781597,lag_off=-1.0,confirmed=False
2026-04-24T17:26:38.547753,AUTOCORR_SAMPLE,Per-buffer autocorr result,freq=3905875457.875458,peak=0.054828963708132505,peak2=0.019839117769151926,lag_off=6.0,confirmed=False
2026-04-24T17:26:38.548573,AUTOCORR_SAMPLE,Per-buffer autocorr result,freq=3905875457.875458,peak=0.12507612793706357,peak2=0.08812304376624525,lag_off=-6.0,confirmed=False
2026-04-24T17:26:38.551313,AUTOCORR_SAMPLE,Per-buffer autocorr result,freq=3905875457.875458,peak=0.13873769901692867,peak2=0.02849988080561161,lag_off=4.0,confirmed=False
2026-04-24T17:26:38.552244,AUTOCORR_SAMPLE,Per-buffer autocorr result,freq=3905875457.875458,peak=0.12037375522777438,peak2=0.049211140256375074,lag_off=-6.0,confirmed=False
2026-04-24T17:26:38.554726,AUTOCORR_SAMPLE,Per-buffer autocorr result,freq=3905875457.875458,peak=0.06752092204988003,peak2=0.03469264693558216,lag_off=4.0,confirmed=False
2026-04-24T17:26:38.555452,AUTOCORR_SAMPLE,Per-buffer autocorr result,freq=3905875457.875458,peak=0.027684008702635765,peak2=0.038400912657380104,lag_off=-6.0,confirmed=False
2026-04-24T17:26:38.558050,AUTOCORR_SAMPLE,Per-buffer autocorr result,freq=3905875457.875458,peak=0.06459193071350455,peak2=0.07924350863322616,lag_off=-2.0,confirmed=False
2026-04-24T17:26:38.558682,AUTOCORR_SAMPLE,Per-buffer autocorr result,freq=3905875457.875458,peak=0.3514528991654515,peak2=0.03135822247713804,lag_off=3.0,confirmed=False
2026-04-24T17:26:38.561357,AUTOCORR_SAMPLE,Per-buffer autocorr result,freq=3905875457.875458,peak=0.05897587025538087,peak2=0.06517999852076173,lag_off=0.0,confirmed=False
2026-04-24T17:26:38.561445,AUTOCORR_RESULT,autocorr classification,freq=3905875457.875458,votes=0,total=10,score=0.0,confirmed=False
2026-04-24T17:26:38.611285,AUTOCORR_SAMPLE,Per-buffer autocorr result,freq=3944122100.1221,peak=0.15395736478967592,peak2=0.08908538304967806,lag_off=-3.0,confirmed=False
2026-04-24T17:26:38.614011,AUTOCORR_SAMPLE,Per-buffer autocorr result,freq=3944122100.1221,peak=0.07368435303214937,peak2=0.07728092710021883,lag_off=6.0,confirmed=False
2026-04-24T17:26:38.614923,AUTOCORR_SAMPLE,Per-buffer autocorr result,freq=3944122100.1221,peak=0.08116727735614404,peak2=0.06754094775533304,lag_off=3.0,confirmed=False
2026-04-24T17:26:38.618056,AUTOCORR_SAMPLE,Per-buffer autocorr result,freq=3944122100.1221,peak=0.06151080131530762,peak2=0.09295352920889854,lag_off=1.0,confirmed=False
2026-04-24T17:26:38.621361,AUTOCORR_SAMPLE,Per-buffer autocorr result,freq=3944122100.1221,peak=0.09200561745092273,peak2=0.028610327746719122,lag_off=5.0,confirmed=False
2026-04-24T17:26:38.622095,AUTOCORR_SAMPLE,Per-buffer autocorr result,freq=3944122100.1221,peak=0.14784106239676476,peak2=0.09903458133339882,lag_off=-2.0,confirmed=False
2026-04-24T17:26:38.625452,AUTOCORR_SAMPLE,Per-buffer autocorr result,freq=3944122100.1221,peak=0.038407351821660995,peak2=0.010175269097089767,lag_off=-2.0,confirmed=False
2026-04-24T17:26:38.626219,AUTOCORR_SAMPLE,Per-buffer autocorr result,freq=3944122100.1221,peak=0.022417018190026283,peak2=0.06003044731914997,lag_off=1.0,confirmed=False
2026-04-24T17:26:38.628835,AUTOCORR_SAMPLE,Per-buffer autocorr result,freq=3944122100.1221,peak=0.11561748385429382,peak2=0.061926957219839096,lag_off=-4.0,confirmed=False
2026-04-24T17:26:38.629524,AUTOCORR_SAMPLE,Per-buffer autocorr result,freq=3944122100.1221,peak=0.11192269250750542,peak2=0.016201164573431015,lag_off=-4.0,confirmed=False
2026-04-24T17:26:38.629670,AUTOCORR_RESULT,autocorr classification,freq=3944122100.1221,votes=0,total=10,score=0.0,confirmed=False
2026-04-24T17:26:41.072426,AUTOCORR_SAMPLE,Per-buffer autocorr result,freq=5839155067.155067,peak=0.1226283572614193,peak2=0.10385721549391747,lag_off=-3.0,confirmed=False
2026-04-24T17:26:41.076064,AUTOCORR_SAMPLE,Per-buffer autocorr result,freq=5839155067.155067,peak=0.0950644735712558,peak2=0.12606154871173203,lag_off=-2.0,confirmed=False
2026-04-24T17:26:41.079790,AUTOCORR_SAMPLE,Per-buffer autocorr result,freq=5839155067.155067,peak=0.33187615126371384,peak2=0.14328207820653915,lag_off=1.0,confirmed=True
2026-04-24T17:26:41.080646,AUTOCORR_SAMPLE,Per-buffer autocorr result,freq=5839155067.155067,peak=0.2415158785879612,peak2=0.1807958371937275,lag_off=-4.0,confirmed=False
2026-04-24T17:26:41.083980,AUTOCORR_SAMPLE,Per-buffer autocorr result,freq=5839155067.155067,peak=0.21663528867065907,peak2=0.18759985454380512,lag_off=-1.0,confirmed=False
2026-04-24T17:26:41.084828,AUTOCORR_SAMPLE,Per-buffer autocorr result,freq=5839155067.155067,peak=0.17997026885859668,peak2=0.15634854580275714,lag_off=4.0,confirmed=False
2026-04-24T17:26:41.087997,AUTOCORR_SAMPLE,Per-buffer autocorr result,freq=5839155067.155067,peak=0.1814579125493765,peak2=0.12986321561038494,lag_off=2.0,confirmed=False
2026-04-24T17:26:41.088625,AUTOCORR_SAMPLE,Per-buffer autocorr result,freq=5839155067.155067,peak=0.12015118077397346,peak2=0.10737273469567299,lag_off=-4.0,confirmed=False
2026-04-24T17:26:41.091708,AUTOCORR_SAMPLE,Per-buffer autocorr result,freq=5839155067.155067,peak=0.2619289755821228,peak2=0.08419325202703476,lag_off=1.0,confirmed=False
2026-04-24T17:26:41.092359,AUTOCORR_SAMPLE,Per-buffer autocorr result,freq=5839155067.155067,peak=0.17208794690668583,peak2=0.14806378819048405,lag_off=-4.0,confirmed=False
2026-04-24T17:26:41.092447,AUTOCORR_RESULT,autocorr classification,freq=5839155067.155067,votes=1,total=10,score=0.1,confirmed=False
