2026-04-24T17:24:58.593299,AUTOCORR_SAMPLE,Per-buffer autocorr result,freq=97496947.4969475,peak=0.06288756430149078,peak2=0.05897558107972145,lag_off=2.0,confirmed=False
2026-04-24T17:24:58.596175,AUTOCORR_SAMPLE,Per-buffer autocorr result,freq=97496947.4969475,peak=0.004902012646198273,peak2=-0.020189793780446053,lag_off=4.0,confirmed=False
2026-04-24T17:24:58.597063,AUTOCORR_SAMPLE,Per-buffer autocorr result,freq=97496947.4969475,peak=0.12120831292122602,peak2=0.0675499765202403,lag_off=3.0,confirmed=False
2026-04-24T17:24:58.599663,AUTOCORR_SAMPLE,Per-buffer autocorr result,freq=97496947.4969475,peak=0.06438915058970451,peak2=0.004739893600344658,lag_off=2.0,confirmed=False
2026-04-24T17:24:58.600412,AUTOCORR_SAMPLE,Per-buffer autocorr result,freq=97496947.4969475,peak=0.004016771912574768,peak2=0.013982631266117096,lag_off=1.0,confirmed=False
2026-04-24T17:24:58.602944,AUTOCORR_SAMPLE,Per-buffer autocorr result,freq=97496947.4969475,peak=0.08911326760426164,peak2=0.083357656840235,lag_off=-4.0,confirmed=False
2026-04-24T17:24:58.603734,AUTOCORR_SAMPLE,Per-buffer autocorr result,freq=97496947.4969475,peak=0.09381484799087048,peak2=0.06256169639527798,lag_off=2.0,confirmed=False
2026-04-24T17:24:58.606811,AUTOCORR_SAMPLE,Per-buffer autocorr result,freq=97496947.4969475,peak=0.10630760109052062,peak2=-0.010994369629770517,lag_off=4.0,confirmed=False
2026-04-24T17:24:58.607534,AUTOCORR_SAMPLE,Per-buffer autocorr result,freq=97496947.4969475,peak=0.07542513683438301,peak2=0.10784467309713364,lag_off=2.0,confirmed=False
2026-04-24T17:24:58.608203,AUTOCORR_SAMPLE,Per-buffer autocorr result,freq=97496947.4969475,peak=0.00990460067987442,peak2=-0.007476232945919037,lag_off=6.0,confirmed=False
2026-04-24T17:24:58.610534,AUTOCORR_RESULT,autocorr classification,freq=97496947.4969475,votes=0,total=10,score=0.0,confirmed=False
2026-04-24T17:24:58.801264,AUTOCORR_SAMPLE,Per-buffer autocorr result,freq=226918192.91819292,peak=0.04126525635365397,peak2=0.027009391807951033,lag_off=5.0,confirmed=False
2026-04-24T17:24:58.804699,AUTOCORR_SAMPLE,Per-buffer autocorr result,freq=226918192.91819292,peak=0.03276985479897121,peak2=0.016003729462681804,lag_off=4.0,confirmed=False
2026-04-24T17:24:58.808047,AUTOCORR_SAMPLE,Per-buffer autocorr result,freq=226918192.91819292,peak=0.010044297203421593,peak2=0.061527617275714874,lag_off=-2.0,confirmed=False
2026-04-24T17:24:58.808891,AUTOCORR_SAMPLE,Per-buffer autocorr result,freq=226918192.91819292,peak=0.026127411052584648,peak2=0.012738034129142761,lag_off=-4.0,confirmed=False
2026-04-24T17:24:58.812091,AUTOCORR_SAMPLE,Per-buffer autocorr result,freq=226918192.91819292,peak=0.14741812087595463,peak2=0.091262461617589,lag_off=1.0,confirmed=False
2026-04-24T17:24:58.812758,AUTOCORR_SAMPLE,Per-buffer autocorr result,freq=226918192.91819292,peak=0.0657966136932373,peak2=0.0182347372174263,lag_off=4.0,confirmed=False
2026-04-24T17:24:58.816365,AUTOCORR_SAMPLE,Per-buffer autocorr result,freq=226918192.91819292,peak=0.007008979795500636,peak2=0.03323126141913235,lag_off=4.0,confirmed=False
2026-04-24T17:24:58.817114,AUTOCORR_SAMPLE,Per-buffer autocorr result,freq=226918192.91819292,peak=0.08445224328897893,peak2=0.09471061243675649,lag_off=-6.0,confirmed=False
2026-04-24T17:24:58.822613,AUTOCORR_SAMPLE,Per-buffer autocorr result,freq=226918192.91819292,peak=-0.02648388221859932,peak2=-0.028341272845864296,lag_off=-1.0,confirmed=False
2026-04-24T17:24:58.823474,AUTOCORR_SAMPLE,Per-buffer autocorr result,freq=226918192.91819292,peak=-0.004894898124803149,peak2=0.06595330219715834,lag_off=-4.0,confirmed=False
2026-04-24T17:24:58.828224,AUTOCORR_RESULT,autocorr classification,freq=226918192.91819292,votes=0,total=10,score=0.0,confirmed=False
2026-04-24T17:24:58.879369,AUTOCORR_SAMPLE,Per-buffer autocorr result,freq=246742368.74236876,peak=0.03276985479897121,peak2=0.016003729462681804,lag_off=4.0,confirmed=False
2026-04-24T17:24:58.882430,AUTOCORR_SAMPLE,Per-buffer autocorr result,freq=246742368.74236876,peak=-0.01204591616988182,peak2=0.04102098196744919,lag_off=1.0,confirmed=False
2026-04-24T17:24:58.883109,AUTOCORR_SAMPLE,Per-buffer autocorr result,freq=246742368.74236876,peak=0.13919470459222794,peak2=-0.033320032991468906,lag_off=1.0,confirmed=False
2026-04-24T17:24:58.886188,AUTOCORR_SAMPLE,Per-buffer autocorr result,freq=246742368.74236876,peak=0.06786340847611427,peak2=0.1806684024631977,lag_off=1.0,confirmed=False
2026-04-24T17:24:58.887198,AUTOCORR_SAMPLE,Per-buffer autocorr result,freq=246742368.74236876,peak=0.005066677927970886,peak2=0.03533194959163666,lag_off=-4.0,confirmed=False
2026-04-24T17:24:58.890587,AUTOCORR_SAMPLE,Per-buffer autocorr result,freq=246742368.74236876,peak=-0.006245589815080166,peak2=0.09822599869221449,lag_off=3.0,confirmed=False
2026-04-24T17:24:58.893360,AUTOCORR_SAMPLE,Per-buffer autocorr result,freq=246742368.74236876,peak=-0.08481341414153576,peak2=-0.05917859077453613,lag_off=-4.0,confirmed=False
2026-04-24T17:24:58.894077,AUTOCORR_SAMPLE,Per-buffer autocorr result,freq=246742368.74236876,peak=0.08191194757819176,peak2=0.023719869554042816,lag_off=0.0,confirmed=False
2026-04-24T17:24:58.896789,AUTOCORR_SAMPLE,Per-buffer autocorr result,freq=246742368.74236876,peak=-0.12436697259545326,peak2=-0.0003223046660423279,lag_off=6.0,confirmed=False
2026-04-24T17:24:58.897670,AUTOCORR_SAMPLE,Per-buffer autocorr result,freq=246742368.74236876,peak=0.09451666288077831,peak2=0.05279834382236004,lag_off=-3.0,confirmed=False
2026-04-24T17:24:58.897749,AUTOCORR_RESULT,autocorr classification,freq=246742368.74236876,votes=0,total=10,score=0.0,confirmed=False
2026-04-24T17:24:58.975829,AUTOCORR_SAMPLE,Per-buffer autocorr result,freq=294825396.82539684,peak=0.10418116627261043,peak2=0.06705568684265018,lag_off=-6.0,confirmed=False
2026-04-24T17:24:58.978525,AUTOCORR_SAMPLE,Per-buffer autocorr result,freq=294825396.82539684,peak=-0.02850150316953659,peak2=-0.04605856537818909,lag_off=4.0,confirmed=False
2026-04-24T17:24:58.979224,AUTOCORR_SAMPLE,Per-buffer autocorr result,freq=294825396.82539684,peak=-0.005981609225273132,peak2=-0.04437559610232711,lag_off=-1.0,confirmed=False
2026-04-24T17:24:58.982710,AUTOCORR_SAMPLE,Per-buffer autocorr result,freq=294825396.82539684,peak=0.010460793040692806,peak2=0.14571684412658215,lag_off=5.0,confirmed=False
2026-04-24T17:24:58.985688,AUTOCORR_SAMPLE,Per-buffer autocorr result,freq=294825396.82539684,peak=0.028342507779598236,peak2=0.002366352826356888,lag_off=6.0,confirmed=False
2026-04-24T17:24:58.989573,AUTOCORR_SAMPLE,Per-buffer autocorr result,freq=294825396.82539684,peak=-0.03660043329000473,peak2=-0.03192080184817314,lag_off=-2.0,confirmed=False
2026-04-24T17:24:58.992767,AUTOCORR_SAMPLE,Per-buffer autocorr result,freq=294825396.82539684,peak=-0.030693966895341873,peak2=-0.041901953518390656,lag_off=1.0,confirmed=False
2026-04-24T17:24:58.993603,AUTOCORR_SAMPLE,Per-buffer autocorr result,freq=294825396.82539684,peak=0.08617430739104748,peak2=0.10320121608674526,lag_off=1.0,confirmed=False
2026-04-24T17:24:58.996900,AUTOCORR_SAMPLE,Per-buffer autocorr result,freq=294825396.82539684,peak=0.13377162162214518,peak2=0.11925678048282862,lag_off=5.0,confirmed=False
2026-04-24T17:24:58.997615,AUTOCORR_SAMPLE,Per-buffer autocorr result,freq=294825396.82539684,peak=0.011728648096323013,peak2=-0.03033836930990219,lag_off=5.0,confirmed=False
2026-04-24T17:24:58.997755,AUTOCORR_RESULT,autocorr classification,freq=294825396.82539684,votes=0,total=10,score=0.0,confirmed=False
2026-04-24T17:24:59.018607,AUTOCORR_SAMPLE,Per-buffer autocorr result,freq=313228327.2283272,peak=-0.02850150316953659,peak2=-0.04605856537818909,lag_off=4.0,confirmed=False
2026-04-24T17:24:59.021886,AUTOCORR_SAMPLE,Per-buffer autocorr result,freq=313228327.2283272,peak=0.04924840992316604,peak2=0.030903106089681387,lag_off=-6.0,confirmed=False
2026-04-24T17:24:59.025501,AUTOCORR_SAMPLE,Per-buffer autocorr result,freq=313228327.2283272,peak=0.024333791807293892,peak2=0.05530810169875622,lag_off=-4.0,confirmed=False
2026-04-24T17:24:59.026463,AUTOCORR_SAMPLE,Per-buffer autocorr result,freq=313228327.2283272,peak=0.12935236809425987,peak2=0.06391998348408379,lag_off=0.0,confirmed=False
2026-04-24T17:24:59.029252,AUTOCORR_SAMPLE,Per-buffer autocorr result,freq=313228327.2283272,peak=0.033569326624274254,peak2=0.053805531933903694,lag_off=1.0,confirmed=False
2026-04-24T17:24:59.031814,AUTOCORR_SAMPLE,Per-buffer autocorr result,freq=313228327.2283272,peak=0.01739620231091976,peak2=0.0793891828507185,lag_off=1.0,confirmed=False
2026-04-24T17:24:59.032669,AUTOCORR_SAMPLE,Per-buffer autocorr result,freq=313228327.2283272,peak=0.07535767974331975,peak2=0.08110514702275395,lag_off=-2.0,confirmed=False
2026-04-24T17:24:59.035435,AUTOCORR_SAMPLE,Per-buffer autocorr result,freq=313228327.2283272,peak=0.052862873300909996,peak2=0.04241701774299145,lag_off=3.0,confirmed=False
2026-04-24T17:24:59.039333,AUTOCORR_SAMPLE,Per-buffer autocorr result,freq=313228327.2283272,peak=0.05030114948749542,peak2=-0.0010587237775325775,lag_off=-4.0,confirmed=False
2026-04-24T17:24:59.042451,AUTOCORR_SAMPLE,Per-buffer autocorr result,freq=313228327.2283272,peak=0.027544360607862473,peak2=0.033036116510629654,lag_off=-4.0,confirmed=False
2026-04-24T17:24:59.042568,AUTOCORR_RESULT,autocorr classification,freq=313228327.2283272,votes=0,total=10,score=0.0,confirmed=False
2026-04-24T17:24:59.137289,AUTOCORR_SAMPLE,Per-buffer autocorr result,freq=394173382.17338216,peak=0.05912431748583913,peak2=0.0710131716914475,lag_off=-2.0,confirmed=False
2026-04-24T17:24:59.140841,AUTOCORR_SAMPLE,Per-buffer autocorr result,freq=394173382.17338216,peak=0.08532812353223562,peak2=0.07564810570329428,lag_off=-1.0,confirmed=False
2026-04-24T17:24:59.143444,AUTOCORR_SAMPLE,Per-buffer autocorr result,freq=394173382.17338216,peak=0.09710319666191936,peak2=0.07567673502489924,lag_off=4.0,confirmed=False
2026-04-24T17:24:59.144375,AUTOCORR_SAMPLE,Per-buffer autocorr result,freq=394173382.17338216,peak=0.007205464877188206,peak2=0.059873695485293865,lag_off=0.0,confirmed=False
2026-04-24T17:24:59.147045,AUTOCORR_SAMPLE,Per-buffer autocorr result,freq=394173382.17338216,peak=0.01070193201303482,peak2=0.01064324751496315,lag_off=-3.0,confirmed=False
2026-04-24T17:24:59.147814,AUTOCORR_SAMPLE,Per-buffer autocorr result,freq=394173382.17338216,peak=0.09097901545464993,peak2=0.03504232130944729,lag_off=-5.0,confirmed=False
2026-04-24T17:24:59.150629,AUTOCORR_SAMPLE,Per-buffer autocorr result,freq=394173382.17338216,peak=0.03794932528398931,peak2=0.07593463896773756,lag_off=6.0,confirmed=False
2026-04-24T17:24:59.151311,AUTOCORR_SAMPLE,Per-buffer autocorr result,freq=394173382.17338216,peak=0.028847357258200645,peak2=0.11844553612172604,lag_off=-1.0,confirmed=False
2026-04-24T17:24:59.154945,AUTOCORR_SAMPLE,Per-buffer autocorr result,freq=394173382.17338216,peak=0.0007227491587400436,peak2=0.06250769458711147,lag_off=1.0,confirmed=False
2026-04-24T17:24:59.158639,AUTOCORR_SAMPLE,Per-buffer autocorr result,freq=394173382.17338216,peak=0.05085829086601734,peak2=0.05099867470562458,lag_off=-2.0,confirmed=False
2026-04-24T17:24:59.158724,AUTOCORR_RESULT,autocorr classification,freq=394173382.17338216,votes=0,total=10,score=0.0,confirmed=False
2026-04-24T17:24:59.322449,AUTOCORR_SAMPLE,Per-buffer autocorr result,freq=522654456.6544567,peak=0.0271797189489007,peak2=0.04324602987617254,lag_off=-2.0,confirmed=False
2026-04-24T17:24:59.325294,AUTOCORR_SAMPLE,Per-buffer autocorr result,freq=522654456.6544567,peak=0.08579608891159296,peak2=-0.016396082006394863,lag_off=0.0,confirmed=False
2026-04-24T17:24:59.327847,AUTOCORR_SAMPLE,Per-buffer autocorr result,freq=522654456.6544567,peak=0.07125991489738226,peak2=-0.0070679825730621815,lag_off=2.0,confirmed=False
2026-04-24T17:24:59.328840,AUTOCORR_SAMPLE,Per-buffer autocorr result,freq=522654456.6544567,peak=0.11895395908504725,peak2=-0.006908031995408237,lag_off=-4.0,confirmed=False
2026-04-24T17:24:59.331939,AUTOCORR_SAMPLE,Per-buffer autocorr result,freq=522654456.6544567,peak=0.08703666314249858,peak2=-0.003436766390223056,lag_off=1.0,confirmed=False
2026-04-24T17:24:59.334472,AUTOCORR_SAMPLE,Per-buffer autocorr result,freq=522654456.6544567,peak=0.06797834672033787,peak2=0.027640765998512506,lag_off=-5.0,confirmed=False
2026-04-24T17:24:59.335245,AUTOCORR_SAMPLE,Per-buffer autocorr result,freq=522654456.6544567,peak=0.05347506096586585,peak2=0.009512810967862606,lag_off=-2.0,confirmed=False
2026-04-24T17:24:59.338565,AUTOCORR_SAMPLE,Per-buffer autocorr result,freq=522654456.6544567,peak=0.02259538392536342,peak2=0.004435306414961815,lag_off=-1.0,confirmed=False
2026-04-24T17:24:59.341621,AUTOCORR_SAMPLE,Per-buffer autocorr result,freq=522654456.6544567,peak=0.013485565315932035,peak2=0.007260964717715979,lag_off=0.0,confirmed=False
2026-04-24T17:24:59.342369,AUTOCORR_SAMPLE,Per-buffer autocorr result,freq=522654456.6544567,peak=0.0736692812788533,peak2=0.09112374899268616,lag_off=5.0,confirmed=False
2026-04-24T17:24:59.342428,AUTOCORR_RESULT,autocorr classification,freq=522654456.6544567,votes=0,total=10,score=0.0,confirmed=False
2026-04-24T17:24:59.392470,AUTOCORR_SAMPLE,Per-buffer autocorr result,freq=565770451.7704518,peak=0.09210674779023975,peak2=0.043826329871080816,lag_off=-3.0,confirmed=False
2026-04-24T17:24:59.393238,AUTOCORR_SAMPLE,Per-buffer autocorr result,freq=565770451.7704518,peak=0.10353604890406132,peak2=0.10150242783129215,lag_off=-4.0,confirmed=False
2026-04-24T17:24:59.395595,AUTOCORR_SAMPLE,Per-buffer autocorr result,freq=565770451.7704518,peak=0.05381550546735525,peak2=0.18693032022565603,lag_off=-3.0,confirmed=False
2026-04-24T17:24:59.396315,AUTOCORR_SAMPLE,Per-buffer autocorr result,freq=565770451.7704518,peak=0.14058580063283443,peak2=0.03212512191385031,lag_off=-6.0,confirmed=False
2026-04-24T17:24:59.398970,AUTOCORR_SAMPLE,Per-buffer autocorr result,freq=565770451.7704518,peak=0.07556344754993916,peak2=0.06163295544683933,lag_off=-6.0,confirmed=False
2026-04-24T17:24:59.399775,AUTOCORR_SAMPLE,Per-buffer autocorr result,freq=565770451.7704518,peak=0.12117431871592999,peak2=-0.03981867432594299,lag_off=-5.0,confirmed=False
2026-04-24T17:24:59.402354,AUTOCORR_SAMPLE,Per-buffer autocorr result,freq=565770451.7704518,peak=0.020932532846927643,peak2=-0.041014672722667456,lag_off=2.0,confirmed=False
2026-04-24T17:24:59.403409,AUTOCORR_SAMPLE,Per-buffer autocorr result,freq=565770451.7704518,peak=0.0976090244948864,peak2=-0.030896806623786688,lag_off=-5.0,confirmed=False
2026-04-24T17:24:59.406617,AUTOCORR_SAMPLE,Per-buffer autocorr result,freq=565770451.7704518,peak=0.08541769906878471,peak2=-0.017492082901299,lag_off=-3.0,confirmed=False
2026-04-24T17:24:59.407261,AUTOCORR_SAMPLE,Per-buffer autocorr result,freq=565770451.7704518,peak=0.10386370867490768,peak2=-0.011666463688015938,lag_off=2.0,confirmed=False
2026-04-24T17:24:59.409245,AUTOCORR_RESULT,autocorr classification,freq=565770451.7704518,votes=0,total=10,score=0.0,confirmed=False
2026-04-24T17:24:59.488114,AUTOCORR_SAMPLE,Per-buffer autocorr result,freq=620322344.3223443,peak=0.13211230468004942,peak2=0.09470363985747099,lag_off=-3.0,confirmed=False
2026-04-24T17:24:59.491326,AUTOCORR_SAMPLE,Per-buffer autocorr result,freq=620322344.3223443,peak=0.02078104019165039,peak2=-0.0541866570856655,lag_off=-3.0,confirmed=False
2026-04-24T17:24:59.492103,AUTOCORR_SAMPLE,Per-buffer autocorr result,freq=620322344.3223443,peak=0.09759891033172607,peak2=0.009992558509111404,lag_off=6.0,confirmed=False
2026-04-24T17:24:59.494636,AUTOCORR_SAMPLE,Per-buffer autocorr result,freq=620322344.3223443,peak=0.035699752159416676,peak2=0.08197018597275019,lag_off=1.0,confirmed=False
2026-04-24T17:24:59.495380,AUTOCORR_SAMPLE,Per-buffer autocorr result,freq=620322344.3223443,peak=0.07967939786612988,peak2=0.02701675333082676,lag_off=-5.0,confirmed=False
2026-04-24T17:24:59.497968,AUTOCORR_SAMPLE,Per-buffer autocorr result,freq=620322344.3223443,peak=0.11603205744177103,peak2=0.03662362787872553,lag_off=-3.0,confirmed=False
2026-04-24T17:24:59.498776,AUTOCORR_SAMPLE,Per-buffer autocorr result,freq=620322344.3223443,peak=0.04283758066594601,peak2=0.062093647196888924,lag_off=4.0,confirmed=False
2026-04-24T17:24:59.501352,AUTOCORR_SAMPLE,Per-buffer autocorr result,freq=620322344.3223443,peak=0.09332122845808044,peak2=0.07925713254371658,lag_off=4.0,confirmed=False
2026-04-24T17:24:59.504204,AUTOCORR_SAMPLE,Per-buffer autocorr result,freq=620322344.3223443,peak=0.08014159230515361,peak2=0.04282198054715991,lag_off=1.0,confirmed=False
2026-04-24T17:24:59.507380,AUTOCORR_SAMPLE,Per-buffer autocorr result,freq=620322344.3223443,peak=0.15358298737555742,peak2=0.06300358194857836,lag_off=-6.0,confirmed=False
2026-04-24T17:24:59.507440,AUTOCORR_RESULT,autocorr classification,freq=620322344.3223443,votes=0,total=10,score=0.0,confirmed=False
2026-04-24T17:24:59.551602,AUTOCORR_SAMPLE,Per-buffer autocorr result,freq=664319902.3199023,peak=0.1183739653788507,peak2=0.06122500216588378,lag_off=2.0,confirmed=False
2026-04-24T17:24:59.554734,AUTOCORR_SAMPLE,Per-buffer autocorr result,freq=664319902.3199023,peak=0.0980150792747736,peak2=0.06251269020140171,lag_off=3.0,confirmed=False
2026-04-24T17:24:59.555793,AUTOCORR_SAMPLE,Per-buffer autocorr result,freq=664319902.3199023,peak=0.0637027844786644,peak2=0.05237314850091934,lag_off=0.0,confirmed=False
2026-04-24T17:24:59.558627,AUTOCORR_SAMPLE,Per-buffer autocorr result,freq=664319902.3199023,peak=0.00716247595846653,peak2=0.04871668852865696,lag_off=-2.0,confirmed=False
2026-04-24T17:24:59.559520,AUTOCORR_SAMPLE,Per-buffer autocorr result,freq=664319902.3199023,peak=0.09057711251080036,peak2=0.040695084258913994,lag_off=-6.0,confirmed=False
2026-04-24T17:24:59.562418,AUTOCORR_SAMPLE,Per-buffer autocorr result,freq=664319902.3199023,peak=0.08058787882328033,peak2=-0.04333628830499947,lag_off=-3.0,confirmed=False
2026-04-24T17:24:59.563078,AUTOCORR_SAMPLE,Per-buffer autocorr result,freq=664319902.3199023,peak=0.05796796968206763,peak2=0.04881686111912131,lag_off=4.0,confirmed=False
2026-04-24T17:24:59.565911,AUTOCORR_SAMPLE,Per-buffer autocorr result,freq=664319902.3199023,peak=0.09005867037922144,peak2=0.054355175234377384,lag_off=-1.0,confirmed=False
2026-04-24T17:24:59.568966,AUTOCORR_SAMPLE,Per-buffer autocorr result,freq=664319902.3199023,peak=0.052482489263638854,peak2=0.06892937398515642,lag_off=4.0,confirmed=False
2026-04-24T17:24:59.569710,AUTOCORR_SAMPLE,Per-buffer autocorr result,freq=664319902.3199023,peak=0.13096426101401448,peak2=0.02987340884283185,lag_off=-1.0,confirmed=False
2026-04-24T17:24:59.569794,AUTOCORR_RESULT,autocorr classification,freq=664319902.3199023,votes=0,total=10,score=0.0,confirmed=False
2026-04-24T17:24:59.641939,AUTOCORR_SAMPLE,Per-buffer autocorr result,freq=712720390.7203907,peak=0.1212617558776401,peak2=0.04506280546775088,lag_off=-4.0,confirmed=False
2026-04-24T17:24:59.645191,AUTOCORR_SAMPLE,Per-buffer autocorr result,freq=712720390.7203907,peak=0.04586462024599314,peak2=0.12802561838179827,lag_off=-6.0,confirmed=False
2026-04-24T17:24:59.647858,AUTOCORR_SAMPLE,Per-buffer autocorr result,freq=712720390.7203907,peak=0.11407535150647163,peak2=0.1108071617782116,lag_off=3.0,confirmed=False
2026-04-24T17:24:59.648539,AUTOCORR_SAMPLE,Per-buffer autocorr result,freq=712720390.7203907,peak=0.10493688471615314,peak2=0.027759116142988205,lag_off=-2.0,confirmed=False
2026-04-24T17:24:59.651154,AUTOCORR_SAMPLE,Per-buffer autocorr result,freq=712720390.7203907,peak=0.08353419631021097,peak2=0.008341729000676423,lag_off=3.0,confirmed=False
2026-04-24T17:24:59.651870,AUTOCORR_SAMPLE,Per-buffer autocorr result,freq=712720390.7203907,peak=0.06273064576089382,peak2=0.047149380668997765,lag_off=-3.0,confirmed=False
2026-04-24T17:24:59.654702,AUTOCORR_SAMPLE,Per-buffer autocorr result,freq=712720390.7203907,peak=0.07266390323638916,peak2=0.0833863690495491,lag_off=-2.0,confirmed=False
2026-04-24T17:24:59.657693,AUTOCORR_SAMPLE,Per-buffer autocorr result,freq=712720390.7203907,peak=0.06538364745210856,peak2=0.07404950715135783,lag_off=4.0,confirmed=False
2026-04-24T17:24:59.658338,AUTOCORR_SAMPLE,Per-buffer autocorr result,freq=712720390.7203907,peak=0.10450852033682168,peak2=0.05548698944039643,lag_off=2.0,confirmed=False
2026-04-24T17:24:59.660907,AUTOCORR_SAMPLE,Per-buffer autocorr result,freq=712720390.7203907,peak=0.1442117248661816,peak2=0.0659353737719357,lag_off=3.0,confirmed=False
2026-04-24T17:24:59.661048,AUTOCORR_RESULT,autocorr classification,freq=712720390.7203907,votes=0,total=10,score=0.0,confirmed=False
2026-04-24T17:25:00.171707,AUTOCORR_SAMPLE,Per-buffer autocorr result,freq=939665445.6654457,peak=0.11221313197165728,peak2=0.03824197594076395,lag_off=-6.0,confirmed=False
2026-04-24T17:25:00.182843,AUTOCORR_SAMPLE,Per-buffer autocorr result,freq=939665445.6654457,peak=-0.291427806019783,peak2=-0.6274861842393875,lag_off=-6.0,confirmed=False
2026-04-24T17:25:00.194775,AUTOCORR_SAMPLE,Per-buffer autocorr result,freq=939665445.6654457,peak=0.14896950079128146,peak2=0.06609687907621264,lag_off=3.0,confirmed=False
2026-04-24T17:25:00.214095,AUTOCORR_SAMPLE,Per-buffer autocorr result,freq=939665445.6654457,peak=0.09272703342139721,peak2=0.07947390340268612,lag_off=-3.0,confirmed=False
2026-04-24T17:25:00.215177,AUTOCORR_SAMPLE,Per-buffer autocorr result,freq=939665445.6654457,peak=-0.22242684103548527,peak2=-0.38411401212215424,lag_off=-6.0,confirmed=False
2026-04-24T17:25:00.231947,AUTOCORR_SAMPLE,Per-buffer autocorr result,freq=939665445.6654457,peak=0.10744557715952396,peak2=0.09969397820532322,lag_off=5.0,confirmed=False
2026-04-24T17:25:00.245295,AUTOCORR_SAMPLE,Per-buffer autocorr result,freq=939665445.6654457,peak=0.07837731577455997,peak2=0.07286875136196613,lag_off=1.0,confirmed=False
2026-04-24T17:25:00.257859,AUTOCORR_SAMPLE,Per-buffer autocorr result,freq=939665445.6654457,peak=0.05029863491654396,peak2=-0.07722083479166031,lag_off=1.0,confirmed=False
2026-04-24T17:25:00.266941,AUTOCORR_SAMPLE,Per-buffer autocorr result,freq=939665445.6654457,peak=0.11568497121334076,peak2=0.11698175221681595,lag_off=-4.0,confirmed=False
2026-04-24T17:25:00.268027,AUTOCORR_SAMPLE,Per-buffer autocorr result,freq=939665445.6654457,peak=0.047174038365483284,peak2=-0.006004815921187401,lag_off=6.0,confirmed=False
2026-04-24T17:25:00.268137,AUTOCORR_RESULT,autocorr classification,freq=939665445.6654457,votes=0,total=10,score=0.0,confirmed=False
2026-04-24T17:25:00.292357,AUTOCORR_SAMPLE,Per-buffer autocorr result,freq=959411477.4114774,peak=-0.22242684103548527,peak2=-0.38411401212215424,lag_off=-6.0,confirmed=False
2026-04-24T17:25:00.296096,AUTOCORR_SAMPLE,Per-buffer autocorr result,freq=959411477.4114774,peak=-0.023214306216686964,peak2=0.028912372887134552,lag_off=4.0,confirmed=False
2026-04-24T17:25:00.297123,AUTOCORR_SAMPLE,Per-buffer autocorr result,freq=959411477.4114774,peak=0.013884529937058687,peak2=-0.03332625236362219,lag_off=5.0,confirmed=False
2026-04-24T17:25:00.301034,AUTOCORR_SAMPLE,Per-buffer autocorr result,freq=959411477.4114774,peak=-0.07708784332498908,peak2=-0.07364444871200249,lag_off=5.0,confirmed=False
2026-04-24T17:25:00.304706,AUTOCORR_SAMPLE,Per-buffer autocorr result,freq=959411477.4114774,peak=0.0688861571252346,peak2=-0.020713824778795242,lag_off=-5.0,confirmed=False
2026-04-24T17:25:00.305605,AUTOCORR_SAMPLE,Per-buffer autocorr result,freq=959411477.4114774,peak=-0.09004002436995506,peak2=-0.19704103469848633,lag_off=-6.0,confirmed=False
2026-04-24T17:25:00.309272,AUTOCORR_SAMPLE,Per-buffer autocorr result,freq=959411477.4114774,peak=0.016467776149511337,peak2=-0.12591001763939857,lag_off=-2.0,confirmed=False
2026-04-24T17:25:00.310127,AUTOCORR_SAMPLE,Per-buffer autocorr result,freq=959411477.4114774,peak=0.02156343311071396,peak2=-0.059318589977920055,lag_off=0.0,confirmed=False
2026-04-24T17:25:00.313937,AUTOCORR_SAMPLE,Per-buffer autocorr result,freq=959411477.4114774,peak=0.07531426870264113,peak2=0.045531228417530656,lag_off=-3.0,confirmed=False
2026-04-24T17:25:00.317483,AUTOCORR_SAMPLE,Per-buffer autocorr result,freq=959411477.4114774,peak=0.008097836747765541,peak2=-0.01962489797733724,lag_off=6.0,confirmed=False
2026-04-24T17:25:00.317641,AUTOCORR_RESULT,autocorr classification,freq=959411477.4114774,votes=0,total=10,score=0.0,confirmed=False
2026-04-24T17:25:00.332943,AUTOCORR_SAMPLE,Per-buffer autocorr result,freq=972798534.7985348,peak=-0.07708784332498908,peak2=-0.07364444871200249,lag_off=5.0,confirmed=False
2026-04-24T17:25:00.333821,AUTOCORR_SAMPLE,Per-buffer autocorr result,freq=972798534.7985348,peak=0.08501541230361909,peak2=0.09591518703382462,lag_off=3.0,confirmed=False
2026-04-24T17:25:00.337354,AUTOCORR_SAMPLE,Per-buffer autocorr result,freq=972798534.7985348,peak=0.027029503602534533,peak2=0.10353838326409459,lag_off=2.0,confirmed=False
2026-04-24T17:25:00.340779,AUTOCORR_SAMPLE,Per-buffer autocorr result,freq=972798534.7985348,peak=0.07256628960021771,peak2=0.024714464467251673,lag_off=-6.0,confirmed=False
2026-04-24T17:25:00.341679,AUTOCORR_SAMPLE,Per-buffer autocorr result,freq=972798534.7985348,peak=0.029145341366529465,peak2=0.07261112332344055,lag_off=3.0,confirmed=False
2026-04-24T17:25:00.345140,AUTOCORR_SAMPLE,Per-buffer autocorr result,freq=972798534.7985348,peak=0.07572310930117965,peak2=0.04037836706265807,lag_off=0.0,confirmed=False
2026-04-24T17:25:00.345969,AUTOCORR_SAMPLE,Per-buffer autocorr result,freq=972798534.7985348,peak=0.07408901932649314,peak2=0.021471769316121936,lag_off=-4.0,confirmed=False
2026-04-24T17:25:00.349136,AUTOCORR_SAMPLE,Per-buffer autocorr result,freq=972798534.7985348,peak=0.06778481043875217,peak2=0.023924605920910835,lag_off=-6.0,confirmed=False
2026-04-24T17:25:00.350121,AUTOCORR_SAMPLE,Per-buffer autocorr result,freq=972798534.7985348,peak=0.06115012289956212,peak2=0.05534971924498677,lag_off=-6.0,confirmed=False
2026-04-24T17:25:00.353563,AUTOCORR_SAMPLE,Per-buffer autocorr result,freq=972798534.7985348,peak=0.13599877094384283,peak2=0.0858972150599584,lag_off=-3.0,confirmed=False
2026-04-24T17:25:00.353697,AUTOCORR_RESULT,autocorr classification,freq=972798534.7985348,votes=0,total=10,score=0.0,confirmed=False
2026-04-24T17:25:01.247588,AUTOCORR_SAMPLE,Per-buffer autocorr result,freq=1638312576.3125763,peak=0.045225756242871284,peak2=0.04739859886467457,lag_off=5.0,confirmed=False
2026-04-24T17:25:01.248293,AUTOCORR_SAMPLE,Per-buffer autocorr result,freq=1638312576.3125763,peak=0.16481779934838414,peak2=0.0375423957593739,lag_off=-1.0,confirmed=False
2026-04-24T17:25:01.251046,AUTOCORR_SAMPLE,Per-buffer autocorr result,freq=1638312576.3125763,peak=0.01873308653011918,peak2=0.0009023842867463827,lag_off=-5.0,confirmed=False
2026-04-24T17:25:01.254091,AUTOCORR_SAMPLE,Per-buffer autocorr result,freq=1638312576.3125763,peak=0.10306319408118725,peak2=0.022964948089793324,lag_off=-2.0,confirmed=False
2026-04-24T17:25:01.256616,AUTOCORR_SAMPLE,Per-buffer autocorr result,freq=1638312576.3125763,peak=0.06569521222263575,peak2=0.03685761336237192,lag_off=-4.0,confirmed=False
2026-04-24T17:25:01.257682,AUTOCORR_SAMPLE,Per-buffer autocorr result,freq=1638312576.3125763,peak=0.06381044629961252,peak2=0.0002615696284919977,lag_off=-1.0,confirmed=False
2026-04-24T17:25:01.260169,AUTOCORR_SAMPLE,Per-buffer autocorr result,freq=1638312576.3125763,peak=0.10466173849999905,peak2=0.06302454881370068,lag_off=6.0,confirmed=False
2026-04-24T17:25:01.261062,AUTOCORR_SAMPLE,Per-buffer autocorr result,freq=1638312576.3125763,peak=0.0987437553703785,peak2=0.08926412835717201,lag_off=-3.0,confirmed=False
2026-04-24T17:25:01.263659,AUTOCORR_SAMPLE,Per-buffer autocorr result,freq=1638312576.3125763,peak=0.12312803789973259,peak2=-0.00966847687959671,lag_off=4.0,confirmed=False
2026-04-24T17:25:01.264416,AUTOCORR_SAMPLE,Per-buffer autocorr result,freq=1638312576.3125763,peak=0.09874544339254498,peak2=0.010582395363599062,lag_off=-2.0,confirmed=False
2026-04-24T17:25:01.264524,AUTOCORR_RESULT,autocorr classification,freq=1638312576.3125763,votes=0,total=10,score=0.0,confirmed=False
2026-04-24T17:25:01.736475,AUTOCORR_SAMPLE,Per-buffer autocorr result,freq=1807811965.8119657,peak=0.026188802905380726,peak2=0.047125973738729954,lag_off=-3.0,confirmed=False
2026-04-24T17:25:01.737322,AUTOCORR_SAMPLE,Per-buffer autocorr result,freq=1807811965.8119657,peak=0.08152665570378304,peak2=0.025073274970054626,lag_off=1.0,confirmed=False
2026-04-24T17:25:01.774438,AUTOCORR_SAMPLE,Per-buffer autocorr result,freq=1807811965.8119657,peak=0.07286320487037301,peak2=0.09639730909839272,lag_off=-6.0,confirmed=False
2026-04-24T17:25:01.775519,AUTOCORR_SAMPLE,Per-buffer autocorr result,freq=1807811965.8119657,peak=0.16759040765464306,peak2=0.06869825161993504,lag_off=3.0,confirmed=False
2026-04-24T17:25:01.802118,AUTOCORR_SAMPLE,Per-buffer autocorr result,freq=1807811965.8119657,peak=0.10493818297982216,peak2=-0.0894651897251606,lag_off=2.0,confirmed=False
2026-04-24T17:25:01.812277,AUTOCORR_SAMPLE,Per-buffer autocorr result,freq=1807811965.8119657,peak=0.11202660761773586,peak2=0.009218607097864151,lag_off=-4.0,confirmed=False
2026-04-24T17:25:01.849213,AUTOCORR_SAMPLE,Per-buffer autocorr result,freq=1807811965.8119657,peak=0.08818710036575794,peak2=0.006568018347024918,lag_off=0.0,confirmed=False
2026-04-24T17:25:01.850462,AUTOCORR_SAMPLE,Per-buffer autocorr result,freq=1807811965.8119657,peak=-0.10710445791482925,peak2=-0.17533268220722675,lag_off=-6.0,confirmed=False
2026-04-24T17:25:01.866809,AUTOCORR_SAMPLE,Per-buffer autocorr result,freq=1807811965.8119657,peak=0.15120676276274025,peak2=0.04301051911897957,lag_off=2.0,confirmed=False
2026-04-24T17:25:01.894774,AUTOCORR_SAMPLE,Per-buffer autocorr result,freq=1807811965.8119657,peak=-0.02940567210316658,peak2=-0.002606857568025589,lag_off=-2.0,confirmed=False
2026-04-24T17:25:01.894854,AUTOCORR_RESULT,autocorr classification,freq=1807811965.8119657,votes=0,total=10,score=0.0,confirmed=False
2026-04-24T17:25:02.024331,AUTOCORR_SAMPLE,Per-buffer autocorr result,freq=1827914529.9145298,peak=0.15120676276274025,peak2=0.04301051911897957,lag_off=2.0,confirmed=False
2026-04-24T17:25:02.028926,AUTOCORR_SAMPLE,Per-buffer autocorr result,freq=1827914529.9145298,peak=0.02891046553850174,peak2=0.061079058796167374,lag_off=-3.0,confirmed=False
2026-04-24T17:25:02.029504,AUTOCORR_SAMPLE,Per-buffer autocorr result,freq=1827914529.9145298,peak=0.11216816864907742,peak2=0.05460314266383648,lag_off=6.0,confirmed=False
2026-04-24T17:25:02.030018,AUTOCORR_SAMPLE,Per-buffer autocorr result,freq=1827914529.9145298,peak=-0.05658195447176695,peak2=-0.03449440002441406,lag_off=0.0,confirmed=False
2026-04-24T17:25:02.030534,AUTOCORR_SAMPLE,Per-buffer autocorr result,freq=1827914529.9145298,peak=0.11404812708497047,peak2=0.0820399783551693,lag_off=-3.0,confirmed=False
2026-04-24T17:25:02.031045,AUTOCORR_SAMPLE,Per-buffer autocorr result,freq=1827914529.9145298,peak=0.015396665781736374,peak2=-0.03195732505992055,lag_off=-1.0,confirmed=False
2026-04-24T17:25:02.031537,AUTOCORR_SAMPLE,Per-buffer autocorr result,freq=1827914529.9145298,peak=0.1387746948748827,peak2=0.04185996577143669,lag_off=-3.0,confirmed=False
2026-04-24T17:25:02.032040,AUTOCORR_SAMPLE,Per-buffer autocorr result,freq=1827914529.9145298,peak=-0.024042174220085144,peak2=-0.1455060876905918,lag_off=-4.0,confirmed=False
2026-04-24T17:25:02.032545,AUTOCORR_SAMPLE,Per-buffer autocorr result,freq=1827914529.9145298,peak=0.06087562255561352,peak2=0.05407763086259365,lag_off=-4.0,confirmed=False
2026-04-24T17:25:02.033031,AUTOCORR_SAMPLE,Per-buffer autocorr result,freq=1827914529.9145298,peak=-0.06516962312161922,peak2=0.0369102880358696,lag_off=0.0,confirmed=False
2026-04-24T17:25:02.033075,AUTOCORR_RESULT,autocorr classification,freq=1827914529.9145298,votes=0,total=10,score=0.0,confirmed=False
2026-04-24T17:25:02.081673,AUTOCORR_SAMPLE,Per-buffer autocorr result,freq=1834542124.5421245,peak=0.02891046553850174,peak2=0.061079058796167374,lag_off=-3.0,confirmed=False
2026-04-24T17:25:02.092626,AUTOCORR_SAMPLE,Per-buffer autocorr result,freq=1834542124.5421245,peak=0.04702623933553696,peak2=0.034454661421477795,lag_off=0.0,confirmed=False
2026-04-24T17:25:02.094897,AUTOCORR_SAMPLE,Per-buffer autocorr result,freq=1834542124.5421245,peak=0.015749633312225342,peak2=-0.017520397901535034,lag_off=-6.0,confirmed=False
2026-04-24T17:25:02.095801,AUTOCORR_SAMPLE,Per-buffer autocorr result,freq=1834542124.5421245,peak=0.09124516695737839,peak2=-0.054779689060524106,lag_off=-6.0,confirmed=False
2026-04-24T17:25:02.111622,AUTOCORR_SAMPLE,Per-buffer autocorr result,freq=1834542124.5421245,peak=-0.0015901008155196905,peak2=-0.025542479706928134,lag_off=-3.0,confirmed=False
2026-04-24T17:25:02.126812,AUTOCORR_SAMPLE,Per-buffer autocorr result,freq=1834542124.5421245,peak=0.008306714706122875,peak2=0.07766444142907858,lag_off=-3.0,confirmed=False
2026-04-24T17:25:02.127843,AUTOCORR_SAMPLE,Per-buffer autocorr result,freq=1834542124.5421245,peak=-0.06224942393600941,peak2=-0.07111307419836521,lag_off=-5.0,confirmed=False
2026-04-24T17:25:02.143828,AUTOCORR_SAMPLE,Per-buffer autocorr result,freq=1834542124.5421245,peak=0.05466099688783288,peak2=-0.032811766024678946,lag_off=6.0,confirmed=False
2026-04-24T17:25:02.144796,AUTOCORR_SAMPLE,Per-buffer autocorr result,freq=1834542124.5421245,peak=0.030276097357273102,peak2=-0.047454969957470894,lag_off=-6.0,confirmed=False
2026-04-24T17:25:02.155030,AUTOCORR_SAMPLE,Per-buffer autocorr result,freq=1834542124.5421245,peak=0.12091480474919081,peak2=0.06469720136374235,lag_off=3.0,confirmed=False
2026-04-24T17:25:02.155124,AUTOCORR_RESULT,autocorr classification,freq=1834542124.5421245,votes=0,total=10,score=0.0,confirmed=False
2026-04-24T17:25:02.184813,AUTOCORR_SAMPLE,Per-buffer autocorr result,freq=1852659340.6593409,peak=0.04498782008886337,peak2=0.18682056665420532,lag_off=3.0,confirmed=False
2026-04-24T17:25:02.185690,AUTOCORR_SAMPLE,Per-buffer autocorr result,freq=1852659340.6593409,peak=0.09030911885201931,peak2=0.006486412137746811,lag_off=2.0,confirmed=False
2026-04-24T17:25:02.189316,AUTOCORR_SAMPLE,Per-buffer autocorr result,freq=1852659340.6593409,peak=-0.3159531354904175,peak2=-0.6469159424304962,lag_off=-6.0,confirmed=False
2026-04-24T17:25:02.193032,AUTOCORR_SAMPLE,Per-buffer autocorr result,freq=1852659340.6593409,peak=0.08150473237037659,peak2=0.030201539397239685,lag_off=0.0,confirmed=False
2026-04-24T17:25:02.196792,AUTOCORR_SAMPLE,Per-buffer autocorr result,freq=1852659340.6593409,peak=-0.12148577347397804,peak2=-0.00811198353767395,lag_off=-4.0,confirmed=False
2026-04-24T17:25:02.197768,AUTOCORR_SAMPLE,Per-buffer autocorr result,freq=1852659340.6593409,peak=0.05711278319358826,peak2=0.041665032505989075,lag_off=-6.0,confirmed=False
2026-04-24T17:25:02.201617,AUTOCORR_SAMPLE,Per-buffer autocorr result,freq=1852659340.6593409,peak=0.10917168576270342,peak2=0.07052858639508486,lag_off=0.0,confirmed=False
2026-04-24T17:25:02.205540,AUTOCORR_SAMPLE,Per-buffer autocorr result,freq=1852659340.6593409,peak=0.03761052526533604,peak2=-0.019395182840526104,lag_off=3.0,confirmed=False
2026-04-24T17:25:02.206638,AUTOCORR_SAMPLE,Per-buffer autocorr result,freq=1852659340.6593409,peak=0.12754353880882263,peak2=0.0731087327003479,lag_off=0.0,confirmed=False
2026-04-24T17:25:02.210738,AUTOCORR_SAMPLE,Per-buffer autocorr result,freq=1852659340.6593409,peak=0.05201416136696935,peak2=0.06340602831915021,lag_off=6.0,confirmed=False
2026-04-24T17:25:02.210832,AUTOCORR_RESULT,autocorr classification,freq=1852659340.6593409,votes=0,total=10,score=0.0,confirmed=False
2026-04-24T17:25:02.231755,AUTOCORR_SAMPLE,Per-buffer autocorr result,freq=1875379731.3797312,peak=0.09030911885201931,peak2=0.006486412137746811,lag_off=2.0,confirmed=False
2026-04-24T17:25:02.232558,AUTOCORR_SAMPLE,Per-buffer autocorr result,freq=1875379731.3797312,peak=0.13983222283422947,peak2=0.04456704296171665,lag_off=6.0,confirmed=False
2026-04-24T17:25:02.236256,AUTOCORR_SAMPLE,Per-buffer autocorr result,freq=1875379731.3797312,peak=0.04891546070575714,peak2=-0.11312668677419424,lag_off=1.0,confirmed=False
2026-04-24T17:25:02.239339,AUTOCORR_SAMPLE,Per-buffer autocorr result,freq=1875379731.3797312,peak=0.0718560442328453,peak2=-0.12052638363093138,lag_off=-4.0,confirmed=False
2026-04-24T17:25:02.240185,AUTOCORR_SAMPLE,Per-buffer autocorr result,freq=1875379731.3797312,peak=0.09503046423196793,peak2=-0.1546550653874874,lag_off=-4.0,confirmed=False
2026-04-24T17:25:02.243411,AUTOCORR_SAMPLE,Per-buffer autocorr result,freq=1875379731.3797312,peak=0.14625462889671326,peak2=0.050038084387779236,lag_off=-4.0,confirmed=False
2026-04-24T17:25:02.244134,AUTOCORR_SAMPLE,Per-buffer autocorr result,freq=1875379731.3797312,peak=-0.02242247387766838,peak2=0.09598968178033829,lag_off=6.0,confirmed=False
2026-04-24T17:25:02.247145,AUTOCORR_SAMPLE,Per-buffer autocorr result,freq=1875379731.3797312,peak=0.11012805253267288,peak2=0.04306540638208389,lag_off=-4.0,confirmed=False
2026-04-24T17:25:02.247869,AUTOCORR_SAMPLE,Per-buffer autocorr result,freq=1875379731.3797312,peak=0.061180196702480316,peak2=0.046433545649051666,lag_off=6.0,confirmed=False
2026-04-24T17:25:02.251068,AUTOCORR_SAMPLE,Per-buffer autocorr result,freq=1875379731.3797312,peak=-0.07097424566745758,peak2=-0.25880637019872665,lag_off=-4.0,confirmed=False
2026-04-24T17:25:02.251230,AUTOCORR_RESULT,autocorr classification,freq=1875379731.3797312,votes=0,total=10,score=0.0,confirmed=False
2026-04-24T17:25:02.266158,AUTOCORR_SAMPLE,Per-buffer autocorr result,freq=1895592185.5921855,peak=0.13983222283422947,peak2=0.04456704296171665,lag_off=6.0,confirmed=False
2026-04-24T17:25:02.268765,AUTOCORR_SAMPLE,Per-buffer autocorr result,freq=1895592185.5921855,peak=0.07515812013298273,peak2=0.06948721501976252,lag_off=4.0,confirmed=False
2026-04-24T17:25:02.269554,AUTOCORR_SAMPLE,Per-buffer autocorr result,freq=1895592185.5921855,peak=0.13855637214146554,peak2=0.09687780938111246,lag_off=-3.0,confirmed=False
2026-04-24T17:25:02.272294,AUTOCORR_SAMPLE,Per-buffer autocorr result,freq=1895592185.5921855,peak=0.08055085968226194,peak2=0.031144077889621258,lag_off=-3.0,confirmed=False
2026-04-24T17:25:02.273024,AUTOCORR_SAMPLE,Per-buffer autocorr result,freq=1895592185.5921855,peak=0.05557227320969105,peak2=0.02894273679703474,lag_off=5.0,confirmed=False
2026-04-24T17:25:02.275634,AUTOCORR_SAMPLE,Per-buffer autocorr result,freq=1895592185.5921855,peak=0.21410887595266104,peak2=0.06961617153137922,lag_off=-4.0,confirmed=False
2026-04-24T17:25:02.276421,AUTOCORR_SAMPLE,Per-buffer autocorr result,freq=1895592185.5921855,peak=0.15467765647917986,peak2=0.023418349213898182,lag_off=2.0,confirmed=False
2026-04-24T17:25:02.279065,AUTOCORR_SAMPLE,Per-buffer autocorr result,freq=1895592185.5921855,peak=0.038958328776061535,peak2=0.03225481603294611,lag_off=5.0,confirmed=False
2026-04-24T17:25:02.280008,AUTOCORR_SAMPLE,Per-buffer autocorr result,freq=1895592185.5921855,peak=0.04967292118817568,peak2=0.06834916863590479,lag_off=-6.0,confirmed=False
2026-04-24T17:25:02.282618,AUTOCORR_SAMPLE,Per-buffer autocorr result,freq=1895592185.5921855,peak=0.16844687703996897,peak2=0.09868443105369806,lag_off=-5.0,confirmed=False
2026-04-24T17:25:02.282706,AUTOCORR_RESULT,autocorr classification,freq=1895592185.5921855,votes=0,total=10,score=0.0,confirmed=False
2026-04-24T17:25:02.617118,AUTOCORR_SAMPLE,Per-buffer autocorr result,freq=2113643467.6434677,peak=0.06795841216808185,peak2=0.03578285261755809,lag_off=4.0,confirmed=False
2026-04-24T17:25:02.620923,AUTOCORR_SAMPLE,Per-buffer autocorr result,freq=2113643467.6434677,peak=0.05558895319700241,peak2=-0.11481714993715286,lag_off=-4.0,confirmed=False
2026-04-24T17:25:02.624849,AUTOCORR_SAMPLE,Per-buffer autocorr result,freq=2113643467.6434677,peak=0.028676003217697144,peak2=0.12059210240840912,lag_off=1.0,confirmed=False
2026-04-24T17:25:02.628069,AUTOCORR_SAMPLE,Per-buffer autocorr result,freq=2113643467.6434677,peak=0.0729625103995204,peak2=0.036663050763309,lag_off=-1.0,confirmed=False
2026-04-24T17:25:02.628810,AUTOCORR_SAMPLE,Per-buffer autocorr result,freq=2113643467.6434677,peak=0.1066163329523988,peak2=0.06613370758714154,lag_off=1.0,confirmed=False
2026-04-24T17:25:02.631750,AUTOCORR_SAMPLE,Per-buffer autocorr result,freq=2113643467.6434677,peak=0.03422963432967663,peak2=0.017326293513178825,lag_off=-3.0,confirmed=False
2026-04-24T17:25:02.632466,AUTOCORR_SAMPLE,Per-buffer autocorr result,freq=2113643467.6434677,peak=0.07504801149480045,peak2=0.11868440802209079,lag_off=-5.0,confirmed=False
2026-04-24T17:25:02.635718,AUTOCORR_SAMPLE,Per-buffer autocorr result,freq=2113643467.6434677,peak=0.14188286662101746,peak2=0.11265314370393753,lag_off=-1.0,confirmed=False
2026-04-24T17:25:02.636526,AUTOCORR_SAMPLE,Per-buffer autocorr result,freq=2113643467.6434677,peak=0.17681551165878773,peak2=0.08687922544777393,lag_off=-6.0,confirmed=False
2026-04-24T17:25:02.650683,AUTOCORR_SAMPLE,Per-buffer autocorr result,freq=2113643467.6434677,peak=0.12205644650384784,peak2=0.04765449417755008,lag_off=2.0,confirmed=False
2026-04-24T17:25:02.650836,AUTOCORR_RESULT,autocorr classification,freq=2113643467.6434677,votes=0,total=10,score=0.0,confirmed=False
2026-04-24T17:25:02.686824,AUTOCORR_SAMPLE,Per-buffer autocorr result,freq=2142380952.3809524,peak=0.05558895319700241,peak2=-0.11481714993715286,lag_off=-4.0,confirmed=False
2026-04-24T17:25:02.703113,AUTOCORR_SAMPLE,Per-buffer autocorr result,freq=2142380952.3809524,peak=0.09232751093804836,peak2=0.10796371661126614,lag_off=-6.0,confirmed=False
2026-04-24T17:25:02.724916,AUTOCORR_SAMPLE,Per-buffer autocorr result,freq=2142380952.3809524,peak=0.04650363326072693,peak2=-0.03580947406589985,lag_off=3.0,confirmed=False
2026-04-24T17:25:02.725678,AUTOCORR_SAMPLE,Per-buffer autocorr result,freq=2142380952.3809524,peak=0.11938336119055748,peak2=0.12961195036768913,lag_off=2.0,confirmed=False
2026-04-24T17:25:02.749138,AUTOCORR_SAMPLE,Per-buffer autocorr result,freq=2142380952.3809524,peak=0.011737272143363953,peak2=-0.23804032802581787,lag_off=1.0,confirmed=False
2026-04-24T17:25:02.750090,AUTOCORR_SAMPLE,Per-buffer autocorr result,freq=2142380952.3809524,peak=0.22442292980849743,peak2=0.06799390353262424,lag_off=2.0,confirmed=False
2026-04-24T17:25:02.781542,AUTOCORR_SAMPLE,Per-buffer autocorr result,freq=2142380952.3809524,peak=-0.18696562014520168,peak2=-0.31741032004356384,lag_off=-5.0,confirmed=False
2026-04-24T17:25:02.786871,AUTOCORR_SAMPLE,Per-buffer autocorr result,freq=2142380952.3809524,peak=-0.0346630597487092,peak2=0.08863090816885233,lag_off=6.0,confirmed=False
2026-04-24T17:25:02.802814,AUTOCORR_SAMPLE,Per-buffer autocorr result,freq=2142380952.3809524,peak=-0.07824890315532684,peak2=-0.3326937109231949,lag_off=3.0,confirmed=False
2026-04-24T17:25:02.816784,AUTOCORR_SAMPLE,Per-buffer autocorr result,freq=2142380952.3809524,peak=0.09590867534279823,peak2=0.2143680341541767,lag_off=-3.0,confirmed=False
2026-04-24T17:25:02.816886,AUTOCORR_RESULT,autocorr classification,freq=2142380952.3809524,votes=0,total=10,score=0.0,confirmed=False
2026-04-24T17:25:02.843922,AUTOCORR_SAMPLE,Per-buffer autocorr result,freq=2164573870.5738707,peak=0.09232751093804836,peak2=0.10796371661126614,lag_off=-6.0,confirmed=False
2026-04-24T17:25:02.847241,AUTOCORR_SAMPLE,Per-buffer autocorr result,freq=2164573870.5738707,peak=0.021831221878528595,peak2=-0.03739808686077595,lag_off=2.0,confirmed=False
2026-04-24T17:25:02.850061,AUTOCORR_SAMPLE,Per-buffer autocorr result,freq=2164573870.5738707,peak=0.0766299213282764,peak2=0.09825982851907611,lag_off=-5.0,confirmed=False
2026-04-24T17:25:02.850912,AUTOCORR_SAMPLE,Per-buffer autocorr result,freq=2164573870.5738707,peak=-0.14606942236423492,peak2=-0.31732333451509476,lag_off=-4.0,confirmed=False
2026-04-24T17:25:02.853410,AUTOCORR_SAMPLE,Per-buffer autocorr result,freq=2164573870.5738707,peak=0.10124572739005089,peak2=0.08486581966280937,lag_off=-3.0,confirmed=False
2026-04-24T17:25:02.857895,AUTOCORR_SAMPLE,Per-buffer autocorr result,freq=2164573870.5738707,peak=0.09492593072354794,peak2=0.07026012055575848,lag_off=-3.0,confirmed=False
2026-04-24T17:25:02.858611,AUTOCORR_SAMPLE,Per-buffer autocorr result,freq=2164573870.5738707,peak=0.07747663976624608,peak2=0.06475179689005017,lag_off=3.0,confirmed=False
2026-04-24T17:25:02.866986,AUTOCORR_SAMPLE,Per-buffer autocorr result,freq=2164573870.5738707,peak=0.1981645179912448,peak2=0.03387968707829714,lag_off=3.0,confirmed=False
2026-04-24T17:25:02.867670,AUTOCORR_SAMPLE,Per-buffer autocorr result,freq=2164573870.5738707,peak=0.07740571722388268,peak2=0.032398685812950134,lag_off=6.0,confirmed=False
2026-04-24T17:25:02.883015,AUTOCORR_SAMPLE,Per-buffer autocorr result,freq=2164573870.5738707,peak=0.08113167528063059,peak2=0.07591899577528238,lag_off=2.0,confirmed=False
2026-04-24T17:25:02.883114,AUTOCORR_RESULT,autocorr classification,freq=2164573870.5738707,votes=0,total=10,score=0.0,confirmed=False
2026-04-24T17:25:02.985725,AUTOCORR_SAMPLE,Per-buffer autocorr result,freq=2187235653.2356534,peak=-0.14606942236423492,peak2=-0.31732333451509476,lag_off=-4.0,confirmed=False
2026-04-24T17:25:02.986655,AUTOCORR_SAMPLE,Per-buffer autocorr result,freq=2187235653.2356534,peak=0.113313939422369,peak2=0.07024356722831726,lag_off=-3.0,confirmed=False
2026-04-24T17:25:02.993372,AUTOCORR_SAMPLE,Per-buffer autocorr result,freq=2187235653.2356534,peak=0.1708050947636366,peak2=0.08123264275491238,lag_off=-6.0,confirmed=False
2026-04-24T17:25:03.002294,AUTOCORR_SAMPLE,Per-buffer autocorr result,freq=2187235653.2356534,peak=0.1473807878792286,peak2=0.06332194060087204,lag_off=4.0,confirmed=False
2026-04-24T17:25:03.009709,AUTOCORR_SAMPLE,Per-buffer autocorr result,freq=2187235653.2356534,peak=0.08976753614842892,peak2=0.10075966827571392,lag_off=6.0,confirmed=False
2026-04-24T17:25:03.010712,AUTOCORR_SAMPLE,Per-buffer autocorr result,freq=2187235653.2356534,peak=0.13243939727544785,peak2=0.055366937071084976,lag_off=-1.0,confirmed=False
2026-04-24T17:25:03.021040,AUTOCORR_SAMPLE,Per-buffer autocorr result,freq=2187235653.2356534,peak=0.08004048932343721,peak2=0.037198291160166264,lag_off=-3.0,confirmed=False
2026-04-24T17:25:03.026817,AUTOCORR_SAMPLE,Per-buffer autocorr result,freq=2187235653.2356534,peak=0.15946966037154198,peak2=0.08038776740431786,lag_off=5.0,confirmed=False
2026-04-24T17:25:03.027839,AUTOCORR_SAMPLE,Per-buffer autocorr result,freq=2187235653.2356534,peak=0.06726696903933771,peak2=0.07725121642579325,lag_off=4.0,confirmed=False
2026-04-24T17:25:03.032893,AUTOCORR_SAMPLE,Per-buffer autocorr result,freq=2187235653.2356534,peak=0.10482442378997803,peak2=0.06854517757892609,lag_off=-6.0,confirmed=False
2026-04-24T17:25:03.033079,AUTOCORR_RESULT,autocorr classification,freq=2187235653.2356534,votes=0,total=10,score=0.0,confirmed=False
2026-04-24T17:25:03.043575,AUTOCORR_SAMPLE,Per-buffer autocorr result,freq=2207352869.3528695,peak=0.10482442378997803,peak2=0.06854517757892609,lag_off=-6.0,confirmed=False
2026-04-24T17:25:03.046410,AUTOCORR_SAMPLE,Per-buffer autocorr result,freq=2207352869.3528695,peak=0.03690760489553213,peak2=0.026586568914353848,lag_off=-6.0,confirmed=False
2026-04-24T17:25:03.048648,AUTOCORR_SAMPLE,Per-buffer autocorr result,freq=2207352869.3528695,peak=0.12005445081740618,peak2=0.07851013261824846,lag_off=4.0,confirmed=False
2026-04-24T17:25:03.049340,AUTOCORR_SAMPLE,Per-buffer autocorr result,freq=2207352869.3528695,peak=0.1544324830174446,peak2=0.0632997527718544,lag_off=5.0,confirmed=False
2026-04-24T17:25:03.051535,AUTOCORR_SAMPLE,Per-buffer autocorr result,freq=2207352869.3528695,peak=0.12259468552656472,peak2=0.08820856478996575,lag_off=-4.0,confirmed=False
2026-04-24T17:25:03.052262,AUTOCORR_SAMPLE,Per-buffer autocorr result,freq=2207352869.3528695,peak=0.11006926302798092,peak2=0.0866720259655267,lag_off=4.0,confirmed=False
2026-04-24T17:25:03.054680,AUTOCORR_SAMPLE,Per-buffer autocorr result,freq=2207352869.3528695,peak=0.0904250186868012,peak2=0.07484953524544835,lag_off=1.0,confirmed=False
2026-04-24T17:25:03.057572,AUTOCORR_SAMPLE,Per-buffer autocorr result,freq=2207352869.3528695,peak=0.07633884681854397,peak2=0.06715107394848019,lag_off=4.0,confirmed=False
2026-04-24T17:25:03.058242,AUTOCORR_SAMPLE,Per-buffer autocorr result,freq=2207352869.3528695,peak=0.13883608393371105,peak2=0.058261459693312645,lag_off=5.0,confirmed=False
2026-04-24T17:25:03.058852,AUTOCORR_SAMPLE,Per-buffer autocorr result,freq=2207352869.3528695,peak=0.05897168908268213,peak2=0.031559416092932224,lag_off=-6.0,confirmed=False
2026-04-24T17:25:03.058964,AUTOCORR_RESULT,autocorr classification,freq=2207352869.3528695,votes=0,total=10,score=0.0,confirmed=False
2026-04-24T17:25:03.650783,AUTOCORR_SAMPLE,Per-buffer autocorr result,freq=2665123321.123321,peak=-0.29411614313721657,peak2=-0.5493147075176239,lag_off=-5.0,confirmed=False
2026-04-24T17:25:03.653291,AUTOCORR_SAMPLE,Per-buffer autocorr result,freq=2665123321.123321,peak=-0.39487627940252423,peak2=-0.7106165289878845,lag_off=-2.0,confirmed=False
2026-04-24T17:25:03.654387,AUTOCORR_SAMPLE,Per-buffer autocorr result,freq=2665123321.123321,peak=-0.25173623114824295,peak2=-0.09095225483179092,lag_off=-5.0,confirmed=False
2026-04-24T17:25:03.658324,AUTOCORR_SAMPLE,Per-buffer autocorr result,freq=2665123321.123321,peak=-0.4445187449455261,peak2=-0.3269237391650677,lag_off=-6.0,confirmed=False
2026-04-24T17:25:03.660966,AUTOCORR_SAMPLE,Per-buffer autocorr result,freq=2665123321.123321,peak=-0.2465776950120926,peak2=-0.1378285214304924,lag_off=-3.0,confirmed=False
2026-04-24T17:25:03.663524,AUTOCORR_SAMPLE,Per-buffer autocorr result,freq=2665123321.123321,peak=-0.19377476349473,peak2=-0.36559420824050903,lag_off=5.0,confirmed=False
2026-04-24T17:25:03.666068,AUTOCORR_SAMPLE,Per-buffer autocorr result,freq=2665123321.123321,peak=-0.049884647130966187,peak2=-0.009345851838588715,lag_off=-1.0,confirmed=False
2026-04-24T17:25:03.666895,AUTOCORR_SAMPLE,Per-buffer autocorr result,freq=2665123321.123321,peak=0.08718249379307963,peak2=0.07723272769362666,lag_off=1.0,confirmed=False
2026-04-24T17:25:03.669865,AUTOCORR_SAMPLE,Per-buffer autocorr result,freq=2665123321.123321,peak=0.09548582509160042,peak2=0.09012230113148689,lag_off=-6.0,confirmed=False
2026-04-24T17:25:03.670988,AUTOCORR_SAMPLE,Per-buffer autocorr result,freq=2665123321.123321,peak=-0.17455118894577026,peak2=-0.47787629067897797,lag_off=-6.0,confirmed=False
2026-04-24T17:25:03.673483,AUTOCORR_RESULT,autocorr classification,freq=2665123321.123321,votes=0,total=10,score=0.0,confirmed=False
2026-04-24T17:25:05.335453,AUTOCORR_SAMPLE,Per-buffer autocorr result,freq=3944947496.947497,peak=0.10600707051344216,peak2=0.05576200527139008,lag_off=-1.0,confirmed=False
2026-04-24T17:25:05.338670,AUTOCORR_SAMPLE,Per-buffer autocorr result,freq=3944947496.947497,peak=0.1521480493247509,peak2=0.027670808136463165,lag_off=-5.0,confirmed=False
2026-04-24T17:25:05.339418,AUTOCORR_SAMPLE,Per-buffer autocorr result,freq=3944947496.947497,peak=0.08143236953765154,peak2=0.0649747671559453,lag_off=6.0,confirmed=False
2026-04-24T17:25:05.342690,AUTOCORR_SAMPLE,Per-buffer autocorr result,freq=3944947496.947497,peak=0.049044933170080185,peak2=0.04494370147585869,lag_off=-4.0,confirmed=False
2026-04-24T17:25:05.343471,AUTOCORR_SAMPLE,Per-buffer autocorr result,freq=3944947496.947497,peak=0.10817986773326993,peak2=0.06652934895828366,lag_off=-2.0,confirmed=False
2026-04-24T17:25:05.346406,AUTOCORR_SAMPLE,Per-buffer autocorr result,freq=3944947496.947497,peak=0.08898105658590794,peak2=0.09296494908630848,lag_off=-5.0,confirmed=False
2026-04-24T17:25:05.347084,AUTOCORR_SAMPLE,Per-buffer autocorr result,freq=3944947496.947497,peak=0.12437717820284888,peak2=0.08383994753239676,lag_off=3.0,confirmed=False
2026-04-24T17:25:05.350445,AUTOCORR_SAMPLE,Per-buffer autocorr result,freq=3944947496.947497,peak=0.1536585243884474,peak2=0.060456358129158616,lag_off=6.0,confirmed=False
2026-04-24T17:25:05.353732,AUTOCORR_SAMPLE,Per-buffer autocorr result,freq=3944947496.947497,peak=0.07297307765111327,peak2=0.06556261098012328,lag_off=-3.0,confirmed=False
2026-04-24T17:25:05.354583,AUTOCORR_SAMPLE,Per-buffer autocorr result,freq=3944947496.947497,peak=0.07391593232750893,peak2=-0.0032281186431646347,lag_off=0.0,confirmed=False
2026-04-24T17:25:05.354711,AUTOCORR_RESULT,autocorr classification,freq=3944947496.947497,votes=0,total=10,score=0.0,confirmed=False
2026-04-24T17:25:05.636949,AUTOCORR_SAMPLE,Per-buffer autocorr result,freq=4143255189.2551894,peak=0.05817268742248416,peak2=0.03617297438904643,lag_off=-4.0,confirmed=False
2026-04-24T17:25:05.639833,AUTOCORR_SAMPLE,Per-buffer autocorr result,freq=4143255189.2551894,peak=0.12681476026773453,peak2=0.08184875920414925,lag_off=-4.0,confirmed=False
2026-04-24T17:25:05.640529,AUTOCORR_SAMPLE,Per-buffer autocorr result,freq=4143255189.2551894,peak=0.04905318166129291,peak2=0.03363778884522617,lag_off=-4.0,confirmed=False
2026-04-24T17:25:05.643277,AUTOCORR_SAMPLE,Per-buffer autocorr result,freq=4143255189.2551894,peak=0.004579454660415649,peak2=0.11013864167034626,lag_off=5.0,confirmed=False
2026-04-24T17:25:05.643938,AUTOCORR_SAMPLE,Per-buffer autocorr result,freq=4143255189.2551894,peak=0.03885513264685869,peak2=0.22255233023315668,lag_off=-2.0,confirmed=False
2026-04-24T17:25:05.646474,AUTOCORR_SAMPLE,Per-buffer autocorr result,freq=4143255189.2551894,peak=0.21935383463278413,peak2=0.03669604891911149,lag_off=4.0,confirmed=False
2026-04-24T17:25:05.647321,AUTOCORR_SAMPLE,Per-buffer autocorr result,freq=4143255189.2551894,peak=0.09988477674778551,peak2=0.0628209545975551,lag_off=5.0,confirmed=False
2026-04-24T17:25:05.650056,AUTOCORR_SAMPLE,Per-buffer autocorr result,freq=4143255189.2551894,peak=0.1358360182493925,peak2=0.08404566906392574,lag_off=-1.0,confirmed=False
2026-04-24T17:25:05.652755,AUTOCORR_SAMPLE,Per-buffer autocorr result,freq=4143255189.2551894,peak=0.09192568715661764,peak2=0.11312554683536291,lag_off=-1.0,confirmed=False
2026-04-24T17:25:05.653543,AUTOCORR_SAMPLE,Per-buffer autocorr result,freq=4143255189.2551894,peak=0.06440021353773773,peak2=0.050613469211384654,lag_off=-6.0,confirmed=False
2026-04-24T17:25:05.653693,AUTOCORR_RESULT,autocorr classification,freq=4143255189.2551894,votes=0,total=10,score=0.0,confirmed=False
2026-04-24T17:25:05.699154,AUTOCORR_SAMPLE,Per-buffer autocorr result,freq=4175260073.260073,peak=0.040163644414860755,peak2=0.028318919998127967,lag_off=2.0,confirmed=False
2026-04-24T17:25:05.702162,AUTOCORR_SAMPLE,Per-buffer autocorr result,freq=4175260073.260073,peak=0.13031147979199886,peak2=0.028956834226846695,lag_off=0.0,confirmed=False
2026-04-24T17:25:05.704868,AUTOCORR_SAMPLE,Per-buffer autocorr result,freq=4175260073.260073,peak=0.08588463673368096,peak2=0.09361595520749688,lag_off=-6.0,confirmed=False
2026-04-24T17:25:05.708441,AUTOCORR_SAMPLE,Per-buffer autocorr result,freq=4175260073.260073,peak=0.018010002560913563,peak2=0.016693647019565105,lag_off=-6.0,confirmed=False
2026-04-24T17:25:05.709307,AUTOCORR_SAMPLE,Per-buffer autocorr result,freq=4175260073.260073,peak=0.07905943086370826,peak2=0.023493512999266386,lag_off=0.0,confirmed=False
2026-04-24T17:25:05.711856,AUTOCORR_SAMPLE,Per-buffer autocorr result,freq=4175260073.260073,peak=0.053758980706334114,peak2=0.06973463483154774,lag_off=-1.0,confirmed=False
2026-04-24T17:25:05.712680,AUTOCORR_SAMPLE,Per-buffer autocorr result,freq=4175260073.260073,peak=-0.1764567312784493,peak2=-0.25430208444595337,lag_off=-6.0,confirmed=False
2026-04-24T17:25:05.715090,AUTOCORR_SAMPLE,Per-buffer autocorr result,freq=4175260073.260073,peak=0.04252866515889764,peak2=0.05596438655629754,lag_off=-6.0,confirmed=False
2026-04-24T17:25:05.717705,AUTOCORR_SAMPLE,Per-buffer autocorr result,freq=4175260073.260073,peak=0.02305950573645532,peak2=0.1722245269920677,lag_off=-5.0,confirmed=False
2026-04-24T17:25:05.720589,AUTOCORR_SAMPLE,Per-buffer autocorr result,freq=4175260073.260073,peak=0.11379072489216924,peak2=0.07261763187125325,lag_off=3.0,confirmed=False
2026-04-24T17:25:05.720739,AUTOCORR_RESULT,autocorr classification,freq=4175260073.260073,votes=0,total=10,score=0.0,confirmed=False
2026-04-24T17:25:06.735210,AUTOCORR_SAMPLE,Per-buffer autocorr result,freq=4986510378.510379,peak=0.09258348122239113,peak2=0.0763680599629879,lag_off=5.0,confirmed=False
2026-04-24T17:25:06.738604,AUTOCORR_SAMPLE,Per-buffer autocorr result,freq=4986510378.510379,peak=0.0576180424541235,peak2=0.030271833762526512,lag_off=-3.0,confirmed=False
2026-04-24T17:25:06.739565,AUTOCORR_SAMPLE,Per-buffer autocorr result,freq=4986510378.510379,peak=0.1266124986577779,peak2=0.05277359043247998,lag_off=-5.0,confirmed=False
2026-04-24T17:25:06.742776,AUTOCORR_SAMPLE,Per-buffer autocorr result,freq=4986510378.510379,peak=0.15936979989055544,peak2=0.05959405342582613,lag_off=-4.0,confirmed=False
2026-04-24T17:25:06.743689,AUTOCORR_SAMPLE,Per-buffer autocorr result,freq=4986510378.510379,peak=0.2540709413588047,peak2=0.0776989683508873,lag_off=-5.0,confirmed=False
2026-04-24T17:25:06.746563,AUTOCORR_SAMPLE,Per-buffer autocorr result,freq=4986510378.510379,peak=0.05571604473516345,peak2=0.08903353987261653,lag_off=5.0,confirmed=False
2026-04-24T17:25:06.747342,AUTOCORR_SAMPLE,Per-buffer autocorr result,freq=4986510378.510379,peak=0.0787484459578991,peak2=0.0524427592754364,lag_off=1.0,confirmed=False
2026-04-24T17:25:06.750439,AUTOCORR_SAMPLE,Per-buffer autocorr result,freq=4986510378.510379,peak=0.14407631568610668,peak2=0.08245950751006603,lag_off=-6.0,confirmed=False
2026-04-24T17:25:06.751390,AUTOCORR_SAMPLE,Per-buffer autocorr result,freq=4986510378.510379,peak=0.13367953337728977,peak2=0.10223940946161747,lag_off=-6.0,confirmed=False
2026-04-24T17:25:06.755105,AUTOCORR_SAMPLE,Per-buffer autocorr result,freq=4986510378.510379,peak=0.06078723189420998,peak2=0.05948372674174607,lag_off=4.0,confirmed=False
2026-04-24T17:25:06.755270,AUTOCORR_RESULT,autocorr classification,freq=4986510378.510379,votes=0,total=10,score=0.0,confirmed=False
2026-04-24T17:25:06.775470,AUTOCORR_SAMPLE,Per-buffer autocorr result,freq=5004510378.510379,peak=0.0576180424541235,peak2=0.030271833762526512,lag_off=-3.0,confirmed=False
2026-04-24T17:25:06.776172,AUTOCORR_SAMPLE,Per-buffer autocorr result,freq=5004510378.510379,peak=0.05145497806370258,peak2=0.03796360455453396,lag_off=3.0,confirmed=False
2026-04-24T17:25:06.779335,AUTOCORR_SAMPLE,Per-buffer autocorr result,freq=5004510378.510379,peak=0.139961501583457,peak2=0.07114213518798351,lag_off=5.0,confirmed=False
2026-04-24T17:25:06.782291,AUTOCORR_SAMPLE,Per-buffer autocorr result,freq=5004510378.510379,peak=0.1148262694478035,peak2=0.10029856860637665,lag_off=-2.0,confirmed=False
2026-04-24T17:25:06.785473,AUTOCORR_SAMPLE,Per-buffer autocorr result,freq=5004510378.510379,peak=0.09941739775240421,peak2=0.0711952243000269,lag_off=-6.0,confirmed=False
2026-04-24T17:25:06.786250,AUTOCORR_SAMPLE,Per-buffer autocorr result,freq=5004510378.510379,peak=0.11382428742945194,peak2=0.03905327245593071,lag_off=5.0,confirmed=False
2026-04-24T17:25:06.786917,AUTOCORR_SAMPLE,Per-buffer autocorr result,freq=5004510378.510379,peak=0.09665231686085463,peak2=0.03436215315014124,lag_off=2.0,confirmed=False
2026-04-24T17:25:06.790957,AUTOCORR_SAMPLE,Per-buffer autocorr result,freq=5004510378.510379,peak=0.13708782475441694,peak2=0.04753012862056494,lag_off=-1.0,confirmed=False
2026-04-24T17:25:06.795035,AUTOCORR_SAMPLE,Per-buffer autocorr result,freq=5004510378.510379,peak=0.1462791282683611,peak2=0.0858317855745554,lag_off=-4.0,confirmed=False
2026-04-24T17:25:06.795900,AUTOCORR_SAMPLE,Per-buffer autocorr result,freq=5004510378.510379,peak=0.16689559537917376,peak2=0.04709151852875948,lag_off=-3.0,confirmed=False
2026-04-24T17:25:06.795981,AUTOCORR_RESULT,autocorr classification,freq=5004510378.510379,votes=0,total=10,score=0.0,confirmed=False
2026-04-24T17:25:06.813982,AUTOCORR_SAMPLE,Per-buffer autocorr result,freq=5023299145.299145,peak=0.05145497806370258,peak2=0.03796360455453396,lag_off=3.0,confirmed=False
2026-04-24T17:25:06.816462,AUTOCORR_SAMPLE,Per-buffer autocorr result,freq=5023299145.299145,peak=0.04548664204776287,peak2=0.05991966463625431,lag_off=1.0,confirmed=False
2026-04-24T17:25:06.817239,AUTOCORR_SAMPLE,Per-buffer autocorr result,freq=5023299145.299145,peak=0.06727082096040249,peak2=0.10306351818144321,lag_off=1.0,confirmed=False
2026-04-24T17:25:06.819815,AUTOCORR_SAMPLE,Per-buffer autocorr result,freq=5023299145.299145,peak=0.13739623920992017,peak2=0.04340938525274396,lag_off=-5.0,confirmed=False
2026-04-24T17:25:06.820667,AUTOCORR_SAMPLE,Per-buffer autocorr result,freq=5023299145.299145,peak=0.09751843009144068,peak2=0.04783335793763399,lag_off=6.0,confirmed=False
2026-04-24T17:25:06.823364,AUTOCORR_SAMPLE,Per-buffer autocorr result,freq=5023299145.299145,peak=0.13721854332834482,peak2=0.055847165174782276,lag_off=-4.0,confirmed=False
2026-04-24T17:25:06.826781,AUTOCORR_SAMPLE,Per-buffer autocorr result,freq=5023299145.299145,peak=0.1389010502025485,peak2=0.11977588664740324,lag_off=0.0,confirmed=False
2026-04-24T17:25:06.827467,AUTOCORR_SAMPLE,Per-buffer autocorr result,freq=5023299145.299145,peak=0.13377661257982254,peak2=0.006667716428637505,lag_off=6.0,confirmed=False
2026-04-24T17:25:06.828123,AUTOCORR_SAMPLE,Per-buffer autocorr result,freq=5023299145.299145,peak=0.024001314013730735,peak2=0.17723774415208027,lag_off=4.0,confirmed=False
2026-04-24T17:25:06.832509,AUTOCORR_SAMPLE,Per-buffer autocorr result,freq=5023299145.299145,peak=0.06959011079743505,peak2=0.036744833458215,lag_off=-6.0,confirmed=False
2026-04-24T17:25:06.832636,AUTOCORR_RESULT,autocorr classification,freq=5023299145.299145,votes=0,total=10,score=0.0,confirmed=False
2026-04-24T17:25:06.859665,AUTOCORR_SAMPLE,Per-buffer autocorr result,freq=5036891330.891331,peak=0.08172093634493649,peak2=0.0036926280954503454,lag_off=-2.0,confirmed=False
2026-04-24T17:25:06.863526,AUTOCORR_SAMPLE,Per-buffer autocorr result,freq=5036891330.891331,peak=0.08227363228797913,peak2=0.10161297768354416,lag_off=-2.0,confirmed=False
2026-04-24T17:25:06.864276,AUTOCORR_SAMPLE,Per-buffer autocorr result,freq=5036891330.891331,peak=0.07950300676748157,peak2=0.0522829326801002,lag_off=2.0,confirmed=False
2026-04-24T17:25:06.868522,AUTOCORR_SAMPLE,Per-buffer autocorr result,freq=5036891330.891331,peak=0.06421560700982809,peak2=0.06666529085487127,lag_off=4.0,confirmed=False
2026-04-24T17:25:06.872434,AUTOCORR_SAMPLE,Per-buffer autocorr result,freq=5036891330.891331,peak=0.14755217730998993,peak2=-0.027652384713292122,lag_off=3.0,confirmed=False
2026-04-24T17:25:06.873600,AUTOCORR_SAMPLE,Per-buffer autocorr result,freq=5036891330.891331,peak=0.09787657321430743,peak2=0.10824783355928957,lag_off=5.0,confirmed=False
2026-04-24T17:25:06.877930,AUTOCORR_SAMPLE,Per-buffer autocorr result,freq=5036891330.891331,peak=0.10970094846561551,peak2=0.05126068415120244,lag_off=5.0,confirmed=False
2026-04-24T17:25:06.881226,AUTOCORR_SAMPLE,Per-buffer autocorr result,freq=5036891330.891331,peak=0.12199432961642742,peak2=0.05253410153090954,lag_off=1.0,confirmed=False
2026-04-24T17:25:06.882130,AUTOCORR_SAMPLE,Per-buffer autocorr result,freq=5036891330.891331,peak=0.08221042715013027,peak2=0.11211470328271389,lag_off=-3.0,confirmed=False
2026-04-24T17:25:06.884948,AUTOCORR_SAMPLE,Per-buffer autocorr result,freq=5036891330.891331,peak=0.10951971355825663,peak2=0.056685117073357105,lag_off=3.0,confirmed=False
2026-04-24T17:25:06.885047,AUTOCORR_RESULT,autocorr classification,freq=5036891330.891331,votes=0,total=10,score=0.0,confirmed=False
2026-04-24T17:25:06.897908,AUTOCORR_SAMPLE,Per-buffer autocorr result,freq=5055147741.147741,peak=0.08227363228797913,peak2=0.10161297768354416,lag_off=-2.0,confirmed=False
2026-04-24T17:25:06.900653,AUTOCORR_SAMPLE,Per-buffer autocorr result,freq=5055147741.147741,peak=0.08753191604046151,peak2=0.13750723673729226,lag_off=-1.0,confirmed=False
2026-04-24T17:25:06.901352,AUTOCORR_SAMPLE,Per-buffer autocorr result,freq=5055147741.147741,peak=0.02075683558359742,peak2=0.06051943637430668,lag_off=4.0,confirmed=False
2026-04-24T17:25:06.904421,AUTOCORR_SAMPLE,Per-buffer autocorr result,freq=5055147741.147741,peak=0.03915350837633014,peak2=0.02024209639057517,lag_off=-1.0,confirmed=False
2026-04-24T17:25:06.905255,AUTOCORR_SAMPLE,Per-buffer autocorr result,freq=5055147741.147741,peak=0.12743790913373232,peak2=0.07898829597979784,lag_off=2.0,confirmed=False
2026-04-24T17:25:06.908198,AUTOCORR_SAMPLE,Per-buffer autocorr result,freq=5055147741.147741,peak=0.12497932533733547,peak2=0.05872856150381267,lag_off=0.0,confirmed=False
2026-04-24T17:25:06.910811,AUTOCORR_SAMPLE,Per-buffer autocorr result,freq=5055147741.147741,peak=0.1672022407874465,peak2=0.02448247279971838,lag_off=3.0,confirmed=False
2026-04-24T17:25:06.913585,AUTOCORR_SAMPLE,Per-buffer autocorr result,freq=5055147741.147741,peak=0.12214421620592475,peak2=0.1473782672546804,lag_off=-5.0,confirmed=False
2026-04-24T17:25:06.914366,AUTOCORR_SAMPLE,Per-buffer autocorr result,freq=5055147741.147741,peak=0.05000613443553448,peak2=0.11355847679078579,lag_off=3.0,confirmed=False
2026-04-24T17:25:06.915042,AUTOCORR_SAMPLE,Per-buffer autocorr result,freq=5055147741.147741,peak=0.00012554129352793097,peak2=0.0002747545950114727,lag_off=6.0,confirmed=False
2026-04-24T17:25:06.917229,AUTOCORR_RESULT,autocorr classification,freq=5055147741.147741,votes=0,total=10,score=0.0,confirmed=False
2026-04-24T17:25:06.931725,AUTOCORR_SAMPLE,Per-buffer autocorr result,freq=5083313797.313797,peak=0.08753191604046151,peak2=0.13750723673729226,lag_off=-1.0,confirmed=False
2026-04-24T17:25:06.934859,AUTOCORR_SAMPLE,Per-buffer autocorr result,freq=5083313797.313797,peak=0.13238085061311722,peak2=0.17517109215259552,lag_off=-3.0,confirmed=False
2026-04-24T17:25:06.935759,AUTOCORR_SAMPLE,Per-buffer autocorr result,freq=5083313797.313797,peak=0.10276168771088123,peak2=0.09833475388586521,lag_off=-2.0,confirmed=False
2026-04-24T17:25:06.939011,AUTOCORR_SAMPLE,Per-buffer autocorr result,freq=5083313797.313797,peak=0.10150244925171137,peak2=0.0647221365943551,lag_off=3.0,confirmed=False
2026-04-24T17:25:06.939925,AUTOCORR_SAMPLE,Per-buffer autocorr result,freq=5083313797.313797,peak=0.10169153707101941,peak2=0.03169969888404012,lag_off=1.0,confirmed=False
2026-04-24T17:25:06.945861,AUTOCORR_SAMPLE,Per-buffer autocorr result,freq=5083313797.313797,peak=0.08507694790023379,peak2=0.1138058353390079,lag_off=-2.0,confirmed=False
2026-04-24T17:25:06.946674,AUTOCORR_SAMPLE,Per-buffer autocorr result,freq=5083313797.313797,peak=0.036710850428789854,peak2=0.10357430158182979,lag_off=1.0,confirmed=False
2026-04-24T17:25:06.949702,AUTOCORR_SAMPLE,Per-buffer autocorr result,freq=5083313797.313797,peak=0.1525987982749939,peak2=0.09868866950273514,lag_off=0.0,confirmed=False
2026-04-24T17:25:06.950371,AUTOCORR_SAMPLE,Per-buffer autocorr result,freq=5083313797.313797,peak=0.10356131661683321,peak2=0.0723985405638814,lag_off=4.0,confirmed=False
2026-04-24T17:25:06.953406,AUTOCORR_SAMPLE,Per-buffer autocorr result,freq=5083313797.313797,peak=0.15945122949779034,peak2=0.07333090715110302,lag_off=-2.0,confirmed=False
2026-04-24T17:25:06.953517,AUTOCORR_RESULT,autocorr classification,freq=5083313797.313797,votes=0,total=10,score=0.0,confirmed=False
